<?xml version="1.0" encoding="UTF-8"?>
<testsuite name="com.rickhanberryfinal.config.ResourceConfig_ESTest" time="0.644" tests="2" errors="2" skipped="0" failures="0">
  <properties>
    <property name="java.runtime.name" value="Java(TM) SE Runtime Environment"/>
    <property name="sun.boot.library.path" value="/Library/Java/JavaVirtualMachines/jdk1.8.0_65.jdk/Contents/Home/jre/lib"/>
    <property name="java.vm.version" value="25.65-b01"/>
    <property name="gopherProxySet" value="false"/>
    <property name="cores" value="2"/>
    <property name="java.vm.vendor" value="Oracle Corporation"/>
    <property name="maven.multiModuleProjectDirectory" value="/Users/rhanberry/Desktop/rickhfinprojblank/hanberryfinalexpresso"/>
    <property name="java.vendor.url" value="http://java.oracle.com/"/>
    <property name="path.separator" value=":"/>
    <property name="guice.disable.misplaced.annotation.check" value="true"/>
    <property name="java.vm.name" value="Java HotSpot(TM) 64-Bit Server VM"/>
    <property name="file.encoding.pkg" value="sun.io"/>
    <property name="user.country" value="US"/>
    <property name="sun.java.launcher" value="SUN_STANDARD"/>
    <property name="sun.os.patch.level" value="unknown"/>
    <property name="java.vm.specification.name" value="Java Virtual Machine Specification"/>
    <property name="user.dir" value="/Users/rhanberry/Desktop/rickhfinprojblank/hanberryfinalexpresso"/>
    <property name="java.runtime.version" value="1.8.0_65-b17"/>
    <property name="java.awt.graphicsenv" value="sun.awt.CGraphicsEnvironment"/>
    <property name="java.endorsed.dirs" value="/Library/Java/JavaVirtualMachines/jdk1.8.0_65.jdk/Contents/Home/jre/lib/endorsed"/>
    <property name="os.arch" value="x86_64"/>
    <property name="java.io.tmpdir" value="/var/folders/rx/tf_0j07j3lxgm_pk03cb4zbc0000gn/T/"/>
    <property name="line.separator" value="&#10;"/>
    <property name="java.vm.specification.vendor" value="Oracle Corporation"/>
    <property name="os.name" value="Mac OS X"/>
    <property name="classworlds.conf" value="/usr/local/Cellar/maven/3.3.9/libexec/bin/m2.conf"/>
    <property name="sun.jnu.encoding" value="UTF-8"/>
    <property name="java.library.path" value="/Users/rhanberry/Library/Java/Extensions:/Library/Java/Extensions:/Network/Library/Java/Extensions:/System/Library/Java/Extensions:/usr/lib/java:."/>
    <property name="java.specification.name" value="Java Platform API Specification"/>
    <property name="java.class.version" value="52.0"/>
    <property name="sun.management.compiler" value="HotSpot 64-Bit Tiered Compilers"/>
    <property name="os.version" value="10.11.2"/>
    <property name="http.nonProxyHosts" value="local|*.local|169.254/16|*.169.254/16"/>
    <property name="user.home" value="/Users/rhanberry"/>
    <property name="user.timezone" value="America/Los_Angeles"/>
    <property name="java.awt.printerjob" value="sun.lwawt.macosx.CPrinterJob"/>
    <property name="memoryInMB" value="2000"/>
    <property name="java.specification.version" value="1.8"/>
    <property name="file.encoding" value="UTF-8"/>
    <property name="user.name" value="rhanberry"/>
    <property name="java.class.path" value="/usr/local/Cellar/maven/3.3.9/libexec/boot/plexus-classworlds-2.5.2.jar"/>
    <property name="java.vm.specification.version" value="1.8"/>
    <property name="sun.arch.data.model" value="64"/>
    <property name="java.home" value="/Library/Java/JavaVirtualMachines/jdk1.8.0_65.jdk/Contents/Home/jre"/>
    <property name="sun.java.command" value="org.codehaus.plexus.classworlds.launcher.Launcher -DmemoryInMB=2000 -Dcores=2 evosuite:generate evosuite:export test"/>
    <property name="java.specification.vendor" value="Oracle Corporation"/>
    <property name="user.language" value="en"/>
    <property name="awt.toolkit" value="sun.lwawt.macosx.LWCToolkit"/>
    <property name="java.vm.info" value="mixed mode"/>
    <property name="java.version" value="1.8.0_65"/>
    <property name="java.ext.dirs" value="/Users/rhanberry/Library/Java/Extensions:/Library/Java/JavaVirtualMachines/jdk1.8.0_65.jdk/Contents/Home/jre/lib/ext:/Library/Java/Extensions:/Network/Library/Java/Extensions:/System/Library/Java/Extensions:/usr/lib/java"/>
    <property name="sun.boot.class.path" value="/Library/Java/JavaVirtualMachines/jdk1.8.0_65.jdk/Contents/Home/jre/lib/resources.jar:/Library/Java/JavaVirtualMachines/jdk1.8.0_65.jdk/Contents/Home/jre/lib/rt.jar:/Library/Java/JavaVirtualMachines/jdk1.8.0_65.jdk/Contents/Home/jre/lib/sunrsasign.jar:/Library/Java/JavaVirtualMachines/jdk1.8.0_65.jdk/Contents/Home/jre/lib/jsse.jar:/Library/Java/JavaVirtualMachines/jdk1.8.0_65.jdk/Contents/Home/jre/lib/jce.jar:/Library/Java/JavaVirtualMachines/jdk1.8.0_65.jdk/Contents/Home/jre/lib/charsets.jar:/Library/Java/JavaVirtualMachines/jdk1.8.0_65.jdk/Contents/Home/jre/lib/jfr.jar:/Library/Java/JavaVirtualMachines/jdk1.8.0_65.jdk/Contents/Home/jre/classes"/>
    <property name="java.vendor" value="Oracle Corporation"/>
    <property name="maven.home" value="/usr/local/Cellar/maven/3.3.9/libexec"/>
    <property name="file.separator" value="/"/>
    <property name="java.vendor.url.bug" value="http://bugreport.sun.com/bugreport/"/>
    <property name="sun.cpu.endian" value="little"/>
    <property name="sun.io.unicode.encoding" value="UnicodeBig"/>
    <property name="socksNonProxyHosts" value="local|*.local|169.254/16|*.169.254/16"/>
    <property name="ftp.nonProxyHosts" value="local|*.local|169.254/16|*.169.254/16"/>
    <property name="sun.cpu.isalist" value=""/>
  </properties>
  <testcase name="test1" classname="com.rickhanberryfinal.config.ResourceConfig_ESTest" time="0.578">
    <error message="com/rickhanberryfinal/config/ResourceConfig" type="java.lang.NoClassDefFoundError">java.lang.NoClassDefFoundError: com/rickhanberryfinal/config/ResourceConfig
	at java.lang.ClassLoader.defineClass1(Native Method)
	at java.lang.ClassLoader.defineClass(ClassLoader.java:760)
	at java.lang.ClassLoader.defineClass(ClassLoader.java:642)
	at org.evosuite.runtime.instrumentation.EvoClassLoader.instrumentClass(EvoClassLoader.java:116)
	at org.evosuite.runtime.instrumentation.EvoClassLoader.loadClass(EvoClassLoader.java:92)
	at java.lang.ClassLoader.defineClass1(Native Method)
	at java.lang.ClassLoader.defineClass(ClassLoader.java:760)
	at java.lang.ClassLoader.defineClass(ClassLoader.java:642)
	at org.evosuite.runtime.instrumentation.EvoClassLoader.instrumentClass(EvoClassLoader.java:116)
	at org.evosuite.runtime.instrumentation.EvoClassLoader.loadClass(EvoClassLoader.java:92)
	at com.rickhanberryfinal.config.ResourceConfig_ESTest.test1(ResourceConfig_ESTest.java:39)
</error>
    <system-out><![CDATA[Executing org.evosuite.runtime.InitializingListener
23:36:01.504 [main] INFO  o.evosuite.runtime.agent.AgentLoader - dynamically loading javaagent
23:36:01.520 [main] INFO  o.evosuite.runtime.agent.AgentLoader - Using JavaAgent in /Users/rhanberry/.m2/repository/org/evosuite/evosuite-standalone-runtime/1.0.3/evosuite-standalone-runtime-1.0.3.jar
23:36:01.525 [main] INFO  o.evosuite.runtime.agent.AgentLoader - Classpath: /Users/rhanberry/Desktop/rickhfinprojblank/hanberryfinalexpresso/target/test-classes:/Users/rhanberry/Desktop/rickhfinprojblank/hanberryfinalexpresso/target/classes:/Users/rhanberry/.m2/repository/javax/inject/javax.inject/1/javax.inject-1.jar:/Users/rhanberry/.m2/repository/org/springframework/boot/spring-boot-starter-web/1.3.2.RELEASE/spring-boot-starter-web-1.3.2.RELEASE.jar:/Users/rhanberry/.m2/repository/org/springframework/boot/spring-boot-starter/1.3.2.RELEASE/spring-boot-starter-1.3.2.RELEASE.jar:/Users/rhanberry/.m2/repository/org/springframework/boot/spring-boot/1.3.2.RELEASE/spring-boot-1.3.2.RELEASE.jar:/Users/rhanberry/.m2/repository/org/springframework/boot/spring-boot-autoconfigure/1.3.2.RELEASE/spring-boot-autoconfigure-1.3.2.RELEASE.jar:/Users/rhanberry/.m2/repository/org/springframework/boot/spring-boot-starter-logging/1.3.2.RELEASE/spring-boot-starter-logging-1.3.2.RELEASE.jar:/Users/rhanberry/.m2/repository/ch/qos/logback/logback-classic/1.1.3/logback-classic-1.1.3.jar:/Users/rhanberry/.m2/repository/ch/qos/logback/logback-core/1.1.3/logback-core-1.1.3.jar:/Users/rhanberry/.m2/repository/org/slf4j/jul-to-slf4j/1.7.13/jul-to-slf4j-1.7.13.jar:/Users/rhanberry/.m2/repository/org/slf4j/log4j-over-slf4j/1.7.13/log4j-over-slf4j-1.7.13.jar:/Users/rhanberry/.m2/repository/org/yaml/snakeyaml/1.16/snakeyaml-1.16.jar:/Users/rhanberry/.m2/repository/org/springframework/boot/spring-boot-starter-tomcat/1.3.2.RELEASE/spring-boot-starter-tomcat-1.3.2.RELEASE.jar:/Users/rhanberry/.m2/repository/org/apache/tomcat/embed/tomcat-embed-core/8.0.30/tomcat-embed-core-8.0.30.jar:/Users/rhanberry/.m2/repository/org/apache/tomcat/embed/tomcat-embed-el/8.0.30/tomcat-embed-el-8.0.30.jar:/Users/rhanberry/.m2/repository/org/apache/tomcat/embed/tomcat-embed-logging-juli/8.0.30/tomcat-embed-logging-juli-8.0.30.jar:/Users/rhanberry/.m2/repository/org/apache/tomcat/embed/tomcat-embed-websocket/8.0.30/tomcat-embed-websocket-8.0.30.jar:/Users/rhanberry/.m2/repository/org/springframework/boot/spring-boot-starter-validation/1.3.2.RELEASE/spring-boot-starter-validation-1.3.2.RELEASE.jar:/Users/rhanberry/.m2/repository/org/hibernate/hibernate-validator/5.2.2.Final/hibernate-validator-5.2.2.Final.jar:/Users/rhanberry/.m2/repository/javax/validation/validation-api/1.1.0.Final/validation-api-1.1.0.Final.jar:/Users/rhanberry/.m2/repository/com/fasterxml/classmate/1.1.0/classmate-1.1.0.jar:/Users/rhanberry/.m2/repository/com/fasterxml/jackson/core/jackson-databind/2.6.5/jackson-databind-2.6.5.jar:/Users/rhanberry/.m2/repository/com/fasterxml/jackson/core/jackson-annotations/2.6.5/jackson-annotations-2.6.5.jar:/Users/rhanberry/.m2/repository/com/fasterxml/jackson/core/jackson-core/2.6.5/jackson-core-2.6.5.jar:/Users/rhanberry/.m2/repository/org/springframework/spring-web/4.2.4.RELEASE/spring-web-4.2.4.RELEASE.jar:/Users/rhanberry/.m2/repository/org/springframework/spring-aop/4.2.4.RELEASE/spring-aop-4.2.4.RELEASE.jar:/Users/rhanberry/.m2/repository/aopalliance/aopalliance/1.0/aopalliance-1.0.jar:/Users/rhanberry/.m2/repository/org/springframework/spring-beans/4.2.4.RELEASE/spring-beans-4.2.4.RELEASE.jar:/Users/rhanberry/.m2/repository/org/springframework/spring-context/4.2.4.RELEASE/spring-context-4.2.4.RELEASE.jar:/Users/rhanberry/.m2/repository/org/springframework/spring-webmvc/4.2.4.RELEASE/spring-webmvc-4.2.4.RELEASE.jar:/Users/rhanberry/.m2/repository/org/springframework/spring-expression/4.2.4.RELEASE/spring-expression-4.2.4.RELEASE.jar:/Users/rhanberry/.m2/repository/org/springframework/boot/spring-boot-starter-data-jpa/1.3.2.RELEASE/spring-boot-starter-data-jpa-1.3.2.RELEASE.jar:/Users/rhanberry/.m2/repository/org/springframework/boot/spring-boot-starter-aop/1.3.2.RELEASE/spring-boot-starter-aop-1.3.2.RELEASE.jar:/Users/rhanberry/.m2/repository/org/aspectj/aspectjweaver/1.8.8/aspectjweaver-1.8.8.jar:/Users/rhanberry/.m2/repository/javax/transaction/javax.transaction-api/1.2/javax.transaction-api-1.2.jar:/Users/rhanberry/.m2/repository/org/springframework/data/spring-data-jpa/1.9.2.RELEASE/spring-data-jpa-1.9.2.RELEASE.jar:/Users/rhanberry/.m2/repository/org/springframework/data/spring-data-commons/1.11.2.RELEASE/spring-data-commons-1.11.2.RELEASE.jar:/Users/rhanberry/.m2/repository/org/springframework/spring-orm/4.2.4.RELEASE/spring-orm-4.2.4.RELEASE.jar:/Users/rhanberry/.m2/repository/org/springframework/spring-tx/4.2.4.RELEASE/spring-tx-4.2.4.RELEASE.jar:/Users/rhanberry/.m2/repository/org/slf4j/jcl-over-slf4j/1.7.13/jcl-over-slf4j-1.7.13.jar:/Users/rhanberry/.m2/repository/org/springframework/spring-aspects/4.2.4.RELEASE/spring-aspects-4.2.4.RELEASE.jar:/Users/rhanberry/.m2/repository/org/springframework/boot/spring-boot-starter-jdbc/1.3.2.RELEASE/spring-boot-starter-jdbc-1.3.2.RELEASE.jar:/Users/rhanberry/.m2/repository/org/apache/tomcat/tomcat-jdbc/8.0.30/tomcat-jdbc-8.0.30.jar:/Users/rhanberry/.m2/repository/org/apache/tomcat/tomcat-juli/8.0.30/tomcat-juli-8.0.30.jar:/Users/rhanberry/.m2/repository/org/springframework/spring-jdbc/4.2.4.RELEASE/spring-jdbc-4.2.4.RELEASE.jar:/Users/rhanberry/.m2/repository/org/apache/commons/commons-lang3/3.4/commons-lang3-3.4.jar:/Users/rhanberry/.m2/repository/org/postgresql/postgresql/9.4.1207.jre7/postgresql-9.4.1207.jre7.jar:/Users/rhanberry/.m2/repository/org/springframework/boot/spring-boot-starter-test/1.3.2.RELEASE/spring-boot-starter-test-1.3.2.RELEASE.jar:/Users/rhanberry/.m2/repository/org/mockito/mockito-core/1.10.19/mockito-core-1.10.19.jar:/Users/rhanberry/.m2/repository/org/objenesis/objenesis/2.1/objenesis-2.1.jar:/Users/rhanberry/.m2/repository/org/hamcrest/hamcrest-core/1.3/hamcrest-core-1.3.jar:/Users/rhanberry/.m2/repository/org/hamcrest/hamcrest-library/1.3/hamcrest-library-1.3.jar:/Users/rhanberry/.m2/repository/org/springframework/spring-core/4.2.4.RELEASE/spring-core-4.2.4.RELEASE.jar:/Users/rhanberry/.m2/repository/org/springframework/spring-test/4.2.4.RELEASE/spring-test-4.2.4.RELEASE.jar:/Users/rhanberry/.m2/repository/postgresql/postgresql/9.1-901-1.jdbc4/postgresql-9.1-901-1.jdbc4.jar:/Users/rhanberry/.m2/repository/org/hibernate/hibernate-core/5.0.2.Final/hibernate-core-5.0.2.Final.jar:/Users/rhanberry/.m2/repository/org/jboss/logging/jboss-logging/3.3.0.Final/jboss-logging-3.3.0.Final.jar:/Users/rhanberry/.m2/repository/org/apache/geronimo/specs/geronimo-jta_1.1_spec/1.1.1/geronimo-jta_1.1_spec-1.1.1.jar:/Users/rhanberry/.m2/repository/org/hibernate/javax/persistence/hibernate-jpa-2.1-api/1.0.0.Final/hibernate-jpa-2.1-api-1.0.0.Final.jar:/Users/rhanberry/.m2/repository/org/javassist/javassist/3.18.1-GA/javassist-3.18.1-GA.jar:/Users/rhanberry/.m2/repository/antlr/antlr/2.7.7/antlr-2.7.7.jar:/Users/rhanberry/.m2/repository/org/jboss/jandex/1.2.2.Final/jandex-1.2.2.Final.jar:/Users/rhanberry/.m2/repository/dom4j/dom4j/1.6.1/dom4j-1.6.1.jar:/Users/rhanberry/.m2/repository/xml-apis/xml-apis/1.0.b2/xml-apis-1.0.b2.jar:/Users/rhanberry/.m2/repository/org/hibernate/common/hibernate-commons-annotations/5.0.0.Final/hibernate-commons-annotations-5.0.0.Final.jar:/Users/rhanberry/.m2/repository/org/hibernate/hibernate-entitymanager/5.0.2.Final/hibernate-entitymanager-5.0.2.Final.jar:/Users/rhanberry/.m2/repository/org/mockito/mockito-all/1.10.19/mockito-all-1.10.19.jar:/Users/rhanberry/.m2/repository/org/seleniumhq/selenium/selenium-java/2.52.0/selenium-java-2.52.0.jar:/Users/rhanberry/.m2/repository/org/seleniumhq/selenium/selenium-chrome-driver/2.52.0/selenium-chrome-driver-2.52.0.jar:/Users/rhanberry/.m2/repository/org/seleniumhq/selenium/selenium-remote-driver/2.52.0/selenium-remote-driver-2.52.0.jar:/Users/rhanberry/.m2/repository/cglib/cglib-nodep/2.1_3/cglib-nodep-2.1_3.jar:/Users/rhanberry/.m2/repository/com/google/code/gson/gson/2.3.1/gson-2.3.1.jar:/Users/rhanberry/.m2/repository/org/seleniumhq/selenium/selenium-api/2.52.0/selenium-api-2.52.0.jar:/Users/rhanberry/.m2/repository/com/google/guava/guava/19.0/guava-19.0.jar:/Users/rhanberry/.m2/repository/org/seleniumhq/selenium/selenium-edge-driver/2.52.0/selenium-edge-driver-2.52.0.jar:/Users/rhanberry/.m2/repository/commons-io/commons-io/2.4/commons-io-2.4.jar:/Users/rhanberry/.m2/repository/org/apache/commons/commons-exec/1.3/commons-exec-1.3.jar:/Users/rhanberry/.m2/repository/org/seleniumhq/selenium/selenium-htmlunit-driver/2.52.0/selenium-htmlunit-driver-2.52.0.jar:/Users/rhanberry/.m2/repository/net/sourceforge/htmlunit/htmlunit/2.18/htmlunit-2.18.jar:/Users/rhanberry/.m2/repository/xalan/xalan/2.7.2/xalan-2.7.2.jar:/Users/rhanberry/.m2/repository/xalan/serializer/2.7.2/serializer-2.7.2.jar:/Users/rhanberry/.m2/repository/org/apache/httpcomponents/httpmime/4.5.1/httpmime-4.5.1.jar:/Users/rhanberry/.m2/repository/commons-codec/commons-codec/1.10/commons-codec-1.10.jar:/Users/rhanberry/.m2/repository/net/sourceforge/htmlunit/htmlunit-core-js/2.17/htmlunit-core-js-2.17.jar:/Users/rhanberry/.m2/repository/xerces/xercesImpl/2.11.0/xercesImpl-2.11.0.jar:/Users/rhanberry/.m2/repository/net/sourceforge/nekohtml/nekohtml/1.9.22/nekohtml-1.9.22.jar:/Users/rhanberry/.m2/repository/net/sourceforge/cssparser/cssparser/0.9.16/cssparser-0.9.16.jar:/Users/rhanberry/.m2/repository/org/w3c/css/sac/1.3/sac-1.3.jar:/Users/rhanberry/.m2/repository/commons-logging/commons-logging/1.2/commons-logging-1.2.jar:/Users/rhanberry/.m2/repository/org/eclipse/jetty/websocket/websocket-client/9.2.12.v20150709/websocket-client-9.2.12.v20150709.jar:/Users/rhanberry/.m2/repository/org/eclipse/jetty/jetty-util/9.2.14.v20151106/jetty-util-9.2.14.v20151106.jar:/Users/rhanberry/.m2/repository/org/eclipse/jetty/jetty-io/9.2.14.v20151106/jetty-io-9.2.14.v20151106.jar:/Users/rhanberry/.m2/repository/org/eclipse/jetty/websocket/websocket-common/9.2.12.v20150709/websocket-common-9.2.12.v20150709.jar:/Users/rhanberry/.m2/repository/org/eclipse/jetty/websocket/websocket-api/9.2.12.v20150709/websocket-api-9.2.12.v20150709.jar:/Users/rhanberry/.m2/repository/commons-collections/commons-collections/3.2.2/commons-collections-3.2.2.jar:/Users/rhanberry/.m2/repository/org/apache/httpcomponents/httpclient/4.5.1/httpclient-4.5.1.jar:/Users/rhanberry/.m2/repository/org/apache/httpcomponents/httpcore/4.4.4/httpcore-4.4.4.jar:/Users/rhanberry/.m2/repository/org/seleniumhq/selenium/selenium-firefox-driver/2.52.0/selenium-firefox-driver-2.52.0.jar:/Users/rhanberry/.m2/repository/org/seleniumhq/selenium/selenium-ie-driver/2.52.0/selenium-ie-driver-2.52.0.jar:/Users/rhanberry/.m2/repository/net/java/dev/jna/jna/4.1.0/jna-4.1.0.jar:/Users/rhanberry/.m2/repository/net/java/dev/jna/jna-platform/4.1.0/jna-platform-4.1.0.jar:/Users/rhanberry/.m2/repository/org/seleniumhq/selenium/selenium-safari-driver/2.52.0/selenium-safari-driver-2.52.0.jar:/Users/rhanberry/.m2/repository/org/seleniumhq/selenium/selenium-support/2.52.0/selenium-support-2.52.0.jar:/Users/rhanberry/.m2/repository/org/webbitserver/webbit/0.4.14/webbit-0.4.14.jar:/Users/rhanberry/.m2/repository/io/netty/netty/3.5.2.Final/netty-3.5.2.Final.jar:/Users/rhanberry/.m2/repository/org/seleniumhq/selenium/selenium-leg-rc/2.52.0/selenium-leg-rc-2.52.0.jar:/Users/rhanberry/.m2/repository/junit/junit/4.12/junit-4.12.jar:/Users/rhanberry/.m2/repository/org/assertj/assertj-core/2.0.0/assertj-core-2.0.0.jar:/Users/rhanberry/.m2/repository/com/github/marschall/memoryfilesystem/0.6.4/memoryfilesystem-0.6.4.jar:/Users/rhanberry/.m2/repository/com/jayway/jsonpath/json-path/2.0.0/json-path-2.0.0.jar:/Users/rhanberry/.m2/repository/org/slf4j/slf4j-api/1.7.13/slf4j-api-1.7.13.jar:/Users/rhanberry/.m2/repository/net/minidev/json-smart/2.1.1/json-smart-2.1.1.jar:/Users/rhanberry/.m2/repository/net/minidev/asm/1.0.2/asm-1.0.2.jar:/Users/rhanberry/.m2/repository/asm/asm/3.3.1/asm-3.3.1.jar:/Users/rhanberry/.m2/repository/org/evosuite/evosuite-standalone-runtime/1.0.3/evosuite-standalone-runtime-1.0.3.jar:
23:36:01.525 [main] INFO  o.evosuite.runtime.agent.AgentLoader - Going to attach agent to process 23086
23:36:01.785 [Attach Listener] INFO  o.e.runtime.agent.InstrumentingAgent - Executing agentmain of JavaAgent
23:36:05.007 [main] DEBUG o.e.r.agent.TransformerForTests - Going to instrument: org.springframework.validation.Validator
23:36:05.075 [main] DEBUG o.e.r.agent.TransformerForTests - Going to instrument: org.springframework.http.converter.support.AllEncompassingFormHttpMessageConverter
23:36:05.077 [main] INFO  o.e.r.i.MethodCallReplacementClassAdapter - Adding mock interface to class org/springframework/http/converter/support/AllEncompassingFormHttpMessageConverter
23:36:05.086 [main] DEBUG o.e.r.i.MethodCallReplacementCache - Static Mock: org.evosuite.runtime.mock.java.io.MockFile for java.io.File
23:36:05.089 [main] DEBUG o.e.r.i.MethodCallReplacementCache - Static Mock: org.evosuite.runtime.mock.java.io.MockFileInputStream for java.io.FileInputStream
23:36:05.090 [main] DEBUG o.e.r.i.MethodCallReplacementCache - Static Mock: org.evosuite.runtime.mock.java.io.MockFileOutputStream for java.io.FileOutputStream
23:36:05.092 [main] DEBUG o.e.r.i.MethodCallReplacementCache - Static Mock: org.evosuite.runtime.mock.java.io.MockRandomAccessFile for java.io.RandomAccessFile
23:36:05.093 [main] DEBUG o.e.r.i.MethodCallReplacementCache - Static Mock: org.evosuite.runtime.mock.java.io.MockFileReader for java.io.FileReader
23:36:05.094 [main] DEBUG o.e.r.i.MethodCallReplacementCache - Static Mock: org.evosuite.runtime.mock.java.io.MockFileWriter for java.io.FileWriter
23:36:05.096 [main] DEBUG o.e.r.i.MethodCallReplacementCache - Static Mock: org.evosuite.runtime.mock.java.io.MockPrintStream for java.io.PrintStream
23:36:05.097 [main] DEBUG o.e.r.i.MethodCallReplacementCache - Static Mock: org.evosuite.runtime.mock.java.io.MockPrintWriter for java.io.PrintWriter
23:36:05.099 [main] DEBUG o.e.r.i.MethodCallReplacementCache - Static Mock: org.evosuite.runtime.mock.java.util.logging.MockFileHandler for java.util.logging.FileHandler
23:36:05.114 [main] DEBUG o.e.r.i.MethodCallReplacementCache - Static Mock: org.evosuite.runtime.mock.javax.swing.MockJFileChooser for javax.swing.JFileChooser
23:36:05.126 [main] DEBUG o.e.r.i.MethodCallReplacementCache - Static Mock: org.evosuite.runtime.mock.javax.swing.filechooser.MockFileSystemView for javax.swing.filechooser.FileSystemView
23:36:05.127 [main] DEBUG o.e.r.i.MethodCallReplacementCache - Skipping method wait
23:36:05.128 [main] DEBUG o.e.r.i.MethodCallReplacementCache - Skipping method wait
23:36:05.129 [main] DEBUG o.e.r.i.MethodCallReplacementCache - Skipping method wait
23:36:05.129 [main] DEBUG o.e.r.i.MethodCallReplacementCache - Skipping method equals
23:36:05.130 [main] DEBUG o.e.r.i.MethodCallReplacementCache - Skipping method toString
23:36:05.130 [main] DEBUG o.e.r.i.MethodCallReplacementCache - Skipping method hashCode
23:36:05.130 [main] DEBUG o.e.r.i.MethodCallReplacementCache - Skipping method getClass
23:36:05.130 [main] DEBUG o.e.r.i.MethodCallReplacementCache - Skipping method notify
23:36:05.131 [main] DEBUG o.e.r.i.MethodCallReplacementCache - Skipping method notifyAll
23:36:05.131 [main] DEBUG o.e.r.i.MethodCallReplacementCache - Static Mock: org.evosuite.runtime.mock.java.util.logging.MockLogRecord for java.util.logging.LogRecord
23:36:05.132 [main] DEBUG o.e.r.i.MethodCallReplacementCache - Static Mock: org.evosuite.runtime.mock.javax.swing.MockDefaultListSelectionModel for javax.swing.DefaultListSelectionModel
23:36:05.132 [main] DEBUG o.e.r.i.MethodCallReplacementCache - Static Mock: org.evosuite.runtime.mock.java.util.MockDate for java.util.Date
23:36:05.134 [main] DEBUG o.e.r.i.MethodCallReplacementCache - Static Mock: org.evosuite.runtime.mock.java.util.MockRandom for java.util.Random
23:36:05.135 [main] DEBUG o.e.r.i.MethodCallReplacementCache - Static Mock: org.evosuite.runtime.mock.java.util.MockGregorianCalendar for java.util.GregorianCalendar
23:36:05.135 [main] DEBUG o.e.r.i.MethodCallReplacementCache - Static Mock: org.evosuite.runtime.mock.java.util.MockCalendar for java.util.Calendar
23:36:05.136 [main] DEBUG o.e.r.i.MethodCallReplacementCache - Skipping method equals
23:36:05.137 [main] DEBUG o.e.r.i.MethodCallReplacementCache - Skipping method hashCode
23:36:05.137 [main] DEBUG o.e.r.i.MethodCallReplacementCache - Skipping method clone
23:36:05.138 [main] DEBUG o.e.r.i.MethodCallReplacementCache - Skipping method format
23:36:05.139 [main] DEBUG o.e.r.i.MethodCallReplacementCache - Skipping method format
23:36:05.139 [main] DEBUG o.e.r.i.MethodCallReplacementCache - Skipping method format
23:36:05.139 [main] DEBUG o.e.r.i.MethodCallReplacementCache - Skipping method parse
23:36:05.139 [main] DEBUG o.e.r.i.MethodCallReplacementCache - Skipping method parse
23:36:05.139 [main] DEBUG o.e.r.i.MethodCallReplacementCache - Skipping method setLenient
23:36:05.140 [main] DEBUG o.e.r.i.MethodCallReplacementCache - Skipping method isLenient
23:36:05.140 [main] DEBUG o.e.r.i.MethodCallReplacementCache - Skipping method setCalendar
23:36:05.140 [main] DEBUG o.e.r.i.MethodCallReplacementCache - Skipping method getCalendar
23:36:05.140 [main] DEBUG o.e.r.i.MethodCallReplacementCache - Skipping method setNumberFormat
23:36:05.140 [main] DEBUG o.e.r.i.MethodCallReplacementCache - Skipping method getNumberFormat
23:36:05.140 [main] DEBUG o.e.r.i.MethodCallReplacementCache - Skipping method getTimeZone
23:36:05.141 [main] DEBUG o.e.r.i.MethodCallReplacementCache - Skipping method setTimeZone
23:36:05.141 [main] DEBUG o.e.r.i.MethodCallReplacementCache - Skipping method parseObject
23:36:05.141 [main] DEBUG o.e.r.i.MethodCallReplacementCache - Skipping method format
23:36:05.141 [main] DEBUG o.e.r.i.MethodCallReplacementCache - Skipping method parseObject
23:36:05.141 [main] DEBUG o.e.r.i.MethodCallReplacementCache - Skipping method formatToCharacterIterator
23:36:05.142 [main] DEBUG o.e.r.i.MethodCallReplacementCache - Skipping method wait
23:36:05.142 [main] DEBUG o.e.r.i.MethodCallReplacementCache - Skipping method wait
23:36:05.142 [main] DEBUG o.e.r.i.MethodCallReplacementCache - Skipping method wait
23:36:05.142 [main] DEBUG o.e.r.i.MethodCallReplacementCache - Skipping method toString
23:36:05.142 [main] DEBUG o.e.r.i.MethodCallReplacementCache - Skipping method getClass
23:36:05.143 [main] DEBUG o.e.r.i.MethodCallReplacementCache - Skipping method notify
23:36:05.143 [main] DEBUG o.e.r.i.MethodCallReplacementCache - Skipping method notifyAll
23:36:05.144 [main] DEBUG o.e.r.i.MethodCallReplacementCache - Static Mock: org.evosuite.runtime.mock.java.text.MockSimpleDateFormat for java.text.SimpleDateFormat
23:36:05.144 [main] DEBUG o.e.r.i.MethodCallReplacementCache - Static Mock: org.evosuite.runtime.mock.javax.swing.MockSpinnerDateModel for javax.swing.SpinnerDateModel
23:36:05.146 [main] DEBUG o.e.r.i.MethodCallReplacementCache - Static Mock: org.evosuite.runtime.mock.java.time.MockClock for java.time.Clock
23:36:05.148 [main] DEBUG o.e.r.i.MethodCallReplacementCache - Skipping method compareTo
23:36:05.149 [main] DEBUG o.e.r.i.MethodCallReplacementCache - Skipping method wait
23:36:05.150 [main] DEBUG o.e.r.i.MethodCallReplacementCache - Skipping method wait
23:36:05.151 [main] DEBUG o.e.r.i.MethodCallReplacementCache - Skipping method wait
23:36:05.153 [main] DEBUG o.e.r.i.MethodCallReplacementCache - Skipping method getClass
23:36:05.154 [main] DEBUG o.e.r.i.MethodCallReplacementCache - Skipping method notify
23:36:05.154 [main] DEBUG o.e.r.i.MethodCallReplacementCache - Skipping method notifyAll
23:36:05.156 [main] DEBUG o.e.r.i.MethodCallReplacementCache - Skipping method get
23:36:05.156 [main] DEBUG o.e.r.i.MethodCallReplacementCache - Skipping method equals
23:36:05.157 [main] DEBUG o.e.r.i.MethodCallReplacementCache - Skipping method toString
23:36:05.158 [main] DEBUG o.e.r.i.MethodCallReplacementCache - Skipping method hashCode
23:36:05.158 [main] DEBUG o.e.r.i.MethodCallReplacementCache - Skipping method compareTo
23:36:05.158 [main] DEBUG o.e.r.i.MethodCallReplacementCache - Skipping method compareTo
23:36:05.158 [main] DEBUG o.e.r.i.MethodCallReplacementCache - Skipping method getLong
23:36:05.158 [main] DEBUG o.e.r.i.MethodCallReplacementCache - Skipping method format
23:36:05.158 [main] DEBUG o.e.r.i.MethodCallReplacementCache - Skipping method query
23:36:05.159 [main] DEBUG o.e.r.i.MethodCallReplacementCache - Skipping method isSupported
23:36:05.159 [main] DEBUG o.e.r.i.MethodCallReplacementCache - Skipping method isSupported
23:36:05.159 [main] DEBUG o.e.r.i.MethodCallReplacementCache - Skipping method range
23:36:05.160 [main] DEBUG o.e.r.i.MethodCallReplacementCache - Skipping method with
23:36:05.160 [main] DEBUG o.e.r.i.MethodCallReplacementCache - Skipping method with
23:36:05.161 [main] DEBUG o.e.r.i.MethodCallReplacementCache - Skipping method with
23:36:05.161 [main] DEBUG o.e.r.i.MethodCallReplacementCache - Skipping method with
23:36:05.161 [main] DEBUG o.e.r.i.MethodCallReplacementCache - Skipping method with
23:36:05.163 [main] DEBUG o.e.r.i.MethodCallReplacementCache - Skipping method with
23:36:05.164 [main] DEBUG o.e.r.i.MethodCallReplacementCache - Skipping method plus
23:36:05.164 [main] DEBUG o.e.r.i.MethodCallReplacementCache - Skipping method plus
23:36:05.164 [main] DEBUG o.e.r.i.MethodCallReplacementCache - Skipping method plus
23:36:05.166 [main] DEBUG o.e.r.i.MethodCallReplacementCache - Skipping method plus
23:36:05.166 [main] DEBUG o.e.r.i.MethodCallReplacementCache - Skipping method plus
23:36:05.166 [main] DEBUG o.e.r.i.MethodCallReplacementCache - Skipping method plus
23:36:05.166 [main] DEBUG o.e.r.i.MethodCallReplacementCache - Skipping method minus
23:36:05.167 [main] DEBUG o.e.r.i.MethodCallReplacementCache - Skipping method minus
23:36:05.167 [main] DEBUG o.e.r.i.MethodCallReplacementCache - Skipping method minus
23:36:05.168 [main] DEBUG o.e.r.i.MethodCallReplacementCache - Skipping method minus
23:36:05.168 [main] DEBUG o.e.r.i.MethodCallReplacementCache - Skipping method minus
23:36:05.168 [main] DEBUG o.e.r.i.MethodCallReplacementCache - Skipping method minus
23:36:05.168 [main] DEBUG o.e.r.i.MethodCallReplacementCache - Skipping method adjustInto
23:36:05.168 [main] DEBUG o.e.r.i.MethodCallReplacementCache - Skipping method until
23:36:05.169 [main] DEBUG o.e.r.i.MethodCallReplacementCache - Skipping method until
23:36:05.171 [main] DEBUG o.e.r.i.MethodCallReplacementCache - Skipping method until
23:36:05.171 [main] DEBUG o.e.r.i.MethodCallReplacementCache - Skipping method isAfter
23:36:05.171 [main] DEBUG o.e.r.i.MethodCallReplacementCache - Skipping method isBefore
23:36:05.172 [main] DEBUG o.e.r.i.MethodCallReplacementCache - Skipping method getEra
23:36:05.173 [main] DEBUG o.e.r.i.MethodCallReplacementCache - Skipping method getDayOfYear
23:36:05.173 [main] DEBUG o.e.r.i.MethodCallReplacementCache - Skipping method getDayOfWeek
23:36:05.173 [main] DEBUG o.e.r.i.MethodCallReplacementCache - Skipping method isLeapYear
23:36:05.174 [main] DEBUG o.e.r.i.MethodCallReplacementCache - Skipping method getMonth
23:36:05.174 [main] DEBUG o.e.r.i.MethodCallReplacementCache - Skipping method getDayOfMonth
23:36:05.174 [main] DEBUG o.e.r.i.MethodCallReplacementCache - Skipping method getYear
23:36:05.175 [main] DEBUG o.e.r.i.MethodCallReplacementCache - Skipping method getMonthValue
23:36:05.175 [main] DEBUG o.e.r.i.MethodCallReplacementCache - Skipping method lengthOfMonth
23:36:05.175 [main] DEBUG o.e.r.i.MethodCallReplacementCache - Skipping method toEpochDay
23:36:05.176 [main] DEBUG o.e.r.i.MethodCallReplacementCache - Skipping method isEqual
23:36:05.176 [main] DEBUG o.e.r.i.MethodCallReplacementCache - Skipping method getChronology
23:36:05.176 [main] DEBUG o.e.r.i.MethodCallReplacementCache - Skipping method getChronology
23:36:05.176 [main] DEBUG o.e.r.i.MethodCallReplacementCache - Skipping method lengthOfYear
23:36:05.179 [main] DEBUG o.e.r.i.MethodCallReplacementCache - Skipping method withYear
23:36:05.179 [main] DEBUG o.e.r.i.MethodCallReplacementCache - Skipping method withMonth
23:36:05.179 [main] DEBUG o.e.r.i.MethodCallReplacementCache - Skipping method withDayOfMonth
23:36:05.179 [main] DEBUG o.e.r.i.MethodCallReplacementCache - Skipping method withDayOfYear
23:36:05.179 [main] DEBUG o.e.r.i.MethodCallReplacementCache - Skipping method plusYears
23:36:05.179 [main] DEBUG o.e.r.i.MethodCallReplacementCache - Skipping method plusMonths
23:36:05.180 [main] DEBUG o.e.r.i.MethodCallReplacementCache - Skipping method plusWeeks
23:36:05.180 [main] DEBUG o.e.r.i.MethodCallReplacementCache - Skipping method plusDays
23:36:05.180 [main] DEBUG o.e.r.i.MethodCallReplacementCache - Skipping method minusYears
23:36:05.181 [main] DEBUG o.e.r.i.MethodCallReplacementCache - Skipping method minusMonths
23:36:05.181 [main] DEBUG o.e.r.i.MethodCallReplacementCache - Skipping method minusWeeks
23:36:05.181 [main] DEBUG o.e.r.i.MethodCallReplacementCache - Skipping method minusDays
23:36:05.181 [main] DEBUG o.e.r.i.MethodCallReplacementCache - Skipping method atTime
23:36:05.181 [main] DEBUG o.e.r.i.MethodCallReplacementCache - Skipping method atTime
23:36:05.181 [main] DEBUG o.e.r.i.MethodCallReplacementCache - Skipping method atTime
23:36:05.181 [main] DEBUG o.e.r.i.MethodCallReplacementCache - Skipping method atTime
23:36:05.182 [main] DEBUG o.e.r.i.MethodCallReplacementCache - Skipping method atTime
23:36:05.182 [main] DEBUG o.e.r.i.MethodCallReplacementCache - Skipping method atTime
23:36:05.182 [main] DEBUG o.e.r.i.MethodCallReplacementCache - Skipping method atStartOfDay
23:36:05.182 [main] DEBUG o.e.r.i.MethodCallReplacementCache - Skipping method atStartOfDay
23:36:05.182 [main] DEBUG o.e.r.i.MethodCallReplacementCache - Skipping method wait
23:36:05.182 [main] DEBUG o.e.r.i.MethodCallReplacementCache - Skipping method wait
23:36:05.183 [main] DEBUG o.e.r.i.MethodCallReplacementCache - Skipping method wait
23:36:05.183 [main] DEBUG o.e.r.i.MethodCallReplacementCache - Skipping method getClass
23:36:05.183 [main] DEBUG o.e.r.i.MethodCallReplacementCache - Skipping method notify
23:36:05.183 [main] DEBUG o.e.r.i.MethodCallReplacementCache - Skipping method notifyAll
23:36:05.184 [main] DEBUG o.e.r.i.MethodCallReplacementCache - Skipping method get
23:36:05.185 [main] DEBUG o.e.r.i.MethodCallReplacementCache - Skipping method equals
23:36:05.185 [main] DEBUG o.e.r.i.MethodCallReplacementCache - Skipping method toString
23:36:05.185 [main] DEBUG o.e.r.i.MethodCallReplacementCache - Skipping method hashCode
23:36:05.185 [main] DEBUG o.e.r.i.MethodCallReplacementCache - Skipping method compareTo
23:36:05.185 [main] DEBUG o.e.r.i.MethodCallReplacementCache - Skipping method compareTo
23:36:05.186 [main] DEBUG o.e.r.i.MethodCallReplacementCache - Skipping method getLong
23:36:05.186 [main] DEBUG o.e.r.i.MethodCallReplacementCache - Skipping method format
23:36:05.186 [main] DEBUG o.e.r.i.MethodCallReplacementCache - Skipping method query
23:36:05.186 [main] DEBUG o.e.r.i.MethodCallReplacementCache - Skipping method isSupported
23:36:05.186 [main] DEBUG o.e.r.i.MethodCallReplacementCache - Skipping method isSupported
23:36:05.187 [main] DEBUG o.e.r.i.MethodCallReplacementCache - Skipping method range
23:36:05.190 [main] DEBUG o.e.r.i.MethodCallReplacementCache - Skipping method with
23:36:05.191 [main] DEBUG o.e.r.i.MethodCallReplacementCache - Skipping method with
23:36:05.191 [main] DEBUG o.e.r.i.MethodCallReplacementCache - Skipping method with
23:36:05.192 [main] DEBUG o.e.r.i.MethodCallReplacementCache - Skipping method with
23:36:05.192 [main] DEBUG o.e.r.i.MethodCallReplacementCache - Skipping method with
23:36:05.192 [main] DEBUG o.e.r.i.MethodCallReplacementCache - Skipping method with
23:36:05.192 [main] DEBUG o.e.r.i.MethodCallReplacementCache - Skipping method getNano
23:36:05.192 [main] DEBUG o.e.r.i.MethodCallReplacementCache - Skipping method truncatedTo
23:36:05.192 [main] DEBUG o.e.r.i.MethodCallReplacementCache - Skipping method plus
23:36:05.192 [main] DEBUG o.e.r.i.MethodCallReplacementCache - Skipping method plus
23:36:05.192 [main] DEBUG o.e.r.i.MethodCallReplacementCache - Skipping method plus
23:36:05.193 [main] DEBUG o.e.r.i.MethodCallReplacementCache - Skipping method plus
23:36:05.193 [main] DEBUG o.e.r.i.MethodCallReplacementCache - Skipping method plus
23:36:05.193 [main] DEBUG o.e.r.i.MethodCallReplacementCache - Skipping method plus
23:36:05.193 [main] DEBUG o.e.r.i.MethodCallReplacementCache - Skipping method plusNanos
23:36:05.194 [main] DEBUG o.e.r.i.MethodCallReplacementCache - Skipping method minus
23:36:05.194 [main] DEBUG o.e.r.i.MethodCallReplacementCache - Skipping method minus
23:36:05.194 [main] DEBUG o.e.r.i.MethodCallReplacementCache - Skipping method minus
23:36:05.194 [main] DEBUG o.e.r.i.MethodCallReplacementCache - Skipping method minus
23:36:05.194 [main] DEBUG o.e.r.i.MethodCallReplacementCache - Skipping method minus
23:36:05.194 [main] DEBUG o.e.r.i.MethodCallReplacementCache - Skipping method minus
23:36:05.195 [main] DEBUG o.e.r.i.MethodCallReplacementCache - Skipping method minusSeconds
23:36:05.195 [main] DEBUG o.e.r.i.MethodCallReplacementCache - Skipping method minusNanos
23:36:05.195 [main] DEBUG o.e.r.i.MethodCallReplacementCache - Skipping method adjustInto
23:36:05.195 [main] DEBUG o.e.r.i.MethodCallReplacementCache - Skipping method until
23:36:05.195 [main] DEBUG o.e.r.i.MethodCallReplacementCache - Skipping method atOffset
23:36:05.195 [main] DEBUG o.e.r.i.MethodCallReplacementCache - Skipping method atZone
23:36:05.196 [main] DEBUG o.e.r.i.MethodCallReplacementCache - Skipping method atZone
23:36:05.196 [main] DEBUG o.e.r.i.MethodCallReplacementCache - Skipping method isAfter
23:36:05.197 [main] DEBUG o.e.r.i.MethodCallReplacementCache - Skipping method isBefore
23:36:05.198 [main] DEBUG o.e.r.i.MethodCallReplacementCache - Skipping method getDayOfYear
23:36:05.199 [main] DEBUG o.e.r.i.MethodCallReplacementCache - Skipping method getDayOfWeek
23:36:05.200 [main] DEBUG o.e.r.i.MethodCallReplacementCache - Skipping method getMonth
23:36:05.200 [main] DEBUG o.e.r.i.MethodCallReplacementCache - Skipping method getDayOfMonth
23:36:05.201 [main] DEBUG o.e.r.i.MethodCallReplacementCache - Skipping method getYear
23:36:05.201 [main] DEBUG o.e.r.i.MethodCallReplacementCache - Skipping method plusSeconds
23:36:05.201 [main] DEBUG o.e.r.i.MethodCallReplacementCache - Skipping method getMonthValue
23:36:05.201 [main] DEBUG o.e.r.i.MethodCallReplacementCache - Skipping method toLocalTime
23:36:05.201 [main] DEBUG o.e.r.i.MethodCallReplacementCache - Skipping method isEqual
23:36:05.202 [main] DEBUG o.e.r.i.MethodCallReplacementCache - Skipping method withYear
23:36:05.202 [main] DEBUG o.e.r.i.MethodCallReplacementCache - Skipping method withMonth
23:36:05.202 [main] DEBUG o.e.r.i.MethodCallReplacementCache - Skipping method withDayOfMonth
23:36:05.202 [main] DEBUG o.e.r.i.MethodCallReplacementCache - Skipping method withDayOfYear
23:36:05.202 [main] DEBUG o.e.r.i.MethodCallReplacementCache - Skipping method plusYears
23:36:05.202 [main] DEBUG o.e.r.i.MethodCallReplacementCache - Skipping method plusMonths
23:36:05.202 [main] DEBUG o.e.r.i.MethodCallReplacementCache - Skipping method plusWeeks
23:36:05.203 [main] DEBUG o.e.r.i.MethodCallReplacementCache - Skipping method plusDays
23:36:05.203 [main] DEBUG o.e.r.i.MethodCallReplacementCache - Skipping method minusYears
23:36:05.203 [main] DEBUG o.e.r.i.MethodCallReplacementCache - Skipping method minusMonths
23:36:05.203 [main] DEBUG o.e.r.i.MethodCallReplacementCache - Skipping method minusWeeks
23:36:05.203 [main] DEBUG o.e.r.i.MethodCallReplacementCache - Skipping method minusDays
23:36:05.203 [main] DEBUG o.e.r.i.MethodCallReplacementCache - Skipping method toLocalDate
23:36:05.203 [main] DEBUG o.e.r.i.MethodCallReplacementCache - Skipping method toLocalDate
23:36:05.203 [main] DEBUG o.e.r.i.MethodCallReplacementCache - Skipping method getHour
23:36:05.203 [main] DEBUG o.e.r.i.MethodCallReplacementCache - Skipping method getMinute
23:36:05.203 [main] DEBUG o.e.r.i.MethodCallReplacementCache - Skipping method getSecond
23:36:05.203 [main] DEBUG o.e.r.i.MethodCallReplacementCache - Skipping method withHour
23:36:05.204 [main] DEBUG o.e.r.i.MethodCallReplacementCache - Skipping method withMinute
23:36:05.204 [main] DEBUG o.e.r.i.MethodCallReplacementCache - Skipping method withSecond
23:36:05.204 [main] DEBUG o.e.r.i.MethodCallReplacementCache - Skipping method withNano
23:36:05.204 [main] DEBUG o.e.r.i.MethodCallReplacementCache - Skipping method plusHours
23:36:05.204 [main] DEBUG o.e.r.i.MethodCallReplacementCache - Skipping method plusMinutes
23:36:05.204 [main] DEBUG o.e.r.i.MethodCallReplacementCache - Skipping method minusHours
23:36:05.204 [main] DEBUG o.e.r.i.MethodCallReplacementCache - Skipping method minusMinutes
23:36:05.204 [main] DEBUG o.e.r.i.MethodCallReplacementCache - Skipping method wait
23:36:05.204 [main] DEBUG o.e.r.i.MethodCallReplacementCache - Skipping method wait
23:36:05.205 [main] DEBUG o.e.r.i.MethodCallReplacementCache - Skipping method wait
23:36:05.205 [main] DEBUG o.e.r.i.MethodCallReplacementCache - Skipping method getClass
23:36:05.205 [main] DEBUG o.e.r.i.MethodCallReplacementCache - Skipping method notify
23:36:05.205 [main] DEBUG o.e.r.i.MethodCallReplacementCache - Skipping method notifyAll
23:36:05.205 [main] DEBUG o.e.r.i.MethodCallReplacementCache - Skipping method toInstant
23:36:05.205 [main] DEBUG o.e.r.i.MethodCallReplacementCache - Skipping method toEpochSecond
23:36:05.205 [main] DEBUG o.e.r.i.MethodCallReplacementCache - Skipping method getChronology
23:36:05.206 [main] DEBUG o.e.r.i.MethodCallReplacementCache - Skipping method get
23:36:05.206 [main] DEBUG o.e.r.i.MethodCallReplacementCache - Skipping method equals
23:36:05.206 [main] DEBUG o.e.r.i.MethodCallReplacementCache - Skipping method toString
23:36:05.206 [main] DEBUG o.e.r.i.MethodCallReplacementCache - Skipping method hashCode
23:36:05.206 [main] DEBUG o.e.r.i.MethodCallReplacementCache - Skipping method compareTo
23:36:05.206 [main] DEBUG o.e.r.i.MethodCallReplacementCache - Skipping method compareTo
23:36:05.206 [main] DEBUG o.e.r.i.MethodCallReplacementCache - Skipping method getLong
23:36:05.206 [main] DEBUG o.e.r.i.MethodCallReplacementCache - Skipping method format
23:36:05.206 [main] DEBUG o.e.r.i.MethodCallReplacementCache - Skipping method query
23:36:05.207 [main] DEBUG o.e.r.i.MethodCallReplacementCache - Skipping method isSupported
23:36:05.207 [main] DEBUG o.e.r.i.MethodCallReplacementCache - Skipping method isSupported
23:36:05.207 [main] DEBUG o.e.r.i.MethodCallReplacementCache - Skipping method range
23:36:05.207 [main] DEBUG o.e.r.i.MethodCallReplacementCache - Skipping method with
23:36:05.207 [main] DEBUG o.e.r.i.MethodCallReplacementCache - Skipping method with
23:36:05.207 [main] DEBUG o.e.r.i.MethodCallReplacementCache - Skipping method with
23:36:05.207 [main] DEBUG o.e.r.i.MethodCallReplacementCache - Skipping method with
23:36:05.207 [main] DEBUG o.e.r.i.MethodCallReplacementCache - Skipping method getNano
23:36:05.208 [main] DEBUG o.e.r.i.MethodCallReplacementCache - Skipping method truncatedTo
23:36:05.208 [main] DEBUG o.e.r.i.MethodCallReplacementCache - Skipping method plus
23:36:05.208 [main] DEBUG o.e.r.i.MethodCallReplacementCache - Skipping method plus
23:36:05.208 [main] DEBUG o.e.r.i.MethodCallReplacementCache - Skipping method plus
23:36:05.208 [main] DEBUG o.e.r.i.MethodCallReplacementCache - Skipping method plus
23:36:05.208 [main] DEBUG o.e.r.i.MethodCallReplacementCache - Skipping method plusNanos
23:36:05.208 [main] DEBUG o.e.r.i.MethodCallReplacementCache - Skipping method minus
23:36:05.209 [main] DEBUG o.e.r.i.MethodCallReplacementCache - Skipping method minus
23:36:05.209 [main] DEBUG o.e.r.i.MethodCallReplacementCache - Skipping method minus
23:36:05.209 [main] DEBUG o.e.r.i.MethodCallReplacementCache - Skipping method minus
23:36:05.209 [main] DEBUG o.e.r.i.MethodCallReplacementCache - Skipping method minusSeconds
23:36:05.209 [main] DEBUG o.e.r.i.MethodCallReplacementCache - Skipping method minusNanos
23:36:05.209 [main] DEBUG o.e.r.i.MethodCallReplacementCache - Skipping method adjustInto
23:36:05.209 [main] DEBUG o.e.r.i.MethodCallReplacementCache - Skipping method until
23:36:05.210 [main] DEBUG o.e.r.i.MethodCallReplacementCache - Skipping method atOffset
23:36:05.210 [main] DEBUG o.e.r.i.MethodCallReplacementCache - Skipping method isAfter
23:36:05.210 [main] DEBUG o.e.r.i.MethodCallReplacementCache - Skipping method isBefore
23:36:05.210 [main] DEBUG o.e.r.i.MethodCallReplacementCache - Skipping method plusSeconds
23:36:05.210 [main] DEBUG o.e.r.i.MethodCallReplacementCache - Skipping method toSecondOfDay
23:36:05.211 [main] DEBUG o.e.r.i.MethodCallReplacementCache - Skipping method getHour
23:36:05.211 [main] DEBUG o.e.r.i.MethodCallReplacementCache - Skipping method getMinute
23:36:05.211 [main] DEBUG o.e.r.i.MethodCallReplacementCache - Skipping method getSecond
23:36:05.211 [main] DEBUG o.e.r.i.MethodCallReplacementCache - Skipping method withHour
23:36:05.211 [main] DEBUG o.e.r.i.MethodCallReplacementCache - Skipping method withMinute
23:36:05.211 [main] DEBUG o.e.r.i.MethodCallReplacementCache - Skipping method withSecond
23:36:05.211 [main] DEBUG o.e.r.i.MethodCallReplacementCache - Skipping method withNano
23:36:05.211 [main] DEBUG o.e.r.i.MethodCallReplacementCache - Skipping method plusHours
23:36:05.211 [main] DEBUG o.e.r.i.MethodCallReplacementCache - Skipping method plusMinutes
23:36:05.212 [main] DEBUG o.e.r.i.MethodCallReplacementCache - Skipping method minusHours
23:36:05.212 [main] DEBUG o.e.r.i.MethodCallReplacementCache - Skipping method minusMinutes
23:36:05.212 [main] DEBUG o.e.r.i.MethodCallReplacementCache - Skipping method toNanoOfDay
23:36:05.212 [main] DEBUG o.e.r.i.MethodCallReplacementCache - Skipping method atDate
23:36:05.212 [main] DEBUG o.e.r.i.MethodCallReplacementCache - Skipping method wait
23:36:05.212 [main] DEBUG o.e.r.i.MethodCallReplacementCache - Skipping method wait
23:36:05.212 [main] DEBUG o.e.r.i.MethodCallReplacementCache - Skipping method wait
23:36:05.212 [main] DEBUG o.e.r.i.MethodCallReplacementCache - Skipping method getClass
23:36:05.212 [main] DEBUG o.e.r.i.MethodCallReplacementCache - Skipping method notify
23:36:05.213 [main] DEBUG o.e.r.i.MethodCallReplacementCache - Skipping method notifyAll
23:36:05.213 [main] DEBUG o.e.r.i.MethodCallReplacementCache - Skipping method get
23:36:05.213 [main] DEBUG o.e.r.i.MethodCallReplacementCache - Skipping method equals
23:36:05.213 [main] DEBUG o.e.r.i.MethodCallReplacementCache - Skipping method toString
23:36:05.213 [main] DEBUG o.e.r.i.MethodCallReplacementCache - Skipping method hashCode
23:36:05.214 [main] DEBUG o.e.r.i.MethodCallReplacementCache - Skipping method compareTo
23:36:05.214 [main] DEBUG o.e.r.i.MethodCallReplacementCache - Skipping method compareTo
23:36:05.214 [main] DEBUG o.e.r.i.MethodCallReplacementCache - Skipping method getLong
23:36:05.214 [main] DEBUG o.e.r.i.MethodCallReplacementCache - Skipping method format
23:36:05.214 [main] DEBUG o.e.r.i.MethodCallReplacementCache - Skipping method query
23:36:05.214 [main] DEBUG o.e.r.i.MethodCallReplacementCache - Skipping method isSupported
23:36:05.214 [main] DEBUG o.e.r.i.MethodCallReplacementCache - Skipping method range
23:36:05.214 [main] DEBUG o.e.r.i.MethodCallReplacementCache - Skipping method with
23:36:05.215 [main] DEBUG o.e.r.i.MethodCallReplacementCache - Skipping method adjustInto
23:36:05.215 [main] DEBUG o.e.r.i.MethodCallReplacementCache - Skipping method isAfter
23:36:05.215 [main] DEBUG o.e.r.i.MethodCallReplacementCache - Skipping method isBefore
23:36:05.215 [main] DEBUG o.e.r.i.MethodCallReplacementCache - Skipping method getMonth
23:36:05.215 [main] DEBUG o.e.r.i.MethodCallReplacementCache - Skipping method getDayOfMonth
23:36:05.215 [main] DEBUG o.e.r.i.MethodCallReplacementCache - Skipping method getMonthValue
23:36:05.215 [main] DEBUG o.e.r.i.MethodCallReplacementCache - Skipping method withMonth
23:36:05.215 [main] DEBUG o.e.r.i.MethodCallReplacementCache - Skipping method withDayOfMonth
23:36:05.215 [main] DEBUG o.e.r.i.MethodCallReplacementCache - Skipping method isValidYear
23:36:05.215 [main] DEBUG o.e.r.i.MethodCallReplacementCache - Skipping method atYear
23:36:05.215 [main] DEBUG o.e.r.i.MethodCallReplacementCache - Skipping method wait
23:36:05.216 [main] DEBUG o.e.r.i.MethodCallReplacementCache - Skipping method wait
23:36:05.216 [main] DEBUG o.e.r.i.MethodCallReplacementCache - Skipping method wait
23:36:05.216 [main] DEBUG o.e.r.i.MethodCallReplacementCache - Skipping method getClass
23:36:05.216 [main] DEBUG o.e.r.i.MethodCallReplacementCache - Skipping method notify
23:36:05.216 [main] DEBUG o.e.r.i.MethodCallReplacementCache - Skipping method notifyAll
23:36:05.217 [main] DEBUG o.e.r.i.MethodCallReplacementCache - Skipping method get
23:36:05.217 [main] DEBUG o.e.r.i.MethodCallReplacementCache - Skipping method equals
23:36:05.217 [main] DEBUG o.e.r.i.MethodCallReplacementCache - Skipping method toString
23:36:05.217 [main] DEBUG o.e.r.i.MethodCallReplacementCache - Skipping method hashCode
23:36:05.217 [main] DEBUG o.e.r.i.MethodCallReplacementCache - Skipping method compareTo
23:36:05.217 [main] DEBUG o.e.r.i.MethodCallReplacementCache - Skipping method compareTo
23:36:05.217 [main] DEBUG o.e.r.i.MethodCallReplacementCache - Skipping method getLong
23:36:05.218 [main] DEBUG o.e.r.i.MethodCallReplacementCache - Skipping method format
23:36:05.218 [main] DEBUG o.e.r.i.MethodCallReplacementCache - Skipping method query
23:36:05.218 [main] DEBUG o.e.r.i.MethodCallReplacementCache - Skipping method getOffset
23:36:05.218 [main] DEBUG o.e.r.i.MethodCallReplacementCache - Skipping method isSupported
23:36:05.219 [main] DEBUG o.e.r.i.MethodCallReplacementCache - Skipping method isSupported
23:36:05.219 [main] DEBUG o.e.r.i.MethodCallReplacementCache - Skipping method range
23:36:05.219 [main] DEBUG o.e.r.i.MethodCallReplacementCache - Skipping method with
23:36:05.219 [main] DEBUG o.e.r.i.MethodCallReplacementCache - Skipping method with
23:36:05.220 [main] DEBUG o.e.r.i.MethodCallReplacementCache - Skipping method with
23:36:05.220 [main] DEBUG o.e.r.i.MethodCallReplacementCache - Skipping method with
23:36:05.220 [main] DEBUG o.e.r.i.MethodCallReplacementCache - Skipping method getNano
23:36:05.220 [main] DEBUG o.e.r.i.MethodCallReplacementCache - Skipping method truncatedTo
23:36:05.220 [main] DEBUG o.e.r.i.MethodCallReplacementCache - Skipping method plus
23:36:05.221 [main] DEBUG o.e.r.i.MethodCallReplacementCache - Skipping method plus
23:36:05.221 [main] DEBUG o.e.r.i.MethodCallReplacementCache - Skipping method plus
23:36:05.223 [main] DEBUG o.e.r.i.MethodCallReplacementCache - Skipping method plus
23:36:05.225 [main] DEBUG o.e.r.i.MethodCallReplacementCache - Skipping method plusNanos
23:36:05.225 [main] DEBUG o.e.r.i.MethodCallReplacementCache - Skipping method minus
23:36:05.225 [main] DEBUG o.e.r.i.MethodCallReplacementCache - Skipping method minus
23:36:05.225 [main] DEBUG o.e.r.i.MethodCallReplacementCache - Skipping method minus
23:36:05.225 [main] DEBUG o.e.r.i.MethodCallReplacementCache - Skipping method minus
23:36:05.225 [main] DEBUG o.e.r.i.MethodCallReplacementCache - Skipping method minusSeconds
23:36:05.225 [main] DEBUG o.e.r.i.MethodCallReplacementCache - Skipping method minusNanos
23:36:05.225 [main] DEBUG o.e.r.i.MethodCallReplacementCache - Skipping method adjustInto
23:36:05.226 [main] DEBUG o.e.r.i.MethodCallReplacementCache - Skipping method until
23:36:05.226 [main] DEBUG o.e.r.i.MethodCallReplacementCache - Skipping method isAfter
23:36:05.226 [main] DEBUG o.e.r.i.MethodCallReplacementCache - Skipping method isBefore
23:36:05.226 [main] DEBUG o.e.r.i.MethodCallReplacementCache - Skipping method getDayOfYear
23:36:05.226 [main] DEBUG o.e.r.i.MethodCallReplacementCache - Skipping method getDayOfWeek
23:36:05.226 [main] DEBUG o.e.r.i.MethodCallReplacementCache - Skipping method getMonth
23:36:05.226 [main] DEBUG o.e.r.i.MethodCallReplacementCache - Skipping method getDayOfMonth
23:36:05.226 [main] DEBUG o.e.r.i.MethodCallReplacementCache - Skipping method getYear
23:36:05.226 [main] DEBUG o.e.r.i.MethodCallReplacementCache - Skipping method plusSeconds
23:36:05.226 [main] DEBUG o.e.r.i.MethodCallReplacementCache - Skipping method getMonthValue
23:36:05.227 [main] DEBUG o.e.r.i.MethodCallReplacementCache - Skipping method toLocalTime
23:36:05.227 [main] DEBUG o.e.r.i.MethodCallReplacementCache - Skipping method toInstant
23:36:05.227 [main] DEBUG o.e.r.i.MethodCallReplacementCache - Skipping method isEqual
23:36:05.227 [main] DEBUG o.e.r.i.MethodCallReplacementCache - Skipping method toZonedDateTime
23:36:05.227 [main] DEBUG o.e.r.i.MethodCallReplacementCache - Skipping method toEpochSecond
23:36:05.227 [main] DEBUG o.e.r.i.MethodCallReplacementCache - Skipping method withYear
23:36:05.227 [main] DEBUG o.e.r.i.MethodCallReplacementCache - Skipping method withMonth
23:36:05.227 [main] DEBUG o.e.r.i.MethodCallReplacementCache - Skipping method withDayOfMonth
23:36:05.227 [main] DEBUG o.e.r.i.MethodCallReplacementCache - Skipping method withDayOfYear
23:36:05.227 [main] DEBUG o.e.r.i.MethodCallReplacementCache - Skipping method plusYears
23:36:05.227 [main] DEBUG o.e.r.i.MethodCallReplacementCache - Skipping method plusMonths
23:36:05.227 [main] DEBUG o.e.r.i.MethodCallReplacementCache - Skipping method plusWeeks
23:36:05.227 [main] DEBUG o.e.r.i.MethodCallReplacementCache - Skipping method plusDays
23:36:05.227 [main] DEBUG o.e.r.i.MethodCallReplacementCache - Skipping method minusYears
23:36:05.228 [main] DEBUG o.e.r.i.MethodCallReplacementCache - Skipping method minusMonths
23:36:05.228 [main] DEBUG o.e.r.i.MethodCallReplacementCache - Skipping method minusWeeks
23:36:05.228 [main] DEBUG o.e.r.i.MethodCallReplacementCache - Skipping method minusDays
23:36:05.228 [main] DEBUG o.e.r.i.MethodCallReplacementCache - Skipping method toLocalDate
23:36:05.228 [main] DEBUG o.e.r.i.MethodCallReplacementCache - Skipping method getHour
23:36:05.228 [main] DEBUG o.e.r.i.MethodCallReplacementCache - Skipping method getMinute
23:36:05.228 [main] DEBUG o.e.r.i.MethodCallReplacementCache - Skipping method getSecond
23:36:05.228 [main] DEBUG o.e.r.i.MethodCallReplacementCache - Skipping method withHour
23:36:05.228 [main] DEBUG o.e.r.i.MethodCallReplacementCache - Skipping method withMinute
23:36:05.228 [main] DEBUG o.e.r.i.MethodCallReplacementCache - Skipping method withSecond
23:36:05.228 [main] DEBUG o.e.r.i.MethodCallReplacementCache - Skipping method withNano
23:36:05.229 [main] DEBUG o.e.r.i.MethodCallReplacementCache - Skipping method plusHours
23:36:05.229 [main] DEBUG o.e.r.i.MethodCallReplacementCache - Skipping method plusMinutes
23:36:05.229 [main] DEBUG o.e.r.i.MethodCallReplacementCache - Skipping method minusHours
23:36:05.229 [main] DEBUG o.e.r.i.MethodCallReplacementCache - Skipping method minusMinutes
23:36:05.229 [main] DEBUG o.e.r.i.MethodCallReplacementCache - Skipping method toLocalDateTime
23:36:05.229 [main] DEBUG o.e.r.i.MethodCallReplacementCache - Skipping method withOffsetSameLocal
23:36:05.230 [main] DEBUG o.e.r.i.MethodCallReplacementCache - Skipping method withOffsetSameInstant
23:36:05.230 [main] DEBUG o.e.r.i.MethodCallReplacementCache - Skipping method atZoneSameInstant
23:36:05.230 [main] DEBUG o.e.r.i.MethodCallReplacementCache - Skipping method atZoneSimilarLocal
23:36:05.230 [main] DEBUG o.e.r.i.MethodCallReplacementCache - Skipping method toOffsetTime
23:36:05.230 [main] DEBUG o.e.r.i.MethodCallReplacementCache - Skipping method wait
23:36:05.231 [main] DEBUG o.e.r.i.MethodCallReplacementCache - Skipping method wait
23:36:05.231 [main] DEBUG o.e.r.i.MethodCallReplacementCache - Skipping method wait
23:36:05.231 [main] DEBUG o.e.r.i.MethodCallReplacementCache - Skipping method getClass
23:36:05.231 [main] DEBUG o.e.r.i.MethodCallReplacementCache - Skipping method notify
23:36:05.231 [main] DEBUG o.e.r.i.MethodCallReplacementCache - Skipping method notifyAll
23:36:05.232 [main] DEBUG o.e.r.i.MethodCallReplacementCache - Skipping method get
23:36:05.232 [main] DEBUG o.e.r.i.MethodCallReplacementCache - Skipping method equals
23:36:05.232 [main] DEBUG o.e.r.i.MethodCallReplacementCache - Skipping method toString
23:36:05.232 [main] DEBUG o.e.r.i.MethodCallReplacementCache - Skipping method hashCode
23:36:05.232 [main] DEBUG o.e.r.i.MethodCallReplacementCache - Skipping method compareTo
23:36:05.232 [main] DEBUG o.e.r.i.MethodCallReplacementCache - Skipping method compareTo
23:36:05.232 [main] DEBUG o.e.r.i.MethodCallReplacementCache - Skipping method getLong
23:36:05.232 [main] DEBUG o.e.r.i.MethodCallReplacementCache - Skipping method format
23:36:05.232 [main] DEBUG o.e.r.i.MethodCallReplacementCache - Skipping method query
23:36:05.232 [main] DEBUG o.e.r.i.MethodCallReplacementCache - Skipping method getOffset
23:36:05.232 [main] DEBUG o.e.r.i.MethodCallReplacementCache - Skipping method isSupported
23:36:05.233 [main] DEBUG o.e.r.i.MethodCallReplacementCache - Skipping method isSupported
23:36:05.233 [main] DEBUG o.e.r.i.MethodCallReplacementCache - Skipping method range
23:36:05.233 [main] DEBUG o.e.r.i.MethodCallReplacementCache - Skipping method with
23:36:05.233 [main] DEBUG o.e.r.i.MethodCallReplacementCache - Skipping method with
23:36:05.233 [main] DEBUG o.e.r.i.MethodCallReplacementCache - Skipping method with
23:36:05.233 [main] DEBUG o.e.r.i.MethodCallReplacementCache - Skipping method with
23:36:05.233 [main] DEBUG o.e.r.i.MethodCallReplacementCache - Skipping method getNano
23:36:05.233 [main] DEBUG o.e.r.i.MethodCallReplacementCache - Skipping method truncatedTo
23:36:05.233 [main] DEBUG o.e.r.i.MethodCallReplacementCache - Skipping method plus
23:36:05.234 [main] DEBUG o.e.r.i.MethodCallReplacementCache - Skipping method plus
23:36:05.234 [main] DEBUG o.e.r.i.MethodCallReplacementCache - Skipping method plus
23:36:05.234 [main] DEBUG o.e.r.i.MethodCallReplacementCache - Skipping method plus
23:36:05.234 [main] DEBUG o.e.r.i.MethodCallReplacementCache - Skipping method plusNanos
23:36:05.234 [main] DEBUG o.e.r.i.MethodCallReplacementCache - Skipping method minus
23:36:05.234 [main] DEBUG o.e.r.i.MethodCallReplacementCache - Skipping method minus
23:36:05.234 [main] DEBUG o.e.r.i.MethodCallReplacementCache - Skipping method minus
23:36:05.234 [main] DEBUG o.e.r.i.MethodCallReplacementCache - Skipping method minus
23:36:05.234 [main] DEBUG o.e.r.i.MethodCallReplacementCache - Skipping method minusSeconds
23:36:05.234 [main] DEBUG o.e.r.i.MethodCallReplacementCache - Skipping method minusNanos
23:36:05.234 [main] DEBUG o.e.r.i.MethodCallReplacementCache - Skipping method adjustInto
23:36:05.234 [main] DEBUG o.e.r.i.MethodCallReplacementCache - Skipping method until
23:36:05.234 [main] DEBUG o.e.r.i.MethodCallReplacementCache - Skipping method isAfter
23:36:05.235 [main] DEBUG o.e.r.i.MethodCallReplacementCache - Skipping method isBefore
23:36:05.235 [main] DEBUG o.e.r.i.MethodCallReplacementCache - Skipping method plusSeconds
23:36:05.235 [main] DEBUG o.e.r.i.MethodCallReplacementCache - Skipping method toLocalTime
23:36:05.235 [main] DEBUG o.e.r.i.MethodCallReplacementCache - Skipping method isEqual
23:36:05.235 [main] DEBUG o.e.r.i.MethodCallReplacementCache - Skipping method getHour
23:36:05.235 [main] DEBUG o.e.r.i.MethodCallReplacementCache - Skipping method getMinute
23:36:05.235 [main] DEBUG o.e.r.i.MethodCallReplacementCache - Skipping method getSecond
23:36:05.236 [main] DEBUG o.e.r.i.MethodCallReplacementCache - Skipping method withHour
23:36:05.236 [main] DEBUG o.e.r.i.MethodCallReplacementCache - Skipping method withMinute
23:36:05.236 [main] DEBUG o.e.r.i.MethodCallReplacementCache - Skipping method withSecond
23:36:05.236 [main] DEBUG o.e.r.i.MethodCallReplacementCache - Skipping method withNano
23:36:05.236 [main] DEBUG o.e.r.i.MethodCallReplacementCache - Skipping method plusHours
23:36:05.236 [main] DEBUG o.e.r.i.MethodCallReplacementCache - Skipping method plusMinutes
23:36:05.236 [main] DEBUG o.e.r.i.MethodCallReplacementCache - Skipping method minusHours
23:36:05.237 [main] DEBUG o.e.r.i.MethodCallReplacementCache - Skipping method minusMinutes
23:36:05.237 [main] DEBUG o.e.r.i.MethodCallReplacementCache - Skipping method atDate
23:36:05.237 [main] DEBUG o.e.r.i.MethodCallReplacementCache - Skipping method withOffsetSameLocal
23:36:05.237 [main] DEBUG o.e.r.i.MethodCallReplacementCache - Skipping method withOffsetSameInstant
23:36:05.237 [main] DEBUG o.e.r.i.MethodCallReplacementCache - Skipping method wait
23:36:05.237 [main] DEBUG o.e.r.i.MethodCallReplacementCache - Skipping method wait
23:36:05.237 [main] DEBUG o.e.r.i.MethodCallReplacementCache - Skipping method wait
23:36:05.237 [main] DEBUG o.e.r.i.MethodCallReplacementCache - Skipping method getClass
23:36:05.237 [main] DEBUG o.e.r.i.MethodCallReplacementCache - Skipping method notify
23:36:05.238 [main] DEBUG o.e.r.i.MethodCallReplacementCache - Skipping method notifyAll
23:36:05.238 [main] DEBUG o.e.r.i.MethodCallReplacementCache - Skipping method get
23:36:05.238 [main] DEBUG o.e.r.i.MethodCallReplacementCache - Skipping method equals
23:36:05.238 [main] DEBUG o.e.r.i.MethodCallReplacementCache - Skipping method toString
23:36:05.238 [main] DEBUG o.e.r.i.MethodCallReplacementCache - Skipping method hashCode
23:36:05.238 [main] DEBUG o.e.r.i.MethodCallReplacementCache - Skipping method compareTo
23:36:05.238 [main] DEBUG o.e.r.i.MethodCallReplacementCache - Skipping method compareTo
23:36:05.238 [main] DEBUG o.e.r.i.MethodCallReplacementCache - Skipping method getLong
23:36:05.238 [main] DEBUG o.e.r.i.MethodCallReplacementCache - Skipping method length
23:36:05.239 [main] DEBUG o.e.r.i.MethodCallReplacementCache - Skipping method format
23:36:05.239 [main] DEBUG o.e.r.i.MethodCallReplacementCache - Skipping method getValue
23:36:05.239 [main] DEBUG o.e.r.i.MethodCallReplacementCache - Skipping method query
23:36:05.239 [main] DEBUG o.e.r.i.MethodCallReplacementCache - Skipping method isSupported
23:36:05.239 [main] DEBUG o.e.r.i.MethodCallReplacementCache - Skipping method isSupported
23:36:05.239 [main] DEBUG o.e.r.i.MethodCallReplacementCache - Skipping method range
23:36:05.239 [main] DEBUG o.e.r.i.MethodCallReplacementCache - Skipping method with
23:36:05.239 [main] DEBUG o.e.r.i.MethodCallReplacementCache - Skipping method with
23:36:05.239 [main] DEBUG o.e.r.i.MethodCallReplacementCache - Skipping method with
23:36:05.239 [main] DEBUG o.e.r.i.MethodCallReplacementCache - Skipping method with
23:36:05.239 [main] DEBUG o.e.r.i.MethodCallReplacementCache - Skipping method plus
23:36:05.239 [main] DEBUG o.e.r.i.MethodCallReplacementCache - Skipping method plus
23:36:05.239 [main] DEBUG o.e.r.i.MethodCallReplacementCache - Skipping method plus
23:36:05.239 [main] DEBUG o.e.r.i.MethodCallReplacementCache - Skipping method plus
23:36:05.239 [main] DEBUG o.e.r.i.MethodCallReplacementCache - Skipping method minus
23:36:05.240 [main] DEBUG o.e.r.i.MethodCallReplacementCache - Skipping method minus
23:36:05.240 [main] DEBUG o.e.r.i.MethodCallReplacementCache - Skipping method minus
23:36:05.240 [main] DEBUG o.e.r.i.MethodCallReplacementCache - Skipping method minus
23:36:05.240 [main] DEBUG o.e.r.i.MethodCallReplacementCache - Skipping method adjustInto
23:36:05.240 [main] DEBUG o.e.r.i.MethodCallReplacementCache - Skipping method until
23:36:05.240 [main] DEBUG o.e.r.i.MethodCallReplacementCache - Skipping method isAfter
23:36:05.240 [main] DEBUG o.e.r.i.MethodCallReplacementCache - Skipping method isBefore
23:36:05.240 [main] DEBUG o.e.r.i.MethodCallReplacementCache - Skipping method isLeap
23:36:05.240 [main] DEBUG o.e.r.i.MethodCallReplacementCache - Skipping method plusYears
23:36:05.240 [main] DEBUG o.e.r.i.MethodCallReplacementCache - Skipping method minusYears
23:36:05.240 [main] DEBUG o.e.r.i.MethodCallReplacementCache - Skipping method isValidMonthDay
23:36:05.240 [main] DEBUG o.e.r.i.MethodCallReplacementCache - Skipping method atDay
23:36:05.240 [main] DEBUG o.e.r.i.MethodCallReplacementCache - Skipping method atMonth
23:36:05.240 [main] DEBUG o.e.r.i.MethodCallReplacementCache - Skipping method atMonth
23:36:05.240 [main] DEBUG o.e.r.i.MethodCallReplacementCache - Skipping method atMonthDay
23:36:05.240 [main] DEBUG o.e.r.i.MethodCallReplacementCache - Skipping method wait
23:36:05.240 [main] DEBUG o.e.r.i.MethodCallReplacementCache - Skipping method wait
23:36:05.240 [main] DEBUG o.e.r.i.MethodCallReplacementCache - Skipping method wait
23:36:05.241 [main] DEBUG o.e.r.i.MethodCallReplacementCache - Skipping method getClass
23:36:05.241 [main] DEBUG o.e.r.i.MethodCallReplacementCache - Skipping method notify
23:36:05.241 [main] DEBUG o.e.r.i.MethodCallReplacementCache - Skipping method notifyAll
23:36:05.241 [main] DEBUG o.e.r.i.MethodCallReplacementCache - Skipping method get
23:36:05.241 [main] DEBUG o.e.r.i.MethodCallReplacementCache - Skipping method equals
23:36:05.241 [main] DEBUG o.e.r.i.MethodCallReplacementCache - Skipping method toString
23:36:05.241 [main] DEBUG o.e.r.i.MethodCallReplacementCache - Skipping method hashCode
23:36:05.241 [main] DEBUG o.e.r.i.MethodCallReplacementCache - Skipping method compareTo
23:36:05.242 [main] DEBUG o.e.r.i.MethodCallReplacementCache - Skipping method compareTo
23:36:05.242 [main] DEBUG o.e.r.i.MethodCallReplacementCache - Skipping method getLong
23:36:05.242 [main] DEBUG o.e.r.i.MethodCallReplacementCache - Skipping method format
23:36:05.242 [main] DEBUG o.e.r.i.MethodCallReplacementCache - Skipping method query
23:36:05.242 [main] DEBUG o.e.r.i.MethodCallReplacementCache - Skipping method isSupported
23:36:05.242 [main] DEBUG o.e.r.i.MethodCallReplacementCache - Skipping method isSupported
23:36:05.242 [main] DEBUG o.e.r.i.MethodCallReplacementCache - Skipping method range
23:36:05.242 [main] DEBUG o.e.r.i.MethodCallReplacementCache - Skipping method with
23:36:05.242 [main] DEBUG o.e.r.i.MethodCallReplacementCache - Skipping method with
23:36:05.242 [main] DEBUG o.e.r.i.MethodCallReplacementCache - Skipping method with
23:36:05.243 [main] DEBUG o.e.r.i.MethodCallReplacementCache - Skipping method with
23:36:05.243 [main] DEBUG o.e.r.i.MethodCallReplacementCache - Skipping method plus
23:36:05.243 [main] DEBUG o.e.r.i.MethodCallReplacementCache - Skipping method plus
23:36:05.243 [main] DEBUG o.e.r.i.MethodCallReplacementCache - Skipping method plus
23:36:05.243 [main] DEBUG o.e.r.i.MethodCallReplacementCache - Skipping method plus
23:36:05.243 [main] DEBUG o.e.r.i.MethodCallReplacementCache - Skipping method minus
23:36:05.243 [main] DEBUG o.e.r.i.MethodCallReplacementCache - Skipping method minus
23:36:05.244 [main] DEBUG o.e.r.i.MethodCallReplacementCache - Skipping method minus
23:36:05.244 [main] DEBUG o.e.r.i.MethodCallReplacementCache - Skipping method minus
23:36:05.244 [main] DEBUG o.e.r.i.MethodCallReplacementCache - Skipping method adjustInto
23:36:05.249 [main] DEBUG o.e.r.i.MethodCallReplacementCache - Skipping method until
23:36:05.249 [main] DEBUG o.e.r.i.MethodCallReplacementCache - Skipping method isAfter
23:36:05.249 [main] DEBUG o.e.r.i.MethodCallReplacementCache - Skipping method isBefore
23:36:05.249 [main] DEBUG o.e.r.i.MethodCallReplacementCache - Skipping method isLeapYear
23:36:05.250 [main] DEBUG o.e.r.i.MethodCallReplacementCache - Skipping method getMonth
23:36:05.250 [main] DEBUG o.e.r.i.MethodCallReplacementCache - Skipping method getYear
23:36:05.250 [main] DEBUG o.e.r.i.MethodCallReplacementCache - Skipping method getMonthValue
23:36:05.250 [main] DEBUG o.e.r.i.MethodCallReplacementCache - Skipping method lengthOfMonth
23:36:05.250 [main] DEBUG o.e.r.i.MethodCallReplacementCache - Skipping method lengthOfYear
23:36:05.250 [main] DEBUG o.e.r.i.MethodCallReplacementCache - Skipping method withYear
23:36:05.251 [main] DEBUG o.e.r.i.MethodCallReplacementCache - Skipping method withMonth
23:36:05.251 [main] DEBUG o.e.r.i.MethodCallReplacementCache - Skipping method plusYears
23:36:05.251 [main] DEBUG o.e.r.i.MethodCallReplacementCache - Skipping method plusMonths
23:36:05.251 [main] DEBUG o.e.r.i.MethodCallReplacementCache - Skipping method minusYears
23:36:05.251 [main] DEBUG o.e.r.i.MethodCallReplacementCache - Skipping method minusMonths
23:36:05.251 [main] DEBUG o.e.r.i.MethodCallReplacementCache - Skipping method atDay
23:36:05.251 [main] DEBUG o.e.r.i.MethodCallReplacementCache - Skipping method isValidDay
23:36:05.251 [main] DEBUG o.e.r.i.MethodCallReplacementCache - Skipping method atEndOfMonth
23:36:05.252 [main] DEBUG o.e.r.i.MethodCallReplacementCache - Skipping method wait
23:36:05.252 [main] DEBUG o.e.r.i.MethodCallReplacementCache - Skipping method wait
23:36:05.252 [main] DEBUG o.e.r.i.MethodCallReplacementCache - Skipping method wait
23:36:05.252 [main] DEBUG o.e.r.i.MethodCallReplacementCache - Skipping method getClass
23:36:05.252 [main] DEBUG o.e.r.i.MethodCallReplacementCache - Skipping method notify
23:36:05.252 [main] DEBUG o.e.r.i.MethodCallReplacementCache - Skipping method notifyAll
23:36:05.253 [main] DEBUG o.e.r.i.MethodCallReplacementCache - Skipping method get
23:36:05.253 [main] DEBUG o.e.r.i.MethodCallReplacementCache - Skipping method equals
23:36:05.254 [main] DEBUG o.e.r.i.MethodCallReplacementCache - Skipping method toString
23:36:05.254 [main] DEBUG o.e.r.i.MethodCallReplacementCache - Skipping method hashCode
23:36:05.254 [main] DEBUG o.e.r.i.MethodCallReplacementCache - Skipping method getLong
23:36:05.254 [main] DEBUG o.e.r.i.MethodCallReplacementCache - Skipping method format
23:36:05.254 [main] DEBUG o.e.r.i.MethodCallReplacementCache - Skipping method query
23:36:05.254 [main] DEBUG o.e.r.i.MethodCallReplacementCache - Skipping method getOffset
23:36:05.254 [main] DEBUG o.e.r.i.MethodCallReplacementCache - Skipping method isSupported
23:36:05.255 [main] DEBUG o.e.r.i.MethodCallReplacementCache - Skipping method isSupported
23:36:05.255 [main] DEBUG o.e.r.i.MethodCallReplacementCache - Skipping method range
23:36:05.255 [main] DEBUG o.e.r.i.MethodCallReplacementCache - Skipping method with
23:36:05.255 [main] DEBUG o.e.r.i.MethodCallReplacementCache - Skipping method with
23:36:05.255 [main] DEBUG o.e.r.i.MethodCallReplacementCache - Skipping method with
23:36:05.255 [main] DEBUG o.e.r.i.MethodCallReplacementCache - Skipping method with
23:36:05.259 [main] DEBUG o.e.r.i.MethodCallReplacementCache - Skipping method with
23:36:05.259 [main] DEBUG o.e.r.i.MethodCallReplacementCache - Skipping method with
23:36:05.259 [main] DEBUG o.e.r.i.MethodCallReplacementCache - Skipping method getNano
23:36:05.259 [main] DEBUG o.e.r.i.MethodCallReplacementCache - Skipping method truncatedTo
23:36:05.259 [main] DEBUG o.e.r.i.MethodCallReplacementCache - Skipping method plus
23:36:05.259 [main] DEBUG o.e.r.i.MethodCallReplacementCache - Skipping method plus
23:36:05.259 [main] DEBUG o.e.r.i.MethodCallReplacementCache - Skipping method plus
23:36:05.259 [main] DEBUG o.e.r.i.MethodCallReplacementCache - Skipping method plus
23:36:05.259 [main] DEBUG o.e.r.i.MethodCallReplacementCache - Skipping method plus
23:36:05.260 [main] DEBUG o.e.r.i.MethodCallReplacementCache - Skipping method plus
23:36:05.260 [main] DEBUG o.e.r.i.MethodCallReplacementCache - Skipping method plusNanos
23:36:05.260 [main] DEBUG o.e.r.i.MethodCallReplacementCache - Skipping method minus
23:36:05.260 [main] DEBUG o.e.r.i.MethodCallReplacementCache - Skipping method minus
23:36:05.260 [main] DEBUG o.e.r.i.MethodCallReplacementCache - Skipping method minus
23:36:05.260 [main] DEBUG o.e.r.i.MethodCallReplacementCache - Skipping method minus
23:36:05.260 [main] DEBUG o.e.r.i.MethodCallReplacementCache - Skipping method minus
23:36:05.260 [main] DEBUG o.e.r.i.MethodCallReplacementCache - Skipping method minus
23:36:05.260 [main] DEBUG o.e.r.i.MethodCallReplacementCache - Skipping method minusSeconds
23:36:05.260 [main] DEBUG o.e.r.i.MethodCallReplacementCache - Skipping method minusNanos
23:36:05.260 [main] DEBUG o.e.r.i.MethodCallReplacementCache - Skipping method until
23:36:05.260 [main] DEBUG o.e.r.i.MethodCallReplacementCache - Skipping method getDayOfYear
23:36:05.260 [main] DEBUG o.e.r.i.MethodCallReplacementCache - Skipping method getDayOfWeek
23:36:05.260 [main] DEBUG o.e.r.i.MethodCallReplacementCache - Skipping method getMonth
23:36:05.260 [main] DEBUG o.e.r.i.MethodCallReplacementCache - Skipping method getDayOfMonth
23:36:05.260 [main] DEBUG o.e.r.i.MethodCallReplacementCache - Skipping method getZone
23:36:05.260 [main] DEBUG o.e.r.i.MethodCallReplacementCache - Skipping method getYear
23:36:05.260 [main] DEBUG o.e.r.i.MethodCallReplacementCache - Skipping method plusSeconds
23:36:05.260 [main] DEBUG o.e.r.i.MethodCallReplacementCache - Skipping method getMonthValue
23:36:05.260 [main] DEBUG o.e.r.i.MethodCallReplacementCache - Skipping method toLocalTime
23:36:05.260 [main] DEBUG o.e.r.i.MethodCallReplacementCache - Skipping method withYear
23:36:05.260 [main] DEBUG o.e.r.i.MethodCallReplacementCache - Skipping method withMonth
23:36:05.260 [main] DEBUG o.e.r.i.MethodCallReplacementCache - Skipping method withDayOfMonth
23:36:05.260 [main] DEBUG o.e.r.i.MethodCallReplacementCache - Skipping method withDayOfYear
23:36:05.264 [main] DEBUG o.e.r.i.MethodCallReplacementCache - Skipping method plusYears
23:36:05.264 [main] DEBUG o.e.r.i.MethodCallReplacementCache - Skipping method plusMonths
23:36:05.264 [main] DEBUG o.e.r.i.MethodCallReplacementCache - Skipping method plusWeeks
23:36:05.264 [main] DEBUG o.e.r.i.MethodCallReplacementCache - Skipping method plusDays
23:36:05.264 [main] DEBUG o.e.r.i.MethodCallReplacementCache - Skipping method minusYears
23:36:05.264 [main] DEBUG o.e.r.i.MethodCallReplacementCache - Skipping method minusMonths
23:36:05.264 [main] DEBUG o.e.r.i.MethodCallReplacementCache - Skipping method minusWeeks
23:36:05.265 [main] DEBUG o.e.r.i.MethodCallReplacementCache - Skipping method minusDays
23:36:05.265 [main] DEBUG o.e.r.i.MethodCallReplacementCache - Skipping method toLocalDate
23:36:05.265 [main] DEBUG o.e.r.i.MethodCallReplacementCache - Skipping method toLocalDate
23:36:05.265 [main] DEBUG o.e.r.i.MethodCallReplacementCache - Skipping method getHour
23:36:05.265 [main] DEBUG o.e.r.i.MethodCallReplacementCache - Skipping method getMinute
23:36:05.265 [main] DEBUG o.e.r.i.MethodCallReplacementCache - Skipping method getSecond
23:36:05.265 [main] DEBUG o.e.r.i.MethodCallReplacementCache - Skipping method withHour
23:36:05.265 [main] DEBUG o.e.r.i.MethodCallReplacementCache - Skipping method withMinute
23:36:05.265 [main] DEBUG o.e.r.i.MethodCallReplacementCache - Skipping method withSecond
23:36:05.265 [main] DEBUG o.e.r.i.MethodCallReplacementCache - Skipping method withNano
23:36:05.265 [main] DEBUG o.e.r.i.MethodCallReplacementCache - Skipping method plusHours
23:36:05.265 [main] DEBUG o.e.r.i.MethodCallReplacementCache - Skipping method plusMinutes
23:36:05.265 [main] DEBUG o.e.r.i.MethodCallReplacementCache - Skipping method minusHours
23:36:05.265 [main] DEBUG o.e.r.i.MethodCallReplacementCache - Skipping method minusMinutes
23:36:05.265 [main] DEBUG o.e.r.i.MethodCallReplacementCache - Skipping method toLocalDateTime
23:36:05.265 [main] DEBUG o.e.r.i.MethodCallReplacementCache - Skipping method toLocalDateTime
23:36:05.265 [main] DEBUG o.e.r.i.MethodCallReplacementCache - Skipping method withEarlierOffsetAtOverlap
23:36:05.265 [main] DEBUG o.e.r.i.MethodCallReplacementCache - Skipping method withEarlierOffsetAtOverlap
23:36:05.265 [main] DEBUG o.e.r.i.MethodCallReplacementCache - Skipping method withLaterOffsetAtOverlap
23:36:05.265 [main] DEBUG o.e.r.i.MethodCallReplacementCache - Skipping method withLaterOffsetAtOverlap
23:36:05.265 [main] DEBUG o.e.r.i.MethodCallReplacementCache - Skipping method withZoneSameLocal
23:36:05.265 [main] DEBUG o.e.r.i.MethodCallReplacementCache - Skipping method withZoneSameLocal
23:36:05.265 [main] DEBUG o.e.r.i.MethodCallReplacementCache - Skipping method withZoneSameInstant
23:36:05.265 [main] DEBUG o.e.r.i.MethodCallReplacementCache - Skipping method withZoneSameInstant
23:36:05.265 [main] DEBUG o.e.r.i.MethodCallReplacementCache - Skipping method withFixedOffsetZone
23:36:05.266 [main] DEBUG o.e.r.i.MethodCallReplacementCache - Skipping method toOffsetDateTime
23:36:05.266 [main] DEBUG o.e.r.i.MethodCallReplacementCache - Skipping method wait
23:36:05.266 [main] DEBUG o.e.r.i.MethodCallReplacementCache - Skipping method wait
23:36:05.266 [main] DEBUG o.e.r.i.MethodCallReplacementCache - Skipping method wait
23:36:05.266 [main] DEBUG o.e.r.i.MethodCallReplacementCache - Skipping method getClass
23:36:05.266 [main] DEBUG o.e.r.i.MethodCallReplacementCache - Skipping method notify
23:36:05.266 [main] DEBUG o.e.r.i.MethodCallReplacementCache - Skipping method notifyAll
23:36:05.266 [main] DEBUG o.e.r.i.MethodCallReplacementCache - Skipping method compareTo
23:36:05.266 [main] DEBUG o.e.r.i.MethodCallReplacementCache - Skipping method compareTo
23:36:05.266 [main] DEBUG o.e.r.i.MethodCallReplacementCache - Skipping method isAfter
23:36:05.266 [main] DEBUG o.e.r.i.MethodCallReplacementCache - Skipping method isBefore
23:36:05.266 [main] DEBUG o.e.r.i.MethodCallReplacementCache - Skipping method toInstant
23:36:05.266 [main] DEBUG o.e.r.i.MethodCallReplacementCache - Skipping method isEqual
23:36:05.266 [main] DEBUG o.e.r.i.MethodCallReplacementCache - Skipping method toEpochSecond
23:36:05.266 [main] DEBUG o.e.r.i.MethodCallReplacementCache - Skipping method getChronology
23:36:05.267 [main] DEBUG o.e.r.i.MethodCallReplacementCache - Skipping method getId
23:36:05.267 [main] DEBUG o.e.r.i.MethodCallReplacementCache - Skipping method range
23:36:05.267 [main] DEBUG o.e.r.i.MethodCallReplacementCache - Skipping method dateNow
23:36:05.267 [main] DEBUG o.e.r.i.MethodCallReplacementCache - Skipping method dateNow
23:36:05.268 [main] DEBUG o.e.r.i.MethodCallReplacementCache - Skipping method localDateTime
23:36:05.268 [main] DEBUG o.e.r.i.MethodCallReplacementCache - Skipping method prolepticYear
23:36:05.268 [main] DEBUG o.e.r.i.MethodCallReplacementCache - Skipping method isLeapYear
23:36:05.270 [main] DEBUG o.e.r.i.MethodCallReplacementCache - Skipping method eras
23:36:05.270 [main] DEBUG o.e.r.i.MethodCallReplacementCache - Skipping method date
23:36:05.270 [main] DEBUG o.e.r.i.MethodCallReplacementCache - Skipping method date
23:36:05.271 [main] DEBUG o.e.r.i.MethodCallReplacementCache - Skipping method date
23:36:05.271 [main] DEBUG o.e.r.i.MethodCallReplacementCache - Skipping method date
23:36:05.271 [main] DEBUG o.e.r.i.MethodCallReplacementCache - Skipping method date
23:36:05.271 [main] DEBUG o.e.r.i.MethodCallReplacementCache - Skipping method date
23:36:05.271 [main] DEBUG o.e.r.i.MethodCallReplacementCache - Skipping method dateYearDay
23:36:05.272 [main] DEBUG o.e.r.i.MethodCallReplacementCache - Skipping method dateYearDay
23:36:05.272 [main] DEBUG o.e.r.i.MethodCallReplacementCache - Skipping method dateYearDay
23:36:05.272 [main] DEBUG o.e.r.i.MethodCallReplacementCache - Skipping method dateYearDay
23:36:05.272 [main] DEBUG o.e.r.i.MethodCallReplacementCache - Skipping method dateEpochDay
23:36:05.272 [main] DEBUG o.e.r.i.MethodCallReplacementCache - Skipping method dateEpochDay
23:36:05.272 [main] DEBUG o.e.r.i.MethodCallReplacementCache - Skipping method resolveDate
23:36:05.272 [main] DEBUG o.e.r.i.MethodCallReplacementCache - Skipping method resolveDate
23:36:05.273 [main] DEBUG o.e.r.i.MethodCallReplacementCache - Skipping method eraOf
23:36:05.273 [main] DEBUG o.e.r.i.MethodCallReplacementCache - Skipping method eraOf
23:36:05.273 [main] DEBUG o.e.r.i.MethodCallReplacementCache - Skipping method zonedDateTime
23:36:05.274 [main] DEBUG o.e.r.i.MethodCallReplacementCache - Skipping method zonedDateTime
23:36:05.274 [main] DEBUG o.e.r.i.MethodCallReplacementCache - Skipping method getCalendarType
23:36:05.275 [main] DEBUG o.e.r.i.MethodCallReplacementCache - Skipping method equals
23:36:05.275 [main] DEBUG o.e.r.i.MethodCallReplacementCache - Skipping method toString
23:36:05.275 [main] DEBUG o.e.r.i.MethodCallReplacementCache - Skipping method hashCode
23:36:05.276 [main] DEBUG o.e.r.i.MethodCallReplacementCache - Skipping method compareTo
23:36:05.276 [main] DEBUG o.e.r.i.MethodCallReplacementCache - Skipping method compareTo
23:36:05.276 [main] DEBUG o.e.r.i.MethodCallReplacementCache - Skipping method wait
23:36:05.277 [main] DEBUG o.e.r.i.MethodCallReplacementCache - Skipping method wait
23:36:05.277 [main] DEBUG o.e.r.i.MethodCallReplacementCache - Skipping method wait
23:36:05.277 [main] DEBUG o.e.r.i.MethodCallReplacementCache - Skipping method getClass
23:36:05.277 [main] DEBUG o.e.r.i.MethodCallReplacementCache - Skipping method notify
23:36:05.277 [main] DEBUG o.e.r.i.MethodCallReplacementCache - Skipping method notifyAll
23:36:05.277 [main] DEBUG o.e.r.i.MethodCallReplacementCache - Skipping method getDisplayName
23:36:05.277 [main] DEBUG o.e.r.i.MethodCallReplacementCache - Skipping method period
23:36:05.278 [main] DEBUG o.e.r.i.MethodCallReplacementCache - Skipping method equals
23:36:05.278 [main] DEBUG o.e.r.i.MethodCallReplacementCache - Skipping method toString
23:36:05.278 [main] DEBUG o.e.r.i.MethodCallReplacementCache - Skipping method hashCode
23:36:05.278 [main] DEBUG o.e.r.i.MethodCallReplacementCache - Skipping method getLong
23:36:05.278 [main] DEBUG o.e.r.i.MethodCallReplacementCache - Skipping method range
23:36:05.278 [main] DEBUG o.e.r.i.MethodCallReplacementCache - Skipping method with
23:36:05.278 [main] DEBUG o.e.r.i.MethodCallReplacementCache - Skipping method with
23:36:05.278 [main] DEBUG o.e.r.i.MethodCallReplacementCache - Skipping method with
23:36:05.279 [main] DEBUG o.e.r.i.MethodCallReplacementCache - Skipping method with
23:36:05.279 [main] DEBUG o.e.r.i.MethodCallReplacementCache - Skipping method with
23:36:05.279 [main] DEBUG o.e.r.i.MethodCallReplacementCache - Skipping method with
23:36:05.279 [main] DEBUG o.e.r.i.MethodCallReplacementCache - Skipping method plus
23:36:05.279 [main] DEBUG o.e.r.i.MethodCallReplacementCache - Skipping method plus
23:36:05.279 [main] DEBUG o.e.r.i.MethodCallReplacementCache - Skipping method plus
23:36:05.279 [main] DEBUG o.e.r.i.MethodCallReplacementCache - Skipping method plus
23:36:05.279 [main] DEBUG o.e.r.i.MethodCallReplacementCache - Skipping method plus
23:36:05.279 [main] DEBUG o.e.r.i.MethodCallReplacementCache - Skipping method plus
23:36:05.279 [main] DEBUG o.e.r.i.MethodCallReplacementCache - Skipping method minus
23:36:05.279 [main] DEBUG o.e.r.i.MethodCallReplacementCache - Skipping method minus
23:36:05.279 [main] DEBUG o.e.r.i.MethodCallReplacementCache - Skipping method minus
23:36:05.279 [main] DEBUG o.e.r.i.MethodCallReplacementCache - Skipping method minus
23:36:05.279 [main] DEBUG o.e.r.i.MethodCallReplacementCache - Skipping method minus
23:36:05.279 [main] DEBUG o.e.r.i.MethodCallReplacementCache - Skipping method minus
23:36:05.279 [main] DEBUG o.e.r.i.MethodCallReplacementCache - Skipping method until
23:36:05.279 [main] DEBUG o.e.r.i.MethodCallReplacementCache - Skipping method until
23:36:05.279 [main] DEBUG o.e.r.i.MethodCallReplacementCache - Skipping method getEra
23:36:05.279 [main] DEBUG o.e.r.i.MethodCallReplacementCache - Skipping method getEra
23:36:05.279 [main] DEBUG o.e.r.i.MethodCallReplacementCache - Skipping method isLeapYear
23:36:05.279 [main] DEBUG o.e.r.i.MethodCallReplacementCache - Skipping method lengthOfMonth
23:36:05.279 [main] DEBUG o.e.r.i.MethodCallReplacementCache - Skipping method toEpochDay
23:36:05.279 [main] DEBUG o.e.r.i.MethodCallReplacementCache - Skipping method withVariant
23:36:05.279 [main] DEBUG o.e.r.i.MethodCallReplacementCache - Skipping method getChronology
23:36:05.279 [main] DEBUG o.e.r.i.MethodCallReplacementCache - Skipping method getChronology
23:36:05.280 [main] DEBUG o.e.r.i.MethodCallReplacementCache - Skipping method lengthOfYear
23:36:05.280 [main] DEBUG o.e.r.i.MethodCallReplacementCache - Skipping method atTime
23:36:05.280 [main] DEBUG o.e.r.i.MethodCallReplacementCache - Skipping method wait
23:36:05.280 [main] DEBUG o.e.r.i.MethodCallReplacementCache - Skipping method wait
23:36:05.280 [main] DEBUG o.e.r.i.MethodCallReplacementCache - Skipping method wait
23:36:05.280 [main] DEBUG o.e.r.i.MethodCallReplacementCache - Skipping method getClass
23:36:05.280 [main] DEBUG o.e.r.i.MethodCallReplacementCache - Skipping method notify
23:36:05.280 [main] DEBUG o.e.r.i.MethodCallReplacementCache - Skipping method notifyAll
23:36:05.280 [main] DEBUG o.e.r.i.MethodCallReplacementCache - Skipping method compareTo
23:36:05.280 [main] DEBUG o.e.r.i.MethodCallReplacementCache - Skipping method compareTo
23:36:05.280 [main] DEBUG o.e.r.i.MethodCallReplacementCache - Skipping method format
23:36:05.280 [main] DEBUG o.e.r.i.MethodCallReplacementCache - Skipping method query
23:36:05.280 [main] DEBUG o.e.r.i.MethodCallReplacementCache - Skipping method isSupported
23:36:05.280 [main] DEBUG o.e.r.i.MethodCallReplacementCache - Skipping method isSupported
23:36:05.280 [main] DEBUG o.e.r.i.MethodCallReplacementCache - Skipping method adjustInto
23:36:05.280 [main] DEBUG o.e.r.i.MethodCallReplacementCache - Skipping method isAfter
23:36:05.281 [main] DEBUG o.e.r.i.MethodCallReplacementCache - Skipping method isBefore
23:36:05.281 [main] DEBUG o.e.r.i.MethodCallReplacementCache - Skipping method isEqual
23:36:05.281 [main] DEBUG o.e.r.i.MethodCallReplacementCache - Skipping method get
23:36:05.281 [main] DEBUG o.e.r.i.MethodCallReplacementCache - Skipping method getId
23:36:05.281 [main] DEBUG o.e.r.i.MethodCallReplacementCache - Skipping method range
23:36:05.281 [main] DEBUG o.e.r.i.MethodCallReplacementCache - Skipping method dateNow
23:36:05.282 [main] DEBUG o.e.r.i.MethodCallReplacementCache - Skipping method dateNow
23:36:05.282 [main] DEBUG o.e.r.i.MethodCallReplacementCache - Skipping method localDateTime
23:36:05.282 [main] DEBUG o.e.r.i.MethodCallReplacementCache - Skipping method localDateTime
23:36:05.282 [main] DEBUG o.e.r.i.MethodCallReplacementCache - Skipping method prolepticYear
23:36:05.282 [main] DEBUG o.e.r.i.MethodCallReplacementCache - Skipping method period
23:36:05.282 [main] DEBUG o.e.r.i.MethodCallReplacementCache - Skipping method period
23:36:05.282 [main] DEBUG o.e.r.i.MethodCallReplacementCache - Skipping method isLeapYear
23:36:05.282 [main] DEBUG o.e.r.i.MethodCallReplacementCache - Skipping method eras
23:36:05.282 [main] DEBUG o.e.r.i.MethodCallReplacementCache - Skipping method date
23:36:05.282 [main] DEBUG o.e.r.i.MethodCallReplacementCache - Skipping method date
23:36:05.282 [main] DEBUG o.e.r.i.MethodCallReplacementCache - Skipping method date
23:36:05.282 [main] DEBUG o.e.r.i.MethodCallReplacementCache - Skipping method date
23:36:05.282 [main] DEBUG o.e.r.i.MethodCallReplacementCache - Skipping method date
23:36:05.282 [main] DEBUG o.e.r.i.MethodCallReplacementCache - Skipping method date
23:36:05.282 [main] DEBUG o.e.r.i.MethodCallReplacementCache - Skipping method dateYearDay
23:36:05.282 [main] DEBUG o.e.r.i.MethodCallReplacementCache - Skipping method dateYearDay
23:36:05.282 [main] DEBUG o.e.r.i.MethodCallReplacementCache - Skipping method dateYearDay
23:36:05.282 [main] DEBUG o.e.r.i.MethodCallReplacementCache - Skipping method dateYearDay
23:36:05.282 [main] DEBUG o.e.r.i.MethodCallReplacementCache - Skipping method dateEpochDay
23:36:05.282 [main] DEBUG o.e.r.i.MethodCallReplacementCache - Skipping method dateEpochDay
23:36:05.282 [main] DEBUG o.e.r.i.MethodCallReplacementCache - Skipping method resolveDate
23:36:05.282 [main] DEBUG o.e.r.i.MethodCallReplacementCache - Skipping method resolveDate
23:36:05.283 [main] DEBUG o.e.r.i.MethodCallReplacementCache - Skipping method eraOf
23:36:05.283 [main] DEBUG o.e.r.i.MethodCallReplacementCache - Skipping method eraOf
23:36:05.283 [main] DEBUG o.e.r.i.MethodCallReplacementCache - Skipping method zonedDateTime
23:36:05.283 [main] DEBUG o.e.r.i.MethodCallReplacementCache - Skipping method zonedDateTime
23:36:05.283 [main] DEBUG o.e.r.i.MethodCallReplacementCache - Skipping method zonedDateTime
23:36:05.283 [main] DEBUG o.e.r.i.MethodCallReplacementCache - Skipping method zonedDateTime
23:36:05.284 [main] DEBUG o.e.r.i.MethodCallReplacementCache - Skipping method getCalendarType
23:36:05.284 [main] DEBUG o.e.r.i.MethodCallReplacementCache - Skipping method equals
23:36:05.284 [main] DEBUG o.e.r.i.MethodCallReplacementCache - Skipping method toString
23:36:05.284 [main] DEBUG o.e.r.i.MethodCallReplacementCache - Skipping method hashCode
23:36:05.285 [main] DEBUG o.e.r.i.MethodCallReplacementCache - Skipping method compareTo
23:36:05.285 [main] DEBUG o.e.r.i.MethodCallReplacementCache - Skipping method compareTo
23:36:05.285 [main] DEBUG o.e.r.i.MethodCallReplacementCache - Skipping method wait
23:36:05.285 [main] DEBUG o.e.r.i.MethodCallReplacementCache - Skipping method wait
23:36:05.286 [main] DEBUG o.e.r.i.MethodCallReplacementCache - Skipping method wait
23:36:05.286 [main] DEBUG o.e.r.i.MethodCallReplacementCache - Skipping method getClass
23:36:05.286 [main] DEBUG o.e.r.i.MethodCallReplacementCache - Skipping method notify
23:36:05.286 [main] DEBUG o.e.r.i.MethodCallReplacementCache - Skipping method notifyAll
23:36:05.286 [main] DEBUG o.e.r.i.MethodCallReplacementCache - Skipping method getDisplayName
23:36:05.287 [main] DEBUG o.e.r.i.MethodCallReplacementCache - Skipping method getId
23:36:05.287 [main] DEBUG o.e.r.i.MethodCallReplacementCache - Skipping method range
23:36:05.288 [main] DEBUG o.e.r.i.MethodCallReplacementCache - Skipping method dateNow
23:36:05.288 [main] DEBUG o.e.r.i.MethodCallReplacementCache - Skipping method dateNow
23:36:05.288 [main] DEBUG o.e.r.i.MethodCallReplacementCache - Skipping method localDateTime
23:36:05.288 [main] DEBUG o.e.r.i.MethodCallReplacementCache - Skipping method prolepticYear
23:36:05.288 [main] DEBUG o.e.r.i.MethodCallReplacementCache - Skipping method isLeapYear
23:36:05.288 [main] DEBUG o.e.r.i.MethodCallReplacementCache - Skipping method eras
23:36:05.288 [main] DEBUG o.e.r.i.MethodCallReplacementCache - Skipping method date
23:36:05.288 [main] DEBUG o.e.r.i.MethodCallReplacementCache - Skipping method date
23:36:05.289 [main] DEBUG o.e.r.i.MethodCallReplacementCache - Skipping method date
23:36:05.289 [main] DEBUG o.e.r.i.MethodCallReplacementCache - Skipping method date
23:36:05.289 [main] DEBUG o.e.r.i.MethodCallReplacementCache - Skipping method date
23:36:05.289 [main] DEBUG o.e.r.i.MethodCallReplacementCache - Skipping method date
23:36:05.289 [main] DEBUG o.e.r.i.MethodCallReplacementCache - Skipping method dateYearDay
23:36:05.289 [main] DEBUG o.e.r.i.MethodCallReplacementCache - Skipping method dateYearDay
23:36:05.289 [main] DEBUG o.e.r.i.MethodCallReplacementCache - Skipping method dateYearDay
23:36:05.289 [main] DEBUG o.e.r.i.MethodCallReplacementCache - Skipping method dateYearDay
23:36:05.290 [main] DEBUG o.e.r.i.MethodCallReplacementCache - Skipping method dateEpochDay
23:36:05.290 [main] DEBUG o.e.r.i.MethodCallReplacementCache - Skipping method dateEpochDay
23:36:05.290 [main] DEBUG o.e.r.i.MethodCallReplacementCache - Skipping method resolveDate
23:36:05.290 [main] DEBUG o.e.r.i.MethodCallReplacementCache - Skipping method resolveDate
23:36:05.290 [main] DEBUG o.e.r.i.MethodCallReplacementCache - Skipping method eraOf
23:36:05.290 [main] DEBUG o.e.r.i.MethodCallReplacementCache - Skipping method eraOf
23:36:05.290 [main] DEBUG o.e.r.i.MethodCallReplacementCache - Skipping method zonedDateTime
23:36:05.290 [main] DEBUG o.e.r.i.MethodCallReplacementCache - Skipping method zonedDateTime
23:36:05.290 [main] DEBUG o.e.r.i.MethodCallReplacementCache - Skipping method getCalendarType
23:36:05.290 [main] DEBUG o.e.r.i.MethodCallReplacementCache - Skipping method equals
23:36:05.291 [main] DEBUG o.e.r.i.MethodCallReplacementCache - Skipping method toString
23:36:05.291 [main] DEBUG o.e.r.i.MethodCallReplacementCache - Skipping method hashCode
23:36:05.291 [main] DEBUG o.e.r.i.MethodCallReplacementCache - Skipping method compareTo
23:36:05.291 [main] DEBUG o.e.r.i.MethodCallReplacementCache - Skipping method compareTo
23:36:05.291 [main] DEBUG o.e.r.i.MethodCallReplacementCache - Skipping method wait
23:36:05.291 [main] DEBUG o.e.r.i.MethodCallReplacementCache - Skipping method wait
23:36:05.292 [main] DEBUG o.e.r.i.MethodCallReplacementCache - Skipping method wait
23:36:05.292 [main] DEBUG o.e.r.i.MethodCallReplacementCache - Skipping method getClass
23:36:05.292 [main] DEBUG o.e.r.i.MethodCallReplacementCache - Skipping method notify
23:36:05.292 [main] DEBUG o.e.r.i.MethodCallReplacementCache - Skipping method notifyAll
23:36:05.292 [main] DEBUG o.e.r.i.MethodCallReplacementCache - Skipping method getDisplayName
23:36:05.292 [main] DEBUG o.e.r.i.MethodCallReplacementCache - Skipping method period
23:36:05.293 [main] DEBUG o.e.r.i.MethodCallReplacementCache - Skipping method equals
23:36:05.293 [main] DEBUG o.e.r.i.MethodCallReplacementCache - Skipping method toString
23:36:05.293 [main] DEBUG o.e.r.i.MethodCallReplacementCache - Skipping method hashCode
23:36:05.293 [main] DEBUG o.e.r.i.MethodCallReplacementCache - Skipping method getLong
23:36:05.293 [main] DEBUG o.e.r.i.MethodCallReplacementCache - Skipping method isSupported
23:36:05.293 [main] DEBUG o.e.r.i.MethodCallReplacementCache - Skipping method range
23:36:05.293 [main] DEBUG o.e.r.i.MethodCallReplacementCache - Skipping method with
23:36:05.293 [main] DEBUG o.e.r.i.MethodCallReplacementCache - Skipping method with
23:36:05.293 [main] DEBUG o.e.r.i.MethodCallReplacementCache - Skipping method with
23:36:05.293 [main] DEBUG o.e.r.i.MethodCallReplacementCache - Skipping method with
23:36:05.293 [main] DEBUG o.e.r.i.MethodCallReplacementCache - Skipping method with
23:36:05.293 [main] DEBUG o.e.r.i.MethodCallReplacementCache - Skipping method with
23:36:05.297 [main] DEBUG o.e.r.i.MethodCallReplacementCache - Skipping method plus
23:36:05.297 [main] DEBUG o.e.r.i.MethodCallReplacementCache - Skipping method plus
23:36:05.297 [main] DEBUG o.e.r.i.MethodCallReplacementCache - Skipping method plus
23:36:05.297 [main] DEBUG o.e.r.i.MethodCallReplacementCache - Skipping method plus
23:36:05.297 [main] DEBUG o.e.r.i.MethodCallReplacementCache - Skipping method plus
23:36:05.297 [main] DEBUG o.e.r.i.MethodCallReplacementCache - Skipping method plus
23:36:05.297 [main] DEBUG o.e.r.i.MethodCallReplacementCache - Skipping method minus
23:36:05.297 [main] DEBUG o.e.r.i.MethodCallReplacementCache - Skipping method minus
23:36:05.297 [main] DEBUG o.e.r.i.MethodCallReplacementCache - Skipping method minus
23:36:05.297 [main] DEBUG o.e.r.i.MethodCallReplacementCache - Skipping method minus
23:36:05.297 [main] DEBUG o.e.r.i.MethodCallReplacementCache - Skipping method minus
23:36:05.297 [main] DEBUG o.e.r.i.MethodCallReplacementCache - Skipping method minus
23:36:05.297 [main] DEBUG o.e.r.i.MethodCallReplacementCache - Skipping method until
23:36:05.298 [main] DEBUG o.e.r.i.MethodCallReplacementCache - Skipping method until
23:36:05.298 [main] DEBUG o.e.r.i.MethodCallReplacementCache - Skipping method getEra
23:36:05.298 [main] DEBUG o.e.r.i.MethodCallReplacementCache - Skipping method getEra
23:36:05.298 [main] DEBUG o.e.r.i.MethodCallReplacementCache - Skipping method lengthOfMonth
23:36:05.298 [main] DEBUG o.e.r.i.MethodCallReplacementCache - Skipping method toEpochDay
23:36:05.298 [main] DEBUG o.e.r.i.MethodCallReplacementCache - Skipping method getChronology
23:36:05.298 [main] DEBUG o.e.r.i.MethodCallReplacementCache - Skipping method getChronology
23:36:05.298 [main] DEBUG o.e.r.i.MethodCallReplacementCache - Skipping method lengthOfYear
23:36:05.298 [main] DEBUG o.e.r.i.MethodCallReplacementCache - Skipping method atTime
23:36:05.298 [main] DEBUG o.e.r.i.MethodCallReplacementCache - Skipping method wait
23:36:05.298 [main] DEBUG o.e.r.i.MethodCallReplacementCache - Skipping method wait
23:36:05.298 [main] DEBUG o.e.r.i.MethodCallReplacementCache - Skipping method wait
23:36:05.298 [main] DEBUG o.e.r.i.MethodCallReplacementCache - Skipping method getClass
23:36:05.298 [main] DEBUG o.e.r.i.MethodCallReplacementCache - Skipping method notify
23:36:05.298 [main] DEBUG o.e.r.i.MethodCallReplacementCache - Skipping method notifyAll
23:36:05.298 [main] DEBUG o.e.r.i.MethodCallReplacementCache - Skipping method compareTo
23:36:05.298 [main] DEBUG o.e.r.i.MethodCallReplacementCache - Skipping method compareTo
23:36:05.298 [main] DEBUG o.e.r.i.MethodCallReplacementCache - Skipping method format
23:36:05.298 [main] DEBUG o.e.r.i.MethodCallReplacementCache - Skipping method query
23:36:05.298 [main] DEBUG o.e.r.i.MethodCallReplacementCache - Skipping method isSupported
23:36:05.298 [main] DEBUG o.e.r.i.MethodCallReplacementCache - Skipping method adjustInto
23:36:05.298 [main] DEBUG o.e.r.i.MethodCallReplacementCache - Skipping method isAfter
23:36:05.298 [main] DEBUG o.e.r.i.MethodCallReplacementCache - Skipping method isBefore
23:36:05.298 [main] DEBUG o.e.r.i.MethodCallReplacementCache - Skipping method isLeapYear
23:36:05.298 [main] DEBUG o.e.r.i.MethodCallReplacementCache - Skipping method isEqual
23:36:05.298 [main] DEBUG o.e.r.i.MethodCallReplacementCache - Skipping method get
23:36:05.299 [main] DEBUG o.e.r.i.MethodCallReplacementCache - Skipping method equals
23:36:05.299 [main] DEBUG o.e.r.i.MethodCallReplacementCache - Skipping method toString
23:36:05.299 [main] DEBUG o.e.r.i.MethodCallReplacementCache - Skipping method hashCode
23:36:05.299 [main] DEBUG o.e.r.i.MethodCallReplacementCache - Skipping method getLong
23:36:05.299 [main] DEBUG o.e.r.i.MethodCallReplacementCache - Skipping method range
23:36:05.299 [main] DEBUG o.e.r.i.MethodCallReplacementCache - Skipping method with
23:36:05.299 [main] DEBUG o.e.r.i.MethodCallReplacementCache - Skipping method with
23:36:05.299 [main] DEBUG o.e.r.i.MethodCallReplacementCache - Skipping method with
23:36:05.299 [main] DEBUG o.e.r.i.MethodCallReplacementCache - Skipping method with
23:36:05.299 [main] DEBUG o.e.r.i.MethodCallReplacementCache - Skipping method with
23:36:05.299 [main] DEBUG o.e.r.i.MethodCallReplacementCache - Skipping method with
23:36:05.299 [main] DEBUG o.e.r.i.MethodCallReplacementCache - Skipping method plus
23:36:05.299 [main] DEBUG o.e.r.i.MethodCallReplacementCache - Skipping method plus
23:36:05.300 [main] DEBUG o.e.r.i.MethodCallReplacementCache - Skipping method plus
23:36:05.300 [main] DEBUG o.e.r.i.MethodCallReplacementCache - Skipping method plus
23:36:05.300 [main] DEBUG o.e.r.i.MethodCallReplacementCache - Skipping method plus
23:36:05.300 [main] DEBUG o.e.r.i.MethodCallReplacementCache - Skipping method plus
23:36:05.300 [main] DEBUG o.e.r.i.MethodCallReplacementCache - Skipping method minus
23:36:05.300 [main] DEBUG o.e.r.i.MethodCallReplacementCache - Skipping method minus
23:36:05.300 [main] DEBUG o.e.r.i.MethodCallReplacementCache - Skipping method minus
23:36:05.300 [main] DEBUG o.e.r.i.MethodCallReplacementCache - Skipping method minus
23:36:05.300 [main] DEBUG o.e.r.i.MethodCallReplacementCache - Skipping method minus
23:36:05.300 [main] DEBUG o.e.r.i.MethodCallReplacementCache - Skipping method minus
23:36:05.300 [main] DEBUG o.e.r.i.MethodCallReplacementCache - Skipping method until
23:36:05.300 [main] DEBUG o.e.r.i.MethodCallReplacementCache - Skipping method until
23:36:05.300 [main] DEBUG o.e.r.i.MethodCallReplacementCache - Skipping method getEra
23:36:05.300 [main] DEBUG o.e.r.i.MethodCallReplacementCache - Skipping method getEra
23:36:05.300 [main] DEBUG o.e.r.i.MethodCallReplacementCache - Skipping method lengthOfMonth
23:36:05.300 [main] DEBUG o.e.r.i.MethodCallReplacementCache - Skipping method toEpochDay
23:36:05.300 [main] DEBUG o.e.r.i.MethodCallReplacementCache - Skipping method getChronology
23:36:05.300 [main] DEBUG o.e.r.i.MethodCallReplacementCache - Skipping method getChronology
23:36:05.300 [main] DEBUG o.e.r.i.MethodCallReplacementCache - Skipping method atTime
23:36:05.300 [main] DEBUG o.e.r.i.MethodCallReplacementCache - Skipping method wait
23:36:05.300 [main] DEBUG o.e.r.i.MethodCallReplacementCache - Skipping method wait
23:36:05.300 [main] DEBUG o.e.r.i.MethodCallReplacementCache - Skipping method wait
23:36:05.300 [main] DEBUG o.e.r.i.MethodCallReplacementCache - Skipping method getClass
23:36:05.300 [main] DEBUG o.e.r.i.MethodCallReplacementCache - Skipping method notify
23:36:05.300 [main] DEBUG o.e.r.i.MethodCallReplacementCache - Skipping method notifyAll
23:36:05.301 [main] DEBUG o.e.r.i.MethodCallReplacementCache - Skipping method compareTo
23:36:05.301 [main] DEBUG o.e.r.i.MethodCallReplacementCache - Skipping method compareTo
23:36:05.301 [main] DEBUG o.e.r.i.MethodCallReplacementCache - Skipping method format
23:36:05.301 [main] DEBUG o.e.r.i.MethodCallReplacementCache - Skipping method query
23:36:05.301 [main] DEBUG o.e.r.i.MethodCallReplacementCache - Skipping method isSupported
23:36:05.301 [main] DEBUG o.e.r.i.MethodCallReplacementCache - Skipping method isSupported
23:36:05.301 [main] DEBUG o.e.r.i.MethodCallReplacementCache - Skipping method adjustInto
23:36:05.301 [main] DEBUG o.e.r.i.MethodCallReplacementCache - Skipping method isAfter
23:36:05.301 [main] DEBUG o.e.r.i.MethodCallReplacementCache - Skipping method isBefore
23:36:05.301 [main] DEBUG o.e.r.i.MethodCallReplacementCache - Skipping method isLeapYear
23:36:05.301 [main] DEBUG o.e.r.i.MethodCallReplacementCache - Skipping method isEqual
23:36:05.301 [main] DEBUG o.e.r.i.MethodCallReplacementCache - Skipping method lengthOfYear
23:36:05.301 [main] DEBUG o.e.r.i.MethodCallReplacementCache - Skipping method get
23:36:05.302 [main] DEBUG o.e.r.i.MethodCallReplacementCache - Skipping method getId
23:36:05.302 [main] DEBUG o.e.r.i.MethodCallReplacementCache - Skipping method range
23:36:05.302 [main] DEBUG o.e.r.i.MethodCallReplacementCache - Skipping method dateNow
23:36:05.302 [main] DEBUG o.e.r.i.MethodCallReplacementCache - Skipping method dateNow
23:36:05.302 [main] DEBUG o.e.r.i.MethodCallReplacementCache - Skipping method localDateTime
23:36:05.302 [main] DEBUG o.e.r.i.MethodCallReplacementCache - Skipping method prolepticYear
23:36:05.302 [main] DEBUG o.e.r.i.MethodCallReplacementCache - Skipping method isLeapYear
23:36:05.302 [main] DEBUG o.e.r.i.MethodCallReplacementCache - Skipping method eras
23:36:05.302 [main] DEBUG o.e.r.i.MethodCallReplacementCache - Skipping method date
23:36:05.302 [main] DEBUG o.e.r.i.MethodCallReplacementCache - Skipping method date
23:36:05.302 [main] DEBUG o.e.r.i.MethodCallReplacementCache - Skipping method date
23:36:05.302 [main] DEBUG o.e.r.i.MethodCallReplacementCache - Skipping method date
23:36:05.302 [main] DEBUG o.e.r.i.MethodCallReplacementCache - Skipping method date
23:36:05.302 [main] DEBUG o.e.r.i.MethodCallReplacementCache - Skipping method date
23:36:05.302 [main] DEBUG o.e.r.i.MethodCallReplacementCache - Skipping method dateYearDay
23:36:05.302 [main] DEBUG o.e.r.i.MethodCallReplacementCache - Skipping method dateYearDay
23:36:05.302 [main] DEBUG o.e.r.i.MethodCallReplacementCache - Skipping method dateYearDay
23:36:05.302 [main] DEBUG o.e.r.i.MethodCallReplacementCache - Skipping method dateYearDay
23:36:05.303 [main] DEBUG o.e.r.i.MethodCallReplacementCache - Skipping method dateEpochDay
23:36:05.303 [main] DEBUG o.e.r.i.MethodCallReplacementCache - Skipping method dateEpochDay
23:36:05.303 [main] DEBUG o.e.r.i.MethodCallReplacementCache - Skipping method resolveDate
23:36:05.303 [main] DEBUG o.e.r.i.MethodCallReplacementCache - Skipping method resolveDate
23:36:05.303 [main] DEBUG o.e.r.i.MethodCallReplacementCache - Skipping method eraOf
23:36:05.303 [main] DEBUG o.e.r.i.MethodCallReplacementCache - Skipping method eraOf
23:36:05.303 [main] DEBUG o.e.r.i.MethodCallReplacementCache - Skipping method zonedDateTime
23:36:05.303 [main] DEBUG o.e.r.i.MethodCallReplacementCache - Skipping method zonedDateTime
23:36:05.303 [main] DEBUG o.e.r.i.MethodCallReplacementCache - Skipping method getCalendarType
23:36:05.303 [main] DEBUG o.e.r.i.MethodCallReplacementCache - Skipping method equals
23:36:05.303 [main] DEBUG o.e.r.i.MethodCallReplacementCache - Skipping method toString
23:36:05.303 [main] DEBUG o.e.r.i.MethodCallReplacementCache - Skipping method hashCode
23:36:05.303 [main] DEBUG o.e.r.i.MethodCallReplacementCache - Skipping method compareTo
23:36:05.303 [main] DEBUG o.e.r.i.MethodCallReplacementCache - Skipping method compareTo
23:36:05.303 [main] DEBUG o.e.r.i.MethodCallReplacementCache - Skipping method wait
23:36:05.303 [main] DEBUG o.e.r.i.MethodCallReplacementCache - Skipping method wait
23:36:05.303 [main] DEBUG o.e.r.i.MethodCallReplacementCache - Skipping method wait
23:36:05.303 [main] DEBUG o.e.r.i.MethodCallReplacementCache - Skipping method getClass
23:36:05.303 [main] DEBUG o.e.r.i.MethodCallReplacementCache - Skipping method notify
23:36:05.303 [main] DEBUG o.e.r.i.MethodCallReplacementCache - Skipping method notifyAll
23:36:05.304 [main] DEBUG o.e.r.i.MethodCallReplacementCache - Skipping method getDisplayName
23:36:05.304 [main] DEBUG o.e.r.i.MethodCallReplacementCache - Skipping method period
23:36:05.304 [main] DEBUG o.e.r.i.MethodCallReplacementCache - Skipping method getId
23:36:05.304 [main] DEBUG o.e.r.i.MethodCallReplacementCache - Skipping method range
23:36:05.304 [main] DEBUG o.e.r.i.MethodCallReplacementCache - Skipping method dateNow
23:36:05.304 [main] DEBUG o.e.r.i.MethodCallReplacementCache - Skipping method dateNow
23:36:05.304 [main] DEBUG o.e.r.i.MethodCallReplacementCache - Skipping method localDateTime
23:36:05.304 [main] DEBUG o.e.r.i.MethodCallReplacementCache - Skipping method prolepticYear
23:36:05.304 [main] DEBUG o.e.r.i.MethodCallReplacementCache - Skipping method isLeapYear
23:36:05.304 [main] DEBUG o.e.r.i.MethodCallReplacementCache - Skipping method eras
23:36:05.304 [main] DEBUG o.e.r.i.MethodCallReplacementCache - Skipping method date
23:36:05.304 [main] DEBUG o.e.r.i.MethodCallReplacementCache - Skipping method date
23:36:05.304 [main] DEBUG o.e.r.i.MethodCallReplacementCache - Skipping method date
23:36:05.304 [main] DEBUG o.e.r.i.MethodCallReplacementCache - Skipping method date
23:36:05.305 [main] DEBUG o.e.r.i.MethodCallReplacementCache - Skipping method date
23:36:05.305 [main] DEBUG o.e.r.i.MethodCallReplacementCache - Skipping method date
23:36:05.305 [main] DEBUG o.e.r.i.MethodCallReplacementCache - Skipping method dateYearDay
23:36:05.305 [main] DEBUG o.e.r.i.MethodCallReplacementCache - Skipping method dateYearDay
23:36:05.305 [main] DEBUG o.e.r.i.MethodCallReplacementCache - Skipping method dateYearDay
23:36:05.305 [main] DEBUG o.e.r.i.MethodCallReplacementCache - Skipping method dateYearDay
23:36:05.305 [main] DEBUG o.e.r.i.MethodCallReplacementCache - Skipping method dateEpochDay
23:36:05.305 [main] DEBUG o.e.r.i.MethodCallReplacementCache - Skipping method dateEpochDay
23:36:05.305 [main] DEBUG o.e.r.i.MethodCallReplacementCache - Skipping method resolveDate
23:36:05.305 [main] DEBUG o.e.r.i.MethodCallReplacementCache - Skipping method resolveDate
23:36:05.305 [main] DEBUG o.e.r.i.MethodCallReplacementCache - Skipping method eraOf
23:36:05.305 [main] DEBUG o.e.r.i.MethodCallReplacementCache - Skipping method eraOf
23:36:05.305 [main] DEBUG o.e.r.i.MethodCallReplacementCache - Skipping method zonedDateTime
23:36:05.305 [main] DEBUG o.e.r.i.MethodCallReplacementCache - Skipping method zonedDateTime
23:36:05.305 [main] DEBUG o.e.r.i.MethodCallReplacementCache - Skipping method getCalendarType
23:36:05.305 [main] DEBUG o.e.r.i.MethodCallReplacementCache - Skipping method equals
23:36:05.305 [main] DEBUG o.e.r.i.MethodCallReplacementCache - Skipping method toString
23:36:05.305 [main] DEBUG o.e.r.i.MethodCallReplacementCache - Skipping method hashCode
23:36:05.305 [main] DEBUG o.e.r.i.MethodCallReplacementCache - Skipping method compareTo
23:36:05.305 [main] DEBUG o.e.r.i.MethodCallReplacementCache - Skipping method compareTo
23:36:05.305 [main] DEBUG o.e.r.i.MethodCallReplacementCache - Skipping method wait
23:36:05.305 [main] DEBUG o.e.r.i.MethodCallReplacementCache - Skipping method wait
23:36:05.305 [main] DEBUG o.e.r.i.MethodCallReplacementCache - Skipping method wait
23:36:05.305 [main] DEBUG o.e.r.i.MethodCallReplacementCache - Skipping method getClass
23:36:05.305 [main] DEBUG o.e.r.i.MethodCallReplacementCache - Skipping method notify
23:36:05.305 [main] DEBUG o.e.r.i.MethodCallReplacementCache - Skipping method notifyAll
23:36:05.306 [main] DEBUG o.e.r.i.MethodCallReplacementCache - Skipping method getDisplayName
23:36:05.306 [main] DEBUG o.e.r.i.MethodCallReplacementCache - Skipping method period
23:36:05.306 [main] DEBUG o.e.r.i.MethodCallReplacementCache - Skipping method equals
23:36:05.306 [main] DEBUG o.e.r.i.MethodCallReplacementCache - Skipping method toString
23:36:05.306 [main] DEBUG o.e.r.i.MethodCallReplacementCache - Skipping method hashCode
23:36:05.306 [main] DEBUG o.e.r.i.MethodCallReplacementCache - Skipping method getLong
23:36:05.306 [main] DEBUG o.e.r.i.MethodCallReplacementCache - Skipping method range
23:36:05.306 [main] DEBUG o.e.r.i.MethodCallReplacementCache - Skipping method with
23:36:05.306 [main] DEBUG o.e.r.i.MethodCallReplacementCache - Skipping method with
23:36:05.306 [main] DEBUG o.e.r.i.MethodCallReplacementCache - Skipping method with
23:36:05.306 [main] DEBUG o.e.r.i.MethodCallReplacementCache - Skipping method with
23:36:05.306 [main] DEBUG o.e.r.i.MethodCallReplacementCache - Skipping method with
23:36:05.306 [main] DEBUG o.e.r.i.MethodCallReplacementCache - Skipping method with
23:36:05.306 [main] DEBUG o.e.r.i.MethodCallReplacementCache - Skipping method plus
23:36:05.307 [main] DEBUG o.e.r.i.MethodCallReplacementCache - Skipping method plus
23:36:05.307 [main] DEBUG o.e.r.i.MethodCallReplacementCache - Skipping method plus
23:36:05.307 [main] DEBUG o.e.r.i.MethodCallReplacementCache - Skipping method plus
23:36:05.307 [main] DEBUG o.e.r.i.MethodCallReplacementCache - Skipping method plus
23:36:05.307 [main] DEBUG o.e.r.i.MethodCallReplacementCache - Skipping method plus
23:36:05.307 [main] DEBUG o.e.r.i.MethodCallReplacementCache - Skipping method minus
23:36:05.307 [main] DEBUG o.e.r.i.MethodCallReplacementCache - Skipping method minus
23:36:05.307 [main] DEBUG o.e.r.i.MethodCallReplacementCache - Skipping method minus
23:36:05.307 [main] DEBUG o.e.r.i.MethodCallReplacementCache - Skipping method minus
23:36:05.307 [main] DEBUG o.e.r.i.MethodCallReplacementCache - Skipping method minus
23:36:05.307 [main] DEBUG o.e.r.i.MethodCallReplacementCache - Skipping method minus
23:36:05.307 [main] DEBUG o.e.r.i.MethodCallReplacementCache - Skipping method until
23:36:05.307 [main] DEBUG o.e.r.i.MethodCallReplacementCache - Skipping method until
23:36:05.307 [main] DEBUG o.e.r.i.MethodCallReplacementCache - Skipping method getEra
23:36:05.307 [main] DEBUG o.e.r.i.MethodCallReplacementCache - Skipping method getEra
23:36:05.307 [main] DEBUG o.e.r.i.MethodCallReplacementCache - Skipping method lengthOfMonth
23:36:05.307 [main] DEBUG o.e.r.i.MethodCallReplacementCache - Skipping method toEpochDay
23:36:05.307 [main] DEBUG o.e.r.i.MethodCallReplacementCache - Skipping method getChronology
23:36:05.307 [main] DEBUG o.e.r.i.MethodCallReplacementCache - Skipping method getChronology
23:36:05.307 [main] DEBUG o.e.r.i.MethodCallReplacementCache - Skipping method atTime
23:36:05.307 [main] DEBUG o.e.r.i.MethodCallReplacementCache - Skipping method wait
23:36:05.307 [main] DEBUG o.e.r.i.MethodCallReplacementCache - Skipping method wait
23:36:05.307 [main] DEBUG o.e.r.i.MethodCallReplacementCache - Skipping method wait
23:36:05.307 [main] DEBUG o.e.r.i.MethodCallReplacementCache - Skipping method getClass
23:36:05.307 [main] DEBUG o.e.r.i.MethodCallReplacementCache - Skipping method notify
23:36:05.307 [main] DEBUG o.e.r.i.MethodCallReplacementCache - Skipping method notifyAll
23:36:05.307 [main] DEBUG o.e.r.i.MethodCallReplacementCache - Skipping method compareTo
23:36:05.308 [main] DEBUG o.e.r.i.MethodCallReplacementCache - Skipping method compareTo
23:36:05.308 [main] DEBUG o.e.r.i.MethodCallReplacementCache - Skipping method format
23:36:05.308 [main] DEBUG o.e.r.i.MethodCallReplacementCache - Skipping method query
23:36:05.308 [main] DEBUG o.e.r.i.MethodCallReplacementCache - Skipping method isSupported
23:36:05.308 [main] DEBUG o.e.r.i.MethodCallReplacementCache - Skipping method isSupported
23:36:05.308 [main] DEBUG o.e.r.i.MethodCallReplacementCache - Skipping method adjustInto
23:36:05.308 [main] DEBUG o.e.r.i.MethodCallReplacementCache - Skipping method isAfter
23:36:05.308 [main] DEBUG o.e.r.i.MethodCallReplacementCache - Skipping method isBefore
23:36:05.308 [main] DEBUG o.e.r.i.MethodCallReplacementCache - Skipping method isLeapYear
23:36:05.308 [main] DEBUG o.e.r.i.MethodCallReplacementCache - Skipping method isEqual
23:36:05.308 [main] DEBUG o.e.r.i.MethodCallReplacementCache - Skipping method lengthOfYear
23:36:05.308 [main] DEBUG o.e.r.i.MethodCallReplacementCache - Skipping method get
23:36:05.308 [main] DEBUG o.e.r.i.MethodCallReplacementCache - Static Mock: org.evosuite.runtime.mock.java.util.MockTimer for java.util.Timer
23:36:05.309 [main] DEBUG o.e.r.i.MethodCallReplacementCache - Static Mock: org.evosuite.runtime.mock.java.lang.MockThread for java.lang.Thread
23:36:05.311 [main] DEBUG o.e.r.i.MethodCallReplacementCache - Static Mock: org.evosuite.runtime.mock.java.io.MockIOException for java.io.IOException
23:36:05.312 [main] DEBUG o.e.r.i.MethodCallReplacementCache - Static Mock: org.evosuite.runtime.mock.java.lang.MockArithmeticException for java.lang.ArithmeticException
23:36:05.312 [main] DEBUG o.e.r.i.MethodCallReplacementCache - Static Mock: org.evosuite.runtime.mock.java.lang.MockArrayIndexOutOfBoundsException for java.lang.ArrayIndexOutOfBoundsException
23:36:05.313 [main] DEBUG o.e.r.i.MethodCallReplacementCache - Static Mock: org.evosuite.runtime.mock.java.lang.MockError for java.lang.Error
23:36:05.313 [main] DEBUG o.e.r.i.MethodCallReplacementCache - Static Mock: org.evosuite.runtime.mock.java.lang.MockException for java.lang.Exception
23:36:05.313 [main] DEBUG o.e.r.i.MethodCallReplacementCache - Static Mock: org.evosuite.runtime.mock.java.lang.MockIllegalAccessException for java.lang.IllegalAccessException
23:36:05.313 [main] DEBUG o.e.r.i.MethodCallReplacementCache - Static Mock: org.evosuite.runtime.mock.java.lang.MockIllegalArgumentException for java.lang.IllegalArgumentException
23:36:05.314 [main] DEBUG o.e.r.i.MethodCallReplacementCache - Static Mock: org.evosuite.runtime.mock.java.lang.MockIllegalStateException for java.lang.IllegalStateException
23:36:05.314 [main] DEBUG o.e.r.i.MethodCallReplacementCache - Static Mock: org.evosuite.runtime.mock.java.lang.MockNullPointerException for java.lang.NullPointerException
23:36:05.314 [main] DEBUG o.e.r.i.MethodCallReplacementCache - Static Mock: org.evosuite.runtime.mock.java.lang.MockRuntimeException for java.lang.RuntimeException
23:36:05.315 [main] DEBUG o.e.r.i.MethodCallReplacementCache - Static Mock: org.evosuite.runtime.mock.java.lang.MockThrowable for java.lang.Throwable
23:36:05.317 [main] DEBUG o.e.r.i.MethodCallReplacementCache - Static Mock: org.evosuite.runtime.mock.java.net.MockDatagramSocket for java.net.DatagramSocket
23:36:05.318 [main] DEBUG o.e.r.i.MethodCallReplacementCache - Skipping method wait
23:36:05.318 [main] DEBUG o.e.r.i.MethodCallReplacementCache - Skipping method wait
23:36:05.318 [main] DEBUG o.e.r.i.MethodCallReplacementCache - Skipping method wait
23:36:05.318 [main] DEBUG o.e.r.i.MethodCallReplacementCache - Skipping method getClass
23:36:05.318 [main] DEBUG o.e.r.i.MethodCallReplacementCache - Skipping method notify
23:36:05.318 [main] DEBUG o.e.r.i.MethodCallReplacementCache - Skipping method notifyAll
23:36:05.318 [main] DEBUG o.e.r.i.MethodCallReplacementCache - Static Mock: org.evosuite.runtime.mock.java.net.MockInetSocketAddress for java.net.InetSocketAddress
23:36:05.319 [main] DEBUG o.e.r.i.MethodCallReplacementCache - Skipping method wait
23:36:05.319 [main] DEBUG o.e.r.i.MethodCallReplacementCache - Skipping method wait
23:36:05.319 [main] DEBUG o.e.r.i.MethodCallReplacementCache - Skipping method wait
23:36:05.319 [main] DEBUG o.e.r.i.MethodCallReplacementCache - Skipping method getClass
23:36:05.319 [main] DEBUG o.e.r.i.MethodCallReplacementCache - Skipping method notify
23:36:05.319 [main] DEBUG o.e.r.i.MethodCallReplacementCache - Skipping method notifyAll
23:36:05.320 [main] DEBUG o.e.r.i.MethodCallReplacementCache - Static Mock: org.evosuite.runtime.mock.java.net.MockServerSocket for java.net.ServerSocket
23:36:05.321 [main] DEBUG o.e.r.i.MethodCallReplacementCache - Static Mock: org.evosuite.runtime.mock.java.net.MockSocket for java.net.Socket
23:36:05.322 [main] DEBUG o.e.r.i.MethodCallReplacementCache - Static Mock: org.evosuite.runtime.mock.java.net.MockSocketImpl for java.net.SocketImpl
23:36:05.322 [main] DEBUG o.e.r.i.MethodCallReplacementCache - Skipping method wait
23:36:05.323 [main] DEBUG o.e.r.i.MethodCallReplacementCache - Skipping method wait
23:36:05.323 [main] DEBUG o.e.r.i.MethodCallReplacementCache - Skipping method wait
23:36:05.323 [main] DEBUG o.e.r.i.MethodCallReplacementCache - Skipping method getClass
23:36:05.323 [main] DEBUG o.e.r.i.MethodCallReplacementCache - Skipping method notify
23:36:05.323 [main] DEBUG o.e.r.i.MethodCallReplacementCache - Skipping method notifyAll
23:36:05.323 [main] DEBUG o.e.r.i.MethodCallReplacementCache - Static Mock: org.evosuite.runtime.mock.java.net.MockURLStreamHandler for java.net.URLStreamHandler
23:36:05.323 [main] DEBUG o.e.r.i.MethodCallReplacementCache - Skipping method equals
23:36:05.323 [main] DEBUG o.e.r.i.MethodCallReplacementCache - Skipping method hashCode
23:36:05.323 [main] DEBUG o.e.r.i.MethodCallReplacementCache - Skipping method compareTo
23:36:05.324 [main] DEBUG o.e.r.i.MethodCallReplacementCache - Skipping method wait
23:36:05.324 [main] DEBUG o.e.r.i.MethodCallReplacementCache - Skipping method wait
23:36:05.324 [main] DEBUG o.e.r.i.MethodCallReplacementCache - Skipping method wait
23:36:05.324 [main] DEBUG o.e.r.i.MethodCallReplacementCache - Skipping method getClass
23:36:05.324 [main] DEBUG o.e.r.i.MethodCallReplacementCache - Skipping method notify
23:36:05.324 [main] DEBUG o.e.r.i.MethodCallReplacementCache - Skipping method notifyAll
23:36:05.326 [main] INFO  o.e.r.i.CreateClassResetClassAdapter - Found static initializer in class org/springframework/http/converter/support/AllEncompassingFormHttpMessageConverter
23:36:05.327 [main] INFO  o.e.r.i.MethodCallReplacementClassAdapter - No hashCode defined for: org/springframework/http/converter/support/AllEncompassingFormHttpMessageConverter, superclass = org.springframework.http.converter.FormHttpMessageConverter
23:36:05.328 [main] DEBUG o.e.r.agent.TransformerForTests - Going to instrument: org.springframework.http.converter.FormHttpMessageConverter
23:36:05.331 [main] INFO  o.e.r.i.MethodCallReplacementClassAdapter - Adding mock interface to class org/springframework/http/converter/FormHttpMessageConverter
23:36:05.342 [main] INFO  o.e.r.i.CreateClassResetClassAdapter - Found static initializer in class org/springframework/http/converter/FormHttpMessageConverter
23:36:05.342 [main] INFO  o.e.r.i.MethodCallReplacementClassAdapter - No hashCode defined for: org/springframework/http/converter/FormHttpMessageConverter, superclass = java.lang.Object
23:36:05.344 [main] DEBUG o.e.r.agent.TransformerForTests - Going to instrument: org.springframework.http.converter.HttpMessageConverter
23:36:05.345 [main] DEBUG o.e.r.agent.TransformerForTests - Going to instrument: org.springframework.util.MultiValueMap
23:36:05.347 [main] DEBUG o.e.r.agent.TransformerForTests - Going to instrument: org.springframework.http.StreamingHttpOutputMessage$Body
23:36:05.347 [main] DEBUG o.e.r.agent.TransformerForTests - Going to instrument: org.springframework.http.HttpOutputMessage
23:36:05.348 [main] DEBUG o.e.r.agent.TransformerForTests - Going to instrument: org.springframework.http.HttpMessage
23:36:05.349 [main] DEBUG o.e.r.agent.TransformerForTests - Going to instrument: org.springframework.http.converter.HttpMessageNotWritableException
23:36:05.349 [main] INFO  o.e.r.i.MethodCallReplacementClassAdapter - Adding mock interface to class org/springframework/http/converter/HttpMessageNotWritableException
23:36:05.350 [main] INFO  o.e.r.i.MethodCallReplacementClassAdapter - No hashCode defined for: org/springframework/http/converter/HttpMessageNotWritableException, superclass = org.springframework.http.converter.HttpMessageConversionException
23:36:05.350 [main] INFO  o.e.r.i.CreateClassResetClassAdapter - Creating brand-new static initializer in class org/springframework/http/converter/HttpMessageNotWritableException
23:36:05.350 [main] DEBUG o.e.r.agent.TransformerForTests - Going to instrument: org.springframework.http.converter.HttpMessageConversionException
23:36:05.350 [main] INFO  o.e.r.i.MethodCallReplacementClassAdapter - Adding mock interface to class org/springframework/http/converter/HttpMessageConversionException
23:36:05.351 [main] INFO  o.e.r.i.MethodCallReplacementClassAdapter - No hashCode defined for: org/springframework/http/converter/HttpMessageConversionException, superclass = org.springframework.core.NestedRuntimeException
23:36:05.351 [main] INFO  o.e.r.i.CreateClassResetClassAdapter - Creating brand-new static initializer in class org/springframework/http/converter/HttpMessageConversionException
23:36:05.351 [main] DEBUG o.e.r.agent.TransformerForTests - Going to instrument: org.springframework.core.NestedRuntimeException
23:36:05.351 [main] INFO  o.e.r.i.MethodCallReplacementClassAdapter - Adding mock interface to class org/springframework/core/NestedRuntimeException
23:36:05.355 [main] INFO  o.e.r.i.CreateClassResetClassAdapter - Found static initializer in class org/springframework/core/NestedRuntimeException
23:36:05.355 [main] INFO  o.e.r.i.MethodCallReplacementClassAdapter - No hashCode defined for: org/springframework/core/NestedRuntimeException, superclass = java.lang.RuntimeException
23:36:05.356 [main] DEBUG o.e.r.agent.TransformerForTests - Going to instrument: org.springframework.util.ClassUtils
23:36:05.360 [main] INFO  o.e.r.i.MethodCallReplacementClassAdapter - Adding mock interface to class org/springframework/util/ClassUtils
23:36:05.380 [main] INFO  o.e.r.i.CreateClassResetClassAdapter - Found static initializer in class org/springframework/util/ClassUtils
23:36:05.382 [main] INFO  o.e.r.i.MethodCallReplacementClassAdapter - No hashCode defined for: org/springframework/util/ClassUtils, superclass = java.lang.Object
23:36:05.388 [main] DEBUG o.e.r.agent.TransformerForTests - Going to instrument: org.springframework.util.Assert
23:36:05.389 [main] INFO  o.e.r.i.MethodCallReplacementClassAdapter - Adding mock interface to class org/springframework/util/Assert
23:36:05.396 [main] INFO  o.e.r.i.MethodCallReplacementClassAdapter - No hashCode defined for: org/springframework/util/Assert, superclass = java.lang.Object
23:36:05.396 [main] INFO  o.e.r.i.CreateClassResetClassAdapter - Creating brand-new static initializer in class org/springframework/util/Assert
23:36:05.399 [main] DEBUG o.e.r.agent.TransformerForTests - Going to instrument: com.fasterxml.jackson.databind.ObjectMapper
23:36:05.404 [main] INFO  o.e.r.i.MethodCallReplacementClassAdapter - Adding mock interface to class com/fasterxml/jackson/databind/ObjectMapper
23:36:05.452 [main] INFO  o.e.r.i.CreateClassResetClassAdapter - Found static initializer in class com/fasterxml/jackson/databind/ObjectMapper
23:36:05.456 [main] INFO  o.e.r.i.MethodCallReplacementClassAdapter - No hashCode defined for: com/fasterxml/jackson/databind/ObjectMapper, superclass = com.fasterxml.jackson.core.ObjectCodec
23:36:05.459 [main] DEBUG o.e.r.agent.TransformerForTests - Going to instrument: com.fasterxml.jackson.core.Versioned
23:36:05.463 [main] DEBUG o.e.r.agent.TransformerForTests - Going to instrument: com.fasterxml.jackson.core.ObjectCodec
23:36:05.469 [main] INFO  o.e.r.i.MethodCallReplacementClassAdapter - Adding mock interface to class com/fasterxml/jackson/core/ObjectCodec
23:36:05.472 [main] INFO  o.e.r.i.MethodCallReplacementClassAdapter - No hashCode defined for: com/fasterxml/jackson/core/ObjectCodec, superclass = com.fasterxml.jackson.core.TreeCodec
23:36:05.472 [main] INFO  o.e.r.i.CreateClassResetClassAdapter - Creating brand-new static initializer in class com/fasterxml/jackson/core/ObjectCodec
23:36:05.474 [main] DEBUG o.e.r.agent.TransformerForTests - Going to instrument: com.fasterxml.jackson.core.TreeCodec
23:36:05.474 [main] INFO  o.e.r.i.MethodCallReplacementClassAdapter - Adding mock interface to class com/fasterxml/jackson/core/TreeCodec
23:36:05.475 [main] INFO  o.e.r.i.MethodCallReplacementClassAdapter - No hashCode defined for: com/fasterxml/jackson/core/TreeCodec, superclass = java.lang.Object
23:36:05.475 [main] INFO  o.e.r.i.CreateClassResetClassAdapter - Creating brand-new static initializer in class com/fasterxml/jackson/core/TreeCodec
23:36:05.476 [main] DEBUG o.e.r.agent.TransformerForTests - Going to instrument: com.fasterxml.jackson.core.JsonGenerator
23:36:05.478 [main] INFO  o.e.r.i.MethodCallReplacementClassAdapter - Adding mock interface to class com/fasterxml/jackson/core/JsonGenerator
23:36:05.492 [main] INFO  o.e.r.i.MethodCallReplacementClassAdapter - No hashCode defined for: com/fasterxml/jackson/core/JsonGenerator, superclass = java.lang.Object
23:36:05.492 [main] INFO  o.e.r.i.CreateClassResetClassAdapter - Creating brand-new static initializer in class com/fasterxml/jackson/core/JsonGenerator
23:36:05.496 [main] DEBUG o.e.r.agent.TransformerForTests - Going to instrument: com.google.gson.Gson
23:36:05.498 [main] INFO  o.e.r.i.MethodCallReplacementClassAdapter - Adding mock interface to class com/google/gson/Gson
23:36:05.505 [main] INFO  o.e.r.i.MethodCallReplacementClassAdapter - No hashCode defined for: com/google/gson/Gson, superclass = java.lang.Object
23:36:05.508 [main] INFO  o.e.r.i.CreateClassResetClassAdapter - Creating brand-new static initializer in class com/google/gson/Gson
23:36:05.508 [main] INFO  o.e.r.i.CreateClassResetClassAdapter - Adding bytecode for initializing field DEFAULT_JSON_NON_EXECUTABLE
23:36:05.508 [main] INFO  o.e.r.i.CreateClassResetClassAdapter - Adding bytecode for initializing field JSON_NON_EXECUTABLE_PREFIX
23:36:05.509 [main] DEBUG o.e.r.agent.TransformerForTests - Going to instrument: org.springframework.context.ApplicationContextException
23:36:05.510 [main] INFO  o.e.r.i.MethodCallReplacementClassAdapter - Adding mock interface to class org/springframework/context/ApplicationContextException
23:36:05.510 [main] INFO  o.e.r.i.MethodCallReplacementClassAdapter - No hashCode defined for: org/springframework/context/ApplicationContextException, superclass = org.springframework.beans.FatalBeanException
23:36:05.510 [main] INFO  o.e.r.i.CreateClassResetClassAdapter - Creating brand-new static initializer in class org/springframework/context/ApplicationContextException
23:36:05.511 [main] DEBUG o.e.r.agent.TransformerForTests - Going to instrument: org.springframework.beans.FatalBeanException
23:36:05.511 [main] INFO  o.e.r.i.MethodCallReplacementClassAdapter - Adding mock interface to class org/springframework/beans/FatalBeanException
23:36:05.512 [main] INFO  o.e.r.i.MethodCallReplacementClassAdapter - No hashCode defined for: org/springframework/beans/FatalBeanException, superclass = org.springframework.beans.BeansException
23:36:05.517 [main] INFO  o.e.r.i.CreateClassResetClassAdapter - Creating brand-new static initializer in class org/springframework/beans/FatalBeanException
23:36:05.518 [main] DEBUG o.e.r.agent.TransformerForTests - Going to instrument: org.springframework.beans.BeansException
23:36:05.518 [main] INFO  o.e.r.i.MethodCallReplacementClassAdapter - Adding mock interface to class org/springframework/beans/BeansException
23:36:05.519 [main] INFO  o.e.r.i.CreateClassResetClassAdapter - Creating brand-new static initializer in class org/springframework/beans/BeansException
23:36:05.521 [main] DEBUG o.e.r.agent.TransformerForTests - Going to instrument: org.springframework.core.NestedExceptionUtils
23:36:05.522 [main] INFO  o.e.r.i.MethodCallReplacementClassAdapter - Adding mock interface to class org/springframework/core/NestedExceptionUtils
23:36:05.522 [main] INFO  o.e.r.i.MethodCallReplacementClassAdapter - No hashCode defined for: org/springframework/core/NestedExceptionUtils, superclass = java.lang.Object
23:36:05.523 [main] INFO  o.e.r.i.CreateClassResetClassAdapter - Creating brand-new static initializer in class org/springframework/core/NestedExceptionUtils
23:36:05.523 [main] DEBUG o.e.r.agent.TransformerForTests - Going to instrument: org.springframework.http.converter.ResourceHttpMessageConverter
23:36:05.524 [main] INFO  o.e.r.i.MethodCallReplacementClassAdapter - Adding mock interface to class org/springframework/http/converter/ResourceHttpMessageConverter
23:36:05.526 [main] INFO  o.e.r.i.CreateClassResetClassAdapter - Found static initializer in class org/springframework/http/converter/ResourceHttpMessageConverter
23:36:05.526 [main] INFO  o.e.r.i.MethodCallReplacementClassAdapter - No hashCode defined for: org/springframework/http/converter/ResourceHttpMessageConverter, superclass = org.springframework.http.converter.AbstractHttpMessageConverter
23:36:05.527 [main] DEBUG o.e.r.agent.TransformerForTests - Going to instrument: org.springframework.http.converter.AbstractHttpMessageConverter
23:36:05.528 [main] INFO  o.e.r.i.MethodCallReplacementClassAdapter - Adding mock interface to class org/springframework/http/converter/AbstractHttpMessageConverter
23:36:05.530 [main] INFO  o.e.r.i.MethodCallReplacementClassAdapter - No hashCode defined for: org/springframework/http/converter/AbstractHttpMessageConverter, superclass = java.lang.Object
23:36:05.530 [main] INFO  o.e.r.i.CreateClassResetClassAdapter - Creating brand-new static initializer in class org/springframework/http/converter/AbstractHttpMessageConverter
23:36:05.531 [main] DEBUG o.e.r.agent.TransformerForTests - Going to instrument: org.springframework.core.io.Resource
23:36:05.532 [main] DEBUG o.e.r.agent.TransformerForTests - Going to instrument: org.springframework.core.io.InputStreamSource
23:36:05.534 [main] DEBUG o.e.r.agent.TransformerForTests - Going to instrument: org.springframework.boot.autoconfigure.web.ResourceProperties$Fixed
23:36:05.535 [main] INFO  o.e.r.i.MethodCallReplacementClassAdapter - Adding mock interface to class org/springframework/boot/autoconfigure/web/ResourceProperties$Fixed
23:36:05.539 [main] INFO  o.e.r.i.MethodCallReplacementClassAdapter - No hashCode defined for: org/springframework/boot/autoconfigure/web/ResourceProperties$Fixed, superclass = java.lang.Object
23:36:05.539 [main] INFO  o.e.r.i.CreateClassResetClassAdapter - Creating brand-new static initializer in class org/springframework/boot/autoconfigure/web/ResourceProperties$Fixed
23:36:05.540 [main] DEBUG o.e.r.agent.TransformerForTests - Going to instrument: org.springframework.web.filter.GenericFilterBean
23:36:05.540 [main] INFO  o.e.r.i.MethodCallReplacementClassAdapter - Adding mock interface to class org/springframework/web/filter/GenericFilterBean
23:36:05.542 [main] INFO  o.e.r.i.MethodCallReplacementClassAdapter - No hashCode defined for: org/springframework/web/filter/GenericFilterBean, superclass = java.lang.Object
23:36:05.542 [main] INFO  o.e.r.i.CreateClassResetClassAdapter - Creating brand-new static initializer in class org/springframework/web/filter/GenericFilterBean
23:36:05.543 [main] DEBUG o.e.r.agent.TransformerForTests - Going to instrument: org.springframework.beans.factory.BeanNameAware
23:36:05.544 [main] DEBUG o.e.r.agent.TransformerForTests - Going to instrument: org.springframework.beans.factory.Aware
23:36:05.547 [main] DEBUG o.e.r.agent.TransformerForTests - Going to instrument: org.springframework.context.EnvironmentAware
23:36:05.548 [main] DEBUG o.e.r.agent.TransformerForTests - Going to instrument: org.springframework.web.context.ServletContextAware
23:36:05.550 [main] DEBUG o.e.r.agent.TransformerForTests - Going to instrument: org.springframework.beans.factory.InitializingBean
23:36:05.551 [main] DEBUG o.e.r.agent.TransformerForTests - Going to instrument: org.springframework.beans.factory.DisposableBean
23:36:05.553 [main] DEBUG o.e.r.agent.TransformerForTests - Going to instrument: org.springframework.core.env.Environment
23:36:05.556 [main] DEBUG o.e.r.agent.TransformerForTests - Going to instrument: org.springframework.core.env.PropertyResolver
23:36:05.557 [main] DEBUG o.e.r.agent.TransformerForTests - Going to instrument: org.springframework.core.io.ResourceLoader
23:36:05.559 [main] DEBUG o.e.r.agent.TransformerForTests - Going to instrument: org.springframework.beans.PropertyValues
23:36:05.560 [main] DEBUG o.e.r.agent.TransformerForTests - Going to instrument: org.springframework.web.util.NestedServletException
23:36:05.561 [main] INFO  o.e.r.i.MethodCallReplacementClassAdapter - Adding mock interface to class org/springframework/web/util/NestedServletException
23:36:05.562 [main] INFO  o.e.r.i.CreateClassResetClassAdapter - Found static initializer in class org/springframework/web/util/NestedServletException
23:36:05.564 [main] INFO  o.e.r.i.MethodCallReplacementClassAdapter - No hashCode defined for: org/springframework/web/util/NestedServletException, superclass = javax.servlet.ServletException
23:36:05.566 [main] DEBUG o.e.r.agent.TransformerForTests - Going to instrument: org.springframework.util.AntPathMatcher
23:36:05.567 [main] INFO  o.e.r.i.MethodCallReplacementClassAdapter - Adding mock interface to class org/springframework/util/AntPathMatcher
23:36:05.573 [main] INFO  o.e.r.i.CreateClassResetClassAdapter - Found static initializer in class org/springframework/util/AntPathMatcher
23:36:05.575 [main] INFO  o.e.r.i.MethodCallReplacementClassAdapter - No hashCode defined for: org/springframework/util/AntPathMatcher, superclass = java.lang.Object
23:36:05.576 [main] DEBUG o.e.r.agent.TransformerForTests - Going to instrument: org.springframework.util.PathMatcher
23:36:05.579 [main] DEBUG o.e.r.agent.TransformerForTests - Going to instrument: org.springframework.web.servlet.view.ContentNegotiatingViewResolver
23:36:05.579 [main] INFO  o.e.r.i.MethodCallReplacementClassAdapter - Adding mock interface to class org/springframework/web/servlet/view/ContentNegotiatingViewResolver
23:36:05.581 [main] INFO  o.e.r.i.CreateClassResetClassAdapter - Found static initializer in class org/springframework/web/servlet/view/ContentNegotiatingViewResolver
23:36:05.582 [main] INFO  o.e.r.i.MethodCallReplacementClassAdapter - No hashCode defined for: org/springframework/web/servlet/view/ContentNegotiatingViewResolver, superclass = org.springframework.web.context.support.WebApplicationObjectSupport
23:36:05.583 [main] DEBUG o.e.r.agent.TransformerForTests - Going to instrument: org.springframework.web.servlet.ViewResolver
23:36:05.584 [main] DEBUG o.e.r.agent.TransformerForTests - Going to instrument: org.springframework.core.Ordered
23:36:05.584 [main] DEBUG o.e.r.agent.TransformerForTests - Going to instrument: org.springframework.web.context.support.WebApplicationObjectSupport
23:36:05.585 [main] INFO  o.e.r.i.MethodCallReplacementClassAdapter - Adding mock interface to class org/springframework/web/context/support/WebApplicationObjectSupport
23:36:05.587 [main] INFO  o.e.r.i.MethodCallReplacementClassAdapter - No hashCode defined for: org/springframework/web/context/support/WebApplicationObjectSupport, superclass = org.springframework.context.support.ApplicationObjectSupport
23:36:05.587 [main] INFO  o.e.r.i.CreateClassResetClassAdapter - Creating brand-new static initializer in class org/springframework/web/context/support/WebApplicationObjectSupport
23:36:05.587 [main] DEBUG o.e.r.agent.TransformerForTests - Going to instrument: org.springframework.context.support.ApplicationObjectSupport
23:36:05.587 [main] INFO  o.e.r.i.MethodCallReplacementClassAdapter - Adding mock interface to class org/springframework/context/support/ApplicationObjectSupport
23:36:05.589 [main] INFO  o.e.r.i.MethodCallReplacementClassAdapter - No hashCode defined for: org/springframework/context/support/ApplicationObjectSupport, superclass = java.lang.Object
23:36:05.595 [main] INFO  o.e.r.i.CreateClassResetClassAdapter - Creating brand-new static initializer in class org/springframework/context/support/ApplicationObjectSupport
23:36:05.595 [main] DEBUG o.e.r.agent.TransformerForTests - Going to instrument: org.springframework.context.ApplicationContextAware
23:36:05.596 [main] DEBUG o.e.r.agent.TransformerForTests - Going to instrument: org.springframework.context.MessageSource
23:36:05.598 [main] DEBUG o.e.r.agent.TransformerForTests - Going to instrument: org.springframework.web.servlet.View
23:36:05.599 [main] DEBUG o.e.r.agent.TransformerForTests - Going to instrument: org.springframework.beans.factory.ListableBeanFactory
23:36:05.600 [main] DEBUG o.e.r.agent.TransformerForTests - Going to instrument: org.springframework.beans.factory.BeanFactory
23:36:05.601 [main] DEBUG o.e.r.agent.TransformerForTests - Going to instrument: org.springframework.web.HttpMediaTypeNotAcceptableException
23:36:05.601 [main] INFO  o.e.r.i.MethodCallReplacementClassAdapter - Adding mock interface to class org/springframework/web/HttpMediaTypeNotAcceptableException
23:36:05.602 [main] INFO  o.e.r.i.MethodCallReplacementClassAdapter - No hashCode defined for: org/springframework/web/HttpMediaTypeNotAcceptableException, superclass = org.springframework.web.HttpMediaTypeException
23:36:05.602 [main] INFO  o.e.r.i.CreateClassResetClassAdapter - Creating brand-new static initializer in class org/springframework/web/HttpMediaTypeNotAcceptableException
23:36:05.604 [main] DEBUG o.e.r.agent.TransformerForTests - Going to instrument: org.springframework.web.HttpMediaTypeException
23:36:05.605 [main] INFO  o.e.r.i.MethodCallReplacementClassAdapter - Adding mock interface to class org/springframework/web/HttpMediaTypeException
23:36:05.606 [main] INFO  o.e.r.i.MethodCallReplacementClassAdapter - No hashCode defined for: org/springframework/web/HttpMediaTypeException, superclass = javax.servlet.ServletException
23:36:05.606 [main] INFO  o.e.r.i.CreateClassResetClassAdapter - Creating brand-new static initializer in class org/springframework/web/HttpMediaTypeException
23:36:05.607 [main] DEBUG o.e.r.agent.TransformerForTests - Going to instrument: org.springframework.web.context.request.NativeWebRequest
23:36:05.609 [main] DEBUG o.e.r.agent.TransformerForTests - Going to instrument: org.springframework.web.context.request.WebRequest
23:36:05.610 [main] DEBUG o.e.r.agent.TransformerForTests - Going to instrument: org.springframework.web.context.request.RequestAttributes
23:36:05.611 [main] DEBUG o.e.r.agent.TransformerForTests - Going to instrument: org.springframework.web.servlet.view.ContentNegotiatingViewResolver$1
23:36:05.613 [main] INFO  o.e.r.i.MethodCallReplacementClassAdapter - Adding mock interface to class org/springframework/web/servlet/view/ContentNegotiatingViewResolver$1
23:36:05.613 [main] INFO  o.e.r.i.MethodCallReplacementClassAdapter - No hashCode defined for: org/springframework/web/servlet/view/ContentNegotiatingViewResolver$1, superclass = java.lang.Object
23:36:05.616 [main] DEBUG o.e.r.agent.TransformerForTests - Going to instrument: org.springframework.format.Parser
23:36:05.617 [main] DEBUG o.e.r.agent.TransformerForTests - Going to instrument: org.springframework.core.convert.support.StringToBooleanConverter
23:36:05.617 [main] INFO  o.e.r.i.MethodCallReplacementClassAdapter - Adding mock interface to class org/springframework/core/convert/support/StringToBooleanConverter
23:36:05.619 [main] INFO  o.e.r.i.CreateClassResetClassAdapter - Found static initializer in class org/springframework/core/convert/support/StringToBooleanConverter
23:36:05.619 [main] INFO  o.e.r.i.MethodCallReplacementClassAdapter - No hashCode defined for: org/springframework/core/convert/support/StringToBooleanConverter, superclass = java.lang.Object
23:36:05.620 [main] DEBUG o.e.r.agent.TransformerForTests - Going to instrument: org.springframework.core.convert.converter.Converter
23:36:05.621 [main] DEBUG o.e.r.agent.TransformerForTests - Going to instrument: org.springframework.core.annotation.SynthesizingMethodParameter
23:36:05.622 [main] INFO  o.e.r.i.MethodCallReplacementClassAdapter - Adding mock interface to class org/springframework/core/annotation/SynthesizingMethodParameter
23:36:05.622 [main] INFO  o.e.r.i.MethodCallReplacementClassAdapter - No hashCode defined for: org/springframework/core/annotation/SynthesizingMethodParameter, superclass = org.springframework.core.MethodParameter
23:36:05.622 [main] INFO  o.e.r.i.CreateClassResetClassAdapter - Creating brand-new static initializer in class org/springframework/core/annotation/SynthesizingMethodParameter
23:36:05.623 [main] DEBUG o.e.r.agent.TransformerForTests - Going to instrument: org.springframework.core.MethodParameter
23:36:05.623 [main] INFO  o.e.r.i.MethodCallReplacementClassAdapter - Adding mock interface to class org/springframework/core/MethodParameter
23:36:05.633 [main] INFO  o.e.r.i.CreateClassResetClassAdapter - Creating brand-new static initializer in class org/springframework/core/MethodParameter
23:36:05.636 [main] DEBUG o.e.r.agent.TransformerForTests - Going to instrument: com.fasterxml.jackson.databind.type.TypeBase
23:36:05.638 [main] INFO  o.e.r.i.MethodCallReplacementClassAdapter - Adding mock interface to class com/fasterxml/jackson/databind/type/TypeBase
23:36:05.640 [main] INFO  o.e.r.i.MethodCallReplacementClassAdapter - No hashCode defined for: com/fasterxml/jackson/databind/type/TypeBase, superclass = com.fasterxml.jackson.databind.JavaType
23:36:05.640 [main] INFO  o.e.r.i.CreateClassResetClassAdapter - Creating brand-new static initializer in class com/fasterxml/jackson/databind/type/TypeBase
23:36:05.641 [main] DEBUG o.e.r.agent.TransformerForTests - Going to instrument: com.fasterxml.jackson.databind.JsonSerializable
23:36:05.643 [main] DEBUG o.e.r.agent.TransformerForTests - Going to instrument: com.fasterxml.jackson.databind.JavaType
23:36:05.645 [main] INFO  o.e.r.i.MethodCallReplacementClassAdapter - Adding mock interface to class com/fasterxml/jackson/databind/JavaType
23:36:05.648 [main] INFO  o.e.r.i.CreateClassResetClassAdapter - Creating brand-new static initializer in class com/fasterxml/jackson/databind/JavaType
23:36:05.650 [main] DEBUG o.e.r.agent.TransformerForTests - Going to instrument: com.fasterxml.jackson.core.type.ResolvedType
23:36:05.651 [main] INFO  o.e.r.i.MethodCallReplacementClassAdapter - Adding mock interface to class com/fasterxml/jackson/core/type/ResolvedType
23:36:05.651 [main] INFO  o.e.r.i.MethodCallReplacementClassAdapter - No hashCode defined for: com/fasterxml/jackson/core/type/ResolvedType, superclass = java.lang.Object
23:36:05.651 [main] INFO  o.e.r.i.CreateClassResetClassAdapter - Creating brand-new static initializer in class com/fasterxml/jackson/core/type/ResolvedType
23:36:05.653 [main] DEBUG o.e.r.agent.TransformerForTests - Going to instrument: org.springframework.format.datetime.DateFormatter
23:36:05.654 [main] INFO  o.e.r.i.MethodCallReplacementClassAdapter - Adding mock interface to class org/springframework/format/datetime/DateFormatter
23:36:05.657 [main] INFO  o.e.r.i.CreateClassResetClassAdapter - Found static initializer in class org/springframework/format/datetime/DateFormatter
23:36:05.657 [main] INFO  o.e.r.i.MethodCallReplacementClassAdapter - No hashCode defined for: org/springframework/format/datetime/DateFormatter, superclass = java.lang.Object
23:36:05.658 [main] DEBUG o.e.r.agent.TransformerForTests - Going to instrument: org.springframework.format.Formatter
23:36:05.659 [main] DEBUG o.e.r.agent.TransformerForTests - Going to instrument: org.springframework.format.Printer
23:36:05.660 [main] DEBUG o.e.r.agent.TransformerForTests - Going to instrument: org.springframework.format.annotation.DateTimeFormat$ISO
23:36:05.660 [main] INFO  o.e.r.i.MethodCallReplacementClassAdapter - Adding mock interface to class org/springframework/format/annotation/DateTimeFormat$ISO
23:36:05.661 [main] INFO  o.e.r.i.CreateClassResetClassAdapter - Found static initializer in class org/springframework/format/annotation/DateTimeFormat$ISO
23:36:05.661 [main] INFO  o.e.r.i.MethodCallReplacementClassAdapter - No hashCode defined for: org/springframework/format/annotation/DateTimeFormat$ISO, superclass = java.lang.Enum
23:36:05.663 [main] DEBUG o.e.r.agent.TransformerForTests - Going to instrument: org.springframework.http.converter.StringHttpMessageConverter
23:36:05.663 [main] INFO  o.e.r.i.MethodCallReplacementClassAdapter - Adding mock interface to class org/springframework/http/converter/StringHttpMessageConverter
23:36:05.665 [main] INFO  o.e.r.i.CreateClassResetClassAdapter - Found static initializer in class org/springframework/http/converter/StringHttpMessageConverter
23:36:05.666 [main] INFO  o.e.r.i.MethodCallReplacementClassAdapter - No hashCode defined for: org/springframework/http/converter/StringHttpMessageConverter, superclass = org.springframework.http.converter.AbstractHttpMessageConverter
23:36:05.667 [main] DEBUG o.e.r.agent.TransformerForTests - Going to instrument: org.springframework.web.servlet.HandlerExceptionResolver
23:36:05.668 [main] DEBUG o.e.r.agent.TransformerForTests - Going to instrument: org.springframework.web.servlet.HandlerAdapter
23:36:05.670 [main] DEBUG o.e.r.agent.TransformerForTests - Going to instrument: org.springframework.web.servlet.config.annotation.ContentNegotiationConfigurer
23:36:05.670 [main] INFO  o.e.r.i.MethodCallReplacementClassAdapter - Adding mock interface to class org/springframework/web/servlet/config/annotation/ContentNegotiationConfigurer
23:36:05.671 [main] INFO  o.e.r.i.MethodCallReplacementClassAdapter - No hashCode defined for: org/springframework/web/servlet/config/annotation/ContentNegotiationConfigurer, superclass = java.lang.Object
23:36:05.672 [main] INFO  o.e.r.i.CreateClassResetClassAdapter - Creating brand-new static initializer in class org/springframework/web/servlet/config/annotation/ContentNegotiationConfigurer
23:36:05.673 [main] DEBUG o.e.r.agent.TransformerForTests - Going to instrument: org.springframework.web.servlet.resource.ResourceTransformerChain
23:36:05.674 [main] DEBUG o.e.r.agent.TransformerForTests - Going to instrument: org.springframework.util.ConcurrentReferenceHashMap$Entry
23:36:05.674 [main] INFO  o.e.r.i.MethodCallReplacementClassAdapter - Adding mock interface to class org/springframework/util/ConcurrentReferenceHashMap$Entry
23:36:05.675 [main] INFO  o.e.r.i.CreateClassResetClassAdapter - Creating brand-new static initializer in class org/springframework/util/ConcurrentReferenceHashMap$Entry
23:36:05.676 [main] DEBUG o.e.r.agent.TransformerForTests - Going to instrument: org.springframework.web.filter.OncePerRequestFilter
23:36:05.676 [main] INFO  o.e.r.i.MethodCallReplacementClassAdapter - Adding mock interface to class org/springframework/web/filter/OncePerRequestFilter
23:36:05.677 [main] INFO  o.e.r.i.MethodCallReplacementClassAdapter - No hashCode defined for: org/springframework/web/filter/OncePerRequestFilter, superclass = org.springframework.web.filter.GenericFilterBean
23:36:05.677 [main] INFO  o.e.r.i.CreateClassResetClassAdapter - Creating brand-new static initializer in class org/springframework/web/filter/OncePerRequestFilter
23:36:05.677 [main] INFO  o.e.r.i.CreateClassResetClassAdapter - Adding bytecode for initializing field ALREADY_FILTERED_SUFFIX
23:36:05.678 [main] DEBUG o.e.r.agent.TransformerForTests - Going to instrument: org.springframework.core.task.SimpleAsyncTaskExecutor$ConcurrencyThrottleAdapter
23:36:05.678 [main] INFO  o.e.r.i.MethodCallReplacementClassAdapter - Adding mock interface to class org/springframework/core/task/SimpleAsyncTaskExecutor$ConcurrencyThrottleAdapter
23:36:05.679 [main] INFO  o.e.r.i.MethodCallReplacementClassAdapter - No hashCode defined for: org/springframework/core/task/SimpleAsyncTaskExecutor$ConcurrencyThrottleAdapter, superclass = org.springframework.util.ConcurrencyThrottleSupport
23:36:05.679 [main] INFO  o.e.r.i.CreateClassResetClassAdapter - Creating brand-new static initializer in class org/springframework/core/task/SimpleAsyncTaskExecutor$ConcurrencyThrottleAdapter
23:36:05.679 [main] DEBUG o.e.r.agent.TransformerForTests - Going to instrument: org.springframework.util.ConcurrencyThrottleSupport
23:36:05.680 [main] INFO  o.e.r.i.MethodCallReplacementClassAdapter - Adding mock interface to class org/springframework/util/ConcurrencyThrottleSupport
23:36:05.681 [main] INFO  o.e.r.i.MethodCallReplacementClassAdapter - No hashCode defined for: org/springframework/util/ConcurrencyThrottleSupport, superclass = java.lang.Object
23:36:05.681 [main] INFO  o.e.r.i.CreateClassResetClassAdapter - Creating brand-new static initializer in class org/springframework/util/ConcurrencyThrottleSupport
23:36:05.681 [main] INFO  o.e.r.i.CreateClassResetClassAdapter - Adding bytecode for initializing field UNBOUNDED_CONCURRENCY
23:36:05.682 [main] INFO  o.e.r.i.CreateClassResetClassAdapter - Adding bytecode for initializing field NO_CONCURRENCY
23:36:05.683 [main] DEBUG o.e.r.agent.TransformerForTests - Going to instrument: org.springframework.util.ConcurrentReferenceHashMap$TaskOption
23:36:05.683 [main] INFO  o.e.r.i.MethodCallReplacementClassAdapter - Adding mock interface to class org/springframework/util/ConcurrentReferenceHashMap$TaskOption
23:36:05.684 [main] INFO  o.e.r.i.CreateClassResetClassAdapter - Found static initializer in class org/springframework/util/ConcurrentReferenceHashMap$TaskOption
23:36:05.684 [main] INFO  o.e.r.i.MethodCallReplacementClassAdapter - No hashCode defined for: org/springframework/util/ConcurrentReferenceHashMap$TaskOption, superclass = java.lang.Enum
23:36:05.685 [main] DEBUG o.e.r.agent.TransformerForTests - Going to instrument: org.springframework.web.servlet.mvc.method.RequestMappingInfoHandlerMethodMappingNamingStrategy
23:36:05.685 [main] INFO  o.e.r.i.MethodCallReplacementClassAdapter - Adding mock interface to class org/springframework/web/servlet/mvc/method/RequestMappingInfoHandlerMethodMappingNamingStrategy
23:36:05.685 [main] INFO  o.e.r.i.MethodCallReplacementClassAdapter - No hashCode defined for: org/springframework/web/servlet/mvc/method/RequestMappingInfoHandlerMethodMappingNamingStrategy, superclass = java.lang.Object
23:36:05.686 [main] INFO  o.e.r.i.CreateClassResetClassAdapter - Creating brand-new static initializer in class org/springframework/web/servlet/mvc/method/RequestMappingInfoHandlerMethodMappingNamingStrategy
23:36:05.686 [main] INFO  o.e.r.i.CreateClassResetClassAdapter - Adding bytecode for initializing field SEPARATOR
23:36:05.687 [main] DEBUG o.e.r.agent.TransformerForTests - Going to instrument: org.springframework.web.servlet.handler.HandlerMethodMappingNamingStrategy
23:36:05.689 [main] DEBUG o.e.r.agent.TransformerForTests - Going to instrument: org.springframework.web.servlet.handler.AbstractHandlerMethodMapping$EmptyHandler
23:36:05.689 [main] INFO  o.e.r.i.MethodCallReplacementClassAdapter - Adding mock interface to class org/springframework/web/servlet/handler/AbstractHandlerMethodMapping$EmptyHandler
23:36:05.689 [main] INFO  o.e.r.i.MethodCallReplacementClassAdapter - No hashCode defined for: org/springframework/web/servlet/handler/AbstractHandlerMethodMapping$EmptyHandler, superclass = java.lang.Object
23:36:05.689 [main] INFO  o.e.r.i.CreateClassResetClassAdapter - Creating brand-new static initializer in class org/springframework/web/servlet/handler/AbstractHandlerMethodMapping$EmptyHandler
23:36:05.690 [main] DEBUG o.e.r.agent.TransformerForTests - Going to instrument: org.springframework.beans.factory.BeanFactoryAware
23:36:05.691 [main] DEBUG o.e.r.agent.TransformerForTests - Going to instrument: org.springframework.core.env.EnvironmentCapable
23:36:05.691 [main] DEBUG o.e.r.agent.TransformerForTests - Going to instrument: org.springframework.core.convert.ConversionService
23:36:05.692 [main] DEBUG o.e.r.agent.TransformerForTests - Going to instrument: com.fasterxml.jackson.core.TreeNode
23:36:05.693 [main] DEBUG o.e.r.agent.TransformerForTests - Going to instrument: org.springframework.boot.autoconfigure.web.WebMvcAutoConfiguration
23:36:05.693 [main] INFO  o.e.r.i.MethodCallReplacementClassAdapter - Adding mock interface to class org/springframework/boot/autoconfigure/web/WebMvcAutoConfiguration
23:36:05.694 [main] INFO  o.e.r.i.CreateClassResetClassAdapter - Found static initializer in class org/springframework/boot/autoconfigure/web/WebMvcAutoConfiguration
23:36:05.694 [main] INFO  o.e.r.i.MethodCallReplacementClassAdapter - No hashCode defined for: org/springframework/boot/autoconfigure/web/WebMvcAutoConfiguration, superclass = java.lang.Object
23:36:05.695 [main] DEBUG o.e.r.agent.TransformerForTests - Going to instrument: org.springframework.util.ConcurrentReferenceHashMap$Entries
23:36:05.695 [main] INFO  o.e.r.i.MethodCallReplacementClassAdapter - Adding mock interface to class org/springframework/util/ConcurrentReferenceHashMap$Entries
23:36:05.696 [main] INFO  o.e.r.i.MethodCallReplacementClassAdapter - No hashCode defined for: org/springframework/util/ConcurrentReferenceHashMap$Entries, superclass = java.lang.Object
23:36:05.696 [main] INFO  o.e.r.i.CreateClassResetClassAdapter - Creating brand-new static initializer in class org/springframework/util/ConcurrentReferenceHashMap$Entries
23:36:05.697 [main] DEBUG o.e.r.agent.TransformerForTests - Going to instrument: org.springframework.web.method.support.UriComponentsContributor
23:36:05.698 [main] DEBUG o.e.r.agent.TransformerForTests - Going to instrument: com.fasterxml.jackson.databind.introspect.BasicClassIntrospector
23:36:05.698 [main] INFO  o.e.r.i.MethodCallReplacementClassAdapter - Adding mock interface to class com/fasterxml/jackson/databind/introspect/BasicClassIntrospector
23:36:05.700 [main] INFO  o.e.r.i.CreateClassResetClassAdapter - Found static initializer in class com/fasterxml/jackson/databind/introspect/BasicClassIntrospector
23:36:05.700 [main] INFO  o.e.r.i.MethodCallReplacementClassAdapter - No hashCode defined for: com/fasterxml/jackson/databind/introspect/BasicClassIntrospector, superclass = com.fasterxml.jackson.databind.introspect.ClassIntrospector
23:36:05.701 [main] DEBUG o.e.r.agent.TransformerForTests - Going to instrument: com.fasterxml.jackson.databind.introspect.ClassIntrospector
23:36:05.701 [main] INFO  o.e.r.i.MethodCallReplacementClassAdapter - Adding mock interface to class com/fasterxml/jackson/databind/introspect/ClassIntrospector
23:36:05.701 [main] INFO  o.e.r.i.MethodCallReplacementClassAdapter - No hashCode defined for: com/fasterxml/jackson/databind/introspect/ClassIntrospector, superclass = java.lang.Object
23:36:05.702 [main] INFO  o.e.r.i.CreateClassResetClassAdapter - Creating brand-new static initializer in class com/fasterxml/jackson/databind/introspect/ClassIntrospector
23:36:05.702 [main] DEBUG o.e.r.agent.TransformerForTests - Going to instrument: com.fasterxml.jackson.databind.type.SimpleType
23:36:05.703 [main] INFO  o.e.r.i.MethodCallReplacementClassAdapter - Adding mock interface to class com/fasterxml/jackson/databind/type/SimpleType
23:36:05.712 [main] INFO  o.e.r.i.MethodCallReplacementClassAdapter - No hashCode defined for: com/fasterxml/jackson/databind/type/SimpleType, superclass = com.fasterxml.jackson.databind.type.TypeBase
23:36:05.712 [main] INFO  o.e.r.i.CreateClassResetClassAdapter - Creating brand-new static initializer in class com/fasterxml/jackson/databind/type/SimpleType
23:36:05.713 [main] DEBUG o.e.r.agent.TransformerForTests - Going to instrument: com.fasterxml.jackson.databind.cfg.MapperConfig
23:36:05.714 [main] INFO  o.e.r.i.MethodCallReplacementClassAdapter - Adding mock interface to class com/fasterxml/jackson/databind/cfg/MapperConfig
23:36:05.715 [main] INFO  o.e.r.i.MethodCallReplacementClassAdapter - No hashCode defined for: com/fasterxml/jackson/databind/cfg/MapperConfig, superclass = java.lang.Object
23:36:05.715 [main] INFO  o.e.r.i.CreateClassResetClassAdapter - Creating brand-new static initializer in class com/fasterxml/jackson/databind/cfg/MapperConfig
23:36:05.716 [main] DEBUG o.e.r.agent.TransformerForTests - Going to instrument: com.fasterxml.jackson.databind.introspect.ClassIntrospector$MixInResolver
23:36:05.717 [main] DEBUG o.e.r.agent.TransformerForTests - Going to instrument: com.fasterxml.jackson.databind.DeserializationConfig
23:36:05.717 [main] INFO  o.e.r.i.MethodCallReplacementClassAdapter - Adding mock interface to class com/fasterxml/jackson/databind/DeserializationConfig
23:36:05.720 [main] INFO  o.e.r.i.MethodCallReplacementClassAdapter - No hashCode defined for: com/fasterxml/jackson/databind/DeserializationConfig, superclass = com.fasterxml.jackson.databind.cfg.MapperConfigBase
23:36:05.720 [main] INFO  o.e.r.i.CreateClassResetClassAdapter - Creating brand-new static initializer in class com/fasterxml/jackson/databind/DeserializationConfig
23:36:05.722 [main] DEBUG o.e.r.agent.TransformerForTests - Going to instrument: com.fasterxml.jackson.databind.cfg.MapperConfigBase
23:36:05.722 [main] INFO  o.e.r.i.MethodCallReplacementClassAdapter - Adding mock interface to class com/fasterxml/jackson/databind/cfg/MapperConfigBase
23:36:05.724 [main] INFO  o.e.r.i.CreateClassResetClassAdapter - Found static initializer in class com/fasterxml/jackson/databind/cfg/MapperConfigBase
23:36:05.725 [main] INFO  o.e.r.i.MethodCallReplacementClassAdapter - No hashCode defined for: com/fasterxml/jackson/databind/cfg/MapperConfigBase, superclass = com.fasterxml.jackson.databind.cfg.MapperConfig
23:36:05.726 [main] DEBUG o.e.r.agent.TransformerForTests - Going to instrument: com.fasterxml.jackson.databind.BeanDescription
23:36:05.726 [main] INFO  o.e.r.i.MethodCallReplacementClassAdapter - Adding mock interface to class com/fasterxml/jackson/databind/BeanDescription
23:36:05.727 [main] INFO  o.e.r.i.MethodCallReplacementClassAdapter - No hashCode defined for: com/fasterxml/jackson/databind/BeanDescription, superclass = java.lang.Object
23:36:05.727 [main] INFO  o.e.r.i.CreateClassResetClassAdapter - Creating brand-new static initializer in class com/fasterxml/jackson/databind/BeanDescription
23:36:05.729 [main] DEBUG o.e.r.agent.TransformerForTests - Going to instrument: com.fasterxml.jackson.databind.introspect.BasicBeanDescription
23:36:05.729 [main] INFO  o.e.r.i.MethodCallReplacementClassAdapter - Adding mock interface to class com/fasterxml/jackson/databind/introspect/BasicBeanDescription
23:36:05.735 [main] INFO  o.e.r.i.MethodCallReplacementClassAdapter - No hashCode defined for: com/fasterxml/jackson/databind/introspect/BasicBeanDescription, superclass = com.fasterxml.jackson.databind.BeanDescription
23:36:05.735 [main] INFO  o.e.r.i.CreateClassResetClassAdapter - Creating brand-new static initializer in class com/fasterxml/jackson/databind/introspect/BasicBeanDescription
23:36:05.736 [main] DEBUG o.e.r.agent.TransformerForTests - Going to instrument: com.fasterxml.jackson.databind.SerializationConfig
23:36:05.737 [main] INFO  o.e.r.i.MethodCallReplacementClassAdapter - Adding mock interface to class com/fasterxml/jackson/databind/SerializationConfig
23:36:05.741 [main] INFO  o.e.r.i.CreateClassResetClassAdapter - Found static initializer in class com/fasterxml/jackson/databind/SerializationConfig
23:36:05.742 [main] INFO  o.e.r.i.MethodCallReplacementClassAdapter - No hashCode defined for: com/fasterxml/jackson/databind/SerializationConfig, superclass = com.fasterxml.jackson.databind.cfg.MapperConfigBase
23:36:05.743 [main] DEBUG o.e.r.agent.TransformerForTests - Going to instrument: com.fasterxml.jackson.databind.introspect.AnnotatedClass
23:36:05.744 [main] INFO  o.e.r.i.MethodCallReplacementClassAdapter - Adding mock interface to class com/fasterxml/jackson/databind/introspect/AnnotatedClass
23:36:05.758 [main] INFO  o.e.r.i.CreateClassResetClassAdapter - Found static initializer in class com/fasterxml/jackson/databind/introspect/AnnotatedClass
23:36:05.759 [main] DEBUG o.e.r.agent.TransformerForTests - Going to instrument: com.fasterxml.jackson.databind.introspect.Annotated
23:36:05.759 [main] INFO  o.e.r.i.MethodCallReplacementClassAdapter - Adding mock interface to class com/fasterxml/jackson/databind/introspect/Annotated
23:36:05.761 [main] INFO  o.e.r.i.CreateClassResetClassAdapter - Creating brand-new static initializer in class com/fasterxml/jackson/databind/introspect/Annotated
23:36:05.762 [main] DEBUG o.e.r.agent.TransformerForTests - Going to instrument: com.fasterxml.jackson.databind.util.Annotations
23:36:05.763 [main] DEBUG o.e.r.agent.TransformerForTests - Going to instrument: com.fasterxml.jackson.databind.introspect.AnnotatedMember
23:36:05.764 [main] INFO  o.e.r.i.MethodCallReplacementClassAdapter - Adding mock interface to class com/fasterxml/jackson/databind/introspect/AnnotatedMember
23:36:05.764 [main] INFO  o.e.r.i.MethodCallReplacementClassAdapter - No hashCode defined for: com/fasterxml/jackson/databind/introspect/AnnotatedMember, superclass = com.fasterxml.jackson.databind.introspect.Annotated
23:36:05.764 [main] INFO  o.e.r.i.CreateClassResetClassAdapter - Creating brand-new static initializer in class com/fasterxml/jackson/databind/introspect/AnnotatedMember
23:36:05.765 [main] DEBUG o.e.r.agent.TransformerForTests - Going to instrument: com.fasterxml.jackson.databind.introspect.AnnotatedConstructor
23:36:05.766 [main] INFO  o.e.r.i.MethodCallReplacementClassAdapter - Adding mock interface to class com/fasterxml/jackson/databind/introspect/AnnotatedConstructor
23:36:05.768 [main] INFO  o.e.r.i.CreateClassResetClassAdapter - Creating brand-new static initializer in class com/fasterxml/jackson/databind/introspect/AnnotatedConstructor
23:36:05.770 [main] DEBUG o.e.r.agent.TransformerForTests - Going to instrument: com.fasterxml.jackson.databind.introspect.AnnotatedWithParams
23:36:05.772 [main] INFO  o.e.r.i.MethodCallReplacementClassAdapter - Adding mock interface to class com/fasterxml/jackson/databind/introspect/AnnotatedWithParams
23:36:05.773 [main] INFO  o.e.r.i.MethodCallReplacementClassAdapter - No hashCode defined for: com/fasterxml/jackson/databind/introspect/AnnotatedWithParams, superclass = com.fasterxml.jackson.databind.introspect.AnnotatedMember
23:36:05.773 [main] INFO  o.e.r.i.CreateClassResetClassAdapter - Creating brand-new static initializer in class com/fasterxml/jackson/databind/introspect/AnnotatedWithParams
23:36:05.775 [main] DEBUG o.e.r.agent.TransformerForTests - Going to instrument: com.fasterxml.jackson.databind.introspect.AnnotatedMethod
23:36:05.775 [main] INFO  o.e.r.i.MethodCallReplacementClassAdapter - Adding mock interface to class com/fasterxml/jackson/databind/introspect/AnnotatedMethod
23:36:05.779 [main] INFO  o.e.r.i.CreateClassResetClassAdapter - Creating brand-new static initializer in class com/fasterxml/jackson/databind/introspect/AnnotatedMethod
23:36:05.780 [main] DEBUG o.e.r.agent.TransformerForTests - Going to instrument: com.fasterxml.jackson.databind.introspect.AnnotatedField
23:36:05.781 [main] INFO  o.e.r.i.MethodCallReplacementClassAdapter - Adding mock interface to class com/fasterxml/jackson/databind/introspect/AnnotatedField
23:36:05.787 [main] INFO  o.e.r.i.CreateClassResetClassAdapter - Creating brand-new static initializer in class com/fasterxml/jackson/databind/introspect/AnnotatedField
23:36:05.789 [main] DEBUG o.e.r.agent.TransformerForTests - Going to instrument: com.fasterxml.jackson.databind.introspect.AnnotationMap
23:36:05.790 [main] INFO  o.e.r.i.MethodCallReplacementClassAdapter - Adding mock interface to class com/fasterxml/jackson/databind/introspect/AnnotationMap
23:36:05.791 [main] INFO  o.e.r.i.MethodCallReplacementClassAdapter - No hashCode defined for: com/fasterxml/jackson/databind/introspect/AnnotationMap, superclass = java.lang.Object
23:36:05.791 [main] INFO  o.e.r.i.CreateClassResetClassAdapter - Creating brand-new static initializer in class com/fasterxml/jackson/databind/introspect/AnnotationMap
23:36:05.793 [main] DEBUG o.e.r.agent.TransformerForTests - Going to instrument: com.fasterxml.jackson.databind.introspect.AnnotatedParameter
23:36:05.794 [main] INFO  o.e.r.i.MethodCallReplacementClassAdapter - Adding mock interface to class com/fasterxml/jackson/databind/introspect/AnnotatedParameter
23:36:05.798 [main] INFO  o.e.r.i.CreateClassResetClassAdapter - Creating brand-new static initializer in class com/fasterxml/jackson/databind/introspect/AnnotatedParameter
23:36:05.799 [main] DEBUG o.e.r.agent.TransformerForTests - Going to instrument: com.fasterxml.jackson.databind.util.LRUMap
23:36:05.799 [main] INFO  o.e.r.i.MethodCallReplacementClassAdapter - Adding mock interface to class com/fasterxml/jackson/databind/util/LRUMap
23:36:05.800 [main] INFO  o.e.r.i.MethodCallReplacementClassAdapter - No hashCode defined for: com/fasterxml/jackson/databind/util/LRUMap, superclass = java.lang.Object
23:36:05.800 [main] INFO  o.e.r.i.CreateClassResetClassAdapter - Creating brand-new static initializer in class com/fasterxml/jackson/databind/util/LRUMap
23:36:05.801 [main] DEBUG o.e.r.agent.TransformerForTests - Going to instrument: org.springframework.core.ResolvableType$1
23:36:05.802 [main] INFO  o.e.r.i.MethodCallReplacementClassAdapter - Adding mock interface to class org/springframework/core/ResolvableType$1
23:36:05.802 [main] INFO  o.e.r.i.MethodCallReplacementClassAdapter - No hashCode defined for: org/springframework/core/ResolvableType$1, superclass = org.springframework.core.ResolvableType
23:36:05.803 [main] DEBUG o.e.r.agent.TransformerForTests - Going to instrument: org.springframework.core.ResolvableType
23:36:05.804 [main] INFO  o.e.r.i.MethodCallReplacementClassAdapter - Adding mock interface to class org/springframework/core/ResolvableType
23:36:05.809 [main] INFO  o.e.r.i.CreateClassResetClassAdapter - Found static initializer in class org/springframework/core/ResolvableType
23:36:05.811 [main] DEBUG o.e.r.agent.TransformerForTests - Going to instrument: org.springframework.core.ResolvableType$VariableResolver
23:36:05.812 [main] DEBUG o.e.r.agent.TransformerForTests - Going to instrument: org.springframework.core.SerializableTypeWrapper$TypeProvider
23:36:05.814 [main] DEBUG o.e.r.agent.TransformerForTests - Going to instrument: org.springframework.util.ConcurrentReferenceHashMap
23:36:05.814 [main] INFO  o.e.r.i.MethodCallReplacementClassAdapter - Adding mock interface to class org/springframework/util/ConcurrentReferenceHashMap
23:36:05.816 [main] INFO  o.e.r.i.CreateClassResetClassAdapter - Found static initializer in class org/springframework/util/ConcurrentReferenceHashMap
23:36:05.817 [main] INFO  o.e.r.i.MethodCallReplacementClassAdapter - No hashCode defined for: org/springframework/util/ConcurrentReferenceHashMap, superclass = java.util.AbstractMap
23:36:05.818 [main] DEBUG o.e.r.agent.TransformerForTests - Going to instrument: org.springframework.util.ConcurrentReferenceHashMap$Task
23:36:05.819 [main] INFO  o.e.r.i.MethodCallReplacementClassAdapter - Adding mock interface to class org/springframework/util/ConcurrentReferenceHashMap$Task
23:36:05.819 [main] INFO  o.e.r.i.MethodCallReplacementClassAdapter - No hashCode defined for: org/springframework/util/ConcurrentReferenceHashMap$Task, superclass = java.lang.Object
23:36:05.819 [main] INFO  o.e.r.i.CreateClassResetClassAdapter - Creating brand-new static initializer in class org/springframework/util/ConcurrentReferenceHashMap$Task
23:36:05.820 [main] DEBUG o.e.r.agent.TransformerForTests - Going to instrument: org.springframework.util.ConcurrentReferenceHashMap$3
23:36:05.820 [main] INFO  o.e.r.i.MethodCallReplacementClassAdapter - Adding mock interface to class org/springframework/util/ConcurrentReferenceHashMap$3
23:36:05.821 [main] INFO  o.e.r.i.MethodCallReplacementClassAdapter - No hashCode defined for: org/springframework/util/ConcurrentReferenceHashMap$3, superclass = org.springframework.util.ConcurrentReferenceHashMap$Task
23:36:05.821 [main] DEBUG o.e.r.agent.TransformerForTests - Going to instrument: org.springframework.util.ConcurrentReferenceHashMap$2
23:36:05.821 [main] INFO  o.e.r.i.MethodCallReplacementClassAdapter - Adding mock interface to class org/springframework/util/ConcurrentReferenceHashMap$2
23:36:05.822 [main] INFO  o.e.r.i.MethodCallReplacementClassAdapter - No hashCode defined for: org/springframework/util/ConcurrentReferenceHashMap$2, superclass = org.springframework.util.ConcurrentReferenceHashMap$Task
23:36:05.823 [main] DEBUG o.e.r.agent.TransformerForTests - Going to instrument: org.springframework.util.ConcurrentReferenceHashMap$1
23:36:05.823 [main] INFO  o.e.r.i.MethodCallReplacementClassAdapter - Adding mock interface to class org/springframework/util/ConcurrentReferenceHashMap$1
23:36:05.824 [main] INFO  o.e.r.i.MethodCallReplacementClassAdapter - No hashCode defined for: org/springframework/util/ConcurrentReferenceHashMap$1, superclass = org.springframework.util.ConcurrentReferenceHashMap$Task
23:36:05.825 [main] DEBUG o.e.r.agent.TransformerForTests - Going to instrument: org.springframework.util.ConcurrentReferenceHashMap$5
23:36:05.825 [main] INFO  o.e.r.i.MethodCallReplacementClassAdapter - Adding mock interface to class org/springframework/util/ConcurrentReferenceHashMap$5
23:36:05.825 [main] INFO  o.e.r.i.MethodCallReplacementClassAdapter - No hashCode defined for: org/springframework/util/ConcurrentReferenceHashMap$5, superclass = org.springframework.util.ConcurrentReferenceHashMap$Task
23:36:05.826 [main] DEBUG o.e.r.agent.TransformerForTests - Going to instrument: org.springframework.util.ConcurrentReferenceHashMap$4
23:36:05.827 [main] INFO  o.e.r.i.MethodCallReplacementClassAdapter - Adding mock interface to class org/springframework/util/ConcurrentReferenceHashMap$4
23:36:05.827 [main] INFO  o.e.r.i.MethodCallReplacementClassAdapter - No hashCode defined for: org/springframework/util/ConcurrentReferenceHashMap$4, superclass = org.springframework.util.ConcurrentReferenceHashMap$Task
23:36:05.829 [main] DEBUG o.e.r.agent.TransformerForTests - Going to instrument: org.springframework.util.ConcurrentReferenceHashMap$ReferenceType
23:36:05.829 [main] INFO  o.e.r.i.MethodCallReplacementClassAdapter - Adding mock interface to class org/springframework/util/ConcurrentReferenceHashMap$ReferenceType
23:36:05.830 [main] INFO  o.e.r.i.CreateClassResetClassAdapter - Found static initializer in class org/springframework/util/ConcurrentReferenceHashMap$ReferenceType
23:36:05.830 [main] INFO  o.e.r.i.MethodCallReplacementClassAdapter - No hashCode defined for: org/springframework/util/ConcurrentReferenceHashMap$ReferenceType, superclass = java.lang.Enum
23:36:05.831 [main] DEBUG o.e.r.agent.TransformerForTests - Going to instrument: org.springframework.util.ConcurrentReferenceHashMap$Segment
23:36:05.831 [main] INFO  o.e.r.i.MethodCallReplacementClassAdapter - Adding mock interface to class org/springframework/util/ConcurrentReferenceHashMap$Segment
23:36:05.834 [main] INFO  o.e.r.i.MethodCallReplacementClassAdapter - No hashCode defined for: org/springframework/util/ConcurrentReferenceHashMap$Segment, superclass = java.util.concurrent.locks.ReentrantLock
23:36:05.834 [main] INFO  o.e.r.i.CreateClassResetClassAdapter - Creating brand-new static initializer in class org/springframework/util/ConcurrentReferenceHashMap$Segment
23:36:05.835 [main] DEBUG o.e.r.agent.TransformerForTests - Going to instrument: org.springframework.util.ConcurrentReferenceHashMap$Segment$1
23:36:05.835 [main] INFO  o.e.r.i.MethodCallReplacementClassAdapter - Adding mock interface to class org/springframework/util/ConcurrentReferenceHashMap$Segment$1
23:36:05.835 [main] INFO  o.e.r.i.MethodCallReplacementClassAdapter - No hashCode defined for: org/springframework/util/ConcurrentReferenceHashMap$Segment$1, superclass = org.springframework.util.ConcurrentReferenceHashMap$Entries
23:36:05.836 [main] DEBUG o.e.r.agent.TransformerForTests - Going to instrument: org.springframework.util.ConcurrentReferenceHashMap$ReferenceManager
23:36:05.836 [main] INFO  o.e.r.i.MethodCallReplacementClassAdapter - Adding mock interface to class org/springframework/util/ConcurrentReferenceHashMap$ReferenceManager
23:36:05.837 [main] INFO  o.e.r.i.MethodCallReplacementClassAdapter - No hashCode defined for: org/springframework/util/ConcurrentReferenceHashMap$ReferenceManager, superclass = java.lang.Object
23:36:05.838 [main] INFO  o.e.r.i.CreateClassResetClassAdapter - Creating brand-new static initializer in class org/springframework/util/ConcurrentReferenceHashMap$ReferenceManager
23:36:05.839 [main] DEBUG o.e.r.agent.TransformerForTests - Going to instrument: org.springframework.util.ConcurrentReferenceHashMap$Reference
23:36:05.840 [main] DEBUG o.e.r.agent.TransformerForTests - Going to instrument: org.springframework.web.HttpRequestMethodNotSupportedException
23:36:05.841 [main] INFO  o.e.r.i.MethodCallReplacementClassAdapter - Adding mock interface to class org/springframework/web/HttpRequestMethodNotSupportedException
23:36:05.841 [main] INFO  o.e.r.i.MethodCallReplacementClassAdapter - No hashCode defined for: org/springframework/web/HttpRequestMethodNotSupportedException, superclass = javax.servlet.ServletException
23:36:05.842 [main] INFO  o.e.r.i.CreateClassResetClassAdapter - Creating brand-new static initializer in class org/springframework/web/HttpRequestMethodNotSupportedException
23:36:05.843 [main] DEBUG o.e.r.agent.TransformerForTests - Going to instrument: com.fasterxml.jackson.core.base.ParserMinimalBase
23:36:05.843 [main] INFO  o.e.r.i.MethodCallReplacementClassAdapter - Adding mock interface to class com/fasterxml/jackson/core/base/ParserMinimalBase
23:36:05.851 [main] INFO  o.e.r.i.MethodCallReplacementClassAdapter - No hashCode defined for: com/fasterxml/jackson/core/base/ParserMinimalBase, superclass = com.fasterxml.jackson.core.JsonParser
23:36:05.851 [main] INFO  o.e.r.i.CreateClassResetClassAdapter - Creating brand-new static initializer in class com/fasterxml/jackson/core/base/ParserMinimalBase
23:36:05.851 [main] INFO  o.e.r.i.CreateClassResetClassAdapter - Adding bytecode for initializing field INT_TAB
23:36:05.851 [main] INFO  o.e.r.i.CreateClassResetClassAdapter - Adding bytecode for initializing field INT_LF
23:36:05.851 [main] INFO  o.e.r.i.CreateClassResetClassAdapter - Adding bytecode for initializing field INT_CR
23:36:05.852 [main] INFO  o.e.r.i.CreateClassResetClassAdapter - Adding bytecode for initializing field INT_SPACE
23:36:05.852 [main] INFO  o.e.r.i.CreateClassResetClassAdapter - Adding bytecode for initializing field INT_LBRACKET
23:36:05.852 [main] INFO  o.e.r.i.CreateClassResetClassAdapter - Adding bytecode for initializing field INT_RBRACKET
23:36:05.852 [main] INFO  o.e.r.i.CreateClassResetClassAdapter - Adding bytecode for initializing field INT_LCURLY
23:36:05.852 [main] INFO  o.e.r.i.CreateClassResetClassAdapter - Adding bytecode for initializing field INT_RCURLY
23:36:05.852 [main] INFO  o.e.r.i.CreateClassResetClassAdapter - Adding bytecode for initializing field INT_QUOTE
23:36:05.852 [main] INFO  o.e.r.i.CreateClassResetClassAdapter - Adding bytecode for initializing field INT_BACKSLASH
23:36:05.852 [main] INFO  o.e.r.i.CreateClassResetClassAdapter - Adding bytecode for initializing field INT_SLASH
23:36:05.852 [main] INFO  o.e.r.i.CreateClassResetClassAdapter - Adding bytecode for initializing field INT_COLON
23:36:05.852 [main] INFO  o.e.r.i.CreateClassResetClassAdapter - Adding bytecode for initializing field INT_COMMA
23:36:05.852 [main] INFO  o.e.r.i.CreateClassResetClassAdapter - Adding bytecode for initializing field INT_HASH
23:36:05.852 [main] INFO  o.e.r.i.CreateClassResetClassAdapter - Adding bytecode for initializing field INT_PERIOD
23:36:05.852 [main] INFO  o.e.r.i.CreateClassResetClassAdapter - Adding bytecode for initializing field INT_e
23:36:05.852 [main] INFO  o.e.r.i.CreateClassResetClassAdapter - Adding bytecode for initializing field INT_E
23:36:05.853 [main] DEBUG o.e.r.agent.TransformerForTests - Going to instrument: com.fasterxml.jackson.core.JsonParser
23:36:05.854 [main] INFO  o.e.r.i.MethodCallReplacementClassAdapter - Adding mock interface to class com/fasterxml/jackson/core/JsonParser
23:36:05.857 [main] INFO  o.e.r.i.MethodCallReplacementClassAdapter - No hashCode defined for: com/fasterxml/jackson/core/JsonParser, superclass = java.lang.Object
23:36:05.857 [main] INFO  o.e.r.i.CreateClassResetClassAdapter - Creating brand-new static initializer in class com/fasterxml/jackson/core/JsonParser
23:36:05.857 [main] INFO  o.e.r.i.CreateClassResetClassAdapter - Adding bytecode for initializing field MIN_BYTE_I
23:36:05.857 [main] INFO  o.e.r.i.CreateClassResetClassAdapter - Adding bytecode for initializing field MAX_BYTE_I
23:36:05.857 [main] INFO  o.e.r.i.CreateClassResetClassAdapter - Adding bytecode for initializing field MIN_SHORT_I
23:36:05.857 [main] INFO  o.e.r.i.CreateClassResetClassAdapter - Adding bytecode for initializing field MAX_SHORT_I
23:36:05.858 [main] DEBUG o.e.r.agent.TransformerForTests - Going to instrument: com.fasterxml.jackson.core.JsonParseException
23:36:05.858 [main] INFO  o.e.r.i.MethodCallReplacementClassAdapter - Adding mock interface to class com/fasterxml/jackson/core/JsonParseException
23:36:05.859 [main] INFO  o.e.r.i.MethodCallReplacementClassAdapter - No hashCode defined for: com/fasterxml/jackson/core/JsonParseException, superclass = com.fasterxml.jackson.core.JsonProcessingException
23:36:05.859 [main] INFO  o.e.r.i.CreateClassResetClassAdapter - Creating brand-new static initializer in class com/fasterxml/jackson/core/JsonParseException
23:36:05.859 [main] DEBUG o.e.r.agent.TransformerForTests - Going to instrument: com.fasterxml.jackson.core.JsonProcessingException
23:36:05.859 [main] INFO  o.e.r.i.MethodCallReplacementClassAdapter - Adding mock interface to class com/fasterxml/jackson/core/JsonProcessingException
23:36:05.860 [main] INFO  o.e.r.i.MethodCallReplacementClassAdapter - No hashCode defined for: com/fasterxml/jackson/core/JsonProcessingException, superclass = java.io.IOException
23:36:05.860 [main] INFO  o.e.r.i.CreateClassResetClassAdapter - Creating brand-new static initializer in class com/fasterxml/jackson/core/JsonProcessingException
23:36:05.862 [main] DEBUG o.e.r.agent.TransformerForTests - Going to instrument: org.springframework.beans.factory.config.ConfigurableBeanFactory
23:36:05.863 [main] DEBUG o.e.r.agent.TransformerForTests - Going to instrument: org.springframework.beans.factory.HierarchicalBeanFactory
23:36:05.863 [main] DEBUG o.e.r.agent.TransformerForTests - Going to instrument: org.springframework.beans.factory.config.SingletonBeanRegistry
23:36:05.864 [main] DEBUG o.e.r.agent.TransformerForTests - Going to instrument: org.springframework.core.env.PropertySource$StubPropertySource
23:36:05.864 [main] INFO  o.e.r.i.MethodCallReplacementClassAdapter - Adding mock interface to class org/springframework/core/env/PropertySource$StubPropertySource
23:36:05.864 [main] INFO  o.e.r.i.MethodCallReplacementClassAdapter - No hashCode defined for: org/springframework/core/env/PropertySource$StubPropertySource, superclass = org.springframework.core.env.PropertySource
23:36:05.864 [main] INFO  o.e.r.i.CreateClassResetClassAdapter - Creating brand-new static initializer in class org/springframework/core/env/PropertySource$StubPropertySource
23:36:05.865 [main] DEBUG o.e.r.agent.TransformerForTests - Going to instrument: org.springframework.core.env.PropertySource
23:36:05.865 [main] INFO  o.e.r.i.MethodCallReplacementClassAdapter - Adding mock interface to class org/springframework/core/env/PropertySource
23:36:05.865 [main] INFO  o.e.r.i.CreateClassResetClassAdapter - Creating brand-new static initializer in class org/springframework/core/env/PropertySource
23:36:05.866 [main] DEBUG o.e.r.agent.TransformerForTests - Going to instrument: org.springframework.core.env.PropertySource$ComparisonPropertySource
23:36:05.866 [main] INFO  o.e.r.i.MethodCallReplacementClassAdapter - Adding mock interface to class org/springframework/core/env/PropertySource$ComparisonPropertySource
23:36:05.866 [main] INFO  o.e.r.i.MethodCallReplacementClassAdapter - No hashCode defined for: org/springframework/core/env/PropertySource$ComparisonPropertySource, superclass = org.springframework.core.env.PropertySource$StubPropertySource
23:36:05.866 [main] INFO  o.e.r.i.CreateClassResetClassAdapter - Creating brand-new static initializer in class org/springframework/core/env/PropertySource$ComparisonPropertySource
23:36:05.866 [main] INFO  o.e.r.i.CreateClassResetClassAdapter - Adding bytecode for initializing field USAGE_ERROR
23:36:05.867 [main] DEBUG o.e.r.agent.TransformerForTests - Going to instrument: org.springframework.web.servlet.view.UrlBasedViewResolver
23:36:05.867 [main] INFO  o.e.r.i.MethodCallReplacementClassAdapter - Adding mock interface to class org/springframework/web/servlet/view/UrlBasedViewResolver
23:36:05.873 [main] INFO  o.e.r.i.MethodCallReplacementClassAdapter - No hashCode defined for: org/springframework/web/servlet/view/UrlBasedViewResolver, superclass = org.springframework.web.servlet.view.AbstractCachingViewResolver
23:36:05.873 [main] INFO  o.e.r.i.CreateClassResetClassAdapter - Creating brand-new static initializer in class org/springframework/web/servlet/view/UrlBasedViewResolver
23:36:05.874 [main] INFO  o.e.r.i.CreateClassResetClassAdapter - Adding bytecode for initializing field REDIRECT_URL_PREFIX
23:36:05.874 [main] INFO  o.e.r.i.CreateClassResetClassAdapter - Adding bytecode for initializing field FORWARD_URL_PREFIX
23:36:05.875 [main] DEBUG o.e.r.agent.TransformerForTests - Going to instrument: org.springframework.web.servlet.view.AbstractCachingViewResolver
23:36:05.875 [main] INFO  o.e.r.i.MethodCallReplacementClassAdapter - Adding mock interface to class org/springframework/web/servlet/view/AbstractCachingViewResolver
23:36:05.876 [main] INFO  o.e.r.i.CreateClassResetClassAdapter - Found static initializer in class org/springframework/web/servlet/view/AbstractCachingViewResolver
23:36:05.877 [main] INFO  o.e.r.i.MethodCallReplacementClassAdapter - No hashCode defined for: org/springframework/web/servlet/view/AbstractCachingViewResolver, superclass = org.springframework.web.context.support.WebApplicationObjectSupport
23:36:05.878 [main] DEBUG o.e.r.agent.TransformerForTests - Going to instrument: org.springframework.web.servlet.view.AbstractView
23:36:05.879 [main] INFO  o.e.r.i.MethodCallReplacementClassAdapter - Adding mock interface to class org/springframework/web/servlet/view/AbstractView
23:36:05.881 [main] INFO  o.e.r.i.MethodCallReplacementClassAdapter - No hashCode defined for: org/springframework/web/servlet/view/AbstractView, superclass = org.springframework.web.context.support.WebApplicationObjectSupport
23:36:05.881 [main] INFO  o.e.r.i.CreateClassResetClassAdapter - Creating brand-new static initializer in class org/springframework/web/servlet/view/AbstractView
23:36:05.881 [main] INFO  o.e.r.i.CreateClassResetClassAdapter - Adding bytecode for initializing field DEFAULT_CONTENT_TYPE
23:36:05.881 [main] INFO  o.e.r.i.CreateClassResetClassAdapter - Adding bytecode for initializing field OUTPUT_BYTE_ARRAY_INITIAL_SIZE
23:36:05.882 [main] DEBUG o.e.r.agent.TransformerForTests - Going to instrument: org.springframework.web.servlet.view.AbstractUrlBasedView
23:36:05.883 [main] INFO  o.e.r.i.MethodCallReplacementClassAdapter - Adding mock interface to class org/springframework/web/servlet/view/AbstractUrlBasedView
23:36:05.884 [main] INFO  o.e.r.i.MethodCallReplacementClassAdapter - No hashCode defined for: org/springframework/web/servlet/view/AbstractUrlBasedView, superclass = org.springframework.web.servlet.view.AbstractView
23:36:05.884 [main] INFO  o.e.r.i.CreateClassResetClassAdapter - Creating brand-new static initializer in class org/springframework/web/servlet/view/AbstractUrlBasedView
23:36:05.885 [main] DEBUG o.e.r.agent.TransformerForTests - Going to instrument: org.springframework.web.servlet.view.RedirectView
23:36:05.886 [main] INFO  o.e.r.i.MethodCallReplacementClassAdapter - Adding mock interface to class org/springframework/web/servlet/view/RedirectView
23:36:05.891 [main] INFO  o.e.r.i.CreateClassResetClassAdapter - Found static initializer in class org/springframework/web/servlet/view/RedirectView
23:36:05.891 [main] INFO  o.e.r.i.MethodCallReplacementClassAdapter - No hashCode defined for: org/springframework/web/servlet/view/RedirectView, superclass = org.springframework.web.servlet.view.AbstractUrlBasedView
23:36:05.892 [main] DEBUG o.e.r.agent.TransformerForTests - Going to instrument: org.springframework.web.servlet.SmartView
23:36:05.893 [main] DEBUG o.e.r.agent.TransformerForTests - Going to instrument: org.springframework.web.servlet.view.AbstractCachingViewResolver$1
23:36:05.894 [main] INFO  o.e.r.i.MethodCallReplacementClassAdapter - Adding mock interface to class org/springframework/web/servlet/view/AbstractCachingViewResolver$1
23:36:05.894 [main] INFO  o.e.r.i.MethodCallReplacementClassAdapter - No hashCode defined for: org/springframework/web/servlet/view/AbstractCachingViewResolver$1, superclass = java.lang.Object
23:36:05.895 [main] DEBUG o.e.r.agent.TransformerForTests - Going to instrument: org.springframework.core.SpringProperties
23:36:05.895 [main] INFO  o.e.r.i.MethodCallReplacementClassAdapter - Adding mock interface to class org/springframework/core/SpringProperties
23:36:05.896 [main] INFO  o.e.r.i.CreateClassResetClassAdapter - Found static initializer in class org/springframework/core/SpringProperties
23:36:05.897 [main] INFO  o.e.r.i.MethodCallReplacementClassAdapter - No hashCode defined for: org/springframework/core/SpringProperties, superclass = java.lang.Object
23:36:05.899 [main] DEBUG o.e.r.agent.TransformerForTests - Going to instrument: org.apache.commons.logging.LogFactory
23:36:05.899 [main] INFO  o.e.r.i.MethodCallReplacementClassAdapter - Adding mock interface to class org/apache/commons/logging/LogFactory
23:36:05.900 [main] INFO  o.e.r.i.CreateClassResetClassAdapter - Found static initializer in class org/apache/commons/logging/LogFactory
23:36:05.900 [main] INFO  o.e.r.i.MethodCallReplacementClassAdapter - No hashCode defined for: org/apache/commons/logging/LogFactory, superclass = java.lang.Object
23:36:05.901 [main] DEBUG o.e.r.agent.TransformerForTests - Going to instrument: org.apache.commons.logging.impl.SLF4JLogFactory
23:36:05.904 [main] INFO  o.e.r.i.MethodCallReplacementClassAdapter - Adding mock interface to class org/apache/commons/logging/impl/SLF4JLogFactory
23:36:05.906 [main] INFO  o.e.r.i.MethodCallReplacementClassAdapter - No hashCode defined for: org/apache/commons/logging/impl/SLF4JLogFactory, superclass = org.apache.commons.logging.LogFactory
23:36:05.906 [main] INFO  o.e.r.i.CreateClassResetClassAdapter - Creating brand-new static initializer in class org/apache/commons/logging/impl/SLF4JLogFactory
23:36:05.906 [main] INFO  o.e.r.i.CreateClassResetClassAdapter - Adding bytecode for initializing field LOG_PROPERTY
23:36:05.907 [main] DEBUG o.e.r.agent.TransformerForTests - Going to instrument: org.apache.commons.logging.impl.SLF4JLocationAwareLog
23:36:05.907 [main] INFO  o.e.r.i.MethodCallReplacementClassAdapter - Adding mock interface to class org/apache/commons/logging/impl/SLF4JLocationAwareLog
23:36:05.909 [main] INFO  o.e.r.i.CreateClassResetClassAdapter - Found static initializer in class org/apache/commons/logging/impl/SLF4JLocationAwareLog
23:36:05.912 [main] INFO  o.e.r.i.MethodCallReplacementClassAdapter - No hashCode defined for: org/apache/commons/logging/impl/SLF4JLocationAwareLog, superclass = java.lang.Object
23:36:05.913 [main] DEBUG o.e.r.agent.TransformerForTests - Going to instrument: org.apache.commons.logging.Log
23:36:05.914 [main] DEBUG o.e.r.agent.TransformerForTests - Going to instrument: org.apache.commons.logging.impl.SLF4JLog
23:36:05.914 [main] INFO  o.e.r.i.MethodCallReplacementClassAdapter - Adding mock interface to class org/apache/commons/logging/impl/SLF4JLog
23:36:05.915 [main] INFO  o.e.r.i.MethodCallReplacementClassAdapter - No hashCode defined for: org/apache/commons/logging/impl/SLF4JLog, superclass = java.lang.Object
23:36:05.916 [main] INFO  o.e.r.i.CreateClassResetClassAdapter - Creating brand-new static initializer in class org/apache/commons/logging/impl/SLF4JLog
23:36:05.918 [main] DEBUG o.e.r.agent.TransformerForTests - Going to instrument: org.springframework.beans.factory.annotation.Autowire
23:36:05.919 [main] INFO  o.e.r.i.MethodCallReplacementClassAdapter - Adding mock interface to class org/springframework/beans/factory/annotation/Autowire
23:36:05.919 [main] INFO  o.e.r.i.CreateClassResetClassAdapter - Found static initializer in class org/springframework/beans/factory/annotation/Autowire
23:36:05.919 [main] INFO  o.e.r.i.MethodCallReplacementClassAdapter - No hashCode defined for: org/springframework/beans/factory/annotation/Autowire, superclass = java.lang.Enum
23:36:05.920 [main] DEBUG o.e.r.agent.TransformerForTests - Going to instrument: org.springframework.web.servlet.handler.AbstractHandlerMethodMapping$MappingRegistry
23:36:05.921 [main] INFO  o.e.r.i.MethodCallReplacementClassAdapter - Adding mock interface to class org/springframework/web/servlet/handler/AbstractHandlerMethodMapping$MappingRegistry
23:36:05.924 [main] INFO  o.e.r.i.MethodCallReplacementClassAdapter - No hashCode defined for: org/springframework/web/servlet/handler/AbstractHandlerMethodMapping$MappingRegistry, superclass = java.lang.Object
23:36:05.924 [main] INFO  o.e.r.i.CreateClassResetClassAdapter - Creating brand-new static initializer in class org/springframework/web/servlet/handler/AbstractHandlerMethodMapping$MappingRegistry
23:36:05.925 [main] DEBUG o.e.r.agent.TransformerForTests - Going to instrument: org.springframework.core.LocalVariableTableParameterNameDiscoverer
23:36:05.925 [main] INFO  o.e.r.i.MethodCallReplacementClassAdapter - Adding mock interface to class org/springframework/core/LocalVariableTableParameterNameDiscoverer
23:36:05.927 [main] INFO  o.e.r.i.CreateClassResetClassAdapter - Found static initializer in class org/springframework/core/LocalVariableTableParameterNameDiscoverer
23:36:05.927 [main] INFO  o.e.r.i.MethodCallReplacementClassAdapter - No hashCode defined for: org/springframework/core/LocalVariableTableParameterNameDiscoverer, superclass = java.lang.Object
23:36:05.928 [main] DEBUG o.e.r.agent.TransformerForTests - Going to instrument: org.springframework.core.ParameterNameDiscoverer
23:36:05.929 [main] DEBUG o.e.r.agent.TransformerForTests - Going to instrument: org.springframework.asm.ClassVisitor
23:36:05.930 [main] INFO  o.e.r.i.MethodCallReplacementClassAdapter - Adding mock interface to class org/springframework/asm/ClassVisitor
23:36:05.931 [main] INFO  o.e.r.i.MethodCallReplacementClassAdapter - No hashCode defined for: org/springframework/asm/ClassVisitor, superclass = java.lang.Object
23:36:05.931 [main] INFO  o.e.r.i.CreateClassResetClassAdapter - Creating brand-new static initializer in class org/springframework/asm/ClassVisitor
23:36:05.932 [main] DEBUG o.e.r.agent.TransformerForTests - Going to instrument: org.springframework.core.LocalVariableTableParameterNameDiscoverer$ParameterNameDiscoveringVisitor
23:36:05.932 [main] INFO  o.e.r.i.MethodCallReplacementClassAdapter - Adding mock interface to class org/springframework/core/LocalVariableTableParameterNameDiscoverer$ParameterNameDiscoveringVisitor
23:36:05.933 [main] INFO  o.e.r.i.MethodCallReplacementClassAdapter - No hashCode defined for: org/springframework/core/LocalVariableTableParameterNameDiscoverer$ParameterNameDiscoveringVisitor, superclass = org.springframework.asm.ClassVisitor
23:36:05.933 [main] INFO  o.e.r.i.CreateClassResetClassAdapter - Creating brand-new static initializer in class org/springframework/core/LocalVariableTableParameterNameDiscoverer$ParameterNameDiscoveringVisitor
23:36:05.933 [main] INFO  o.e.r.i.CreateClassResetClassAdapter - Adding bytecode for initializing field STATIC_CLASS_INIT
23:36:05.934 [main] DEBUG o.e.r.agent.TransformerForTests - Going to instrument: org.springframework.http.converter.xml.SourceHttpMessageConverter
23:36:05.935 [main] INFO  o.e.r.i.MethodCallReplacementClassAdapter - Adding mock interface to class org/springframework/http/converter/xml/SourceHttpMessageConverter
23:36:05.936 [main] INFO  o.e.r.i.CreateClassResetClassAdapter - Found static initializer in class org/springframework/http/converter/xml/SourceHttpMessageConverter
23:36:05.936 [main] INFO  o.e.r.i.MethodCallReplacementClassAdapter - No hashCode defined for: org/springframework/http/converter/xml/SourceHttpMessageConverter, superclass = org.springframework.http.converter.AbstractHttpMessageConverter
23:36:05.938 [main] DEBUG o.e.r.agent.TransformerForTests - Going to instrument: org.springframework.http.converter.HttpMessageNotReadableException
23:36:05.938 [main] INFO  o.e.r.i.MethodCallReplacementClassAdapter - Adding mock interface to class org/springframework/http/converter/HttpMessageNotReadableException
23:36:05.939 [main] INFO  o.e.r.i.MethodCallReplacementClassAdapter - No hashCode defined for: org/springframework/http/converter/HttpMessageNotReadableException, superclass = org.springframework.http.converter.HttpMessageConversionException
23:36:05.939 [main] INFO  o.e.r.i.CreateClassResetClassAdapter - Creating brand-new static initializer in class org/springframework/http/converter/HttpMessageNotReadableException
23:36:05.940 [main] DEBUG o.e.r.agent.TransformerForTests - Going to instrument: org.springframework.http.converter.xml.SourceHttpMessageConverter$CountingOutputStream
23:36:05.941 [main] INFO  o.e.r.i.MethodCallReplacementClassAdapter - Adding mock interface to class org/springframework/http/converter/xml/SourceHttpMessageConverter$CountingOutputStream
23:36:05.941 [main] INFO  o.e.r.i.MethodCallReplacementClassAdapter - No hashCode defined for: org/springframework/http/converter/xml/SourceHttpMessageConverter$CountingOutputStream, superclass = java.io.OutputStream
23:36:05.941 [main] INFO  o.e.r.i.CreateClassResetClassAdapter - Creating brand-new static initializer in class org/springframework/http/converter/xml/SourceHttpMessageConverter$CountingOutputStream
23:36:05.942 [main] DEBUG o.e.r.agent.TransformerForTests - Going to instrument: org.springframework.http.converter.xml.SourceHttpMessageConverter$1
23:36:05.942 [main] INFO  o.e.r.i.MethodCallReplacementClassAdapter - Adding mock interface to class org/springframework/http/converter/xml/SourceHttpMessageConverter$1
23:36:05.943 [main] INFO  o.e.r.i.MethodCallReplacementClassAdapter - No hashCode defined for: org/springframework/http/converter/xml/SourceHttpMessageConverter$1, superclass = java.lang.Object
23:36:05.943 [main] DEBUG o.e.r.agent.TransformerForTests - Going to instrument: org.springframework.http.converter.xml.SourceHttpMessageConverter$2
23:36:05.943 [main] INFO  o.e.r.i.MethodCallReplacementClassAdapter - Adding mock interface to class org/springframework/http/converter/xml/SourceHttpMessageConverter$2
23:36:05.944 [main] INFO  o.e.r.i.MethodCallReplacementClassAdapter - No hashCode defined for: org/springframework/http/converter/xml/SourceHttpMessageConverter$2, superclass = java.lang.Object
23:36:05.946 [main] DEBUG o.e.r.agent.TransformerForTests - Going to instrument: org.springframework.core.env.MutablePropertySources
23:36:05.946 [main] INFO  o.e.r.i.MethodCallReplacementClassAdapter - Adding mock interface to class org/springframework/core/env/MutablePropertySources
23:36:05.948 [main] INFO  o.e.r.i.MethodCallReplacementClassAdapter - No hashCode defined for: org/springframework/core/env/MutablePropertySources, superclass = java.lang.Object
23:36:05.950 [main] INFO  o.e.r.i.CreateClassResetClassAdapter - Creating brand-new static initializer in class org/springframework/core/env/MutablePropertySources
23:36:05.951 [main] DEBUG o.e.r.agent.TransformerForTests - Going to instrument: org.springframework.core.env.PropertySources
23:36:05.952 [main] DEBUG o.e.r.agent.TransformerForTests - Going to instrument: org.springframework.boot.autoconfigure.web.ResourceProperties$Chain
23:36:05.952 [main] INFO  o.e.r.i.MethodCallReplacementClassAdapter - Adding mock interface to class org/springframework/boot/autoconfigure/web/ResourceProperties$Chain
23:36:05.952 [main] INFO  o.e.r.i.MethodCallReplacementClassAdapter - No hashCode defined for: org/springframework/boot/autoconfigure/web/ResourceProperties$Chain, superclass = java.lang.Object
23:36:05.952 [main] INFO  o.e.r.i.CreateClassResetClassAdapter - Creating brand-new static initializer in class org/springframework/boot/autoconfigure/web/ResourceProperties$Chain
23:36:05.953 [main] DEBUG o.e.r.agent.TransformerForTests - Going to instrument: org.springframework.util.ConcurrentReferenceHashMap$SoftEntryReference
23:36:05.953 [main] INFO  o.e.r.i.MethodCallReplacementClassAdapter - Adding mock interface to class org/springframework/util/ConcurrentReferenceHashMap$SoftEntryReference
23:36:05.954 [main] INFO  o.e.r.i.MethodCallReplacementClassAdapter - No hashCode defined for: org/springframework/util/ConcurrentReferenceHashMap$SoftEntryReference, superclass = java.lang.ref.SoftReference
23:36:05.954 [main] INFO  o.e.r.i.CreateClassResetClassAdapter - Creating brand-new static initializer in class org/springframework/util/ConcurrentReferenceHashMap$SoftEntryReference
23:36:05.956 [main] DEBUG o.e.r.agent.TransformerForTests - Going to instrument: org.springframework.beans.BeanUtils
23:36:05.956 [main] INFO  o.e.r.i.MethodCallReplacementClassAdapter - Adding mock interface to class org/springframework/beans/BeanUtils
23:36:05.959 [main] INFO  o.e.r.i.CreateClassResetClassAdapter - Found static initializer in class org/springframework/beans/BeanUtils
23:36:05.959 [main] INFO  o.e.r.i.MethodCallReplacementClassAdapter - No hashCode defined for: org/springframework/beans/BeanUtils, superclass = java.lang.Object
23:36:05.960 [main] DEBUG o.e.r.agent.TransformerForTests - Going to instrument: org.springframework.beans.BeanInstantiationException
23:36:05.960 [main] INFO  o.e.r.i.MethodCallReplacementClassAdapter - Adding mock interface to class org/springframework/beans/BeanInstantiationException
23:36:05.960 [main] INFO  o.e.r.i.MethodCallReplacementClassAdapter - No hashCode defined for: org/springframework/beans/BeanInstantiationException, superclass = org.springframework.beans.FatalBeanException
23:36:05.960 [main] INFO  o.e.r.i.CreateClassResetClassAdapter - Creating brand-new static initializer in class org/springframework/beans/BeanInstantiationException
23:36:05.962 [main] DEBUG o.e.r.agent.TransformerForTests - Going to instrument: org.springframework.web.accept.AbstractMappingContentNegotiationStrategy
23:36:05.963 [main] INFO  o.e.r.i.MethodCallReplacementClassAdapter - Adding mock interface to class org/springframework/web/accept/AbstractMappingContentNegotiationStrategy
23:36:05.963 [main] INFO  o.e.r.i.MethodCallReplacementClassAdapter - No hashCode defined for: org/springframework/web/accept/AbstractMappingContentNegotiationStrategy, superclass = org.springframework.web.accept.MappingMediaTypeFileExtensionResolver
23:36:05.963 [main] INFO  o.e.r.i.CreateClassResetClassAdapter - Creating brand-new static initializer in class org/springframework/web/accept/AbstractMappingContentNegotiationStrategy
23:36:05.963 [main] DEBUG o.e.r.agent.TransformerForTests - Going to instrument: org.springframework.web.accept.ContentNegotiationStrategy
23:36:05.964 [main] DEBUG o.e.r.agent.TransformerForTests - Going to instrument: org.springframework.web.accept.MappingMediaTypeFileExtensionResolver
23:36:05.964 [main] INFO  o.e.r.i.MethodCallReplacementClassAdapter - Adding mock interface to class org/springframework/web/accept/MappingMediaTypeFileExtensionResolver
23:36:05.964 [main] INFO  o.e.r.i.MethodCallReplacementClassAdapter - No hashCode defined for: org/springframework/web/accept/MappingMediaTypeFileExtensionResolver, superclass = java.lang.Object
23:36:05.964 [main] INFO  o.e.r.i.CreateClassResetClassAdapter - Creating brand-new static initializer in class org/springframework/web/accept/MappingMediaTypeFileExtensionResolver
23:36:05.965 [main] DEBUG o.e.r.agent.TransformerForTests - Going to instrument: org.springframework.web.accept.MediaTypeFileExtensionResolver
23:36:05.966 [main] DEBUG o.e.r.agent.TransformerForTests - Going to instrument: com.fasterxml.jackson.databind.ser.SerializerFactory
23:36:05.966 [main] INFO  o.e.r.i.MethodCallReplacementClassAdapter - Adding mock interface to class com/fasterxml/jackson/databind/ser/SerializerFactory
23:36:05.966 [main] INFO  o.e.r.i.MethodCallReplacementClassAdapter - No hashCode defined for: com/fasterxml/jackson/databind/ser/SerializerFactory, superclass = java.lang.Object
23:36:05.966 [main] INFO  o.e.r.i.CreateClassResetClassAdapter - Creating brand-new static initializer in class com/fasterxml/jackson/databind/ser/SerializerFactory
23:36:05.968 [main] DEBUG o.e.r.agent.TransformerForTests - Going to instrument: org.springframework.web.servlet.handler.AbstractHandlerMapping
23:36:05.969 [main] INFO  o.e.r.i.MethodCallReplacementClassAdapter - Adding mock interface to class org/springframework/web/servlet/handler/AbstractHandlerMapping
23:36:05.971 [main] INFO  o.e.r.i.MethodCallReplacementClassAdapter - No hashCode defined for: org/springframework/web/servlet/handler/AbstractHandlerMapping, superclass = org.springframework.web.context.support.WebApplicationObjectSupport
23:36:05.971 [main] INFO  o.e.r.i.CreateClassResetClassAdapter - Creating brand-new static initializer in class org/springframework/web/servlet/handler/AbstractHandlerMapping
23:36:05.972 [main] DEBUG o.e.r.agent.TransformerForTests - Going to instrument: org.springframework.web.servlet.HandlerMapping
23:36:05.973 [main] DEBUG o.e.r.agent.TransformerForTests - Going to instrument: org.springframework.web.cors.CorsProcessor
23:36:05.974 [main] DEBUG o.e.r.agent.TransformerForTests - Going to instrument: org.springframework.web.servlet.HandlerInterceptor
23:36:05.975 [main] DEBUG o.e.r.agent.TransformerForTests - Going to instrument: com.fasterxml.jackson.databind.Module$SetupContext
23:36:05.976 [main] DEBUG o.e.r.agent.TransformerForTests - Going to instrument: org.springframework.web.servlet.view.AbstractCachingViewResolver$2
23:36:05.976 [main] INFO  o.e.r.i.MethodCallReplacementClassAdapter - Adding mock interface to class org/springframework/web/servlet/view/AbstractCachingViewResolver$2
23:36:05.976 [main] INFO  o.e.r.i.MethodCallReplacementClassAdapter - No hashCode defined for: org/springframework/web/servlet/view/AbstractCachingViewResolver$2, superclass = java.util.LinkedHashMap
23:36:05.977 [main] DEBUG o.e.r.agent.TransformerForTests - Going to instrument: com.fasterxml.jackson.databind.deser.BeanDeserializerFactory
23:36:05.977 [main] INFO  o.e.r.i.MethodCallReplacementClassAdapter - Adding mock interface to class com/fasterxml/jackson/databind/deser/BeanDeserializerFactory
23:36:05.990 [main] INFO  o.e.r.i.CreateClassResetClassAdapter - Found static initializer in class com/fasterxml/jackson/databind/deser/BeanDeserializerFactory
23:36:05.990 [main] INFO  o.e.r.i.MethodCallReplacementClassAdapter - No hashCode defined for: com/fasterxml/jackson/databind/deser/BeanDeserializerFactory, superclass = com.fasterxml.jackson.databind.deser.BasicDeserializerFactory
23:36:05.992 [main] DEBUG o.e.r.agent.TransformerForTests - Going to instrument: com.fasterxml.jackson.databind.deser.BasicDeserializerFactory
23:36:05.993 [main] INFO  o.e.r.i.MethodCallReplacementClassAdapter - Adding mock interface to class com/fasterxml/jackson/databind/deser/BasicDeserializerFactory
23:36:06.016 [main] INFO  o.e.r.i.CreateClassResetClassAdapter - Found static initializer in class com/fasterxml/jackson/databind/deser/BasicDeserializerFactory
23:36:06.016 [main] INFO  o.e.r.i.MethodCallReplacementClassAdapter - No hashCode defined for: com/fasterxml/jackson/databind/deser/BasicDeserializerFactory, superclass = com.fasterxml.jackson.databind.deser.DeserializerFactory
23:36:06.018 [main] DEBUG o.e.r.agent.TransformerForTests - Going to instrument: com.fasterxml.jackson.databind.deser.DeserializerFactory
23:36:06.018 [main] INFO  o.e.r.i.MethodCallReplacementClassAdapter - Adding mock interface to class com/fasterxml/jackson/databind/deser/DeserializerFactory
23:36:06.019 [main] INFO  o.e.r.i.CreateClassResetClassAdapter - Found static initializer in class com/fasterxml/jackson/databind/deser/DeserializerFactory
23:36:06.019 [main] INFO  o.e.r.i.MethodCallReplacementClassAdapter - No hashCode defined for: com/fasterxml/jackson/databind/deser/DeserializerFactory, superclass = java.lang.Object
23:36:06.020 [main] DEBUG o.e.r.agent.TransformerForTests - Going to instrument: com.fasterxml.jackson.databind.JsonDeserializer
23:36:06.020 [main] INFO  o.e.r.i.MethodCallReplacementClassAdapter - Adding mock interface to class com/fasterxml/jackson/databind/JsonDeserializer
23:36:06.022 [main] INFO  o.e.r.i.MethodCallReplacementClassAdapter - No hashCode defined for: com/fasterxml/jackson/databind/JsonDeserializer, superclass = java.lang.Object
23:36:06.022 [main] INFO  o.e.r.i.CreateClassResetClassAdapter - Creating brand-new static initializer in class com/fasterxml/jackson/databind/JsonDeserializer
23:36:06.023 [main] DEBUG o.e.r.agent.TransformerForTests - Going to instrument: com.fasterxml.jackson.databind.deser.std.UntypedObjectDeserializer
23:36:06.024 [main] INFO  o.e.r.i.MethodCallReplacementClassAdapter - Adding mock interface to class com/fasterxml/jackson/databind/deser/std/UntypedObjectDeserializer
23:36:06.026 [main] INFO  o.e.r.i.CreateClassResetClassAdapter - Found static initializer in class com/fasterxml/jackson/databind/deser/std/UntypedObjectDeserializer
23:36:06.026 [main] INFO  o.e.r.i.MethodCallReplacementClassAdapter - No hashCode defined for: com/fasterxml/jackson/databind/deser/std/UntypedObjectDeserializer, superclass = com.fasterxml.jackson.databind.deser.std.StdDeserializer
23:36:06.027 [main] DEBUG o.e.r.agent.TransformerForTests - Going to instrument: com.fasterxml.jackson.databind.deser.ResolvableDeserializer
23:36:06.029 [main] DEBUG o.e.r.agent.TransformerForTests - Going to instrument: com.fasterxml.jackson.databind.deser.ContextualDeserializer
23:36:06.030 [main] DEBUG o.e.r.agent.TransformerForTests - Going to instrument: com.fasterxml.jackson.databind.deser.std.StdDeserializer
23:36:06.031 [main] INFO  o.e.r.i.MethodCallReplacementClassAdapter - Adding mock interface to class com/fasterxml/jackson/databind/deser/std/StdDeserializer
23:36:06.041 [main] INFO  o.e.r.i.CreateClassResetClassAdapter - Found static initializer in class com/fasterxml/jackson/databind/deser/std/StdDeserializer
23:36:06.041 [main] INFO  o.e.r.i.MethodCallReplacementClassAdapter - No hashCode defined for: com/fasterxml/jackson/databind/deser/std/StdDeserializer, superclass = com.fasterxml.jackson.databind.JsonDeserializer
23:36:06.042 [main] DEBUG o.e.r.agent.TransformerForTests - Going to instrument: com.fasterxml.jackson.databind.deser.std.StringDeserializer
23:36:06.042 [main] INFO  o.e.r.i.MethodCallReplacementClassAdapter - Adding mock interface to class com/fasterxml/jackson/databind/deser/std/StringDeserializer
23:36:06.043 [main] INFO  o.e.r.i.CreateClassResetClassAdapter - Found static initializer in class com/fasterxml/jackson/databind/deser/std/StringDeserializer
23:36:06.044 [main] INFO  o.e.r.i.MethodCallReplacementClassAdapter - No hashCode defined for: com/fasterxml/jackson/databind/deser/std/StringDeserializer, superclass = com.fasterxml.jackson.databind.deser.std.StdScalarDeserializer
23:36:06.044 [main] DEBUG o.e.r.agent.TransformerForTests - Going to instrument: com.fasterxml.jackson.databind.deser.std.StdScalarDeserializer
23:36:06.045 [main] INFO  o.e.r.i.MethodCallReplacementClassAdapter - Adding mock interface to class com/fasterxml/jackson/databind/deser/std/StdScalarDeserializer
23:36:06.045 [main] INFO  o.e.r.i.MethodCallReplacementClassAdapter - No hashCode defined for: com/fasterxml/jackson/databind/deser/std/StdScalarDeserializer, superclass = com.fasterxml.jackson.databind.deser.std.StdDeserializer
23:36:06.045 [main] INFO  o.e.r.i.CreateClassResetClassAdapter - Creating brand-new static initializer in class com/fasterxml/jackson/databind/deser/std/StdScalarDeserializer
23:36:06.046 [main] DEBUG o.e.r.agent.TransformerForTests - Going to instrument: com.fasterxml.jackson.databind.deser.std.AtomicReferenceDeserializer
23:36:06.046 [main] INFO  o.e.r.i.MethodCallReplacementClassAdapter - Adding mock interface to class com/fasterxml/jackson/databind/deser/std/AtomicReferenceDeserializer
23:36:06.047 [main] INFO  o.e.r.i.MethodCallReplacementClassAdapter - No hashCode defined for: com/fasterxml/jackson/databind/deser/std/AtomicReferenceDeserializer, superclass = com.fasterxml.jackson.databind.deser.std.StdDeserializer
23:36:06.047 [main] INFO  o.e.r.i.CreateClassResetClassAdapter - Creating brand-new static initializer in class com/fasterxml/jackson/databind/deser/std/AtomicReferenceDeserializer
23:36:06.048 [main] DEBUG o.e.r.agent.TransformerForTests - Going to instrument: com.fasterxml.jackson.databind.deser.std.MapEntryDeserializer
23:36:06.048 [main] INFO  o.e.r.i.MethodCallReplacementClassAdapter - Adding mock interface to class com/fasterxml/jackson/databind/deser/std/MapEntryDeserializer
23:36:06.052 [main] INFO  o.e.r.i.MethodCallReplacementClassAdapter - No hashCode defined for: com/fasterxml/jackson/databind/deser/std/MapEntryDeserializer, superclass = com.fasterxml.jackson.databind.deser.std.ContainerDeserializerBase
23:36:06.052 [main] INFO  o.e.r.i.CreateClassResetClassAdapter - Creating brand-new static initializer in class com/fasterxml/jackson/databind/deser/std/MapEntryDeserializer
23:36:06.052 [main] DEBUG o.e.r.agent.TransformerForTests - Going to instrument: com.fasterxml.jackson.databind.deser.std.ContainerDeserializerBase
23:36:06.053 [main] INFO  o.e.r.i.MethodCallReplacementClassAdapter - Adding mock interface to class com/fasterxml/jackson/databind/deser/std/ContainerDeserializerBase
23:36:06.054 [main] INFO  o.e.r.i.MethodCallReplacementClassAdapter - No hashCode defined for: com/fasterxml/jackson/databind/deser/std/ContainerDeserializerBase, superclass = com.fasterxml.jackson.databind.deser.std.StdDeserializer
23:36:06.054 [main] INFO  o.e.r.i.CreateClassResetClassAdapter - Creating brand-new static initializer in class com/fasterxml/jackson/databind/deser/std/ContainerDeserializerBase
23:36:06.055 [main] DEBUG o.e.r.agent.TransformerForTests - Going to instrument: com.fasterxml.jackson.databind.deser.std.TokenBufferDeserializer
23:36:06.055 [main] INFO  o.e.r.i.MethodCallReplacementClassAdapter - Adding mock interface to class com/fasterxml/jackson/databind/deser/std/TokenBufferDeserializer
23:36:06.056 [main] INFO  o.e.r.i.MethodCallReplacementClassAdapter - No hashCode defined for: com/fasterxml/jackson/databind/deser/std/TokenBufferDeserializer, superclass = com.fasterxml.jackson.databind.deser.std.StdScalarDeserializer
23:36:06.056 [main] INFO  o.e.r.i.CreateClassResetClassAdapter - Creating brand-new static initializer in class com/fasterxml/jackson/databind/deser/std/TokenBufferDeserializer
23:36:06.057 [main] DEBUG o.e.r.agent.TransformerForTests - Going to instrument: com.fasterxml.jackson.databind.JsonMappingException
23:36:06.057 [main] INFO  o.e.r.i.MethodCallReplacementClassAdapter - Adding mock interface to class com/fasterxml/jackson/databind/JsonMappingException
23:36:06.058 [main] INFO  o.e.r.i.MethodCallReplacementClassAdapter - No hashCode defined for: com/fasterxml/jackson/databind/JsonMappingException, superclass = com.fasterxml.jackson.core.JsonProcessingException
23:36:06.058 [main] INFO  o.e.r.i.CreateClassResetClassAdapter - Creating brand-new static initializer in class com/fasterxml/jackson/databind/JsonMappingException
23:36:06.058 [main] INFO  o.e.r.i.CreateClassResetClassAdapter - Adding bytecode for initializing field MAX_REFS_TO_LIST
23:36:06.059 [main] DEBUG o.e.r.agent.TransformerForTests - Going to instrument: com.fasterxml.jackson.databind.type.MapLikeType
23:36:06.059 [main] INFO  o.e.r.i.MethodCallReplacementClassAdapter - Adding mock interface to class com/fasterxml/jackson/databind/type/MapLikeType
23:36:06.064 [main] INFO  o.e.r.i.MethodCallReplacementClassAdapter - No hashCode defined for: com/fasterxml/jackson/databind/type/MapLikeType, superclass = com.fasterxml.jackson.databind.type.TypeBase
23:36:06.064 [main] INFO  o.e.r.i.CreateClassResetClassAdapter - Creating brand-new static initializer in class com/fasterxml/jackson/databind/type/MapLikeType
23:36:06.065 [main] DEBUG o.e.r.agent.TransformerForTests - Going to instrument: com.fasterxml.jackson.databind.deser.ValueInstantiator
23:36:06.066 [main] INFO  o.e.r.i.MethodCallReplacementClassAdapter - Adding mock interface to class com/fasterxml/jackson/databind/deser/ValueInstantiator
23:36:06.066 [main] INFO  o.e.r.i.MethodCallReplacementClassAdapter - No hashCode defined for: com/fasterxml/jackson/databind/deser/ValueInstantiator, superclass = java.lang.Object
23:36:06.067 [main] INFO  o.e.r.i.CreateClassResetClassAdapter - Creating brand-new static initializer in class com/fasterxml/jackson/databind/deser/ValueInstantiator
23:36:06.067 [main] DEBUG o.e.r.agent.TransformerForTests - Going to instrument: com.fasterxml.jackson.databind.deser.std.JsonLocationInstantiator
23:36:06.067 [main] INFO  o.e.r.i.MethodCallReplacementClassAdapter - Adding mock interface to class com/fasterxml/jackson/databind/deser/std/JsonLocationInstantiator
23:36:06.068 [main] INFO  o.e.r.i.MethodCallReplacementClassAdapter - No hashCode defined for: com/fasterxml/jackson/databind/deser/std/JsonLocationInstantiator, superclass = com.fasterxml.jackson.databind.deser.ValueInstantiator
23:36:06.068 [main] INFO  o.e.r.i.CreateClassResetClassAdapter - Creating brand-new static initializer in class com/fasterxml/jackson/databind/deser/std/JsonLocationInstantiator
23:36:06.069 [main] DEBUG o.e.r.agent.TransformerForTests - Going to instrument: com.fasterxml.jackson.databind.deser.SettableBeanProperty
23:36:06.070 [main] INFO  o.e.r.i.MethodCallReplacementClassAdapter - Adding mock interface to class com/fasterxml/jackson/databind/deser/SettableBeanProperty
23:36:06.074 [main] INFO  o.e.r.i.CreateClassResetClassAdapter - Found static initializer in class com/fasterxml/jackson/databind/deser/SettableBeanProperty
23:36:06.074 [main] INFO  o.e.r.i.MethodCallReplacementClassAdapter - No hashCode defined for: com/fasterxml/jackson/databind/deser/SettableBeanProperty, superclass = java.lang.Object
23:36:06.074 [main] DEBUG o.e.r.agent.TransformerForTests - Going to instrument: com.fasterxml.jackson.databind.BeanProperty
23:36:06.075 [main] DEBUG o.e.r.agent.TransformerForTests - Going to instrument: com.fasterxml.jackson.databind.util.Named
23:36:06.076 [main] DEBUG o.e.r.agent.TransformerForTests - Going to instrument: com.fasterxml.jackson.databind.deser.CreatorProperty
23:36:06.076 [main] INFO  o.e.r.i.MethodCallReplacementClassAdapter - Adding mock interface to class com/fasterxml/jackson/databind/deser/CreatorProperty
23:36:06.078 [main] INFO  o.e.r.i.MethodCallReplacementClassAdapter - No hashCode defined for: com/fasterxml/jackson/databind/deser/CreatorProperty, superclass = com.fasterxml.jackson.databind.deser.SettableBeanProperty
23:36:06.078 [main] INFO  o.e.r.i.CreateClassResetClassAdapter - Creating brand-new static initializer in class com/fasterxml/jackson/databind/deser/CreatorProperty
23:36:06.079 [main] DEBUG o.e.r.agent.TransformerForTests - Going to instrument: com.fasterxml.jackson.databind.introspect.BeanPropertyDefinition
23:36:06.079 [main] INFO  o.e.r.i.MethodCallReplacementClassAdapter - Adding mock interface to class com/fasterxml/jackson/databind/introspect/BeanPropertyDefinition
23:36:06.080 [main] INFO  o.e.r.i.MethodCallReplacementClassAdapter - No hashCode defined for: com/fasterxml/jackson/databind/introspect/BeanPropertyDefinition, superclass = java.lang.Object
23:36:06.080 [main] INFO  o.e.r.i.CreateClassResetClassAdapter - Creating brand-new static initializer in class com/fasterxml/jackson/databind/introspect/BeanPropertyDefinition
23:36:06.081 [main] DEBUG o.e.r.agent.TransformerForTests - Going to instrument: com.fasterxml.jackson.databind.util.SimpleBeanPropertyDefinition
23:36:06.081 [main] INFO  o.e.r.i.MethodCallReplacementClassAdapter - Adding mock interface to class com/fasterxml/jackson/databind/util/SimpleBeanPropertyDefinition
23:36:06.094 [main] INFO  o.e.r.i.MethodCallReplacementClassAdapter - No hashCode defined for: com/fasterxml/jackson/databind/util/SimpleBeanPropertyDefinition, superclass = com.fasterxml.jackson.databind.introspect.BeanPropertyDefinition
23:36:06.094 [main] INFO  o.e.r.i.CreateClassResetClassAdapter - Creating brand-new static initializer in class com/fasterxml/jackson/databind/util/SimpleBeanPropertyDefinition
23:36:06.095 [main] DEBUG o.e.r.agent.TransformerForTests - Going to instrument: com.fasterxml.jackson.databind.deser.std.StringArrayDeserializer
23:36:06.096 [main] INFO  o.e.r.i.MethodCallReplacementClassAdapter - Adding mock interface to class com/fasterxml/jackson/databind/deser/std/StringArrayDeserializer
23:36:06.097 [main] INFO  o.e.r.i.CreateClassResetClassAdapter - Found static initializer in class com/fasterxml/jackson/databind/deser/std/StringArrayDeserializer
23:36:06.097 [main] INFO  o.e.r.i.MethodCallReplacementClassAdapter - No hashCode defined for: com/fasterxml/jackson/databind/deser/std/StringArrayDeserializer, superclass = com.fasterxml.jackson.databind.deser.std.StdDeserializer
23:36:06.098 [main] DEBUG o.e.r.agent.TransformerForTests - Going to instrument: com.fasterxml.jackson.databind.deser.std.ObjectArrayDeserializer
23:36:06.098 [main] INFO  o.e.r.i.MethodCallReplacementClassAdapter - Adding mock interface to class com/fasterxml/jackson/databind/deser/std/ObjectArrayDeserializer
23:36:06.099 [main] INFO  o.e.r.i.MethodCallReplacementClassAdapter - No hashCode defined for: com/fasterxml/jackson/databind/deser/std/ObjectArrayDeserializer, superclass = com.fasterxml.jackson.databind.deser.std.ContainerDeserializerBase
23:36:06.099 [main] INFO  o.e.r.i.CreateClassResetClassAdapter - Creating brand-new static initializer in class com/fasterxml/jackson/databind/deser/std/ObjectArrayDeserializer
23:36:06.099 [main] DEBUG o.e.r.agent.TransformerForTests - Going to instrument: com.fasterxml.jackson.databind.deser.std.EnumSetDeserializer
23:36:06.100 [main] INFO  o.e.r.i.MethodCallReplacementClassAdapter - Adding mock interface to class com/fasterxml/jackson/databind/deser/std/EnumSetDeserializer
23:36:06.101 [main] INFO  o.e.r.i.MethodCallReplacementClassAdapter - No hashCode defined for: com/fasterxml/jackson/databind/deser/std/EnumSetDeserializer, superclass = com.fasterxml.jackson.databind.deser.std.StdDeserializer
23:36:06.101 [main] INFO  o.e.r.i.CreateClassResetClassAdapter - Creating brand-new static initializer in class com/fasterxml/jackson/databind/deser/std/EnumSetDeserializer
23:36:06.102 [main] DEBUG o.e.r.agent.TransformerForTests - Going to instrument: com.fasterxml.jackson.databind.type.CollectionType
23:36:06.103 [main] INFO  o.e.r.i.MethodCallReplacementClassAdapter - Adding mock interface to class com/fasterxml/jackson/databind/type/CollectionType
23:36:06.103 [main] INFO  o.e.r.i.MethodCallReplacementClassAdapter - No hashCode defined for: com/fasterxml/jackson/databind/type/CollectionType, superclass = com.fasterxml.jackson.databind.type.CollectionLikeType
23:36:06.103 [main] INFO  o.e.r.i.CreateClassResetClassAdapter - Creating brand-new static initializer in class com/fasterxml/jackson/databind/type/CollectionType
23:36:06.104 [main] DEBUG o.e.r.agent.TransformerForTests - Going to instrument: com.fasterxml.jackson.databind.type.CollectionLikeType
23:36:06.104 [main] INFO  o.e.r.i.MethodCallReplacementClassAdapter - Adding mock interface to class com/fasterxml/jackson/databind/type/CollectionLikeType
23:36:06.105 [main] INFO  o.e.r.i.MethodCallReplacementClassAdapter - No hashCode defined for: com/fasterxml/jackson/databind/type/CollectionLikeType, superclass = com.fasterxml.jackson.databind.type.TypeBase
23:36:06.105 [main] INFO  o.e.r.i.CreateClassResetClassAdapter - Creating brand-new static initializer in class com/fasterxml/jackson/databind/type/CollectionLikeType
23:36:06.105 [main] DEBUG o.e.r.agent.TransformerForTests - Going to instrument: com.fasterxml.jackson.databind.deser.AbstractDeserializer
23:36:06.106 [main] INFO  o.e.r.i.MethodCallReplacementClassAdapter - Adding mock interface to class com/fasterxml/jackson/databind/deser/AbstractDeserializer
23:36:06.107 [main] INFO  o.e.r.i.MethodCallReplacementClassAdapter - No hashCode defined for: com/fasterxml/jackson/databind/deser/AbstractDeserializer, superclass = com.fasterxml.jackson.databind.JsonDeserializer
23:36:06.107 [main] INFO  o.e.r.i.CreateClassResetClassAdapter - Creating brand-new static initializer in class com/fasterxml/jackson/databind/deser/AbstractDeserializer
23:36:06.107 [main] DEBUG o.e.r.agent.TransformerForTests - Going to instrument: com.fasterxml.jackson.databind.deser.std.ArrayBlockingQueueDeserializer
23:36:06.107 [main] INFO  o.e.r.i.MethodCallReplacementClassAdapter - Adding mock interface to class com/fasterxml/jackson/databind/deser/std/ArrayBlockingQueueDeserializer
23:36:06.108 [main] INFO  o.e.r.i.MethodCallReplacementClassAdapter - No hashCode defined for: com/fasterxml/jackson/databind/deser/std/ArrayBlockingQueueDeserializer, superclass = com.fasterxml.jackson.databind.deser.std.CollectionDeserializer
23:36:06.108 [main] INFO  o.e.r.i.CreateClassResetClassAdapter - Creating brand-new static initializer in class com/fasterxml/jackson/databind/deser/std/ArrayBlockingQueueDeserializer
23:36:06.109 [main] DEBUG o.e.r.agent.TransformerForTests - Going to instrument: com.fasterxml.jackson.databind.deser.std.CollectionDeserializer
23:36:06.109 [main] INFO  o.e.r.i.MethodCallReplacementClassAdapter - Adding mock interface to class com/fasterxml/jackson/databind/deser/std/CollectionDeserializer
23:36:06.111 [main] INFO  o.e.r.i.MethodCallReplacementClassAdapter - No hashCode defined for: com/fasterxml/jackson/databind/deser/std/CollectionDeserializer, superclass = com.fasterxml.jackson.databind.deser.std.ContainerDeserializerBase
23:36:06.111 [main] INFO  o.e.r.i.CreateClassResetClassAdapter - Creating brand-new static initializer in class com/fasterxml/jackson/databind/deser/std/CollectionDeserializer
23:36:06.111 [main] DEBUG o.e.r.agent.TransformerForTests - Going to instrument: com.fasterxml.jackson.databind.deser.std.StringCollectionDeserializer
23:36:06.112 [main] INFO  o.e.r.i.MethodCallReplacementClassAdapter - Adding mock interface to class com/fasterxml/jackson/databind/deser/std/StringCollectionDeserializer
23:36:06.112 [main] INFO  o.e.r.i.MethodCallReplacementClassAdapter - No hashCode defined for: com/fasterxml/jackson/databind/deser/std/StringCollectionDeserializer, superclass = com.fasterxml.jackson.databind.deser.std.ContainerDeserializerBase
23:36:06.113 [main] INFO  o.e.r.i.CreateClassResetClassAdapter - Creating brand-new static initializer in class com/fasterxml/jackson/databind/deser/std/StringCollectionDeserializer
23:36:06.114 [main] DEBUG o.e.r.agent.TransformerForTests - Going to instrument: com.fasterxml.jackson.databind.type.MapType
23:36:06.114 [main] INFO  o.e.r.i.MethodCallReplacementClassAdapter - Adding mock interface to class com/fasterxml/jackson/databind/type/MapType
23:36:06.115 [main] INFO  o.e.r.i.MethodCallReplacementClassAdapter - No hashCode defined for: com/fasterxml/jackson/databind/type/MapType, superclass = com.fasterxml.jackson.databind.type.MapLikeType
23:36:06.115 [main] INFO  o.e.r.i.CreateClassResetClassAdapter - Creating brand-new static initializer in class com/fasterxml/jackson/databind/type/MapType
23:36:06.116 [main] DEBUG o.e.r.agent.TransformerForTests - Going to instrument: com.fasterxml.jackson.databind.deser.std.EnumMapDeserializer
23:36:06.116 [main] INFO  o.e.r.i.MethodCallReplacementClassAdapter - Adding mock interface to class com/fasterxml/jackson/databind/deser/std/EnumMapDeserializer
23:36:06.117 [main] INFO  o.e.r.i.MethodCallReplacementClassAdapter - No hashCode defined for: com/fasterxml/jackson/databind/deser/std/EnumMapDeserializer, superclass = com.fasterxml.jackson.databind.deser.std.ContainerDeserializerBase
23:36:06.117 [main] INFO  o.e.r.i.CreateClassResetClassAdapter - Creating brand-new static initializer in class com/fasterxml/jackson/databind/deser/std/EnumMapDeserializer
23:36:06.118 [main] DEBUG o.e.r.agent.TransformerForTests - Going to instrument: com.fasterxml.jackson.databind.deser.std.MapDeserializer
23:36:06.118 [main] INFO  o.e.r.i.MethodCallReplacementClassAdapter - Adding mock interface to class com/fasterxml/jackson/databind/deser/std/MapDeserializer
23:36:06.123 [main] INFO  o.e.r.i.MethodCallReplacementClassAdapter - No hashCode defined for: com/fasterxml/jackson/databind/deser/std/MapDeserializer, superclass = com.fasterxml.jackson.databind.deser.std.ContainerDeserializerBase
23:36:06.123 [main] INFO  o.e.r.i.CreateClassResetClassAdapter - Creating brand-new static initializer in class com/fasterxml/jackson/databind/deser/std/MapDeserializer
23:36:06.124 [main] DEBUG o.e.r.agent.TransformerForTests - Going to instrument: com.fasterxml.jackson.databind.deser.std.EnumDeserializer
23:36:06.125 [main] INFO  o.e.r.i.MethodCallReplacementClassAdapter - Adding mock interface to class com/fasterxml/jackson/databind/deser/std/EnumDeserializer
23:36:06.126 [main] INFO  o.e.r.i.MethodCallReplacementClassAdapter - No hashCode defined for: com/fasterxml/jackson/databind/deser/std/EnumDeserializer, superclass = com.fasterxml.jackson.databind.deser.std.StdScalarDeserializer
23:36:06.126 [main] INFO  o.e.r.i.CreateClassResetClassAdapter - Creating brand-new static initializer in class com/fasterxml/jackson/databind/deser/std/EnumDeserializer
23:36:06.127 [main] DEBUG o.e.r.agent.TransformerForTests - Going to instrument: com.fasterxml.jackson.databind.deser.std.ThrowableDeserializer
23:36:06.127 [main] INFO  o.e.r.i.MethodCallReplacementClassAdapter - Adding mock interface to class com/fasterxml/jackson/databind/deser/std/ThrowableDeserializer
23:36:06.128 [main] INFO  o.e.r.i.MethodCallReplacementClassAdapter - No hashCode defined for: com/fasterxml/jackson/databind/deser/std/ThrowableDeserializer, superclass = com.fasterxml.jackson.databind.deser.BeanDeserializer
23:36:06.128 [main] INFO  o.e.r.i.CreateClassResetClassAdapter - Creating brand-new static initializer in class com/fasterxml/jackson/databind/deser/std/ThrowableDeserializer
23:36:06.128 [main] INFO  o.e.r.i.CreateClassResetClassAdapter - Adding bytecode for initializing field PROP_NAME_MESSAGE
23:36:06.129 [main] DEBUG o.e.r.agent.TransformerForTests - Going to instrument: com.fasterxml.jackson.databind.deser.BeanDeserializer
23:36:06.129 [main] INFO  o.e.r.i.MethodCallReplacementClassAdapter - Adding mock interface to class com/fasterxml/jackson/databind/deser/BeanDeserializer
23:36:06.132 [main] INFO  o.e.r.i.MethodCallReplacementClassAdapter - No hashCode defined for: com/fasterxml/jackson/databind/deser/BeanDeserializer, superclass = com.fasterxml.jackson.databind.deser.BeanDeserializerBase
23:36:06.132 [main] INFO  o.e.r.i.CreateClassResetClassAdapter - Creating brand-new static initializer in class com/fasterxml/jackson/databind/deser/BeanDeserializer
23:36:06.133 [main] DEBUG o.e.r.agent.TransformerForTests - Going to instrument: com.fasterxml.jackson.databind.deser.BeanDeserializerBase
23:36:06.134 [main] INFO  o.e.r.i.MethodCallReplacementClassAdapter - Adding mock interface to class com/fasterxml/jackson/databind/deser/BeanDeserializerBase
23:36:06.148 [main] INFO  o.e.r.i.CreateClassResetClassAdapter - Found static initializer in class com/fasterxml/jackson/databind/deser/BeanDeserializerBase
23:36:06.148 [main] INFO  o.e.r.i.MethodCallReplacementClassAdapter - No hashCode defined for: com/fasterxml/jackson/databind/deser/BeanDeserializerBase, superclass = com.fasterxml.jackson.databind.deser.std.StdDeserializer
23:36:06.150 [main] DEBUG o.e.r.agent.TransformerForTests - Going to instrument: com.fasterxml.jackson.databind.deser.impl.NoClassDefFoundDeserializer
23:36:06.150 [main] INFO  o.e.r.i.MethodCallReplacementClassAdapter - Adding mock interface to class com/fasterxml/jackson/databind/deser/impl/NoClassDefFoundDeserializer
23:36:06.150 [main] INFO  o.e.r.i.MethodCallReplacementClassAdapter - No hashCode defined for: com/fasterxml/jackson/databind/deser/impl/NoClassDefFoundDeserializer, superclass = com.fasterxml.jackson.databind.JsonDeserializer
23:36:06.151 [main] INFO  o.e.r.i.CreateClassResetClassAdapter - Creating brand-new static initializer in class com/fasterxml/jackson/databind/deser/impl/NoClassDefFoundDeserializer
23:36:06.152 [main] DEBUG o.e.r.agent.TransformerForTests - Going to instrument: com.fasterxml.jackson.annotation.ObjectIdGenerator
23:36:06.152 [main] INFO  o.e.r.i.MethodCallReplacementClassAdapter - Adding mock interface to class com/fasterxml/jackson/annotation/ObjectIdGenerator
23:36:06.152 [main] INFO  o.e.r.i.MethodCallReplacementClassAdapter - No hashCode defined for: com/fasterxml/jackson/annotation/ObjectIdGenerator, superclass = java.lang.Object
23:36:06.152 [main] INFO  o.e.r.i.CreateClassResetClassAdapter - Creating brand-new static initializer in class com/fasterxml/jackson/annotation/ObjectIdGenerator
23:36:06.153 [main] DEBUG o.e.r.agent.TransformerForTests - Going to instrument: com.fasterxml.jackson.databind.deser.impl.PropertyBasedObjectIdGenerator
23:36:06.153 [main] INFO  o.e.r.i.MethodCallReplacementClassAdapter - Adding mock interface to class com/fasterxml/jackson/databind/deser/impl/PropertyBasedObjectIdGenerator
23:36:06.153 [main] INFO  o.e.r.i.MethodCallReplacementClassAdapter - No hashCode defined for: com/fasterxml/jackson/databind/deser/impl/PropertyBasedObjectIdGenerator, superclass = com.fasterxml.jackson.annotation.ObjectIdGenerators$PropertyGenerator
23:36:06.153 [main] INFO  o.e.r.i.CreateClassResetClassAdapter - Creating brand-new static initializer in class com/fasterxml/jackson/databind/deser/impl/PropertyBasedObjectIdGenerator
23:36:06.154 [main] DEBUG o.e.r.agent.TransformerForTests - Going to instrument: com.fasterxml.jackson.annotation.ObjectIdGenerators$PropertyGenerator
23:36:06.154 [main] INFO  o.e.r.i.MethodCallReplacementClassAdapter - Adding mock interface to class com/fasterxml/jackson/annotation/ObjectIdGenerators$PropertyGenerator
23:36:06.154 [main] INFO  o.e.r.i.MethodCallReplacementClassAdapter - No hashCode defined for: com/fasterxml/jackson/annotation/ObjectIdGenerators$PropertyGenerator, superclass = com.fasterxml.jackson.annotation.ObjectIdGenerators$Base
23:36:06.154 [main] INFO  o.e.r.i.CreateClassResetClassAdapter - Creating brand-new static initializer in class com/fasterxml/jackson/annotation/ObjectIdGenerators$PropertyGenerator
23:36:06.155 [main] DEBUG o.e.r.agent.TransformerForTests - Going to instrument: com.fasterxml.jackson.annotation.ObjectIdGenerators$Base
23:36:06.155 [main] INFO  o.e.r.i.MethodCallReplacementClassAdapter - Adding mock interface to class com/fasterxml/jackson/annotation/ObjectIdGenerators$Base
23:36:06.155 [main] INFO  o.e.r.i.MethodCallReplacementClassAdapter - No hashCode defined for: com/fasterxml/jackson/annotation/ObjectIdGenerators$Base, superclass = com.fasterxml.jackson.annotation.ObjectIdGenerator
23:36:06.155 [main] INFO  o.e.r.i.CreateClassResetClassAdapter - Creating brand-new static initializer in class com/fasterxml/jackson/annotation/ObjectIdGenerators$Base
23:36:06.156 [main] DEBUG o.e.r.agent.TransformerForTests - Going to instrument: com.fasterxml.jackson.databind.deser.impl.MethodProperty
23:36:06.156 [main] INFO  o.e.r.i.MethodCallReplacementClassAdapter - Adding mock interface to class com/fasterxml/jackson/databind/deser/impl/MethodProperty
23:36:06.156 [main] INFO  o.e.r.i.MethodCallReplacementClassAdapter - No hashCode defined for: com/fasterxml/jackson/databind/deser/impl/MethodProperty, superclass = com.fasterxml.jackson.databind.deser.SettableBeanProperty
23:36:06.156 [main] INFO  o.e.r.i.CreateClassResetClassAdapter - Creating brand-new static initializer in class com/fasterxml/jackson/databind/deser/impl/MethodProperty
23:36:06.157 [main] DEBUG o.e.r.agent.TransformerForTests - Going to instrument: com.fasterxml.jackson.databind.deser.impl.FieldProperty
23:36:06.157 [main] INFO  o.e.r.i.MethodCallReplacementClassAdapter - Adding mock interface to class com/fasterxml/jackson/databind/deser/impl/FieldProperty
23:36:06.160 [main] INFO  o.e.r.i.MethodCallReplacementClassAdapter - No hashCode defined for: com/fasterxml/jackson/databind/deser/impl/FieldProperty, superclass = com.fasterxml.jackson.databind.deser.SettableBeanProperty
23:36:06.160 [main] INFO  o.e.r.i.CreateClassResetClassAdapter - Creating brand-new static initializer in class com/fasterxml/jackson/databind/deser/impl/FieldProperty
23:36:06.161 [main] DEBUG o.e.r.agent.TransformerForTests - Going to instrument: com.fasterxml.jackson.databind.deser.impl.SetterlessProperty
23:36:06.161 [main] INFO  o.e.r.i.MethodCallReplacementClassAdapter - Adding mock interface to class com/fasterxml/jackson/databind/deser/impl/SetterlessProperty
23:36:06.162 [main] INFO  o.e.r.i.MethodCallReplacementClassAdapter - No hashCode defined for: com/fasterxml/jackson/databind/deser/impl/SetterlessProperty, superclass = com.fasterxml.jackson.databind.deser.SettableBeanProperty
23:36:06.162 [main] INFO  o.e.r.i.CreateClassResetClassAdapter - Creating brand-new static initializer in class com/fasterxml/jackson/databind/deser/impl/SetterlessProperty
23:36:06.162 [main] DEBUG o.e.r.agent.TransformerForTests - Going to instrument: com.fasterxml.jackson.databind.deser.Deserializers
23:36:06.163 [main] DEBUG o.e.r.agent.TransformerForTests - Going to instrument: com.fasterxml.jackson.databind.PropertyName
23:36:06.163 [main] INFO  o.e.r.i.MethodCallReplacementClassAdapter - Adding mock interface to class com/fasterxml/jackson/databind/PropertyName
23:36:06.165 [main] INFO  o.e.r.i.CreateClassResetClassAdapter - Found static initializer in class com/fasterxml/jackson/databind/PropertyName
23:36:06.166 [main] DEBUG o.e.r.agent.TransformerForTests - Going to instrument: com.fasterxml.jackson.core.SerializableString
23:36:06.168 [main] DEBUG o.e.r.agent.TransformerForTests - Going to instrument: com.fasterxml.jackson.databind.cfg.DeserializerFactoryConfig
23:36:06.168 [main] INFO  o.e.r.i.MethodCallReplacementClassAdapter - Adding mock interface to class com/fasterxml/jackson/databind/cfg/DeserializerFactoryConfig
23:36:06.171 [main] INFO  o.e.r.i.CreateClassResetClassAdapter - Found static initializer in class com/fasterxml/jackson/databind/cfg/DeserializerFactoryConfig
23:36:06.171 [main] INFO  o.e.r.i.MethodCallReplacementClassAdapter - No hashCode defined for: com/fasterxml/jackson/databind/cfg/DeserializerFactoryConfig, superclass = java.lang.Object
23:36:06.176 [main] DEBUG o.e.r.agent.TransformerForTests - Going to instrument: com.fasterxml.jackson.databind.deser.BeanDeserializerModifier
23:36:06.177 [main] INFO  o.e.r.i.MethodCallReplacementClassAdapter - Adding mock interface to class com/fasterxml/jackson/databind/deser/BeanDeserializerModifier
23:36:06.177 [main] INFO  o.e.r.i.MethodCallReplacementClassAdapter - No hashCode defined for: com/fasterxml/jackson/databind/deser/BeanDeserializerModifier, superclass = java.lang.Object
23:36:06.177 [main] INFO  o.e.r.i.CreateClassResetClassAdapter - Creating brand-new static initializer in class com/fasterxml/jackson/databind/deser/BeanDeserializerModifier
23:36:06.178 [main] DEBUG o.e.r.agent.TransformerForTests - Going to instrument: com.fasterxml.jackson.databind.AbstractTypeResolver
23:36:06.178 [main] INFO  o.e.r.i.MethodCallReplacementClassAdapter - Adding mock interface to class com/fasterxml/jackson/databind/AbstractTypeResolver
23:36:06.178 [main] INFO  o.e.r.i.MethodCallReplacementClassAdapter - No hashCode defined for: com/fasterxml/jackson/databind/AbstractTypeResolver, superclass = java.lang.Object
23:36:06.178 [main] INFO  o.e.r.i.CreateClassResetClassAdapter - Creating brand-new static initializer in class com/fasterxml/jackson/databind/AbstractTypeResolver
23:36:06.178 [main] DEBUG o.e.r.agent.TransformerForTests - Going to instrument: com.fasterxml.jackson.databind.deser.ValueInstantiators
23:36:06.179 [main] DEBUG o.e.r.agent.TransformerForTests - Going to instrument: com.fasterxml.jackson.databind.deser.KeyDeserializers
23:36:06.179 [main] DEBUG o.e.r.agent.TransformerForTests - Going to instrument: com.fasterxml.jackson.databind.deser.std.StdKeyDeserializers
23:36:06.179 [main] INFO  o.e.r.i.MethodCallReplacementClassAdapter - Adding mock interface to class com/fasterxml/jackson/databind/deser/std/StdKeyDeserializers
23:36:06.180 [main] INFO  o.e.r.i.MethodCallReplacementClassAdapter - No hashCode defined for: com/fasterxml/jackson/databind/deser/std/StdKeyDeserializers, superclass = java.lang.Object
23:36:06.180 [main] INFO  o.e.r.i.CreateClassResetClassAdapter - Creating brand-new static initializer in class com/fasterxml/jackson/databind/deser/std/StdKeyDeserializers
23:36:06.180 [main] DEBUG o.e.r.agent.TransformerForTests - Going to instrument: com.fasterxml.jackson.databind.KeyDeserializer
23:36:06.180 [main] INFO  o.e.r.i.MethodCallReplacementClassAdapter - Adding mock interface to class com/fasterxml/jackson/databind/KeyDeserializer
23:36:06.181 [main] INFO  o.e.r.i.MethodCallReplacementClassAdapter - No hashCode defined for: com/fasterxml/jackson/databind/KeyDeserializer, superclass = java.lang.Object
23:36:06.181 [main] INFO  o.e.r.i.CreateClassResetClassAdapter - Creating brand-new static initializer in class com/fasterxml/jackson/databind/KeyDeserializer
23:36:06.181 [main] DEBUG o.e.r.agent.TransformerForTests - Going to instrument: com.fasterxml.jackson.databind.deser.std.StdKeyDeserializer
23:36:06.181 [main] INFO  o.e.r.i.MethodCallReplacementClassAdapter - Adding mock interface to class com/fasterxml/jackson/databind/deser/std/StdKeyDeserializer
23:36:06.182 [main] INFO  o.e.r.i.MethodCallReplacementClassAdapter - No hashCode defined for: com/fasterxml/jackson/databind/deser/std/StdKeyDeserializer, superclass = com.fasterxml.jackson.databind.KeyDeserializer
23:36:06.182 [main] INFO  o.e.r.i.CreateClassResetClassAdapter - Creating brand-new static initializer in class com/fasterxml/jackson/databind/deser/std/StdKeyDeserializer
23:36:06.182 [main] INFO  o.e.r.i.CreateClassResetClassAdapter - Adding bytecode for initializing field TYPE_BOOLEAN
23:36:06.182 [main] INFO  o.e.r.i.CreateClassResetClassAdapter - Adding bytecode for initializing field TYPE_BYTE
23:36:06.182 [main] INFO  o.e.r.i.CreateClassResetClassAdapter - Adding bytecode for initializing field TYPE_SHORT
23:36:06.182 [main] INFO  o.e.r.i.CreateClassResetClassAdapter - Adding bytecode for initializing field TYPE_CHAR
23:36:06.182 [main] INFO  o.e.r.i.CreateClassResetClassAdapter - Adding bytecode for initializing field TYPE_INT
23:36:06.182 [main] INFO  o.e.r.i.CreateClassResetClassAdapter - Adding bytecode for initializing field TYPE_LONG
23:36:06.182 [main] INFO  o.e.r.i.CreateClassResetClassAdapter - Adding bytecode for initializing field TYPE_FLOAT
23:36:06.182 [main] INFO  o.e.r.i.CreateClassResetClassAdapter - Adding bytecode for initializing field TYPE_DOUBLE
23:36:06.182 [main] INFO  o.e.r.i.CreateClassResetClassAdapter - Adding bytecode for initializing field TYPE_LOCALE
23:36:06.182 [main] INFO  o.e.r.i.CreateClassResetClassAdapter - Adding bytecode for initializing field TYPE_DATE
23:36:06.182 [main] INFO  o.e.r.i.CreateClassResetClassAdapter - Adding bytecode for initializing field TYPE_CALENDAR
23:36:06.182 [main] INFO  o.e.r.i.CreateClassResetClassAdapter - Adding bytecode for initializing field TYPE_UUID
23:36:06.183 [main] INFO  o.e.r.i.CreateClassResetClassAdapter - Adding bytecode for initializing field TYPE_URI
23:36:06.183 [main] INFO  o.e.r.i.CreateClassResetClassAdapter - Adding bytecode for initializing field TYPE_URL
23:36:06.183 [main] INFO  o.e.r.i.CreateClassResetClassAdapter - Adding bytecode for initializing field TYPE_CLASS
23:36:06.183 [main] INFO  o.e.r.i.CreateClassResetClassAdapter - Adding bytecode for initializing field TYPE_CURRENCY
23:36:06.183 [main] DEBUG o.e.r.agent.TransformerForTests - Going to instrument: com.fasterxml.jackson.databind.deser.std.StdKeyDeserializer$StringCtorKeyDeserializer
23:36:06.183 [main] INFO  o.e.r.i.MethodCallReplacementClassAdapter - Adding mock interface to class com/fasterxml/jackson/databind/deser/std/StdKeyDeserializer$StringCtorKeyDeserializer
23:36:06.184 [main] INFO  o.e.r.i.MethodCallReplacementClassAdapter - No hashCode defined for: com/fasterxml/jackson/databind/deser/std/StdKeyDeserializer$StringCtorKeyDeserializer, superclass = com.fasterxml.jackson.databind.deser.std.StdKeyDeserializer
23:36:06.184 [main] INFO  o.e.r.i.CreateClassResetClassAdapter - Creating brand-new static initializer in class com/fasterxml/jackson/databind/deser/std/StdKeyDeserializer$StringCtorKeyDeserializer
23:36:06.184 [main] DEBUG o.e.r.agent.TransformerForTests - Going to instrument: com.fasterxml.jackson.databind.deser.std.StdKeyDeserializer$StringFactoryKeyDeserializer
23:36:06.184 [main] INFO  o.e.r.i.MethodCallReplacementClassAdapter - Adding mock interface to class com/fasterxml/jackson/databind/deser/std/StdKeyDeserializer$StringFactoryKeyDeserializer
23:36:06.184 [main] INFO  o.e.r.i.MethodCallReplacementClassAdapter - No hashCode defined for: com/fasterxml/jackson/databind/deser/std/StdKeyDeserializer$StringFactoryKeyDeserializer, superclass = com.fasterxml.jackson.databind.deser.std.StdKeyDeserializer
23:36:06.184 [main] INFO  o.e.r.i.CreateClassResetClassAdapter - Creating brand-new static initializer in class com/fasterxml/jackson/databind/deser/std/StdKeyDeserializer$StringFactoryKeyDeserializer
23:36:06.185 [main] DEBUG o.e.r.agent.TransformerForTests - Going to instrument: com.fasterxml.jackson.databind.deser.std.StdKeyDeserializer$DelegatingKD
23:36:06.185 [main] INFO  o.e.r.i.MethodCallReplacementClassAdapter - Adding mock interface to class com/fasterxml/jackson/databind/deser/std/StdKeyDeserializer$DelegatingKD
23:36:06.185 [main] INFO  o.e.r.i.MethodCallReplacementClassAdapter - No hashCode defined for: com/fasterxml/jackson/databind/deser/std/StdKeyDeserializer$DelegatingKD, superclass = com.fasterxml.jackson.databind.KeyDeserializer
23:36:06.185 [main] INFO  o.e.r.i.CreateClassResetClassAdapter - Creating brand-new static initializer in class com/fasterxml/jackson/databind/deser/std/StdKeyDeserializer$DelegatingKD
23:36:06.186 [main] DEBUG o.e.r.agent.TransformerForTests - Going to instrument: com.fasterxml.jackson.databind.deser.std.StdKeyDeserializer$EnumKD
23:36:06.186 [main] INFO  o.e.r.i.MethodCallReplacementClassAdapter - Adding mock interface to class com/fasterxml/jackson/databind/deser/std/StdKeyDeserializer$EnumKD
23:36:06.186 [main] INFO  o.e.r.i.MethodCallReplacementClassAdapter - No hashCode defined for: com/fasterxml/jackson/databind/deser/std/StdKeyDeserializer$EnumKD, superclass = com.fasterxml.jackson.databind.deser.std.StdKeyDeserializer
23:36:06.186 [main] INFO  o.e.r.i.CreateClassResetClassAdapter - Creating brand-new static initializer in class com/fasterxml/jackson/databind/deser/std/StdKeyDeserializer$EnumKD
23:36:06.189 [main] DEBUG o.e.r.agent.TransformerForTests - Going to instrument: com.fasterxml.jackson.databind.ser.BeanSerializerFactory
23:36:06.190 [main] INFO  o.e.r.i.MethodCallReplacementClassAdapter - Adding mock interface to class com/fasterxml/jackson/databind/ser/BeanSerializerFactory
23:36:06.198 [main] INFO  o.e.r.i.CreateClassResetClassAdapter - Found static initializer in class com/fasterxml/jackson/databind/ser/BeanSerializerFactory
23:36:06.199 [main] INFO  o.e.r.i.MethodCallReplacementClassAdapter - No hashCode defined for: com/fasterxml/jackson/databind/ser/BeanSerializerFactory, superclass = com.fasterxml.jackson.databind.ser.BasicSerializerFactory
23:36:06.200 [main] DEBUG o.e.r.agent.TransformerForTests - Going to instrument: com.fasterxml.jackson.databind.ser.BasicSerializerFactory
23:36:06.201 [main] INFO  o.e.r.i.MethodCallReplacementClassAdapter - Adding mock interface to class com/fasterxml/jackson/databind/ser/BasicSerializerFactory
23:36:06.216 [main] INFO  o.e.r.i.CreateClassResetClassAdapter - Found static initializer in class com/fasterxml/jackson/databind/ser/BasicSerializerFactory
23:36:06.216 [main] INFO  o.e.r.i.MethodCallReplacementClassAdapter - No hashCode defined for: com/fasterxml/jackson/databind/ser/BasicSerializerFactory, superclass = com.fasterxml.jackson.databind.ser.SerializerFactory
23:36:06.218 [main] DEBUG o.e.r.agent.TransformerForTests - Going to instrument: com.fasterxml.jackson.databind.JsonSerializer
23:36:06.218 [main] INFO  o.e.r.i.MethodCallReplacementClassAdapter - Adding mock interface to class com/fasterxml/jackson/databind/JsonSerializer
23:36:06.219 [main] INFO  o.e.r.i.MethodCallReplacementClassAdapter - No hashCode defined for: com/fasterxml/jackson/databind/JsonSerializer, superclass = java.lang.Object
23:36:06.219 [main] INFO  o.e.r.i.CreateClassResetClassAdapter - Creating brand-new static initializer in class com/fasterxml/jackson/databind/JsonSerializer
23:36:06.219 [main] DEBUG o.e.r.agent.TransformerForTests - Going to instrument: com.fasterxml.jackson.databind.jsonFormatVisitors.JsonFormatVisitable
23:36:06.220 [main] DEBUG o.e.r.agent.TransformerForTests - Going to instrument: com.fasterxml.jackson.databind.ser.impl.MapEntrySerializer
23:36:06.220 [main] INFO  o.e.r.i.MethodCallReplacementClassAdapter - Adding mock interface to class com/fasterxml/jackson/databind/ser/impl/MapEntrySerializer
23:36:06.221 [main] INFO  o.e.r.i.MethodCallReplacementClassAdapter - No hashCode defined for: com/fasterxml/jackson/databind/ser/impl/MapEntrySerializer, superclass = com.fasterxml.jackson.databind.ser.ContainerSerializer
23:36:06.221 [main] INFO  o.e.r.i.CreateClassResetClassAdapter - Creating brand-new static initializer in class com/fasterxml/jackson/databind/ser/impl/MapEntrySerializer
23:36:06.223 [main] DEBUG o.e.r.agent.TransformerForTests - Going to instrument: com.fasterxml.jackson.databind.ser.ContextualSerializer
23:36:06.224 [main] DEBUG o.e.r.agent.TransformerForTests - Going to instrument: com.fasterxml.jackson.databind.ser.ContainerSerializer
23:36:06.224 [main] INFO  o.e.r.i.MethodCallReplacementClassAdapter - Adding mock interface to class com/fasterxml/jackson/databind/ser/ContainerSerializer
23:36:06.224 [main] INFO  o.e.r.i.MethodCallReplacementClassAdapter - No hashCode defined for: com/fasterxml/jackson/databind/ser/ContainerSerializer, superclass = com.fasterxml.jackson.databind.ser.std.StdSerializer
23:36:06.224 [main] INFO  o.e.r.i.CreateClassResetClassAdapter - Creating brand-new static initializer in class com/fasterxml/jackson/databind/ser/ContainerSerializer
23:36:06.225 [main] DEBUG o.e.r.agent.TransformerForTests - Going to instrument: com.fasterxml.jackson.databind.ser.std.StdSerializer
23:36:06.225 [main] INFO  o.e.r.i.MethodCallReplacementClassAdapter - Adding mock interface to class com/fasterxml/jackson/databind/ser/std/StdSerializer
23:36:06.226 [main] INFO  o.e.r.i.MethodCallReplacementClassAdapter - No hashCode defined for: com/fasterxml/jackson/databind/ser/std/StdSerializer, superclass = com.fasterxml.jackson.databind.JsonSerializer
23:36:06.226 [main] INFO  o.e.r.i.CreateClassResetClassAdapter - Creating brand-new static initializer in class com/fasterxml/jackson/databind/ser/std/StdSerializer
23:36:06.226 [main] DEBUG o.e.r.agent.TransformerForTests - Going to instrument: com.fasterxml.jackson.databind.jsonschema.SchemaAware
23:36:06.227 [main] DEBUG o.e.r.agent.TransformerForTests - Going to instrument: com.fasterxml.jackson.databind.ser.std.EnumSerializer
23:36:06.227 [main] INFO  o.e.r.i.MethodCallReplacementClassAdapter - Adding mock interface to class com/fasterxml/jackson/databind/ser/std/EnumSerializer
23:36:06.229 [main] INFO  o.e.r.i.MethodCallReplacementClassAdapter - No hashCode defined for: com/fasterxml/jackson/databind/ser/std/EnumSerializer, superclass = com.fasterxml.jackson.databind.ser.std.StdScalarSerializer
23:36:06.229 [main] INFO  o.e.r.i.CreateClassResetClassAdapter - Creating brand-new static initializer in class com/fasterxml/jackson/databind/ser/std/EnumSerializer
23:36:06.230 [main] DEBUG o.e.r.agent.TransformerForTests - Going to instrument: com.fasterxml.jackson.databind.ser.std.StdScalarSerializer
23:36:06.230 [main] INFO  o.e.r.i.MethodCallReplacementClassAdapter - Adding mock interface to class com/fasterxml/jackson/databind/ser/std/StdScalarSerializer
23:36:06.230 [main] INFO  o.e.r.i.MethodCallReplacementClassAdapter - No hashCode defined for: com/fasterxml/jackson/databind/ser/std/StdScalarSerializer, superclass = com.fasterxml.jackson.databind.ser.std.StdSerializer
23:36:06.230 [main] INFO  o.e.r.i.CreateClassResetClassAdapter - Creating brand-new static initializer in class com/fasterxml/jackson/databind/ser/std/StdScalarSerializer
23:36:06.231 [main] DEBUG o.e.r.agent.TransformerForTests - Going to instrument: com.fasterxml.jackson.databind.ser.impl.IteratorSerializer
23:36:06.231 [main] INFO  o.e.r.i.MethodCallReplacementClassAdapter - Adding mock interface to class com/fasterxml/jackson/databind/ser/impl/IteratorSerializer
23:36:06.232 [main] INFO  o.e.r.i.MethodCallReplacementClassAdapter - No hashCode defined for: com/fasterxml/jackson/databind/ser/impl/IteratorSerializer, superclass = com.fasterxml.jackson.databind.ser.std.AsArraySerializerBase
23:36:06.232 [main] INFO  o.e.r.i.CreateClassResetClassAdapter - Creating brand-new static initializer in class com/fasterxml/jackson/databind/ser/impl/IteratorSerializer
23:36:06.233 [main] DEBUG o.e.r.agent.TransformerForTests - Going to instrument: com.fasterxml.jackson.databind.ser.std.AsArraySerializerBase
23:36:06.233 [main] INFO  o.e.r.i.MethodCallReplacementClassAdapter - Adding mock interface to class com/fasterxml/jackson/databind/ser/std/AsArraySerializerBase
23:36:06.234 [main] INFO  o.e.r.i.MethodCallReplacementClassAdapter - No hashCode defined for: com/fasterxml/jackson/databind/ser/std/AsArraySerializerBase, superclass = com.fasterxml.jackson.databind.ser.ContainerSerializer
23:36:06.234 [main] INFO  o.e.r.i.CreateClassResetClassAdapter - Creating brand-new static initializer in class com/fasterxml/jackson/databind/ser/std/AsArraySerializerBase
23:36:06.235 [main] DEBUG o.e.r.agent.TransformerForTests - Going to instrument: com.fasterxml.jackson.databind.ser.std.IterableSerializer
23:36:06.235 [main] INFO  o.e.r.i.MethodCallReplacementClassAdapter - Adding mock interface to class com/fasterxml/jackson/databind/ser/std/IterableSerializer
23:36:06.236 [main] INFO  o.e.r.i.MethodCallReplacementClassAdapter - No hashCode defined for: com/fasterxml/jackson/databind/ser/std/IterableSerializer, superclass = com.fasterxml.jackson.databind.ser.std.AsArraySerializerBase
23:36:06.236 [main] INFO  o.e.r.i.CreateClassResetClassAdapter - Creating brand-new static initializer in class com/fasterxml/jackson/databind/ser/std/IterableSerializer
23:36:06.237 [main] DEBUG o.e.r.agent.TransformerForTests - Going to instrument: com.fasterxml.jackson.databind.ser.std.StdDelegatingSerializer
23:36:06.237 [main] INFO  o.e.r.i.MethodCallReplacementClassAdapter - Adding mock interface to class com/fasterxml/jackson/databind/ser/std/StdDelegatingSerializer
23:36:06.239 [main] INFO  o.e.r.i.MethodCallReplacementClassAdapter - No hashCode defined for: com/fasterxml/jackson/databind/ser/std/StdDelegatingSerializer, superclass = com.fasterxml.jackson.databind.ser.std.StdSerializer
23:36:06.239 [main] INFO  o.e.r.i.CreateClassResetClassAdapter - Creating brand-new static initializer in class com/fasterxml/jackson/databind/ser/std/StdDelegatingSerializer
23:36:06.239 [main] DEBUG o.e.r.agent.TransformerForTests - Going to instrument: com.fasterxml.jackson.databind.ser.ResolvableSerializer
23:36:06.241 [main] DEBUG o.e.r.agent.TransformerForTests - Going to instrument: com.fasterxml.jackson.databind.ser.std.MapSerializer
23:36:06.241 [main] INFO  o.e.r.i.MethodCallReplacementClassAdapter - Adding mock interface to class com/fasterxml/jackson/databind/ser/std/MapSerializer
23:36:06.247 [main] INFO  o.e.r.i.CreateClassResetClassAdapter - Found static initializer in class com/fasterxml/jackson/databind/ser/std/MapSerializer
23:36:06.247 [main] INFO  o.e.r.i.MethodCallReplacementClassAdapter - No hashCode defined for: com/fasterxml/jackson/databind/ser/std/MapSerializer, superclass = com.fasterxml.jackson.databind.ser.ContainerSerializer
23:36:06.249 [main] DEBUG o.e.r.agent.TransformerForTests - Going to instrument: com.fasterxml.jackson.databind.ser.impl.IndexedStringListSerializer
23:36:06.249 [main] INFO  o.e.r.i.MethodCallReplacementClassAdapter - Adding mock interface to class com/fasterxml/jackson/databind/ser/impl/IndexedStringListSerializer
23:36:06.250 [main] INFO  o.e.r.i.CreateClassResetClassAdapter - Found static initializer in class com/fasterxml/jackson/databind/ser/impl/IndexedStringListSerializer
23:36:06.250 [main] INFO  o.e.r.i.MethodCallReplacementClassAdapter - No hashCode defined for: com/fasterxml/jackson/databind/ser/impl/IndexedStringListSerializer, superclass = com.fasterxml.jackson.databind.ser.std.StaticListSerializerBase
23:36:06.251 [main] DEBUG o.e.r.agent.TransformerForTests - Going to instrument: com.fasterxml.jackson.databind.ser.std.StaticListSerializerBase
23:36:06.251 [main] INFO  o.e.r.i.MethodCallReplacementClassAdapter - Adding mock interface to class com/fasterxml/jackson/databind/ser/std/StaticListSerializerBase
23:36:06.251 [main] INFO  o.e.r.i.MethodCallReplacementClassAdapter - No hashCode defined for: com/fasterxml/jackson/databind/ser/std/StaticListSerializerBase, superclass = com.fasterxml.jackson.databind.ser.std.StdSerializer
23:36:06.252 [main] INFO  o.e.r.i.CreateClassResetClassAdapter - Creating brand-new static initializer in class com/fasterxml/jackson/databind/ser/std/StaticListSerializerBase
23:36:06.252 [main] DEBUG o.e.r.agent.TransformerForTests - Going to instrument: com.fasterxml.jackson.databind.ser.impl.StringCollectionSerializer
23:36:06.252 [main] INFO  o.e.r.i.MethodCallReplacementClassAdapter - Adding mock interface to class com/fasterxml/jackson/databind/ser/impl/StringCollectionSerializer
23:36:06.253 [main] INFO  o.e.r.i.CreateClassResetClassAdapter - Found static initializer in class com/fasterxml/jackson/databind/ser/impl/StringCollectionSerializer
23:36:06.253 [main] INFO  o.e.r.i.MethodCallReplacementClassAdapter - No hashCode defined for: com/fasterxml/jackson/databind/ser/impl/StringCollectionSerializer, superclass = com.fasterxml.jackson.databind.ser.std.StaticListSerializerBase
23:36:06.257 [main] DEBUG o.e.r.agent.TransformerForTests - Going to instrument: com.fasterxml.jackson.databind.ser.std.CollectionSerializer
23:36:06.257 [main] INFO  o.e.r.i.MethodCallReplacementClassAdapter - Adding mock interface to class com/fasterxml/jackson/databind/ser/std/CollectionSerializer
23:36:06.259 [main] INFO  o.e.r.i.MethodCallReplacementClassAdapter - No hashCode defined for: com/fasterxml/jackson/databind/ser/std/CollectionSerializer, superclass = com.fasterxml.jackson.databind.ser.std.AsArraySerializerBase
23:36:06.259 [main] INFO  o.e.r.i.CreateClassResetClassAdapter - Creating brand-new static initializer in class com/fasterxml/jackson/databind/ser/std/CollectionSerializer
23:36:06.260 [main] DEBUG o.e.r.agent.TransformerForTests - Going to instrument: com.fasterxml.jackson.databind.ser.impl.StringArraySerializer
23:36:06.260 [main] INFO  o.e.r.i.MethodCallReplacementClassAdapter - Adding mock interface to class com/fasterxml/jackson/databind/ser/impl/StringArraySerializer
23:36:06.261 [main] INFO  o.e.r.i.CreateClassResetClassAdapter - Found static initializer in class com/fasterxml/jackson/databind/ser/impl/StringArraySerializer
23:36:06.261 [main] INFO  o.e.r.i.MethodCallReplacementClassAdapter - No hashCode defined for: com/fasterxml/jackson/databind/ser/impl/StringArraySerializer, superclass = com.fasterxml.jackson.databind.ser.std.ArraySerializerBase
23:36:06.262 [main] DEBUG o.e.r.agent.TransformerForTests - Going to instrument: com.fasterxml.jackson.databind.ser.std.ArraySerializerBase
23:36:06.262 [main] INFO  o.e.r.i.MethodCallReplacementClassAdapter - Adding mock interface to class com/fasterxml/jackson/databind/ser/std/ArraySerializerBase
23:36:06.263 [main] INFO  o.e.r.i.MethodCallReplacementClassAdapter - No hashCode defined for: com/fasterxml/jackson/databind/ser/std/ArraySerializerBase, superclass = com.fasterxml.jackson.databind.ser.ContainerSerializer
23:36:06.263 [main] INFO  o.e.r.i.CreateClassResetClassAdapter - Creating brand-new static initializer in class com/fasterxml/jackson/databind/ser/std/ArraySerializerBase
23:36:06.263 [main] DEBUG o.e.r.agent.TransformerForTests - Going to instrument: com.fasterxml.jackson.databind.ser.std.ObjectArraySerializer
23:36:06.264 [main] INFO  o.e.r.i.MethodCallReplacementClassAdapter - Adding mock interface to class com/fasterxml/jackson/databind/ser/std/ObjectArraySerializer
23:36:06.265 [main] INFO  o.e.r.i.MethodCallReplacementClassAdapter - No hashCode defined for: com/fasterxml/jackson/databind/ser/std/ObjectArraySerializer, superclass = com.fasterxml.jackson.databind.ser.std.ArraySerializerBase
23:36:06.265 [main] INFO  o.e.r.i.CreateClassResetClassAdapter - Creating brand-new static initializer in class com/fasterxml/jackson/databind/ser/std/ObjectArraySerializer
23:36:06.266 [main] DEBUG o.e.r.agent.TransformerForTests - Going to instrument: com.fasterxml.jackson.databind.ser.std.EnumSetSerializer
23:36:06.267 [main] INFO  o.e.r.i.MethodCallReplacementClassAdapter - Adding mock interface to class com/fasterxml/jackson/databind/ser/std/EnumSetSerializer
23:36:06.267 [main] INFO  o.e.r.i.MethodCallReplacementClassAdapter - No hashCode defined for: com/fasterxml/jackson/databind/ser/std/EnumSetSerializer, superclass = com.fasterxml.jackson.databind.ser.std.AsArraySerializerBase
23:36:06.267 [main] INFO  o.e.r.i.CreateClassResetClassAdapter - Creating brand-new static initializer in class com/fasterxml/jackson/databind/ser/std/EnumSetSerializer
23:36:06.268 [main] DEBUG o.e.r.agent.TransformerForTests - Going to instrument: com.fasterxml.jackson.databind.ser.impl.IndexedListSerializer
23:36:06.268 [main] INFO  o.e.r.i.MethodCallReplacementClassAdapter - Adding mock interface to class com/fasterxml/jackson/databind/ser/impl/IndexedListSerializer
23:36:06.270 [main] INFO  o.e.r.i.MethodCallReplacementClassAdapter - No hashCode defined for: com/fasterxml/jackson/databind/ser/impl/IndexedListSerializer, superclass = com.fasterxml.jackson.databind.ser.std.AsArraySerializerBase
23:36:06.270 [main] INFO  o.e.r.i.CreateClassResetClassAdapter - Creating brand-new static initializer in class com/fasterxml/jackson/databind/ser/impl/IndexedListSerializer
23:36:06.272 [main] DEBUG o.e.r.agent.TransformerForTests - Going to instrument: com.fasterxml.jackson.databind.ser.std.JsonValueSerializer
23:36:06.273 [main] INFO  o.e.r.i.MethodCallReplacementClassAdapter - Adding mock interface to class com/fasterxml/jackson/databind/ser/std/JsonValueSerializer
23:36:06.275 [main] INFO  o.e.r.i.MethodCallReplacementClassAdapter - No hashCode defined for: com/fasterxml/jackson/databind/ser/std/JsonValueSerializer, superclass = com.fasterxml.jackson.databind.ser.std.StdSerializer
23:36:06.275 [main] INFO  o.e.r.i.CreateClassResetClassAdapter - Creating brand-new static initializer in class com/fasterxml/jackson/databind/ser/std/JsonValueSerializer
23:36:06.276 [main] DEBUG o.e.r.agent.TransformerForTests - Going to instrument: com.fasterxml.jackson.databind.ser.std.SerializableSerializer
23:36:06.281 [main] INFO  o.e.r.i.MethodCallReplacementClassAdapter - Adding mock interface to class com/fasterxml/jackson/databind/ser/std/SerializableSerializer
23:36:06.282 [main] INFO  o.e.r.i.CreateClassResetClassAdapter - Found static initializer in class com/fasterxml/jackson/databind/ser/std/SerializableSerializer
23:36:06.282 [main] INFO  o.e.r.i.MethodCallReplacementClassAdapter - No hashCode defined for: com/fasterxml/jackson/databind/ser/std/SerializableSerializer, superclass = com.fasterxml.jackson.databind.ser.std.StdSerializer
23:36:06.283 [main] DEBUG o.e.r.agent.TransformerForTests - Going to instrument: com.fasterxml.jackson.databind.ser.std.AtomicReferenceSerializer
23:36:06.283 [main] INFO  o.e.r.i.MethodCallReplacementClassAdapter - Adding mock interface to class com/fasterxml/jackson/databind/ser/std/AtomicReferenceSerializer
23:36:06.284 [main] INFO  o.e.r.i.MethodCallReplacementClassAdapter - No hashCode defined for: com/fasterxml/jackson/databind/ser/std/AtomicReferenceSerializer, superclass = com.fasterxml.jackson.databind.ser.std.StdSerializer
23:36:06.285 [main] INFO  o.e.r.i.CreateClassResetClassAdapter - Creating brand-new static initializer in class com/fasterxml/jackson/databind/ser/std/AtomicReferenceSerializer
23:36:06.288 [main] DEBUG o.e.r.agent.TransformerForTests - Going to instrument: com.fasterxml.jackson.databind.ser.std.CalendarSerializer
23:36:06.288 [main] INFO  o.e.r.i.MethodCallReplacementClassAdapter - Adding mock interface to class com/fasterxml/jackson/databind/ser/std/CalendarSerializer
23:36:06.289 [main] INFO  o.e.r.i.CreateClassResetClassAdapter - Found static initializer in class com/fasterxml/jackson/databind/ser/std/CalendarSerializer
23:36:06.292 [main] INFO  o.e.r.i.MethodCallReplacementClassAdapter - No hashCode defined for: com/fasterxml/jackson/databind/ser/std/CalendarSerializer, superclass = com.fasterxml.jackson.databind.ser.std.DateTimeSerializerBase
23:36:06.292 [main] DEBUG o.e.r.agent.TransformerForTests - Going to instrument: com.fasterxml.jackson.databind.ser.std.DateTimeSerializerBase
23:36:06.293 [main] INFO  o.e.r.i.MethodCallReplacementClassAdapter - Adding mock interface to class com/fasterxml/jackson/databind/ser/std/DateTimeSerializerBase
23:36:06.298 [main] INFO  o.e.r.i.MethodCallReplacementClassAdapter - No hashCode defined for: com/fasterxml/jackson/databind/ser/std/DateTimeSerializerBase, superclass = com.fasterxml.jackson.databind.ser.std.StdScalarSerializer
23:36:06.299 [main] INFO  o.e.r.i.CreateClassResetClassAdapter - Creating brand-new static initializer in class com/fasterxml/jackson/databind/ser/std/DateTimeSerializerBase
23:36:06.300 [main] DEBUG o.e.r.agent.TransformerForTests - Going to instrument: com.fasterxml.jackson.databind.ser.std.DateSerializer
23:36:06.300 [main] INFO  o.e.r.i.MethodCallReplacementClassAdapter - Adding mock interface to class com/fasterxml/jackson/databind/ser/std/DateSerializer
23:36:06.301 [main] INFO  o.e.r.i.CreateClassResetClassAdapter - Found static initializer in class com/fasterxml/jackson/databind/ser/std/DateSerializer
23:36:06.301 [main] INFO  o.e.r.i.MethodCallReplacementClassAdapter - No hashCode defined for: com/fasterxml/jackson/databind/ser/std/DateSerializer, superclass = com.fasterxml.jackson.databind.ser.std.DateTimeSerializerBase
23:36:06.302 [main] DEBUG o.e.r.agent.TransformerForTests - Going to instrument: com.fasterxml.jackson.databind.ser.std.ByteBufferSerializer
23:36:06.302 [main] INFO  o.e.r.i.MethodCallReplacementClassAdapter - Adding mock interface to class com/fasterxml/jackson/databind/ser/std/ByteBufferSerializer
23:36:06.303 [main] INFO  o.e.r.i.MethodCallReplacementClassAdapter - No hashCode defined for: com/fasterxml/jackson/databind/ser/std/ByteBufferSerializer, superclass = com.fasterxml.jackson.databind.ser.std.StdScalarSerializer
23:36:06.303 [main] INFO  o.e.r.i.CreateClassResetClassAdapter - Creating brand-new static initializer in class com/fasterxml/jackson/databind/ser/std/ByteBufferSerializer
23:36:06.303 [main] DEBUG o.e.r.agent.TransformerForTests - Going to instrument: com.fasterxml.jackson.databind.ser.std.InetAddressSerializer
23:36:06.303 [main] INFO  o.e.r.i.MethodCallReplacementClassAdapter - Adding mock interface to class com/fasterxml/jackson/databind/ser/std/InetAddressSerializer
23:36:06.304 [main] INFO  o.e.r.i.MethodCallReplacementClassAdapter - No hashCode defined for: com/fasterxml/jackson/databind/ser/std/InetAddressSerializer, superclass = com.fasterxml.jackson.databind.ser.std.StdScalarSerializer
23:36:06.304 [main] INFO  o.e.r.i.CreateClassResetClassAdapter - Creating brand-new static initializer in class com/fasterxml/jackson/databind/ser/std/InetAddressSerializer
23:36:06.304 [main] DEBUG o.e.r.agent.TransformerForTests - Going to instrument: com.fasterxml.jackson.databind.ser.std.InetSocketAddressSerializer
23:36:06.305 [main] INFO  o.e.r.i.MethodCallReplacementClassAdapter - Adding mock interface to class com/fasterxml/jackson/databind/ser/std/InetSocketAddressSerializer
23:36:06.305 [main] INFO  o.e.r.i.MethodCallReplacementClassAdapter - No hashCode defined for: com/fasterxml/jackson/databind/ser/std/InetSocketAddressSerializer, superclass = com.fasterxml.jackson.databind.ser.std.StdScalarSerializer
23:36:06.305 [main] INFO  o.e.r.i.CreateClassResetClassAdapter - Creating brand-new static initializer in class com/fasterxml/jackson/databind/ser/std/InetSocketAddressSerializer
23:36:06.306 [main] DEBUG o.e.r.agent.TransformerForTests - Going to instrument: com.fasterxml.jackson.databind.ser.std.TimeZoneSerializer
23:36:06.306 [main] INFO  o.e.r.i.MethodCallReplacementClassAdapter - Adding mock interface to class com/fasterxml/jackson/databind/ser/std/TimeZoneSerializer
23:36:06.307 [main] INFO  o.e.r.i.MethodCallReplacementClassAdapter - No hashCode defined for: com/fasterxml/jackson/databind/ser/std/TimeZoneSerializer, superclass = com.fasterxml.jackson.databind.ser.std.StdScalarSerializer
23:36:06.307 [main] INFO  o.e.r.i.CreateClassResetClassAdapter - Creating brand-new static initializer in class com/fasterxml/jackson/databind/ser/std/TimeZoneSerializer
23:36:06.307 [main] DEBUG o.e.r.agent.TransformerForTests - Going to instrument: com.fasterxml.jackson.databind.ser.std.ToStringSerializer
23:36:06.307 [main] INFO  o.e.r.i.MethodCallReplacementClassAdapter - Adding mock interface to class com/fasterxml/jackson/databind/ser/std/ToStringSerializer
23:36:06.308 [main] INFO  o.e.r.i.CreateClassResetClassAdapter - Found static initializer in class com/fasterxml/jackson/databind/ser/std/ToStringSerializer
23:36:06.308 [main] INFO  o.e.r.i.MethodCallReplacementClassAdapter - No hashCode defined for: com/fasterxml/jackson/databind/ser/std/ToStringSerializer, superclass = com.fasterxml.jackson.databind.ser.std.StdSerializer
23:36:06.309 [main] DEBUG o.e.r.agent.TransformerForTests - Going to instrument: com.fasterxml.jackson.databind.ser.std.NumberSerializer
23:36:06.309 [main] INFO  o.e.r.i.MethodCallReplacementClassAdapter - Adding mock interface to class com/fasterxml/jackson/databind/ser/std/NumberSerializer
23:36:06.310 [main] INFO  o.e.r.i.CreateClassResetClassAdapter - Found static initializer in class com/fasterxml/jackson/databind/ser/std/NumberSerializer
23:36:06.311 [main] INFO  o.e.r.i.MethodCallReplacementClassAdapter - No hashCode defined for: com/fasterxml/jackson/databind/ser/std/NumberSerializer, superclass = com.fasterxml.jackson.databind.ser.std.StdScalarSerializer
23:36:06.312 [main] DEBUG o.e.r.agent.TransformerForTests - Going to instrument: com.fasterxml.jackson.databind.ser.BeanSerializer
23:36:06.312 [main] INFO  o.e.r.i.MethodCallReplacementClassAdapter - Adding mock interface to class com/fasterxml/jackson/databind/ser/BeanSerializer
23:36:06.313 [main] INFO  o.e.r.i.MethodCallReplacementClassAdapter - No hashCode defined for: com/fasterxml/jackson/databind/ser/BeanSerializer, superclass = com.fasterxml.jackson.databind.ser.std.BeanSerializerBase
23:36:06.313 [main] INFO  o.e.r.i.CreateClassResetClassAdapter - Creating brand-new static initializer in class com/fasterxml/jackson/databind/ser/BeanSerializer
23:36:06.314 [main] DEBUG o.e.r.agent.TransformerForTests - Going to instrument: com.fasterxml.jackson.databind.ser.std.BeanSerializerBase
23:36:06.314 [main] INFO  o.e.r.i.MethodCallReplacementClassAdapter - Adding mock interface to class com/fasterxml/jackson/databind/ser/std/BeanSerializerBase
23:36:06.319 [main] INFO  o.e.r.i.CreateClassResetClassAdapter - Found static initializer in class com/fasterxml/jackson/databind/ser/std/BeanSerializerBase
23:36:06.319 [main] INFO  o.e.r.i.MethodCallReplacementClassAdapter - No hashCode defined for: com/fasterxml/jackson/databind/ser/std/BeanSerializerBase, superclass = com.fasterxml.jackson.databind.ser.std.StdSerializer
23:36:06.320 [main] DEBUG o.e.r.agent.TransformerForTests - Going to instrument: com.fasterxml.jackson.databind.ser.impl.PropertyBasedObjectIdGenerator
23:36:06.320 [main] INFO  o.e.r.i.MethodCallReplacementClassAdapter - Adding mock interface to class com/fasterxml/jackson/databind/ser/impl/PropertyBasedObjectIdGenerator
23:36:06.322 [main] INFO  o.e.r.i.MethodCallReplacementClassAdapter - No hashCode defined for: com/fasterxml/jackson/databind/ser/impl/PropertyBasedObjectIdGenerator, superclass = com.fasterxml.jackson.annotation.ObjectIdGenerators$PropertyGenerator
23:36:06.322 [main] INFO  o.e.r.i.CreateClassResetClassAdapter - Creating brand-new static initializer in class com/fasterxml/jackson/databind/ser/impl/PropertyBasedObjectIdGenerator
23:36:06.323 [main] DEBUG o.e.r.agent.TransformerForTests - Going to instrument: com.fasterxml.jackson.databind.ser.std.StringSerializer
23:36:06.323 [main] INFO  o.e.r.i.MethodCallReplacementClassAdapter - Adding mock interface to class com/fasterxml/jackson/databind/ser/std/StringSerializer
23:36:06.323 [main] INFO  o.e.r.i.MethodCallReplacementClassAdapter - No hashCode defined for: com/fasterxml/jackson/databind/ser/std/StringSerializer, superclass = com.fasterxml.jackson.databind.ser.std.NonTypedScalarSerializerBase
23:36:06.323 [main] INFO  o.e.r.i.CreateClassResetClassAdapter - Creating brand-new static initializer in class com/fasterxml/jackson/databind/ser/std/StringSerializer
23:36:06.323 [main] DEBUG o.e.r.agent.TransformerForTests - Going to instrument: com.fasterxml.jackson.databind.ser.std.NonTypedScalarSerializerBase
23:36:06.324 [main] INFO  o.e.r.i.MethodCallReplacementClassAdapter - Adding mock interface to class com/fasterxml/jackson/databind/ser/std/NonTypedScalarSerializerBase
23:36:06.324 [main] INFO  o.e.r.i.MethodCallReplacementClassAdapter - No hashCode defined for: com/fasterxml/jackson/databind/ser/std/NonTypedScalarSerializerBase, superclass = com.fasterxml.jackson.databind.ser.std.StdScalarSerializer
23:36:06.324 [main] INFO  o.e.r.i.CreateClassResetClassAdapter - Creating brand-new static initializer in class com/fasterxml/jackson/databind/ser/std/NonTypedScalarSerializerBase
23:36:06.325 [main] DEBUG o.e.r.agent.TransformerForTests - Going to instrument: com.fasterxml.jackson.databind.JsonNode
23:36:06.325 [main] INFO  o.e.r.i.MethodCallReplacementClassAdapter - Adding mock interface to class com/fasterxml/jackson/databind/JsonNode
23:36:06.326 [main] INFO  o.e.r.i.MethodCallReplacementClassAdapter - No hashCode defined for: com/fasterxml/jackson/databind/JsonNode, superclass = com.fasterxml.jackson.databind.JsonSerializable$Base
23:36:06.326 [main] INFO  o.e.r.i.CreateClassResetClassAdapter - Creating brand-new static initializer in class com/fasterxml/jackson/databind/JsonNode
23:36:06.327 [main] DEBUG o.e.r.agent.TransformerForTests - Going to instrument: com.fasterxml.jackson.databind.JsonSerializable$Base
23:36:06.327 [main] INFO  o.e.r.i.MethodCallReplacementClassAdapter - Adding mock interface to class com/fasterxml/jackson/databind/JsonSerializable$Base
23:36:06.327 [main] INFO  o.e.r.i.MethodCallReplacementClassAdapter - No hashCode defined for: com/fasterxml/jackson/databind/JsonSerializable$Base, superclass = java.lang.Object
23:36:06.328 [main] INFO  o.e.r.i.CreateClassResetClassAdapter - Creating brand-new static initializer in class com/fasterxml/jackson/databind/JsonSerializable$Base
23:36:06.329 [main] DEBUG o.e.r.agent.TransformerForTests - Going to instrument: com.fasterxml.jackson.databind.node.ObjectNode
23:36:06.329 [main] INFO  o.e.r.i.MethodCallReplacementClassAdapter - Adding mock interface to class com/fasterxml/jackson/databind/node/ObjectNode
23:36:06.338 [main] INFO  o.e.r.i.CreateClassResetClassAdapter - Creating brand-new static initializer in class com/fasterxml/jackson/databind/node/ObjectNode
23:36:06.340 [main] DEBUG o.e.r.agent.TransformerForTests - Going to instrument: com.fasterxml.jackson.databind.node.ContainerNode
23:36:06.340 [main] INFO  o.e.r.i.MethodCallReplacementClassAdapter - Adding mock interface to class com/fasterxml/jackson/databind/node/ContainerNode
23:36:06.340 [main] INFO  o.e.r.i.MethodCallReplacementClassAdapter - No hashCode defined for: com/fasterxml/jackson/databind/node/ContainerNode, superclass = com.fasterxml.jackson.databind.node.BaseJsonNode
23:36:06.340 [main] INFO  o.e.r.i.CreateClassResetClassAdapter - Creating brand-new static initializer in class com/fasterxml/jackson/databind/node/ContainerNode
23:36:06.341 [main] DEBUG o.e.r.agent.TransformerForTests - Going to instrument: com.fasterxml.jackson.databind.node.JsonNodeCreator
23:36:06.342 [main] DEBUG o.e.r.agent.TransformerForTests - Going to instrument: com.fasterxml.jackson.databind.node.BaseJsonNode
23:36:06.342 [main] INFO  o.e.r.i.MethodCallReplacementClassAdapter - Adding mock interface to class com/fasterxml/jackson/databind/node/BaseJsonNode
23:36:06.342 [main] INFO  o.e.r.i.CreateClassResetClassAdapter - Creating brand-new static initializer in class com/fasterxml/jackson/databind/node/BaseJsonNode
23:36:06.343 [main] DEBUG o.e.r.agent.TransformerForTests - Going to instrument: com.fasterxml.jackson.databind.ser.std.NumberSerializers
23:36:06.343 [main] INFO  o.e.r.i.MethodCallReplacementClassAdapter - Adding mock interface to class com/fasterxml/jackson/databind/ser/std/NumberSerializers
23:36:06.343 [main] INFO  o.e.r.i.MethodCallReplacementClassAdapter - No hashCode defined for: com/fasterxml/jackson/databind/ser/std/NumberSerializers, superclass = java.lang.Object
23:36:06.343 [main] INFO  o.e.r.i.CreateClassResetClassAdapter - Creating brand-new static initializer in class com/fasterxml/jackson/databind/ser/std/NumberSerializers
23:36:06.344 [main] DEBUG o.e.r.agent.TransformerForTests - Going to instrument: com.fasterxml.jackson.databind.ser.std.NumberSerializers$IntegerSerializer
23:36:06.344 [main] INFO  o.e.r.i.MethodCallReplacementClassAdapter - Adding mock interface to class com/fasterxml/jackson/databind/ser/std/NumberSerializers$IntegerSerializer
23:36:06.345 [main] INFO  o.e.r.i.MethodCallReplacementClassAdapter - No hashCode defined for: com/fasterxml/jackson/databind/ser/std/NumberSerializers$IntegerSerializer, superclass = com.fasterxml.jackson.databind.ser.std.NumberSerializers$Base
23:36:06.345 [main] INFO  o.e.r.i.CreateClassResetClassAdapter - Creating brand-new static initializer in class com/fasterxml/jackson/databind/ser/std/NumberSerializers$IntegerSerializer
23:36:06.345 [main] DEBUG o.e.r.agent.TransformerForTests - Going to instrument: com.fasterxml.jackson.databind.ser.std.NumberSerializers$Base
23:36:06.345 [main] INFO  o.e.r.i.MethodCallReplacementClassAdapter - Adding mock interface to class com/fasterxml/jackson/databind/ser/std/NumberSerializers$Base
23:36:06.346 [main] INFO  o.e.r.i.CreateClassResetClassAdapter - Found static initializer in class com/fasterxml/jackson/databind/ser/std/NumberSerializers$Base
23:36:06.346 [main] INFO  o.e.r.i.MethodCallReplacementClassAdapter - No hashCode defined for: com/fasterxml/jackson/databind/ser/std/NumberSerializers$Base, superclass = com.fasterxml.jackson.databind.ser.std.StdScalarSerializer
23:36:06.347 [main] DEBUG o.e.r.agent.TransformerForTests - Going to instrument: com.fasterxml.jackson.core.JsonParser$NumberType
23:36:06.347 [main] INFO  o.e.r.i.MethodCallReplacementClassAdapter - Adding mock interface to class com/fasterxml/jackson/core/JsonParser$NumberType
23:36:06.348 [main] INFO  o.e.r.i.CreateClassResetClassAdapter - Found static initializer in class com/fasterxml/jackson/core/JsonParser$NumberType
23:36:06.348 [main] INFO  o.e.r.i.MethodCallReplacementClassAdapter - No hashCode defined for: com/fasterxml/jackson/core/JsonParser$NumberType, superclass = java.lang.Enum
23:36:06.348 [main] DEBUG o.e.r.agent.TransformerForTests - Going to instrument: com.fasterxml.jackson.databind.ser.std.NumberSerializers$LongSerializer
23:36:06.348 [main] INFO  o.e.r.i.MethodCallReplacementClassAdapter - Adding mock interface to class com/fasterxml/jackson/databind/ser/std/NumberSerializers$LongSerializer
23:36:06.349 [main] INFO  o.e.r.i.CreateClassResetClassAdapter - Found static initializer in class com/fasterxml/jackson/databind/ser/std/NumberSerializers$LongSerializer
23:36:06.349 [main] INFO  o.e.r.i.MethodCallReplacementClassAdapter - No hashCode defined for: com/fasterxml/jackson/databind/ser/std/NumberSerializers$LongSerializer, superclass = com.fasterxml.jackson.databind.ser.std.NumberSerializers$Base
23:36:06.350 [main] DEBUG o.e.r.agent.TransformerForTests - Going to instrument: com.fasterxml.jackson.databind.ser.std.NumberSerializers$IntLikeSerializer
23:36:06.350 [main] INFO  o.e.r.i.MethodCallReplacementClassAdapter - Adding mock interface to class com/fasterxml/jackson/databind/ser/std/NumberSerializers$IntLikeSerializer
23:36:06.350 [main] INFO  o.e.r.i.CreateClassResetClassAdapter - Found static initializer in class com/fasterxml/jackson/databind/ser/std/NumberSerializers$IntLikeSerializer
23:36:06.350 [main] INFO  o.e.r.i.MethodCallReplacementClassAdapter - No hashCode defined for: com/fasterxml/jackson/databind/ser/std/NumberSerializers$IntLikeSerializer, superclass = com.fasterxml.jackson.databind.ser.std.NumberSerializers$Base
23:36:06.351 [main] DEBUG o.e.r.agent.TransformerForTests - Going to instrument: com.fasterxml.jackson.databind.ser.std.NumberSerializers$ShortSerializer
23:36:06.351 [main] INFO  o.e.r.i.MethodCallReplacementClassAdapter - Adding mock interface to class com/fasterxml/jackson/databind/ser/std/NumberSerializers$ShortSerializer
23:36:06.351 [main] INFO  o.e.r.i.CreateClassResetClassAdapter - Found static initializer in class com/fasterxml/jackson/databind/ser/std/NumberSerializers$ShortSerializer
23:36:06.351 [main] INFO  o.e.r.i.MethodCallReplacementClassAdapter - No hashCode defined for: com/fasterxml/jackson/databind/ser/std/NumberSerializers$ShortSerializer, superclass = com.fasterxml.jackson.databind.ser.std.NumberSerializers$Base
23:36:06.352 [main] DEBUG o.e.r.agent.TransformerForTests - Going to instrument: com.fasterxml.jackson.databind.ser.std.NumberSerializers$FloatSerializer
23:36:06.352 [main] INFO  o.e.r.i.MethodCallReplacementClassAdapter - Adding mock interface to class com/fasterxml/jackson/databind/ser/std/NumberSerializers$FloatSerializer
23:36:06.353 [main] INFO  o.e.r.i.CreateClassResetClassAdapter - Found static initializer in class com/fasterxml/jackson/databind/ser/std/NumberSerializers$FloatSerializer
23:36:06.353 [main] INFO  o.e.r.i.MethodCallReplacementClassAdapter - No hashCode defined for: com/fasterxml/jackson/databind/ser/std/NumberSerializers$FloatSerializer, superclass = com.fasterxml.jackson.databind.ser.std.NumberSerializers$Base
23:36:06.353 [main] DEBUG o.e.r.agent.TransformerForTests - Going to instrument: com.fasterxml.jackson.databind.ser.std.NumberSerializers$DoubleSerializer
23:36:06.353 [main] INFO  o.e.r.i.MethodCallReplacementClassAdapter - Adding mock interface to class com/fasterxml/jackson/databind/ser/std/NumberSerializers$DoubleSerializer
23:36:06.354 [main] INFO  o.e.r.i.CreateClassResetClassAdapter - Found static initializer in class com/fasterxml/jackson/databind/ser/std/NumberSerializers$DoubleSerializer
23:36:06.354 [main] INFO  o.e.r.i.MethodCallReplacementClassAdapter - No hashCode defined for: com/fasterxml/jackson/databind/ser/std/NumberSerializers$DoubleSerializer, superclass = com.fasterxml.jackson.databind.ser.std.NumberSerializers$Base
23:36:06.354 [main] DEBUG o.e.r.agent.TransformerForTests - Going to instrument: com.fasterxml.jackson.databind.ser.std.BooleanSerializer
23:36:06.354 [main] INFO  o.e.r.i.MethodCallReplacementClassAdapter - Adding mock interface to class com/fasterxml/jackson/databind/ser/std/BooleanSerializer
23:36:06.355 [main] INFO  o.e.r.i.MethodCallReplacementClassAdapter - No hashCode defined for: com/fasterxml/jackson/databind/ser/std/BooleanSerializer, superclass = com.fasterxml.jackson.databind.ser.std.NonTypedScalarSerializerBase
23:36:06.355 [main] INFO  o.e.r.i.CreateClassResetClassAdapter - Creating brand-new static initializer in class com/fasterxml/jackson/databind/ser/std/BooleanSerializer
23:36:06.357 [main] DEBUG o.e.r.agent.TransformerForTests - Going to instrument: com.fasterxml.jackson.databind.ser.std.StdJdkSerializers
23:36:06.358 [main] INFO  o.e.r.i.MethodCallReplacementClassAdapter - Adding mock interface to class com/fasterxml/jackson/databind/ser/std/StdJdkSerializers
23:36:06.358 [main] INFO  o.e.r.i.MethodCallReplacementClassAdapter - No hashCode defined for: com/fasterxml/jackson/databind/ser/std/StdJdkSerializers, superclass = java.lang.Object
23:36:06.358 [main] INFO  o.e.r.i.CreateClassResetClassAdapter - Creating brand-new static initializer in class com/fasterxml/jackson/databind/ser/std/StdJdkSerializers
23:36:06.359 [main] DEBUG o.e.r.agent.TransformerForTests - Going to instrument: com.fasterxml.jackson.databind.ser.std.UUIDSerializer
23:36:06.360 [main] INFO  o.e.r.i.MethodCallReplacementClassAdapter - Adding mock interface to class com/fasterxml/jackson/databind/ser/std/UUIDSerializer
23:36:06.361 [main] INFO  o.e.r.i.CreateClassResetClassAdapter - Found static initializer in class com/fasterxml/jackson/databind/ser/std/UUIDSerializer
23:36:06.362 [main] INFO  o.e.r.i.MethodCallReplacementClassAdapter - No hashCode defined for: com/fasterxml/jackson/databind/ser/std/UUIDSerializer, superclass = com.fasterxml.jackson.databind.ser.std.StdScalarSerializer
23:36:06.363 [main] DEBUG o.e.r.agent.TransformerForTests - Going to instrument: com.fasterxml.jackson.databind.ser.std.StdJdkSerializers$AtomicBooleanSerializer
23:36:06.368 [main] INFO  o.e.r.i.MethodCallReplacementClassAdapter - Adding mock interface to class com/fasterxml/jackson/databind/ser/std/StdJdkSerializers$AtomicBooleanSerializer
23:36:06.368 [main] INFO  o.e.r.i.MethodCallReplacementClassAdapter - No hashCode defined for: com/fasterxml/jackson/databind/ser/std/StdJdkSerializers$AtomicBooleanSerializer, superclass = com.fasterxml.jackson.databind.ser.std.StdScalarSerializer
23:36:06.368 [main] INFO  o.e.r.i.CreateClassResetClassAdapter - Creating brand-new static initializer in class com/fasterxml/jackson/databind/ser/std/StdJdkSerializers$AtomicBooleanSerializer
23:36:06.369 [main] DEBUG o.e.r.agent.TransformerForTests - Going to instrument: com.fasterxml.jackson.databind.ser.std.StdJdkSerializers$AtomicIntegerSerializer
23:36:06.370 [main] INFO  o.e.r.i.MethodCallReplacementClassAdapter - Adding mock interface to class com/fasterxml/jackson/databind/ser/std/StdJdkSerializers$AtomicIntegerSerializer
23:36:06.370 [main] INFO  o.e.r.i.MethodCallReplacementClassAdapter - No hashCode defined for: com/fasterxml/jackson/databind/ser/std/StdJdkSerializers$AtomicIntegerSerializer, superclass = com.fasterxml.jackson.databind.ser.std.StdScalarSerializer
23:36:06.370 [main] INFO  o.e.r.i.CreateClassResetClassAdapter - Creating brand-new static initializer in class com/fasterxml/jackson/databind/ser/std/StdJdkSerializers$AtomicIntegerSerializer
23:36:06.371 [main] DEBUG o.e.r.agent.TransformerForTests - Going to instrument: com.fasterxml.jackson.databind.ser.std.StdJdkSerializers$AtomicLongSerializer
23:36:06.371 [main] INFO  o.e.r.i.MethodCallReplacementClassAdapter - Adding mock interface to class com/fasterxml/jackson/databind/ser/std/StdJdkSerializers$AtomicLongSerializer
23:36:06.371 [main] INFO  o.e.r.i.MethodCallReplacementClassAdapter - No hashCode defined for: com/fasterxml/jackson/databind/ser/std/StdJdkSerializers$AtomicLongSerializer, superclass = com.fasterxml.jackson.databind.ser.std.StdScalarSerializer
23:36:06.371 [main] INFO  o.e.r.i.CreateClassResetClassAdapter - Creating brand-new static initializer in class com/fasterxml/jackson/databind/ser/std/StdJdkSerializers$AtomicLongSerializer
23:36:06.372 [main] DEBUG o.e.r.agent.TransformerForTests - Going to instrument: com.fasterxml.jackson.databind.ser.std.FileSerializer
23:36:06.372 [main] INFO  o.e.r.i.MethodCallReplacementClassAdapter - Adding mock interface to class com/fasterxml/jackson/databind/ser/std/FileSerializer
23:36:06.372 [main] INFO  o.e.r.i.MethodCallReplacementClassAdapter - No hashCode defined for: com/fasterxml/jackson/databind/ser/std/FileSerializer, superclass = com.fasterxml.jackson.databind.ser.std.StdScalarSerializer
23:36:06.372 [main] INFO  o.e.r.i.CreateClassResetClassAdapter - Creating brand-new static initializer in class com/fasterxml/jackson/databind/ser/std/FileSerializer
23:36:06.373 [main] DEBUG o.e.r.agent.TransformerForTests - Going to instrument: com.fasterxml.jackson.databind.ser.std.ClassSerializer
23:36:06.373 [main] INFO  o.e.r.i.MethodCallReplacementClassAdapter - Adding mock interface to class com/fasterxml/jackson/databind/ser/std/ClassSerializer
23:36:06.374 [main] INFO  o.e.r.i.MethodCallReplacementClassAdapter - No hashCode defined for: com/fasterxml/jackson/databind/ser/std/ClassSerializer, superclass = com.fasterxml.jackson.databind.ser.std.StdScalarSerializer
23:36:06.374 [main] INFO  o.e.r.i.CreateClassResetClassAdapter - Creating brand-new static initializer in class com/fasterxml/jackson/databind/ser/std/ClassSerializer
23:36:06.374 [main] DEBUG o.e.r.agent.TransformerForTests - Going to instrument: com.fasterxml.jackson.databind.ser.std.NullSerializer
23:36:06.374 [main] INFO  o.e.r.i.MethodCallReplacementClassAdapter - Adding mock interface to class com/fasterxml/jackson/databind/ser/std/NullSerializer
23:36:06.375 [main] INFO  o.e.r.i.CreateClassResetClassAdapter - Found static initializer in class com/fasterxml/jackson/databind/ser/std/NullSerializer
23:36:06.375 [main] INFO  o.e.r.i.MethodCallReplacementClassAdapter - No hashCode defined for: com/fasterxml/jackson/databind/ser/std/NullSerializer, superclass = com.fasterxml.jackson.databind.ser.std.StdSerializer
23:36:06.376 [main] DEBUG o.e.r.agent.TransformerForTests - Going to instrument: com.fasterxml.jackson.databind.ser.std.SqlDateSerializer
23:36:06.376 [main] INFO  o.e.r.i.MethodCallReplacementClassAdapter - Adding mock interface to class com/fasterxml/jackson/databind/ser/std/SqlDateSerializer
23:36:06.377 [main] INFO  o.e.r.i.MethodCallReplacementClassAdapter - No hashCode defined for: com/fasterxml/jackson/databind/ser/std/SqlDateSerializer, superclass = com.fasterxml.jackson.databind.ser.std.DateTimeSerializerBase
23:36:06.377 [main] INFO  o.e.r.i.CreateClassResetClassAdapter - Creating brand-new static initializer in class com/fasterxml/jackson/databind/ser/std/SqlDateSerializer
23:36:06.377 [main] DEBUG o.e.r.agent.TransformerForTests - Going to instrument: com.fasterxml.jackson.databind.ser.std.SqlTimeSerializer
23:36:06.378 [main] INFO  o.e.r.i.MethodCallReplacementClassAdapter - Adding mock interface to class com/fasterxml/jackson/databind/ser/std/SqlTimeSerializer
23:36:06.378 [main] INFO  o.e.r.i.MethodCallReplacementClassAdapter - No hashCode defined for: com/fasterxml/jackson/databind/ser/std/SqlTimeSerializer, superclass = com.fasterxml.jackson.databind.ser.std.StdScalarSerializer
23:36:06.378 [main] INFO  o.e.r.i.CreateClassResetClassAdapter - Creating brand-new static initializer in class com/fasterxml/jackson/databind/ser/std/SqlTimeSerializer
23:36:06.379 [main] DEBUG o.e.r.agent.TransformerForTests - Going to instrument: com.fasterxml.jackson.databind.util.TokenBuffer
23:36:06.379 [main] INFO  o.e.r.i.MethodCallReplacementClassAdapter - Adding mock interface to class com/fasterxml/jackson/databind/util/TokenBuffer
23:36:06.383 [main] INFO  o.e.r.i.CreateClassResetClassAdapter - Found static initializer in class com/fasterxml/jackson/databind/util/TokenBuffer
23:36:06.383 [main] INFO  o.e.r.i.MethodCallReplacementClassAdapter - No hashCode defined for: com/fasterxml/jackson/databind/util/TokenBuffer, superclass = com.fasterxml.jackson.core.JsonGenerator
23:36:06.384 [main] DEBUG o.e.r.agent.TransformerForTests - Going to instrument: com.fasterxml.jackson.databind.ser.std.TokenBufferSerializer
23:36:06.384 [main] INFO  o.e.r.i.MethodCallReplacementClassAdapter - Adding mock interface to class com/fasterxml/jackson/databind/ser/std/TokenBufferSerializer
23:36:06.385 [main] INFO  o.e.r.i.MethodCallReplacementClassAdapter - No hashCode defined for: com/fasterxml/jackson/databind/ser/std/TokenBufferSerializer, superclass = com.fasterxml.jackson.databind.ser.std.StdSerializer
23:36:06.385 [main] INFO  o.e.r.i.CreateClassResetClassAdapter - Creating brand-new static initializer in class com/fasterxml/jackson/databind/ser/std/TokenBufferSerializer
23:36:06.385 [main] DEBUG o.e.r.agent.TransformerForTests - Going to instrument: com.fasterxml.jackson.databind.cfg.SerializerFactoryConfig
23:36:06.386 [main] INFO  o.e.r.i.MethodCallReplacementClassAdapter - Adding mock interface to class com/fasterxml/jackson/databind/cfg/SerializerFactoryConfig
23:36:06.387 [main] INFO  o.e.r.i.CreateClassResetClassAdapter - Found static initializer in class com/fasterxml/jackson/databind/cfg/SerializerFactoryConfig
23:36:06.388 [main] INFO  o.e.r.i.MethodCallReplacementClassAdapter - No hashCode defined for: com/fasterxml/jackson/databind/cfg/SerializerFactoryConfig, superclass = java.lang.Object
23:36:06.389 [main] DEBUG o.e.r.agent.TransformerForTests - Going to instrument: com.fasterxml.jackson.databind.ser.Serializers
23:36:06.390 [main] DEBUG o.e.r.agent.TransformerForTests - Going to instrument: com.fasterxml.jackson.databind.ser.BeanSerializerModifier
23:36:06.390 [main] INFO  o.e.r.i.MethodCallReplacementClassAdapter - Adding mock interface to class com/fasterxml/jackson/databind/ser/BeanSerializerModifier
23:36:06.394 [main] INFO  o.e.r.i.MethodCallReplacementClassAdapter - No hashCode defined for: com/fasterxml/jackson/databind/ser/BeanSerializerModifier, superclass = java.lang.Object
23:36:06.394 [main] INFO  o.e.r.i.CreateClassResetClassAdapter - Creating brand-new static initializer in class com/fasterxml/jackson/databind/ser/BeanSerializerModifier
23:36:06.396 [main] DEBUG o.e.r.agent.TransformerForTests - Going to instrument: com.rickhanberryfinal.config.ResourceConfig
23:36:06.396 [main] INFO  o.e.r.i.MethodCallReplacementClassAdapter - Adding mock interface to class com/rickhanberryfinal/config/ResourceConfig
23:36:06.397 [main] INFO  o.e.r.i.MethodCallReplacementClassAdapter - No hashCode defined for: com/rickhanberryfinal/config/ResourceConfig, superclass = org.springframework.boot.autoconfigure.web.WebMvcAutoConfiguration$WebMvcAutoConfigurationAdapter
23:36:06.400 [main] INFO  o.e.r.i.CreateClassResetClassAdapter - Creating brand-new static initializer in class com/rickhanberryfinal/config/ResourceConfig
23:36:06.400 [main] DEBUG o.e.r.agent.TransformerForTests - Going to instrument: org.springframework.boot.autoconfigure.web.WebMvcAutoConfiguration$WebMvcAutoConfigurationAdapter
23:36:06.401 [main] INFO  o.e.r.i.MethodCallReplacementClassAdapter - Adding mock interface to class org/springframework/boot/autoconfigure/web/WebMvcAutoConfiguration$WebMvcAutoConfigurationAdapter
23:36:06.402 [main] INFO  o.e.r.i.CreateClassResetClassAdapter - Found static initializer in class org/springframework/boot/autoconfigure/web/WebMvcAutoConfiguration$WebMvcAutoConfigurationAdapter
23:36:06.402 [main] INFO  o.e.r.i.MethodCallReplacementClassAdapter - No hashCode defined for: org/springframework/boot/autoconfigure/web/WebMvcAutoConfiguration$WebMvcAutoConfigurationAdapter, superclass = org.springframework.web.servlet.config.annotation.WebMvcConfigurerAdapter
23:36:06.403 [main] DEBUG o.e.r.agent.TransformerForTests - Going to instrument: org.springframework.web.servlet.config.annotation.WebMvcConfigurerAdapter
23:36:06.403 [main] INFO  o.e.r.i.MethodCallReplacementClassAdapter - Adding mock interface to class org/springframework/web/servlet/config/annotation/WebMvcConfigurerAdapter
23:36:06.403 [main] INFO  o.e.r.i.MethodCallReplacementClassAdapter - No hashCode defined for: org/springframework/web/servlet/config/annotation/WebMvcConfigurerAdapter, superclass = java.lang.Object
23:36:06.403 [main] INFO  o.e.r.i.CreateClassResetClassAdapter - Creating brand-new static initializer in class org/springframework/web/servlet/config/annotation/WebMvcConfigurerAdapter
23:36:06.404 [main] DEBUG o.e.r.agent.TransformerForTests - Going to instrument: org.springframework.web.servlet.config.annotation.WebMvcConfigurer
23:36:06.405 [main] DEBUG o.e.r.agent.TransformerForTests - Going to instrument: org.springframework.web.filter.RequestContextFilter
23:36:06.405 [main] INFO  o.e.r.i.MethodCallReplacementClassAdapter - Adding mock interface to class org/springframework/web/filter/RequestContextFilter
23:36:06.405 [main] INFO  o.e.r.i.MethodCallReplacementClassAdapter - No hashCode defined for: org/springframework/web/filter/RequestContextFilter, superclass = org.springframework.web.filter.OncePerRequestFilter
23:36:06.405 [main] INFO  o.e.r.i.CreateClassResetClassAdapter - Creating brand-new static initializer in class org/springframework/web/filter/RequestContextFilter
23:36:06.406 [main] DEBUG o.e.r.agent.TransformerForTests - Going to instrument: org.springframework.boot.context.web.OrderedRequestContextFilter
23:36:06.406 [main] INFO  o.e.r.i.MethodCallReplacementClassAdapter - Adding mock interface to class org/springframework/boot/context/web/OrderedRequestContextFilter
23:36:06.407 [main] INFO  o.e.r.i.MethodCallReplacementClassAdapter - No hashCode defined for: org/springframework/boot/context/web/OrderedRequestContextFilter, superclass = org.springframework.web.filter.RequestContextFilter
23:36:06.407 [main] INFO  o.e.r.i.CreateClassResetClassAdapter - Creating brand-new static initializer in class org/springframework/boot/context/web/OrderedRequestContextFilter
23:36:06.408 [main] DEBUG o.e.r.agent.TransformerForTests - Going to instrument: org.springframework.web.servlet.LocaleResolver
23:36:06.409 [main] DEBUG o.e.r.agent.TransformerForTests - Going to instrument: org.springframework.validation.MessageCodeFormatter
23:36:06.410 [main] DEBUG o.e.r.agent.TransformerForTests - Going to instrument: org.springframework.validation.MessageCodesResolver
23:36:06.411 [main] DEBUG o.e.r.agent.TransformerForTests - Going to instrument: org.springframework.core.convert.converter.ConverterFactory
23:36:06.412 [main] DEBUG o.e.r.agent.TransformerForTests - Going to instrument: org.springframework.web.cors.CorsConfiguration
23:36:06.412 [main] INFO  o.e.r.i.MethodCallReplacementClassAdapter - Adding mock interface to class org/springframework/web/cors/CorsConfiguration
23:36:06.414 [main] INFO  o.e.r.i.MethodCallReplacementClassAdapter - No hashCode defined for: org/springframework/web/cors/CorsConfiguration, superclass = java.lang.Object
23:36:06.414 [main] INFO  o.e.r.i.CreateClassResetClassAdapter - Creating brand-new static initializer in class org/springframework/web/cors/CorsConfiguration
23:36:06.415 [main] INFO  o.e.r.i.CreateClassResetClassAdapter - Adding bytecode for initializing field ALL
23:36:06.416 [main] DEBUG o.e.r.agent.TransformerForTests - Going to instrument: org.springframework.boot.autoconfigure.web.WebMvcProperties
23:36:06.416 [main] INFO  o.e.r.i.MethodCallReplacementClassAdapter - Adding mock interface to class org/springframework/boot/autoconfigure/web/WebMvcProperties
23:36:06.417 [main] INFO  o.e.r.i.MethodCallReplacementClassAdapter - No hashCode defined for: org/springframework/boot/autoconfigure/web/WebMvcProperties, superclass = java.lang.Object
23:36:06.417 [main] INFO  o.e.r.i.CreateClassResetClassAdapter - Creating brand-new static initializer in class org/springframework/boot/autoconfigure/web/WebMvcProperties
23:36:06.418 [main] DEBUG o.e.r.agent.TransformerForTests - Going to instrument: org.springframework.format.support.FormattingConversionService
23:36:06.418 [main] INFO  o.e.r.i.MethodCallReplacementClassAdapter - Adding mock interface to class org/springframework/format/support/FormattingConversionService
23:36:06.419 [main] INFO  o.e.r.i.MethodCallReplacementClassAdapter - No hashCode defined for: org/springframework/format/support/FormattingConversionService, superclass = org.springframework.core.convert.support.GenericConversionService
23:36:06.419 [main] INFO  o.e.r.i.CreateClassResetClassAdapter - Creating brand-new static initializer in class org/springframework/format/support/FormattingConversionService
23:36:06.420 [main] DEBUG o.e.r.agent.TransformerForTests - Going to instrument: org.springframework.format.FormatterRegistry
23:36:06.422 [main] DEBUG o.e.r.agent.TransformerForTests - Going to instrument: org.springframework.core.convert.converter.ConverterRegistry
23:36:06.422 [main] DEBUG o.e.r.agent.TransformerForTests - Going to instrument: org.springframework.context.EmbeddedValueResolverAware
23:36:06.423 [main] DEBUG o.e.r.agent.TransformerForTests - Going to instrument: org.springframework.core.convert.support.GenericConversionService
23:36:06.424 [main] INFO  o.e.r.i.MethodCallReplacementClassAdapter - Adding mock interface to class org/springframework/core/convert/support/GenericConversionService
23:36:06.426 [main] INFO  o.e.r.i.CreateClassResetClassAdapter - Found static initializer in class org/springframework/core/convert/support/GenericConversionService
23:36:06.426 [main] INFO  o.e.r.i.MethodCallReplacementClassAdapter - No hashCode defined for: org/springframework/core/convert/support/GenericConversionService, superclass = java.lang.Object
23:36:06.427 [main] DEBUG o.e.r.agent.TransformerForTests - Going to instrument: org.springframework.core.convert.support.ConfigurableConversionService
23:36:06.427 [main] DEBUG o.e.r.agent.TransformerForTests - Going to instrument: org.springframework.core.convert.converter.GenericConverter
23:36:06.428 [main] DEBUG o.e.r.agent.TransformerForTests - Going to instrument: org.springframework.core.convert.ConverterNotFoundException
23:36:06.428 [main] INFO  o.e.r.i.MethodCallReplacementClassAdapter - Adding mock interface to class org/springframework/core/convert/ConverterNotFoundException
23:36:06.428 [main] INFO  o.e.r.i.MethodCallReplacementClassAdapter - No hashCode defined for: org/springframework/core/convert/ConverterNotFoundException, superclass = org.springframework.core.convert.ConversionException
23:36:06.429 [main] INFO  o.e.r.i.CreateClassResetClassAdapter - Creating brand-new static initializer in class org/springframework/core/convert/ConverterNotFoundException
23:36:06.429 [main] DEBUG o.e.r.agent.TransformerForTests - Going to instrument: org.springframework.core.convert.ConversionException
23:36:06.429 [main] INFO  o.e.r.i.MethodCallReplacementClassAdapter - Adding mock interface to class org/springframework/core/convert/ConversionException
23:36:06.429 [main] INFO  o.e.r.i.MethodCallReplacementClassAdapter - No hashCode defined for: org/springframework/core/convert/ConversionException, superclass = org.springframework.core.NestedRuntimeException
23:36:06.429 [main] INFO  o.e.r.i.CreateClassResetClassAdapter - Creating brand-new static initializer in class org/springframework/core/convert/ConversionException
23:36:06.430 [main] DEBUG o.e.r.agent.TransformerForTests - Going to instrument: org.springframework.core.convert.ConversionFailedException
23:36:06.430 [main] INFO  o.e.r.i.MethodCallReplacementClassAdapter - Adding mock interface to class org/springframework/core/convert/ConversionFailedException
23:36:06.430 [main] INFO  o.e.r.i.MethodCallReplacementClassAdapter - No hashCode defined for: org/springframework/core/convert/ConversionFailedException, superclass = org.springframework.core.convert.ConversionException
23:36:06.430 [main] INFO  o.e.r.i.CreateClassResetClassAdapter - Creating brand-new static initializer in class org/springframework/core/convert/ConversionFailedException
23:36:06.431 [main] DEBUG o.e.r.agent.TransformerForTests - Going to instrument: org.springframework.core.convert.support.GenericConversionService$NoOpConverter
23:36:06.431 [main] INFO  o.e.r.i.MethodCallReplacementClassAdapter - Adding mock interface to class org/springframework/core/convert/support/GenericConversionService$NoOpConverter
23:36:06.431 [main] INFO  o.e.r.i.MethodCallReplacementClassAdapter - No hashCode defined for: org/springframework/core/convert/support/GenericConversionService$NoOpConverter, superclass = java.lang.Object
23:36:06.435 [main] INFO  o.e.r.i.CreateClassResetClassAdapter - Creating brand-new static initializer in class org/springframework/core/convert/support/GenericConversionService$NoOpConverter
23:36:06.437 [main] DEBUG o.e.r.agent.TransformerForTests - Going to instrument: org.springframework.web.servlet.config.annotation.ResourceHandlerRegistry
23:36:06.437 [main] INFO  o.e.r.i.MethodCallReplacementClassAdapter - Adding mock interface to class org/springframework/web/servlet/config/annotation/ResourceHandlerRegistry
23:36:06.438 [main] INFO  o.e.r.i.MethodCallReplacementClassAdapter - No hashCode defined for: org/springframework/web/servlet/config/annotation/ResourceHandlerRegistry, superclass = java.lang.Object
23:36:06.438 [main] INFO  o.e.r.i.CreateClassResetClassAdapter - Creating brand-new static initializer in class org/springframework/web/servlet/config/annotation/ResourceHandlerRegistry
23:36:06.438 [main] DEBUG o.e.r.agent.TransformerForTests - Going to instrument: org.springframework.beans.factory.BeanInitializationException
23:36:06.439 [main] INFO  o.e.r.i.MethodCallReplacementClassAdapter - Adding mock interface to class org/springframework/beans/factory/BeanInitializationException
23:36:06.439 [main] INFO  o.e.r.i.MethodCallReplacementClassAdapter - No hashCode defined for: org/springframework/beans/factory/BeanInitializationException, superclass = org.springframework.beans.FatalBeanException
23:36:06.439 [main] INFO  o.e.r.i.CreateClassResetClassAdapter - Creating brand-new static initializer in class org/springframework/beans/factory/BeanInitializationException
23:36:06.439 [main] DEBUG o.e.r.agent.TransformerForTests - Going to instrument: org.springframework.web.servlet.handler.SimpleUrlHandlerMapping
23:36:06.440 [main] INFO  o.e.r.i.MethodCallReplacementClassAdapter - Adding mock interface to class org/springframework/web/servlet/handler/SimpleUrlHandlerMapping
23:36:06.441 [main] INFO  o.e.r.i.MethodCallReplacementClassAdapter - No hashCode defined for: org/springframework/web/servlet/handler/SimpleUrlHandlerMapping, superclass = org.springframework.web.servlet.handler.AbstractUrlHandlerMapping
23:36:06.441 [main] INFO  o.e.r.i.CreateClassResetClassAdapter - Creating brand-new static initializer in class org/springframework/web/servlet/handler/SimpleUrlHandlerMapping
23:36:06.441 [main] DEBUG o.e.r.agent.TransformerForTests - Going to instrument: org.springframework.web.servlet.handler.AbstractUrlHandlerMapping
23:36:06.441 [main] INFO  o.e.r.i.MethodCallReplacementClassAdapter - Adding mock interface to class org/springframework/web/servlet/handler/AbstractUrlHandlerMapping
23:36:06.443 [main] INFO  o.e.r.i.MethodCallReplacementClassAdapter - No hashCode defined for: org/springframework/web/servlet/handler/AbstractUrlHandlerMapping, superclass = org.springframework.web.servlet.handler.AbstractHandlerMapping
23:36:06.443 [main] INFO  o.e.r.i.CreateClassResetClassAdapter - Creating brand-new static initializer in class org/springframework/web/servlet/handler/AbstractUrlHandlerMapping
23:36:06.444 [main] DEBUG o.e.r.agent.TransformerForTests - Going to instrument: org.springframework.core.SerializableTypeWrapper$TypeProxyInvocationHandler
23:36:06.444 [main] INFO  o.e.r.i.MethodCallReplacementClassAdapter - Adding mock interface to class org/springframework/core/SerializableTypeWrapper$TypeProxyInvocationHandler
23:36:06.445 [main] INFO  o.e.r.i.MethodCallReplacementClassAdapter - No hashCode defined for: org/springframework/core/SerializableTypeWrapper$TypeProxyInvocationHandler, superclass = java.lang.Object
23:36:06.445 [main] INFO  o.e.r.i.CreateClassResetClassAdapter - Creating brand-new static initializer in class org/springframework/core/SerializableTypeWrapper$TypeProxyInvocationHandler
23:36:06.446 [main] DEBUG o.e.r.agent.TransformerForTests - Going to instrument: org.springframework.web.servlet.resource.ResourceHttpRequestHandler
23:36:06.446 [main] INFO  o.e.r.i.MethodCallReplacementClassAdapter - Adding mock interface to class org/springframework/web/servlet/resource/ResourceHttpRequestHandler
23:36:06.450 [main] INFO  o.e.r.i.CreateClassResetClassAdapter - Found static initializer in class org/springframework/web/servlet/resource/ResourceHttpRequestHandler
23:36:06.450 [main] INFO  o.e.r.i.MethodCallReplacementClassAdapter - No hashCode defined for: org/springframework/web/servlet/resource/ResourceHttpRequestHandler, superclass = org.springframework.web.servlet.support.WebContentGenerator
23:36:06.450 [main] DEBUG o.e.r.agent.TransformerForTests - Going to instrument: org.springframework.web.HttpRequestHandler
23:36:06.452 [main] DEBUG o.e.r.agent.TransformerForTests - Going to instrument: org.springframework.web.cors.CorsConfigurationSource
23:36:06.452 [main] DEBUG o.e.r.agent.TransformerForTests - Going to instrument: org.springframework.web.servlet.support.WebContentGenerator
23:36:06.453 [main] INFO  o.e.r.i.MethodCallReplacementClassAdapter - Adding mock interface to class org/springframework/web/servlet/support/WebContentGenerator
23:36:06.454 [main] INFO  o.e.r.i.MethodCallReplacementClassAdapter - No hashCode defined for: org/springframework/web/servlet/support/WebContentGenerator, superclass = org.springframework.web.context.support.WebApplicationObjectSupport
23:36:06.454 [main] INFO  o.e.r.i.CreateClassResetClassAdapter - Creating brand-new static initializer in class org/springframework/web/servlet/support/WebContentGenerator
23:36:06.454 [main] INFO  o.e.r.i.CreateClassResetClassAdapter - Adding bytecode for initializing field METHOD_GET
23:36:06.454 [main] INFO  o.e.r.i.CreateClassResetClassAdapter - Adding bytecode for initializing field METHOD_HEAD
23:36:06.454 [main] INFO  o.e.r.i.CreateClassResetClassAdapter - Adding bytecode for initializing field METHOD_POST
23:36:06.454 [main] INFO  o.e.r.i.CreateClassResetClassAdapter - Adding bytecode for initializing field HEADER_PRAGMA
23:36:06.454 [main] INFO  o.e.r.i.CreateClassResetClassAdapter - Adding bytecode for initializing field HEADER_EXPIRES
23:36:06.455 [main] INFO  o.e.r.i.CreateClassResetClassAdapter - Adding bytecode for initializing field HEADER_CACHE_CONTROL
23:36:06.456 [main] DEBUG o.e.r.agent.TransformerForTests - Going to instrument: org.springframework.web.HttpSessionRequiredException
23:36:06.456 [main] INFO  o.e.r.i.MethodCallReplacementClassAdapter - Adding mock interface to class org/springframework/web/HttpSessionRequiredException
23:36:06.456 [main] INFO  o.e.r.i.MethodCallReplacementClassAdapter - No hashCode defined for: org/springframework/web/HttpSessionRequiredException, superclass = javax.servlet.ServletException
23:36:06.456 [main] INFO  o.e.r.i.CreateClassResetClassAdapter - Creating brand-new static initializer in class org/springframework/web/HttpSessionRequiredException
23:36:06.457 [main] DEBUG o.e.r.agent.TransformerForTests - Going to instrument: org.springframework.web.servlet.resource.ResourceResolverChain
23:36:06.459 [main] DEBUG o.e.r.agent.TransformerForTests - Going to instrument: org.springframework.http.InvalidMediaTypeException
23:36:06.460 [main] INFO  o.e.r.i.MethodCallReplacementClassAdapter - Adding mock interface to class org/springframework/http/InvalidMediaTypeException
23:36:06.461 [main] INFO  o.e.r.i.MethodCallReplacementClassAdapter - No hashCode defined for: org/springframework/http/InvalidMediaTypeException, superclass = java.lang.IllegalArgumentException
23:36:06.461 [main] INFO  o.e.r.i.CreateClassResetClassAdapter - Creating brand-new static initializer in class org/springframework/http/InvalidMediaTypeException
23:36:06.461 [main] DEBUG o.e.r.agent.TransformerForTests - Going to instrument: org.springframework.util.InvalidMimeTypeException
23:36:06.462 [main] INFO  o.e.r.i.MethodCallReplacementClassAdapter - Adding mock interface to class org/springframework/util/InvalidMimeTypeException
23:36:06.462 [main] INFO  o.e.r.i.MethodCallReplacementClassAdapter - No hashCode defined for: org/springframework/util/InvalidMimeTypeException, superclass = java.lang.IllegalArgumentException
23:36:06.462 [main] INFO  o.e.r.i.CreateClassResetClassAdapter - Creating brand-new static initializer in class org/springframework/util/InvalidMimeTypeException
23:36:06.463 [main] DEBUG o.e.r.agent.TransformerForTests - Going to instrument: org.springframework.validation.DefaultMessageCodesResolver$Format$1
23:36:06.463 [main] INFO  o.e.r.i.MethodCallReplacementClassAdapter - Adding mock interface to class org/springframework/validation/DefaultMessageCodesResolver$Format$1
23:36:06.463 [main] INFO  o.e.r.i.MethodCallReplacementClassAdapter - No hashCode defined for: org/springframework/validation/DefaultMessageCodesResolver$Format$1, superclass = org.springframework.validation.DefaultMessageCodesResolver$Format
23:36:06.464 [main] DEBUG o.e.r.agent.TransformerForTests - Going to instrument: org.springframework.validation.DefaultMessageCodesResolver$Format
23:36:06.464 [main] INFO  o.e.r.i.MethodCallReplacementClassAdapter - Adding mock interface to class org/springframework/validation/DefaultMessageCodesResolver$Format
23:36:06.464 [main] INFO  o.e.r.i.CreateClassResetClassAdapter - Found static initializer in class org/springframework/validation/DefaultMessageCodesResolver$Format
23:36:06.465 [main] INFO  o.e.r.i.MethodCallReplacementClassAdapter - No hashCode defined for: org/springframework/validation/DefaultMessageCodesResolver$Format, superclass = java.lang.Enum
23:36:06.465 [main] DEBUG o.e.r.agent.TransformerForTests - Going to instrument: org.springframework.validation.DefaultMessageCodesResolver$Format$2
23:36:06.465 [main] INFO  o.e.r.i.MethodCallReplacementClassAdapter - Adding mock interface to class org/springframework/validation/DefaultMessageCodesResolver$Format$2
23:36:06.466 [main] INFO  o.e.r.i.MethodCallReplacementClassAdapter - No hashCode defined for: org/springframework/validation/DefaultMessageCodesResolver$Format$2, superclass = org.springframework.validation.DefaultMessageCodesResolver$Format
23:36:06.467 [main] DEBUG o.e.r.agent.TransformerForTests - Going to instrument: org.springframework.http.HttpInputMessage
23:36:06.467 [main] DEBUG o.e.r.agent.TransformerForTests - Going to instrument: org.springframework.util.ReflectionUtils
23:36:06.468 [main] INFO  o.e.r.i.MethodCallReplacementClassAdapter - Adding mock interface to class org/springframework/util/ReflectionUtils
23:36:06.474 [main] INFO  o.e.r.i.CreateClassResetClassAdapter - Found static initializer in class org/springframework/util/ReflectionUtils
23:36:06.474 [main] INFO  o.e.r.i.MethodCallReplacementClassAdapter - No hashCode defined for: org/springframework/util/ReflectionUtils, superclass = java.lang.Object
23:36:06.475 [main] DEBUG o.e.r.agent.TransformerForTests - Going to instrument: org.springframework.util.ReflectionUtils$FieldFilter
23:36:06.476 [main] DEBUG o.e.r.agent.TransformerForTests - Going to instrument: org.springframework.util.ReflectionUtils$MethodFilter
23:36:06.477 [main] DEBUG o.e.r.agent.TransformerForTests - Going to instrument: org.springframework.util.ReflectionUtils$MethodCallback
23:36:06.478 [main] DEBUG o.e.r.agent.TransformerForTests - Going to instrument: org.springframework.util.ReflectionUtils$FieldCallback
23:36:06.479 [main] DEBUG o.e.r.agent.TransformerForTests - Going to instrument: org.springframework.util.ReflectionUtils$4
23:36:06.479 [main] INFO  o.e.r.i.MethodCallReplacementClassAdapter - Adding mock interface to class org/springframework/util/ReflectionUtils$4
23:36:06.480 [main] INFO  o.e.r.i.MethodCallReplacementClassAdapter - No hashCode defined for: org/springframework/util/ReflectionUtils$4, superclass = java.lang.Object
23:36:06.480 [main] DEBUG o.e.r.agent.TransformerForTests - Going to instrument: org.springframework.util.ReflectionUtils$5
23:36:06.480 [main] INFO  o.e.r.i.MethodCallReplacementClassAdapter - Adding mock interface to class org/springframework/util/ReflectionUtils$5
23:36:06.480 [main] INFO  o.e.r.i.MethodCallReplacementClassAdapter - No hashCode defined for: org/springframework/util/ReflectionUtils$5, superclass = java.lang.Object
23:36:06.481 [main] DEBUG o.e.r.agent.TransformerForTests - Going to instrument: org.springframework.util.ReflectionUtils$6
23:36:06.481 [main] INFO  o.e.r.i.MethodCallReplacementClassAdapter - Adding mock interface to class org/springframework/util/ReflectionUtils$6
23:36:06.481 [main] INFO  o.e.r.i.MethodCallReplacementClassAdapter - No hashCode defined for: org/springframework/util/ReflectionUtils$6, superclass = java.lang.Object
23:36:06.483 [main] DEBUG o.e.r.agent.TransformerForTests - Going to instrument: org.springframework.web.method.HandlerMethod$ReturnValueMethodParameter
23:36:06.484 [main] INFO  o.e.r.i.MethodCallReplacementClassAdapter - Adding mock interface to class org/springframework/web/method/HandlerMethod$ReturnValueMethodParameter
23:36:06.484 [main] INFO  o.e.r.i.MethodCallReplacementClassAdapter - No hashCode defined for: org/springframework/web/method/HandlerMethod$ReturnValueMethodParameter, superclass = org.springframework.web.method.HandlerMethod$HandlerMethodParameter
23:36:06.484 [main] INFO  o.e.r.i.CreateClassResetClassAdapter - Creating brand-new static initializer in class org/springframework/web/method/HandlerMethod$ReturnValueMethodParameter
23:36:06.484 [main] DEBUG o.e.r.agent.TransformerForTests - Going to instrument: org.springframework.web.method.HandlerMethod$HandlerMethodParameter
23:36:06.485 [main] INFO  o.e.r.i.MethodCallReplacementClassAdapter - Adding mock interface to class org/springframework/web/method/HandlerMethod$HandlerMethodParameter
23:36:06.485 [main] INFO  o.e.r.i.MethodCallReplacementClassAdapter - No hashCode defined for: org/springframework/web/method/HandlerMethod$HandlerMethodParameter, superclass = org.springframework.core.annotation.SynthesizingMethodParameter
23:36:06.485 [main] INFO  o.e.r.i.CreateClassResetClassAdapter - Creating brand-new static initializer in class org/springframework/web/method/HandlerMethod$HandlerMethodParameter
23:36:06.486 [main] DEBUG o.e.r.agent.TransformerForTests - Going to instrument: com.fasterxml.jackson.core.PrettyPrinter
23:36:06.487 [main] DEBUG o.e.r.agent.TransformerForTests - Going to instrument: com.fasterxml.jackson.databind.introspect.JacksonAnnotationIntrospector
23:36:06.487 [main] INFO  o.e.r.i.MethodCallReplacementClassAdapter - Adding mock interface to class com/fasterxml/jackson/databind/introspect/JacksonAnnotationIntrospector
23:36:06.492 [main] INFO  o.e.r.i.MethodCallReplacementClassAdapter - No hashCode defined for: com/fasterxml/jackson/databind/introspect/JacksonAnnotationIntrospector, superclass = com.fasterxml.jackson.databind.AnnotationIntrospector
23:36:06.492 [main] INFO  o.e.r.i.CreateClassResetClassAdapter - Creating brand-new static initializer in class com/fasterxml/jackson/databind/introspect/JacksonAnnotationIntrospector
23:36:06.494 [main] DEBUG o.e.r.agent.TransformerForTests - Going to instrument: com.fasterxml.jackson.databind.AnnotationIntrospector
23:36:06.494 [main] INFO  o.e.r.i.MethodCallReplacementClassAdapter - Adding mock interface to class com/fasterxml/jackson/databind/AnnotationIntrospector
23:36:06.495 [main] INFO  o.e.r.i.MethodCallReplacementClassAdapter - No hashCode defined for: com/fasterxml/jackson/databind/AnnotationIntrospector, superclass = java.lang.Object
23:36:06.495 [main] INFO  o.e.r.i.CreateClassResetClassAdapter - Creating brand-new static initializer in class com/fasterxml/jackson/databind/AnnotationIntrospector
23:36:06.497 [main] DEBUG o.e.r.agent.TransformerForTests - Going to instrument: com.fasterxml.jackson.databind.introspect.NopAnnotationIntrospector
23:36:06.497 [main] INFO  o.e.r.i.MethodCallReplacementClassAdapter - Adding mock interface to class com/fasterxml/jackson/databind/introspect/NopAnnotationIntrospector
23:36:06.498 [main] INFO  o.e.r.i.CreateClassResetClassAdapter - Found static initializer in class com/fasterxml/jackson/databind/introspect/NopAnnotationIntrospector
23:36:06.498 [main] INFO  o.e.r.i.MethodCallReplacementClassAdapter - No hashCode defined for: com/fasterxml/jackson/databind/introspect/NopAnnotationIntrospector, superclass = com.fasterxml.jackson.databind.AnnotationIntrospector
23:36:06.499 [main] DEBUG o.e.r.agent.TransformerForTests - Going to instrument: com.fasterxml.jackson.databind.introspect.AnnotationIntrospectorPair
23:36:06.499 [main] INFO  o.e.r.i.MethodCallReplacementClassAdapter - Adding mock interface to class com/fasterxml/jackson/databind/introspect/AnnotationIntrospectorPair
23:36:06.501 [main] INFO  o.e.r.i.MethodCallReplacementClassAdapter - No hashCode defined for: com/fasterxml/jackson/databind/introspect/AnnotationIntrospectorPair, superclass = com.fasterxml.jackson.databind.AnnotationIntrospector
23:36:06.501 [main] INFO  o.e.r.i.CreateClassResetClassAdapter - Creating brand-new static initializer in class com/fasterxml/jackson/databind/introspect/AnnotationIntrospectorPair
23:36:06.504 [main] DEBUG o.e.r.agent.TransformerForTests - Going to instrument: com.fasterxml.jackson.databind.jsontype.TypeResolverBuilder
23:36:06.505 [main] DEBUG o.e.r.agent.TransformerForTests - Going to instrument: com.fasterxml.jackson.databind.introspect.VirtualAnnotatedMember
23:36:06.506 [main] INFO  o.e.r.i.MethodCallReplacementClassAdapter - Adding mock interface to class com/fasterxml/jackson/databind/introspect/VirtualAnnotatedMember
23:36:06.508 [main] INFO  o.e.r.i.CreateClassResetClassAdapter - Creating brand-new static initializer in class com/fasterxml/jackson/databind/introspect/VirtualAnnotatedMember
23:36:06.509 [main] DEBUG o.e.r.agent.TransformerForTests - Going to instrument: com.fasterxml.jackson.databind.ser.BeanPropertyWriter
23:36:06.509 [main] INFO  o.e.r.i.MethodCallReplacementClassAdapter - Adding mock interface to class com/fasterxml/jackson/databind/ser/BeanPropertyWriter
23:36:06.512 [main] INFO  o.e.r.i.CreateClassResetClassAdapter - Found static initializer in class com/fasterxml/jackson/databind/ser/BeanPropertyWriter
23:36:06.513 [main] INFO  o.e.r.i.MethodCallReplacementClassAdapter - No hashCode defined for: com/fasterxml/jackson/databind/ser/BeanPropertyWriter, superclass = com.fasterxml.jackson.databind.ser.PropertyWriter
23:36:06.514 [main] DEBUG o.e.r.agent.TransformerForTests - Going to instrument: com.fasterxml.jackson.databind.ser.PropertyWriter
23:36:06.514 [main] INFO  o.e.r.i.MethodCallReplacementClassAdapter - Adding mock interface to class com/fasterxml/jackson/databind/ser/PropertyWriter
23:36:06.515 [main] INFO  o.e.r.i.MethodCallReplacementClassAdapter - No hashCode defined for: com/fasterxml/jackson/databind/ser/PropertyWriter, superclass = java.lang.Object
23:36:06.515 [main] INFO  o.e.r.i.CreateClassResetClassAdapter - Creating brand-new static initializer in class com/fasterxml/jackson/databind/ser/PropertyWriter
23:36:06.515 [main] DEBUG o.e.r.agent.TransformerForTests - Going to instrument: com.fasterxml.jackson.databind.ser.impl.AttributePropertyWriter
23:36:06.515 [main] INFO  o.e.r.i.MethodCallReplacementClassAdapter - Adding mock interface to class com/fasterxml/jackson/databind/ser/impl/AttributePropertyWriter
23:36:06.517 [main] INFO  o.e.r.i.MethodCallReplacementClassAdapter - No hashCode defined for: com/fasterxml/jackson/databind/ser/impl/AttributePropertyWriter, superclass = com.fasterxml.jackson.databind.ser.VirtualBeanPropertyWriter
23:36:06.517 [main] INFO  o.e.r.i.CreateClassResetClassAdapter - Creating brand-new static initializer in class com/fasterxml/jackson/databind/ser/impl/AttributePropertyWriter
23:36:06.517 [main] DEBUG o.e.r.agent.TransformerForTests - Going to instrument: com.fasterxml.jackson.databind.ser.VirtualBeanPropertyWriter
23:36:06.517 [main] INFO  o.e.r.i.MethodCallReplacementClassAdapter - Adding mock interface to class com/fasterxml/jackson/databind/ser/VirtualBeanPropertyWriter
23:36:06.519 [main] INFO  o.e.r.i.MethodCallReplacementClassAdapter - No hashCode defined for: com/fasterxml/jackson/databind/ser/VirtualBeanPropertyWriter, superclass = com.fasterxml.jackson.databind.ser.BeanPropertyWriter
23:36:06.519 [main] INFO  o.e.r.i.CreateClassResetClassAdapter - Creating brand-new static initializer in class com/fasterxml/jackson/databind/ser/VirtualBeanPropertyWriter
23:36:06.521 [main] DEBUG o.e.r.agent.TransformerForTests - Going to instrument: org.springframework.util.NumberUtils
23:36:06.521 [main] INFO  o.e.r.i.MethodCallReplacementClassAdapter - Adding mock interface to class org/springframework/util/NumberUtils
23:36:06.523 [main] INFO  o.e.r.i.CreateClassResetClassAdapter - Found static initializer in class org/springframework/util/NumberUtils
23:36:06.523 [main] INFO  o.e.r.i.MethodCallReplacementClassAdapter - No hashCode defined for: org/springframework/util/NumberUtils, superclass = java.lang.Object
23:36:06.527 [main] DEBUG o.e.r.agent.TransformerForTests - Going to instrument: org.springframework.util.CustomizableThreadCreator
23:36:06.527 [main] INFO  o.e.r.i.MethodCallReplacementClassAdapter - Adding mock interface to class org/springframework/util/CustomizableThreadCreator
23:36:06.528 [main] INFO  o.e.r.i.MethodCallReplacementClassAdapter - No hashCode defined for: org/springframework/util/CustomizableThreadCreator, superclass = java.lang.Object
23:36:06.529 [main] INFO  o.e.r.i.CreateClassResetClassAdapter - Creating brand-new static initializer in class org/springframework/util/CustomizableThreadCreator
23:36:06.530 [main] DEBUG o.e.r.agent.TransformerForTests - Going to instrument: com.fasterxml.jackson.databind.ser.DefaultSerializerProvider
23:36:06.530 [main] INFO  o.e.r.i.MethodCallReplacementClassAdapter - Adding mock interface to class com/fasterxml/jackson/databind/ser/DefaultSerializerProvider
23:36:06.535 [main] INFO  o.e.r.i.MethodCallReplacementClassAdapter - No hashCode defined for: com/fasterxml/jackson/databind/ser/DefaultSerializerProvider, superclass = com.fasterxml.jackson.databind.SerializerProvider
23:36:06.535 [main] INFO  o.e.r.i.CreateClassResetClassAdapter - Creating brand-new static initializer in class com/fasterxml/jackson/databind/ser/DefaultSerializerProvider
23:36:06.537 [main] DEBUG o.e.r.agent.TransformerForTests - Going to instrument: com.fasterxml.jackson.databind.SerializerProvider
23:36:06.537 [main] INFO  o.e.r.i.MethodCallReplacementClassAdapter - Adding mock interface to class com/fasterxml/jackson/databind/SerializerProvider
23:36:06.543 [main] INFO  o.e.r.i.CreateClassResetClassAdapter - Found static initializer in class com/fasterxml/jackson/databind/SerializerProvider
23:36:06.543 [main] INFO  o.e.r.i.MethodCallReplacementClassAdapter - No hashCode defined for: com/fasterxml/jackson/databind/SerializerProvider, superclass = com.fasterxml.jackson.databind.DatabindContext
23:36:06.544 [main] DEBUG o.e.r.agent.TransformerForTests - Going to instrument: com.fasterxml.jackson.databind.DatabindContext
23:36:06.544 [main] INFO  o.e.r.i.MethodCallReplacementClassAdapter - Adding mock interface to class com/fasterxml/jackson/databind/DatabindContext
23:36:06.550 [main] INFO  o.e.r.i.MethodCallReplacementClassAdapter - No hashCode defined for: com/fasterxml/jackson/databind/DatabindContext, superclass = java.lang.Object
23:36:06.550 [main] INFO  o.e.r.i.CreateClassResetClassAdapter - Creating brand-new static initializer in class com/fasterxml/jackson/databind/DatabindContext
23:36:06.552 [main] DEBUG o.e.r.agent.TransformerForTests - Going to instrument: com.fasterxml.jackson.databind.ser.impl.FailingSerializer
23:36:06.552 [main] INFO  o.e.r.i.MethodCallReplacementClassAdapter - Adding mock interface to class com/fasterxml/jackson/databind/ser/impl/FailingSerializer
23:36:06.552 [main] INFO  o.e.r.i.MethodCallReplacementClassAdapter - No hashCode defined for: com/fasterxml/jackson/databind/ser/impl/FailingSerializer, superclass = com.fasterxml.jackson.databind.ser.std.StdSerializer
23:36:06.552 [main] INFO  o.e.r.i.CreateClassResetClassAdapter - Creating brand-new static initializer in class com/fasterxml/jackson/databind/ser/impl/FailingSerializer
23:36:06.553 [main] DEBUG o.e.r.agent.TransformerForTests - Going to instrument: com.fasterxml.jackson.databind.ser.impl.UnknownSerializer
23:36:06.553 [main] INFO  o.e.r.i.MethodCallReplacementClassAdapter - Adding mock interface to class com/fasterxml/jackson/databind/ser/impl/UnknownSerializer
23:36:06.556 [main] INFO  o.e.r.i.MethodCallReplacementClassAdapter - No hashCode defined for: com/fasterxml/jackson/databind/ser/impl/UnknownSerializer, superclass = com.fasterxml.jackson.databind.ser.std.StdSerializer
23:36:06.556 [main] INFO  o.e.r.i.CreateClassResetClassAdapter - Creating brand-new static initializer in class com/fasterxml/jackson/databind/ser/impl/UnknownSerializer
23:36:06.557 [main] DEBUG o.e.r.agent.TransformerForTests - Going to instrument: com.fasterxml.jackson.databind.ser.impl.TypeWrappedSerializer
23:36:06.557 [main] INFO  o.e.r.i.MethodCallReplacementClassAdapter - Adding mock interface to class com/fasterxml/jackson/databind/ser/impl/TypeWrappedSerializer
23:36:06.558 [main] INFO  o.e.r.i.MethodCallReplacementClassAdapter - No hashCode defined for: com/fasterxml/jackson/databind/ser/impl/TypeWrappedSerializer, superclass = com.fasterxml.jackson.databind.JsonSerializer
23:36:06.558 [main] INFO  o.e.r.i.CreateClassResetClassAdapter - Creating brand-new static initializer in class com/fasterxml/jackson/databind/ser/impl/TypeWrappedSerializer
23:36:06.560 [main] DEBUG o.e.r.agent.TransformerForTests - Going to instrument: com.fasterxml.jackson.core.JsonGenerationException
23:36:06.560 [main] INFO  o.e.r.i.MethodCallReplacementClassAdapter - Adding mock interface to class com/fasterxml/jackson/core/JsonGenerationException
23:36:06.561 [main] INFO  o.e.r.i.MethodCallReplacementClassAdapter - No hashCode defined for: com/fasterxml/jackson/core/JsonGenerationException, superclass = com.fasterxml.jackson.core.JsonProcessingException
23:36:06.561 [main] INFO  o.e.r.i.CreateClassResetClassAdapter - Creating brand-new static initializer in class com/fasterxml/jackson/core/JsonGenerationException
23:36:06.562 [main] DEBUG o.e.r.agent.TransformerForTests - Going to instrument: com.fasterxml.jackson.databind.node.NullNode
23:36:06.562 [main] INFO  o.e.r.i.MethodCallReplacementClassAdapter - Adding mock interface to class com/fasterxml/jackson/databind/node/NullNode
23:36:06.563 [main] INFO  o.e.r.i.CreateClassResetClassAdapter - Found static initializer in class com/fasterxml/jackson/databind/node/NullNode
23:36:06.563 [main] DEBUG o.e.r.agent.TransformerForTests - Going to instrument: com.fasterxml.jackson.databind.node.ValueNode
23:36:06.563 [main] INFO  o.e.r.i.MethodCallReplacementClassAdapter - Adding mock interface to class com/fasterxml/jackson/databind/node/ValueNode
23:36:06.564 [main] INFO  o.e.r.i.MethodCallReplacementClassAdapter - No hashCode defined for: com/fasterxml/jackson/databind/node/ValueNode, superclass = com.fasterxml.jackson.databind.node.BaseJsonNode
23:36:06.564 [main] INFO  o.e.r.i.CreateClassResetClassAdapter - Creating brand-new static initializer in class com/fasterxml/jackson/databind/node/ValueNode
23:36:06.565 [main] DEBUG o.e.r.agent.TransformerForTests - Going to instrument: com.fasterxml.jackson.databind.node.MissingNode
23:36:06.565 [main] INFO  o.e.r.i.MethodCallReplacementClassAdapter - Adding mock interface to class com/fasterxml/jackson/databind/node/MissingNode
23:36:06.566 [main] INFO  o.e.r.i.CreateClassResetClassAdapter - Found static initializer in class com/fasterxml/jackson/databind/node/MissingNode
23:36:06.567 [main] DEBUG o.e.r.agent.TransformerForTests - Going to instrument: com.fasterxml.jackson.databind.node.TreeTraversingParser
23:36:06.567 [main] INFO  o.e.r.i.MethodCallReplacementClassAdapter - Adding mock interface to class com/fasterxml/jackson/databind/node/TreeTraversingParser
23:36:06.568 [main] INFO  o.e.r.i.MethodCallReplacementClassAdapter - No hashCode defined for: com/fasterxml/jackson/databind/node/TreeTraversingParser, superclass = com.fasterxml.jackson.core.base.ParserMinimalBase
23:36:06.568 [main] INFO  o.e.r.i.CreateClassResetClassAdapter - Creating brand-new static initializer in class com/fasterxml/jackson/databind/node/TreeTraversingParser
23:36:06.569 [main] DEBUG o.e.r.agent.TransformerForTests - Going to instrument: org.springframework.boot.context.properties.EnableConfigurationProperties
23:36:06.572 [main] DEBUG o.e.r.agent.TransformerForTests - Going to instrument: org.springframework.validation.beanvalidation.SpringValidatorAdapter
23:36:06.572 [main] INFO  o.e.r.i.MethodCallReplacementClassAdapter - Adding mock interface to class org/springframework/validation/beanvalidation/SpringValidatorAdapter
23:36:06.575 [main] INFO  o.e.r.i.CreateClassResetClassAdapter - Found static initializer in class org/springframework/validation/beanvalidation/SpringValidatorAdapter
23:36:06.575 [main] INFO  o.e.r.i.MethodCallReplacementClassAdapter - No hashCode defined for: org/springframework/validation/beanvalidation/SpringValidatorAdapter, superclass = java.lang.Object
23:36:06.576 [main] DEBUG o.e.r.agent.TransformerForTests - Going to instrument: org.springframework.validation.SmartValidator
23:36:06.577 [main] DEBUG o.e.r.agent.TransformerForTests - Going to instrument: org.springframework.beans.NotReadablePropertyException
23:36:06.577 [main] INFO  o.e.r.i.MethodCallReplacementClassAdapter - Adding mock interface to class org/springframework/beans/NotReadablePropertyException
23:36:06.578 [main] INFO  o.e.r.i.MethodCallReplacementClassAdapter - No hashCode defined for: org/springframework/beans/NotReadablePropertyException, superclass = org.springframework.beans.InvalidPropertyException
23:36:06.578 [main] INFO  o.e.r.i.CreateClassResetClassAdapter - Creating brand-new static initializer in class org/springframework/beans/NotReadablePropertyException
23:36:06.578 [main] DEBUG o.e.r.agent.TransformerForTests - Going to instrument: org.springframework.beans.InvalidPropertyException
23:36:06.578 [main] INFO  o.e.r.i.MethodCallReplacementClassAdapter - Adding mock interface to class org/springframework/beans/InvalidPropertyException
23:36:06.578 [main] INFO  o.e.r.i.MethodCallReplacementClassAdapter - No hashCode defined for: org/springframework/beans/InvalidPropertyException, superclass = org.springframework.beans.FatalBeanException
23:36:06.578 [main] INFO  o.e.r.i.CreateClassResetClassAdapter - Creating brand-new static initializer in class org/springframework/beans/InvalidPropertyException
23:36:06.579 [main] DEBUG o.e.r.agent.TransformerForTests - Going to instrument: org.springframework.validation.ObjectError
23:36:06.579 [main] INFO  o.e.r.i.MethodCallReplacementClassAdapter - Adding mock interface to class org/springframework/validation/ObjectError
23:36:06.580 [main] INFO  o.e.r.i.CreateClassResetClassAdapter - Creating brand-new static initializer in class org/springframework/validation/ObjectError
23:36:06.580 [main] DEBUG o.e.r.agent.TransformerForTests - Going to instrument: org.springframework.context.support.DefaultMessageSourceResolvable
23:36:06.580 [main] INFO  o.e.r.i.MethodCallReplacementClassAdapter - Adding mock interface to class org/springframework/context/support/DefaultMessageSourceResolvable
23:36:06.581 [main] INFO  o.e.r.i.CreateClassResetClassAdapter - Creating brand-new static initializer in class org/springframework/context/support/DefaultMessageSourceResolvable
23:36:06.582 [main] DEBUG o.e.r.agent.TransformerForTests - Going to instrument: org.springframework.context.MessageSourceResolvable
23:36:06.583 [main] DEBUG o.e.r.agent.TransformerForTests - Going to instrument: org.springframework.validation.FieldError
23:36:06.583 [main] INFO  o.e.r.i.MethodCallReplacementClassAdapter - Adding mock interface to class org/springframework/validation/FieldError
23:36:06.583 [main] INFO  o.e.r.i.CreateClassResetClassAdapter - Creating brand-new static initializer in class org/springframework/validation/FieldError
23:36:06.584 [main] DEBUG o.e.r.agent.TransformerForTests - Going to instrument: org.springframework.util.ConcurrentReferenceHashMap$WeakEntryReference
23:36:06.585 [main] INFO  o.e.r.i.MethodCallReplacementClassAdapter - Adding mock interface to class org/springframework/util/ConcurrentReferenceHashMap$WeakEntryReference
23:36:06.590 [main] INFO  o.e.r.i.MethodCallReplacementClassAdapter - No hashCode defined for: org/springframework/util/ConcurrentReferenceHashMap$WeakEntryReference, superclass = java.lang.ref.WeakReference
23:36:06.590 [main] INFO  o.e.r.i.CreateClassResetClassAdapter - Creating brand-new static initializer in class org/springframework/util/ConcurrentReferenceHashMap$WeakEntryReference
23:36:06.591 [main] DEBUG o.e.r.agent.TransformerForTests - Going to instrument: org.springframework.core.GenericTypeResolver
23:36:06.591 [main] INFO  o.e.r.i.MethodCallReplacementClassAdapter - Adding mock interface to class org/springframework/core/GenericTypeResolver
23:36:06.595 [main] INFO  o.e.r.i.CreateClassResetClassAdapter - Found static initializer in class org/springframework/core/GenericTypeResolver
23:36:06.595 [main] INFO  o.e.r.i.MethodCallReplacementClassAdapter - No hashCode defined for: org/springframework/core/GenericTypeResolver, superclass = java.lang.Object
23:36:06.596 [main] DEBUG o.e.r.agent.TransformerForTests - Going to instrument: org.springframework.boot.autoconfigure.condition.SearchStrategy
23:36:06.597 [main] INFO  o.e.r.i.MethodCallReplacementClassAdapter - Adding mock interface to class org/springframework/boot/autoconfigure/condition/SearchStrategy
23:36:06.597 [main] INFO  o.e.r.i.CreateClassResetClassAdapter - Found static initializer in class org/springframework/boot/autoconfigure/condition/SearchStrategy
23:36:06.597 [main] INFO  o.e.r.i.MethodCallReplacementClassAdapter - No hashCode defined for: org/springframework/boot/autoconfigure/condition/SearchStrategy, superclass = java.lang.Enum
23:36:06.599 [main] DEBUG o.e.r.agent.TransformerForTests - Going to instrument: org.springframework.web.servlet.config.annotation.AsyncSupportConfigurer
23:36:06.600 [main] INFO  o.e.r.i.MethodCallReplacementClassAdapter - Adding mock interface to class org/springframework/web/servlet/config/annotation/AsyncSupportConfigurer
23:36:06.600 [main] INFO  o.e.r.i.MethodCallReplacementClassAdapter - No hashCode defined for: org/springframework/web/servlet/config/annotation/AsyncSupportConfigurer, superclass = java.lang.Object
23:36:06.601 [main] INFO  o.e.r.i.CreateClassResetClassAdapter - Creating brand-new static initializer in class org/springframework/web/servlet/config/annotation/AsyncSupportConfigurer
23:36:06.601 [main] DEBUG o.e.r.agent.TransformerForTests - Going to instrument: org.springframework.format.datetime.standard.DateTimeFormatterRegistrar$Type
23:36:06.602 [main] INFO  o.e.r.i.MethodCallReplacementClassAdapter - Adding mock interface to class org/springframework/format/datetime/standard/DateTimeFormatterRegistrar$Type
23:36:06.602 [main] INFO  o.e.r.i.CreateClassResetClassAdapter - Found static initializer in class org/springframework/format/datetime/standard/DateTimeFormatterRegistrar$Type
23:36:06.602 [main] INFO  o.e.r.i.MethodCallReplacementClassAdapter - No hashCode defined for: org/springframework/format/datetime/standard/DateTimeFormatterRegistrar$Type, superclass = java.lang.Enum
23:36:06.603 [main] DEBUG o.e.r.agent.TransformerForTests - Going to instrument: org.springframework.boot.autoconfigure.web.ResourceProperties$Strategy
23:36:06.603 [main] INFO  o.e.r.i.MethodCallReplacementClassAdapter - Adding mock interface to class org/springframework/boot/autoconfigure/web/ResourceProperties$Strategy
23:36:06.604 [main] INFO  o.e.r.i.MethodCallReplacementClassAdapter - No hashCode defined for: org/springframework/boot/autoconfigure/web/ResourceProperties$Strategy, superclass = java.lang.Object
23:36:06.604 [main] INFO  o.e.r.i.CreateClassResetClassAdapter - Creating brand-new static initializer in class org/springframework/boot/autoconfigure/web/ResourceProperties$Strategy
23:36:06.605 [main] DEBUG o.e.r.agent.TransformerForTests - Going to instrument: org.springframework.util.CollectionUtils
23:36:06.605 [main] INFO  o.e.r.i.MethodCallReplacementClassAdapter - Adding mock interface to class org/springframework/util/CollectionUtils
23:36:06.607 [main] INFO  o.e.r.i.MethodCallReplacementClassAdapter - No hashCode defined for: org/springframework/util/CollectionUtils, superclass = java.lang.Object
23:36:06.607 [main] INFO  o.e.r.i.CreateClassResetClassAdapter - Creating brand-new static initializer in class org/springframework/util/CollectionUtils
23:36:06.609 [main] DEBUG o.e.r.agent.TransformerForTests - Going to instrument: org.springframework.core.convert.support.DefaultConversionService
23:36:06.609 [main] INFO  o.e.r.i.MethodCallReplacementClassAdapter - Adding mock interface to class org/springframework/core/convert/support/DefaultConversionService
23:36:06.610 [main] INFO  o.e.r.i.CreateClassResetClassAdapter - Found static initializer in class org/springframework/core/convert/support/DefaultConversionService
23:36:06.610 [main] INFO  o.e.r.i.MethodCallReplacementClassAdapter - No hashCode defined for: org/springframework/core/convert/support/DefaultConversionService, superclass = org.springframework.core.convert.support.GenericConversionService
23:36:06.612 [main] DEBUG o.e.r.agent.TransformerForTests - Going to instrument: com.fasterxml.jackson.databind.deser.DefaultDeserializationContext
23:36:06.613 [main] INFO  o.e.r.i.MethodCallReplacementClassAdapter - Adding mock interface to class com/fasterxml/jackson/databind/deser/DefaultDeserializationContext
23:36:06.615 [main] INFO  o.e.r.i.MethodCallReplacementClassAdapter - No hashCode defined for: com/fasterxml/jackson/databind/deser/DefaultDeserializationContext, superclass = com.fasterxml.jackson.databind.DeserializationContext
23:36:06.615 [main] INFO  o.e.r.i.CreateClassResetClassAdapter - Creating brand-new static initializer in class com/fasterxml/jackson/databind/deser/DefaultDeserializationContext
23:36:06.617 [main] DEBUG o.e.r.agent.TransformerForTests - Going to instrument: com.fasterxml.jackson.databind.DeserializationContext
23:36:06.617 [main] INFO  o.e.r.i.MethodCallReplacementClassAdapter - Adding mock interface to class com/fasterxml/jackson/databind/DeserializationContext
23:36:06.623 [main] INFO  o.e.r.i.MethodCallReplacementClassAdapter - No hashCode defined for: com/fasterxml/jackson/databind/DeserializationContext, superclass = com.fasterxml.jackson.databind.DatabindContext
23:36:06.623 [main] INFO  o.e.r.i.CreateClassResetClassAdapter - Creating brand-new static initializer in class com/fasterxml/jackson/databind/DeserializationContext
23:36:06.623 [main] INFO  o.e.r.i.CreateClassResetClassAdapter - Adding bytecode for initializing field MAX_ERROR_STR_LEN
23:36:06.625 [main] DEBUG o.e.r.agent.TransformerForTests - Going to instrument: com.fasterxml.jackson.databind.exc.InvalidFormatException
23:36:06.625 [main] INFO  o.e.r.i.MethodCallReplacementClassAdapter - Adding mock interface to class com/fasterxml/jackson/databind/exc/InvalidFormatException
23:36:06.625 [main] INFO  o.e.r.i.MethodCallReplacementClassAdapter - No hashCode defined for: com/fasterxml/jackson/databind/exc/InvalidFormatException, superclass = com.fasterxml.jackson.databind.JsonMappingException
23:36:06.625 [main] INFO  o.e.r.i.CreateClassResetClassAdapter - Creating brand-new static initializer in class com/fasterxml/jackson/databind/exc/InvalidFormatException
23:36:06.626 [main] DEBUG o.e.r.agent.TransformerForTests - Going to instrument: com.fasterxml.jackson.databind.exc.UnrecognizedPropertyException
23:36:06.627 [main] INFO  o.e.r.i.MethodCallReplacementClassAdapter - Adding mock interface to class com/fasterxml/jackson/databind/exc/UnrecognizedPropertyException
23:36:06.628 [main] INFO  o.e.r.i.MethodCallReplacementClassAdapter - No hashCode defined for: com/fasterxml/jackson/databind/exc/UnrecognizedPropertyException, superclass = com.fasterxml.jackson.databind.exc.PropertyBindingException
23:36:06.628 [main] INFO  o.e.r.i.CreateClassResetClassAdapter - Creating brand-new static initializer in class com/fasterxml/jackson/databind/exc/UnrecognizedPropertyException
23:36:06.629 [main] DEBUG o.e.r.agent.TransformerForTests - Going to instrument: com.fasterxml.jackson.databind.exc.PropertyBindingException
23:36:06.630 [main] INFO  o.e.r.i.MethodCallReplacementClassAdapter - Adding mock interface to class com/fasterxml/jackson/databind/exc/PropertyBindingException
23:36:06.630 [main] INFO  o.e.r.i.MethodCallReplacementClassAdapter - No hashCode defined for: com/fasterxml/jackson/databind/exc/PropertyBindingException, superclass = com.fasterxml.jackson.databind.JsonMappingException
23:36:06.630 [main] INFO  o.e.r.i.CreateClassResetClassAdapter - Creating brand-new static initializer in class com/fasterxml/jackson/databind/exc/PropertyBindingException
23:36:06.630 [main] INFO  o.e.r.i.CreateClassResetClassAdapter - Adding bytecode for initializing field MAX_DESC_LENGTH
23:36:06.632 [main] DEBUG o.e.r.agent.TransformerForTests - Going to instrument: com.fasterxml.jackson.databind.deser.impl.TypeWrappedDeserializer
23:36:06.632 [main] INFO  o.e.r.i.MethodCallReplacementClassAdapter - Adding mock interface to class com/fasterxml/jackson/databind/deser/impl/TypeWrappedDeserializer
23:36:06.634 [main] INFO  o.e.r.i.MethodCallReplacementClassAdapter - No hashCode defined for: com/fasterxml/jackson/databind/deser/impl/TypeWrappedDeserializer, superclass = com.fasterxml.jackson.databind.JsonDeserializer
23:36:06.634 [main] INFO  o.e.r.i.CreateClassResetClassAdapter - Creating brand-new static initializer in class com/fasterxml/jackson/databind/deser/impl/TypeWrappedDeserializer
23:36:06.635 [main] DEBUG o.e.r.agent.TransformerForTests - Going to instrument: com.fasterxml.jackson.annotation.ObjectIdResolver
23:36:06.635 [main] DEBUG o.e.r.agent.TransformerForTests - Going to instrument: com.fasterxml.jackson.databind.deser.UnresolvedForwardReference
23:36:06.635 [main] INFO  o.e.r.i.MethodCallReplacementClassAdapter - Adding mock interface to class com/fasterxml/jackson/databind/deser/UnresolvedForwardReference
23:36:06.636 [main] INFO  o.e.r.i.MethodCallReplacementClassAdapter - No hashCode defined for: com/fasterxml/jackson/databind/deser/UnresolvedForwardReference, superclass = com.fasterxml.jackson.databind.JsonMappingException
23:36:06.636 [main] INFO  o.e.r.i.CreateClassResetClassAdapter - Creating brand-new static initializer in class com/fasterxml/jackson/databind/deser/UnresolvedForwardReference
23:36:06.637 [main] DEBUG o.e.r.agent.TransformerForTests - Going to instrument: org.springframework.http.MediaType$1
23:36:06.637 [main] INFO  o.e.r.i.MethodCallReplacementClassAdapter - Adding mock interface to class org/springframework/http/MediaType$1
23:36:06.637 [main] INFO  o.e.r.i.MethodCallReplacementClassAdapter - No hashCode defined for: org/springframework/http/MediaType$1, superclass = java.lang.Object
23:36:06.638 [main] DEBUG o.e.r.agent.TransformerForTests - Going to instrument: org.springframework.http.MediaType$2
23:36:06.638 [main] INFO  o.e.r.i.MethodCallReplacementClassAdapter - Adding mock interface to class org/springframework/http/MediaType$2
23:36:06.639 [main] INFO  o.e.r.i.MethodCallReplacementClassAdapter - No hashCode defined for: org/springframework/http/MediaType$2, superclass = org.springframework.util.MimeType$SpecificityComparator
23:36:06.639 [main] DEBUG o.e.r.agent.TransformerForTests - Going to instrument: org.springframework.util.MimeType$SpecificityComparator
23:36:06.639 [main] INFO  o.e.r.i.MethodCallReplacementClassAdapter - Adding mock interface to class org/springframework/util/MimeType$SpecificityComparator
23:36:06.640 [main] INFO  o.e.r.i.MethodCallReplacementClassAdapter - No hashCode defined for: org/springframework/util/MimeType$SpecificityComparator, superclass = java.lang.Object
23:36:06.640 [main] INFO  o.e.r.i.CreateClassResetClassAdapter - Creating brand-new static initializer in class org/springframework/util/MimeType$SpecificityComparator
23:36:06.641 [main] DEBUG o.e.r.agent.TransformerForTests - Going to instrument: org.springframework.util.MimeType
23:36:06.641 [main] INFO  o.e.r.i.MethodCallReplacementClassAdapter - Adding mock interface to class org/springframework/util/MimeType
23:36:06.644 [main] INFO  o.e.r.i.CreateClassResetClassAdapter - Found static initializer in class org/springframework/util/MimeType
23:36:06.645 [main] DEBUG o.e.r.agent.TransformerForTests - Going to instrument: org.springframework.http.MediaType
23:36:06.645 [main] INFO  o.e.r.i.MethodCallReplacementClassAdapter - Adding mock interface to class org/springframework/http/MediaType
23:36:06.646 [main] INFO  o.e.r.i.CreateClassResetClassAdapter - Found static initializer in class org/springframework/http/MediaType
23:36:06.647 [main] INFO  o.e.r.i.MethodCallReplacementClassAdapter - No hashCode defined for: org/springframework/http/MediaType, superclass = org.springframework.util.MimeType
23:36:06.648 [main] DEBUG o.e.r.agent.TransformerForTests - Going to instrument: org.springframework.jndi.JndiAccessor
23:36:06.648 [main] INFO  o.e.r.i.MethodCallReplacementClassAdapter - Adding mock interface to class org/springframework/jndi/JndiAccessor
23:36:06.649 [main] INFO  o.e.r.i.MethodCallReplacementClassAdapter - No hashCode defined for: org/springframework/jndi/JndiAccessor, superclass = java.lang.Object
23:36:06.649 [main] INFO  o.e.r.i.CreateClassResetClassAdapter - Creating brand-new static initializer in class org/springframework/jndi/JndiAccessor
23:36:06.649 [main] DEBUG o.e.r.agent.TransformerForTests - Going to instrument: org.springframework.web.servlet.config.annotation.CorsRegistry
23:36:06.650 [main] INFO  o.e.r.i.MethodCallReplacementClassAdapter - Adding mock interface to class org/springframework/web/servlet/config/annotation/CorsRegistry
23:36:06.650 [main] INFO  o.e.r.i.MethodCallReplacementClassAdapter - No hashCode defined for: org/springframework/web/servlet/config/annotation/CorsRegistry, superclass = java.lang.Object
23:36:06.650 [main] INFO  o.e.r.i.CreateClassResetClassAdapter - Creating brand-new static initializer in class org/springframework/web/servlet/config/annotation/CorsRegistry
23:36:06.651 [main] DEBUG o.e.r.agent.TransformerForTests - Going to instrument: org.apache.xalan.processor.TransformerFactoryImpl
23:36:06.652 [main] INFO  o.e.r.i.MethodCallReplacementClassAdapter - Adding mock interface to class org/apache/xalan/processor/TransformerFactoryImpl
23:36:06.659 [main] INFO  o.e.r.i.MethodCallReplacementClassAdapter - No hashCode defined for: org/apache/xalan/processor/TransformerFactoryImpl, superclass = javax.xml.transform.sax.SAXTransformerFactory
23:36:06.659 [main] INFO  o.e.r.i.CreateClassResetClassAdapter - Creating brand-new static initializer in class org/apache/xalan/processor/TransformerFactoryImpl
23:36:06.660 [main] INFO  o.e.r.i.CreateClassResetClassAdapter - Adding bytecode for initializing field XSLT_PROPERTIES
23:36:06.660 [main] INFO  o.e.r.i.CreateClassResetClassAdapter - Adding bytecode for initializing field FEATURE_INCREMENTAL
23:36:06.660 [main] INFO  o.e.r.i.CreateClassResetClassAdapter - Adding bytecode for initializing field FEATURE_OPTIMIZE
23:36:06.660 [main] INFO  o.e.r.i.CreateClassResetClassAdapter - Adding bytecode for initializing field FEATURE_SOURCE_LOCATION
23:36:06.664 [main] DEBUG o.e.r.agent.TransformerForTests - Going to instrument: org.apache.xml.utils.StopParseException
23:36:06.664 [main] INFO  o.e.r.i.MethodCallReplacementClassAdapter - Adding mock interface to class org/apache/xml/utils/StopParseException
23:36:06.665 [main] INFO  o.e.r.i.MethodCallReplacementClassAdapter - No hashCode defined for: org/apache/xml/utils/StopParseException, superclass = org.xml.sax.SAXException
23:36:06.665 [main] INFO  o.e.r.i.CreateClassResetClassAdapter - Creating brand-new static initializer in class org/apache/xml/utils/StopParseException
23:36:06.665 [main] DEBUG o.e.r.agent.TransformerForTests - Going to instrument: org.apache.xml.utils.DOMHelper
23:36:06.666 [main] INFO  o.e.r.i.MethodCallReplacementClassAdapter - Adding mock interface to class org/apache/xml/utils/DOMHelper
23:36:06.671 [main] INFO  o.e.r.i.CreateClassResetClassAdapter - Found static initializer in class org/apache/xml/utils/DOMHelper
23:36:06.671 [main] INFO  o.e.r.i.MethodCallReplacementClassAdapter - No hashCode defined for: org/apache/xml/utils/DOMHelper, superclass = java.lang.Object
23:36:06.672 [main] DEBUG o.e.r.agent.TransformerForTests - Going to instrument: org.apache.xml.utils.DOM2Helper
23:36:06.672 [main] INFO  o.e.r.i.MethodCallReplacementClassAdapter - Adding mock interface to class org/apache/xml/utils/DOM2Helper
23:36:06.673 [main] INFO  o.e.r.i.MethodCallReplacementClassAdapter - No hashCode defined for: org/apache/xml/utils/DOM2Helper, superclass = org.apache.xml.utils.DOMHelper
23:36:06.673 [main] INFO  o.e.r.i.CreateClassResetClassAdapter - Creating brand-new static initializer in class org/apache/xml/utils/DOM2Helper
23:36:06.676 [main] DEBUG o.e.r.agent.TransformerForTests - Going to instrument: org.apache.xalan.transformer.TransformerIdentityImpl
23:36:06.677 [main] INFO  o.e.r.i.MethodCallReplacementClassAdapter - Adding mock interface to class org/apache/xalan/transformer/TransformerIdentityImpl
23:36:06.691 [main] INFO  o.e.r.i.MethodCallReplacementClassAdapter - No hashCode defined for: org/apache/xalan/transformer/TransformerIdentityImpl, superclass = javax.xml.transform.Transformer
23:36:06.691 [main] INFO  o.e.r.i.CreateClassResetClassAdapter - Creating brand-new static initializer in class org/apache/xalan/transformer/TransformerIdentityImpl
23:36:06.693 [main] DEBUG o.e.r.agent.TransformerForTests - Going to instrument: org.springframework.web.servlet.mvc.method.RequestMappingInfo
23:36:06.693 [main] INFO  o.e.r.i.MethodCallReplacementClassAdapter - Adding mock interface to class org/springframework/web/servlet/mvc/method/RequestMappingInfo
23:36:06.695 [main] INFO  o.e.r.i.CreateClassResetClassAdapter - Creating brand-new static initializer in class org/springframework/web/servlet/mvc/method/RequestMappingInfo
23:36:06.696 [main] DEBUG o.e.r.agent.TransformerForTests - Going to instrument: org.springframework.web.servlet.mvc.condition.RequestCondition
23:36:06.697 [main] DEBUG o.e.r.agent.TransformerForTests - Going to instrument: org.springframework.web.servlet.mvc.method.RequestMappingInfo$Builder
23:36:06.698 [main] DEBUG o.e.r.agent.TransformerForTests - Going to instrument: org.springframework.core.env.MissingRequiredPropertiesException
23:36:06.699 [main] INFO  o.e.r.i.MethodCallReplacementClassAdapter - Adding mock interface to class org/springframework/core/env/MissingRequiredPropertiesException
23:36:06.699 [main] INFO  o.e.r.i.MethodCallReplacementClassAdapter - No hashCode defined for: org/springframework/core/env/MissingRequiredPropertiesException, superclass = java.lang.IllegalStateException
23:36:06.699 [main] INFO  o.e.r.i.CreateClassResetClassAdapter - Creating brand-new static initializer in class org/springframework/core/env/MissingRequiredPropertiesException
23:36:06.700 [main] DEBUG o.e.r.agent.TransformerForTests - Going to instrument: org.springframework.core.env.ConfigurableEnvironment
23:36:06.701 [main] DEBUG o.e.r.agent.TransformerForTests - Going to instrument: org.springframework.core.env.ConfigurablePropertyResolver
23:36:06.704 [main] DEBUG o.e.r.agent.TransformerForTests - Going to instrument: com.fasterxml.jackson.core.JsonEncoding
23:36:06.706 [main] INFO  o.e.r.i.MethodCallReplacementClassAdapter - Adding mock interface to class com/fasterxml/jackson/core/JsonEncoding
23:36:06.707 [main] INFO  o.e.r.i.CreateClassResetClassAdapter - Found static initializer in class com/fasterxml/jackson/core/JsonEncoding
23:36:06.707 [main] INFO  o.e.r.i.MethodCallReplacementClassAdapter - No hashCode defined for: com/fasterxml/jackson/core/JsonEncoding, superclass = java.lang.Enum
23:36:06.708 [main] DEBUG o.e.r.agent.TransformerForTests - Going to instrument: org.springframework.web.servlet.handler.AbstractHandlerMethodMapping
23:36:06.710 [main] INFO  o.e.r.i.MethodCallReplacementClassAdapter - Adding mock interface to class org/springframework/web/servlet/handler/AbstractHandlerMethodMapping
23:36:06.713 [main] INFO  o.e.r.i.CreateClassResetClassAdapter - Found static initializer in class org/springframework/web/servlet/handler/AbstractHandlerMethodMapping
23:36:06.713 [main] INFO  o.e.r.i.MethodCallReplacementClassAdapter - No hashCode defined for: org/springframework/web/servlet/handler/AbstractHandlerMethodMapping, superclass = org.springframework.web.servlet.handler.AbstractHandlerMapping
23:36:06.715 [main] DEBUG o.e.r.agent.TransformerForTests - Going to instrument: org.springframework.core.MethodIntrospector$MetadataLookup
23:36:06.716 [main] DEBUG o.e.r.agent.TransformerForTests - Going to instrument: org.springframework.web.method.HandlerMethod
23:36:06.717 [main] INFO  o.e.r.i.MethodCallReplacementClassAdapter - Adding mock interface to class org/springframework/web/method/HandlerMethod
23:36:06.718 [main] INFO  o.e.r.i.CreateClassResetClassAdapter - Creating brand-new static initializer in class org/springframework/web/method/HandlerMethod
23:36:06.719 [main] DEBUG o.e.r.agent.TransformerForTests - Going to instrument: org.springframework.core.BridgeMethodResolver
23:36:06.720 [main] INFO  o.e.r.i.MethodCallReplacementClassAdapter - Adding mock interface to class org/springframework/core/BridgeMethodResolver
23:36:06.721 [main] INFO  o.e.r.i.MethodCallReplacementClassAdapter - No hashCode defined for: org/springframework/core/BridgeMethodResolver, superclass = java.lang.Object
23:36:06.721 [main] INFO  o.e.r.i.CreateClassResetClassAdapter - Creating brand-new static initializer in class org/springframework/core/BridgeMethodResolver
23:36:06.723 [main] DEBUG o.e.r.agent.TransformerForTests - Going to instrument: org.springframework.util.StringUtils
23:36:06.723 [main] INFO  o.e.r.i.MethodCallReplacementClassAdapter - Adding mock interface to class org/springframework/util/StringUtils
23:36:06.728 [main] INFO  o.e.r.i.MethodCallReplacementClassAdapter - No hashCode defined for: org/springframework/util/StringUtils, superclass = java.lang.Object
23:36:06.728 [main] INFO  o.e.r.i.CreateClassResetClassAdapter - Creating brand-new static initializer in class org/springframework/util/StringUtils
23:36:06.728 [main] INFO  o.e.r.i.CreateClassResetClassAdapter - Adding bytecode for initializing field FOLDER_SEPARATOR
23:36:06.728 [main] INFO  o.e.r.i.CreateClassResetClassAdapter - Adding bytecode for initializing field WINDOWS_FOLDER_SEPARATOR
23:36:06.728 [main] INFO  o.e.r.i.CreateClassResetClassAdapter - Adding bytecode for initializing field TOP_PATH
23:36:06.728 [main] INFO  o.e.r.i.CreateClassResetClassAdapter - Adding bytecode for initializing field CURRENT_PATH
23:36:06.728 [main] INFO  o.e.r.i.CreateClassResetClassAdapter - Adding bytecode for initializing field EXTENSION_SEPARATOR
23:36:06.731 [main] DEBUG o.e.r.agent.TransformerForTests - Going to instrument: org.springframework.web.servlet.handler.AbstractHandlerExceptionResolver
23:36:06.731 [main] INFO  o.e.r.i.MethodCallReplacementClassAdapter - Adding mock interface to class org/springframework/web/servlet/handler/AbstractHandlerExceptionResolver
23:36:06.732 [main] INFO  o.e.r.i.MethodCallReplacementClassAdapter - No hashCode defined for: org/springframework/web/servlet/handler/AbstractHandlerExceptionResolver, superclass = java.lang.Object
23:36:06.733 [main] INFO  o.e.r.i.CreateClassResetClassAdapter - Creating brand-new static initializer in class org/springframework/web/servlet/handler/AbstractHandlerExceptionResolver
23:36:06.733 [main] INFO  o.e.r.i.CreateClassResetClassAdapter - Adding bytecode for initializing field HEADER_CACHE_CONTROL
23:36:06.736 [main] DEBUG o.e.r.agent.TransformerForTests - Going to instrument: org.springframework.core.convert.converter.ConditionalGenericConverter
23:36:06.737 [main] DEBUG o.e.r.agent.TransformerForTests - Going to instrument: org.springframework.core.convert.converter.ConditionalConverter
23:36:06.737 [main] DEBUG o.e.r.agent.TransformerForTests - Going to instrument: org.springframework.context.annotation.Import
23:36:06.738 [main] DEBUG o.e.r.agent.TransformerForTests - Going to instrument: org.springframework.web.context.ConfigurableWebEnvironment
23:36:06.739 [main] DEBUG o.e.r.agent.TransformerForTests - Going to instrument: org.springframework.format.support.DefaultFormattingConversionService
23:36:06.739 [main] INFO  o.e.r.i.MethodCallReplacementClassAdapter - Adding mock interface to class org/springframework/format/support/DefaultFormattingConversionService
23:36:06.739 [main] INFO  o.e.r.i.CreateClassResetClassAdapter - Found static initializer in class org/springframework/format/support/DefaultFormattingConversionService
23:36:06.740 [main] INFO  o.e.r.i.MethodCallReplacementClassAdapter - No hashCode defined for: org/springframework/format/support/DefaultFormattingConversionService, superclass = org.springframework.format.support.FormattingConversionService
23:36:06.740 [main] DEBUG o.e.r.agent.TransformerForTests - Going to instrument: org.springframework.format.AnnotationFormatterFactory
23:36:06.745 [main] DEBUG o.e.r.agent.TransformerForTests - Going to instrument: org.springframework.web.util.UrlPathHelper
23:36:06.745 [main] INFO  o.e.r.i.MethodCallReplacementClassAdapter - Adding mock interface to class org/springframework/web/util/UrlPathHelper
23:36:06.748 [main] INFO  o.e.r.i.CreateClassResetClassAdapter - Found static initializer in class org/springframework/web/util/UrlPathHelper
23:36:06.748 [main] INFO  o.e.r.i.MethodCallReplacementClassAdapter - No hashCode defined for: org/springframework/web/util/UrlPathHelper, superclass = java.lang.Object
23:36:06.750 [main] DEBUG o.e.r.agent.TransformerForTests - Going to instrument: com.fasterxml.jackson.core.JsonStreamContext
23:36:06.750 [main] INFO  o.e.r.i.MethodCallReplacementClassAdapter - Adding mock interface to class com/fasterxml/jackson/core/JsonStreamContext
23:36:06.751 [main] INFO  o.e.r.i.MethodCallReplacementClassAdapter - No hashCode defined for: com/fasterxml/jackson/core/JsonStreamContext, superclass = java.lang.Object
23:36:06.751 [main] INFO  o.e.r.i.CreateClassResetClassAdapter - Creating brand-new static initializer in class com/fasterxml/jackson/core/JsonStreamContext
23:36:06.752 [main] INFO  o.e.r.i.CreateClassResetClassAdapter - Adding bytecode for initializing field TYPE_ROOT
23:36:06.752 [main] INFO  o.e.r.i.CreateClassResetClassAdapter - Adding bytecode for initializing field TYPE_ARRAY
23:36:06.752 [main] INFO  o.e.r.i.CreateClassResetClassAdapter - Adding bytecode for initializing field TYPE_OBJECT
23:36:06.752 [main] DEBUG o.e.r.agent.TransformerForTests - Going to instrument: com.fasterxml.jackson.core.json.JsonWriteContext
23:36:06.753 [main] INFO  o.e.r.i.MethodCallReplacementClassAdapter - Adding mock interface to class com/fasterxml/jackson/core/json/JsonWriteContext
23:36:06.753 [main] INFO  o.e.r.i.MethodCallReplacementClassAdapter - No hashCode defined for: com/fasterxml/jackson/core/json/JsonWriteContext, superclass = com.fasterxml.jackson.core.JsonStreamContext
23:36:06.753 [main] INFO  o.e.r.i.CreateClassResetClassAdapter - Creating brand-new static initializer in class com/fasterxml/jackson/core/json/JsonWriteContext
23:36:06.754 [main] INFO  o.e.r.i.CreateClassResetClassAdapter - Adding bytecode for initializing field STATUS_OK_AS_IS
23:36:06.754 [main] INFO  o.e.r.i.CreateClassResetClassAdapter - Adding bytecode for initializing field STATUS_OK_AFTER_COMMA
23:36:06.754 [main] INFO  o.e.r.i.CreateClassResetClassAdapter - Adding bytecode for initializing field STATUS_OK_AFTER_COLON
23:36:06.754 [main] INFO  o.e.r.i.CreateClassResetClassAdapter - Adding bytecode for initializing field STATUS_OK_AFTER_SPACE
23:36:06.754 [main] INFO  o.e.r.i.CreateClassResetClassAdapter - Adding bytecode for initializing field STATUS_EXPECT_VALUE
23:36:06.754 [main] INFO  o.e.r.i.CreateClassResetClassAdapter - Adding bytecode for initializing field STATUS_EXPECT_NAME
23:36:06.757 [main] DEBUG o.e.r.agent.TransformerForTests - Going to instrument: com.fasterxml.jackson.databind.util.TokenBuffer$Parser
23:36:06.758 [main] INFO  o.e.r.i.MethodCallReplacementClassAdapter - Adding mock interface to class com/fasterxml/jackson/databind/util/TokenBuffer$Parser
23:36:06.762 [main] INFO  o.e.r.i.MethodCallReplacementClassAdapter - No hashCode defined for: com/fasterxml/jackson/databind/util/TokenBuffer$Parser, superclass = com.fasterxml.jackson.core.base.ParserMinimalBase
23:36:06.762 [main] INFO  o.e.r.i.CreateClassResetClassAdapter - Creating brand-new static initializer in class com/fasterxml/jackson/databind/util/TokenBuffer$Parser
23:36:06.763 [main] DEBUG o.e.r.agent.TransformerForTests - Going to instrument: com.fasterxml.jackson.core.JsonGenerator$Feature
23:36:06.763 [main] INFO  o.e.r.i.MethodCallReplacementClassAdapter - Adding mock interface to class com/fasterxml/jackson/core/JsonGenerator$Feature
23:36:06.764 [main] INFO  o.e.r.i.CreateClassResetClassAdapter - Found static initializer in class com/fasterxml/jackson/core/JsonGenerator$Feature
23:36:06.765 [main] INFO  o.e.r.i.MethodCallReplacementClassAdapter - No hashCode defined for: com/fasterxml/jackson/core/JsonGenerator$Feature, superclass = java.lang.Enum
23:36:06.766 [main] DEBUG o.e.r.agent.TransformerForTests - Going to instrument: org.springframework.web.bind.support.WebDataBinderFactory
23:36:06.768 [main] DEBUG o.e.r.agent.TransformerForTests - Going to instrument: org.springframework.http.HttpRequest
23:36:06.769 [main] DEBUG o.e.r.agent.TransformerForTests - Going to instrument: org.springframework.web.method.support.ModelAndViewContainer
23:36:06.769 [main] INFO  o.e.r.i.MethodCallReplacementClassAdapter - Adding mock interface to class org/springframework/web/method/support/ModelAndViewContainer
23:36:06.770 [main] INFO  o.e.r.i.MethodCallReplacementClassAdapter - No hashCode defined for: org/springframework/web/method/support/ModelAndViewContainer, superclass = java.lang.Object
23:36:06.770 [main] INFO  o.e.r.i.CreateClassResetClassAdapter - Creating brand-new static initializer in class org/springframework/web/method/support/ModelAndViewContainer
23:36:06.771 [main] DEBUG o.e.r.agent.TransformerForTests - Going to instrument: org.springframework.ui.ModelMap
23:36:06.771 [main] INFO  o.e.r.i.MethodCallReplacementClassAdapter - Adding mock interface to class org/springframework/ui/ModelMap
23:36:06.772 [main] INFO  o.e.r.i.MethodCallReplacementClassAdapter - No hashCode defined for: org/springframework/ui/ModelMap, superclass = java.util.LinkedHashMap
23:36:06.772 [main] INFO  o.e.r.i.CreateClassResetClassAdapter - Creating brand-new static initializer in class org/springframework/ui/ModelMap
23:36:06.773 [main] DEBUG o.e.r.agent.TransformerForTests - Going to instrument: org.springframework.validation.support.BindingAwareModelMap
23:36:06.773 [main] INFO  o.e.r.i.MethodCallReplacementClassAdapter - Adding mock interface to class org/springframework/validation/support/BindingAwareModelMap
23:36:06.773 [main] INFO  o.e.r.i.MethodCallReplacementClassAdapter - No hashCode defined for: org/springframework/validation/support/BindingAwareModelMap, superclass = org.springframework.ui.ExtendedModelMap
23:36:06.773 [main] INFO  o.e.r.i.CreateClassResetClassAdapter - Creating brand-new static initializer in class org/springframework/validation/support/BindingAwareModelMap
23:36:06.774 [main] DEBUG o.e.r.agent.TransformerForTests - Going to instrument: org.springframework.ui.ExtendedModelMap
23:36:06.774 [main] INFO  o.e.r.i.MethodCallReplacementClassAdapter - Adding mock interface to class org/springframework/ui/ExtendedModelMap
23:36:06.775 [main] INFO  o.e.r.i.MethodCallReplacementClassAdapter - No hashCode defined for: org/springframework/ui/ExtendedModelMap, superclass = org.springframework.ui.ModelMap
23:36:06.775 [main] INFO  o.e.r.i.CreateClassResetClassAdapter - Creating brand-new static initializer in class org/springframework/ui/ExtendedModelMap
23:36:06.775 [main] DEBUG o.e.r.agent.TransformerForTests - Going to instrument: org.springframework.ui.Model
23:36:06.777 [main] DEBUG o.e.r.agent.TransformerForTests - Going to instrument: org.springframework.web.bind.support.SessionStatus
23:36:06.779 [main] DEBUG o.e.r.agent.TransformerForTests - Going to instrument: org.springframework.format.datetime.standard.DateTimeFormatterRegistrar
23:36:06.779 [main] INFO  o.e.r.i.MethodCallReplacementClassAdapter - Adding mock interface to class org/springframework/format/datetime/standard/DateTimeFormatterRegistrar
23:36:06.781 [main] INFO  o.e.r.i.MethodCallReplacementClassAdapter - No hashCode defined for: org/springframework/format/datetime/standard/DateTimeFormatterRegistrar, superclass = java.lang.Object
23:36:06.781 [main] INFO  o.e.r.i.CreateClassResetClassAdapter - Creating brand-new static initializer in class org/springframework/format/datetime/standard/DateTimeFormatterRegistrar
23:36:06.783 [main] DEBUG o.e.r.agent.TransformerForTests - Going to instrument: org.springframework.format.FormatterRegistrar
23:36:06.785 [main] DEBUG o.e.r.agent.TransformerForTests - Going to instrument: org.springframework.http.server.ServerHttpResponse
23:36:06.786 [main] DEBUG o.e.r.agent.TransformerForTests - Going to instrument: org.springframework.web.servlet.mvc.method.RequestMappingInfoHandlerMapping
23:36:06.786 [main] INFO  o.e.r.i.MethodCallReplacementClassAdapter - Adding mock interface to class org/springframework/web/servlet/mvc/method/RequestMappingInfoHandlerMapping
23:36:06.787 [main] INFO  o.e.r.i.MethodCallReplacementClassAdapter - No hashCode defined for: org/springframework/web/servlet/mvc/method/RequestMappingInfoHandlerMapping, superclass = org.springframework.web.servlet.handler.AbstractHandlerMethodMapping
23:36:06.787 [main] INFO  o.e.r.i.CreateClassResetClassAdapter - Creating brand-new static initializer in class org/springframework/web/servlet/mvc/method/RequestMappingInfoHandlerMapping
23:36:06.788 [main] DEBUG o.e.r.agent.TransformerForTests - Going to instrument: org.springframework.web.HttpMediaTypeNotSupportedException
23:36:06.789 [main] INFO  o.e.r.i.MethodCallReplacementClassAdapter - Adding mock interface to class org/springframework/web/HttpMediaTypeNotSupportedException
23:36:06.789 [main] INFO  o.e.r.i.MethodCallReplacementClassAdapter - No hashCode defined for: org/springframework/web/HttpMediaTypeNotSupportedException, superclass = org.springframework.web.HttpMediaTypeException
23:36:06.789 [main] INFO  o.e.r.i.CreateClassResetClassAdapter - Creating brand-new static initializer in class org/springframework/web/HttpMediaTypeNotSupportedException
23:36:06.791 [main] DEBUG o.e.r.agent.TransformerForTests - Going to instrument: org.springframework.web.bind.UnsatisfiedServletRequestParameterException
23:36:06.792 [main] INFO  o.e.r.i.MethodCallReplacementClassAdapter - Adding mock interface to class org/springframework/web/bind/UnsatisfiedServletRequestParameterException
23:36:06.796 [main] INFO  o.e.r.i.MethodCallReplacementClassAdapter - No hashCode defined for: org/springframework/web/bind/UnsatisfiedServletRequestParameterException, superclass = org.springframework.web.bind.ServletRequestBindingException
23:36:06.796 [main] INFO  o.e.r.i.CreateClassResetClassAdapter - Creating brand-new static initializer in class org/springframework/web/bind/UnsatisfiedServletRequestParameterException
23:36:06.796 [main] DEBUG o.e.r.agent.TransformerForTests - Going to instrument: org.springframework.web.bind.ServletRequestBindingException
23:36:06.798 [main] INFO  o.e.r.i.MethodCallReplacementClassAdapter - Adding mock interface to class org/springframework/web/bind/ServletRequestBindingException
23:36:06.798 [main] INFO  o.e.r.i.MethodCallReplacementClassAdapter - No hashCode defined for: org/springframework/web/bind/ServletRequestBindingException, superclass = org.springframework.web.util.NestedServletException
23:36:06.798 [main] INFO  o.e.r.i.CreateClassResetClassAdapter - Creating brand-new static initializer in class org/springframework/web/bind/ServletRequestBindingException
23:36:06.800 [main] DEBUG o.e.r.agent.TransformerForTests - Going to instrument: org.springframework.core.ResolvableType$SyntheticParameterizedType
23:36:06.800 [main] INFO  o.e.r.i.MethodCallReplacementClassAdapter - Adding mock interface to class org/springframework/core/ResolvableType$SyntheticParameterizedType
23:36:06.800 [main] INFO  o.e.r.i.CreateClassResetClassAdapter - Creating brand-new static initializer in class org/springframework/core/ResolvableType$SyntheticParameterizedType
23:36:06.801 [main] DEBUG o.e.r.agent.TransformerForTests - Going to instrument: org.springframework.http.converter.AbstractGenericHttpMessageConverter
23:36:06.801 [main] INFO  o.e.r.i.MethodCallReplacementClassAdapter - Adding mock interface to class org/springframework/http/converter/AbstractGenericHttpMessageConverter
23:36:06.802 [main] INFO  o.e.r.i.MethodCallReplacementClassAdapter - No hashCode defined for: org/springframework/http/converter/AbstractGenericHttpMessageConverter, superclass = org.springframework.http.converter.AbstractHttpMessageConverter
23:36:06.802 [main] INFO  o.e.r.i.CreateClassResetClassAdapter - Creating brand-new static initializer in class org/springframework/http/converter/AbstractGenericHttpMessageConverter
23:36:06.802 [main] DEBUG o.e.r.agent.TransformerForTests - Going to instrument: org.springframework.http.converter.GenericHttpMessageConverter
23:36:06.803 [main] DEBUG o.e.r.agent.TransformerForTests - Going to instrument: org.springframework.web.context.support.StandardServletEnvironment
23:36:06.803 [main] INFO  o.e.r.i.MethodCallReplacementClassAdapter - Adding mock interface to class org/springframework/web/context/support/StandardServletEnvironment
23:36:06.804 [main] INFO  o.e.r.i.MethodCallReplacementClassAdapter - No hashCode defined for: org/springframework/web/context/support/StandardServletEnvironment, superclass = org.springframework.core.env.StandardEnvironment
23:36:06.804 [main] INFO  o.e.r.i.CreateClassResetClassAdapter - Creating brand-new static initializer in class org/springframework/web/context/support/StandardServletEnvironment
23:36:06.804 [main] INFO  o.e.r.i.CreateClassResetClassAdapter - Adding bytecode for initializing field SERVLET_CONTEXT_PROPERTY_SOURCE_NAME
23:36:06.804 [main] INFO  o.e.r.i.CreateClassResetClassAdapter - Adding bytecode for initializing field SERVLET_CONFIG_PROPERTY_SOURCE_NAME
23:36:06.805 [main] INFO  o.e.r.i.CreateClassResetClassAdapter - Adding bytecode for initializing field JNDI_PROPERTY_SOURCE_NAME
23:36:06.805 [main] DEBUG o.e.r.agent.TransformerForTests - Going to instrument: org.springframework.core.env.StandardEnvironment
23:36:06.806 [main] INFO  o.e.r.i.MethodCallReplacementClassAdapter - Adding mock interface to class org/springframework/core/env/StandardEnvironment
23:36:06.806 [main] INFO  o.e.r.i.MethodCallReplacementClassAdapter - No hashCode defined for: org/springframework/core/env/StandardEnvironment, superclass = org.springframework.core.env.AbstractEnvironment
23:36:06.806 [main] INFO  o.e.r.i.CreateClassResetClassAdapter - Creating brand-new static initializer in class org/springframework/core/env/StandardEnvironment
23:36:06.806 [main] INFO  o.e.r.i.CreateClassResetClassAdapter - Adding bytecode for initializing field SYSTEM_ENVIRONMENT_PROPERTY_SOURCE_NAME
23:36:06.807 [main] INFO  o.e.r.i.CreateClassResetClassAdapter - Adding bytecode for initializing field SYSTEM_PROPERTIES_PROPERTY_SOURCE_NAME
23:36:06.807 [main] DEBUG o.e.r.agent.TransformerForTests - Going to instrument: org.springframework.core.env.AbstractEnvironment
23:36:06.807 [main] INFO  o.e.r.i.MethodCallReplacementClassAdapter - Adding mock interface to class org/springframework/core/env/AbstractEnvironment
23:36:06.810 [main] INFO  o.e.r.i.MethodCallReplacementClassAdapter - No hashCode defined for: org/springframework/core/env/AbstractEnvironment, superclass = java.lang.Object
23:36:06.810 [main] INFO  o.e.r.i.CreateClassResetClassAdapter - Creating brand-new static initializer in class org/springframework/core/env/AbstractEnvironment
23:36:06.815 [main] INFO  o.e.r.i.CreateClassResetClassAdapter - Adding bytecode for initializing field IGNORE_GETENV_PROPERTY_NAME
23:36:06.815 [main] INFO  o.e.r.i.CreateClassResetClassAdapter - Adding bytecode for initializing field ACTIVE_PROFILES_PROPERTY_NAME
23:36:06.815 [main] INFO  o.e.r.i.CreateClassResetClassAdapter - Adding bytecode for initializing field DEFAULT_PROFILES_PROPERTY_NAME
23:36:06.815 [main] INFO  o.e.r.i.CreateClassResetClassAdapter - Adding bytecode for initializing field RESERVED_DEFAULT_PROFILE_NAME
23:36:06.817 [main] DEBUG o.e.r.agent.TransformerForTests - Going to instrument: org.springframework.core.env.MapPropertySource
23:36:06.817 [main] INFO  o.e.r.i.MethodCallReplacementClassAdapter - Adding mock interface to class org/springframework/core/env/MapPropertySource
23:36:06.817 [main] INFO  o.e.r.i.MethodCallReplacementClassAdapter - No hashCode defined for: org/springframework/core/env/MapPropertySource, superclass = org.springframework.core.env.EnumerablePropertySource
23:36:06.817 [main] INFO  o.e.r.i.CreateClassResetClassAdapter - Creating brand-new static initializer in class org/springframework/core/env/MapPropertySource
23:36:06.818 [main] DEBUG o.e.r.agent.TransformerForTests - Going to instrument: org.springframework.core.env.EnumerablePropertySource
23:36:06.818 [main] INFO  o.e.r.i.MethodCallReplacementClassAdapter - Adding mock interface to class org/springframework/core/env/EnumerablePropertySource
23:36:06.818 [main] INFO  o.e.r.i.MethodCallReplacementClassAdapter - No hashCode defined for: org/springframework/core/env/EnumerablePropertySource, superclass = org.springframework.core.env.PropertySource
23:36:06.818 [main] INFO  o.e.r.i.CreateClassResetClassAdapter - Creating brand-new static initializer in class org/springframework/core/env/EnumerablePropertySource
23:36:06.819 [main] DEBUG o.e.r.agent.TransformerForTests - Going to instrument: org.springframework.core.env.SystemEnvironmentPropertySource
23:36:06.819 [main] INFO  o.e.r.i.MethodCallReplacementClassAdapter - Adding mock interface to class org/springframework/core/env/SystemEnvironmentPropertySource
23:36:06.819 [main] INFO  o.e.r.i.MethodCallReplacementClassAdapter - No hashCode defined for: org/springframework/core/env/SystemEnvironmentPropertySource, superclass = org.springframework.core.env.MapPropertySource
23:36:06.822 [main] INFO  o.e.r.i.CreateClassResetClassAdapter - Creating brand-new static initializer in class org/springframework/core/env/SystemEnvironmentPropertySource
23:36:06.823 [main] DEBUG o.e.r.agent.TransformerForTests - Going to instrument: org.springframework.jndi.JndiPropertySource
23:36:06.824 [main] INFO  o.e.r.i.MethodCallReplacementClassAdapter - Adding mock interface to class org/springframework/jndi/JndiPropertySource
23:36:06.825 [main] INFO  o.e.r.i.MethodCallReplacementClassAdapter - No hashCode defined for: org/springframework/jndi/JndiPropertySource, superclass = org.springframework.core.env.PropertySource
23:36:06.825 [main] INFO  o.e.r.i.CreateClassResetClassAdapter - Creating brand-new static initializer in class org/springframework/jndi/JndiPropertySource
23:36:06.826 [main] DEBUG o.e.r.agent.TransformerForTests - Going to instrument: org.springframework.util.ConcurrentReferenceHashMap$EntryIterator
23:36:06.826 [main] INFO  o.e.r.i.MethodCallReplacementClassAdapter - Adding mock interface to class org/springframework/util/ConcurrentReferenceHashMap$EntryIterator
23:36:06.826 [main] INFO  o.e.r.i.MethodCallReplacementClassAdapter - No hashCode defined for: org/springframework/util/ConcurrentReferenceHashMap$EntryIterator, superclass = java.lang.Object
23:36:06.826 [main] INFO  o.e.r.i.CreateClassResetClassAdapter - Creating brand-new static initializer in class org/springframework/util/ConcurrentReferenceHashMap$EntryIterator
23:36:06.828 [main] DEBUG o.e.r.agent.TransformerForTests - Going to instrument: org.springframework.context.annotation.Configuration
23:36:06.829 [main] DEBUG o.e.r.agent.TransformerForTests - Going to instrument: org.springframework.boot.autoconfigure.web.WebMvcProperties$Async
23:36:06.830 [main] INFO  o.e.r.i.MethodCallReplacementClassAdapter - Adding mock interface to class org/springframework/boot/autoconfigure/web/WebMvcProperties$Async
23:36:06.830 [main] INFO  o.e.r.i.MethodCallReplacementClassAdapter - No hashCode defined for: org/springframework/boot/autoconfigure/web/WebMvcProperties$Async, superclass = java.lang.Object
23:36:06.830 [main] INFO  o.e.r.i.CreateClassResetClassAdapter - Creating brand-new static initializer in class org/springframework/boot/autoconfigure/web/WebMvcProperties$Async
23:36:06.831 [main] DEBUG o.e.r.agent.TransformerForTests - Going to instrument: org.springframework.web.servlet.mvc.method.annotation.ServletRequestDataBinderFactory
23:36:06.832 [main] INFO  o.e.r.i.MethodCallReplacementClassAdapter - Adding mock interface to class org/springframework/web/servlet/mvc/method/annotation/ServletRequestDataBinderFactory
23:36:06.832 [main] INFO  o.e.r.i.MethodCallReplacementClassAdapter - No hashCode defined for: org/springframework/web/servlet/mvc/method/annotation/ServletRequestDataBinderFactory, superclass = org.springframework.web.method.annotation.InitBinderDataBinderFactory
23:36:06.832 [main] INFO  o.e.r.i.CreateClassResetClassAdapter - Creating brand-new static initializer in class org/springframework/web/servlet/mvc/method/annotation/ServletRequestDataBinderFactory
23:36:06.833 [main] DEBUG o.e.r.agent.TransformerForTests - Going to instrument: org.springframework.web.method.annotation.InitBinderDataBinderFactory
23:36:06.833 [main] INFO  o.e.r.i.MethodCallReplacementClassAdapter - Adding mock interface to class org/springframework/web/method/annotation/InitBinderDataBinderFactory
23:36:06.834 [main] INFO  o.e.r.i.MethodCallReplacementClassAdapter - No hashCode defined for: org/springframework/web/method/annotation/InitBinderDataBinderFactory, superclass = org.springframework.web.bind.support.DefaultDataBinderFactory
23:36:06.834 [main] INFO  o.e.r.i.CreateClassResetClassAdapter - Creating brand-new static initializer in class org/springframework/web/method/annotation/InitBinderDataBinderFactory
23:36:06.835 [main] DEBUG o.e.r.agent.TransformerForTests - Going to instrument: org.springframework.web.bind.support.DefaultDataBinderFactory
23:36:06.835 [main] INFO  o.e.r.i.MethodCallReplacementClassAdapter - Adding mock interface to class org/springframework/web/bind/support/DefaultDataBinderFactory
23:36:06.835 [main] INFO  o.e.r.i.MethodCallReplacementClassAdapter - No hashCode defined for: org/springframework/web/bind/support/DefaultDataBinderFactory, superclass = java.lang.Object
23:36:06.836 [main] INFO  o.e.r.i.CreateClassResetClassAdapter - Creating brand-new static initializer in class org/springframework/web/bind/support/DefaultDataBinderFactory
23:36:06.837 [main] DEBUG o.e.r.agent.TransformerForTests - Going to instrument: org.springframework.web.bind.WebDataBinder
23:36:06.837 [main] INFO  o.e.r.i.MethodCallReplacementClassAdapter - Adding mock interface to class org/springframework/web/bind/WebDataBinder
23:36:06.837 [main] INFO  o.e.r.i.MethodCallReplacementClassAdapter - No hashCode defined for: org/springframework/web/bind/WebDataBinder, superclass = org.springframework.validation.DataBinder
23:36:06.837 [main] INFO  o.e.r.i.CreateClassResetClassAdapter - Creating brand-new static initializer in class org/springframework/web/bind/WebDataBinder
23:36:06.838 [main] INFO  o.e.r.i.CreateClassResetClassAdapter - Adding bytecode for initializing field DEFAULT_FIELD_MARKER_PREFIX
23:36:06.838 [main] INFO  o.e.r.i.CreateClassResetClassAdapter - Adding bytecode for initializing field DEFAULT_FIELD_DEFAULT_PREFIX
23:36:06.839 [main] DEBUG o.e.r.agent.TransformerForTests - Going to instrument: org.springframework.validation.DataBinder
23:36:06.839 [main] INFO  o.e.r.i.MethodCallReplacementClassAdapter - Adding mock interface to class org/springframework/validation/DataBinder
23:36:06.842 [main] INFO  o.e.r.i.CreateClassResetClassAdapter - Found static initializer in class org/springframework/validation/DataBinder
23:36:06.842 [main] INFO  o.e.r.i.MethodCallReplacementClassAdapter - No hashCode defined for: org/springframework/validation/DataBinder, superclass = java.lang.Object
23:36:06.843 [main] DEBUG o.e.r.agent.TransformerForTests - Going to instrument: org.springframework.beans.PropertyEditorRegistry
23:36:06.844 [main] DEBUG o.e.r.agent.TransformerForTests - Going to instrument: org.springframework.beans.TypeConverter
23:36:06.845 [main] DEBUG o.e.r.agent.TransformerForTests - Going to instrument: org.springframework.web.bind.support.WebRequestDataBinder
23:36:06.846 [main] INFO  o.e.r.i.MethodCallReplacementClassAdapter - Adding mock interface to class org/springframework/web/bind/support/WebRequestDataBinder
23:36:06.846 [main] INFO  o.e.r.i.MethodCallReplacementClassAdapter - No hashCode defined for: org/springframework/web/bind/support/WebRequestDataBinder, superclass = org.springframework.web.bind.WebDataBinder
23:36:06.847 [main] INFO  o.e.r.i.CreateClassResetClassAdapter - Creating brand-new static initializer in class org/springframework/web/bind/support/WebRequestDataBinder
23:36:06.848 [main] DEBUG o.e.r.agent.TransformerForTests - Going to instrument: org.springframework.web.method.support.InvocableHandlerMethod
23:36:06.848 [main] INFO  o.e.r.i.MethodCallReplacementClassAdapter - Adding mock interface to class org/springframework/web/method/support/InvocableHandlerMethod
23:36:06.850 [main] INFO  o.e.r.i.MethodCallReplacementClassAdapter - No hashCode defined for: org/springframework/web/method/support/InvocableHandlerMethod, superclass = org.springframework.web.method.HandlerMethod
23:36:06.850 [main] INFO  o.e.r.i.CreateClassResetClassAdapter - Creating brand-new static initializer in class org/springframework/web/method/support/InvocableHandlerMethod
23:36:06.851 [main] DEBUG o.e.r.agent.TransformerForTests - Going to instrument: org.springframework.web.bind.ServletRequestDataBinder
23:36:06.851 [main] INFO  o.e.r.i.MethodCallReplacementClassAdapter - Adding mock interface to class org/springframework/web/bind/ServletRequestDataBinder
23:36:06.851 [main] INFO  o.e.r.i.MethodCallReplacementClassAdapter - No hashCode defined for: org/springframework/web/bind/ServletRequestDataBinder, superclass = org.springframework.web.bind.WebDataBinder
23:36:06.851 [main] INFO  o.e.r.i.CreateClassResetClassAdapter - Creating brand-new static initializer in class org/springframework/web/bind/ServletRequestDataBinder
23:36:06.852 [main] DEBUG o.e.r.agent.TransformerForTests - Going to instrument: org.springframework.web.servlet.mvc.method.annotation.ExtendedServletRequestDataBinder
23:36:06.852 [main] INFO  o.e.r.i.MethodCallReplacementClassAdapter - Adding mock interface to class org/springframework/web/servlet/mvc/method/annotation/ExtendedServletRequestDataBinder
23:36:06.853 [main] INFO  o.e.r.i.MethodCallReplacementClassAdapter - No hashCode defined for: org/springframework/web/servlet/mvc/method/annotation/ExtendedServletRequestDataBinder, superclass = org.springframework.web.bind.ServletRequestDataBinder
23:36:06.853 [main] INFO  o.e.r.i.CreateClassResetClassAdapter - Creating brand-new static initializer in class org/springframework/web/servlet/mvc/method/annotation/ExtendedServletRequestDataBinder
23:36:06.854 [main] DEBUG o.e.r.agent.TransformerForTests - Going to instrument: org.springframework.core.SerializableTypeWrapper$MethodInvokeTypeProvider
23:36:06.854 [main] INFO  o.e.r.i.MethodCallReplacementClassAdapter - Adding mock interface to class org/springframework/core/SerializableTypeWrapper$MethodInvokeTypeProvider
23:36:06.859 [main] INFO  o.e.r.i.MethodCallReplacementClassAdapter - No hashCode defined for: org/springframework/core/SerializableTypeWrapper$MethodInvokeTypeProvider, superclass = java.lang.Object
23:36:06.859 [main] INFO  o.e.r.i.CreateClassResetClassAdapter - Creating brand-new static initializer in class org/springframework/core/SerializableTypeWrapper$MethodInvokeTypeProvider
23:36:06.861 [main] DEBUG o.e.r.agent.TransformerForTests - Going to instrument: org.springframework.web.servlet.mvc.method.annotation.ServletInvocableHandlerMethod
23:36:06.862 [main] INFO  o.e.r.i.MethodCallReplacementClassAdapter - Adding mock interface to class org/springframework/web/servlet/mvc/method/annotation/ServletInvocableHandlerMethod
23:36:06.865 [main] INFO  o.e.r.i.CreateClassResetClassAdapter - Found static initializer in class org/springframework/web/servlet/mvc/method/annotation/ServletInvocableHandlerMethod
23:36:06.865 [main] INFO  o.e.r.i.MethodCallReplacementClassAdapter - No hashCode defined for: org/springframework/web/servlet/mvc/method/annotation/ServletInvocableHandlerMethod, superclass = org.springframework.web.method.support.InvocableHandlerMethod
23:36:06.867 [main] DEBUG o.e.r.agent.TransformerForTests - Going to instrument: org.springframework.web.servlet.mvc.method.annotation.ServletInvocableHandlerMethod$ConcurrentResultHandlerMethod
23:36:06.868 [main] INFO  o.e.r.i.MethodCallReplacementClassAdapter - Adding mock interface to class org/springframework/web/servlet/mvc/method/annotation/ServletInvocableHandlerMethod$ConcurrentResultHandlerMethod
23:36:06.868 [main] INFO  o.e.r.i.MethodCallReplacementClassAdapter - No hashCode defined for: org/springframework/web/servlet/mvc/method/annotation/ServletInvocableHandlerMethod$ConcurrentResultHandlerMethod, superclass = org.springframework.web.servlet.mvc.method.annotation.ServletInvocableHandlerMethod
23:36:06.868 [main] INFO  o.e.r.i.CreateClassResetClassAdapter - Creating brand-new static initializer in class org/springframework/web/servlet/mvc/method/annotation/ServletInvocableHandlerMethod$ConcurrentResultHandlerMethod
23:36:06.869 [main] DEBUG o.e.r.agent.TransformerForTests - Going to instrument: org.springframework.core.convert.converter.GenericConverter$ConvertiblePair
23:36:06.870 [main] INFO  o.e.r.i.MethodCallReplacementClassAdapter - Adding mock interface to class org/springframework/core/convert/converter/GenericConverter$ConvertiblePair
23:36:06.870 [main] INFO  o.e.r.i.CreateClassResetClassAdapter - Creating brand-new static initializer in class org/springframework/core/convert/converter/GenericConverter$ConvertiblePair
23:36:06.871 [main] DEBUG o.e.r.agent.TransformerForTests - Going to instrument: org.springframework.boot.autoconfigure.web.WebMvcAutoConfiguration$ResourceChainCustomizerConfiguration
23:36:06.871 [main] INFO  o.e.r.i.MethodCallReplacementClassAdapter - Adding mock interface to class org/springframework/boot/autoconfigure/web/WebMvcAutoConfiguration$ResourceChainCustomizerConfiguration
23:36:06.871 [main] INFO  o.e.r.i.MethodCallReplacementClassAdapter - No hashCode defined for: org/springframework/boot/autoconfigure/web/WebMvcAutoConfiguration$ResourceChainCustomizerConfiguration, superclass = java.lang.Object
23:36:06.871 [main] INFO  o.e.r.i.CreateClassResetClassAdapter - Creating brand-new static initializer in class org/springframework/boot/autoconfigure/web/WebMvcAutoConfiguration$ResourceChainCustomizerConfiguration
23:36:06.872 [main] DEBUG o.e.r.agent.TransformerForTests - Going to instrument: org.springframework.core.convert.TypeDescriptor
23:36:06.873 [main] INFO  o.e.r.i.MethodCallReplacementClassAdapter - Adding mock interface to class org/springframework/core/convert/TypeDescriptor
23:36:06.877 [main] INFO  o.e.r.i.CreateClassResetClassAdapter - Found static initializer in class org/springframework/core/convert/TypeDescriptor
23:36:06.879 [main] DEBUG o.e.r.agent.TransformerForTests - Going to instrument: org.springframework.web.servlet.mvc.HttpRequestHandlerAdapter
23:36:06.879 [main] INFO  o.e.r.i.MethodCallReplacementClassAdapter - Adding mock interface to class org/springframework/web/servlet/mvc/HttpRequestHandlerAdapter
23:36:06.880 [main] INFO  o.e.r.i.MethodCallReplacementClassAdapter - No hashCode defined for: org/springframework/web/servlet/mvc/HttpRequestHandlerAdapter, superclass = java.lang.Object
23:36:06.880 [main] INFO  o.e.r.i.CreateClassResetClassAdapter - Creating brand-new static initializer in class org/springframework/web/servlet/mvc/HttpRequestHandlerAdapter
23:36:06.881 [main] DEBUG o.e.r.agent.TransformerForTests - Going to instrument: org.springframework.stereotype.Component
23:36:06.882 [main] DEBUG o.e.r.agent.TransformerForTests - Going to instrument: org.springframework.beans.factory.NoSuchBeanDefinitionException
23:36:06.882 [main] INFO  o.e.r.i.MethodCallReplacementClassAdapter - Adding mock interface to class org/springframework/beans/factory/NoSuchBeanDefinitionException
23:36:06.883 [main] INFO  o.e.r.i.MethodCallReplacementClassAdapter - No hashCode defined for: org/springframework/beans/factory/NoSuchBeanDefinitionException, superclass = org.springframework.beans.BeansException
23:36:06.883 [main] INFO  o.e.r.i.CreateClassResetClassAdapter - Creating brand-new static initializer in class org/springframework/beans/factory/NoSuchBeanDefinitionException
23:36:06.885 [main] DEBUG o.e.r.agent.TransformerForTests - Going to instrument: org.springframework.core.convert.support.CollectionToStringConverter
23:36:06.885 [main] INFO  o.e.r.i.MethodCallReplacementClassAdapter - Adding mock interface to class org/springframework/core/convert/support/CollectionToStringConverter
23:36:06.886 [main] INFO  o.e.r.i.MethodCallReplacementClassAdapter - No hashCode defined for: org/springframework/core/convert/support/CollectionToStringConverter, superclass = java.lang.Object
23:36:06.886 [main] INFO  o.e.r.i.CreateClassResetClassAdapter - Creating brand-new static initializer in class org/springframework/core/convert/support/CollectionToStringConverter
23:36:06.886 [main] INFO  o.e.r.i.CreateClassResetClassAdapter - Adding bytecode for initializing field DELIMITER
23:36:06.887 [main] DEBUG o.e.r.agent.TransformerForTests - Going to instrument: org.springframework.web.servlet.config.annotation.WebMvcConfigurationSupport$EmptyHandlerMapping
23:36:06.888 [main] INFO  o.e.r.i.MethodCallReplacementClassAdapter - Adding mock interface to class org/springframework/web/servlet/config/annotation/WebMvcConfigurationSupport$EmptyHandlerMapping
23:36:06.888 [main] INFO  o.e.r.i.MethodCallReplacementClassAdapter - No hashCode defined for: org/springframework/web/servlet/config/annotation/WebMvcConfigurationSupport$EmptyHandlerMapping, superclass = org.springframework.web.servlet.handler.AbstractHandlerMapping
23:36:06.888 [main] INFO  o.e.r.i.CreateClassResetClassAdapter - Creating brand-new static initializer in class org/springframework/web/servlet/config/annotation/WebMvcConfigurationSupport$EmptyHandlerMapping
23:36:06.889 [main] DEBUG o.e.r.agent.TransformerForTests - Going to instrument: org.springframework.web.servlet.resource.ResourceUrlProvider
23:36:06.889 [main] INFO  o.e.r.i.MethodCallReplacementClassAdapter - Adding mock interface to class org/springframework/web/servlet/resource/ResourceUrlProvider
23:36:06.890 [main] INFO  o.e.r.i.MethodCallReplacementClassAdapter - No hashCode defined for: org/springframework/web/servlet/resource/ResourceUrlProvider, superclass = java.lang.Object
23:36:06.890 [main] INFO  o.e.r.i.CreateClassResetClassAdapter - Creating brand-new static initializer in class org/springframework/web/servlet/resource/ResourceUrlProvider
23:36:06.891 [main] DEBUG o.e.r.agent.TransformerForTests - Going to instrument: org.springframework.context.ApplicationListener
23:36:06.892 [main] DEBUG o.e.r.agent.TransformerForTests - Going to instrument: org.springframework.web.servlet.config.annotation.ResourceHandlerRegistration
23:36:06.892 [main] INFO  o.e.r.i.MethodCallReplacementClassAdapter - Adding mock interface to class org/springframework/web/servlet/config/annotation/ResourceHandlerRegistration
23:36:06.893 [main] INFO  o.e.r.i.MethodCallReplacementClassAdapter - No hashCode defined for: org/springframework/web/servlet/config/annotation/ResourceHandlerRegistration, superclass = java.lang.Object
23:36:06.893 [main] INFO  o.e.r.i.CreateClassResetClassAdapter - Creating brand-new static initializer in class org/springframework/web/servlet/config/annotation/ResourceHandlerRegistration
23:36:06.895 [main] DEBUG o.e.r.agent.TransformerForTests - Going to instrument: org.springframework.http.CacheControl
23:36:06.895 [main] INFO  o.e.r.i.MethodCallReplacementClassAdapter - Adding mock interface to class org/springframework/http/CacheControl
23:36:06.899 [main] INFO  o.e.r.i.MethodCallReplacementClassAdapter - No hashCode defined for: org/springframework/http/CacheControl, superclass = java.lang.Object
23:36:06.900 [main] INFO  o.e.r.i.CreateClassResetClassAdapter - Creating brand-new static initializer in class org/springframework/http/CacheControl
23:36:06.901 [main] DEBUG o.e.r.agent.TransformerForTests - Going to instrument: com.fasterxml.jackson.databind.node.NodeCursor
23:36:06.901 [main] INFO  o.e.r.i.MethodCallReplacementClassAdapter - Adding mock interface to class com/fasterxml/jackson/databind/node/NodeCursor
23:36:06.903 [main] INFO  o.e.r.i.MethodCallReplacementClassAdapter - No hashCode defined for: com/fasterxml/jackson/databind/node/NodeCursor, superclass = com.fasterxml.jackson.core.JsonStreamContext
23:36:06.903 [main] INFO  o.e.r.i.CreateClassResetClassAdapter - Creating brand-new static initializer in class com/fasterxml/jackson/databind/node/NodeCursor
23:36:06.903 [main] DEBUG o.e.r.agent.TransformerForTests - Going to instrument: com.fasterxml.jackson.databind.node.NodeCursor$ArrayCursor
23:36:06.903 [main] INFO  o.e.r.i.MethodCallReplacementClassAdapter - Adding mock interface to class com/fasterxml/jackson/databind/node/NodeCursor$ArrayCursor
23:36:06.903 [main] INFO  o.e.r.i.MethodCallReplacementClassAdapter - No hashCode defined for: com/fasterxml/jackson/databind/node/NodeCursor$ArrayCursor, superclass = com.fasterxml.jackson.databind.node.NodeCursor
23:36:06.904 [main] INFO  o.e.r.i.CreateClassResetClassAdapter - Creating brand-new static initializer in class com/fasterxml/jackson/databind/node/NodeCursor$ArrayCursor
23:36:06.904 [main] DEBUG o.e.r.agent.TransformerForTests - Going to instrument: com.fasterxml.jackson.databind.node.NodeCursor$ObjectCursor
23:36:06.904 [main] INFO  o.e.r.i.MethodCallReplacementClassAdapter - Adding mock interface to class com/fasterxml/jackson/databind/node/NodeCursor$ObjectCursor
23:36:06.904 [main] INFO  o.e.r.i.MethodCallReplacementClassAdapter - No hashCode defined for: com/fasterxml/jackson/databind/node/NodeCursor$ObjectCursor, superclass = com.fasterxml.jackson.databind.node.NodeCursor
23:36:06.904 [main] INFO  o.e.r.i.CreateClassResetClassAdapter - Creating brand-new static initializer in class com/fasterxml/jackson/databind/node/NodeCursor$ObjectCursor
23:36:06.905 [main] DEBUG o.e.r.agent.TransformerForTests - Going to instrument: com.fasterxml.jackson.databind.node.NodeCursor$RootCursor
23:36:06.905 [main] INFO  o.e.r.i.MethodCallReplacementClassAdapter - Adding mock interface to class com/fasterxml/jackson/databind/node/NodeCursor$RootCursor
23:36:06.905 [main] INFO  o.e.r.i.MethodCallReplacementClassAdapter - No hashCode defined for: com/fasterxml/jackson/databind/node/NodeCursor$RootCursor, superclass = com.fasterxml.jackson.databind.node.NodeCursor
23:36:06.905 [main] INFO  o.e.r.i.CreateClassResetClassAdapter - Creating brand-new static initializer in class com/fasterxml/jackson/databind/node/NodeCursor$RootCursor
23:36:06.906 [main] DEBUG o.e.r.agent.TransformerForTests - Going to instrument: org.springframework.context.ApplicationEventPublisher
23:36:06.907 [main] DEBUG o.e.r.agent.TransformerForTests - Going to instrument: org.springframework.core.task.TaskExecutor
23:36:06.908 [main] DEBUG o.e.r.agent.TransformerForTests - Going to instrument: org.springframework.validation.beanvalidation.LocalValidatorFactoryBean
23:36:06.908 [main] INFO  o.e.r.i.MethodCallReplacementClassAdapter - Adding mock interface to class org/springframework/validation/beanvalidation/LocalValidatorFactoryBean
23:36:06.911 [main] INFO  o.e.r.i.CreateClassResetClassAdapter - Found static initializer in class org/springframework/validation/beanvalidation/LocalValidatorFactoryBean
23:36:06.911 [main] INFO  o.e.r.i.MethodCallReplacementClassAdapter - No hashCode defined for: org/springframework/validation/beanvalidation/LocalValidatorFactoryBean, superclass = org.springframework.validation.beanvalidation.SpringValidatorAdapter
23:36:06.914 [main] DEBUG o.e.r.agent.TransformerForTests - Going to instrument: org.springframework.core.task.SimpleAsyncTaskExecutor$ConcurrencyThrottlingRunnable
23:36:06.914 [main] INFO  o.e.r.i.MethodCallReplacementClassAdapter - Adding mock interface to class org/springframework/core/task/SimpleAsyncTaskExecutor$ConcurrencyThrottlingRunnable
23:36:06.914 [main] INFO  o.e.r.i.MethodCallReplacementClassAdapter - No hashCode defined for: org/springframework/core/task/SimpleAsyncTaskExecutor$ConcurrencyThrottlingRunnable, superclass = java.lang.Object
23:36:06.914 [main] INFO  o.e.r.i.CreateClassResetClassAdapter - Creating brand-new static initializer in class org/springframework/core/task/SimpleAsyncTaskExecutor$ConcurrencyThrottlingRunnable
23:36:06.915 [main] DEBUG o.e.r.agent.TransformerForTests - Going to instrument: org.springframework.web.servlet.config.annotation.PathMatchConfigurer
23:36:06.915 [main] INFO  o.e.r.i.MethodCallReplacementClassAdapter - Adding mock interface to class org/springframework/web/servlet/config/annotation/PathMatchConfigurer
23:36:06.916 [main] INFO  o.e.r.i.MethodCallReplacementClassAdapter - No hashCode defined for: org/springframework/web/servlet/config/annotation/PathMatchConfigurer, superclass = java.lang.Object
23:36:06.916 [main] INFO  o.e.r.i.CreateClassResetClassAdapter - Creating brand-new static initializer in class org/springframework/web/servlet/config/annotation/PathMatchConfigurer
23:36:06.917 [main] DEBUG o.e.r.agent.TransformerForTests - Going to instrument: org.springframework.web.servlet.config.annotation.DelegatingWebMvcConfiguration
23:36:06.917 [main] INFO  o.e.r.i.MethodCallReplacementClassAdapter - Adding mock interface to class org/springframework/web/servlet/config/annotation/DelegatingWebMvcConfiguration
23:36:06.917 [main] INFO  o.e.r.i.MethodCallReplacementClassAdapter - No hashCode defined for: org/springframework/web/servlet/config/annotation/DelegatingWebMvcConfiguration, superclass = org.springframework.web.servlet.config.annotation.WebMvcConfigurationSupport
23:36:06.917 [main] INFO  o.e.r.i.CreateClassResetClassAdapter - Creating brand-new static initializer in class org/springframework/web/servlet/config/annotation/DelegatingWebMvcConfiguration
23:36:06.918 [main] DEBUG o.e.r.agent.TransformerForTests - Going to instrument: org.springframework.web.servlet.config.annotation.WebMvcConfigurationSupport
23:36:06.918 [main] INFO  o.e.r.i.MethodCallReplacementClassAdapter - Adding mock interface to class org/springframework/web/servlet/config/annotation/WebMvcConfigurationSupport
23:36:06.922 [main] INFO  o.e.r.i.CreateClassResetClassAdapter - Found static initializer in class org/springframework/web/servlet/config/annotation/WebMvcConfigurationSupport
23:36:06.922 [main] INFO  o.e.r.i.MethodCallReplacementClassAdapter - No hashCode defined for: org/springframework/web/servlet/config/annotation/WebMvcConfigurationSupport, superclass = java.lang.Object
23:36:06.924 [main] DEBUG o.e.r.agent.TransformerForTests - Going to instrument: org.springframework.web.bind.support.WebBindingInitializer
23:36:06.926 [main] DEBUG o.e.r.agent.TransformerForTests - Going to instrument: org.springframework.core.SerializableTypeWrapper$DefaultTypeProvider
23:36:06.926 [main] INFO  o.e.r.i.MethodCallReplacementClassAdapter - Adding mock interface to class org/springframework/core/SerializableTypeWrapper$DefaultTypeProvider
23:36:06.926 [main] INFO  o.e.r.i.MethodCallReplacementClassAdapter - No hashCode defined for: org/springframework/core/SerializableTypeWrapper$DefaultTypeProvider, superclass = java.lang.Object
23:36:06.926 [main] INFO  o.e.r.i.CreateClassResetClassAdapter - Creating brand-new static initializer in class org/springframework/core/SerializableTypeWrapper$DefaultTypeProvider
23:36:06.927 [main] DEBUG o.e.r.agent.TransformerForTests - Going to instrument: org.springframework.web.servlet.mvc.method.annotation.RequestMappingHandlerAdapter$2
23:36:06.927 [main] INFO  o.e.r.i.MethodCallReplacementClassAdapter - Adding mock interface to class org/springframework/web/servlet/mvc/method/annotation/RequestMappingHandlerAdapter$2
23:36:06.927 [main] INFO  o.e.r.i.MethodCallReplacementClassAdapter - No hashCode defined for: org/springframework/web/servlet/mvc/method/annotation/RequestMappingHandlerAdapter$2, superclass = java.lang.Object
23:36:06.928 [main] DEBUG o.e.r.agent.TransformerForTests - Going to instrument: org.springframework.web.servlet.mvc.method.annotation.RequestMappingHandlerAdapter$1
23:36:06.928 [main] INFO  o.e.r.i.MethodCallReplacementClassAdapter - Adding mock interface to class org/springframework/web/servlet/mvc/method/annotation/RequestMappingHandlerAdapter$1
23:36:06.928 [main] INFO  o.e.r.i.MethodCallReplacementClassAdapter - No hashCode defined for: org/springframework/web/servlet/mvc/method/annotation/RequestMappingHandlerAdapter$1, superclass = java.lang.Object
23:36:06.929 [main] DEBUG o.e.r.agent.TransformerForTests - Going to instrument: org.springframework.core.SerializableTypeWrapper$FieldTypeProvider
23:36:06.929 [main] INFO  o.e.r.i.MethodCallReplacementClassAdapter - Adding mock interface to class org/springframework/core/SerializableTypeWrapper$FieldTypeProvider
23:36:06.930 [main] INFO  o.e.r.i.MethodCallReplacementClassAdapter - No hashCode defined for: org/springframework/core/SerializableTypeWrapper$FieldTypeProvider, superclass = java.lang.Object
23:36:06.930 [main] INFO  o.e.r.i.CreateClassResetClassAdapter - Creating brand-new static initializer in class org/springframework/core/SerializableTypeWrapper$FieldTypeProvider
23:36:06.931 [main] DEBUG o.e.r.agent.TransformerForTests - Going to instrument: org.springframework.validation.DefaultMessageCodesResolver
23:36:06.932 [main] INFO  o.e.r.i.MethodCallReplacementClassAdapter - Adding mock interface to class org/springframework/validation/DefaultMessageCodesResolver
23:36:06.932 [main] INFO  o.e.r.i.CreateClassResetClassAdapter - Found static initializer in class org/springframework/validation/DefaultMessageCodesResolver
23:36:06.932 [main] INFO  o.e.r.i.MethodCallReplacementClassAdapter - No hashCode defined for: org/springframework/validation/DefaultMessageCodesResolver, superclass = java.lang.Object
23:36:06.933 [main] DEBUG o.e.r.agent.TransformerForTests - Going to instrument: org.springframework.format.datetime.standard.DateTimeFormatterRegistrar$1
23:36:06.933 [main] INFO  o.e.r.i.MethodCallReplacementClassAdapter - Adding mock interface to class org/springframework/format/datetime/standard/DateTimeFormatterRegistrar$1
23:36:06.933 [main] INFO  o.e.r.i.MethodCallReplacementClassAdapter - No hashCode defined for: org/springframework/format/datetime/standard/DateTimeFormatterRegistrar$1, superclass = java.lang.Object
23:36:06.934 [main] DEBUG o.e.r.agent.TransformerForTests - Going to instrument: org.springframework.web.servlet.mvc.method.annotation.RequestMappingHandlerMapping
23:36:06.934 [main] INFO  o.e.r.i.MethodCallReplacementClassAdapter - Adding mock interface to class org/springframework/web/servlet/mvc/method/annotation/RequestMappingHandlerMapping
23:36:06.936 [main] INFO  o.e.r.i.MethodCallReplacementClassAdapter - No hashCode defined for: org/springframework/web/servlet/mvc/method/annotation/RequestMappingHandlerMapping, superclass = org.springframework.web.servlet.mvc.method.RequestMappingInfoHandlerMapping
23:36:06.936 [main] INFO  o.e.r.i.CreateClassResetClassAdapter - Creating brand-new static initializer in class org/springframework/web/servlet/mvc/method/annotation/RequestMappingHandlerMapping
23:36:06.937 [main] DEBUG o.e.r.agent.TransformerForTests - Going to instrument: org.springframework.validation.Errors
23:36:06.939 [main] DEBUG o.e.r.agent.TransformerForTests - Going to instrument: org.springframework.util.ConcurrentReferenceHashMap$EntrySet
23:36:06.939 [main] INFO  o.e.r.i.MethodCallReplacementClassAdapter - Adding mock interface to class org/springframework/util/ConcurrentReferenceHashMap$EntrySet
23:36:06.940 [main] INFO  o.e.r.i.MethodCallReplacementClassAdapter - No hashCode defined for: org/springframework/util/ConcurrentReferenceHashMap$EntrySet, superclass = java.util.AbstractSet
23:36:06.940 [main] INFO  o.e.r.i.CreateClassResetClassAdapter - Creating brand-new static initializer in class org/springframework/util/ConcurrentReferenceHashMap$EntrySet
23:36:06.940 [main] DEBUG o.e.r.agent.TransformerForTests - Going to instrument: org.springframework.util.LinkedCaseInsensitiveMap
23:36:06.942 [main] INFO  o.e.r.i.MethodCallReplacementClassAdapter - Adding mock interface to class org/springframework/util/LinkedCaseInsensitiveMap
23:36:06.942 [main] INFO  o.e.r.i.MethodCallReplacementClassAdapter - No hashCode defined for: org/springframework/util/LinkedCaseInsensitiveMap, superclass = java.util.LinkedHashMap
23:36:06.943 [main] INFO  o.e.r.i.CreateClassResetClassAdapter - Creating brand-new static initializer in class org/springframework/util/LinkedCaseInsensitiveMap
23:36:06.944 [main] DEBUG o.e.r.agent.TransformerForTests - Going to instrument: com.fasterxml.jackson.databind.jsontype.SubtypeResolver
23:36:06.945 [main] INFO  o.e.r.i.MethodCallReplacementClassAdapter - Adding mock interface to class com/fasterxml/jackson/databind/jsontype/SubtypeResolver
23:36:06.945 [main] INFO  o.e.r.i.MethodCallReplacementClassAdapter - No hashCode defined for: com/fasterxml/jackson/databind/jsontype/SubtypeResolver, superclass = java.lang.Object
23:36:06.946 [main] INFO  o.e.r.i.CreateClassResetClassAdapter - Creating brand-new static initializer in class com/fasterxml/jackson/databind/jsontype/SubtypeResolver
23:36:06.947 [main] DEBUG o.e.r.agent.TransformerForTests - Going to instrument: org.springframework.validation.BindingResult
23:36:06.949 [main] DEBUG o.e.r.agent.TransformerForTests - Going to instrument: org.springframework.web.servlet.handler.AbstractDetectingUrlHandlerMapping
23:36:06.949 [main] INFO  o.e.r.i.MethodCallReplacementClassAdapter - Adding mock interface to class org/springframework/web/servlet/handler/AbstractDetectingUrlHandlerMapping
23:36:06.950 [main] INFO  o.e.r.i.MethodCallReplacementClassAdapter - No hashCode defined for: org/springframework/web/servlet/handler/AbstractDetectingUrlHandlerMapping, superclass = org.springframework.web.servlet.handler.AbstractUrlHandlerMapping
23:36:06.950 [main] INFO  o.e.r.i.CreateClassResetClassAdapter - Creating brand-new static initializer in class org/springframework/web/servlet/handler/AbstractDetectingUrlHandlerMapping
23:36:06.951 [main] DEBUG o.e.r.agent.TransformerForTests - Going to instrument: org.springframework.http.HttpMethod
23:36:06.951 [main] INFO  o.e.r.i.MethodCallReplacementClassAdapter - Adding mock interface to class org/springframework/http/HttpMethod
23:36:06.952 [main] INFO  o.e.r.i.CreateClassResetClassAdapter - Found static initializer in class org/springframework/http/HttpMethod
23:36:06.952 [main] INFO  o.e.r.i.MethodCallReplacementClassAdapter - No hashCode defined for: org/springframework/http/HttpMethod, superclass = java.lang.Enum
23:36:06.953 [main] DEBUG o.e.r.agent.TransformerForTests - Going to instrument: org.springframework.web.servlet.view.BeanNameViewResolver
23:36:06.954 [main] INFO  o.e.r.i.MethodCallReplacementClassAdapter - Adding mock interface to class org/springframework/web/servlet/view/BeanNameViewResolver
23:36:06.954 [main] INFO  o.e.r.i.MethodCallReplacementClassAdapter - No hashCode defined for: org/springframework/web/servlet/view/BeanNameViewResolver, superclass = org.springframework.web.context.support.WebApplicationObjectSupport
23:36:06.954 [main] INFO  o.e.r.i.CreateClassResetClassAdapter - Creating brand-new static initializer in class org/springframework/web/servlet/view/BeanNameViewResolver
23:36:06.955 [main] DEBUG o.e.r.agent.TransformerForTests - Going to instrument: com.fasterxml.jackson.core.util.ByteArrayBuilder
23:36:06.955 [main] INFO  o.e.r.i.MethodCallReplacementClassAdapter - Adding mock interface to class com/fasterxml/jackson/core/util/ByteArrayBuilder
23:36:06.957 [main] INFO  o.e.r.i.CreateClassResetClassAdapter - Found static initializer in class com/fasterxml/jackson/core/util/ByteArrayBuilder
23:36:06.957 [main] INFO  o.e.r.i.MethodCallReplacementClassAdapter - No hashCode defined for: com/fasterxml/jackson/core/util/ByteArrayBuilder, superclass = java.io.OutputStream
23:36:06.959 [main] DEBUG o.e.r.agent.TransformerForTests - Going to instrument: org.springframework.web.servlet.AsyncHandlerInterceptor
23:36:06.961 [main] DEBUG o.e.r.agent.TransformerForTests - Going to instrument: org.springframework.beans.factory.BeanFactoryUtils
23:36:06.962 [main] INFO  o.e.r.i.MethodCallReplacementClassAdapter - Adding mock interface to class org/springframework/beans/factory/BeanFactoryUtils
23:36:06.965 [main] INFO  o.e.r.i.MethodCallReplacementClassAdapter - No hashCode defined for: org/springframework/beans/factory/BeanFactoryUtils, superclass = java.lang.Object
23:36:06.966 [main] INFO  o.e.r.i.CreateClassResetClassAdapter - Creating brand-new static initializer in class org/springframework/beans/factory/BeanFactoryUtils
23:36:06.966 [main] INFO  o.e.r.i.CreateClassResetClassAdapter - Adding bytecode for initializing field GENERATED_BEAN_NAME_SEPARATOR
23:36:06.967 [main] DEBUG o.e.r.agent.TransformerForTests - Going to instrument: org.springframework.beans.factory.NoUniqueBeanDefinitionException
23:36:06.967 [main] INFO  o.e.r.i.MethodCallReplacementClassAdapter - Adding mock interface to class org/springframework/beans/factory/NoUniqueBeanDefinitionException
23:36:06.968 [main] INFO  o.e.r.i.MethodCallReplacementClassAdapter - No hashCode defined for: org/springframework/beans/factory/NoUniqueBeanDefinitionException, superclass = org.springframework.beans.factory.NoSuchBeanDefinitionException
23:36:06.968 [main] INFO  o.e.r.i.CreateClassResetClassAdapter - Creating brand-new static initializer in class org/springframework/beans/factory/NoUniqueBeanDefinitionException
23:36:06.969 [main] DEBUG o.e.r.agent.TransformerForTests - Going to instrument: org.springframework.core.task.AsyncListenableTaskExecutor
23:36:06.970 [main] DEBUG o.e.r.agent.TransformerForTests - Going to instrument: org.springframework.core.task.AsyncTaskExecutor
23:36:06.970 [main] DEBUG o.e.r.agent.TransformerForTests - Going to instrument: org.springframework.web.servlet.view.InternalResourceView
23:36:06.970 [main] INFO  o.e.r.i.MethodCallReplacementClassAdapter - Adding mock interface to class org/springframework/web/servlet/view/InternalResourceView
23:36:06.971 [main] INFO  o.e.r.i.MethodCallReplacementClassAdapter - No hashCode defined for: org/springframework/web/servlet/view/InternalResourceView, superclass = org.springframework.web.servlet.view.AbstractUrlBasedView
23:36:06.971 [main] INFO  o.e.r.i.CreateClassResetClassAdapter - Creating brand-new static initializer in class org/springframework/web/servlet/view/InternalResourceView
23:36:06.972 [main] DEBUG o.e.r.agent.TransformerForTests - Going to instrument: org.springframework.boot.autoconfigure.web.ResourceProperties
23:36:06.972 [main] INFO  o.e.r.i.MethodCallReplacementClassAdapter - Adding mock interface to class org/springframework/boot/autoconfigure/web/ResourceProperties
23:36:06.973 [main] INFO  o.e.r.i.CreateClassResetClassAdapter - Found static initializer in class org/springframework/boot/autoconfigure/web/ResourceProperties
23:36:06.973 [main] INFO  o.e.r.i.MethodCallReplacementClassAdapter - No hashCode defined for: org/springframework/boot/autoconfigure/web/ResourceProperties, superclass = java.lang.Object
23:36:06.973 [main] DEBUG o.e.r.agent.TransformerForTests - Going to instrument: org.springframework.context.ResourceLoaderAware
23:36:06.974 [main] DEBUG o.e.r.agent.TransformerForTests - Going to instrument: org.springframework.boot.autoconfigure.web.WebMvcAutoConfiguration$ResourceHandlerRegistrationCustomizer
23:36:06.975 [main] DEBUG o.e.r.agent.TransformerForTests - Going to instrument: org.springframework.format.annotation.DateTimeFormat
23:36:06.976 [main] DEBUG o.e.r.agent.TransformerForTests - Going to instrument: org.springframework.web.method.annotation.ModelFactory
23:36:06.977 [main] INFO  o.e.r.i.MethodCallReplacementClassAdapter - Adding mock interface to class org/springframework/web/method/annotation/ModelFactory
23:36:06.978 [main] INFO  o.e.r.i.CreateClassResetClassAdapter - Found static initializer in class org/springframework/web/method/annotation/ModelFactory
23:36:06.978 [main] INFO  o.e.r.i.MethodCallReplacementClassAdapter - No hashCode defined for: org/springframework/web/method/annotation/ModelFactory, superclass = java.lang.Object
23:36:06.979 [main] DEBUG o.e.r.agent.TransformerForTests - Going to instrument: org.springframework.core.convert.support.ByteBufferConverter
23:36:06.980 [main] INFO  o.e.r.i.MethodCallReplacementClassAdapter - Adding mock interface to class org/springframework/core/convert/support/ByteBufferConverter
23:36:06.981 [main] INFO  o.e.r.i.CreateClassResetClassAdapter - Found static initializer in class org/springframework/core/convert/support/ByteBufferConverter
23:36:06.981 [main] INFO  o.e.r.i.MethodCallReplacementClassAdapter - No hashCode defined for: org/springframework/core/convert/support/ByteBufferConverter, superclass = java.lang.Object
23:36:06.984 [main] DEBUG o.e.r.agent.TransformerForTests - Going to instrument: org.apache.xml.utils.WrappedRuntimeException
23:36:06.984 [main] INFO  o.e.r.i.MethodCallReplacementClassAdapter - Adding mock interface to class org/apache/xml/utils/WrappedRuntimeException
23:36:06.984 [main] INFO  o.e.r.i.MethodCallReplacementClassAdapter - No hashCode defined for: org/apache/xml/utils/WrappedRuntimeException, superclass = java.lang.RuntimeException
23:36:06.984 [main] INFO  o.e.r.i.CreateClassResetClassAdapter - Creating brand-new static initializer in class org/apache/xml/utils/WrappedRuntimeException
23:36:06.985 [main] DEBUG o.e.r.agent.TransformerForTests - Going to instrument: org.apache.xml.serializer.TreeWalker
23:36:06.986 [main] INFO  o.e.r.i.MethodCallReplacementClassAdapter - Adding mock interface to class org/apache/xml/serializer/TreeWalker
23:36:06.987 [main] INFO  o.e.r.i.MethodCallReplacementClassAdapter - No hashCode defined for: org/apache/xml/serializer/TreeWalker, superclass = java.lang.Object
23:36:06.987 [main] INFO  o.e.r.i.CreateClassResetClassAdapter - Creating brand-new static initializer in class org/apache/xml/serializer/TreeWalker
23:36:06.990 [main] DEBUG o.e.r.agent.TransformerForTests - Going to instrument: com.google.gson.TypeAdapter
23:36:06.990 [main] INFO  o.e.r.i.MethodCallReplacementClassAdapter - Adding mock interface to class com/google/gson/TypeAdapter
23:36:06.991 [main] INFO  o.e.r.i.MethodCallReplacementClassAdapter - No hashCode defined for: com/google/gson/TypeAdapter, superclass = java.lang.Object
23:36:06.991 [main] INFO  o.e.r.i.CreateClassResetClassAdapter - Creating brand-new static initializer in class com/google/gson/TypeAdapter
23:36:06.991 [main] DEBUG o.e.r.agent.TransformerForTests - Going to instrument: com.google.gson.Gson$FutureTypeAdapter
23:36:06.991 [main] INFO  o.e.r.i.MethodCallReplacementClassAdapter - Adding mock interface to class com/google/gson/Gson$FutureTypeAdapter
23:36:06.992 [main] INFO  o.e.r.i.MethodCallReplacementClassAdapter - No hashCode defined for: com/google/gson/Gson$FutureTypeAdapter, superclass = com.google.gson.TypeAdapter
23:36:06.993 [main] INFO  o.e.r.i.CreateClassResetClassAdapter - Creating brand-new static initializer in class com/google/gson/Gson$FutureTypeAdapter
23:36:06.993 [main] DEBUG o.e.r.agent.TransformerForTests - Going to instrument: com.google.gson.stream.MalformedJsonException
23:36:06.993 [main] INFO  o.e.r.i.MethodCallReplacementClassAdapter - Adding mock interface to class com/google/gson/stream/MalformedJsonException
23:36:06.994 [main] INFO  o.e.r.i.MethodCallReplacementClassAdapter - No hashCode defined for: com/google/gson/stream/MalformedJsonException, superclass = java.io.IOException
23:36:06.994 [main] INFO  o.e.r.i.CreateClassResetClassAdapter - Creating brand-new static initializer in class com/google/gson/stream/MalformedJsonException
23:36:06.994 [main] DEBUG o.e.r.agent.TransformerForTests - Going to instrument: com.google.gson.JsonIOException
23:36:06.994 [main] INFO  o.e.r.i.MethodCallReplacementClassAdapter - Adding mock interface to class com/google/gson/JsonIOException
23:36:06.995 [main] INFO  o.e.r.i.MethodCallReplacementClassAdapter - No hashCode defined for: com/google/gson/JsonIOException, superclass = com.google.gson.JsonParseException
23:36:06.995 [main] INFO  o.e.r.i.CreateClassResetClassAdapter - Creating brand-new static initializer in class com/google/gson/JsonIOException
23:36:06.995 [main] DEBUG o.e.r.agent.TransformerForTests - Going to instrument: com.google.gson.JsonParseException
23:36:06.995 [main] INFO  o.e.r.i.MethodCallReplacementClassAdapter - Adding mock interface to class com/google/gson/JsonParseException
23:36:06.996 [main] INFO  o.e.r.i.MethodCallReplacementClassAdapter - No hashCode defined for: com/google/gson/JsonParseException, superclass = java.lang.RuntimeException
23:36:06.996 [main] INFO  o.e.r.i.CreateClassResetClassAdapter - Creating brand-new static initializer in class com/google/gson/JsonParseException
23:36:06.996 [main] DEBUG o.e.r.agent.TransformerForTests - Going to instrument: com.google.gson.JsonSyntaxException
23:36:06.996 [main] INFO  o.e.r.i.MethodCallReplacementClassAdapter - Adding mock interface to class com/google/gson/JsonSyntaxException
23:36:06.996 [main] INFO  o.e.r.i.MethodCallReplacementClassAdapter - No hashCode defined for: com/google/gson/JsonSyntaxException, superclass = com.google.gson.JsonParseException
23:36:06.996 [main] INFO  o.e.r.i.CreateClassResetClassAdapter - Creating brand-new static initializer in class com/google/gson/JsonSyntaxException
23:36:06.997 [main] DEBUG o.e.r.agent.TransformerForTests - Going to instrument: com.google.gson.stream.JsonReader
23:36:06.998 [main] INFO  o.e.r.i.MethodCallReplacementClassAdapter - Adding mock interface to class com/google/gson/stream/JsonReader
23:36:07.004 [main] INFO  o.e.r.i.CreateClassResetClassAdapter - Found static initializer in class com/google/gson/stream/JsonReader
23:36:07.004 [main] INFO  o.e.r.i.MethodCallReplacementClassAdapter - No hashCode defined for: com/google/gson/stream/JsonReader, superclass = java.lang.Object
23:36:07.005 [main] DEBUG o.e.r.agent.TransformerForTests - Going to instrument: com.google.gson.internal.bind.JsonTreeReader
23:36:07.005 [main] INFO  o.e.r.i.MethodCallReplacementClassAdapter - Adding mock interface to class com/google/gson/internal/bind/JsonTreeReader
23:36:07.007 [main] INFO  o.e.r.i.CreateClassResetClassAdapter - Found static initializer in class com/google/gson/internal/bind/JsonTreeReader
23:36:07.007 [main] INFO  o.e.r.i.MethodCallReplacementClassAdapter - No hashCode defined for: com/google/gson/internal/bind/JsonTreeReader, superclass = com.google.gson.stream.JsonReader
23:36:07.008 [main] DEBUG o.e.r.agent.TransformerForTests - Going to instrument: com.google.gson.JsonElement
23:36:07.009 [main] INFO  o.e.r.i.MethodCallReplacementClassAdapter - Adding mock interface to class com/google/gson/JsonElement
23:36:07.010 [main] INFO  o.e.r.i.MethodCallReplacementClassAdapter - No hashCode defined for: com/google/gson/JsonElement, superclass = java.lang.Object
23:36:07.010 [main] INFO  o.e.r.i.CreateClassResetClassAdapter - Creating brand-new static initializer in class com/google/gson/JsonElement
23:36:07.011 [main] DEBUG o.e.r.agent.TransformerForTests - Going to instrument: com.google.gson.JsonNull
23:36:07.011 [main] INFO  o.e.r.i.MethodCallReplacementClassAdapter - Adding mock interface to class com/google/gson/JsonNull
23:36:07.012 [main] INFO  o.e.r.i.CreateClassResetClassAdapter - Found static initializer in class com/google/gson/JsonNull
23:36:07.013 [main] DEBUG o.e.r.agent.TransformerForTests - Going to instrument: com.google.gson.stream.JsonWriter
23:36:07.013 [main] INFO  o.e.r.i.MethodCallReplacementClassAdapter - Adding mock interface to class com/google/gson/stream/JsonWriter
23:36:07.018 [main] INFO  o.e.r.i.CreateClassResetClassAdapter - Found static initializer in class com/google/gson/stream/JsonWriter
23:36:07.019 [main] INFO  o.e.r.i.MethodCallReplacementClassAdapter - No hashCode defined for: com/google/gson/stream/JsonWriter, superclass = java.lang.Object
23:36:07.020 [main] DEBUG o.e.r.agent.TransformerForTests - Going to instrument: com.google.gson.internal.bind.JsonTreeWriter
23:36:07.021 [main] INFO  o.e.r.i.MethodCallReplacementClassAdapter - Adding mock interface to class com/google/gson/internal/bind/JsonTreeWriter
23:36:07.024 [main] INFO  o.e.r.i.CreateClassResetClassAdapter - Found static initializer in class com/google/gson/internal/bind/JsonTreeWriter
23:36:07.024 [main] INFO  o.e.r.i.MethodCallReplacementClassAdapter - No hashCode defined for: com/google/gson/internal/bind/JsonTreeWriter, superclass = com.google.gson.stream.JsonWriter
23:36:07.025 [main] DEBUG o.e.r.agent.TransformerForTests - Going to instrument: com.google.gson.Gson$4
23:36:07.026 [main] INFO  o.e.r.i.MethodCallReplacementClassAdapter - Adding mock interface to class com/google/gson/Gson$4
23:36:07.027 [main] INFO  o.e.r.i.MethodCallReplacementClassAdapter - No hashCode defined for: com/google/gson/Gson$4, superclass = com.google.gson.TypeAdapter
23:36:07.028 [main] DEBUG o.e.r.agent.TransformerForTests - Going to instrument: com.google.gson.Gson$3
23:36:07.028 [main] INFO  o.e.r.i.MethodCallReplacementClassAdapter - Adding mock interface to class com/google/gson/Gson$3
23:36:07.029 [main] INFO  o.e.r.i.MethodCallReplacementClassAdapter - No hashCode defined for: com/google/gson/Gson$3, superclass = com.google.gson.TypeAdapter
23:36:07.030 [main] DEBUG o.e.r.agent.TransformerForTests - Going to instrument: com.google.gson.Gson$5
23:36:07.030 [main] INFO  o.e.r.i.MethodCallReplacementClassAdapter - Adding mock interface to class com/google/gson/Gson$5
23:36:07.030 [main] INFO  o.e.r.i.MethodCallReplacementClassAdapter - No hashCode defined for: com/google/gson/Gson$5, superclass = com.google.gson.TypeAdapter
23:36:07.031 [main] DEBUG o.e.r.agent.TransformerForTests - Going to instrument: com.google.gson.JsonDeserializationContext
23:36:07.032 [main] DEBUG o.e.r.agent.TransformerForTests - Going to instrument: com.google.gson.JsonSerializationContext
23:36:07.033 [main] DEBUG o.e.r.agent.TransformerForTests - Going to instrument: com.google.gson.FieldNamingStrategy
23:36:07.033 [main] DEBUG o.e.r.agent.TransformerForTests - Going to instrument: org.springframework.core.task.SimpleAsyncTaskExecutor
23:36:07.034 [main] INFO  o.e.r.i.MethodCallReplacementClassAdapter - Adding mock interface to class org/springframework/core/task/SimpleAsyncTaskExecutor
23:36:07.035 [main] INFO  o.e.r.i.MethodCallReplacementClassAdapter - No hashCode defined for: org/springframework/core/task/SimpleAsyncTaskExecutor, superclass = org.springframework.util.CustomizableThreadCreator
23:36:07.035 [main] INFO  o.e.r.i.CreateClassResetClassAdapter - Creating brand-new static initializer in class org/springframework/core/task/SimpleAsyncTaskExecutor
23:36:07.035 [main] INFO  o.e.r.i.CreateClassResetClassAdapter - Adding bytecode for initializing field UNBOUNDED_CONCURRENCY
23:36:07.035 [main] INFO  o.e.r.i.CreateClassResetClassAdapter - Adding bytecode for initializing field NO_CONCURRENCY
23:36:07.035 [main] DEBUG o.e.r.agent.TransformerForTests - Going to instrument: org.springframework.util.concurrent.ListenableFuture
23:36:07.038 [main] DEBUG o.e.r.agent.TransformerForTests - Going to instrument: org.apache.xml.utils.NSInfo
23:36:07.039 [main] INFO  o.e.r.i.MethodCallReplacementClassAdapter - Adding mock interface to class org/apache/xml/utils/NSInfo
23:36:07.039 [main] INFO  o.e.r.i.MethodCallReplacementClassAdapter - No hashCode defined for: org/apache/xml/utils/NSInfo, superclass = java.lang.Object
23:36:07.039 [main] INFO  o.e.r.i.CreateClassResetClassAdapter - Creating brand-new static initializer in class org/apache/xml/utils/NSInfo
23:36:07.039 [main] INFO  o.e.r.i.CreateClassResetClassAdapter - Adding bytecode for initializing field ANCESTORXMLNSUNPROCESSED
23:36:07.039 [main] INFO  o.e.r.i.CreateClassResetClassAdapter - Adding bytecode for initializing field ANCESTORHASXMLNS
23:36:07.039 [main] INFO  o.e.r.i.CreateClassResetClassAdapter - Adding bytecode for initializing field ANCESTORNOXMLNS
23:36:07.040 [main] DEBUG o.e.r.agent.TransformerForTests - Going to instrument: org.springframework.util.MimeTypeUtils
23:36:07.041 [main] INFO  o.e.r.i.MethodCallReplacementClassAdapter - Adding mock interface to class org/springframework/util/MimeTypeUtils
23:36:07.041 [main] INFO  o.e.r.i.CreateClassResetClassAdapter - Found static initializer in class org/springframework/util/MimeTypeUtils
23:36:07.042 [main] INFO  o.e.r.i.MethodCallReplacementClassAdapter - No hashCode defined for: org/springframework/util/MimeTypeUtils, superclass = java.lang.Object
23:36:07.048 [main] DEBUG o.e.r.agent.TransformerForTests - Going to instrument: org.springframework.web.bind.support.SessionAttributeStore
23:36:07.049 [main] DEBUG o.e.r.agent.TransformerForTests - Going to instrument: org.springframework.core.convert.Property
23:36:07.050 [main] INFO  o.e.r.i.MethodCallReplacementClassAdapter - Adding mock interface to class org/springframework/core/convert/Property
23:36:07.053 [main] INFO  o.e.r.i.CreateClassResetClassAdapter - Found static initializer in class org/springframework/core/convert/Property
23:36:07.054 [main] DEBUG o.e.r.agent.TransformerForTests - Going to instrument: org.springframework.core.convert.support.ObjectToObjectConverter
23:36:07.055 [main] INFO  o.e.r.i.MethodCallReplacementClassAdapter - Adding mock interface to class org/springframework/core/convert/support/ObjectToObjectConverter
23:36:07.057 [main] INFO  o.e.r.i.CreateClassResetClassAdapter - Found static initializer in class org/springframework/core/convert/support/ObjectToObjectConverter
23:36:07.057 [main] INFO  o.e.r.i.MethodCallReplacementClassAdapter - No hashCode defined for: org/springframework/core/convert/support/ObjectToObjectConverter, superclass = java.lang.Object
23:36:07.058 [main] DEBUG o.e.r.agent.TransformerForTests - Going to instrument: org.springframework.web.servlet.ModelAndView
23:36:07.058 [main] INFO  o.e.r.i.MethodCallReplacementClassAdapter - Adding mock interface to class org/springframework/web/servlet/ModelAndView
23:36:07.059 [main] INFO  o.e.r.i.MethodCallReplacementClassAdapter - No hashCode defined for: org/springframework/web/servlet/ModelAndView, superclass = java.lang.Object
23:36:07.059 [main] INFO  o.e.r.i.CreateClassResetClassAdapter - Creating brand-new static initializer in class org/springframework/web/servlet/ModelAndView
23:36:07.060 [main] DEBUG o.e.r.agent.TransformerForTests - Going to instrument: org.springframework.web.servlet.config.annotation.ViewControllerRegistry
23:36:07.061 [main] INFO  o.e.r.i.MethodCallReplacementClassAdapter - Adding mock interface to class org/springframework/web/servlet/config/annotation/ViewControllerRegistry
23:36:07.061 [main] INFO  o.e.r.i.MethodCallReplacementClassAdapter - No hashCode defined for: org/springframework/web/servlet/config/annotation/ViewControllerRegistry, superclass = java.lang.Object
23:36:07.061 [main] INFO  o.e.r.i.CreateClassResetClassAdapter - Creating brand-new static initializer in class org/springframework/web/servlet/config/annotation/ViewControllerRegistry
23:36:07.062 [main] DEBUG o.e.r.agent.TransformerForTests - Going to instrument: org.springframework.web.servlet.view.InternalResourceViewResolver
23:36:07.062 [main] INFO  o.e.r.i.MethodCallReplacementClassAdapter - Adding mock interface to class org/springframework/web/servlet/view/InternalResourceViewResolver
23:36:07.062 [main] INFO  o.e.r.i.CreateClassResetClassAdapter - Found static initializer in class org/springframework/web/servlet/view/InternalResourceViewResolver
23:36:07.062 [main] INFO  o.e.r.i.MethodCallReplacementClassAdapter - No hashCode defined for: org/springframework/web/servlet/view/InternalResourceViewResolver, superclass = org.springframework.web.servlet.view.UrlBasedViewResolver
23:36:07.063 [main] DEBUG o.e.r.agent.TransformerForTests - Going to instrument: org.springframework.format.datetime.DateTimeFormatAnnotationFormatterFactory
23:36:07.064 [main] INFO  o.e.r.i.MethodCallReplacementClassAdapter - Adding mock interface to class org/springframework/format/datetime/DateTimeFormatAnnotationFormatterFactory
23:36:07.064 [main] INFO  o.e.r.i.CreateClassResetClassAdapter - Found static initializer in class org/springframework/format/datetime/DateTimeFormatAnnotationFormatterFactory
23:36:07.064 [main] INFO  o.e.r.i.MethodCallReplacementClassAdapter - No hashCode defined for: org/springframework/format/datetime/DateTimeFormatAnnotationFormatterFactory, superclass = org.springframework.context.support.EmbeddedValueResolutionSupport
23:36:07.065 [main] DEBUG o.e.r.agent.TransformerForTests - Going to instrument: org.springframework.context.support.EmbeddedValueResolutionSupport
23:36:07.065 [main] INFO  o.e.r.i.MethodCallReplacementClassAdapter - Adding mock interface to class org/springframework/context/support/EmbeddedValueResolutionSupport
23:36:07.066 [main] INFO  o.e.r.i.MethodCallReplacementClassAdapter - No hashCode defined for: org/springframework/context/support/EmbeddedValueResolutionSupport, superclass = java.lang.Object
23:36:07.066 [main] INFO  o.e.r.i.CreateClassResetClassAdapter - Creating brand-new static initializer in class org/springframework/context/support/EmbeddedValueResolutionSupport
23:36:07.068 [main] DEBUG o.e.r.agent.TransformerForTests - Going to instrument: org.springframework.core.SerializableTypeWrapper$2
23:36:07.068 [main] INFO  o.e.r.i.MethodCallReplacementClassAdapter - Adding mock interface to class org/springframework/core/SerializableTypeWrapper$2
23:36:07.068 [main] INFO  o.e.r.i.MethodCallReplacementClassAdapter - No hashCode defined for: org/springframework/core/SerializableTypeWrapper$2, superclass = org.springframework.core.SerializableTypeWrapper$DefaultTypeProvider
23:36:07.069 [main] DEBUG o.e.r.agent.TransformerForTests - Going to instrument: org.springframework.format.datetime.standard.Jsr310DateTimeFormatAnnotationFormatterFactory
23:36:07.069 [main] INFO  o.e.r.i.MethodCallReplacementClassAdapter - Adding mock interface to class org/springframework/format/datetime/standard/Jsr310DateTimeFormatAnnotationFormatterFactory
23:36:07.070 [main] INFO  o.e.r.i.CreateClassResetClassAdapter - Found static initializer in class org/springframework/format/datetime/standard/Jsr310DateTimeFormatAnnotationFormatterFactory
23:36:07.070 [main] INFO  o.e.r.i.MethodCallReplacementClassAdapter - No hashCode defined for: org/springframework/format/datetime/standard/Jsr310DateTimeFormatAnnotationFormatterFactory, superclass = org.springframework.context.support.EmbeddedValueResolutionSupport
23:36:07.071 [main] DEBUG o.e.r.agent.TransformerForTests - Going to instrument: org.springframework.web.servlet.mvc.SimpleControllerHandlerAdapter
23:36:07.072 [main] INFO  o.e.r.i.MethodCallReplacementClassAdapter - Adding mock interface to class org/springframework/web/servlet/mvc/SimpleControllerHandlerAdapter
23:36:07.072 [main] INFO  o.e.r.i.MethodCallReplacementClassAdapter - No hashCode defined for: org/springframework/web/servlet/mvc/SimpleControllerHandlerAdapter, superclass = java.lang.Object
23:36:07.072 [main] INFO  o.e.r.i.CreateClassResetClassAdapter - Creating brand-new static initializer in class org/springframework/web/servlet/mvc/SimpleControllerHandlerAdapter
23:36:07.073 [main] DEBUG o.e.r.agent.TransformerForTests - Going to instrument: com.fasterxml.jackson.databind.introspect.VisibilityChecker
23:36:07.075 [main] DEBUG o.e.r.agent.TransformerForTests - Going to instrument: org.springframework.asm.MethodVisitor
23:36:07.075 [main] INFO  o.e.r.i.MethodCallReplacementClassAdapter - Adding mock interface to class org/springframework/asm/MethodVisitor
23:36:07.077 [main] INFO  o.e.r.i.MethodCallReplacementClassAdapter - No hashCode defined for: org/springframework/asm/MethodVisitor, superclass = java.lang.Object
23:36:07.077 [main] INFO  o.e.r.i.CreateClassResetClassAdapter - Creating brand-new static initializer in class org/springframework/asm/MethodVisitor
23:36:07.078 [main] DEBUG o.e.r.agent.TransformerForTests - Going to instrument: org.springframework.core.LocalVariableTableParameterNameDiscoverer$LocalVariableTableVisitor
23:36:07.078 [main] INFO  o.e.r.i.MethodCallReplacementClassAdapter - Adding mock interface to class org/springframework/core/LocalVariableTableParameterNameDiscoverer$LocalVariableTableVisitor
23:36:07.080 [main] INFO  o.e.r.i.MethodCallReplacementClassAdapter - No hashCode defined for: org/springframework/core/LocalVariableTableParameterNameDiscoverer$LocalVariableTableVisitor, superclass = org.springframework.asm.MethodVisitor
23:36:07.080 [main] INFO  o.e.r.i.CreateClassResetClassAdapter - Creating brand-new static initializer in class org/springframework/core/LocalVariableTableParameterNameDiscoverer$LocalVariableTableVisitor
23:36:07.080 [main] INFO  o.e.r.i.CreateClassResetClassAdapter - Adding bytecode for initializing field CONSTRUCTOR
23:36:07.081 [main] DEBUG o.e.r.agent.TransformerForTests - Going to instrument: org.springframework.core.ResolvableType$DefaultVariableResolver
23:36:07.081 [main] INFO  o.e.r.i.MethodCallReplacementClassAdapter - Adding mock interface to class org/springframework/core/ResolvableType$DefaultVariableResolver
23:36:07.081 [main] INFO  o.e.r.i.MethodCallReplacementClassAdapter - No hashCode defined for: org/springframework/core/ResolvableType$DefaultVariableResolver, superclass = java.lang.Object
23:36:07.081 [main] INFO  o.e.r.i.CreateClassResetClassAdapter - Creating brand-new static initializer in class org/springframework/core/ResolvableType$DefaultVariableResolver
23:36:07.082 [main] DEBUG o.e.r.agent.TransformerForTests - Going to instrument: org.springframework.http.server.ServerHttpRequest
23:36:07.082 [main] DEBUG o.e.r.agent.TransformerForTests - Going to instrument: org.springframework.core.SerializableTypeWrapper
23:36:07.083 [main] INFO  o.e.r.i.MethodCallReplacementClassAdapter - Adding mock interface to class org/springframework/core/SerializableTypeWrapper
23:36:07.084 [main] INFO  o.e.r.i.CreateClassResetClassAdapter - Found static initializer in class org/springframework/core/SerializableTypeWrapper
23:36:07.084 [main] INFO  o.e.r.i.MethodCallReplacementClassAdapter - No hashCode defined for: org/springframework/core/SerializableTypeWrapper, superclass = java.lang.Object
23:36:07.085 [main] DEBUG o.e.r.agent.TransformerForTests - Going to instrument: org.springframework.core.ResolvableType$TypeVariablesVariableResolver
23:36:07.085 [main] INFO  o.e.r.i.MethodCallReplacementClassAdapter - Adding mock interface to class org/springframework/core/ResolvableType$TypeVariablesVariableResolver
23:36:07.086 [main] INFO  o.e.r.i.MethodCallReplacementClassAdapter - No hashCode defined for: org/springframework/core/ResolvableType$TypeVariablesVariableResolver, superclass = java.lang.Object
23:36:07.086 [main] INFO  o.e.r.i.CreateClassResetClassAdapter - Creating brand-new static initializer in class org/springframework/core/ResolvableType$TypeVariablesVariableResolver
23:36:07.086 [main] DEBUG o.e.r.agent.TransformerForTests - Going to instrument: org.springframework.jndi.JndiLocatorSupport
23:36:07.086 [main] INFO  o.e.r.i.MethodCallReplacementClassAdapter - Adding mock interface to class org/springframework/jndi/JndiLocatorSupport
23:36:07.087 [main] INFO  o.e.r.i.MethodCallReplacementClassAdapter - No hashCode defined for: org/springframework/jndi/JndiLocatorSupport, superclass = org.springframework.jndi.JndiAccessor
23:36:07.087 [main] INFO  o.e.r.i.CreateClassResetClassAdapter - Creating brand-new static initializer in class org/springframework/jndi/JndiLocatorSupport
23:36:07.087 [main] INFO  o.e.r.i.CreateClassResetClassAdapter - Adding bytecode for initializing field CONTAINER_PREFIX
23:36:07.087 [main] DEBUG o.e.r.agent.TransformerForTests - Going to instrument: org.springframework.web.servlet.handler.BeanNameUrlHandlerMapping
23:36:07.087 [main] INFO  o.e.r.i.MethodCallReplacementClassAdapter - Adding mock interface to class org/springframework/web/servlet/handler/BeanNameUrlHandlerMapping
23:36:07.088 [main] INFO  o.e.r.i.MethodCallReplacementClassAdapter - No hashCode defined for: org/springframework/web/servlet/handler/BeanNameUrlHandlerMapping, superclass = org.springframework.web.servlet.handler.AbstractDetectingUrlHandlerMapping
23:36:07.088 [main] INFO  o.e.r.i.CreateClassResetClassAdapter - Creating brand-new static initializer in class org/springframework/web/servlet/handler/BeanNameUrlHandlerMapping
23:36:07.089 [main] DEBUG o.e.r.agent.TransformerForTests - Going to instrument: org.springframework.web.servlet.config.annotation.ViewResolverRegistry
23:36:07.089 [main] INFO  o.e.r.i.MethodCallReplacementClassAdapter - Adding mock interface to class org/springframework/web/servlet/config/annotation/ViewResolverRegistry
23:36:07.090 [main] INFO  o.e.r.i.MethodCallReplacementClassAdapter - No hashCode defined for: org/springframework/web/servlet/config/annotation/ViewResolverRegistry, superclass = java.lang.Object
23:36:07.090 [main] INFO  o.e.r.i.CreateClassResetClassAdapter - Creating brand-new static initializer in class org/springframework/web/servlet/config/annotation/ViewResolverRegistry
23:36:07.090 [main] DEBUG o.e.r.agent.TransformerForTests - Going to instrument: org.springframework.web.servlet.config.annotation.UrlBasedViewResolverRegistration
23:36:07.090 [main] INFO  o.e.r.i.MethodCallReplacementClassAdapter - Adding mock interface to class org/springframework/web/servlet/config/annotation/UrlBasedViewResolverRegistration
23:36:07.091 [main] INFO  o.e.r.i.MethodCallReplacementClassAdapter - No hashCode defined for: org/springframework/web/servlet/config/annotation/UrlBasedViewResolverRegistration, superclass = java.lang.Object
23:36:07.091 [main] INFO  o.e.r.i.CreateClassResetClassAdapter - Creating brand-new static initializer in class org/springframework/web/servlet/config/annotation/UrlBasedViewResolverRegistration
23:36:07.091 [main] DEBUG o.e.r.agent.TransformerForTests - Going to instrument: org.springframework.web.servlet.config.annotation.ViewResolverRegistry$GroovyMarkupRegistration
23:36:07.091 [main] INFO  o.e.r.i.MethodCallReplacementClassAdapter - Adding mock interface to class org/springframework/web/servlet/config/annotation/ViewResolverRegistry$GroovyMarkupRegistration
23:36:07.092 [main] INFO  o.e.r.i.MethodCallReplacementClassAdapter - No hashCode defined for: org/springframework/web/servlet/config/annotation/ViewResolverRegistry$GroovyMarkupRegistration, superclass = org.springframework.web.servlet.config.annotation.UrlBasedViewResolverRegistration
23:36:07.092 [main] INFO  o.e.r.i.CreateClassResetClassAdapter - Creating brand-new static initializer in class org/springframework/web/servlet/config/annotation/ViewResolverRegistry$GroovyMarkupRegistration
23:36:07.092 [main] DEBUG o.e.r.agent.TransformerForTests - Going to instrument: org.springframework.web.servlet.config.annotation.ViewResolverRegistry$VelocityRegistration
23:36:07.092 [main] INFO  o.e.r.i.MethodCallReplacementClassAdapter - Adding mock interface to class org/springframework/web/servlet/config/annotation/ViewResolverRegistry$VelocityRegistration
23:36:07.092 [main] INFO  o.e.r.i.MethodCallReplacementClassAdapter - No hashCode defined for: org/springframework/web/servlet/config/annotation/ViewResolverRegistry$VelocityRegistration, superclass = org.springframework.web.servlet.config.annotation.UrlBasedViewResolverRegistration
23:36:07.092 [main] INFO  o.e.r.i.CreateClassResetClassAdapter - Creating brand-new static initializer in class org/springframework/web/servlet/config/annotation/ViewResolverRegistry$VelocityRegistration
23:36:07.093 [main] DEBUG o.e.r.agent.TransformerForTests - Going to instrument: org.springframework.web.servlet.config.annotation.ViewResolverRegistry$TilesRegistration
23:36:07.093 [main] INFO  o.e.r.i.MethodCallReplacementClassAdapter - Adding mock interface to class org/springframework/web/servlet/config/annotation/ViewResolverRegistry$TilesRegistration
23:36:07.093 [main] INFO  o.e.r.i.MethodCallReplacementClassAdapter - No hashCode defined for: org/springframework/web/servlet/config/annotation/ViewResolverRegistry$TilesRegistration, superclass = org.springframework.web.servlet.config.annotation.UrlBasedViewResolverRegistration
23:36:07.093 [main] INFO  o.e.r.i.CreateClassResetClassAdapter - Creating brand-new static initializer in class org/springframework/web/servlet/config/annotation/ViewResolverRegistry$TilesRegistration
23:36:07.093 [main] DEBUG o.e.r.agent.TransformerForTests - Going to instrument: org.springframework.web.servlet.config.annotation.ViewResolverRegistry$FreeMarkerRegistration
23:36:07.093 [main] INFO  o.e.r.i.MethodCallReplacementClassAdapter - Adding mock interface to class org/springframework/web/servlet/config/annotation/ViewResolverRegistry$FreeMarkerRegistration
23:36:07.094 [main] INFO  o.e.r.i.MethodCallReplacementClassAdapter - No hashCode defined for: org/springframework/web/servlet/config/annotation/ViewResolverRegistry$FreeMarkerRegistration, superclass = org.springframework.web.servlet.config.annotation.UrlBasedViewResolverRegistration
23:36:07.094 [main] INFO  o.e.r.i.CreateClassResetClassAdapter - Creating brand-new static initializer in class org/springframework/web/servlet/config/annotation/ViewResolverRegistry$FreeMarkerRegistration
23:36:07.094 [main] DEBUG o.e.r.agent.TransformerForTests - Going to instrument: org.springframework.web.servlet.config.annotation.ViewResolverRegistry$ScriptRegistration
23:36:07.094 [main] INFO  o.e.r.i.MethodCallReplacementClassAdapter - Adding mock interface to class org/springframework/web/servlet/config/annotation/ViewResolverRegistry$ScriptRegistration
23:36:07.094 [main] INFO  o.e.r.i.MethodCallReplacementClassAdapter - No hashCode defined for: org/springframework/web/servlet/config/annotation/ViewResolverRegistry$ScriptRegistration, superclass = org.springframework.web.servlet.config.annotation.UrlBasedViewResolverRegistration
23:36:07.094 [main] INFO  o.e.r.i.CreateClassResetClassAdapter - Creating brand-new static initializer in class org/springframework/web/servlet/config/annotation/ViewResolverRegistry$ScriptRegistration
23:36:07.095 [main] DEBUG o.e.r.agent.TransformerForTests - Going to instrument: org.springframework.boot.autoconfigure.web.WebMvcAutoConfiguration$ResourceChainResourceHandlerRegistrationCustomizer
23:36:07.095 [main] INFO  o.e.r.i.MethodCallReplacementClassAdapter - Adding mock interface to class org/springframework/boot/autoconfigure/web/WebMvcAutoConfiguration$ResourceChainResourceHandlerRegistrationCustomizer
23:36:07.095 [main] INFO  o.e.r.i.MethodCallReplacementClassAdapter - No hashCode defined for: org/springframework/boot/autoconfigure/web/WebMvcAutoConfiguration$ResourceChainResourceHandlerRegistrationCustomizer, superclass = java.lang.Object
23:36:07.095 [main] INFO  o.e.r.i.CreateClassResetClassAdapter - Creating brand-new static initializer in class org/springframework/boot/autoconfigure/web/WebMvcAutoConfiguration$ResourceChainResourceHandlerRegistrationCustomizer
23:36:07.096 [main] DEBUG o.e.r.agent.TransformerForTests - Going to instrument: org.springframework.web.servlet.resource.ResourceTransformer
23:36:07.096 [main] DEBUG o.e.r.agent.TransformerForTests - Going to instrument: org.springframework.web.servlet.resource.ResourceResolver
23:36:07.097 [main] DEBUG o.e.r.agent.TransformerForTests - Going to instrument: org.springframework.web.accept.ContentNegotiationManager
23:36:07.097 [main] INFO  o.e.r.i.MethodCallReplacementClassAdapter - Adding mock interface to class org/springframework/web/accept/ContentNegotiationManager
23:36:07.097 [main] INFO  o.e.r.i.CreateClassResetClassAdapter - Found static initializer in class org/springframework/web/accept/ContentNegotiationManager
23:36:07.098 [main] INFO  o.e.r.i.MethodCallReplacementClassAdapter - No hashCode defined for: org/springframework/web/accept/ContentNegotiationManager, superclass = java.lang.Object
23:36:07.100 [main] DEBUG o.e.r.agent.TransformerForTests - Going to instrument: org.springframework.core.io.support.ResourcePatternResolver
23:36:07.101 [main] DEBUG o.e.r.agent.TransformerForTests - Going to instrument: com.fasterxml.jackson.databind.deser.DefaultDeserializationContext$Impl
23:36:07.103 [main] INFO  o.e.r.i.MethodCallReplacementClassAdapter - Adding mock interface to class com/fasterxml/jackson/databind/deser/DefaultDeserializationContext$Impl
23:36:07.105 [main] INFO  o.e.r.i.MethodCallReplacementClassAdapter - No hashCode defined for: com/fasterxml/jackson/databind/deser/DefaultDeserializationContext$Impl, superclass = com.fasterxml.jackson.databind.deser.DefaultDeserializationContext
23:36:07.105 [main] INFO  o.e.r.i.CreateClassResetClassAdapter - Creating brand-new static initializer in class com/fasterxml/jackson/databind/deser/DefaultDeserializationContext$Impl
23:36:07.106 [main] DEBUG o.e.r.agent.TransformerForTests - Going to instrument: org.springframework.boot.autoconfigure.web.ResourceProperties$Content
23:36:07.106 [main] INFO  o.e.r.i.MethodCallReplacementClassAdapter - Adding mock interface to class org/springframework/boot/autoconfigure/web/ResourceProperties$Content
23:36:07.106 [main] INFO  o.e.r.i.MethodCallReplacementClassAdapter - No hashCode defined for: org/springframework/boot/autoconfigure/web/ResourceProperties$Content, superclass = java.lang.Object
23:36:07.106 [main] INFO  o.e.r.i.CreateClassResetClassAdapter - Creating brand-new static initializer in class org/springframework/boot/autoconfigure/web/ResourceProperties$Content
23:36:07.107 [main] DEBUG o.e.r.agent.TransformerForTests - Going to instrument: org.springframework.web.servlet.mvc.method.AbstractHandlerMethodAdapter
23:36:07.107 [main] INFO  o.e.r.i.MethodCallReplacementClassAdapter - Adding mock interface to class org/springframework/web/servlet/mvc/method/AbstractHandlerMethodAdapter
23:36:07.108 [main] INFO  o.e.r.i.MethodCallReplacementClassAdapter - No hashCode defined for: org/springframework/web/servlet/mvc/method/AbstractHandlerMethodAdapter, superclass = org.springframework.web.servlet.support.WebContentGenerator
23:36:07.108 [main] INFO  o.e.r.i.CreateClassResetClassAdapter - Creating brand-new static initializer in class org/springframework/web/servlet/mvc/method/AbstractHandlerMethodAdapter
23:36:07.109 [main] DEBUG o.e.r.agent.TransformerForTests - Going to instrument: com.fasterxml.jackson.databind.jsontype.impl.StdSubtypeResolver
23:36:07.110 [main] INFO  o.e.r.i.MethodCallReplacementClassAdapter - Adding mock interface to class com/fasterxml/jackson/databind/jsontype/impl/StdSubtypeResolver
23:36:07.111 [main] INFO  o.e.r.i.MethodCallReplacementClassAdapter - No hashCode defined for: com/fasterxml/jackson/databind/jsontype/impl/StdSubtypeResolver, superclass = com.fasterxml.jackson.databind.jsontype.SubtypeResolver
23:36:07.111 [main] INFO  o.e.r.i.CreateClassResetClassAdapter - Creating brand-new static initializer in class com/fasterxml/jackson/databind/jsontype/impl/StdSubtypeResolver
23:36:07.113 [main] DEBUG o.e.r.agent.TransformerForTests - Going to instrument: org.springframework.core.PrioritizedParameterNameDiscoverer
23:36:07.113 [main] INFO  o.e.r.i.MethodCallReplacementClassAdapter - Adding mock interface to class org/springframework/core/PrioritizedParameterNameDiscoverer
23:36:07.114 [main] INFO  o.e.r.i.MethodCallReplacementClassAdapter - No hashCode defined for: org/springframework/core/PrioritizedParameterNameDiscoverer, superclass = java.lang.Object
23:36:07.114 [main] INFO  o.e.r.i.CreateClassResetClassAdapter - Creating brand-new static initializer in class org/springframework/core/PrioritizedParameterNameDiscoverer
23:36:07.115 [main] DEBUG o.e.r.agent.TransformerForTests - Going to instrument: org.springframework.web.accept.PathExtensionContentNegotiationStrategy
23:36:07.115 [main] INFO  o.e.r.i.MethodCallReplacementClassAdapter - Adding mock interface to class org/springframework/web/accept/PathExtensionContentNegotiationStrategy
23:36:07.116 [main] INFO  o.e.r.i.CreateClassResetClassAdapter - Found static initializer in class org/springframework/web/accept/PathExtensionContentNegotiationStrategy
23:36:07.116 [main] INFO  o.e.r.i.MethodCallReplacementClassAdapter - No hashCode defined for: org/springframework/web/accept/PathExtensionContentNegotiationStrategy, superclass = org.springframework.web.accept.AbstractMappingContentNegotiationStrategy
23:36:07.117 [main] DEBUG o.e.r.agent.TransformerForTests - Going to instrument: org.springframework.web.servlet.mvc.method.annotation.RequestMappingHandlerAdapter
23:36:07.118 [main] INFO  o.e.r.i.MethodCallReplacementClassAdapter - Adding mock interface to class org/springframework/web/servlet/mvc/method/annotation/RequestMappingHandlerAdapter
23:36:07.120 [main] INFO  o.e.r.i.CreateClassResetClassAdapter - Found static initializer in class org/springframework/web/servlet/mvc/method/annotation/RequestMappingHandlerAdapter
23:36:07.120 [main] INFO  o.e.r.i.MethodCallReplacementClassAdapter - No hashCode defined for: org/springframework/web/servlet/mvc/method/annotation/RequestMappingHandlerAdapter, superclass = org.springframework.web.servlet.mvc.method.AbstractHandlerMethodAdapter
23:36:07.123 [main] DEBUG o.e.r.agent.TransformerForTests - Going to instrument: org.springframework.web.servlet.resource.ResourceUrlProviderExposingInterceptor
23:36:07.126 [main] INFO  o.e.r.i.MethodCallReplacementClassAdapter - Adding mock interface to class org/springframework/web/servlet/resource/ResourceUrlProviderExposingInterceptor
23:36:07.127 [main] INFO  o.e.r.i.CreateClassResetClassAdapter - Found static initializer in class org/springframework/web/servlet/resource/ResourceUrlProviderExposingInterceptor
23:36:07.127 [main] INFO  o.e.r.i.MethodCallReplacementClassAdapter - No hashCode defined for: org/springframework/web/servlet/resource/ResourceUrlProviderExposingInterceptor, superclass = org.springframework.web.servlet.handler.HandlerInterceptorAdapter
23:36:07.128 [main] DEBUG o.e.r.agent.TransformerForTests - Going to instrument: org.springframework.web.servlet.handler.HandlerInterceptorAdapter
23:36:07.128 [main] INFO  o.e.r.i.MethodCallReplacementClassAdapter - Adding mock interface to class org/springframework/web/servlet/handler/HandlerInterceptorAdapter
23:36:07.128 [main] INFO  o.e.r.i.MethodCallReplacementClassAdapter - No hashCode defined for: org/springframework/web/servlet/handler/HandlerInterceptorAdapter, superclass = java.lang.Object
23:36:07.128 [main] INFO  o.e.r.i.CreateClassResetClassAdapter - Creating brand-new static initializer in class org/springframework/web/servlet/handler/HandlerInterceptorAdapter
23:36:07.129 [main] DEBUG o.e.r.agent.TransformerForTests - Going to instrument: com.fasterxml.jackson.databind.MappingJsonFactory
23:36:07.129 [main] INFO  o.e.r.i.MethodCallReplacementClassAdapter - Adding mock interface to class com/fasterxml/jackson/databind/MappingJsonFactory
23:36:07.129 [main] INFO  o.e.r.i.MethodCallReplacementClassAdapter - No hashCode defined for: com/fasterxml/jackson/databind/MappingJsonFactory, superclass = com.fasterxml.jackson.core.JsonFactory
23:36:07.129 [main] INFO  o.e.r.i.CreateClassResetClassAdapter - Creating brand-new static initializer in class com/fasterxml/jackson/databind/MappingJsonFactory
23:36:07.130 [main] DEBUG o.e.r.agent.TransformerForTests - Going to instrument: com.fasterxml.jackson.core.JsonFactory
23:36:07.130 [main] INFO  o.e.r.i.MethodCallReplacementClassAdapter - Adding mock interface to class com/fasterxml/jackson/core/JsonFactory
23:36:07.134 [main] INFO  o.e.r.i.CreateClassResetClassAdapter - Found static initializer in class com/fasterxml/jackson/core/JsonFactory
23:36:07.134 [main] INFO  o.e.r.i.MethodCallReplacementClassAdapter - No hashCode defined for: com/fasterxml/jackson/core/JsonFactory, superclass = java.lang.Object
23:36:07.136 [main] DEBUG o.e.r.agent.TransformerForTests - Going to instrument: com.fasterxml.jackson.core.json.ReaderBasedJsonParser
23:36:07.137 [main] INFO  o.e.r.i.MethodCallReplacementClassAdapter - Adding mock interface to class com/fasterxml/jackson/core/json/ReaderBasedJsonParser
23:36:07.144 [main] INFO  o.e.r.i.CreateClassResetClassAdapter - Found static initializer in class com/fasterxml/jackson/core/json/ReaderBasedJsonParser
23:36:07.144 [main] INFO  o.e.r.i.MethodCallReplacementClassAdapter - No hashCode defined for: com/fasterxml/jackson/core/json/ReaderBasedJsonParser, superclass = com.fasterxml.jackson.core.base.ParserBase
23:36:07.145 [main] DEBUG o.e.r.agent.TransformerForTests - Going to instrument: com.fasterxml.jackson.core.base.ParserBase
23:36:07.146 [main] INFO  o.e.r.i.MethodCallReplacementClassAdapter - Adding mock interface to class com/fasterxml/jackson/core/base/ParserBase
23:36:07.151 [main] INFO  o.e.r.i.CreateClassResetClassAdapter - Found static initializer in class com/fasterxml/jackson/core/base/ParserBase
23:36:07.151 [main] INFO  o.e.r.i.MethodCallReplacementClassAdapter - No hashCode defined for: com/fasterxml/jackson/core/base/ParserBase, superclass = com.fasterxml.jackson.core.base.ParserMinimalBase
23:36:07.152 [main] DEBUG o.e.r.agent.TransformerForTests - Going to instrument: com.fasterxml.jackson.core.json.UTF8JsonGenerator
23:36:07.154 [main] INFO  o.e.r.i.MethodCallReplacementClassAdapter - Adding mock interface to class com/fasterxml/jackson/core/json/UTF8JsonGenerator
23:36:07.158 [main] INFO  o.e.r.i.CreateClassResetClassAdapter - Found static initializer in class com/fasterxml/jackson/core/json/UTF8JsonGenerator
23:36:07.159 [main] INFO  o.e.r.i.MethodCallReplacementClassAdapter - No hashCode defined for: com/fasterxml/jackson/core/json/UTF8JsonGenerator, superclass = com.fasterxml.jackson.core.json.JsonGeneratorImpl
23:36:07.160 [main] DEBUG o.e.r.agent.TransformerForTests - Going to instrument: com.fasterxml.jackson.core.json.JsonGeneratorImpl
23:36:07.160 [main] INFO  o.e.r.i.MethodCallReplacementClassAdapter - Adding mock interface to class com/fasterxml/jackson/core/json/JsonGeneratorImpl
23:36:07.160 [main] INFO  o.e.r.i.CreateClassResetClassAdapter - Found static initializer in class com/fasterxml/jackson/core/json/JsonGeneratorImpl
23:36:07.161 [main] INFO  o.e.r.i.MethodCallReplacementClassAdapter - No hashCode defined for: com/fasterxml/jackson/core/json/JsonGeneratorImpl, superclass = com.fasterxml.jackson.core.base.GeneratorBase
23:36:07.161 [main] DEBUG o.e.r.agent.TransformerForTests - Going to instrument: com.fasterxml.jackson.core.base.GeneratorBase
23:36:07.161 [main] INFO  o.e.r.i.MethodCallReplacementClassAdapter - Adding mock interface to class com/fasterxml/jackson/core/base/GeneratorBase
23:36:07.163 [main] INFO  o.e.r.i.CreateClassResetClassAdapter - Found static initializer in class com/fasterxml/jackson/core/base/GeneratorBase
23:36:07.163 [main] INFO  o.e.r.i.MethodCallReplacementClassAdapter - No hashCode defined for: com/fasterxml/jackson/core/base/GeneratorBase, superclass = com.fasterxml.jackson.core.JsonGenerator
23:36:07.173 [main] DEBUG o.e.r.agent.TransformerForTests - Going to instrument: com.fasterxml.jackson.core.io.UTF8Writer
23:36:07.173 [main] INFO  o.e.r.i.MethodCallReplacementClassAdapter - Adding mock interface to class com/fasterxml/jackson/core/io/UTF8Writer
23:36:07.175 [main] INFO  o.e.r.i.MethodCallReplacementClassAdapter - No hashCode defined for: com/fasterxml/jackson/core/io/UTF8Writer, superclass = java.io.Writer
23:36:07.176 [main] INFO  o.e.r.i.CreateClassResetClassAdapter - Creating brand-new static initializer in class com/fasterxml/jackson/core/io/UTF8Writer
23:36:07.176 [main] INFO  o.e.r.i.CreateClassResetClassAdapter - Adding bytecode for initializing field SURR1_FIRST
23:36:07.176 [main] INFO  o.e.r.i.CreateClassResetClassAdapter - Adding bytecode for initializing field SURR1_LAST
23:36:07.176 [main] INFO  o.e.r.i.CreateClassResetClassAdapter - Adding bytecode for initializing field SURR2_FIRST
23:36:07.176 [main] INFO  o.e.r.i.CreateClassResetClassAdapter - Adding bytecode for initializing field SURR2_LAST
23:36:07.177 [main] DEBUG o.e.r.agent.TransformerForTests - Going to instrument: com.fasterxml.jackson.core.json.WriterBasedJsonGenerator
23:36:07.178 [main] INFO  o.e.r.i.MethodCallReplacementClassAdapter - Adding mock interface to class com/fasterxml/jackson/core/json/WriterBasedJsonGenerator
23:36:07.182 [main] INFO  o.e.r.i.CreateClassResetClassAdapter - Found static initializer in class com/fasterxml/jackson/core/json/WriterBasedJsonGenerator
23:36:07.183 [main] INFO  o.e.r.i.MethodCallReplacementClassAdapter - No hashCode defined for: com/fasterxml/jackson/core/json/WriterBasedJsonGenerator, superclass = com.fasterxml.jackson.core.json.JsonGeneratorImpl
23:36:07.186 [main] DEBUG o.e.r.agent.TransformerForTests - Going to instrument: com.fasterxml.jackson.core.JsonFactory$Feature
23:36:07.186 [main] INFO  o.e.r.i.MethodCallReplacementClassAdapter - Adding mock interface to class com/fasterxml/jackson/core/JsonFactory$Feature
23:36:07.187 [main] INFO  o.e.r.i.CreateClassResetClassAdapter - Found static initializer in class com/fasterxml/jackson/core/JsonFactory$Feature
23:36:07.187 [main] INFO  o.e.r.i.MethodCallReplacementClassAdapter - No hashCode defined for: com/fasterxml/jackson/core/JsonFactory$Feature, superclass = java.lang.Enum
23:36:07.188 [main] DEBUG o.e.r.agent.TransformerForTests - Going to instrument: com.fasterxml.jackson.core.JsonParser$Feature
23:36:07.188 [main] INFO  o.e.r.i.MethodCallReplacementClassAdapter - Adding mock interface to class com/fasterxml/jackson/core/JsonParser$Feature
23:36:07.188 [main] INFO  o.e.r.i.CreateClassResetClassAdapter - Found static initializer in class com/fasterxml/jackson/core/JsonParser$Feature
23:36:07.189 [main] INFO  o.e.r.i.MethodCallReplacementClassAdapter - No hashCode defined for: com/fasterxml/jackson/core/JsonParser$Feature, superclass = java.lang.Enum
23:36:07.190 [main] DEBUG o.e.r.agent.TransformerForTests - Going to instrument: com.fasterxml.jackson.core.util.DefaultPrettyPrinter
23:36:07.190 [main] INFO  o.e.r.i.MethodCallReplacementClassAdapter - Adding mock interface to class com/fasterxml/jackson/core/util/DefaultPrettyPrinter
23:36:07.191 [main] INFO  o.e.r.i.CreateClassResetClassAdapter - Found static initializer in class com/fasterxml/jackson/core/util/DefaultPrettyPrinter
23:36:07.191 [main] INFO  o.e.r.i.MethodCallReplacementClassAdapter - No hashCode defined for: com/fasterxml/jackson/core/util/DefaultPrettyPrinter, superclass = java.lang.Object
23:36:07.192 [main] DEBUG o.e.r.agent.TransformerForTests - Going to instrument: com.fasterxml.jackson.core.util.Instantiatable
23:36:07.192 [main] DEBUG o.e.r.agent.TransformerForTests - Going to instrument: com.fasterxml.jackson.core.util.DefaultPrettyPrinter$Indenter
23:36:07.193 [main] DEBUG o.e.r.agent.TransformerForTests - Going to instrument: com.fasterxml.jackson.core.io.SerializedString
23:36:07.193 [main] INFO  o.e.r.i.MethodCallReplacementClassAdapter - Adding mock interface to class com/fasterxml/jackson/core/io/SerializedString
23:36:07.195 [main] INFO  o.e.r.i.CreateClassResetClassAdapter - Creating brand-new static initializer in class com/fasterxml/jackson/core/io/SerializedString
23:36:07.196 [main] DEBUG o.e.r.agent.TransformerForTests - Going to instrument: org.springframework.http.converter.json.AbstractJackson2HttpMessageConverter
23:36:07.196 [main] INFO  o.e.r.i.MethodCallReplacementClassAdapter - Adding mock interface to class org/springframework/http/converter/json/AbstractJackson2HttpMessageConverter
23:36:07.198 [main] INFO  o.e.r.i.CreateClassResetClassAdapter - Found static initializer in class org/springframework/http/converter/json/AbstractJackson2HttpMessageConverter
23:36:07.201 [main] INFO  o.e.r.i.MethodCallReplacementClassAdapter - No hashCode defined for: org/springframework/http/converter/json/AbstractJackson2HttpMessageConverter, superclass = org.springframework.http.converter.AbstractGenericHttpMessageConverter
23:36:07.202 [main] DEBUG o.e.r.agent.TransformerForTests - Going to instrument: com.fasterxml.jackson.databind.ser.DefaultSerializerProvider$Impl
23:36:07.203 [main] INFO  o.e.r.i.MethodCallReplacementClassAdapter - Adding mock interface to class com/fasterxml/jackson/databind/ser/DefaultSerializerProvider$Impl
23:36:07.203 [main] INFO  o.e.r.i.MethodCallReplacementClassAdapter - No hashCode defined for: com/fasterxml/jackson/databind/ser/DefaultSerializerProvider$Impl, superclass = com.fasterxml.jackson.databind.ser.DefaultSerializerProvider
23:36:07.203 [main] INFO  o.e.r.i.CreateClassResetClassAdapter - Creating brand-new static initializer in class com/fasterxml/jackson/databind/ser/DefaultSerializerProvider$Impl
23:36:07.204 [main] DEBUG o.e.r.agent.TransformerForTests - Going to instrument: com.fasterxml.jackson.databind.util.StdDateFormat
23:36:07.204 [main] INFO  o.e.r.i.MethodCallReplacementClassAdapter - Adding mock interface to class com/fasterxml/jackson/databind/util/StdDateFormat
23:36:07.207 [main] INFO  o.e.r.i.CreateClassResetClassAdapter - Found static initializer in class com/fasterxml/jackson/databind/util/StdDateFormat
23:36:07.208 [main] INFO  o.e.r.i.MethodCallReplacementClassAdapter - No hashCode defined for: com/fasterxml/jackson/databind/util/StdDateFormat, superclass = java.text.DateFormat
23:36:07.209 [main] DEBUG o.e.r.agent.TransformerForTests - Going to instrument: com.fasterxml.jackson.core.io.SegmentedStringWriter
23:36:07.210 [main] INFO  o.e.r.i.MethodCallReplacementClassAdapter - Adding mock interface to class com/fasterxml/jackson/core/io/SegmentedStringWriter
23:36:07.210 [main] INFO  o.e.r.i.MethodCallReplacementClassAdapter - No hashCode defined for: com/fasterxml/jackson/core/io/SegmentedStringWriter, superclass = java.io.Writer
23:36:07.210 [main] INFO  o.e.r.i.CreateClassResetClassAdapter - Creating brand-new static initializer in class com/fasterxml/jackson/core/io/SegmentedStringWriter
23:36:07.214 [main] ERROR o.e.r.c.ClassStateSupport - Could not initialize org.springframework.http.converter.json.AbstractJackson2HttpMessageConverter: Bad type on operand stack
Exception Details:
  Location:
    com/fasterxml/jackson/databind/ObjectMapper.<clinit>()V @62: invokespecial
  Reason:
    Type 'com/fasterxml/jackson/databind/util/StdDateFormat' (current frame, stack[8]) is not assignable to 'java/text/DateFormat'
  Current Frame:
    bci: @62
    flags: { }
    locals: { }
    stack: { uninitialized 35, uninitialized 35, null, 'com/fasterxml/jackson/databind/AnnotationIntrospector', 'com/fasterxml/jackson/databind/introspect/VisibilityChecker', null, 'com/fasterxml/jackson/databind/type/TypeFactory', null, 'com/fasterxml/jackson/databind/util/StdDateFormat', null, 'java/util/Locale', null, 'com/fasterxml/jackson/core/Base64Variant' }
  Bytecode:
    0x0000000: 1304 06b8 06c7 b304 04bb 06c9 59b7 06ca
    0x0000010: b306 bdb8 06cd b306 bfbb 06cf 59b7 06d0
    0x0000020: b306 c1bb 0102 5901 b206 bdb2 06bf 01b8
    0x0000030: 00f7 01b2 06d5 01b8 06db 01b8 06e1 b706
    0x0000040: e4b3 00fc b1                           

23:36:07.215 [main] DEBUG o.e.r.agent.TransformerForTests - Going to instrument: org.springframework.web.cors.DefaultCorsProcessor
23:36:07.215 [main] INFO  o.e.r.i.MethodCallReplacementClassAdapter - Adding mock interface to class org/springframework/web/cors/DefaultCorsProcessor
23:36:07.216 [main] INFO  o.e.r.i.CreateClassResetClassAdapter - Found static initializer in class org/springframework/web/cors/DefaultCorsProcessor
23:36:07.216 [main] INFO  o.e.r.i.MethodCallReplacementClassAdapter - No hashCode defined for: org/springframework/web/cors/DefaultCorsProcessor, superclass = java.lang.Object
23:36:07.217 [main] DEBUG o.e.r.agent.TransformerForTests - Going to instrument: org.springframework.util.ObjectUtils
23:36:07.218 [main] INFO  o.e.r.i.MethodCallReplacementClassAdapter - Adding mock interface to class org/springframework/util/ObjectUtils
23:36:07.222 [main] INFO  o.e.r.i.CreateClassResetClassAdapter - Creating brand-new static initializer in class org/springframework/util/ObjectUtils
23:36:07.222 [main] INFO  o.e.r.i.CreateClassResetClassAdapter - Adding bytecode for initializing field INITIAL_HASH
23:36:07.222 [main] INFO  o.e.r.i.CreateClassResetClassAdapter - Adding bytecode for initializing field MULTIPLIER
23:36:07.222 [main] INFO  o.e.r.i.CreateClassResetClassAdapter - Adding bytecode for initializing field EMPTY_STRING
23:36:07.222 [main] INFO  o.e.r.i.CreateClassResetClassAdapter - Adding bytecode for initializing field NULL_STRING
23:36:07.222 [main] INFO  o.e.r.i.CreateClassResetClassAdapter - Adding bytecode for initializing field ARRAY_START
23:36:07.222 [main] INFO  o.e.r.i.CreateClassResetClassAdapter - Adding bytecode for initializing field ARRAY_END
23:36:07.222 [main] INFO  o.e.r.i.CreateClassResetClassAdapter - Adding bytecode for initializing field EMPTY_ARRAY
23:36:07.222 [main] INFO  o.e.r.i.CreateClassResetClassAdapter - Adding bytecode for initializing field ARRAY_ELEMENT_SEPARATOR
23:36:07.224 [main] DEBUG o.e.r.agent.TransformerForTests - Going to instrument: org.springframework.core.DefaultParameterNameDiscoverer
23:36:07.224 [main] INFO  o.e.r.i.MethodCallReplacementClassAdapter - Adding mock interface to class org/springframework/core/DefaultParameterNameDiscoverer
23:36:07.224 [main] INFO  o.e.r.i.CreateClassResetClassAdapter - Found static initializer in class org/springframework/core/DefaultParameterNameDiscoverer
23:36:07.225 [main] INFO  o.e.r.i.MethodCallReplacementClassAdapter - No hashCode defined for: org/springframework/core/DefaultParameterNameDiscoverer, superclass = org.springframework.core.PrioritizedParameterNameDiscoverer
23:36:07.225 [main] DEBUG o.e.r.agent.TransformerForTests - Going to instrument: org.springframework.boot.autoconfigure.web.WebMvcProperties$View
23:36:07.226 [main] INFO  o.e.r.i.MethodCallReplacementClassAdapter - Adding mock interface to class org/springframework/boot/autoconfigure/web/WebMvcProperties$View
23:36:07.226 [main] INFO  o.e.r.i.MethodCallReplacementClassAdapter - No hashCode defined for: org/springframework/boot/autoconfigure/web/WebMvcProperties$View, superclass = java.lang.Object
23:36:07.226 [main] INFO  o.e.r.i.CreateClassResetClassAdapter - Creating brand-new static initializer in class org/springframework/boot/autoconfigure/web/WebMvcProperties$View
23:36:07.227 [main] ERROR o.e.r.c.ClassStateSupport - Could not initialize com.fasterxml.jackson.databind.util.StdDateFormat: Bad <init> method call
Exception Details:
  Location:
    com/fasterxml/jackson/databind/util/StdDateFormat.<init>(Ljava/util/TimeZone;Ljava/util/Locale;)V @4: invokespecial
  Reason:
    Type 'java/text/DateFormat' is not assignable to 'com/fasterxml/jackson/databind/util/StdDateFormat'
  Bytecode:
    0x0000000: b800 2e2a b700 32b8 002e 2a2b b500 45b8
    0x0000010: 002e 2a2c b500 36b8 002e 2ab8 003c b1  

23:36:07.228 [main] DEBUG o.e.r.agent.TransformerForTests - Going to instrument: org.apache.commons.logging.LogConfigurationException
23:36:07.228 [main] INFO  o.e.r.i.MethodCallReplacementClassAdapter - Adding mock interface to class org/apache/commons/logging/LogConfigurationException
23:36:07.228 [main] INFO  o.e.r.i.MethodCallReplacementClassAdapter - No hashCode defined for: org/apache/commons/logging/LogConfigurationException, superclass = java.lang.RuntimeException
23:36:07.228 [main] INFO  o.e.r.i.CreateClassResetClassAdapter - Creating brand-new static initializer in class org/apache/commons/logging/LogConfigurationException
23:36:07.229 [main] DEBUG o.e.r.agent.TransformerForTests - Going to instrument: org.springframework.util.LinkedMultiValueMap
23:36:07.229 [main] INFO  o.e.r.i.MethodCallReplacementClassAdapter - Adding mock interface to class org/springframework/util/LinkedMultiValueMap
23:36:07.230 [main] INFO  o.e.r.i.CreateClassResetClassAdapter - Creating brand-new static initializer in class org/springframework/util/LinkedMultiValueMap
23:36:07.231 [main] DEBUG o.e.r.agent.TransformerForTests - Going to instrument: org.springframework.web.servlet.config.annotation.DefaultServletHandlerConfigurer
23:36:07.231 [main] INFO  o.e.r.i.MethodCallReplacementClassAdapter - Adding mock interface to class org/springframework/web/servlet/config/annotation/DefaultServletHandlerConfigurer
23:36:07.232 [main] INFO  o.e.r.i.MethodCallReplacementClassAdapter - No hashCode defined for: org/springframework/web/servlet/config/annotation/DefaultServletHandlerConfigurer, superclass = java.lang.Object
23:36:07.232 [main] INFO  o.e.r.i.CreateClassResetClassAdapter - Creating brand-new static initializer in class org/springframework/web/servlet/config/annotation/DefaultServletHandlerConfigurer
23:36:07.232 [main] DEBUG o.e.r.agent.TransformerForTests - Going to instrument: org.springframework.web.servlet.config.annotation.InterceptorRegistry
23:36:07.233 [main] INFO  o.e.r.i.MethodCallReplacementClassAdapter - Adding mock interface to class org/springframework/web/servlet/config/annotation/InterceptorRegistry
23:36:07.233 [main] INFO  o.e.r.i.MethodCallReplacementClassAdapter - No hashCode defined for: org/springframework/web/servlet/config/annotation/InterceptorRegistry, superclass = java.lang.Object
23:36:07.233 [main] INFO  o.e.r.i.CreateClassResetClassAdapter - Creating brand-new static initializer in class org/springframework/web/servlet/config/annotation/InterceptorRegistry
23:36:07.234 [main] DEBUG o.e.r.agent.TransformerForTests - Going to instrument: org.springframework.util.AntPathMatcher$AntPathStringMatcher
23:36:07.234 [main] INFO  o.e.r.i.MethodCallReplacementClassAdapter - Adding mock interface to class org/springframework/util/AntPathMatcher$AntPathStringMatcher
23:36:07.235 [main] INFO  o.e.r.i.CreateClassResetClassAdapter - Found static initializer in class org/springframework/util/AntPathMatcher$AntPathStringMatcher
23:36:07.236 [main] INFO  o.e.r.i.MethodCallReplacementClassAdapter - No hashCode defined for: org/springframework/util/AntPathMatcher$AntPathStringMatcher, superclass = java.lang.Object
23:36:07.237 [main] DEBUG o.e.r.agent.TransformerForTests - Going to instrument: org.springframework.web.bind.support.ConfigurableWebBindingInitializer
23:36:07.242 [main] INFO  o.e.r.i.MethodCallReplacementClassAdapter - Adding mock interface to class org/springframework/web/bind/support/ConfigurableWebBindingInitializer
23:36:07.242 [main] INFO  o.e.r.i.MethodCallReplacementClassAdapter - No hashCode defined for: org/springframework/web/bind/support/ConfigurableWebBindingInitializer, superclass = java.lang.Object
23:36:07.242 [main] INFO  o.e.r.i.CreateClassResetClassAdapter - Creating brand-new static initializer in class org/springframework/web/bind/support/ConfigurableWebBindingInitializer
23:36:07.245 [main] DEBUG o.e.r.agent.TransformerForTests - Going to instrument: org.springframework.web.method.annotation.SessionAttributesHandler
23:36:07.245 [main] INFO  o.e.r.i.MethodCallReplacementClassAdapter - Adding mock interface to class org/springframework/web/method/annotation/SessionAttributesHandler
23:36:07.245 [main] INFO  o.e.r.i.MethodCallReplacementClassAdapter - No hashCode defined for: org/springframework/web/method/annotation/SessionAttributesHandler, superclass = java.lang.Object
23:36:07.245 [main] INFO  o.e.r.i.CreateClassResetClassAdapter - Creating brand-new static initializer in class org/springframework/web/method/annotation/SessionAttributesHandler
23:36:07.246 [main] DEBUG o.e.r.agent.TransformerForTests - Going to instrument: org.springframework.boot.autoconfigure.web.WebMvcAutoConfiguration$EnableWebMvcConfiguration
23:36:07.246 [main] INFO  o.e.r.i.MethodCallReplacementClassAdapter - Adding mock interface to class org/springframework/boot/autoconfigure/web/WebMvcAutoConfiguration$EnableWebMvcConfiguration
23:36:07.247 [main] INFO  o.e.r.i.MethodCallReplacementClassAdapter - No hashCode defined for: org/springframework/boot/autoconfigure/web/WebMvcAutoConfiguration$EnableWebMvcConfiguration, superclass = org.springframework.web.servlet.config.annotation.DelegatingWebMvcConfiguration
23:36:07.247 [main] INFO  o.e.r.i.CreateClassResetClassAdapter - Creating brand-new static initializer in class org/springframework/boot/autoconfigure/web/WebMvcAutoConfiguration$EnableWebMvcConfiguration
23:36:07.247 [main] DEBUG o.e.r.agent.TransformerForTests - Going to instrument: org.springframework.http.HttpEntity
23:36:07.247 [main] INFO  o.e.r.i.MethodCallReplacementClassAdapter - Adding mock interface to class org/springframework/http/HttpEntity
23:36:07.248 [main] INFO  o.e.r.i.CreateClassResetClassAdapter - Found static initializer in class org/springframework/http/HttpEntity
23:36:07.249 [main] DEBUG o.e.r.agent.TransformerForTests - Going to instrument: org.springframework.http.HttpHeaders
23:36:07.250 [main] INFO  o.e.r.i.MethodCallReplacementClassAdapter - Adding mock interface to class org/springframework/http/HttpHeaders
23:36:07.259 [main] INFO  o.e.r.i.CreateClassResetClassAdapter - Found static initializer in class org/springframework/http/HttpHeaders
23:36:07.262 [main] DEBUG o.e.r.agent.TransformerForTests - Going to instrument: org.springframework.util.ConcurrentReferenceHashMap$Restructure
23:36:07.262 [main] INFO  o.e.r.i.MethodCallReplacementClassAdapter - Adding mock interface to class org/springframework/util/ConcurrentReferenceHashMap$Restructure
23:36:07.262 [main] INFO  o.e.r.i.CreateClassResetClassAdapter - Found static initializer in class org/springframework/util/ConcurrentReferenceHashMap$Restructure
23:36:07.262 [main] INFO  o.e.r.i.MethodCallReplacementClassAdapter - No hashCode defined for: org/springframework/util/ConcurrentReferenceHashMap$Restructure, superclass = java.lang.Enum
23:36:07.263 [main] DEBUG o.e.r.agent.TransformerForTests - Going to instrument: org.springframework.core.SerializableTypeWrapper$MethodParameterTypeProvider
23:36:07.263 [main] INFO  o.e.r.i.MethodCallReplacementClassAdapter - Adding mock interface to class org/springframework/core/SerializableTypeWrapper$MethodParameterTypeProvider
23:36:07.264 [main] INFO  o.e.r.i.MethodCallReplacementClassAdapter - No hashCode defined for: org/springframework/core/SerializableTypeWrapper$MethodParameterTypeProvider, superclass = java.lang.Object
23:36:07.265 [main] INFO  o.e.r.i.CreateClassResetClassAdapter - Creating brand-new static initializer in class org/springframework/core/SerializableTypeWrapper$MethodParameterTypeProvider
23:36:07.266 [main] DEBUG o.e.r.agent.TransformerForTests - Going to instrument: org.springframework.core.ResolvableType$WildcardBounds
23:36:07.266 [main] INFO  o.e.r.i.MethodCallReplacementClassAdapter - Adding mock interface to class org/springframework/core/ResolvableType$WildcardBounds
23:36:07.267 [main] INFO  o.e.r.i.MethodCallReplacementClassAdapter - No hashCode defined for: org/springframework/core/ResolvableType$WildcardBounds, superclass = java.lang.Object
23:36:07.268 [main] INFO  o.e.r.i.CreateClassResetClassAdapter - Creating brand-new static initializer in class org/springframework/core/ResolvableType$WildcardBounds
23:36:07.270 [main] DEBUG o.e.r.agent.TransformerForTests - Going to instrument: org.springframework.web.method.support.CompositeUriComponentsContributor
23:36:07.270 [main] INFO  o.e.r.i.MethodCallReplacementClassAdapter - Adding mock interface to class org/springframework/web/method/support/CompositeUriComponentsContributor
23:36:07.273 [main] INFO  o.e.r.i.MethodCallReplacementClassAdapter - No hashCode defined for: org/springframework/web/method/support/CompositeUriComponentsContributor, superclass = java.lang.Object
23:36:07.274 [main] INFO  o.e.r.i.CreateClassResetClassAdapter - Creating brand-new static initializer in class org/springframework/web/method/support/CompositeUriComponentsContributor
23:36:07.279 [main] ERROR o.e.r.c.ClassStateSupport - Could not initialize com.fasterxml.jackson.databind.ObjectMapper: Bad type on operand stack
Exception Details:
  Location:
    com/fasterxml/jackson/databind/ObjectMapper.<clinit>()V @62: invokespecial
  Reason:
    Type 'com/fasterxml/jackson/databind/util/StdDateFormat' (current frame, stack[8]) is not assignable to 'java/text/DateFormat'
  Current Frame:
    bci: @62
    flags: { }
    locals: { }
    stack: { uninitialized 35, uninitialized 35, null, 'com/fasterxml/jackson/databind/AnnotationIntrospector', 'com/fasterxml/jackson/databind/introspect/VisibilityChecker', null, 'com/fasterxml/jackson/databind/type/TypeFactory', null, 'com/fasterxml/jackson/databind/util/StdDateFormat', null, 'java/util/Locale', null, 'com/fasterxml/jackson/core/Base64Variant' }
  Bytecode:
    0x0000000: 1304 06b8 06c7 b304 04bb 06c9 59b7 06ca
    0x0000010: b306 bdb8 06cd b306 bfbb 06cf 59b7 06d0
    0x0000020: b306 c1bb 0102 5901 b206 bdb2 06bf 01b8
    0x0000030: 00f7 01b2 06d5 01b8 06db 01b8 06e1 b706
    0x0000040: e4b3 00fc b1                           

23:36:07.280 [main] DEBUG o.e.r.agent.TransformerForTests - Going to instrument: org.springframework.web.servlet.config.annotation.EnableWebMvc
23:36:07.281 [main] DEBUG o.e.r.agent.TransformerForTests - Going to instrument: org.springframework.context.ApplicationContext
23:36:07.281 [main] DEBUG o.e.r.agent.TransformerForTests - Going to instrument: org.springframework.core.convert.support.StreamConverter
23:36:07.281 [main] INFO  o.e.r.i.MethodCallReplacementClassAdapter - Adding mock interface to class org/springframework/core/convert/support/StreamConverter
23:36:07.283 [main] INFO  o.e.r.i.CreateClassResetClassAdapter - Found static initializer in class org/springframework/core/convert/support/StreamConverter
23:36:07.283 [main] INFO  o.e.r.i.MethodCallReplacementClassAdapter - No hashCode defined for: org/springframework/core/convert/support/StreamConverter, superclass = java.lang.Object
23:36:07.285 [main] DEBUG o.e.r.agent.TransformerForTests - Going to instrument: org.springframework.core.convert.support.ObjectToStringConverter
23:36:07.285 [main] INFO  o.e.r.i.MethodCallReplacementClassAdapter - Adding mock interface to class org/springframework/core/convert/support/ObjectToStringConverter
23:36:07.286 [main] INFO  o.e.r.i.MethodCallReplacementClassAdapter - No hashCode defined for: org/springframework/core/convert/support/ObjectToStringConverter, superclass = java.lang.Object
23:36:07.286 [main] INFO  o.e.r.i.CreateClassResetClassAdapter - Creating brand-new static initializer in class org/springframework/core/convert/support/ObjectToStringConverter
23:36:07.286 [main] DEBUG o.e.r.agent.TransformerForTests - Going to instrument: org.springframework.boot.SpringBootBanner
23:36:07.287 [main] INFO  o.e.r.i.MethodCallReplacementClassAdapter - Adding mock interface to class org/springframework/boot/SpringBootBanner
23:36:07.287 [main] INFO  o.e.r.i.CreateClassResetClassAdapter - Found static initializer in class org/springframework/boot/SpringBootBanner
23:36:07.287 [main] INFO  o.e.r.i.MethodCallReplacementClassAdapter - No hashCode defined for: org/springframework/boot/SpringBootBanner, superclass = java.lang.Object
23:36:07.288 [main] DEBUG o.e.r.agent.TransformerForTests - Going to instrument: org.springframework.boot.Banner
23:36:07.289 [main] DEBUG o.e.r.agent.TransformerForTests - Going to instrument: org.springframework.aop.support.AopUtils
23:36:07.290 [main] INFO  o.e.r.i.MethodCallReplacementClassAdapter - Adding mock interface to class org/springframework/aop/support/AopUtils
23:36:07.291 [main] INFO  o.e.r.i.MethodCallReplacementClassAdapter - No hashCode defined for: org/springframework/aop/support/AopUtils, superclass = java.lang.Object
23:36:07.291 [main] INFO  o.e.r.i.CreateClassResetClassAdapter - Creating brand-new static initializer in class org/springframework/aop/support/AopUtils
23:36:07.292 [main] DEBUG o.e.r.agent.TransformerForTests - Going to instrument: org.springframework.aop.AopInvocationException
23:36:07.292 [main] INFO  o.e.r.i.MethodCallReplacementClassAdapter - Adding mock interface to class org/springframework/aop/AopInvocationException
23:36:07.293 [main] INFO  o.e.r.i.MethodCallReplacementClassAdapter - No hashCode defined for: org/springframework/aop/AopInvocationException, superclass = org.springframework.core.NestedRuntimeException
23:36:07.293 [main] INFO  o.e.r.i.CreateClassResetClassAdapter - Creating brand-new static initializer in class org/springframework/aop/AopInvocationException
23:36:07.294 [main] DEBUG o.e.r.agent.TransformerForTests - Going to instrument: org.springframework.boot.context.event.ApplicationReadyEvent
23:36:07.298 [main] INFO  o.e.r.i.MethodCallReplacementClassAdapter - Adding mock interface to class org/springframework/boot/context/event/ApplicationReadyEvent
23:36:07.298 [main] INFO  o.e.r.i.MethodCallReplacementClassAdapter - No hashCode defined for: org/springframework/boot/context/event/ApplicationReadyEvent, superclass = org.springframework.boot.context.event.SpringApplicationEvent
23:36:07.298 [main] INFO  o.e.r.i.CreateClassResetClassAdapter - Creating brand-new static initializer in class org/springframework/boot/context/event/ApplicationReadyEvent
23:36:07.299 [main] DEBUG o.e.r.agent.TransformerForTests - Going to instrument: org.springframework.boot.context.event.SpringApplicationEvent
23:36:07.299 [main] INFO  o.e.r.i.MethodCallReplacementClassAdapter - Adding mock interface to class org/springframework/boot/context/event/SpringApplicationEvent
23:36:07.299 [main] INFO  o.e.r.i.MethodCallReplacementClassAdapter - No hashCode defined for: org/springframework/boot/context/event/SpringApplicationEvent, superclass = org.springframework.context.ApplicationEvent
23:36:07.299 [main] INFO  o.e.r.i.CreateClassResetClassAdapter - Creating brand-new static initializer in class org/springframework/boot/context/event/SpringApplicationEvent
23:36:07.300 [main] DEBUG o.e.r.agent.TransformerForTests - Going to instrument: org.springframework.context.ApplicationEvent
23:36:07.300 [main] INFO  o.e.r.i.MethodCallReplacementClassAdapter - Adding mock interface to class org/springframework/context/ApplicationEvent
23:36:07.300 [main] INFO  o.e.r.i.MethodCallReplacementClassAdapter - No hashCode defined for: org/springframework/context/ApplicationEvent, superclass = java.util.EventObject
23:36:07.300 [main] INFO  o.e.r.i.CreateClassResetClassAdapter - Creating brand-new static initializer in class org/springframework/context/ApplicationEvent
23:36:07.301 [main] DEBUG o.e.r.agent.TransformerForTests - Going to instrument: org.springframework.boot.json.JsonParser
23:36:07.302 [main] DEBUG o.e.r.agent.TransformerForTests - Going to instrument: org.springframework.context.event.SimpleApplicationEventMulticaster
23:36:07.303 [main] INFO  o.e.r.i.MethodCallReplacementClassAdapter - Adding mock interface to class org/springframework/context/event/SimpleApplicationEventMulticaster
23:36:07.303 [main] INFO  o.e.r.i.MethodCallReplacementClassAdapter - No hashCode defined for: org/springframework/context/event/SimpleApplicationEventMulticaster, superclass = org.springframework.context.event.AbstractApplicationEventMulticaster
23:36:07.303 [main] INFO  o.e.r.i.CreateClassResetClassAdapter - Creating brand-new static initializer in class org/springframework/context/event/SimpleApplicationEventMulticaster
23:36:07.304 [main] DEBUG o.e.r.agent.TransformerForTests - Going to instrument: org.springframework.context.event.AbstractApplicationEventMulticaster
23:36:07.304 [main] INFO  o.e.r.i.MethodCallReplacementClassAdapter - Adding mock interface to class org/springframework/context/event/AbstractApplicationEventMulticaster
23:36:07.307 [main] INFO  o.e.r.i.MethodCallReplacementClassAdapter - No hashCode defined for: org/springframework/context/event/AbstractApplicationEventMulticaster, superclass = java.lang.Object
23:36:07.307 [main] INFO  o.e.r.i.CreateClassResetClassAdapter - Creating brand-new static initializer in class org/springframework/context/event/AbstractApplicationEventMulticaster
23:36:07.308 [main] DEBUG o.e.r.agent.TransformerForTests - Going to instrument: org.springframework.context.event.ApplicationEventMulticaster
23:36:07.309 [main] DEBUG o.e.r.agent.TransformerForTests - Going to instrument: org.springframework.beans.factory.BeanClassLoaderAware
23:36:07.310 [main] DEBUG o.e.r.agent.TransformerForTests - Going to instrument: org.springframework.context.event.GenericApplicationListener
23:36:07.311 [main] DEBUG o.e.r.agent.TransformerForTests - Going to instrument: org.springframework.validation.BindingErrorProcessor
23:36:07.311 [main] DEBUG o.e.r.agent.TransformerForTests - Going to instrument: org.springframework.boot.bind.PropertySourcesPropertyValues
23:36:07.311 [main] INFO  o.e.r.i.MethodCallReplacementClassAdapter - Adding mock interface to class org/springframework/boot/bind/PropertySourcesPropertyValues
23:36:07.312 [main] INFO  o.e.r.i.CreateClassResetClassAdapter - Found static initializer in class org/springframework/boot/bind/PropertySourcesPropertyValues
23:36:07.313 [main] INFO  o.e.r.i.MethodCallReplacementClassAdapter - No hashCode defined for: org/springframework/boot/bind/PropertySourcesPropertyValues, superclass = java.lang.Object
23:36:07.314 [main] DEBUG o.e.r.agent.TransformerForTests - Going to instrument: org.springframework.boot.bind.PropertyNamePatternsMatcher
23:36:07.315 [main] DEBUG o.e.r.agent.TransformerForTests - Going to instrument: org.springframework.beans.PropertyValue
23:36:07.315 [main] INFO  o.e.r.i.MethodCallReplacementClassAdapter - Adding mock interface to class org/springframework/beans/PropertyValue
23:36:07.316 [main] INFO  o.e.r.i.CreateClassResetClassAdapter - Creating brand-new static initializer in class org/springframework/beans/PropertyValue
23:36:07.316 [main] DEBUG o.e.r.agent.TransformerForTests - Going to instrument: org.springframework.beans.BeanMetadataAttributeAccessor
23:36:07.316 [main] INFO  o.e.r.i.MethodCallReplacementClassAdapter - Adding mock interface to class org/springframework/beans/BeanMetadataAttributeAccessor
23:36:07.317 [main] INFO  o.e.r.i.MethodCallReplacementClassAdapter - No hashCode defined for: org/springframework/beans/BeanMetadataAttributeAccessor, superclass = org.springframework.core.AttributeAccessorSupport
23:36:07.317 [main] INFO  o.e.r.i.CreateClassResetClassAdapter - Creating brand-new static initializer in class org/springframework/beans/BeanMetadataAttributeAccessor
23:36:07.317 [main] DEBUG o.e.r.agent.TransformerForTests - Going to instrument: org.springframework.beans.BeanMetadataElement
23:36:07.318 [main] DEBUG o.e.r.agent.TransformerForTests - Going to instrument: org.springframework.core.AttributeAccessorSupport
23:36:07.318 [main] INFO  o.e.r.i.MethodCallReplacementClassAdapter - Adding mock interface to class org/springframework/core/AttributeAccessorSupport
23:36:07.319 [main] INFO  o.e.r.i.CreateClassResetClassAdapter - Creating brand-new static initializer in class org/springframework/core/AttributeAccessorSupport
23:36:07.319 [main] DEBUG o.e.r.agent.TransformerForTests - Going to instrument: org.springframework.core.AttributeAccessor
23:36:07.320 [main] DEBUG o.e.r.agent.TransformerForTests - Going to instrument: org.springframework.boot.bind.OriginCapablePropertyValue
23:36:07.320 [main] INFO  o.e.r.i.MethodCallReplacementClassAdapter - Adding mock interface to class org/springframework/boot/bind/OriginCapablePropertyValue
23:36:07.320 [main] INFO  o.e.r.i.MethodCallReplacementClassAdapter - No hashCode defined for: org/springframework/boot/bind/OriginCapablePropertyValue, superclass = org.springframework.beans.PropertyValue
23:36:07.320 [main] INFO  o.e.r.i.CreateClassResetClassAdapter - Creating brand-new static initializer in class org/springframework/boot/bind/OriginCapablePropertyValue
23:36:07.321 [main] INFO  o.e.r.i.CreateClassResetClassAdapter - Adding bytecode for initializing field ATTRIBUTE_PROPERTY_ORIGIN
23:36:07.322 [main] DEBUG o.e.r.agent.TransformerForTests - Going to instrument: org.springframework.core.env.AbstractPropertyResolver$1
23:36:07.323 [main] INFO  o.e.r.i.MethodCallReplacementClassAdapter - Adding mock interface to class org/springframework/core/env/AbstractPropertyResolver$1
23:36:07.323 [main] INFO  o.e.r.i.MethodCallReplacementClassAdapter - No hashCode defined for: org/springframework/core/env/AbstractPropertyResolver$1, superclass = java.lang.Object
23:36:07.324 [main] DEBUG o.e.r.agent.TransformerForTests - Going to instrument: org.springframework.util.PropertyPlaceholderHelper$PlaceholderResolver
23:36:07.325 [main] DEBUG o.e.r.agent.TransformerForTests - Going to instrument: org.springframework.context.event.AbstractApplicationEventMulticaster$ListenerRetriever
23:36:07.325 [main] INFO  o.e.r.i.MethodCallReplacementClassAdapter - Adding mock interface to class org/springframework/context/event/AbstractApplicationEventMulticaster$ListenerRetriever
23:36:07.327 [main] INFO  o.e.r.i.MethodCallReplacementClassAdapter - No hashCode defined for: org/springframework/context/event/AbstractApplicationEventMulticaster$ListenerRetriever, superclass = java.lang.Object
23:36:07.327 [main] INFO  o.e.r.i.CreateClassResetClassAdapter - Creating brand-new static initializer in class org/springframework/context/event/AbstractApplicationEventMulticaster$ListenerRetriever
23:36:07.328 [main] DEBUG o.e.r.agent.TransformerForTests - Going to instrument: org.springframework.boot.context.event.ApplicationStartedEvent
23:36:07.335 [main] INFO  o.e.r.i.MethodCallReplacementClassAdapter - Adding mock interface to class org/springframework/boot/context/event/ApplicationStartedEvent
23:36:07.336 [main] INFO  o.e.r.i.MethodCallReplacementClassAdapter - No hashCode defined for: org/springframework/boot/context/event/ApplicationStartedEvent, superclass = org.springframework.boot.context.event.SpringApplicationEvent
23:36:07.336 [main] INFO  o.e.r.i.CreateClassResetClassAdapter - Creating brand-new static initializer in class org/springframework/boot/context/event/ApplicationStartedEvent
23:36:07.337 [main] DEBUG o.e.r.agent.TransformerForTests - Going to instrument: org.springframework.core.convert.support.NumberToNumberConverterFactory
23:36:07.337 [main] INFO  o.e.r.i.MethodCallReplacementClassAdapter - Adding mock interface to class org/springframework/core/convert/support/NumberToNumberConverterFactory
23:36:07.337 [main] INFO  o.e.r.i.MethodCallReplacementClassAdapter - No hashCode defined for: org/springframework/core/convert/support/NumberToNumberConverterFactory, superclass = java.lang.Object
23:36:07.338 [main] INFO  o.e.r.i.CreateClassResetClassAdapter - Creating brand-new static initializer in class org/springframework/core/convert/support/NumberToNumberConverterFactory
23:36:07.339 [main] DEBUG o.e.r.agent.TransformerForTests - Going to instrument: org.springframework.boot.logging.logback.LogbackLoggingSystem
23:36:07.339 [main] INFO  o.e.r.i.MethodCallReplacementClassAdapter - Adding mock interface to class org/springframework/boot/logging/logback/LogbackLoggingSystem
23:36:07.341 [main] INFO  o.e.r.i.CreateClassResetClassAdapter - Found static initializer in class org/springframework/boot/logging/logback/LogbackLoggingSystem
23:36:07.341 [main] INFO  o.e.r.i.MethodCallReplacementClassAdapter - No hashCode defined for: org/springframework/boot/logging/logback/LogbackLoggingSystem, superclass = org.springframework.boot.logging.Slf4JLoggingSystem
23:36:07.342 [main] DEBUG o.e.r.agent.TransformerForTests - Going to instrument: org.springframework.boot.logging.Slf4JLoggingSystem
23:36:07.342 [main] INFO  o.e.r.i.MethodCallReplacementClassAdapter - Adding mock interface to class org/springframework/boot/logging/Slf4JLoggingSystem
23:36:07.343 [main] INFO  o.e.r.i.MethodCallReplacementClassAdapter - No hashCode defined for: org/springframework/boot/logging/Slf4JLoggingSystem, superclass = org.springframework.boot.logging.AbstractLoggingSystem
23:36:07.343 [main] INFO  o.e.r.i.CreateClassResetClassAdapter - Creating brand-new static initializer in class org/springframework/boot/logging/Slf4JLoggingSystem
23:36:07.343 [main] INFO  o.e.r.i.CreateClassResetClassAdapter - Adding bytecode for initializing field BRIDGE_HANDLER
23:36:07.343 [main] DEBUG o.e.r.agent.TransformerForTests - Going to instrument: org.springframework.boot.logging.AbstractLoggingSystem
23:36:07.343 [main] INFO  o.e.r.i.MethodCallReplacementClassAdapter - Adding mock interface to class org/springframework/boot/logging/AbstractLoggingSystem
23:36:07.344 [main] INFO  o.e.r.i.MethodCallReplacementClassAdapter - No hashCode defined for: org/springframework/boot/logging/AbstractLoggingSystem, superclass = org.springframework.boot.logging.LoggingSystem
23:36:07.344 [main] INFO  o.e.r.i.CreateClassResetClassAdapter - Creating brand-new static initializer in class org/springframework/boot/logging/AbstractLoggingSystem
23:36:07.344 [main] DEBUG o.e.r.agent.TransformerForTests - Going to instrument: org.springframework.boot.logging.LoggingSystem
23:36:07.344 [main] INFO  o.e.r.i.MethodCallReplacementClassAdapter - Adding mock interface to class org/springframework/boot/logging/LoggingSystem
23:36:07.346 [main] INFO  o.e.r.i.CreateClassResetClassAdapter - Found static initializer in class org/springframework/boot/logging/LoggingSystem
23:36:07.346 [main] INFO  o.e.r.i.MethodCallReplacementClassAdapter - No hashCode defined for: org/springframework/boot/logging/LoggingSystem, superclass = java.lang.Object
23:36:07.347 [main] DEBUG o.e.r.agent.TransformerForTests - Going to instrument: org.springframework.boot.logging.logback.LogbackLoggingSystem$1
23:36:07.347 [main] INFO  o.e.r.i.MethodCallReplacementClassAdapter - Adding mock interface to class org/springframework/boot/logging/logback/LogbackLoggingSystem$1
23:36:07.348 [main] INFO  o.e.r.i.MethodCallReplacementClassAdapter - No hashCode defined for: org/springframework/boot/logging/logback/LogbackLoggingSystem$1, superclass = ch.qos.logback.classic.turbo.TurboFilter
23:36:07.349 [main] DEBUG o.e.r.agent.TransformerForTests - Going to instrument: org.springframework.boot.logging.logback.SpringBootJoranConfigurator
23:36:07.350 [main] INFO  o.e.r.i.MethodCallReplacementClassAdapter - Adding mock interface to class org/springframework/boot/logging/logback/SpringBootJoranConfigurator
23:36:07.350 [main] INFO  o.e.r.i.MethodCallReplacementClassAdapter - No hashCode defined for: org/springframework/boot/logging/logback/SpringBootJoranConfigurator, superclass = ch.qos.logback.classic.joran.JoranConfigurator
23:36:07.350 [main] INFO  o.e.r.i.CreateClassResetClassAdapter - Creating brand-new static initializer in class org/springframework/boot/logging/logback/SpringBootJoranConfigurator
23:36:07.351 [main] DEBUG o.e.r.agent.TransformerForTests - Going to instrument: org.springframework.boot.logging.LogLevel
23:36:07.352 [main] INFO  o.e.r.i.MethodCallReplacementClassAdapter - Adding mock interface to class org/springframework/boot/logging/LogLevel
23:36:07.352 [main] INFO  o.e.r.i.CreateClassResetClassAdapter - Found static initializer in class org/springframework/boot/logging/LogLevel
23:36:07.352 [main] INFO  o.e.r.i.MethodCallReplacementClassAdapter - No hashCode defined for: org/springframework/boot/logging/LogLevel, superclass = java.lang.Enum
23:36:07.353 [main] DEBUG o.e.r.agent.TransformerForTests - Going to instrument: org.springframework.util.PropertyPlaceholderHelper
23:36:07.354 [main] INFO  o.e.r.i.MethodCallReplacementClassAdapter - Adding mock interface to class org/springframework/util/PropertyPlaceholderHelper
23:36:07.355 [main] INFO  o.e.r.i.CreateClassResetClassAdapter - Found static initializer in class org/springframework/util/PropertyPlaceholderHelper
23:36:07.355 [main] INFO  o.e.r.i.MethodCallReplacementClassAdapter - No hashCode defined for: org/springframework/util/PropertyPlaceholderHelper, superclass = java.lang.Object
23:36:07.357 [main] DEBUG o.e.r.agent.TransformerForTests - Going to instrument: org.springframework.core.convert.support.ArrayToObjectConverter
23:36:07.357 [main] INFO  o.e.r.i.MethodCallReplacementClassAdapter - Adding mock interface to class org/springframework/core/convert/support/ArrayToObjectConverter
23:36:07.358 [main] INFO  o.e.r.i.MethodCallReplacementClassAdapter - No hashCode defined for: org/springframework/core/convert/support/ArrayToObjectConverter, superclass = java.lang.Object
23:36:07.358 [main] INFO  o.e.r.i.CreateClassResetClassAdapter - Creating brand-new static initializer in class org/springframework/core/convert/support/ArrayToObjectConverter
23:36:07.359 [main] DEBUG o.e.r.agent.TransformerForTests - Going to instrument: org.springframework.core.annotation.AnnotationUtils
23:36:07.360 [main] INFO  o.e.r.i.MethodCallReplacementClassAdapter - Adding mock interface to class org/springframework/core/annotation/AnnotationUtils
23:36:07.365 [main] INFO  o.e.r.i.CreateClassResetClassAdapter - Found static initializer in class org/springframework/core/annotation/AnnotationUtils
23:36:07.366 [main] INFO  o.e.r.i.MethodCallReplacementClassAdapter - No hashCode defined for: org/springframework/core/annotation/AnnotationUtils, superclass = java.lang.Object
23:36:07.368 [main] DEBUG o.e.r.agent.TransformerForTests - Going to instrument: org.springframework.core.annotation.AnnotationAttributeExtractor
23:36:07.369 [main] DEBUG o.e.r.agent.TransformerForTests - Going to instrument: org.springframework.core.annotation.AnnotationConfigurationException
23:36:07.370 [main] INFO  o.e.r.i.MethodCallReplacementClassAdapter - Adding mock interface to class org/springframework/core/annotation/AnnotationConfigurationException
23:36:07.371 [main] INFO  o.e.r.i.MethodCallReplacementClassAdapter - No hashCode defined for: org/springframework/core/annotation/AnnotationConfigurationException, superclass = org.springframework.core.NestedRuntimeException
23:36:07.371 [main] INFO  o.e.r.i.CreateClassResetClassAdapter - Creating brand-new static initializer in class org/springframework/core/annotation/AnnotationConfigurationException
23:36:07.373 [main] DEBUG o.e.r.agent.TransformerForTests - Going to instrument: org.springframework.validation.DirectFieldBindingResult
23:36:07.373 [main] INFO  o.e.r.i.MethodCallReplacementClassAdapter - Adding mock interface to class org/springframework/validation/DirectFieldBindingResult
23:36:07.373 [main] INFO  o.e.r.i.MethodCallReplacementClassAdapter - No hashCode defined for: org/springframework/validation/DirectFieldBindingResult, superclass = org.springframework.validation.AbstractPropertyBindingResult
23:36:07.373 [main] INFO  o.e.r.i.CreateClassResetClassAdapter - Creating brand-new static initializer in class org/springframework/validation/DirectFieldBindingResult
23:36:07.374 [main] DEBUG o.e.r.agent.TransformerForTests - Going to instrument: org.springframework.validation.AbstractPropertyBindingResult
23:36:07.374 [main] INFO  o.e.r.i.MethodCallReplacementClassAdapter - Adding mock interface to class org/springframework/validation/AbstractPropertyBindingResult
23:36:07.375 [main] INFO  o.e.r.i.MethodCallReplacementClassAdapter - No hashCode defined for: org/springframework/validation/AbstractPropertyBindingResult, superclass = org.springframework.validation.AbstractBindingResult
23:36:07.375 [main] INFO  o.e.r.i.CreateClassResetClassAdapter - Creating brand-new static initializer in class org/springframework/validation/AbstractPropertyBindingResult
23:36:07.376 [main] DEBUG o.e.r.agent.TransformerForTests - Going to instrument: org.springframework.validation.AbstractBindingResult
23:36:07.376 [main] INFO  o.e.r.i.MethodCallReplacementClassAdapter - Adding mock interface to class org/springframework/validation/AbstractBindingResult
23:36:07.378 [main] INFO  o.e.r.i.CreateClassResetClassAdapter - Creating brand-new static initializer in class org/springframework/validation/AbstractBindingResult
23:36:07.378 [main] DEBUG o.e.r.agent.TransformerForTests - Going to instrument: org.springframework.validation.AbstractErrors
23:36:07.379 [main] INFO  o.e.r.i.MethodCallReplacementClassAdapter - Adding mock interface to class org/springframework/validation/AbstractErrors
23:36:07.380 [main] INFO  o.e.r.i.MethodCallReplacementClassAdapter - No hashCode defined for: org/springframework/validation/AbstractErrors, superclass = java.lang.Object
23:36:07.380 [main] INFO  o.e.r.i.CreateClassResetClassAdapter - Creating brand-new static initializer in class org/springframework/validation/AbstractErrors
23:36:07.382 [main] DEBUG o.e.r.agent.TransformerForTests - Going to instrument: org.springframework.util.StopWatch
23:36:07.382 [main] INFO  o.e.r.i.MethodCallReplacementClassAdapter - Adding mock interface to class org/springframework/util/StopWatch
23:36:07.384 [main] INFO  o.e.r.i.MethodCallReplacementClassAdapter - No hashCode defined for: org/springframework/util/StopWatch, superclass = java.lang.Object
23:36:07.384 [main] INFO  o.e.r.i.CreateClassResetClassAdapter - Creating brand-new static initializer in class org/springframework/util/StopWatch
23:36:07.385 [main] DEBUG o.e.r.agent.TransformerForTests - Going to instrument: org.springframework.core.PriorityOrdered
23:36:07.386 [main] DEBUG o.e.r.agent.TransformerForTests - Going to instrument: org.springframework.core.convert.support.DefaultConversionService$Jsr310ConverterRegistrar
23:36:07.386 [main] INFO  o.e.r.i.MethodCallReplacementClassAdapter - Adding mock interface to class org/springframework/core/convert/support/DefaultConversionService$Jsr310ConverterRegistrar
23:36:07.387 [main] INFO  o.e.r.i.MethodCallReplacementClassAdapter - No hashCode defined for: org/springframework/core/convert/support/DefaultConversionService$Jsr310ConverterRegistrar, superclass = java.lang.Object
23:36:07.387 [main] INFO  o.e.r.i.CreateClassResetClassAdapter - Creating brand-new static initializer in class org/springframework/core/convert/support/DefaultConversionService$Jsr310ConverterRegistrar
23:36:07.387 [main] DEBUG o.e.r.agent.TransformerForTests - Going to instrument: org.springframework.boot.SpringApplicationRunListeners
23:36:07.387 [main] INFO  o.e.r.i.MethodCallReplacementClassAdapter - Adding mock interface to class org/springframework/boot/SpringApplicationRunListeners
23:36:07.388 [main] INFO  o.e.r.i.MethodCallReplacementClassAdapter - No hashCode defined for: org/springframework/boot/SpringApplicationRunListeners, superclass = java.lang.Object
23:36:07.388 [main] INFO  o.e.r.i.CreateClassResetClassAdapter - Creating brand-new static initializer in class org/springframework/boot/SpringApplicationRunListeners
23:36:07.389 [main] DEBUG o.e.r.agent.TransformerForTests - Going to instrument: org.springframework.core.env.CommandLineArgs
23:36:07.389 [main] INFO  o.e.r.i.MethodCallReplacementClassAdapter - Adding mock interface to class org/springframework/core/env/CommandLineArgs
23:36:07.389 [main] INFO  o.e.r.i.MethodCallReplacementClassAdapter - No hashCode defined for: org/springframework/core/env/CommandLineArgs, superclass = java.lang.Object
23:36:07.389 [main] INFO  o.e.r.i.CreateClassResetClassAdapter - Creating brand-new static initializer in class org/springframework/core/env/CommandLineArgs
23:36:07.390 [main] DEBUG o.e.r.agent.TransformerForTests - Going to instrument: org.springframework.beans.factory.support.BeanNameGenerator
23:36:07.390 [main] DEBUG o.e.r.agent.TransformerForTests - Going to instrument: org.springframework.boot.bind.RelaxedNames$Manipulation
23:36:07.390 [main] INFO  o.e.r.i.MethodCallReplacementClassAdapter - Adding mock interface to class org/springframework/boot/bind/RelaxedNames$Manipulation
23:36:07.391 [main] INFO  o.e.r.i.CreateClassResetClassAdapter - Found static initializer in class org/springframework/boot/bind/RelaxedNames$Manipulation
23:36:07.391 [main] INFO  o.e.r.i.MethodCallReplacementClassAdapter - No hashCode defined for: org/springframework/boot/bind/RelaxedNames$Manipulation, superclass = java.lang.Enum
23:36:07.391 [main] DEBUG o.e.r.agent.TransformerForTests - Going to instrument: org.springframework.boot.bind.RelaxedNames$Manipulation$1
23:36:07.392 [main] INFO  o.e.r.i.MethodCallReplacementClassAdapter - Adding mock interface to class org/springframework/boot/bind/RelaxedNames$Manipulation$1
23:36:07.392 [main] INFO  o.e.r.i.MethodCallReplacementClassAdapter - No hashCode defined for: org/springframework/boot/bind/RelaxedNames$Manipulation$1, superclass = org.springframework.boot.bind.RelaxedNames$Manipulation
23:36:07.392 [main] DEBUG o.e.r.agent.TransformerForTests - Going to instrument: org.springframework.boot.bind.RelaxedNames$Manipulation$2
23:36:07.392 [main] INFO  o.e.r.i.MethodCallReplacementClassAdapter - Adding mock interface to class org/springframework/boot/bind/RelaxedNames$Manipulation$2
23:36:07.392 [main] INFO  o.e.r.i.MethodCallReplacementClassAdapter - No hashCode defined for: org/springframework/boot/bind/RelaxedNames$Manipulation$2, superclass = org.springframework.boot.bind.RelaxedNames$Manipulation
23:36:07.393 [main] DEBUG o.e.r.agent.TransformerForTests - Going to instrument: org.springframework.boot.bind.RelaxedNames$Manipulation$3
23:36:07.393 [main] INFO  o.e.r.i.MethodCallReplacementClassAdapter - Adding mock interface to class org/springframework/boot/bind/RelaxedNames$Manipulation$3
23:36:07.393 [main] INFO  o.e.r.i.MethodCallReplacementClassAdapter - No hashCode defined for: org/springframework/boot/bind/RelaxedNames$Manipulation$3, superclass = org.springframework.boot.bind.RelaxedNames$Manipulation
23:36:07.393 [main] DEBUG o.e.r.agent.TransformerForTests - Going to instrument: org.springframework.boot.bind.RelaxedNames$Manipulation$4
23:36:07.393 [main] INFO  o.e.r.i.MethodCallReplacementClassAdapter - Adding mock interface to class org/springframework/boot/bind/RelaxedNames$Manipulation$4
23:36:07.393 [main] INFO  o.e.r.i.MethodCallReplacementClassAdapter - No hashCode defined for: org/springframework/boot/bind/RelaxedNames$Manipulation$4, superclass = org.springframework.boot.bind.RelaxedNames$Manipulation
23:36:07.394 [main] DEBUG o.e.r.agent.TransformerForTests - Going to instrument: org.springframework.boot.bind.RelaxedNames$Manipulation$5
23:36:07.394 [main] INFO  o.e.r.i.MethodCallReplacementClassAdapter - Adding mock interface to class org/springframework/boot/bind/RelaxedNames$Manipulation$5
23:36:07.394 [main] INFO  o.e.r.i.MethodCallReplacementClassAdapter - No hashCode defined for: org/springframework/boot/bind/RelaxedNames$Manipulation$5, superclass = org.springframework.boot.bind.RelaxedNames$Manipulation
23:36:07.394 [main] DEBUG o.e.r.agent.TransformerForTests - Going to instrument: org.springframework.boot.bind.RelaxedNames$Manipulation$6
23:36:07.394 [main] INFO  o.e.r.i.MethodCallReplacementClassAdapter - Adding mock interface to class org/springframework/boot/bind/RelaxedNames$Manipulation$6
23:36:07.395 [main] INFO  o.e.r.i.MethodCallReplacementClassAdapter - No hashCode defined for: org/springframework/boot/bind/RelaxedNames$Manipulation$6, superclass = org.springframework.boot.bind.RelaxedNames$Manipulation
23:36:07.395 [main] DEBUG o.e.r.agent.TransformerForTests - Going to instrument: org.springframework.boot.bind.RelaxedNames$Manipulation$7
23:36:07.395 [main] INFO  o.e.r.i.MethodCallReplacementClassAdapter - Adding mock interface to class org/springframework/boot/bind/RelaxedNames$Manipulation$7
23:36:07.395 [main] INFO  o.e.r.i.MethodCallReplacementClassAdapter - No hashCode defined for: org/springframework/boot/bind/RelaxedNames$Manipulation$7, superclass = org.springframework.boot.bind.RelaxedNames$Manipulation
23:36:07.395 [main] DEBUG o.e.r.agent.TransformerForTests - Going to instrument: org.springframework.boot.bind.RelaxedNames$Manipulation$8
23:36:07.395 [main] INFO  o.e.r.i.MethodCallReplacementClassAdapter - Adding mock interface to class org/springframework/boot/bind/RelaxedNames$Manipulation$8
23:36:07.396 [main] INFO  o.e.r.i.MethodCallReplacementClassAdapter - No hashCode defined for: org/springframework/boot/bind/RelaxedNames$Manipulation$8, superclass = org.springframework.boot.bind.RelaxedNames$Manipulation
23:36:07.397 [main] DEBUG o.e.r.agent.TransformerForTests - Going to instrument: org.springframework.boot.autoconfigure.BackgroundPreinitializer$1
23:36:07.397 [main] INFO  o.e.r.i.MethodCallReplacementClassAdapter - Adding mock interface to class org/springframework/boot/autoconfigure/BackgroundPreinitializer$1
23:36:07.398 [main] INFO  o.e.r.i.MethodCallReplacementClassAdapter - No hashCode defined for: org/springframework/boot/autoconfigure/BackgroundPreinitializer$1, superclass = java.lang.Object
23:36:07.399 [main] DEBUG o.e.r.agent.TransformerForTests - Going to instrument: org.springframework.boot.ExitCodeGenerator
23:36:07.399 [main] DEBUG o.e.r.agent.TransformerForTests - Going to instrument: org.springframework.core.annotation.AnnotationAwareOrderComparator
23:36:07.399 [main] INFO  o.e.r.i.MethodCallReplacementClassAdapter - Adding mock interface to class org/springframework/core/annotation/AnnotationAwareOrderComparator
23:36:07.400 [main] INFO  o.e.r.i.CreateClassResetClassAdapter - Found static initializer in class org/springframework/core/annotation/AnnotationAwareOrderComparator
23:36:07.400 [main] INFO  o.e.r.i.MethodCallReplacementClassAdapter - No hashCode defined for: org/springframework/core/annotation/AnnotationAwareOrderComparator, superclass = org.springframework.core.OrderComparator
23:36:07.401 [main] DEBUG o.e.r.agent.TransformerForTests - Going to instrument: org.springframework.core.OrderComparator
23:36:07.405 [main] INFO  o.e.r.i.MethodCallReplacementClassAdapter - Adding mock interface to class org/springframework/core/OrderComparator
23:36:07.406 [main] INFO  o.e.r.i.CreateClassResetClassAdapter - Found static initializer in class org/springframework/core/OrderComparator
23:36:07.406 [main] INFO  o.e.r.i.MethodCallReplacementClassAdapter - No hashCode defined for: org/springframework/core/OrderComparator, superclass = java.lang.Object
23:36:07.407 [main] DEBUG o.e.r.agent.TransformerForTests - Going to instrument: org.springframework.core.env.CommandLinePropertySource
23:36:07.408 [main] INFO  o.e.r.i.MethodCallReplacementClassAdapter - Adding mock interface to class org/springframework/core/env/CommandLinePropertySource
23:36:07.408 [main] INFO  o.e.r.i.MethodCallReplacementClassAdapter - No hashCode defined for: org/springframework/core/env/CommandLinePropertySource, superclass = org.springframework.core.env.EnumerablePropertySource
23:36:07.408 [main] INFO  o.e.r.i.CreateClassResetClassAdapter - Creating brand-new static initializer in class org/springframework/core/env/CommandLinePropertySource
23:36:07.408 [main] INFO  o.e.r.i.CreateClassResetClassAdapter - Adding bytecode for initializing field COMMAND_LINE_PROPERTY_SOURCE_NAME
23:36:07.408 [main] INFO  o.e.r.i.CreateClassResetClassAdapter - Adding bytecode for initializing field DEFAULT_NON_OPTION_ARGS_PROPERTY_NAME
23:36:07.409 [main] DEBUG o.e.r.agent.TransformerForTests - Going to instrument: org.springframework.core.convert.support.StringToUUIDConverter
23:36:07.409 [main] INFO  o.e.r.i.MethodCallReplacementClassAdapter - Adding mock interface to class org/springframework/core/convert/support/StringToUUIDConverter
23:36:07.410 [main] INFO  o.e.r.i.MethodCallReplacementClassAdapter - No hashCode defined for: org/springframework/core/convert/support/StringToUUIDConverter, superclass = java.lang.Object
23:36:07.410 [main] INFO  o.e.r.i.CreateClassResetClassAdapter - Creating brand-new static initializer in class org/springframework/core/convert/support/StringToUUIDConverter
23:36:07.410 [main] DEBUG o.e.r.agent.TransformerForTests - Going to instrument: org.springframework.boot.ApplicationArguments
23:36:07.411 [main] DEBUG o.e.r.agent.TransformerForTests - Going to instrument: org.springframework.boot.context.config.DelegatingApplicationContextInitializer
23:36:07.411 [main] INFO  o.e.r.i.MethodCallReplacementClassAdapter - Adding mock interface to class org/springframework/boot/context/config/DelegatingApplicationContextInitializer
23:36:07.412 [main] INFO  o.e.r.i.MethodCallReplacementClassAdapter - No hashCode defined for: org/springframework/boot/context/config/DelegatingApplicationContextInitializer, superclass = java.lang.Object
23:36:07.412 [main] INFO  o.e.r.i.CreateClassResetClassAdapter - Creating brand-new static initializer in class org/springframework/boot/context/config/DelegatingApplicationContextInitializer
23:36:07.412 [main] INFO  o.e.r.i.CreateClassResetClassAdapter - Adding bytecode for initializing field PROPERTY_NAME
23:36:07.412 [main] DEBUG o.e.r.agent.TransformerForTests - Going to instrument: org.springframework.context.ApplicationContextInitializer
23:36:07.413 [main] DEBUG o.e.r.agent.TransformerForTests - Going to instrument: org.springframework.core.convert.support.CollectionToObjectConverter
23:36:07.413 [main] INFO  o.e.r.i.MethodCallReplacementClassAdapter - Adding mock interface to class org/springframework/core/convert/support/CollectionToObjectConverter
23:36:07.414 [main] INFO  o.e.r.i.MethodCallReplacementClassAdapter - No hashCode defined for: org/springframework/core/convert/support/CollectionToObjectConverter, superclass = java.lang.Object
23:36:07.414 [main] INFO  o.e.r.i.CreateClassResetClassAdapter - Creating brand-new static initializer in class org/springframework/core/convert/support/CollectionToObjectConverter
23:36:07.415 [main] DEBUG o.e.r.agent.TransformerForTests - Going to instrument: org.springframework.core.ResolvableTypeProvider
23:36:07.415 [main] DEBUG o.e.r.agent.TransformerForTests - Going to instrument: org.springframework.beans.factory.FactoryBean
23:36:07.416 [main] DEBUG o.e.r.agent.TransformerForTests - Going to instrument: org.springframework.boot.BeanDefinitionLoader
23:36:07.416 [main] INFO  o.e.r.i.MethodCallReplacementClassAdapter - Adding mock interface to class org/springframework/boot/BeanDefinitionLoader
23:36:07.420 [main] INFO  o.e.r.i.MethodCallReplacementClassAdapter - No hashCode defined for: org/springframework/boot/BeanDefinitionLoader, superclass = java.lang.Object
23:36:07.420 [main] INFO  o.e.r.i.CreateClassResetClassAdapter - Creating brand-new static initializer in class org/springframework/boot/BeanDefinitionLoader
23:36:07.421 [main] DEBUG o.e.r.agent.TransformerForTests - Going to instrument: org.springframework.core.type.filter.TypeFilter
23:36:07.422 [main] DEBUG o.e.r.agent.TransformerForTests - Going to instrument: org.springframework.beans.factory.BeanDefinitionStoreException
23:36:07.422 [main] INFO  o.e.r.i.MethodCallReplacementClassAdapter - Adding mock interface to class org/springframework/beans/factory/BeanDefinitionStoreException
23:36:07.422 [main] INFO  o.e.r.i.MethodCallReplacementClassAdapter - No hashCode defined for: org/springframework/beans/factory/BeanDefinitionStoreException, superclass = org.springframework.beans.FatalBeanException
23:36:07.422 [main] INFO  o.e.r.i.CreateClassResetClassAdapter - Creating brand-new static initializer in class org/springframework/beans/factory/BeanDefinitionStoreException
23:36:07.423 [main] DEBUG o.e.r.agent.TransformerForTests - Going to instrument: org.springframework.core.io.support.EncodedResource
23:36:07.423 [main] INFO  o.e.r.i.MethodCallReplacementClassAdapter - Adding mock interface to class org/springframework/core/io/support/EncodedResource
23:36:07.424 [main] INFO  o.e.r.i.CreateClassResetClassAdapter - Creating brand-new static initializer in class org/springframework/core/io/support/EncodedResource
23:36:07.425 [main] DEBUG o.e.r.agent.TransformerForTests - Going to instrument: org.springframework.boot.autoconfigure.BackgroundPreinitializer
23:36:07.425 [main] INFO  o.e.r.i.MethodCallReplacementClassAdapter - Adding mock interface to class org/springframework/boot/autoconfigure/BackgroundPreinitializer
23:36:07.427 [main] INFO  o.e.r.i.MethodCallReplacementClassAdapter - No hashCode defined for: org/springframework/boot/autoconfigure/BackgroundPreinitializer, superclass = java.lang.Object
23:36:07.427 [main] INFO  o.e.r.i.CreateClassResetClassAdapter - Creating brand-new static initializer in class org/springframework/boot/autoconfigure/BackgroundPreinitializer
23:36:07.428 [main] DEBUG o.e.r.agent.TransformerForTests - Going to instrument: org.springframework.core.convert.support.MapToMapConverter
23:36:07.428 [main] INFO  o.e.r.i.MethodCallReplacementClassAdapter - Adding mock interface to class org/springframework/core/convert/support/MapToMapConverter
23:36:07.429 [main] INFO  o.e.r.i.MethodCallReplacementClassAdapter - No hashCode defined for: org/springframework/core/convert/support/MapToMapConverter, superclass = java.lang.Object
23:36:07.429 [main] INFO  o.e.r.i.CreateClassResetClassAdapter - Creating brand-new static initializer in class org/springframework/core/convert/support/MapToMapConverter
23:36:07.430 [main] DEBUG o.e.r.agent.TransformerForTests - Going to instrument: org.springframework.boot.CommandLineRunner
23:36:07.430 [main] DEBUG o.e.r.agent.TransformerForTests - Going to instrument: org.springframework.boot.context.ContextIdApplicationContextInitializer
23:36:07.430 [main] INFO  o.e.r.i.MethodCallReplacementClassAdapter - Adding mock interface to class org/springframework/boot/context/ContextIdApplicationContextInitializer
23:36:07.431 [main] INFO  o.e.r.i.MethodCallReplacementClassAdapter - No hashCode defined for: org/springframework/boot/context/ContextIdApplicationContextInitializer, superclass = java.lang.Object
23:36:07.431 [main] INFO  o.e.r.i.CreateClassResetClassAdapter - Creating brand-new static initializer in class org/springframework/boot/context/ContextIdApplicationContextInitializer
23:36:07.431 [main] INFO  o.e.r.i.CreateClassResetClassAdapter - Adding bytecode for initializing field NAME_PATTERN
23:36:07.431 [main] INFO  o.e.r.i.CreateClassResetClassAdapter - Adding bytecode for initializing field INDEX_PATTERN
23:36:07.431 [main] DEBUG o.e.r.agent.TransformerForTests - Going to instrument: org.springframework.validation.DefaultBindingErrorProcessor
23:36:07.432 [main] INFO  o.e.r.i.MethodCallReplacementClassAdapter - Adding mock interface to class org/springframework/validation/DefaultBindingErrorProcessor
23:36:07.432 [main] INFO  o.e.r.i.MethodCallReplacementClassAdapter - No hashCode defined for: org/springframework/validation/DefaultBindingErrorProcessor, superclass = java.lang.Object
23:36:07.432 [main] INFO  o.e.r.i.CreateClassResetClassAdapter - Creating brand-new static initializer in class org/springframework/validation/DefaultBindingErrorProcessor
23:36:07.432 [main] INFO  o.e.r.i.CreateClassResetClassAdapter - Adding bytecode for initializing field MISSING_FIELD_ERROR_CODE
23:36:07.433 [main] DEBUG o.e.r.agent.TransformerForTests - Going to instrument: org.springframework.boot.autoconfigure.EnableAutoConfiguration
23:36:07.434 [main] DEBUG o.e.r.agent.TransformerForTests - Going to instrument: org.springframework.beans.MutablePropertyValues
23:36:07.434 [main] INFO  o.e.r.i.MethodCallReplacementClassAdapter - Adding mock interface to class org/springframework/beans/MutablePropertyValues
23:36:07.435 [main] INFO  o.e.r.i.CreateClassResetClassAdapter - Creating brand-new static initializer in class org/springframework/beans/MutablePropertyValues
23:36:07.437 [main] DEBUG o.e.r.agent.TransformerForTests - Going to instrument: org.springframework.context.annotation.ComponentScan
23:36:07.438 [main] DEBUG o.e.r.agent.TransformerForTests - Going to instrument: org.springframework.core.convert.support.GenericConversionService$ConvertersForPair
23:36:07.438 [main] INFO  o.e.r.i.MethodCallReplacementClassAdapter - Adding mock interface to class org/springframework/core/convert/support/GenericConversionService$ConvertersForPair
23:36:07.438 [main] INFO  o.e.r.i.MethodCallReplacementClassAdapter - No hashCode defined for: org/springframework/core/convert/support/GenericConversionService$ConvertersForPair, superclass = java.lang.Object
23:36:07.438 [main] INFO  o.e.r.i.CreateClassResetClassAdapter - Creating brand-new static initializer in class org/springframework/core/convert/support/GenericConversionService$ConvertersForPair
23:36:07.439 [main] DEBUG o.e.r.agent.TransformerForTests - Going to instrument: org.springframework.context.Lifecycle
23:36:07.440 [main] DEBUG o.e.r.agent.TransformerForTests - Going to instrument: org.springframework.core.env.SimpleCommandLineArgsParser
23:36:07.440 [main] INFO  o.e.r.i.MethodCallReplacementClassAdapter - Adding mock interface to class org/springframework/core/env/SimpleCommandLineArgsParser
23:36:07.441 [main] INFO  o.e.r.i.MethodCallReplacementClassAdapter - No hashCode defined for: org/springframework/core/env/SimpleCommandLineArgsParser, superclass = java.lang.Object
23:36:07.441 [main] INFO  o.e.r.i.CreateClassResetClassAdapter - Creating brand-new static initializer in class org/springframework/core/env/SimpleCommandLineArgsParser
23:36:07.442 [main] DEBUG o.e.r.agent.TransformerForTests - Going to instrument: org.springframework.core.annotation.AnnotationAttributes
23:36:07.442 [main] INFO  o.e.r.i.MethodCallReplacementClassAdapter - Adding mock interface to class org/springframework/core/annotation/AnnotationAttributes
23:36:07.445 [main] INFO  o.e.r.i.MethodCallReplacementClassAdapter - No hashCode defined for: org/springframework/core/annotation/AnnotationAttributes, superclass = java.util.LinkedHashMap
23:36:07.445 [main] INFO  o.e.r.i.CreateClassResetClassAdapter - Creating brand-new static initializer in class org/springframework/core/annotation/AnnotationAttributes
23:36:07.447 [main] DEBUG o.e.r.agent.TransformerForTests - Going to instrument: org.springframework.boot.cloud.CloudPlatform
23:36:07.447 [main] INFO  o.e.r.i.MethodCallReplacementClassAdapter - Adding mock interface to class org/springframework/boot/cloud/CloudPlatform
23:36:07.447 [main] INFO  o.e.r.i.CreateClassResetClassAdapter - Found static initializer in class org/springframework/boot/cloud/CloudPlatform
23:36:07.447 [main] INFO  o.e.r.i.MethodCallReplacementClassAdapter - No hashCode defined for: org/springframework/boot/cloud/CloudPlatform, superclass = java.lang.Enum
23:36:07.448 [main] DEBUG o.e.r.agent.TransformerForTests - Going to instrument: org.springframework.boot.cloud.CloudPlatform$1
23:36:07.448 [main] INFO  o.e.r.i.MethodCallReplacementClassAdapter - Adding mock interface to class org/springframework/boot/cloud/CloudPlatform$1
23:36:07.448 [main] INFO  o.e.r.i.MethodCallReplacementClassAdapter - No hashCode defined for: org/springframework/boot/cloud/CloudPlatform$1, superclass = org.springframework.boot.cloud.CloudPlatform
23:36:07.448 [main] DEBUG o.e.r.agent.TransformerForTests - Going to instrument: org.springframework.boot.cloud.CloudPlatform$2
23:36:07.448 [main] INFO  o.e.r.i.MethodCallReplacementClassAdapter - Adding mock interface to class org/springframework/boot/cloud/CloudPlatform$2
23:36:07.449 [main] INFO  o.e.r.i.MethodCallReplacementClassAdapter - No hashCode defined for: org/springframework/boot/cloud/CloudPlatform$2, superclass = org.springframework.boot.cloud.CloudPlatform
23:36:07.449 [main] DEBUG o.e.r.agent.TransformerForTests - Going to instrument: org.springframework.boot.context.event.ApplicationPreparedEvent
23:36:07.449 [main] INFO  o.e.r.i.MethodCallReplacementClassAdapter - Adding mock interface to class org/springframework/boot/context/event/ApplicationPreparedEvent
23:36:07.450 [main] INFO  o.e.r.i.MethodCallReplacementClassAdapter - No hashCode defined for: org/springframework/boot/context/event/ApplicationPreparedEvent, superclass = org.springframework.boot.context.event.SpringApplicationEvent
23:36:07.450 [main] INFO  o.e.r.i.CreateClassResetClassAdapter - Creating brand-new static initializer in class org/springframework/boot/context/event/ApplicationPreparedEvent
23:36:07.450 [main] DEBUG o.e.r.agent.TransformerForTests - Going to instrument: org.springframework.util.DefaultPropertiesPersister
23:36:07.450 [main] INFO  o.e.r.i.MethodCallReplacementClassAdapter - Adding mock interface to class org/springframework/util/DefaultPropertiesPersister
23:36:07.450 [main] INFO  o.e.r.i.MethodCallReplacementClassAdapter - No hashCode defined for: org/springframework/util/DefaultPropertiesPersister, superclass = java.lang.Object
23:36:07.450 [main] INFO  o.e.r.i.CreateClassResetClassAdapter - Creating brand-new static initializer in class org/springframework/util/DefaultPropertiesPersister
23:36:07.451 [main] DEBUG o.e.r.agent.TransformerForTests - Going to instrument: org.springframework.util.PropertiesPersister
23:36:07.451 [main] DEBUG o.e.r.agent.TransformerForTests - Going to instrument: org.springframework.core.convert.support.StringToCharacterConverter
23:36:07.451 [main] INFO  o.e.r.i.MethodCallReplacementClassAdapter - Adding mock interface to class org/springframework/core/convert/support/StringToCharacterConverter
23:36:07.452 [main] INFO  o.e.r.i.MethodCallReplacementClassAdapter - No hashCode defined for: org/springframework/core/convert/support/StringToCharacterConverter, superclass = java.lang.Object
23:36:07.452 [main] INFO  o.e.r.i.CreateClassResetClassAdapter - Creating brand-new static initializer in class org/springframework/core/convert/support/StringToCharacterConverter
23:36:07.453 [main] DEBUG o.e.r.agent.TransformerForTests - Going to instrument: org.springframework.boot.json.JsonParserFactory
23:36:07.453 [main] INFO  o.e.r.i.MethodCallReplacementClassAdapter - Adding mock interface to class org/springframework/boot/json/JsonParserFactory
23:36:07.453 [main] INFO  o.e.r.i.MethodCallReplacementClassAdapter - No hashCode defined for: org/springframework/boot/json/JsonParserFactory, superclass = java.lang.Object
23:36:07.453 [main] INFO  o.e.r.i.CreateClassResetClassAdapter - Creating brand-new static initializer in class org/springframework/boot/json/JsonParserFactory
23:36:07.454 [main] DEBUG o.e.r.agent.TransformerForTests - Going to instrument: org.springframework.core.env.SimpleCommandLinePropertySource
23:36:07.454 [main] INFO  o.e.r.i.MethodCallReplacementClassAdapter - Adding mock interface to class org/springframework/core/env/SimpleCommandLinePropertySource
23:36:07.454 [main] INFO  o.e.r.i.MethodCallReplacementClassAdapter - No hashCode defined for: org/springframework/core/env/SimpleCommandLinePropertySource, superclass = org.springframework.core.env.CommandLinePropertySource
23:36:07.454 [main] INFO  o.e.r.i.CreateClassResetClassAdapter - Creating brand-new static initializer in class org/springframework/core/env/SimpleCommandLinePropertySource
23:36:07.455 [main] DEBUG o.e.r.agent.TransformerForTests - Going to instrument: org.springframework.boot.SpringApplication
23:36:07.455 [main] INFO  o.e.r.i.MethodCallReplacementClassAdapter - Adding mock interface to class org/springframework/boot/SpringApplication
23:36:07.462 [main] INFO  o.e.r.i.CreateClassResetClassAdapter - Found static initializer in class org/springframework/boot/SpringApplication
23:36:07.462 [main] INFO  o.e.r.i.MethodCallReplacementClassAdapter - No hashCode defined for: org/springframework/boot/SpringApplication, superclass = java.lang.Object
23:36:07.464 [main] DEBUG o.e.r.agent.TransformerForTests - Going to instrument: org.springframework.boot.ExitCodeEvent
23:36:07.464 [main] INFO  o.e.r.i.MethodCallReplacementClassAdapter - Adding mock interface to class org/springframework/boot/ExitCodeEvent
23:36:07.464 [main] INFO  o.e.r.i.MethodCallReplacementClassAdapter - No hashCode defined for: org/springframework/boot/ExitCodeEvent, superclass = org.springframework.context.ApplicationEvent
23:36:07.464 [main] INFO  o.e.r.i.CreateClassResetClassAdapter - Creating brand-new static initializer in class org/springframework/boot/ExitCodeEvent
23:36:07.465 [main] DEBUG o.e.r.agent.TransformerForTests - Going to instrument: org.springframework.core.env.CompositePropertySource
23:36:07.466 [main] INFO  o.e.r.i.MethodCallReplacementClassAdapter - Adding mock interface to class org/springframework/core/env/CompositePropertySource
23:36:07.467 [main] INFO  o.e.r.i.MethodCallReplacementClassAdapter - No hashCode defined for: org/springframework/core/env/CompositePropertySource, superclass = org.springframework.core.env.EnumerablePropertySource
23:36:07.467 [main] INFO  o.e.r.i.CreateClassResetClassAdapter - Creating brand-new static initializer in class org/springframework/core/env/CompositePropertySource
23:36:07.469 [main] DEBUG o.e.r.agent.TransformerForTests - Going to instrument: org.springframework.core.io.support.PropertiesLoaderUtils
23:36:07.469 [main] INFO  o.e.r.i.MethodCallReplacementClassAdapter - Adding mock interface to class org/springframework/core/io/support/PropertiesLoaderUtils
23:36:07.469 [main] INFO  o.e.r.i.MethodCallReplacementClassAdapter - No hashCode defined for: org/springframework/core/io/support/PropertiesLoaderUtils, superclass = java.lang.Object
23:36:07.470 [main] INFO  o.e.r.i.CreateClassResetClassAdapter - Creating brand-new static initializer in class org/springframework/core/io/support/PropertiesLoaderUtils
23:36:07.470 [main] INFO  o.e.r.i.CreateClassResetClassAdapter - Adding bytecode for initializing field XML_FILE_EXTENSION
23:36:07.472 [main] DEBUG o.e.r.agent.TransformerForTests - Going to instrument: org.springframework.beans.PropertyBatchUpdateException
23:36:07.475 [main] INFO  o.e.r.i.MethodCallReplacementClassAdapter - Adding mock interface to class org/springframework/beans/PropertyBatchUpdateException
23:36:07.479 [main] INFO  o.e.r.i.MethodCallReplacementClassAdapter - No hashCode defined for: org/springframework/beans/PropertyBatchUpdateException, superclass = org.springframework.beans.BeansException
23:36:07.479 [main] INFO  o.e.r.i.CreateClassResetClassAdapter - Creating brand-new static initializer in class org/springframework/beans/PropertyBatchUpdateException
23:36:07.480 [main] DEBUG o.e.r.agent.TransformerForTests - Going to instrument: org.springframework.context.ConfigurableApplicationContext
23:36:07.482 [main] DEBUG o.e.r.agent.TransformerForTests - Going to instrument: org.springframework.boot.bind.RelaxedDataBinder
23:36:07.482 [main] INFO  o.e.r.i.MethodCallReplacementClassAdapter - Adding mock interface to class org/springframework/boot/bind/RelaxedDataBinder
23:36:07.488 [main] INFO  o.e.r.i.CreateClassResetClassAdapter - Found static initializer in class org/springframework/boot/bind/RelaxedDataBinder
23:36:07.488 [main] INFO  o.e.r.i.MethodCallReplacementClassAdapter - No hashCode defined for: org/springframework/boot/bind/RelaxedDataBinder, superclass = org.springframework.validation.DataBinder
23:36:07.489 [main] DEBUG o.e.r.agent.TransformerForTests - Going to instrument: org.springframework.validation.BindException
23:36:07.489 [main] INFO  o.e.r.i.MethodCallReplacementClassAdapter - Adding mock interface to class org/springframework/validation/BindException
23:36:07.490 [main] INFO  o.e.r.i.CreateClassResetClassAdapter - Creating brand-new static initializer in class org/springframework/validation/BindException
23:36:07.491 [main] DEBUG o.e.r.agent.TransformerForTests - Going to instrument: org.springframework.validation.BeanPropertyBindingResult
23:36:07.493 [main] INFO  o.e.r.i.MethodCallReplacementClassAdapter - Adding mock interface to class org/springframework/validation/BeanPropertyBindingResult
23:36:07.494 [main] INFO  o.e.r.i.MethodCallReplacementClassAdapter - No hashCode defined for: org/springframework/validation/BeanPropertyBindingResult, superclass = org.springframework.validation.AbstractPropertyBindingResult
23:36:07.494 [main] INFO  o.e.r.i.CreateClassResetClassAdapter - Creating brand-new static initializer in class org/springframework/validation/BeanPropertyBindingResult
23:36:07.495 [main] DEBUG o.e.r.agent.TransformerForTests - Going to instrument: org.springframework.boot.bind.RelaxedDataBinder$RelaxedBeanPropertyBindingResult
23:36:07.496 [main] INFO  o.e.r.i.MethodCallReplacementClassAdapter - Adding mock interface to class org/springframework/boot/bind/RelaxedDataBinder$RelaxedBeanPropertyBindingResult
23:36:07.496 [main] INFO  o.e.r.i.MethodCallReplacementClassAdapter - No hashCode defined for: org/springframework/boot/bind/RelaxedDataBinder$RelaxedBeanPropertyBindingResult, superclass = org.springframework.validation.BeanPropertyBindingResult
23:36:07.496 [main] INFO  o.e.r.i.CreateClassResetClassAdapter - Creating brand-new static initializer in class org/springframework/boot/bind/RelaxedDataBinder$RelaxedBeanPropertyBindingResult
23:36:07.497 [main] DEBUG o.e.r.agent.TransformerForTests - Going to instrument: org.springframework.beans.BeanWrapper
23:36:07.498 [main] DEBUG o.e.r.agent.TransformerForTests - Going to instrument: org.springframework.beans.ConfigurablePropertyAccessor
23:36:07.499 [main] DEBUG o.e.r.agent.TransformerForTests - Going to instrument: org.springframework.beans.PropertyAccessor
23:36:07.501 [main] DEBUG o.e.r.agent.TransformerForTests - Going to instrument: org.springframework.boot.cloud.CloudFoundryVcapEnvironmentPostProcessor
23:36:07.501 [main] INFO  o.e.r.i.MethodCallReplacementClassAdapter - Adding mock interface to class org/springframework/boot/cloud/CloudFoundryVcapEnvironmentPostProcessor
23:36:07.503 [main] INFO  o.e.r.i.CreateClassResetClassAdapter - Found static initializer in class org/springframework/boot/cloud/CloudFoundryVcapEnvironmentPostProcessor
23:36:07.503 [main] INFO  o.e.r.i.MethodCallReplacementClassAdapter - No hashCode defined for: org/springframework/boot/cloud/CloudFoundryVcapEnvironmentPostProcessor, superclass = java.lang.Object
23:36:07.503 [main] DEBUG o.e.r.agent.TransformerForTests - Going to instrument: org.springframework.boot.env.EnvironmentPostProcessor
23:36:07.504 [main] DEBUG o.e.r.agent.TransformerForTests - Going to instrument: org.springframework.core.env.PropertiesPropertySource
23:36:07.505 [main] INFO  o.e.r.i.MethodCallReplacementClassAdapter - Adding mock interface to class org/springframework/core/env/PropertiesPropertySource
23:36:07.505 [main] INFO  o.e.r.i.MethodCallReplacementClassAdapter - No hashCode defined for: org/springframework/core/env/PropertiesPropertySource, superclass = org.springframework.core.env.MapPropertySource
23:36:07.505 [main] INFO  o.e.r.i.CreateClassResetClassAdapter - Creating brand-new static initializer in class org/springframework/core/env/PropertiesPropertySource
23:36:07.506 [main] DEBUG o.e.r.agent.TransformerForTests - Going to instrument: org.springframework.boot.ApplicationRunner
23:36:07.507 [main] DEBUG o.e.r.agent.TransformerForTests - Going to instrument: org.springframework.core.convert.support.ArrayToArrayConverter
23:36:07.507 [main] INFO  o.e.r.i.MethodCallReplacementClassAdapter - Adding mock interface to class org/springframework/core/convert/support/ArrayToArrayConverter
23:36:07.507 [main] INFO  o.e.r.i.MethodCallReplacementClassAdapter - No hashCode defined for: org/springframework/core/convert/support/ArrayToArrayConverter, superclass = java.lang.Object
23:36:07.507 [main] INFO  o.e.r.i.CreateClassResetClassAdapter - Creating brand-new static initializer in class org/springframework/core/convert/support/ArrayToArrayConverter
23:36:07.508 [main] DEBUG o.e.r.agent.TransformerForTests - Going to instrument: org.springframework.core.convert.support.ObjectToCollectionConverter
23:36:07.508 [main] INFO  o.e.r.i.MethodCallReplacementClassAdapter - Adding mock interface to class org/springframework/core/convert/support/ObjectToCollectionConverter
23:36:07.509 [main] INFO  o.e.r.i.MethodCallReplacementClassAdapter - No hashCode defined for: org/springframework/core/convert/support/ObjectToCollectionConverter, superclass = java.lang.Object
23:36:07.509 [main] INFO  o.e.r.i.CreateClassResetClassAdapter - Creating brand-new static initializer in class org/springframework/core/convert/support/ObjectToCollectionConverter
23:36:07.509 [main] DEBUG o.e.r.agent.TransformerForTests - Going to instrument: org.springframework.boot.bind.DefaultPropertyNamePatternsMatcher
23:36:07.509 [main] INFO  o.e.r.i.MethodCallReplacementClassAdapter - Adding mock interface to class org/springframework/boot/bind/DefaultPropertyNamePatternsMatcher
23:36:07.510 [main] INFO  o.e.r.i.MethodCallReplacementClassAdapter - No hashCode defined for: org/springframework/boot/bind/DefaultPropertyNamePatternsMatcher, superclass = java.lang.Object
23:36:07.510 [main] INFO  o.e.r.i.CreateClassResetClassAdapter - Creating brand-new static initializer in class org/springframework/boot/bind/DefaultPropertyNamePatternsMatcher
23:36:07.511 [main] DEBUG o.e.r.agent.TransformerForTests - Going to instrument: org.springframework.core.convert.support.PropertiesToStringConverter
23:36:07.511 [main] INFO  o.e.r.i.MethodCallReplacementClassAdapter - Adding mock interface to class org/springframework/core/convert/support/PropertiesToStringConverter
23:36:07.512 [main] INFO  o.e.r.i.MethodCallReplacementClassAdapter - No hashCode defined for: org/springframework/core/convert/support/PropertiesToStringConverter, superclass = java.lang.Object
23:36:07.512 [main] INFO  o.e.r.i.CreateClassResetClassAdapter - Creating brand-new static initializer in class org/springframework/core/convert/support/PropertiesToStringConverter
23:36:07.513 [main] DEBUG o.e.r.agent.TransformerForTests - Going to instrument: org.springframework.boot.env.PropertySourceLoader
23:36:07.514 [main] DEBUG o.e.r.agent.TransformerForTests - Going to instrument: org.springframework.core.convert.support.CollectionToArrayConverter
23:36:07.514 [main] INFO  o.e.r.i.MethodCallReplacementClassAdapter - Adding mock interface to class org/springframework/core/convert/support/CollectionToArrayConverter
23:36:07.514 [main] INFO  o.e.r.i.MethodCallReplacementClassAdapter - No hashCode defined for: org/springframework/core/convert/support/CollectionToArrayConverter, superclass = java.lang.Object
23:36:07.517 [main] INFO  o.e.r.i.CreateClassResetClassAdapter - Creating brand-new static initializer in class org/springframework/core/convert/support/CollectionToArrayConverter
23:36:07.518 [main] DEBUG o.e.r.agent.TransformerForTests - Going to instrument: org.springframework.beans.TypeConverterSupport
23:36:07.518 [main] INFO  o.e.r.i.MethodCallReplacementClassAdapter - Adding mock interface to class org/springframework/beans/TypeConverterSupport
23:36:07.519 [main] INFO  o.e.r.i.MethodCallReplacementClassAdapter - No hashCode defined for: org/springframework/beans/TypeConverterSupport, superclass = org.springframework.beans.PropertyEditorRegistrySupport
23:36:07.519 [main] INFO  o.e.r.i.CreateClassResetClassAdapter - Creating brand-new static initializer in class org/springframework/beans/TypeConverterSupport
23:36:07.519 [main] DEBUG o.e.r.agent.TransformerForTests - Going to instrument: org.springframework.beans.PropertyEditorRegistrySupport
23:36:07.519 [main] INFO  o.e.r.i.MethodCallReplacementClassAdapter - Adding mock interface to class org/springframework/beans/PropertyEditorRegistrySupport
23:36:07.522 [main] INFO  o.e.r.i.CreateClassResetClassAdapter - Found static initializer in class org/springframework/beans/PropertyEditorRegistrySupport
23:36:07.522 [main] INFO  o.e.r.i.MethodCallReplacementClassAdapter - No hashCode defined for: org/springframework/beans/PropertyEditorRegistrySupport, superclass = java.lang.Object
23:36:07.523 [main] DEBUG o.e.r.agent.TransformerForTests - Going to instrument: org.springframework.beans.ConversionNotSupportedException
23:36:07.523 [main] INFO  o.e.r.i.MethodCallReplacementClassAdapter - Adding mock interface to class org/springframework/beans/ConversionNotSupportedException
23:36:07.524 [main] INFO  o.e.r.i.MethodCallReplacementClassAdapter - No hashCode defined for: org/springframework/beans/ConversionNotSupportedException, superclass = org.springframework.beans.TypeMismatchException
23:36:07.524 [main] INFO  o.e.r.i.CreateClassResetClassAdapter - Creating brand-new static initializer in class org/springframework/beans/ConversionNotSupportedException
23:36:07.525 [main] DEBUG o.e.r.agent.TransformerForTests - Going to instrument: org.springframework.beans.TypeMismatchException
23:36:07.525 [main] INFO  o.e.r.i.MethodCallReplacementClassAdapter - Adding mock interface to class org/springframework/beans/TypeMismatchException
23:36:07.525 [main] INFO  o.e.r.i.MethodCallReplacementClassAdapter - No hashCode defined for: org/springframework/beans/TypeMismatchException, superclass = org.springframework.beans.PropertyAccessException
23:36:07.525 [main] INFO  o.e.r.i.CreateClassResetClassAdapter - Creating brand-new static initializer in class org/springframework/beans/TypeMismatchException
23:36:07.525 [main] INFO  o.e.r.i.CreateClassResetClassAdapter - Adding bytecode for initializing field ERROR_CODE
23:36:07.527 [main] DEBUG o.e.r.agent.TransformerForTests - Going to instrument: org.springframework.beans.PropertyAccessException
23:36:07.527 [main] INFO  o.e.r.i.MethodCallReplacementClassAdapter - Adding mock interface to class org/springframework/beans/PropertyAccessException
23:36:07.528 [main] INFO  o.e.r.i.MethodCallReplacementClassAdapter - No hashCode defined for: org/springframework/beans/PropertyAccessException, superclass = org.springframework.beans.BeansException
23:36:07.528 [main] INFO  o.e.r.i.CreateClassResetClassAdapter - Creating brand-new static initializer in class org/springframework/beans/PropertyAccessException
23:36:07.528 [main] DEBUG o.e.r.agent.TransformerForTests - Going to instrument: org.springframework.core.ErrorCoded
23:36:07.529 [main] DEBUG o.e.r.agent.TransformerForTests - Going to instrument: org.springframework.beans.ExtendedBeanInfo$SimpleIndexedPropertyDescriptor
23:36:07.529 [main] INFO  o.e.r.i.MethodCallReplacementClassAdapter - Adding mock interface to class org/springframework/beans/ExtendedBeanInfo$SimpleIndexedPropertyDescriptor
23:36:07.529 [main] INFO  o.e.r.i.CreateClassResetClassAdapter - Creating brand-new static initializer in class org/springframework/beans/ExtendedBeanInfo$SimpleIndexedPropertyDescriptor
23:36:07.532 [main] DEBUG o.e.r.agent.TransformerForTests - Going to instrument: org.springframework.boot.json.JacksonJsonParser
23:36:07.532 [main] INFO  o.e.r.i.MethodCallReplacementClassAdapter - Adding mock interface to class org/springframework/boot/json/JacksonJsonParser
23:36:07.533 [main] INFO  o.e.r.i.MethodCallReplacementClassAdapter - No hashCode defined for: org/springframework/boot/json/JacksonJsonParser, superclass = java.lang.Object
23:36:07.533 [main] INFO  o.e.r.i.CreateClassResetClassAdapter - Creating brand-new static initializer in class org/springframework/boot/json/JacksonJsonParser
23:36:07.534 [main] DEBUG o.e.r.agent.TransformerForTests - Going to instrument: org.springframework.core.convert.support.NumberToCharacterConverter
23:36:07.534 [main] INFO  o.e.r.i.MethodCallReplacementClassAdapter - Adding mock interface to class org/springframework/core/convert/support/NumberToCharacterConverter
23:36:07.535 [main] INFO  o.e.r.i.MethodCallReplacementClassAdapter - No hashCode defined for: org/springframework/core/convert/support/NumberToCharacterConverter, superclass = java.lang.Object
23:36:07.535 [main] INFO  o.e.r.i.CreateClassResetClassAdapter - Creating brand-new static initializer in class org/springframework/core/convert/support/NumberToCharacterConverter
23:36:07.535 [main] DEBUG o.e.r.agent.TransformerForTests - Going to instrument: org.springframework.core.io.UrlResource
23:36:07.536 [main] INFO  o.e.r.i.MethodCallReplacementClassAdapter - Adding mock interface to class org/springframework/core/io/UrlResource
23:36:07.537 [main] INFO  o.e.r.i.CreateClassResetClassAdapter - Creating brand-new static initializer in class org/springframework/core/io/UrlResource
23:36:07.538 [main] DEBUG o.e.r.agent.TransformerForTests - Going to instrument: org.springframework.core.io.AbstractFileResolvingResource
23:36:07.538 [main] INFO  o.e.r.i.MethodCallReplacementClassAdapter - Adding mock interface to class org/springframework/core/io/AbstractFileResolvingResource
23:36:07.539 [main] INFO  o.e.r.i.MethodCallReplacementClassAdapter - No hashCode defined for: org/springframework/core/io/AbstractFileResolvingResource, superclass = org.springframework.core.io.AbstractResource
23:36:07.539 [main] INFO  o.e.r.i.CreateClassResetClassAdapter - Creating brand-new static initializer in class org/springframework/core/io/AbstractFileResolvingResource
23:36:07.539 [main] DEBUG o.e.r.agent.TransformerForTests - Going to instrument: org.springframework.core.io.AbstractResource
23:36:07.539 [main] INFO  o.e.r.i.MethodCallReplacementClassAdapter - Adding mock interface to class org/springframework/core/io/AbstractResource
23:36:07.540 [main] INFO  o.e.r.i.CreateClassResetClassAdapter - Creating brand-new static initializer in class org/springframework/core/io/AbstractResource
23:36:07.541 [main] DEBUG o.e.r.agent.TransformerForTests - Going to instrument: org.springframework.core.NestedIOException
23:36:07.541 [main] INFO  o.e.r.i.MethodCallReplacementClassAdapter - Adding mock interface to class org/springframework/core/NestedIOException
23:36:07.541 [main] INFO  o.e.r.i.CreateClassResetClassAdapter - Found static initializer in class org/springframework/core/NestedIOException
23:36:07.541 [main] INFO  o.e.r.i.MethodCallReplacementClassAdapter - No hashCode defined for: org/springframework/core/NestedIOException, superclass = java.io.IOException
23:36:07.542 [main] DEBUG o.e.r.agent.TransformerForTests - Going to instrument: org.springframework.core.convert.support.GenericConversionService$ConverterAdapter
23:36:07.542 [main] INFO  o.e.r.i.MethodCallReplacementClassAdapter - Adding mock interface to class org/springframework/core/convert/support/GenericConversionService$ConverterAdapter
23:36:07.543 [main] INFO  o.e.r.i.MethodCallReplacementClassAdapter - No hashCode defined for: org/springframework/core/convert/support/GenericConversionService$ConverterAdapter, superclass = java.lang.Object
23:36:07.543 [main] INFO  o.e.r.i.CreateClassResetClassAdapter - Creating brand-new static initializer in class org/springframework/core/convert/support/GenericConversionService$ConverterAdapter
23:36:07.544 [main] DEBUG o.e.r.agent.TransformerForTests - Going to instrument: org.springframework.core.convert.support.CharacterToNumberFactory
23:36:07.544 [main] INFO  o.e.r.i.MethodCallReplacementClassAdapter - Adding mock interface to class org/springframework/core/convert/support/CharacterToNumberFactory
23:36:07.545 [main] INFO  o.e.r.i.MethodCallReplacementClassAdapter - No hashCode defined for: org/springframework/core/convert/support/CharacterToNumberFactory, superclass = java.lang.Object
23:36:07.545 [main] INFO  o.e.r.i.CreateClassResetClassAdapter - Creating brand-new static initializer in class org/springframework/core/convert/support/CharacterToNumberFactory
23:36:07.546 [main] DEBUG o.e.r.agent.TransformerForTests - Going to instrument: org.springframework.core.io.ClassPathResource
23:36:07.546 [main] INFO  o.e.r.i.MethodCallReplacementClassAdapter - Adding mock interface to class org/springframework/core/io/ClassPathResource
23:36:07.547 [main] INFO  o.e.r.i.CreateClassResetClassAdapter - Creating brand-new static initializer in class org/springframework/core/io/ClassPathResource
23:36:07.548 [main] DEBUG o.e.r.agent.TransformerForTests - Going to instrument: org.springframework.core.env.AbstractPropertyResolver
23:36:07.548 [main] INFO  o.e.r.i.MethodCallReplacementClassAdapter - Adding mock interface to class org/springframework/core/env/AbstractPropertyResolver
23:36:07.550 [main] INFO  o.e.r.i.MethodCallReplacementClassAdapter - No hashCode defined for: org/springframework/core/env/AbstractPropertyResolver, superclass = java.lang.Object
23:36:07.550 [main] INFO  o.e.r.i.CreateClassResetClassAdapter - Creating brand-new static initializer in class org/springframework/core/env/AbstractPropertyResolver
23:36:07.551 [main] DEBUG o.e.r.agent.TransformerForTests - Going to instrument: org.springframework.boot.logging.ClasspathLoggingApplicationListener
23:36:07.551 [main] INFO  o.e.r.i.MethodCallReplacementClassAdapter - Adding mock interface to class org/springframework/boot/logging/ClasspathLoggingApplicationListener
23:36:07.552 [main] INFO  o.e.r.i.MethodCallReplacementClassAdapter - No hashCode defined for: org/springframework/boot/logging/ClasspathLoggingApplicationListener, superclass = java.lang.Object
23:36:07.555 [main] INFO  o.e.r.i.CreateClassResetClassAdapter - Creating brand-new static initializer in class org/springframework/boot/logging/ClasspathLoggingApplicationListener
23:36:07.555 [main] INFO  o.e.r.i.CreateClassResetClassAdapter - Adding bytecode for initializing field ORDER
23:36:07.556 [main] DEBUG o.e.r.agent.TransformerForTests - Going to instrument: org.springframework.boot.env.YamlPropertySourceLoader
23:36:07.556 [main] INFO  o.e.r.i.MethodCallReplacementClassAdapter - Adding mock interface to class org/springframework/boot/env/YamlPropertySourceLoader
23:36:07.557 [main] INFO  o.e.r.i.MethodCallReplacementClassAdapter - No hashCode defined for: org/springframework/boot/env/YamlPropertySourceLoader, superclass = java.lang.Object
23:36:07.557 [main] INFO  o.e.r.i.CreateClassResetClassAdapter - Creating brand-new static initializer in class org/springframework/boot/env/YamlPropertySourceLoader
23:36:07.557 [main] DEBUG o.e.r.agent.TransformerForTests - Going to instrument: org.springframework.boot.builder.ParentContextCloserApplicationListener
23:36:07.557 [main] INFO  o.e.r.i.MethodCallReplacementClassAdapter - Adding mock interface to class org/springframework/boot/builder/ParentContextCloserApplicationListener
23:36:07.558 [main] INFO  o.e.r.i.MethodCallReplacementClassAdapter - No hashCode defined for: org/springframework/boot/builder/ParentContextCloserApplicationListener, superclass = java.lang.Object
23:36:07.558 [main] INFO  o.e.r.i.CreateClassResetClassAdapter - Creating brand-new static initializer in class org/springframework/boot/builder/ParentContextCloserApplicationListener
23:36:07.558 [main] DEBUG o.e.r.agent.TransformerForTests - Going to instrument: org.springframework.core.annotation.AnnotationUtils$AnnotationCacheKey
23:36:07.558 [main] INFO  o.e.r.i.MethodCallReplacementClassAdapter - Adding mock interface to class org/springframework/core/annotation/AnnotationUtils$AnnotationCacheKey
23:36:07.559 [main] INFO  o.e.r.i.CreateClassResetClassAdapter - Creating brand-new static initializer in class org/springframework/core/annotation/AnnotationUtils$AnnotationCacheKey
23:36:07.561 [main] DEBUG o.e.r.agent.TransformerForTests - Going to instrument: org.springframework.aop.TargetClassAware
23:36:07.563 [main] DEBUG o.e.r.agent.TransformerForTests - Going to instrument: org.springframework.context.event.AbstractApplicationEventMulticaster$ListenerCacheKey
23:36:07.563 [main] INFO  o.e.r.i.MethodCallReplacementClassAdapter - Adding mock interface to class org/springframework/context/event/AbstractApplicationEventMulticaster$ListenerCacheKey
23:36:07.563 [main] INFO  o.e.r.i.CreateClassResetClassAdapter - Creating brand-new static initializer in class org/springframework/context/event/AbstractApplicationEventMulticaster$ListenerCacheKey
23:36:07.564 [main] DEBUG o.e.r.agent.TransformerForTests - Going to instrument: org.springframework.core.convert.support.ArrayToStringConverter
23:36:07.564 [main] INFO  o.e.r.i.MethodCallReplacementClassAdapter - Adding mock interface to class org/springframework/core/convert/support/ArrayToStringConverter
23:36:07.565 [main] INFO  o.e.r.i.MethodCallReplacementClassAdapter - No hashCode defined for: org/springframework/core/convert/support/ArrayToStringConverter, superclass = java.lang.Object
23:36:07.565 [main] INFO  o.e.r.i.CreateClassResetClassAdapter - Creating brand-new static initializer in class org/springframework/core/convert/support/ArrayToStringConverter
23:36:07.566 [main] DEBUG o.e.r.agent.TransformerForTests - Going to instrument: org.springframework.boot.liquibase.LiquibaseServiceLocatorApplicationListener
23:36:07.566 [main] INFO  o.e.r.i.MethodCallReplacementClassAdapter - Adding mock interface to class org/springframework/boot/liquibase/LiquibaseServiceLocatorApplicationListener
23:36:07.567 [main] INFO  o.e.r.i.CreateClassResetClassAdapter - Found static initializer in class org/springframework/boot/liquibase/LiquibaseServiceLocatorApplicationListener
23:36:07.567 [main] INFO  o.e.r.i.MethodCallReplacementClassAdapter - No hashCode defined for: org/springframework/boot/liquibase/LiquibaseServiceLocatorApplicationListener, superclass = java.lang.Object
23:36:07.568 [main] DEBUG o.e.r.agent.TransformerForTests - Going to instrument: org.springframework.context.event.ApplicationContextEvent
23:36:07.568 [main] INFO  o.e.r.i.MethodCallReplacementClassAdapter - Adding mock interface to class org/springframework/context/event/ApplicationContextEvent
23:36:07.569 [main] INFO  o.e.r.i.MethodCallReplacementClassAdapter - No hashCode defined for: org/springframework/context/event/ApplicationContextEvent, superclass = org.springframework.context.ApplicationEvent
23:36:07.569 [main] INFO  o.e.r.i.CreateClassResetClassAdapter - Creating brand-new static initializer in class org/springframework/context/event/ApplicationContextEvent
23:36:07.570 [main] DEBUG o.e.r.agent.TransformerForTests - Going to instrument: org.springframework.boot.logging.LoggingInitializationContext
23:36:07.570 [main] INFO  o.e.r.i.MethodCallReplacementClassAdapter - Adding mock interface to class org/springframework/boot/logging/LoggingInitializationContext
23:36:07.570 [main] INFO  o.e.r.i.MethodCallReplacementClassAdapter - No hashCode defined for: org/springframework/boot/logging/LoggingInitializationContext, superclass = java.lang.Object
23:36:07.570 [main] INFO  o.e.r.i.CreateClassResetClassAdapter - Creating brand-new static initializer in class org/springframework/boot/logging/LoggingInitializationContext
23:36:07.571 [main] DEBUG o.e.r.agent.TransformerForTests - Going to instrument: org.springframework.boot.env.EnumerableCompositePropertySource
23:36:07.571 [main] INFO  o.e.r.i.MethodCallReplacementClassAdapter - Adding mock interface to class org/springframework/boot/env/EnumerableCompositePropertySource
23:36:07.571 [main] INFO  o.e.r.i.MethodCallReplacementClassAdapter - No hashCode defined for: org/springframework/boot/env/EnumerableCompositePropertySource, superclass = org.springframework.core.env.EnumerablePropertySource
23:36:07.571 [main] INFO  o.e.r.i.CreateClassResetClassAdapter - Creating brand-new static initializer in class org/springframework/boot/env/EnumerableCompositePropertySource
23:36:07.572 [main] DEBUG o.e.r.agent.TransformerForTests - Going to instrument: org.springframework.core.annotation.AliasFor
23:36:07.573 [main] DEBUG o.e.r.agent.TransformerForTests - Going to instrument: org.springframework.core.convert.support.ZonedDateTimeToCalendarConverter
23:36:07.573 [main] INFO  o.e.r.i.MethodCallReplacementClassAdapter - Adding mock interface to class org/springframework/core/convert/support/ZonedDateTimeToCalendarConverter
23:36:07.573 [main] INFO  o.e.r.i.MethodCallReplacementClassAdapter - No hashCode defined for: org/springframework/core/convert/support/ZonedDateTimeToCalendarConverter, superclass = java.lang.Object
23:36:07.573 [main] INFO  o.e.r.i.CreateClassResetClassAdapter - Creating brand-new static initializer in class org/springframework/core/convert/support/ZonedDateTimeToCalendarConverter
23:36:07.574 [main] DEBUG o.e.r.agent.TransformerForTests - Going to instrument: org.springframework.boot.SpringApplicationRunListener
23:36:07.575 [main] DEBUG o.e.r.agent.TransformerForTests - Going to instrument: org.springframework.core.convert.support.StringToCollectionConverter
23:36:07.575 [main] INFO  o.e.r.i.MethodCallReplacementClassAdapter - Adding mock interface to class org/springframework/core/convert/support/StringToCollectionConverter
23:36:07.575 [main] INFO  o.e.r.i.MethodCallReplacementClassAdapter - No hashCode defined for: org/springframework/core/convert/support/StringToCollectionConverter, superclass = java.lang.Object
23:36:07.575 [main] INFO  o.e.r.i.CreateClassResetClassAdapter - Creating brand-new static initializer in class org/springframework/core/convert/support/StringToCollectionConverter
23:36:07.576 [main] DEBUG o.e.r.agent.TransformerForTests - Going to instrument: org.springframework.core.SerializableTypeWrapper$1
23:36:07.577 [main] INFO  o.e.r.i.MethodCallReplacementClassAdapter - Adding mock interface to class org/springframework/core/SerializableTypeWrapper$1
23:36:07.577 [main] INFO  o.e.r.i.MethodCallReplacementClassAdapter - No hashCode defined for: org/springframework/core/SerializableTypeWrapper$1, superclass = org.springframework.core.SerializableTypeWrapper$DefaultTypeProvider
23:36:07.577 [main] DEBUG o.e.r.agent.TransformerForTests - Going to instrument: org.springframework.context.event.ContextRefreshedEvent
23:36:07.577 [main] INFO  o.e.r.i.MethodCallReplacementClassAdapter - Adding mock interface to class org/springframework/context/event/ContextRefreshedEvent
23:36:07.578 [main] INFO  o.e.r.i.MethodCallReplacementClassAdapter - No hashCode defined for: org/springframework/context/event/ContextRefreshedEvent, superclass = org.springframework.context.event.ApplicationContextEvent
23:36:07.578 [main] INFO  o.e.r.i.CreateClassResetClassAdapter - Creating brand-new static initializer in class org/springframework/context/event/ContextRefreshedEvent
23:36:07.578 [main] DEBUG o.e.r.agent.TransformerForTests - Going to instrument: org.springframework.core.OrderComparator$OrderSourceProvider
23:36:07.579 [main] DEBUG o.e.r.agent.TransformerForTests - Going to instrument: org.springframework.boot.autoconfigure.logging.AutoConfigurationReportLoggingInitializer
23:36:07.579 [main] INFO  o.e.r.i.MethodCallReplacementClassAdapter - Adding mock interface to class org/springframework/boot/autoconfigure/logging/AutoConfigurationReportLoggingInitializer
23:36:07.580 [main] INFO  o.e.r.i.MethodCallReplacementClassAdapter - No hashCode defined for: org/springframework/boot/autoconfigure/logging/AutoConfigurationReportLoggingInitializer, superclass = java.lang.Object
23:36:07.580 [main] INFO  o.e.r.i.CreateClassResetClassAdapter - Creating brand-new static initializer in class org/springframework/boot/autoconfigure/logging/AutoConfigurationReportLoggingInitializer
23:36:07.581 [main] DEBUG o.e.r.agent.TransformerForTests - Going to instrument: org.springframework.boot.bind.PropertiesConfigurationFactory
23:36:07.583 [main] INFO  o.e.r.i.MethodCallReplacementClassAdapter - Adding mock interface to class org/springframework/boot/bind/PropertiesConfigurationFactory
23:36:07.586 [main] INFO  o.e.r.i.CreateClassResetClassAdapter - Found static initializer in class org/springframework/boot/bind/PropertiesConfigurationFactory
23:36:07.587 [main] INFO  o.e.r.i.MethodCallReplacementClassAdapter - No hashCode defined for: org/springframework/boot/bind/PropertiesConfigurationFactory, superclass = java.lang.Object
23:36:07.591 [main] DEBUG o.e.r.agent.TransformerForTests - Going to instrument: org.springframework.context.MessageSourceAware
23:36:07.592 [main] DEBUG o.e.r.agent.TransformerForTests - Going to instrument: org.springframework.core.convert.support.StringToCharsetConverter
23:36:07.593 [main] INFO  o.e.r.i.MethodCallReplacementClassAdapter - Adding mock interface to class org/springframework/core/convert/support/StringToCharsetConverter
23:36:07.593 [main] INFO  o.e.r.i.MethodCallReplacementClassAdapter - No hashCode defined for: org/springframework/core/convert/support/StringToCharsetConverter, superclass = java.lang.Object
23:36:07.593 [main] INFO  o.e.r.i.CreateClassResetClassAdapter - Creating brand-new static initializer in class org/springframework/core/convert/support/StringToCharsetConverter
23:36:07.594 [main] DEBUG o.e.r.agent.TransformerForTests - Going to instrument: org.springframework.core.convert.support.StringToNumberConverterFactory
23:36:07.594 [main] INFO  o.e.r.i.MethodCallReplacementClassAdapter - Adding mock interface to class org/springframework/core/convert/support/StringToNumberConverterFactory
23:36:07.594 [main] INFO  o.e.r.i.MethodCallReplacementClassAdapter - No hashCode defined for: org/springframework/core/convert/support/StringToNumberConverterFactory, superclass = java.lang.Object
23:36:07.594 [main] INFO  o.e.r.i.CreateClassResetClassAdapter - Creating brand-new static initializer in class org/springframework/core/convert/support/StringToNumberConverterFactory
23:36:07.595 [main] DEBUG o.e.r.agent.TransformerForTests - Going to instrument: org.springframework.boot.env.PropertySourcesLoader
23:36:07.595 [main] INFO  o.e.r.i.MethodCallReplacementClassAdapter - Adding mock interface to class org/springframework/boot/env/PropertySourcesLoader
23:36:07.596 [main] INFO  o.e.r.i.CreateClassResetClassAdapter - Found static initializer in class org/springframework/boot/env/PropertySourcesLoader
23:36:07.596 [main] INFO  o.e.r.i.MethodCallReplacementClassAdapter - No hashCode defined for: org/springframework/boot/env/PropertySourcesLoader, superclass = java.lang.Object
23:36:07.597 [main] DEBUG o.e.r.agent.TransformerForTests - Going to instrument: org.springframework.boot.env.PropertiesPropertySourceLoader
23:36:07.597 [main] INFO  o.e.r.i.MethodCallReplacementClassAdapter - Adding mock interface to class org/springframework/boot/env/PropertiesPropertySourceLoader
23:36:07.597 [main] INFO  o.e.r.i.MethodCallReplacementClassAdapter - No hashCode defined for: org/springframework/boot/env/PropertiesPropertySourceLoader, superclass = java.lang.Object
23:36:07.597 [main] INFO  o.e.r.i.CreateClassResetClassAdapter - Creating brand-new static initializer in class org/springframework/boot/env/PropertiesPropertySourceLoader
23:36:07.598 [main] DEBUG o.e.r.agent.TransformerForTests - Going to instrument: org.springframework.core.convert.support.GenericConversionService$ConverterFactoryAdapter
23:36:07.598 [main] INFO  o.e.r.i.MethodCallReplacementClassAdapter - Adding mock interface to class org/springframework/core/convert/support/GenericConversionService$ConverterFactoryAdapter
23:36:07.598 [main] INFO  o.e.r.i.MethodCallReplacementClassAdapter - No hashCode defined for: org/springframework/core/convert/support/GenericConversionService$ConverterFactoryAdapter, superclass = java.lang.Object
23:36:07.599 [main] INFO  o.e.r.i.CreateClassResetClassAdapter - Creating brand-new static initializer in class org/springframework/core/convert/support/GenericConversionService$ConverterFactoryAdapter
23:36:07.599 [main] DEBUG o.e.r.agent.TransformerForTests - Going to instrument: org.springframework.core.annotation.SynthesizedAnnotationInvocationHandler
23:36:07.599 [main] INFO  o.e.r.i.MethodCallReplacementClassAdapter - Adding mock interface to class org/springframework/core/annotation/SynthesizedAnnotationInvocationHandler
23:36:07.601 [main] INFO  o.e.r.i.MethodCallReplacementClassAdapter - No hashCode defined for: org/springframework/core/annotation/SynthesizedAnnotationInvocationHandler, superclass = java.lang.Object
23:36:07.601 [main] INFO  o.e.r.i.CreateClassResetClassAdapter - Creating brand-new static initializer in class org/springframework/core/annotation/SynthesizedAnnotationInvocationHandler
23:36:07.602 [main] DEBUG o.e.r.agent.TransformerForTests - Going to instrument: org.springframework.boot.bind.PropertyNamePatternsMatcher$1
23:36:07.602 [main] INFO  o.e.r.i.MethodCallReplacementClassAdapter - Adding mock interface to class org/springframework/boot/bind/PropertyNamePatternsMatcher$1
23:36:07.603 [main] INFO  o.e.r.i.MethodCallReplacementClassAdapter - No hashCode defined for: org/springframework/boot/bind/PropertyNamePatternsMatcher$1, superclass = java.lang.Object
23:36:07.603 [main] DEBUG o.e.r.agent.TransformerForTests - Going to instrument: org.springframework.boot.bind.PropertyNamePatternsMatcher$2
23:36:07.603 [main] INFO  o.e.r.i.MethodCallReplacementClassAdapter - Adding mock interface to class org/springframework/boot/bind/PropertyNamePatternsMatcher$2
23:36:07.603 [main] INFO  o.e.r.i.MethodCallReplacementClassAdapter - No hashCode defined for: org/springframework/boot/bind/PropertyNamePatternsMatcher$2, superclass = java.lang.Object
23:36:07.604 [main] DEBUG o.e.r.agent.TransformerForTests - Going to instrument: org.springframework.core.io.support.SpringFactoriesLoader
23:36:07.604 [main] INFO  o.e.r.i.MethodCallReplacementClassAdapter - Adding mock interface to class org/springframework/core/io/support/SpringFactoriesLoader
23:36:07.606 [main] INFO  o.e.r.i.CreateClassResetClassAdapter - Found static initializer in class org/springframework/core/io/support/SpringFactoriesLoader
23:36:07.606 [main] INFO  o.e.r.i.MethodCallReplacementClassAdapter - No hashCode defined for: org/springframework/core/io/support/SpringFactoriesLoader, superclass = java.lang.Object
23:36:07.607 [main] DEBUG o.e.r.agent.TransformerForTests - Going to instrument: org.springframework.core.convert.support.StringToEnumConverterFactory
23:36:07.608 [main] INFO  o.e.r.i.MethodCallReplacementClassAdapter - Adding mock interface to class org/springframework/core/convert/support/StringToEnumConverterFactory
23:36:07.609 [main] INFO  o.e.r.i.MethodCallReplacementClassAdapter - No hashCode defined for: org/springframework/core/convert/support/StringToEnumConverterFactory, superclass = java.lang.Object
23:36:07.609 [main] INFO  o.e.r.i.CreateClassResetClassAdapter - Creating brand-new static initializer in class org/springframework/core/convert/support/StringToEnumConverterFactory
23:36:07.610 [main] DEBUG o.e.r.agent.TransformerForTests - Going to instrument: org.springframework.beans.CachedIntrospectionResults
23:36:07.610 [main] INFO  o.e.r.i.MethodCallReplacementClassAdapter - Adding mock interface to class org/springframework/beans/CachedIntrospectionResults
23:36:07.611 [main] INFO  o.e.r.i.CreateClassResetClassAdapter - Found static initializer in class org/springframework/beans/CachedIntrospectionResults
23:36:07.611 [main] INFO  o.e.r.i.MethodCallReplacementClassAdapter - No hashCode defined for: org/springframework/beans/CachedIntrospectionResults, superclass = java.lang.Object
23:36:07.612 [main] DEBUG o.e.r.agent.TransformerForTests - Going to instrument: org.springframework.beans.GenericTypeAwarePropertyDescriptor
23:36:07.613 [main] INFO  o.e.r.i.MethodCallReplacementClassAdapter - Adding mock interface to class org/springframework/beans/GenericTypeAwarePropertyDescriptor
23:36:07.613 [main] INFO  o.e.r.i.CreateClassResetClassAdapter - Creating brand-new static initializer in class org/springframework/beans/GenericTypeAwarePropertyDescriptor
23:36:07.614 [main] DEBUG o.e.r.agent.TransformerForTests - Going to instrument: org.springframework.beans.BeanInfoFactory
23:36:07.618 [main] DEBUG o.e.r.agent.TransformerForTests - Going to instrument: org.springframework.util.ResourceUtils
23:36:07.618 [main] INFO  o.e.r.i.MethodCallReplacementClassAdapter - Adding mock interface to class org/springframework/util/ResourceUtils
23:36:07.620 [main] INFO  o.e.r.i.MethodCallReplacementClassAdapter - No hashCode defined for: org/springframework/util/ResourceUtils, superclass = java.lang.Object
23:36:07.620 [main] INFO  o.e.r.i.CreateClassResetClassAdapter - Creating brand-new static initializer in class org/springframework/util/ResourceUtils
23:36:07.620 [main] INFO  o.e.r.i.CreateClassResetClassAdapter - Adding bytecode for initializing field CLASSPATH_URL_PREFIX
23:36:07.620 [main] INFO  o.e.r.i.CreateClassResetClassAdapter - Adding bytecode for initializing field FILE_URL_PREFIX
23:36:07.620 [main] INFO  o.e.r.i.CreateClassResetClassAdapter - Adding bytecode for initializing field JAR_URL_PREFIX
23:36:07.620 [main] INFO  o.e.r.i.CreateClassResetClassAdapter - Adding bytecode for initializing field WAR_URL_PREFIX
23:36:07.620 [main] INFO  o.e.r.i.CreateClassResetClassAdapter - Adding bytecode for initializing field URL_PROTOCOL_FILE
23:36:07.620 [main] INFO  o.e.r.i.CreateClassResetClassAdapter - Adding bytecode for initializing field URL_PROTOCOL_JAR
23:36:07.621 [main] INFO  o.e.r.i.CreateClassResetClassAdapter - Adding bytecode for initializing field URL_PROTOCOL_ZIP
23:36:07.621 [main] INFO  o.e.r.i.CreateClassResetClassAdapter - Adding bytecode for initializing field URL_PROTOCOL_WSJAR
23:36:07.621 [main] INFO  o.e.r.i.CreateClassResetClassAdapter - Adding bytecode for initializing field URL_PROTOCOL_VFSZIP
23:36:07.621 [main] INFO  o.e.r.i.CreateClassResetClassAdapter - Adding bytecode for initializing field URL_PROTOCOL_VFSFILE
23:36:07.621 [main] INFO  o.e.r.i.CreateClassResetClassAdapter - Adding bytecode for initializing field URL_PROTOCOL_VFS
23:36:07.621 [main] INFO  o.e.r.i.CreateClassResetClassAdapter - Adding bytecode for initializing field JAR_FILE_EXTENSION
23:36:07.621 [main] INFO  o.e.r.i.CreateClassResetClassAdapter - Adding bytecode for initializing field JAR_URL_SEPARATOR
23:36:07.621 [main] INFO  o.e.r.i.CreateClassResetClassAdapter - Adding bytecode for initializing field WAR_URL_SEPARATOR
23:36:07.624 [main] DEBUG o.e.r.agent.TransformerForTests - Going to instrument: org.springframework.beans.ExtendedBeanInfoFactory
23:36:07.625 [main] INFO  o.e.r.i.MethodCallReplacementClassAdapter - Adding mock interface to class org/springframework/beans/ExtendedBeanInfoFactory
23:36:07.625 [main] INFO  o.e.r.i.MethodCallReplacementClassAdapter - No hashCode defined for: org/springframework/beans/ExtendedBeanInfoFactory, superclass = java.lang.Object
23:36:07.625 [main] INFO  o.e.r.i.CreateClassResetClassAdapter - Creating brand-new static initializer in class org/springframework/beans/ExtendedBeanInfoFactory
23:36:07.627 [main] DEBUG o.e.r.agent.TransformerForTests - Going to instrument: org.springframework.boot.context.config.RandomValuePropertySource
23:36:07.629 [main] INFO  o.e.r.i.MethodCallReplacementClassAdapter - Adding mock interface to class org/springframework/boot/context/config/RandomValuePropertySource
23:36:07.630 [main] INFO  o.e.r.i.CreateClassResetClassAdapter - Found static initializer in class org/springframework/boot/context/config/RandomValuePropertySource
23:36:07.630 [main] INFO  o.e.r.i.MethodCallReplacementClassAdapter - No hashCode defined for: org/springframework/boot/context/config/RandomValuePropertySource, superclass = org.springframework.core.env.PropertySource
23:36:07.632 [main] DEBUG o.e.r.agent.TransformerForTests - Going to instrument: org.springframework.boot.SpringBootExceptionHandler
23:36:07.632 [main] INFO  o.e.r.i.MethodCallReplacementClassAdapter - Adding mock interface to class org/springframework/boot/SpringBootExceptionHandler
23:36:07.632 [main] INFO  o.e.r.i.CreateClassResetClassAdapter - Found static initializer in class org/springframework/boot/SpringBootExceptionHandler
23:36:07.633 [main] INFO  o.e.r.i.MethodCallReplacementClassAdapter - No hashCode defined for: org/springframework/boot/SpringBootExceptionHandler, superclass = java.lang.Object
23:36:07.633 [main] DEBUG o.e.r.agent.TransformerForTests - Going to instrument: org.springframework.boot.SpringBootExceptionHandler$LoggedExceptionHandlerThreadLocal
23:36:07.633 [main] INFO  o.e.r.i.MethodCallReplacementClassAdapter - Adding mock interface to class org/springframework/boot/SpringBootExceptionHandler$LoggedExceptionHandlerThreadLocal
23:36:07.634 [main] INFO  o.e.r.i.MethodCallReplacementClassAdapter - No hashCode defined for: org/springframework/boot/SpringBootExceptionHandler$LoggedExceptionHandlerThreadLocal, superclass = java.lang.ThreadLocal
23:36:07.634 [main] INFO  o.e.r.i.CreateClassResetClassAdapter - Creating brand-new static initializer in class org/springframework/boot/SpringBootExceptionHandler$LoggedExceptionHandlerThreadLocal
23:36:07.634 [main] DEBUG o.e.r.agent.TransformerForTests - Going to instrument: org.springframework.boot.bind.RelaxedDataBinder$BeanPath
23:36:07.635 [main] INFO  o.e.r.i.MethodCallReplacementClassAdapter - Adding mock interface to class org/springframework/boot/bind/RelaxedDataBinder$BeanPath
23:36:07.636 [main] INFO  o.e.r.i.MethodCallReplacementClassAdapter - No hashCode defined for: org/springframework/boot/bind/RelaxedDataBinder$BeanPath, superclass = java.lang.Object
23:36:07.636 [main] INFO  o.e.r.i.CreateClassResetClassAdapter - Creating brand-new static initializer in class org/springframework/boot/bind/RelaxedDataBinder$BeanPath
23:36:07.637 [main] DEBUG o.e.r.agent.TransformerForTests - Going to instrument: org.springframework.boot.bind.RelaxedDataBinder$BeanPath$PathNode
23:36:07.637 [main] INFO  o.e.r.i.MethodCallReplacementClassAdapter - Adding mock interface to class org/springframework/boot/bind/RelaxedDataBinder$BeanPath$PathNode
23:36:07.637 [main] INFO  o.e.r.i.MethodCallReplacementClassAdapter - No hashCode defined for: org/springframework/boot/bind/RelaxedDataBinder$BeanPath$PathNode, superclass = java.lang.Object
23:36:07.637 [main] INFO  o.e.r.i.CreateClassResetClassAdapter - Creating brand-new static initializer in class org/springframework/boot/bind/RelaxedDataBinder$BeanPath$PathNode
23:36:07.637 [main] DEBUG o.e.r.agent.TransformerForTests - Going to instrument: org.springframework.boot.bind.RelaxedDataBinder$BeanPath$MapIndexNode
23:36:07.637 [main] INFO  o.e.r.i.MethodCallReplacementClassAdapter - Adding mock interface to class org/springframework/boot/bind/RelaxedDataBinder$BeanPath$MapIndexNode
23:36:07.637 [main] INFO  o.e.r.i.MethodCallReplacementClassAdapter - No hashCode defined for: org/springframework/boot/bind/RelaxedDataBinder$BeanPath$MapIndexNode, superclass = org.springframework.boot.bind.RelaxedDataBinder$BeanPath$PathNode
23:36:07.637 [main] INFO  o.e.r.i.CreateClassResetClassAdapter - Creating brand-new static initializer in class org/springframework/boot/bind/RelaxedDataBinder$BeanPath$MapIndexNode
23:36:07.638 [main] DEBUG o.e.r.agent.TransformerForTests - Going to instrument: org.springframework.core.convert.support.ObjectToArrayConverter
23:36:07.638 [main] INFO  o.e.r.i.MethodCallReplacementClassAdapter - Adding mock interface to class org/springframework/core/convert/support/ObjectToArrayConverter
23:36:07.639 [main] INFO  o.e.r.i.MethodCallReplacementClassAdapter - No hashCode defined for: org/springframework/core/convert/support/ObjectToArrayConverter, superclass = java.lang.Object
23:36:07.639 [main] INFO  o.e.r.i.CreateClassResetClassAdapter - Creating brand-new static initializer in class org/springframework/core/convert/support/ObjectToArrayConverter
23:36:07.639 [main] DEBUG o.e.r.agent.TransformerForTests - Going to instrument: org.springframework.core.convert.support.EnumToStringConverter
23:36:07.639 [main] INFO  o.e.r.i.MethodCallReplacementClassAdapter - Adding mock interface to class org/springframework/core/convert/support/EnumToStringConverter
23:36:07.640 [main] INFO  o.e.r.i.MethodCallReplacementClassAdapter - No hashCode defined for: org/springframework/core/convert/support/EnumToStringConverter, superclass = java.lang.Object
23:36:07.640 [main] INFO  o.e.r.i.CreateClassResetClassAdapter - Creating brand-new static initializer in class org/springframework/core/convert/support/EnumToStringConverter
23:36:07.640 [main] DEBUG o.e.r.agent.TransformerForTests - Going to instrument: org.springframework.core.env.PropertySourcesPropertyResolver
23:36:07.640 [main] INFO  o.e.r.i.MethodCallReplacementClassAdapter - Adding mock interface to class org/springframework/core/env/PropertySourcesPropertyResolver
23:36:07.642 [main] INFO  o.e.r.i.MethodCallReplacementClassAdapter - No hashCode defined for: org/springframework/core/env/PropertySourcesPropertyResolver, superclass = org.springframework.core.env.AbstractPropertyResolver
23:36:07.642 [main] INFO  o.e.r.i.CreateClassResetClassAdapter - Creating brand-new static initializer in class org/springframework/core/env/PropertySourcesPropertyResolver
23:36:07.643 [main] DEBUG o.e.r.agent.TransformerForTests - Going to instrument: org.springframework.core.env.PropertySourcesPropertyResolver$ClassConversionException
23:36:07.643 [main] INFO  o.e.r.i.MethodCallReplacementClassAdapter - Adding mock interface to class org/springframework/core/env/PropertySourcesPropertyResolver$ClassConversionException
23:36:07.643 [main] INFO  o.e.r.i.MethodCallReplacementClassAdapter - No hashCode defined for: org/springframework/core/env/PropertySourcesPropertyResolver$ClassConversionException, superclass = org.springframework.core.convert.ConversionException
23:36:07.643 [main] INFO  o.e.r.i.CreateClassResetClassAdapter - Creating brand-new static initializer in class org/springframework/core/env/PropertySourcesPropertyResolver$ClassConversionException
23:36:07.644 [main] DEBUG o.e.r.agent.TransformerForTests - Going to instrument: org.springframework.boot.bind.RelaxedNames$Variation
23:36:07.644 [main] INFO  o.e.r.i.MethodCallReplacementClassAdapter - Adding mock interface to class org/springframework/boot/bind/RelaxedNames$Variation
23:36:07.644 [main] INFO  o.e.r.i.CreateClassResetClassAdapter - Found static initializer in class org/springframework/boot/bind/RelaxedNames$Variation
23:36:07.644 [main] INFO  o.e.r.i.MethodCallReplacementClassAdapter - No hashCode defined for: org/springframework/boot/bind/RelaxedNames$Variation, superclass = java.lang.Enum
23:36:07.645 [main] DEBUG o.e.r.agent.TransformerForTests - Going to instrument: org.springframework.boot.bind.RelaxedNames$Variation$1
23:36:07.645 [main] INFO  o.e.r.i.MethodCallReplacementClassAdapter - Adding mock interface to class org/springframework/boot/bind/RelaxedNames$Variation$1
23:36:07.645 [main] INFO  o.e.r.i.MethodCallReplacementClassAdapter - No hashCode defined for: org/springframework/boot/bind/RelaxedNames$Variation$1, superclass = org.springframework.boot.bind.RelaxedNames$Variation
23:36:07.646 [main] DEBUG o.e.r.agent.TransformerForTests - Going to instrument: org.springframework.boot.bind.RelaxedNames$Variation$2
23:36:07.646 [main] INFO  o.e.r.i.MethodCallReplacementClassAdapter - Adding mock interface to class org/springframework/boot/bind/RelaxedNames$Variation$2
23:36:07.646 [main] INFO  o.e.r.i.MethodCallReplacementClassAdapter - No hashCode defined for: org/springframework/boot/bind/RelaxedNames$Variation$2, superclass = org.springframework.boot.bind.RelaxedNames$Variation
23:36:07.646 [main] DEBUG o.e.r.agent.TransformerForTests - Going to instrument: org.springframework.boot.bind.RelaxedNames$Variation$3
23:36:07.646 [main] INFO  o.e.r.i.MethodCallReplacementClassAdapter - Adding mock interface to class org/springframework/boot/bind/RelaxedNames$Variation$3
23:36:07.647 [main] INFO  o.e.r.i.MethodCallReplacementClassAdapter - No hashCode defined for: org/springframework/boot/bind/RelaxedNames$Variation$3, superclass = org.springframework.boot.bind.RelaxedNames$Variation
23:36:07.647 [main] DEBUG o.e.r.agent.TransformerForTests - Going to instrument: org.springframework.context.event.GenericApplicationListenerAdapter
23:36:07.648 [main] INFO  o.e.r.i.MethodCallReplacementClassAdapter - Adding mock interface to class org/springframework/context/event/GenericApplicationListenerAdapter
23:36:07.648 [main] INFO  o.e.r.i.MethodCallReplacementClassAdapter - No hashCode defined for: org/springframework/context/event/GenericApplicationListenerAdapter, superclass = java.lang.Object
23:36:07.648 [main] INFO  o.e.r.i.CreateClassResetClassAdapter - Creating brand-new static initializer in class org/springframework/context/event/GenericApplicationListenerAdapter
23:36:07.648 [main] DEBUG o.e.r.agent.TransformerForTests - Going to instrument: org.springframework.context.event.SmartApplicationListener
23:36:07.649 [main] DEBUG o.e.r.agent.TransformerForTests - Going to instrument: org.springframework.jndi.JndiLocatorDelegate
23:36:07.649 [main] INFO  o.e.r.i.MethodCallReplacementClassAdapter - Adding mock interface to class org/springframework/jndi/JndiLocatorDelegate
23:36:07.649 [main] INFO  o.e.r.i.MethodCallReplacementClassAdapter - No hashCode defined for: org/springframework/jndi/JndiLocatorDelegate, superclass = org.springframework.jndi.JndiLocatorSupport
23:36:07.649 [main] INFO  o.e.r.i.CreateClassResetClassAdapter - Creating brand-new static initializer in class org/springframework/jndi/JndiLocatorDelegate
23:36:07.650 [main] DEBUG o.e.r.agent.TransformerForTests - Going to instrument: org.springframework.boot.env.SpringApplicationJsonEnvironmentPostProcessor
23:36:07.650 [main] INFO  o.e.r.i.MethodCallReplacementClassAdapter - Adding mock interface to class org/springframework/boot/env/SpringApplicationJsonEnvironmentPostProcessor
23:36:07.651 [main] INFO  o.e.r.i.CreateClassResetClassAdapter - Found static initializer in class org/springframework/boot/env/SpringApplicationJsonEnvironmentPostProcessor
23:36:07.651 [main] INFO  o.e.r.i.MethodCallReplacementClassAdapter - No hashCode defined for: org/springframework/boot/env/SpringApplicationJsonEnvironmentPostProcessor, superclass = java.lang.Object
23:36:07.652 [main] DEBUG o.e.r.agent.TransformerForTests - Going to instrument: org.springframework.core.convert.support.CollectionToCollectionConverter
23:36:07.652 [main] INFO  o.e.r.i.MethodCallReplacementClassAdapter - Adding mock interface to class org/springframework/core/convert/support/CollectionToCollectionConverter
23:36:07.653 [main] INFO  o.e.r.i.MethodCallReplacementClassAdapter - No hashCode defined for: org/springframework/core/convert/support/CollectionToCollectionConverter, superclass = java.lang.Object
23:36:07.653 [main] INFO  o.e.r.i.CreateClassResetClassAdapter - Creating brand-new static initializer in class org/springframework/core/convert/support/CollectionToCollectionConverter
23:36:07.653 [main] DEBUG o.e.r.agent.TransformerForTests - Going to instrument: org.springframework.boot.context.ConfigurationWarningsApplicationContextInitializer
23:36:07.653 [main] INFO  o.e.r.i.MethodCallReplacementClassAdapter - Adding mock interface to class org/springframework/boot/context/ConfigurationWarningsApplicationContextInitializer
23:36:07.654 [main] INFO  o.e.r.i.CreateClassResetClassAdapter - Found static initializer in class org/springframework/boot/context/ConfigurationWarningsApplicationContextInitializer
23:36:07.654 [main] INFO  o.e.r.i.MethodCallReplacementClassAdapter - No hashCode defined for: org/springframework/boot/context/ConfigurationWarningsApplicationContextInitializer, superclass = java.lang.Object
23:36:07.654 [main] DEBUG o.e.r.agent.TransformerForTests - Going to instrument: org.springframework.beans.factory.config.BeanFactoryPostProcessor
23:36:07.655 [main] DEBUG o.e.r.agent.TransformerForTests - Going to instrument: org.springframework.context.event.ContextClosedEvent
23:36:07.655 [main] INFO  o.e.r.i.MethodCallReplacementClassAdapter - Adding mock interface to class org/springframework/context/event/ContextClosedEvent
23:36:07.655 [main] INFO  o.e.r.i.MethodCallReplacementClassAdapter - No hashCode defined for: org/springframework/context/event/ContextClosedEvent, superclass = org.springframework.context.event.ApplicationContextEvent
23:36:07.655 [main] INFO  o.e.r.i.CreateClassResetClassAdapter - Creating brand-new static initializer in class org/springframework/context/event/ContextClosedEvent
23:36:07.656 [main] DEBUG o.e.r.agent.TransformerForTests - Going to instrument: org.springframework.beans.ExtendedBeanInfo$SimplePropertyDescriptor
23:36:07.656 [main] INFO  o.e.r.i.MethodCallReplacementClassAdapter - Adding mock interface to class org/springframework/beans/ExtendedBeanInfo$SimplePropertyDescriptor
23:36:07.656 [main] INFO  o.e.r.i.CreateClassResetClassAdapter - Creating brand-new static initializer in class org/springframework/beans/ExtendedBeanInfo$SimplePropertyDescriptor
23:36:07.657 [main] DEBUG o.e.r.agent.TransformerForTests - Going to instrument: org.springframework.boot.context.event.ApplicationEnvironmentPreparedEvent
23:36:07.657 [main] INFO  o.e.r.i.MethodCallReplacementClassAdapter - Adding mock interface to class org/springframework/boot/context/event/ApplicationEnvironmentPreparedEvent
23:36:07.657 [main] INFO  o.e.r.i.MethodCallReplacementClassAdapter - No hashCode defined for: org/springframework/boot/context/event/ApplicationEnvironmentPreparedEvent, superclass = org.springframework.boot.context.event.SpringApplicationEvent
23:36:07.657 [main] INFO  o.e.r.i.CreateClassResetClassAdapter - Creating brand-new static initializer in class org/springframework/boot/context/event/ApplicationEnvironmentPreparedEvent
23:36:07.658 [main] DEBUG o.e.r.agent.TransformerForTests - Going to instrument: org.springframework.core.convert.support.StringToLocaleConverter
23:36:07.658 [main] INFO  o.e.r.i.MethodCallReplacementClassAdapter - Adding mock interface to class org/springframework/core/convert/support/StringToLocaleConverter
23:36:07.659 [main] INFO  o.e.r.i.MethodCallReplacementClassAdapter - No hashCode defined for: org/springframework/core/convert/support/StringToLocaleConverter, superclass = java.lang.Object
23:36:07.659 [main] INFO  o.e.r.i.CreateClassResetClassAdapter - Creating brand-new static initializer in class org/springframework/core/convert/support/StringToLocaleConverter
23:36:07.659 [main] DEBUG o.e.r.agent.TransformerForTests - Going to instrument: org.springframework.core.convert.support.FallbackObjectToStringConverter
23:36:07.659 [main] INFO  o.e.r.i.MethodCallReplacementClassAdapter - Adding mock interface to class org/springframework/core/convert/support/FallbackObjectToStringConverter
23:36:07.660 [main] INFO  o.e.r.i.MethodCallReplacementClassAdapter - No hashCode defined for: org/springframework/core/convert/support/FallbackObjectToStringConverter, superclass = java.lang.Object
23:36:07.660 [main] INFO  o.e.r.i.CreateClassResetClassAdapter - Creating brand-new static initializer in class org/springframework/core/convert/support/FallbackObjectToStringConverter
23:36:07.660 [main] DEBUG o.e.r.agent.TransformerForTests - Going to instrument: org.springframework.boot.context.FileEncodingApplicationListener
23:36:07.660 [main] INFO  o.e.r.i.MethodCallReplacementClassAdapter - Adding mock interface to class org/springframework/boot/context/FileEncodingApplicationListener
23:36:07.661 [main] INFO  o.e.r.i.CreateClassResetClassAdapter - Found static initializer in class org/springframework/boot/context/FileEncodingApplicationListener
23:36:07.661 [main] INFO  o.e.r.i.MethodCallReplacementClassAdapter - No hashCode defined for: org/springframework/boot/context/FileEncodingApplicationListener, superclass = java.lang.Object
23:36:07.662 [main] DEBUG o.e.r.agent.TransformerForTests - Going to instrument: org.springframework.boot.DefaultApplicationArguments$Source
23:36:07.662 [main] INFO  o.e.r.i.MethodCallReplacementClassAdapter - Adding mock interface to class org/springframework/boot/DefaultApplicationArguments$Source
23:36:07.663 [main] INFO  o.e.r.i.MethodCallReplacementClassAdapter - No hashCode defined for: org/springframework/boot/DefaultApplicationArguments$Source, superclass = org.springframework.core.env.SimpleCommandLinePropertySource
23:36:07.665 [main] INFO  o.e.r.i.CreateClassResetClassAdapter - Creating brand-new static initializer in class org/springframework/boot/DefaultApplicationArguments$Source
23:36:07.666 [main] DEBUG o.e.r.agent.TransformerForTests - Going to instrument: org.springframework.boot.autoconfigure.SpringBootApplication
23:36:07.667 [main] DEBUG o.e.r.agent.TransformerForTests - Going to instrument: org.springframework.aop.SpringProxy
23:36:07.678 [main] DEBUG o.e.r.agent.TransformerForTests - Going to instrument: org.springframework.boot.logging.logback.SpringPropertyAction
23:36:07.678 [main] INFO  o.e.r.i.MethodCallReplacementClassAdapter - Adding mock interface to class org/springframework/boot/logging/logback/SpringPropertyAction
23:36:07.679 [main] INFO  o.e.r.i.MethodCallReplacementClassAdapter - No hashCode defined for: org/springframework/boot/logging/logback/SpringPropertyAction, superclass = ch.qos.logback.core.joran.action.Action
23:36:07.679 [main] INFO  o.e.r.i.CreateClassResetClassAdapter - Creating brand-new static initializer in class org/springframework/boot/logging/logback/SpringPropertyAction
23:36:07.679 [main] INFO  o.e.r.i.CreateClassResetClassAdapter - Adding bytecode for initializing field SOURCE_ATTRIBUTE
23:36:07.679 [main] DEBUG o.e.r.agent.TransformerForTests - Going to instrument: org.springframework.boot.logging.logback.SpringProfileAction
23:36:07.679 [main] INFO  o.e.r.i.MethodCallReplacementClassAdapter - Adding mock interface to class org/springframework/boot/logging/logback/SpringProfileAction
23:36:07.680 [main] INFO  o.e.r.i.MethodCallReplacementClassAdapter - No hashCode defined for: org/springframework/boot/logging/logback/SpringProfileAction, superclass = ch.qos.logback.core.joran.action.Action
23:36:07.680 [main] INFO  o.e.r.i.CreateClassResetClassAdapter - Creating brand-new static initializer in class org/springframework/boot/logging/logback/SpringProfileAction
23:36:07.681 [main] DEBUG o.e.r.agent.TransformerForTests - Going to instrument: org.springframework.core.convert.support.IdToEntityConverter
23:36:07.681 [main] INFO  o.e.r.i.MethodCallReplacementClassAdapter - Adding mock interface to class org/springframework/core/convert/support/IdToEntityConverter
23:36:07.681 [main] INFO  o.e.r.i.MethodCallReplacementClassAdapter - No hashCode defined for: org/springframework/core/convert/support/IdToEntityConverter, superclass = java.lang.Object
23:36:07.682 [main] INFO  o.e.r.i.CreateClassResetClassAdapter - Creating brand-new static initializer in class org/springframework/core/convert/support/IdToEntityConverter
23:36:07.683 [main] DEBUG o.e.r.agent.TransformerForTests - Going to instrument: org.springframework.boot.logging.LoggingApplicationListener
23:36:07.683 [main] INFO  o.e.r.i.MethodCallReplacementClassAdapter - Adding mock interface to class org/springframework/boot/logging/LoggingApplicationListener
23:36:07.686 [main] INFO  o.e.r.i.CreateClassResetClassAdapter - Found static initializer in class org/springframework/boot/logging/LoggingApplicationListener
23:36:07.687 [main] INFO  o.e.r.i.MethodCallReplacementClassAdapter - No hashCode defined for: org/springframework/boot/logging/LoggingApplicationListener, superclass = java.lang.Object
23:36:07.688 [main] DEBUG o.e.r.agent.TransformerForTests - Going to instrument: org.springframework.beans.SimpleTypeConverter
23:36:07.689 [main] INFO  o.e.r.i.MethodCallReplacementClassAdapter - Adding mock interface to class org/springframework/beans/SimpleTypeConverter
23:36:07.689 [main] INFO  o.e.r.i.MethodCallReplacementClassAdapter - No hashCode defined for: org/springframework/beans/SimpleTypeConverter, superclass = org.springframework.beans.TypeConverterSupport
23:36:07.689 [main] INFO  o.e.r.i.CreateClassResetClassAdapter - Creating brand-new static initializer in class org/springframework/beans/SimpleTypeConverter
23:36:07.690 [main] DEBUG o.e.r.agent.TransformerForTests - Going to instrument: org.springframework.boot.context.config.DelegatingApplicationListener
23:36:07.690 [main] INFO  o.e.r.i.MethodCallReplacementClassAdapter - Adding mock interface to class org/springframework/boot/context/config/DelegatingApplicationListener
23:36:07.691 [main] INFO  o.e.r.i.MethodCallReplacementClassAdapter - No hashCode defined for: org/springframework/boot/context/config/DelegatingApplicationListener, superclass = java.lang.Object
23:36:07.691 [main] INFO  o.e.r.i.CreateClassResetClassAdapter - Creating brand-new static initializer in class org/springframework/boot/context/config/DelegatingApplicationListener
23:36:07.691 [main] INFO  o.e.r.i.CreateClassResetClassAdapter - Adding bytecode for initializing field PROPERTY_NAME
23:36:07.692 [main] DEBUG o.e.r.agent.TransformerForTests - Going to instrument: org.springframework.core.convert.support.StringToPropertiesConverter
23:36:07.692 [main] INFO  o.e.r.i.MethodCallReplacementClassAdapter - Adding mock interface to class org/springframework/core/convert/support/StringToPropertiesConverter
23:36:07.693 [main] INFO  o.e.r.i.MethodCallReplacementClassAdapter - No hashCode defined for: org/springframework/core/convert/support/StringToPropertiesConverter, superclass = java.lang.Object
23:36:07.693 [main] INFO  o.e.r.i.CreateClassResetClassAdapter - Creating brand-new static initializer in class org/springframework/core/convert/support/StringToPropertiesConverter
23:36:07.694 [main] DEBUG o.e.r.agent.TransformerForTests - Going to instrument: org.springframework.boot.Banner$Mode
23:36:07.694 [main] INFO  o.e.r.i.MethodCallReplacementClassAdapter - Adding mock interface to class org/springframework/boot/Banner$Mode
23:36:07.694 [main] INFO  o.e.r.i.CreateClassResetClassAdapter - Found static initializer in class org/springframework/boot/Banner$Mode
23:36:07.694 [main] INFO  o.e.r.i.MethodCallReplacementClassAdapter - No hashCode defined for: org/springframework/boot/Banner$Mode, superclass = java.lang.Enum
23:36:07.695 [main] DEBUG o.e.r.agent.TransformerForTests - Going to instrument: org.springframework.beans.factory.support.BeanDefinitionRegistry
23:36:07.695 [main] DEBUG o.e.r.agent.TransformerForTests - Going to instrument: org.springframework.core.AliasRegistry
23:36:07.696 [main] DEBUG o.e.r.agent.TransformerForTests - Going to instrument: org.springframework.boot.context.config.AnsiOutputApplicationListener
23:36:07.696 [main] INFO  o.e.r.i.MethodCallReplacementClassAdapter - Adding mock interface to class org/springframework/boot/context/config/AnsiOutputApplicationListener
23:36:07.696 [main] INFO  o.e.r.i.MethodCallReplacementClassAdapter - No hashCode defined for: org/springframework/boot/context/config/AnsiOutputApplicationListener, superclass = java.lang.Object
23:36:07.696 [main] INFO  o.e.r.i.CreateClassResetClassAdapter - Creating brand-new static initializer in class org/springframework/boot/context/config/AnsiOutputApplicationListener
23:36:07.697 [main] DEBUG o.e.r.agent.TransformerForTests - Going to instrument: org.springframework.boot.logging.DeferredLog
23:36:07.697 [main] INFO  o.e.r.i.MethodCallReplacementClassAdapter - Adding mock interface to class org/springframework/boot/logging/DeferredLog
23:36:07.697 [main] INFO  o.e.r.i.MethodCallReplacementClassAdapter - No hashCode defined for: org/springframework/boot/logging/DeferredLog, superclass = java.lang.Object
23:36:07.697 [main] INFO  o.e.r.i.CreateClassResetClassAdapter - Creating brand-new static initializer in class org/springframework/boot/logging/DeferredLog
23:36:07.698 [main] DEBUG o.e.r.agent.TransformerForTests - Going to instrument: org.springframework.boot.context.event.EventPublishingRunListener
23:36:07.698 [main] INFO  o.e.r.i.MethodCallReplacementClassAdapter - Adding mock interface to class org/springframework/boot/context/event/EventPublishingRunListener
23:36:07.699 [main] INFO  o.e.r.i.MethodCallReplacementClassAdapter - No hashCode defined for: org/springframework/boot/context/event/EventPublishingRunListener, superclass = java.lang.Object
23:36:07.699 [main] INFO  o.e.r.i.CreateClassResetClassAdapter - Creating brand-new static initializer in class org/springframework/boot/context/event/EventPublishingRunListener
23:36:07.699 [main] DEBUG o.e.r.agent.TransformerForTests - Going to instrument: org.springframework.boot.context.event.ApplicationFailedEvent
23:36:07.699 [main] INFO  o.e.r.i.MethodCallReplacementClassAdapter - Adding mock interface to class org/springframework/boot/context/event/ApplicationFailedEvent
23:36:07.699 [main] INFO  o.e.r.i.MethodCallReplacementClassAdapter - No hashCode defined for: org/springframework/boot/context/event/ApplicationFailedEvent, superclass = org.springframework.boot.context.event.SpringApplicationEvent
23:36:07.699 [main] INFO  o.e.r.i.CreateClassResetClassAdapter - Creating brand-new static initializer in class org/springframework/boot/context/event/ApplicationFailedEvent
23:36:07.700 [main] DEBUG o.e.r.agent.TransformerForTests - Going to instrument: org.springframework.core.annotation.SynthesizedAnnotation
23:36:07.700 [main] DEBUG o.e.r.agent.TransformerForTests - Going to instrument: org.springframework.core.convert.support.GenericConversionService$Converters
23:36:07.700 [main] INFO  o.e.r.i.MethodCallReplacementClassAdapter - Adding mock interface to class org/springframework/core/convert/support/GenericConversionService$Converters
23:36:07.701 [main] INFO  o.e.r.i.MethodCallReplacementClassAdapter - No hashCode defined for: org/springframework/core/convert/support/GenericConversionService$Converters, superclass = java.lang.Object
23:36:07.706 [main] INFO  o.e.r.i.CreateClassResetClassAdapter - Creating brand-new static initializer in class org/springframework/core/convert/support/GenericConversionService$Converters
23:36:07.707 [main] DEBUG o.e.r.agent.TransformerForTests - Going to instrument: org.springframework.core.convert.support.StringToTimeZoneConverter
23:36:07.707 [main] INFO  o.e.r.i.MethodCallReplacementClassAdapter - Adding mock interface to class org/springframework/core/convert/support/StringToTimeZoneConverter
23:36:07.707 [main] INFO  o.e.r.i.MethodCallReplacementClassAdapter - No hashCode defined for: org/springframework/core/convert/support/StringToTimeZoneConverter, superclass = java.lang.Object
23:36:07.707 [main] INFO  o.e.r.i.CreateClassResetClassAdapter - Creating brand-new static initializer in class org/springframework/core/convert/support/StringToTimeZoneConverter
23:36:07.708 [main] DEBUG o.e.r.agent.TransformerForTests - Going to instrument: org.springframework.core.convert.support.ZoneIdToTimeZoneConverter
23:36:07.708 [main] INFO  o.e.r.i.MethodCallReplacementClassAdapter - Adding mock interface to class org/springframework/core/convert/support/ZoneIdToTimeZoneConverter
23:36:07.708 [main] INFO  o.e.r.i.MethodCallReplacementClassAdapter - No hashCode defined for: org/springframework/core/convert/support/ZoneIdToTimeZoneConverter, superclass = java.lang.Object
23:36:07.708 [main] INFO  o.e.r.i.CreateClassResetClassAdapter - Creating brand-new static initializer in class org/springframework/core/convert/support/ZoneIdToTimeZoneConverter
23:36:07.709 [main] DEBUG o.e.r.agent.TransformerForTests - Going to instrument: org.springframework.core.convert.support.ArrayToCollectionConverter
23:36:07.709 [main] INFO  o.e.r.i.MethodCallReplacementClassAdapter - Adding mock interface to class org/springframework/core/convert/support/ArrayToCollectionConverter
23:36:07.709 [main] INFO  o.e.r.i.MethodCallReplacementClassAdapter - No hashCode defined for: org/springframework/core/convert/support/ArrayToCollectionConverter, superclass = java.lang.Object
23:36:07.709 [main] INFO  o.e.r.i.CreateClassResetClassAdapter - Creating brand-new static initializer in class org/springframework/core/convert/support/ArrayToCollectionConverter
23:36:07.710 [main] DEBUG o.e.r.agent.TransformerForTests - Going to instrument: org.springframework.web.context.WebApplicationContext
23:36:07.711 [main] DEBUG o.e.r.agent.TransformerForTests - Going to instrument: org.springframework.boot.logging.LogFile
23:36:07.711 [main] INFO  o.e.r.i.MethodCallReplacementClassAdapter - Adding mock interface to class org/springframework/boot/logging/LogFile
23:36:07.712 [main] INFO  o.e.r.i.MethodCallReplacementClassAdapter - No hashCode defined for: org/springframework/boot/logging/LogFile, superclass = java.lang.Object
23:36:07.712 [main] INFO  o.e.r.i.CreateClassResetClassAdapter - Creating brand-new static initializer in class org/springframework/boot/logging/LogFile
23:36:07.712 [main] INFO  o.e.r.i.CreateClassResetClassAdapter - Adding bytecode for initializing field FILE_PROPERTY
23:36:07.712 [main] INFO  o.e.r.i.CreateClassResetClassAdapter - Adding bytecode for initializing field PATH_PROPERTY
23:36:07.713 [main] DEBUG o.e.r.agent.TransformerForTests - Going to instrument: org.springframework.core.convert.support.StringToArrayConverter
23:36:07.713 [main] INFO  o.e.r.i.MethodCallReplacementClassAdapter - Adding mock interface to class org/springframework/core/convert/support/StringToArrayConverter
23:36:07.713 [main] INFO  o.e.r.i.MethodCallReplacementClassAdapter - No hashCode defined for: org/springframework/core/convert/support/StringToArrayConverter, superclass = java.lang.Object
23:36:07.713 [main] INFO  o.e.r.i.CreateClassResetClassAdapter - Creating brand-new static initializer in class org/springframework/core/convert/support/StringToArrayConverter
23:36:07.714 [main] DEBUG o.e.r.agent.TransformerForTests - Going to instrument: org.springframework.core.convert.support.ObjectToOptionalConverter
23:36:07.714 [main] INFO  o.e.r.i.MethodCallReplacementClassAdapter - Adding mock interface to class org/springframework/core/convert/support/ObjectToOptionalConverter
23:36:07.714 [main] INFO  o.e.r.i.MethodCallReplacementClassAdapter - No hashCode defined for: org/springframework/core/convert/support/ObjectToOptionalConverter, superclass = java.lang.Object
23:36:07.714 [main] INFO  o.e.r.i.CreateClassResetClassAdapter - Creating brand-new static initializer in class org/springframework/core/convert/support/ObjectToOptionalConverter
23:36:07.715 [main] DEBUG o.e.r.agent.TransformerForTests - Going to instrument: org.springframework.core.convert.support.ObjectToOptionalConverter$GenericTypeDescriptor
23:36:07.715 [main] INFO  o.e.r.i.MethodCallReplacementClassAdapter - Adding mock interface to class org/springframework/core/convert/support/ObjectToOptionalConverter$GenericTypeDescriptor
23:36:07.715 [main] INFO  o.e.r.i.MethodCallReplacementClassAdapter - No hashCode defined for: org/springframework/core/convert/support/ObjectToOptionalConverter$GenericTypeDescriptor, superclass = org.springframework.core.convert.TypeDescriptor
23:36:07.715 [main] INFO  o.e.r.i.CreateClassResetClassAdapter - Creating brand-new static initializer in class org/springframework/core/convert/support/ObjectToOptionalConverter$GenericTypeDescriptor
23:36:07.715 [main] DEBUG o.e.r.agent.TransformerForTests - Going to instrument: org.springframework.boot.bind.RelaxedPropertyResolver
23:36:07.715 [main] INFO  o.e.r.i.MethodCallReplacementClassAdapter - Adding mock interface to class org/springframework/boot/bind/RelaxedPropertyResolver
23:36:07.716 [main] INFO  o.e.r.i.MethodCallReplacementClassAdapter - No hashCode defined for: org/springframework/boot/bind/RelaxedPropertyResolver, superclass = java.lang.Object
23:36:07.716 [main] INFO  o.e.r.i.CreateClassResetClassAdapter - Creating brand-new static initializer in class org/springframework/boot/bind/RelaxedPropertyResolver
23:36:07.717 [main] DEBUG o.e.r.agent.TransformerForTests - Going to instrument: org.springframework.beans.ExtendedBeanInfo
23:36:07.717 [main] INFO  o.e.r.i.MethodCallReplacementClassAdapter - Adding mock interface to class org/springframework/beans/ExtendedBeanInfo
23:36:07.720 [main] INFO  o.e.r.i.CreateClassResetClassAdapter - Found static initializer in class org/springframework/beans/ExtendedBeanInfo
23:36:07.720 [main] INFO  o.e.r.i.MethodCallReplacementClassAdapter - No hashCode defined for: org/springframework/beans/ExtendedBeanInfo, superclass = java.lang.Object
23:36:07.721 [main] DEBUG o.e.r.agent.TransformerForTests - Going to instrument: org.springframework.core.annotation.OrderUtils
23:36:07.721 [main] INFO  o.e.r.i.MethodCallReplacementClassAdapter - Adding mock interface to class org/springframework/core/annotation/OrderUtils
23:36:07.721 [main] INFO  o.e.r.i.CreateClassResetClassAdapter - Found static initializer in class org/springframework/core/annotation/OrderUtils
23:36:07.721 [main] INFO  o.e.r.i.MethodCallReplacementClassAdapter - No hashCode defined for: org/springframework/core/annotation/OrderUtils, superclass = java.lang.Object
23:36:07.722 [main] DEBUG o.e.r.agent.TransformerForTests - Going to instrument: org.springframework.boot.context.config.ConfigFileApplicationListener$ConfigurationPropertySources
23:36:07.722 [main] INFO  o.e.r.i.MethodCallReplacementClassAdapter - Adding mock interface to class org/springframework/boot/context/config/ConfigFileApplicationListener$ConfigurationPropertySources
23:36:07.723 [main] INFO  o.e.r.i.MethodCallReplacementClassAdapter - No hashCode defined for: org/springframework/boot/context/config/ConfigFileApplicationListener$ConfigurationPropertySources, superclass = org.springframework.core.env.EnumerablePropertySource
23:36:07.723 [main] INFO  o.e.r.i.CreateClassResetClassAdapter - Creating brand-new static initializer in class org/springframework/boot/context/config/ConfigFileApplicationListener$ConfigurationPropertySources
23:36:07.724 [main] DEBUG o.e.r.agent.TransformerForTests - Going to instrument: org.springframework.core.convert.support.StringToCurrencyConverter
23:36:07.724 [main] INFO  o.e.r.i.MethodCallReplacementClassAdapter - Adding mock interface to class org/springframework/core/convert/support/StringToCurrencyConverter
23:36:07.724 [main] INFO  o.e.r.i.MethodCallReplacementClassAdapter - No hashCode defined for: org/springframework/core/convert/support/StringToCurrencyConverter, superclass = java.lang.Object
23:36:07.724 [main] INFO  o.e.r.i.CreateClassResetClassAdapter - Creating brand-new static initializer in class org/springframework/core/convert/support/StringToCurrencyConverter
23:36:07.725 [main] DEBUG o.e.r.agent.TransformerForTests - Going to instrument: org.springframework.boot.context.ConfigurationWarningsApplicationContextInitializer$Check
23:36:07.726 [main] DEBUG o.e.r.agent.TransformerForTests - Going to instrument: org.springframework.core.io.DefaultResourceLoader
23:36:07.726 [main] INFO  o.e.r.i.MethodCallReplacementClassAdapter - Adding mock interface to class org/springframework/core/io/DefaultResourceLoader
23:36:07.726 [main] INFO  o.e.r.i.MethodCallReplacementClassAdapter - No hashCode defined for: org/springframework/core/io/DefaultResourceLoader, superclass = java.lang.Object
23:36:07.726 [main] INFO  o.e.r.i.CreateClassResetClassAdapter - Creating brand-new static initializer in class org/springframework/core/io/DefaultResourceLoader
23:36:07.727 [main] DEBUG o.e.r.agent.TransformerForTests - Going to instrument: org.springframework.core.annotation.AnnotationUtils$AliasDescriptor
23:36:07.727 [main] INFO  o.e.r.i.MethodCallReplacementClassAdapter - Adding mock interface to class org/springframework/core/annotation/AnnotationUtils$AliasDescriptor
23:36:07.728 [main] INFO  o.e.r.i.MethodCallReplacementClassAdapter - No hashCode defined for: org/springframework/core/annotation/AnnotationUtils$AliasDescriptor, superclass = java.lang.Object
23:36:07.728 [main] INFO  o.e.r.i.CreateClassResetClassAdapter - Creating brand-new static initializer in class org/springframework/core/annotation/AnnotationUtils$AliasDescriptor
23:36:07.730 [main] DEBUG o.e.r.agent.TransformerForTests - Going to instrument: org.springframework.core.SerializableTypeWrapper$SerializableTypeProxy
23:36:07.731 [main] DEBUG o.e.r.agent.TransformerForTests - Going to instrument: org.springframework.boot.context.config.ConfigFileApplicationListener
23:36:07.731 [main] INFO  o.e.r.i.MethodCallReplacementClassAdapter - Adding mock interface to class org/springframework/boot/context/config/ConfigFileApplicationListener
23:36:07.732 [main] INFO  o.e.r.i.MethodCallReplacementClassAdapter - No hashCode defined for: org/springframework/boot/context/config/ConfigFileApplicationListener, superclass = java.lang.Object
23:36:07.733 [main] INFO  o.e.r.i.CreateClassResetClassAdapter - Creating brand-new static initializer in class org/springframework/boot/context/config/ConfigFileApplicationListener
23:36:07.733 [main] INFO  o.e.r.i.CreateClassResetClassAdapter - Adding bytecode for initializing field DEFAULT_PROPERTIES
23:36:07.733 [main] INFO  o.e.r.i.CreateClassResetClassAdapter - Adding bytecode for initializing field DEFAULT_SEARCH_LOCATIONS
23:36:07.734 [main] INFO  o.e.r.i.CreateClassResetClassAdapter - Adding bytecode for initializing field DEFAULT_NAMES
23:36:07.734 [main] INFO  o.e.r.i.CreateClassResetClassAdapter - Adding bytecode for initializing field ACTIVE_PROFILES_PROPERTY
23:36:07.734 [main] INFO  o.e.r.i.CreateClassResetClassAdapter - Adding bytecode for initializing field INCLUDE_PROFILES_PROPERTY
23:36:07.734 [main] INFO  o.e.r.i.CreateClassResetClassAdapter - Adding bytecode for initializing field CONFIG_NAME_PROPERTY
23:36:07.734 [main] INFO  o.e.r.i.CreateClassResetClassAdapter - Adding bytecode for initializing field CONFIG_LOCATION_PROPERTY
23:36:07.734 [main] INFO  o.e.r.i.CreateClassResetClassAdapter - Adding bytecode for initializing field DEFAULT_ORDER
23:36:07.734 [main] INFO  o.e.r.i.CreateClassResetClassAdapter - Adding bytecode for initializing field APPLICATION_CONFIGURATION_PROPERTY_SOURCE_NAME
23:36:07.735 [main] DEBUG o.e.r.agent.TransformerForTests - Going to instrument: org.springframework.boot.bind.RelaxedNames
23:36:07.735 [main] INFO  o.e.r.i.MethodCallReplacementClassAdapter - Adding mock interface to class org/springframework/boot/bind/RelaxedNames
23:36:07.736 [main] INFO  o.e.r.i.CreateClassResetClassAdapter - Found static initializer in class org/springframework/boot/bind/RelaxedNames
23:36:07.736 [main] INFO  o.e.r.i.MethodCallReplacementClassAdapter - No hashCode defined for: org/springframework/boot/bind/RelaxedNames, superclass = java.lang.Object
23:36:07.737 [main] DEBUG o.e.r.agent.TransformerForTests - Going to instrument: org.springframework.boot.context.web.ServerPortInfoApplicationContextInitializer
23:36:07.738 [main] INFO  o.e.r.i.MethodCallReplacementClassAdapter - Adding mock interface to class org/springframework/boot/context/web/ServerPortInfoApplicationContextInitializer
23:36:07.739 [main] INFO  o.e.r.i.MethodCallReplacementClassAdapter - No hashCode defined for: org/springframework/boot/context/web/ServerPortInfoApplicationContextInitializer, superclass = java.lang.Object
23:36:07.740 [main] INFO  o.e.r.i.CreateClassResetClassAdapter - Creating brand-new static initializer in class org/springframework/boot/context/web/ServerPortInfoApplicationContextInitializer
23:36:07.741 [main] DEBUG o.e.r.agent.TransformerForTests - Going to instrument: org.springframework.core.annotation.Order
23:36:07.741 [main] DEBUG o.e.r.agent.TransformerForTests - Going to instrument: org.springframework.boot.builder.ParentContextApplicationContextInitializer$ParentContextAvailableEvent
23:36:07.741 [main] INFO  o.e.r.i.MethodCallReplacementClassAdapter - Adding mock interface to class org/springframework/boot/builder/ParentContextApplicationContextInitializer$ParentContextAvailableEvent
23:36:07.742 [main] INFO  o.e.r.i.MethodCallReplacementClassAdapter - No hashCode defined for: org/springframework/boot/builder/ParentContextApplicationContextInitializer$ParentContextAvailableEvent, superclass = org.springframework.context.ApplicationEvent
23:36:07.742 [main] INFO  o.e.r.i.CreateClassResetClassAdapter - Creating brand-new static initializer in class org/springframework/boot/builder/ParentContextApplicationContextInitializer$ParentContextAvailableEvent
23:36:07.742 [main] DEBUG o.e.r.agent.TransformerForTests - Going to instrument: org.springframework.boot.DefaultApplicationArguments
23:36:07.742 [main] INFO  o.e.r.i.MethodCallReplacementClassAdapter - Adding mock interface to class org/springframework/boot/DefaultApplicationArguments
23:36:07.743 [main] INFO  o.e.r.i.MethodCallReplacementClassAdapter - No hashCode defined for: org/springframework/boot/DefaultApplicationArguments, superclass = java.lang.Object
23:36:07.743 [main] INFO  o.e.r.i.CreateClassResetClassAdapter - Creating brand-new static initializer in class org/springframework/boot/DefaultApplicationArguments
23:36:07.748 [main] DEBUG o.e.r.agent.TransformerForTests - Going to instrument: org.springframework.boot.context.config.ConfigFileApplicationListener$Loader
23:36:07.748 [main] INFO  o.e.r.i.MethodCallReplacementClassAdapter - Adding mock interface to class org/springframework/boot/context/config/ConfigFileApplicationListener$Loader
23:36:07.750 [main] INFO  o.e.r.i.MethodCallReplacementClassAdapter - No hashCode defined for: org/springframework/boot/context/config/ConfigFileApplicationListener$Loader, superclass = java.lang.Object
23:36:07.750 [main] INFO  o.e.r.i.CreateClassResetClassAdapter - Creating brand-new static initializer in class org/springframework/boot/context/config/ConfigFileApplicationListener$Loader
23:36:07.751 [main] DEBUG o.e.r.agent.TransformerForTests - Going to instrument: org.springframework.web.context.ConfigurableWebApplicationContext
23:36:07.752 [main] DEBUG o.e.r.agent.TransformerForTests - Going to instrument: org.springframework.boot.logging.DeferredLog$Line
23:36:07.752 [main] INFO  o.e.r.i.MethodCallReplacementClassAdapter - Adding mock interface to class org/springframework/boot/logging/DeferredLog$Line
23:36:07.753 [main] INFO  o.e.r.i.MethodCallReplacementClassAdapter - No hashCode defined for: org/springframework/boot/logging/DeferredLog$Line, superclass = java.lang.Object
23:36:07.753 [main] INFO  o.e.r.i.CreateClassResetClassAdapter - Creating brand-new static initializer in class org/springframework/boot/logging/DeferredLog$Line
23:36:07.753 [main] ERROR o.e.r.c.ClassStateSupport - Class com.rickhanberryfinal.HanberryFinalProjectApplication was not instrumented by EvoSuite. This could happen if you are running JUnit tests in a way that is not handled by EvoSuite, in which some classes are loaded be reflection before the tests are run. Consult the EvoSuite documentation for possible workarounds for this issue.
23:36:07.754 [main] DEBUG o.e.r.agent.TransformerForTests - Going to instrument: com.rickhanberryfinal.repository.AllergensRepository
23:36:07.755 [main] DEBUG o.e.r.agent.TransformerForTests - Going to instrument: org.springframework.data.jpa.repository.JpaRepository
23:36:07.757 [main] DEBUG o.e.r.agent.TransformerForTests - Going to instrument: org.springframework.data.repository.PagingAndSortingRepository
23:36:07.757 [main] DEBUG o.e.r.agent.TransformerForTests - Going to instrument: org.springframework.data.repository.CrudRepository
23:36:07.758 [main] DEBUG o.e.r.agent.TransformerForTests - Going to instrument: org.springframework.data.repository.Repository
23:36:07.758 [main] DEBUG o.e.r.agent.TransformerForTests - Going to instrument: com.rickhanberryfinal.services.AllergensService
23:36:07.759 [main] DEBUG o.e.r.agent.TransformerForTests - Going to instrument: com.rickhanberryfinal.services.impl.AllergensServiceImpl
23:36:07.759 [main] INFO  o.e.r.i.MethodCallReplacementClassAdapter - Adding mock interface to class com/rickhanberryfinal/services/impl/AllergensServiceImpl
23:36:07.759 [main] INFO  o.e.r.i.MethodCallReplacementClassAdapter - No hashCode defined for: com/rickhanberryfinal/services/impl/AllergensServiceImpl, superclass = java.lang.Object
23:36:07.759 [main] INFO  o.e.r.i.CreateClassResetClassAdapter - Creating brand-new static initializer in class com/rickhanberryfinal/services/impl/AllergensServiceImpl
23:36:07.760 [main] DEBUG o.e.r.agent.TransformerForTests - Going to instrument: org.springframework.transaction.annotation.Propagation
23:36:07.760 [main] INFO  o.e.r.i.MethodCallReplacementClassAdapter - Adding mock interface to class org/springframework/transaction/annotation/Propagation
23:36:07.761 [main] INFO  o.e.r.i.CreateClassResetClassAdapter - Found static initializer in class org/springframework/transaction/annotation/Propagation
23:36:07.761 [main] INFO  o.e.r.i.MethodCallReplacementClassAdapter - No hashCode defined for: org/springframework/transaction/annotation/Propagation, superclass = java.lang.Enum
23:36:07.761 [main] DEBUG o.e.r.agent.TransformerForTests - Going to instrument: org.springframework.stereotype.Service
23:36:07.762 [main] DEBUG o.e.r.agent.TransformerForTests - Going to instrument: com.rickhanberryfinal.entities.Allergens
23:36:07.762 [main] INFO  o.e.r.i.MethodCallReplacementClassAdapter - Adding mock interface to class com/rickhanberryfinal/entities/Allergens
23:36:07.762 [main] INFO  o.e.r.i.CreateClassResetClassAdapter - Creating brand-new static initializer in class com/rickhanberryfinal/entities/Allergens
23:36:07.763 [main] DEBUG o.e.r.agent.TransformerForTests - Going to instrument: org.springframework.transaction.annotation.Isolation
23:36:07.763 [main] INFO  o.e.r.i.MethodCallReplacementClassAdapter - Adding mock interface to class org/springframework/transaction/annotation/Isolation
23:36:07.763 [main] INFO  o.e.r.i.CreateClassResetClassAdapter - Found static initializer in class org/springframework/transaction/annotation/Isolation
23:36:07.763 [main] INFO  o.e.r.i.MethodCallReplacementClassAdapter - No hashCode defined for: org/springframework/transaction/annotation/Isolation, superclass = java.lang.Enum
23:36:07.764 [main] DEBUG o.e.r.agent.TransformerForTests - Going to instrument: org.springframework.transaction.annotation.Transactional
23:36:07.765 [main] DEBUG o.e.r.agent.TransformerForTests - Going to instrument: com.rickhanberryfinal.services.BakedGoodService
23:36:07.765 [main] DEBUG o.e.r.agent.TransformerForTests - Going to instrument: com.rickhanberryfinal.entities.BakedGood
23:36:07.766 [main] INFO  o.e.r.i.MethodCallReplacementClassAdapter - Adding mock interface to class com/rickhanberryfinal/entities/BakedGood
23:36:07.766 [main] INFO  o.e.r.i.CreateClassResetClassAdapter - Creating brand-new static initializer in class com/rickhanberryfinal/entities/BakedGood
23:36:07.767 [main] DEBUG o.e.r.agent.TransformerForTests - Going to instrument: com.rickhanberryfinal.services.impl.BakedGoodServiceImpl
23:36:07.767 [main] INFO  o.e.r.i.MethodCallReplacementClassAdapter - Adding mock interface to class com/rickhanberryfinal/services/impl/BakedGoodServiceImpl
23:36:07.767 [main] INFO  o.e.r.i.MethodCallReplacementClassAdapter - No hashCode defined for: com/rickhanberryfinal/services/impl/BakedGoodServiceImpl, superclass = java.lang.Object
23:36:07.767 [main] INFO  o.e.r.i.CreateClassResetClassAdapter - Creating brand-new static initializer in class com/rickhanberryfinal/services/impl/BakedGoodServiceImpl
23:36:07.768 [main] DEBUG o.e.r.agent.TransformerForTests - Going to instrument: com.rickhanberryfinal.repository.BakedGoodRepository
23:36:07.769 [main] DEBUG o.e.r.agent.TransformerForTests - Going to instrument: com.rickhanberryfinal.entities.BakeryCategory
23:36:07.769 [main] INFO  o.e.r.i.MethodCallReplacementClassAdapter - Adding mock interface to class com/rickhanberryfinal/entities/BakeryCategory
23:36:07.770 [main] INFO  o.e.r.i.CreateClassResetClassAdapter - Creating brand-new static initializer in class com/rickhanberryfinal/entities/BakeryCategory
23:36:07.771 [main] DEBUG o.e.r.agent.TransformerForTests - Going to instrument: com.rickhanberryfinal.services.BakeryCategoryService
23:36:07.772 [main] DEBUG o.e.r.agent.TransformerForTests - Going to instrument: org.springframework.data.repository.NoRepositoryBean
23:36:07.772 [main] DEBUG o.e.r.agent.TransformerForTests - Going to instrument: com.rickhanberryfinal.repository.BakeryCategoryRepository
23:36:07.773 [main] DEBUG o.e.r.agent.TransformerForTests - Going to instrument: com.rickhanberryfinal.services.impl.BakeryCategoryServiceImpl
23:36:07.773 [main] INFO  o.e.r.i.MethodCallReplacementClassAdapter - Adding mock interface to class com/rickhanberryfinal/services/impl/BakeryCategoryServiceImpl
23:36:07.773 [main] INFO  o.e.r.i.MethodCallReplacementClassAdapter - No hashCode defined for: com/rickhanberryfinal/services/impl/BakeryCategoryServiceImpl, superclass = java.lang.Object
23:36:07.773 [main] INFO  o.e.r.i.CreateClassResetClassAdapter - Creating brand-new static initializer in class com/rickhanberryfinal/services/impl/BakeryCategoryServiceImpl
23:36:07.774 [main] DEBUG o.e.r.agent.TransformerForTests - Going to instrument: org.springframework.stereotype.Repository
23:36:07.780 [main] DEBUG o.e.r.agent.TransformerForTests - Going to instrument: com.rickhanberryfinal.services.DrinkRecipeService
23:36:07.781 [main] DEBUG o.e.r.agent.TransformerForTests - Going to instrument: com.rickhanberryfinal.services.impl.DrinkRecipeServiceImpl
23:36:07.781 [main] INFO  o.e.r.i.MethodCallReplacementClassAdapter - Adding mock interface to class com/rickhanberryfinal/services/impl/DrinkRecipeServiceImpl
23:36:07.781 [main] INFO  o.e.r.i.MethodCallReplacementClassAdapter - No hashCode defined for: com/rickhanberryfinal/services/impl/DrinkRecipeServiceImpl, superclass = java.lang.Object
23:36:07.781 [main] INFO  o.e.r.i.CreateClassResetClassAdapter - Creating brand-new static initializer in class com/rickhanberryfinal/services/impl/DrinkRecipeServiceImpl
23:36:07.782 [main] DEBUG o.e.r.agent.TransformerForTests - Going to instrument: com.rickhanberryfinal.entities.DrinkRecipe
23:36:07.782 [main] INFO  o.e.r.i.MethodCallReplacementClassAdapter - Adding mock interface to class com/rickhanberryfinal/entities/DrinkRecipe
23:36:07.782 [main] INFO  o.e.r.i.CreateClassResetClassAdapter - Creating brand-new static initializer in class com/rickhanberryfinal/entities/DrinkRecipe
23:36:07.783 [main] DEBUG o.e.r.agent.TransformerForTests - Going to instrument: com.rickhanberryfinal.repository.DrinkRecipeRepository
23:36:07.784 [main] DEBUG o.e.r.agent.TransformerForTests - Going to instrument: com.rickhanberryfinal.services.IngredientsService
23:36:07.784 [main] DEBUG o.e.r.agent.TransformerForTests - Going to instrument: com.rickhanberryfinal.repository.IngredientsRepository
23:36:07.785 [main] DEBUG o.e.r.agent.TransformerForTests - Going to instrument: com.rickhanberryfinal.services.impl.IngredientsServiceImpl
23:36:07.785 [main] INFO  o.e.r.i.MethodCallReplacementClassAdapter - Adding mock interface to class com/rickhanberryfinal/services/impl/IngredientsServiceImpl
23:36:07.785 [main] INFO  o.e.r.i.MethodCallReplacementClassAdapter - No hashCode defined for: com/rickhanberryfinal/services/impl/IngredientsServiceImpl, superclass = java.lang.Object
23:36:07.785 [main] INFO  o.e.r.i.CreateClassResetClassAdapter - Creating brand-new static initializer in class com/rickhanberryfinal/services/impl/IngredientsServiceImpl
23:36:07.786 [main] DEBUG o.e.r.agent.TransformerForTests - Going to instrument: com.rickhanberryfinal.entities.Ingredients
23:36:07.786 [main] INFO  o.e.r.i.MethodCallReplacementClassAdapter - Adding mock interface to class com/rickhanberryfinal/entities/Ingredients
23:36:07.786 [main] INFO  o.e.r.i.CreateClassResetClassAdapter - Creating brand-new static initializer in class com/rickhanberryfinal/entities/Ingredients
23:36:07.787 [main] DEBUG o.e.r.agent.TransformerForTests - Going to instrument: com.rickhanberryfinal.services.impl.VendorServiceImpl
23:36:07.787 [main] INFO  o.e.r.i.MethodCallReplacementClassAdapter - Adding mock interface to class com/rickhanberryfinal/services/impl/VendorServiceImpl
23:36:07.788 [main] INFO  o.e.r.i.MethodCallReplacementClassAdapter - No hashCode defined for: com/rickhanberryfinal/services/impl/VendorServiceImpl, superclass = java.lang.Object
23:36:07.788 [main] INFO  o.e.r.i.CreateClassResetClassAdapter - Creating brand-new static initializer in class com/rickhanberryfinal/services/impl/VendorServiceImpl
23:36:07.788 [main] DEBUG o.e.r.agent.TransformerForTests - Going to instrument: com.rickhanberryfinal.services.VendorService
23:36:07.789 [main] DEBUG o.e.r.agent.TransformerForTests - Going to instrument: com.rickhanberryfinal.repository.VendorRepository
23:36:07.789 [main] DEBUG o.e.r.agent.TransformerForTests - Going to instrument: com.rickhanberryfinal.entities.Vendor
23:36:07.789 [main] INFO  o.e.r.i.MethodCallReplacementClassAdapter - Adding mock interface to class com/rickhanberryfinal/entities/Vendor
23:36:07.789 [main] INFO  o.e.r.i.CreateClassResetClassAdapter - Creating brand-new static initializer in class com/rickhanberryfinal/entities/Vendor
23:36:07.790 [main] DEBUG o.e.r.agent.TransformerForTests - Going to instrument: org.springframework.util.comparator.InvertibleComparator
23:36:07.790 [main] INFO  o.e.r.i.MethodCallReplacementClassAdapter - Adding mock interface to class org/springframework/util/comparator/InvertibleComparator
23:36:07.791 [main] INFO  o.e.r.i.CreateClassResetClassAdapter - Creating brand-new static initializer in class org/springframework/util/comparator/InvertibleComparator
23:36:07.792 [main] DEBUG o.e.r.agent.TransformerForTests - Going to instrument: org.springframework.http.HttpStatus$Series
23:36:07.792 [main] INFO  o.e.r.i.MethodCallReplacementClassAdapter - Adding mock interface to class org/springframework/http/HttpStatus$Series
23:36:07.793 [main] INFO  o.e.r.i.CreateClassResetClassAdapter - Found static initializer in class org/springframework/http/HttpStatus$Series
23:36:07.793 [main] INFO  o.e.r.i.MethodCallReplacementClassAdapter - No hashCode defined for: org/springframework/http/HttpStatus$Series, superclass = java.lang.Enum
23:36:07.794 [main] DEBUG o.e.r.agent.TransformerForTests - Going to instrument: org.springframework.web.bind.annotation.RequestMapping
23:36:07.795 [main] DEBUG o.e.r.agent.TransformerForTests - Going to instrument: org.springframework.stereotype.Controller
23:36:07.795 [main] DEBUG o.e.r.agent.TransformerForTests - Going to instrument: org.springframework.http.ResponseEntity$BodyBuilder
23:36:07.796 [main] DEBUG o.e.r.agent.TransformerForTests - Going to instrument: org.springframework.http.ResponseEntity$HeadersBuilder
23:36:07.796 [main] DEBUG o.e.r.agent.TransformerForTests - Going to instrument: org.springframework.http.HttpRange$ByteRange
23:36:07.796 [main] INFO  o.e.r.i.MethodCallReplacementClassAdapter - Adding mock interface to class org/springframework/http/HttpRange$ByteRange
23:36:07.798 [main] INFO  o.e.r.i.CreateClassResetClassAdapter - Creating brand-new static initializer in class org/springframework/http/HttpRange$ByteRange
23:36:07.798 [main] DEBUG o.e.r.agent.TransformerForTests - Going to instrument: org.springframework.http.HttpRange
23:36:07.798 [main] INFO  o.e.r.i.MethodCallReplacementClassAdapter - Adding mock interface to class org/springframework/http/HttpRange
23:36:07.799 [main] INFO  o.e.r.i.MethodCallReplacementClassAdapter - No hashCode defined for: org/springframework/http/HttpRange, superclass = java.lang.Object
23:36:07.800 [main] INFO  o.e.r.i.CreateClassResetClassAdapter - Creating brand-new static initializer in class org/springframework/http/HttpRange
23:36:07.800 [main] INFO  o.e.r.i.CreateClassResetClassAdapter - Adding bytecode for initializing field BYTE_RANGE_PREFIX
23:36:07.800 [main] DEBUG o.e.r.agent.TransformerForTests - Going to instrument: org.springframework.http.HttpRange$SuffixByteRange
23:36:07.801 [main] INFO  o.e.r.i.MethodCallReplacementClassAdapter - Adding mock interface to class org/springframework/http/HttpRange$SuffixByteRange
23:36:07.802 [main] INFO  o.e.r.i.CreateClassResetClassAdapter - Creating brand-new static initializer in class org/springframework/http/HttpRange$SuffixByteRange
23:36:07.803 [main] DEBUG o.e.r.agent.TransformerForTests - Going to instrument: org.springframework.http.ResponseEntity$DefaultBuilder
23:36:07.803 [main] INFO  o.e.r.i.MethodCallReplacementClassAdapter - Adding mock interface to class org/springframework/http/ResponseEntity$DefaultBuilder
23:36:07.804 [main] INFO  o.e.r.i.MethodCallReplacementClassAdapter - No hashCode defined for: org/springframework/http/ResponseEntity$DefaultBuilder, superclass = java.lang.Object
23:36:07.804 [main] INFO  o.e.r.i.CreateClassResetClassAdapter - Creating brand-new static initializer in class org/springframework/http/ResponseEntity$DefaultBuilder
23:36:07.805 [main] DEBUG o.e.r.agent.TransformerForTests - Going to instrument: org.springframework.web.bind.annotation.RequestMethod
23:36:07.805 [main] INFO  o.e.r.i.MethodCallReplacementClassAdapter - Adding mock interface to class org/springframework/web/bind/annotation/RequestMethod
23:36:07.805 [main] INFO  o.e.r.i.CreateClassResetClassAdapter - Found static initializer in class org/springframework/web/bind/annotation/RequestMethod
23:36:07.805 [main] INFO  o.e.r.i.MethodCallReplacementClassAdapter - No hashCode defined for: org/springframework/web/bind/annotation/RequestMethod, superclass = java.lang.Enum
23:36:07.806 [main] DEBUG o.e.r.agent.TransformerForTests - Going to instrument: org.springframework.web.bind.annotation.ResponseBody
23:36:07.806 [main] DEBUG o.e.r.agent.TransformerForTests - Going to instrument: org.springframework.web.bind.annotation.RestController
23:36:07.807 [main] DEBUG o.e.r.agent.TransformerForTests - Going to instrument: org.springframework.http.HttpStatus
23:36:07.807 [main] INFO  o.e.r.i.MethodCallReplacementClassAdapter - Adding mock interface to class org/springframework/http/HttpStatus
23:36:07.810 [main] INFO  o.e.r.i.CreateClassResetClassAdapter - Found static initializer in class org/springframework/http/HttpStatus
23:36:07.811 [main] INFO  o.e.r.i.MethodCallReplacementClassAdapter - No hashCode defined for: org/springframework/http/HttpStatus, superclass = java.lang.Enum
23:36:07.814 [main] DEBUG o.e.r.agent.TransformerForTests - Going to instrument: org.springframework.util.comparator.CompoundComparator
23:36:07.818 [main] INFO  o.e.r.i.MethodCallReplacementClassAdapter - Adding mock interface to class org/springframework/util/comparator/CompoundComparator
23:36:07.819 [main] INFO  o.e.r.i.CreateClassResetClassAdapter - Creating brand-new static initializer in class org/springframework/util/comparator/CompoundComparator
23:36:07.820 [main] DEBUG o.e.r.agent.TransformerForTests - Going to instrument: com.rickhanberryfinal.webservices.AllergensWebService
23:36:07.821 [main] INFO  o.e.r.i.MethodCallReplacementClassAdapter - Adding mock interface to class com/rickhanberryfinal/webservices/AllergensWebService
23:36:07.822 [main] INFO  o.e.r.i.MethodCallReplacementClassAdapter - No hashCode defined for: com/rickhanberryfinal/webservices/AllergensWebService, superclass = java.lang.Object
23:36:07.822 [main] INFO  o.e.r.i.CreateClassResetClassAdapter - Creating brand-new static initializer in class com/rickhanberryfinal/webservices/AllergensWebService
23:36:07.823 [main] DEBUG o.e.r.agent.TransformerForTests - Going to instrument: org.springframework.http.ResponseEntity
23:36:07.824 [main] INFO  o.e.r.i.MethodCallReplacementClassAdapter - Adding mock interface to class org/springframework/http/ResponseEntity
23:36:07.824 [main] INFO  o.e.r.i.CreateClassResetClassAdapter - Creating brand-new static initializer in class org/springframework/http/ResponseEntity
23:36:07.825 [main] DEBUG o.e.r.agent.TransformerForTests - Going to instrument: org.springframework.web.bind.annotation.Mapping
23:36:07.827 [main] DEBUG o.e.r.agent.TransformerForTests - Going to instrument: com.rickhanberryfinal.webservices.BakedGoodWebService
23:36:07.827 [main] INFO  o.e.r.i.MethodCallReplacementClassAdapter - Adding mock interface to class com/rickhanberryfinal/webservices/BakedGoodWebService
23:36:07.828 [main] INFO  o.e.r.i.MethodCallReplacementClassAdapter - No hashCode defined for: com/rickhanberryfinal/webservices/BakedGoodWebService, superclass = java.lang.Object
23:36:07.828 [main] INFO  o.e.r.i.CreateClassResetClassAdapter - Creating brand-new static initializer in class com/rickhanberryfinal/webservices/BakedGoodWebService
23:36:07.830 [main] DEBUG o.e.r.agent.TransformerForTests - Going to instrument: com.rickhanberryfinal.webservices.BakeryCategoryWebService
23:36:07.830 [main] INFO  o.e.r.i.MethodCallReplacementClassAdapter - Adding mock interface to class com/rickhanberryfinal/webservices/BakeryCategoryWebService
23:36:07.831 [main] INFO  o.e.r.i.MethodCallReplacementClassAdapter - No hashCode defined for: com/rickhanberryfinal/webservices/BakeryCategoryWebService, superclass = java.lang.Object
23:36:07.831 [main] INFO  o.e.r.i.CreateClassResetClassAdapter - Creating brand-new static initializer in class com/rickhanberryfinal/webservices/BakeryCategoryWebService
23:36:07.834 [main] DEBUG o.e.r.agent.TransformerForTests - Going to instrument: com.rickhanberryfinal.webservices.DrinkRecipeWebService
23:36:07.834 [main] INFO  o.e.r.i.MethodCallReplacementClassAdapter - Adding mock interface to class com/rickhanberryfinal/webservices/DrinkRecipeWebService
23:36:07.835 [main] INFO  o.e.r.i.MethodCallReplacementClassAdapter - No hashCode defined for: com/rickhanberryfinal/webservices/DrinkRecipeWebService, superclass = java.lang.Object
23:36:07.835 [main] INFO  o.e.r.i.CreateClassResetClassAdapter - Creating brand-new static initializer in class com/rickhanberryfinal/webservices/DrinkRecipeWebService
23:36:07.836 [main] DEBUG o.e.r.agent.TransformerForTests - Going to instrument: com.rickhanberryfinal.entities.UnitOfMeasure
23:36:07.837 [main] INFO  o.e.r.i.MethodCallReplacementClassAdapter - Adding mock interface to class com/rickhanberryfinal/entities/UnitOfMeasure
23:36:07.837 [main] INFO  o.e.r.i.CreateClassResetClassAdapter - Creating brand-new static initializer in class com/rickhanberryfinal/entities/UnitOfMeasure
23:36:07.838 [main] DEBUG o.e.r.agent.TransformerForTests - Going to instrument: com.rickhanberryfinal.webservices.IngredientsWebService
23:36:07.838 [main] INFO  o.e.r.i.MethodCallReplacementClassAdapter - Adding mock interface to class com/rickhanberryfinal/webservices/IngredientsWebService
23:36:07.839 [main] INFO  o.e.r.i.MethodCallReplacementClassAdapter - No hashCode defined for: com/rickhanberryfinal/webservices/IngredientsWebService, superclass = java.lang.Object
23:36:07.839 [main] INFO  o.e.r.i.CreateClassResetClassAdapter - Creating brand-new static initializer in class com/rickhanberryfinal/webservices/IngredientsWebService
23:36:07.840 [main] DEBUG o.e.r.agent.TransformerForTests - Going to instrument: com.rickhanberryfinal.webservices.UnitOfMeasureWebService
23:36:07.841 [main] INFO  o.e.r.i.MethodCallReplacementClassAdapter - Adding mock interface to class com/rickhanberryfinal/webservices/UnitOfMeasureWebService
23:36:07.841 [main] INFO  o.e.r.i.MethodCallReplacementClassAdapter - No hashCode defined for: com/rickhanberryfinal/webservices/UnitOfMeasureWebService, superclass = java.lang.Object
23:36:07.841 [main] INFO  o.e.r.i.CreateClassResetClassAdapter - Creating brand-new static initializer in class com/rickhanberryfinal/webservices/UnitOfMeasureWebService
23:36:07.842 [main] DEBUG o.e.r.agent.TransformerForTests - Going to instrument: com.rickhanberryfinal.services.UnitOfMeasureService
23:36:07.844 [main] DEBUG o.e.r.agent.TransformerForTests - Going to instrument: com.rickhanberryfinal.webservices.VendorWebService
23:36:07.845 [main] INFO  o.e.r.i.MethodCallReplacementClassAdapter - Adding mock interface to class com/rickhanberryfinal/webservices/VendorWebService
23:36:07.845 [main] INFO  o.e.r.i.MethodCallReplacementClassAdapter - No hashCode defined for: com/rickhanberryfinal/webservices/VendorWebService, superclass = java.lang.Object
23:36:07.845 [main] INFO  o.e.r.i.CreateClassResetClassAdapter - Creating brand-new static initializer in class com/rickhanberryfinal/webservices/VendorWebService
23:36:07.868 [main] INFO  o.e.r.instrumentation.EvoClassLoader - Seeing class for first time: com.rickhanberryfinal.config.ResourceConfig_ESTest
23:36:07.868 [main] INFO  o.e.r.instrumentation.EvoClassLoader - Instrumenting class 'com.rickhanberryfinal.config.ResourceConfig_ESTest'.
23:36:07.879 [main] INFO  o.e.r.instrumentation.EvoClassLoader - Seeing class for first time: com.rickhanberryfinal.config.ResourceConfig_ESTest_scaffolding
23:36:07.879 [main] INFO  o.e.r.instrumentation.EvoClassLoader - Instrumenting class 'com.rickhanberryfinal.config.ResourceConfig_ESTest_scaffolding'.
23:36:07.881 [main] INFO  o.e.r.instrumentation.EvoClassLoader - Keeping class: com.rickhanberryfinal.config.ResourceConfig_ESTest_scaffolding
23:36:07.881 [main] INFO  o.e.r.instrumentation.EvoClassLoader - Keeping class: com.rickhanberryfinal.config.ResourceConfig_ESTest
23:36:09.830 [main] DEBUG o.e.runtime.sandbox.MSecurityManager - Adding privileged thread: "Reference Handler"
23:36:09.831 [main] DEBUG o.e.runtime.sandbox.MSecurityManager - Adding privileged thread: "Finalizer"
23:36:09.831 [main] DEBUG o.e.runtime.sandbox.MSecurityManager - Adding privileged thread: "Signal Dispatcher"
23:36:09.831 [main] DEBUG o.e.runtime.sandbox.MSecurityManager - Adding privileged thread: "Attach Listener"
23:36:09.831 [main] DEBUG o.e.runtime.sandbox.MSecurityManager - Adding privileged thread: "AppKit Thread"
23:36:09.831 [main] DEBUG o.e.runtime.sandbox.MSecurityManager - Adding privileged thread: "Java2D Queue Flusher"
23:36:09.831 [main] DEBUG o.e.runtime.sandbox.MSecurityManager - Adding privileged thread: "AWT-Shutdown"
23:36:09.832 [main] DEBUG o.e.runtime.sandbox.MSecurityManager - Adding privileged thread: "Java2D Disposer"
23:36:09.832 [main] DEBUG o.e.runtime.sandbox.MSecurityManager - Adding privileged thread: "main"
23:36:09.835 [main] INFO  o.e.r.instrumentation.EvoClassLoader - Seeing class for first time: org.springframework.validation.Validator
23:36:09.835 [main] INFO  o.e.r.instrumentation.EvoClassLoader - Instrumenting class 'org.springframework.validation.Validator'.
23:36:09.837 [main] DEBUG o.e.r.agent.TransformerForTests - Going to instrument: org.springframework.validation.Validator
23:36:09.837 [main] INFO  o.e.r.instrumentation.EvoClassLoader - Keeping class: org.springframework.validation.Validator
23:36:09.838 [main] INFO  o.e.r.instrumentation.EvoClassLoader - Seeing class for first time: org.springframework.http.converter.support.AllEncompassingFormHttpMessageConverter
23:36:09.838 [main] INFO  o.e.r.instrumentation.EvoClassLoader - Instrumenting class 'org.springframework.http.converter.support.AllEncompassingFormHttpMessageConverter'.
23:36:09.839 [main] INFO  o.e.r.i.MethodCallReplacementClassAdapter - Adding mock interface to class org/springframework/http/converter/support/AllEncompassingFormHttpMessageConverter
23:36:09.840 [main] INFO  o.e.r.i.CreateClassResetClassAdapter - Found static initializer in class org/springframework/http/converter/support/AllEncompassingFormHttpMessageConverter
23:36:09.844 [main] INFO  o.e.r.i.MethodCallReplacementClassAdapter - No hashCode defined for: org/springframework/http/converter/support/AllEncompassingFormHttpMessageConverter, superclass = org.springframework.http.converter.FormHttpMessageConverter
23:36:09.845 [main] DEBUG o.e.r.agent.TransformerForTests - Going to instrument: org.springframework.http.converter.support.AllEncompassingFormHttpMessageConverter
23:36:09.845 [main] INFO  o.e.r.i.CreateClassResetClassAdapter - Found static initializer in class org/springframework/http/converter/support/AllEncompassingFormHttpMessageConverter
23:36:09.847 [main] INFO  o.e.r.i.MethodCallReplacementClassAdapter - No hashCode defined for: org/springframework/http/converter/support/AllEncompassingFormHttpMessageConverter, superclass = org.springframework.http.converter.FormHttpMessageConverter
23:36:09.847 [main] INFO  o.e.r.instrumentation.EvoClassLoader - Error while loading class: java.lang.ClassFormatError: Duplicate method name&signature in class file org/springframework/http/converter/support/AllEncompassingFormHttpMessageConverter
23:36:09.847 [main] ERROR o.e.r.c.ClassStateSupport - Could not initialize org.springframework.http.converter.support.AllEncompassingFormHttpMessageConverter: Duplicate method name&signature in class file org/springframework/http/converter/support/AllEncompassingFormHttpMessageConverter
23:36:09.847 [main] INFO  o.e.r.instrumentation.EvoClassLoader - Seeing class for first time: org.springframework.context.ApplicationContextException
23:36:09.847 [main] INFO  o.e.r.instrumentation.EvoClassLoader - Instrumenting class 'org.springframework.context.ApplicationContextException'.
23:36:09.848 [main] INFO  o.e.r.i.MethodCallReplacementClassAdapter - Adding mock interface to class org/springframework/context/ApplicationContextException
23:36:09.849 [main] INFO  o.e.r.i.MethodCallReplacementClassAdapter - No hashCode defined for: org/springframework/context/ApplicationContextException, superclass = org.springframework.beans.FatalBeanException
23:36:09.849 [main] INFO  o.e.r.i.CreateClassResetClassAdapter - Creating brand-new static initializer in class org/springframework/context/ApplicationContextException
23:36:09.849 [main] DEBUG o.e.r.agent.TransformerForTests - Going to instrument: org.springframework.context.ApplicationContextException
23:36:09.849 [main] INFO  o.e.r.i.MethodCallReplacementClassAdapter - No hashCode defined for: org/springframework/context/ApplicationContextException, superclass = org.springframework.beans.FatalBeanException
23:36:09.849 [main] INFO  o.e.r.instrumentation.EvoClassLoader - Seeing class for first time: org.springframework.beans.FatalBeanException
23:36:09.849 [main] INFO  o.e.r.instrumentation.EvoClassLoader - Instrumenting class 'org.springframework.beans.FatalBeanException'.
23:36:09.850 [main] INFO  o.e.r.i.MethodCallReplacementClassAdapter - Adding mock interface to class org/springframework/beans/FatalBeanException
23:36:09.850 [main] INFO  o.e.r.i.MethodCallReplacementClassAdapter - No hashCode defined for: org/springframework/beans/FatalBeanException, superclass = org.springframework.beans.BeansException
23:36:09.850 [main] INFO  o.e.r.i.CreateClassResetClassAdapter - Creating brand-new static initializer in class org/springframework/beans/FatalBeanException
23:36:09.850 [main] DEBUG o.e.r.agent.TransformerForTests - Going to instrument: org.springframework.beans.FatalBeanException
23:36:09.851 [main] INFO  o.e.r.i.MethodCallReplacementClassAdapter - No hashCode defined for: org/springframework/beans/FatalBeanException, superclass = org.springframework.beans.BeansException
23:36:09.851 [main] INFO  o.e.r.instrumentation.EvoClassLoader - Seeing class for first time: org.springframework.beans.BeansException
23:36:09.851 [main] INFO  o.e.r.instrumentation.EvoClassLoader - Instrumenting class 'org.springframework.beans.BeansException'.
23:36:09.852 [main] INFO  o.e.r.i.MethodCallReplacementClassAdapter - Adding mock interface to class org/springframework/beans/BeansException
23:36:09.855 [main] INFO  o.e.r.i.CreateClassResetClassAdapter - Creating brand-new static initializer in class org/springframework/beans/BeansException
23:36:09.856 [main] DEBUG o.e.r.agent.TransformerForTests - Going to instrument: org.springframework.beans.BeansException
23:36:09.856 [main] INFO  o.e.r.instrumentation.EvoClassLoader - Seeing class for first time: org.springframework.core.NestedRuntimeException
23:36:09.856 [main] INFO  o.e.r.instrumentation.EvoClassLoader - Instrumenting class 'org.springframework.core.NestedRuntimeException'.
23:36:09.857 [main] INFO  o.e.r.i.MethodCallReplacementClassAdapter - Adding mock interface to class org/springframework/core/NestedRuntimeException
23:36:09.859 [main] INFO  o.e.r.i.CreateClassResetClassAdapter - Found static initializer in class org/springframework/core/NestedRuntimeException
23:36:09.860 [main] INFO  o.e.r.i.MethodCallReplacementClassAdapter - No hashCode defined for: org/springframework/core/NestedRuntimeException, superclass = java.lang.RuntimeException
23:36:09.862 [main] DEBUG o.e.r.agent.TransformerForTests - Going to instrument: org.springframework.core.NestedRuntimeException
23:36:09.863 [main] INFO  o.e.r.i.CreateClassResetClassAdapter - Found static initializer in class org/springframework/core/NestedRuntimeException
23:36:09.864 [main] INFO  o.e.r.i.MethodCallReplacementClassAdapter - No hashCode defined for: org/springframework/core/NestedRuntimeException, superclass = org.evosuite.runtime.mock.java.lang.MockRuntimeException
23:36:09.864 [main] INFO  o.e.r.instrumentation.EvoClassLoader - Error while loading class: java.lang.ClassFormatError: Duplicate method name&signature in class file org/springframework/core/NestedRuntimeException
23:36:09.864 [main] INFO  o.e.r.instrumentation.EvoClassLoader - Error while loading class: java.lang.NoClassDefFoundError: org/springframework/core/NestedRuntimeException
23:36:09.865 [main] INFO  o.e.r.instrumentation.EvoClassLoader - Error while loading class: java.lang.NoClassDefFoundError: org/springframework/beans/BeansException
23:36:09.869 [main] INFO  o.e.r.instrumentation.EvoClassLoader - Error while loading class: java.lang.NoClassDefFoundError: org/springframework/beans/FatalBeanException
23:36:09.869 [main] ERROR o.e.r.c.ClassStateSupport - Could not initialize org.springframework.context.ApplicationContextException: org/springframework/beans/FatalBeanException
23:36:09.870 [main] INFO  o.e.r.instrumentation.EvoClassLoader - Seeing class for first time: org.springframework.http.converter.ResourceHttpMessageConverter
23:36:09.870 [main] INFO  o.e.r.instrumentation.EvoClassLoader - Instrumenting class 'org.springframework.http.converter.ResourceHttpMessageConverter'.
23:36:09.871 [main] INFO  o.e.r.i.MethodCallReplacementClassAdapter - Adding mock interface to class org/springframework/http/converter/ResourceHttpMessageConverter
23:36:09.874 [main] INFO  o.e.r.i.CreateClassResetClassAdapter - Found static initializer in class org/springframework/http/converter/ResourceHttpMessageConverter
23:36:09.874 [main] INFO  o.e.r.i.MethodCallReplacementClassAdapter - No hashCode defined for: org/springframework/http/converter/ResourceHttpMessageConverter, superclass = org.springframework.http.converter.AbstractHttpMessageConverter
23:36:09.874 [main] DEBUG o.e.r.agent.TransformerForTests - Going to instrument: org.springframework.http.converter.ResourceHttpMessageConverter
23:36:09.876 [main] INFO  o.e.r.i.CreateClassResetClassAdapter - Found static initializer in class org/springframework/http/converter/ResourceHttpMessageConverter
23:36:09.877 [main] INFO  o.e.r.i.MethodCallReplacementClassAdapter - No hashCode defined for: org/springframework/http/converter/ResourceHttpMessageConverter, superclass = org.springframework.http.converter.AbstractHttpMessageConverter
23:36:09.877 [main] INFO  o.e.r.instrumentation.EvoClassLoader - Error while loading class: java.lang.ClassFormatError: Duplicate method name&signature in class file org/springframework/http/converter/ResourceHttpMessageConverter
23:36:09.877 [main] ERROR o.e.r.c.ClassStateSupport - Could not initialize org.springframework.http.converter.ResourceHttpMessageConverter: Duplicate method name&signature in class file org/springframework/http/converter/ResourceHttpMessageConverter
23:36:09.878 [main] INFO  o.e.r.instrumentation.EvoClassLoader - Seeing class for first time: org.springframework.boot.autoconfigure.web.ResourceProperties$Fixed
23:36:09.878 [main] INFO  o.e.r.instrumentation.EvoClassLoader - Instrumenting class 'org.springframework.boot.autoconfigure.web.ResourceProperties$Fixed'.
23:36:09.879 [main] INFO  o.e.r.i.MethodCallReplacementClassAdapter - Adding mock interface to class org/springframework/boot/autoconfigure/web/ResourceProperties$Fixed
23:36:09.879 [main] INFO  o.e.r.i.MethodCallReplacementClassAdapter - No hashCode defined for: org/springframework/boot/autoconfigure/web/ResourceProperties$Fixed, superclass = java.lang.Object
23:36:09.879 [main] INFO  o.e.r.i.CreateClassResetClassAdapter - Creating brand-new static initializer in class org/springframework/boot/autoconfigure/web/ResourceProperties$Fixed
23:36:09.880 [main] DEBUG o.e.r.agent.TransformerForTests - Going to instrument: org.springframework.boot.autoconfigure.web.ResourceProperties$Fixed
23:36:09.880 [main] INFO  o.e.r.instrumentation.EvoClassLoader - Keeping class: org.springframework.boot.autoconfigure.web.ResourceProperties$Fixed
23:36:09.882 [main] INFO  o.e.r.instrumentation.EvoClassLoader - Seeing class for first time: org.springframework.web.filter.GenericFilterBean
23:36:09.882 [main] INFO  o.e.r.instrumentation.EvoClassLoader - Instrumenting class 'org.springframework.web.filter.GenericFilterBean'.
23:36:09.883 [main] INFO  o.e.r.i.MethodCallReplacementClassAdapter - Adding mock interface to class org/springframework/web/filter/GenericFilterBean
23:36:09.884 [main] INFO  o.e.r.i.MethodCallReplacementClassAdapter - No hashCode defined for: org/springframework/web/filter/GenericFilterBean, superclass = java.lang.Object
23:36:09.884 [main] INFO  o.e.r.i.CreateClassResetClassAdapter - Creating brand-new static initializer in class org/springframework/web/filter/GenericFilterBean
23:36:09.885 [main] DEBUG o.e.r.agent.TransformerForTests - Going to instrument: org.springframework.web.filter.GenericFilterBean
23:36:09.886 [main] INFO  o.e.r.instrumentation.EvoClassLoader - Seeing class for first time: org.springframework.beans.factory.BeanNameAware
23:36:09.886 [main] INFO  o.e.r.instrumentation.EvoClassLoader - Instrumenting class 'org.springframework.beans.factory.BeanNameAware'.
23:36:09.887 [main] DEBUG o.e.r.agent.TransformerForTests - Going to instrument: org.springframework.beans.factory.BeanNameAware
23:36:09.887 [main] INFO  o.e.r.instrumentation.EvoClassLoader - Seeing class for first time: org.springframework.beans.factory.Aware
23:36:09.887 [main] INFO  o.e.r.instrumentation.EvoClassLoader - Instrumenting class 'org.springframework.beans.factory.Aware'.
23:36:09.888 [main] DEBUG o.e.r.agent.TransformerForTests - Going to instrument: org.springframework.beans.factory.Aware
23:36:09.889 [main] INFO  o.e.r.instrumentation.EvoClassLoader - Keeping class: org.springframework.beans.factory.Aware
23:36:09.889 [main] INFO  o.e.r.instrumentation.EvoClassLoader - Keeping class: org.springframework.beans.factory.BeanNameAware
23:36:09.889 [main] INFO  o.e.r.instrumentation.EvoClassLoader - Seeing class for first time: org.springframework.context.EnvironmentAware
23:36:09.889 [main] INFO  o.e.r.instrumentation.EvoClassLoader - Instrumenting class 'org.springframework.context.EnvironmentAware'.
23:36:09.890 [main] DEBUG o.e.r.agent.TransformerForTests - Going to instrument: org.springframework.context.EnvironmentAware
23:36:09.891 [main] INFO  o.e.r.instrumentation.EvoClassLoader - Keeping class: org.springframework.context.EnvironmentAware
23:36:09.891 [main] INFO  o.e.r.instrumentation.EvoClassLoader - Seeing class for first time: org.springframework.web.context.ServletContextAware
23:36:09.891 [main] INFO  o.e.r.instrumentation.EvoClassLoader - Instrumenting class 'org.springframework.web.context.ServletContextAware'.
23:36:09.892 [main] DEBUG o.e.r.agent.TransformerForTests - Going to instrument: org.springframework.web.context.ServletContextAware
23:36:09.893 [main] INFO  o.e.r.instrumentation.EvoClassLoader - Keeping class: org.springframework.web.context.ServletContextAware
23:36:09.893 [main] INFO  o.e.r.instrumentation.EvoClassLoader - Seeing class for first time: org.springframework.beans.factory.InitializingBean
23:36:09.893 [main] INFO  o.e.r.instrumentation.EvoClassLoader - Instrumenting class 'org.springframework.beans.factory.InitializingBean'.
23:36:09.894 [main] DEBUG o.e.r.agent.TransformerForTests - Going to instrument: org.springframework.beans.factory.InitializingBean
23:36:09.894 [main] INFO  o.e.r.instrumentation.EvoClassLoader - Keeping class: org.springframework.beans.factory.InitializingBean
23:36:09.894 [main] INFO  o.e.r.instrumentation.EvoClassLoader - Seeing class for first time: org.springframework.beans.factory.DisposableBean
23:36:09.894 [main] INFO  o.e.r.instrumentation.EvoClassLoader - Instrumenting class 'org.springframework.beans.factory.DisposableBean'.
23:36:09.896 [main] DEBUG o.e.r.agent.TransformerForTests - Going to instrument: org.springframework.beans.factory.DisposableBean
23:36:09.896 [main] INFO  o.e.r.instrumentation.EvoClassLoader - Keeping class: org.springframework.beans.factory.DisposableBean
23:36:09.896 [main] INFO  o.e.r.instrumentation.EvoClassLoader - Keeping class: org.springframework.web.filter.GenericFilterBean
23:36:09.897 [main] INFO  o.e.r.instrumentation.EvoClassLoader - Seeing class for first time: org.springframework.core.env.Environment
23:36:09.897 [main] INFO  o.e.r.instrumentation.EvoClassLoader - Instrumenting class 'org.springframework.core.env.Environment'.
23:36:09.898 [main] DEBUG o.e.r.agent.TransformerForTests - Going to instrument: org.springframework.core.env.Environment
23:36:09.898 [main] INFO  o.e.r.instrumentation.EvoClassLoader - Seeing class for first time: org.springframework.core.env.PropertyResolver
23:36:09.899 [main] INFO  o.e.r.instrumentation.EvoClassLoader - Instrumenting class 'org.springframework.core.env.PropertyResolver'.
23:36:09.900 [main] DEBUG o.e.r.agent.TransformerForTests - Going to instrument: org.springframework.core.env.PropertyResolver
23:36:09.900 [main] INFO  o.e.r.instrumentation.EvoClassLoader - Keeping class: org.springframework.core.env.PropertyResolver
23:36:09.900 [main] INFO  o.e.r.instrumentation.EvoClassLoader - Keeping class: org.springframework.core.env.Environment
23:36:09.901 [main] INFO  o.e.r.instrumentation.EvoClassLoader - Seeing class for first time: org.springframework.beans.BeansException
23:36:09.901 [main] INFO  o.e.r.instrumentation.EvoClassLoader - Instrumenting class 'org.springframework.beans.BeansException'.
23:36:09.901 [main] INFO  o.e.r.i.MethodCallReplacementClassAdapter - Adding mock interface to class org/springframework/beans/BeansException
23:36:09.902 [main] INFO  o.e.r.i.CreateClassResetClassAdapter - Creating brand-new static initializer in class org/springframework/beans/BeansException
23:36:09.903 [main] DEBUG o.e.r.agent.TransformerForTests - Going to instrument: org.springframework.beans.BeansException
23:36:09.903 [main] INFO  o.e.r.instrumentation.EvoClassLoader - Seeing class for first time: org.springframework.core.NestedRuntimeException
23:36:09.906 [main] INFO  o.e.r.instrumentation.EvoClassLoader - Instrumenting class 'org.springframework.core.NestedRuntimeException'.
23:36:09.909 [main] INFO  o.e.r.i.MethodCallReplacementClassAdapter - Adding mock interface to class org/springframework/core/NestedRuntimeException
23:36:09.911 [main] INFO  o.e.r.i.CreateClassResetClassAdapter - Found static initializer in class org/springframework/core/NestedRuntimeException
23:36:09.912 [main] INFO  o.e.r.i.MethodCallReplacementClassAdapter - No hashCode defined for: org/springframework/core/NestedRuntimeException, superclass = java.lang.RuntimeException
23:36:09.915 [main] DEBUG o.e.r.agent.TransformerForTests - Going to instrument: org.springframework.core.NestedRuntimeException
23:36:09.917 [main] INFO  o.e.r.i.CreateClassResetClassAdapter - Found static initializer in class org/springframework/core/NestedRuntimeException
23:36:09.918 [main] INFO  o.e.r.i.MethodCallReplacementClassAdapter - No hashCode defined for: org/springframework/core/NestedRuntimeException, superclass = org.evosuite.runtime.mock.java.lang.MockRuntimeException
23:36:09.918 [main] INFO  o.e.r.instrumentation.EvoClassLoader - Error while loading class: java.lang.ClassFormatError: Duplicate method name&signature in class file org/springframework/core/NestedRuntimeException
23:36:09.918 [main] INFO  o.e.r.instrumentation.EvoClassLoader - Error while loading class: java.lang.NoClassDefFoundError: org/springframework/core/NestedRuntimeException
23:36:09.918 [main] ERROR o.e.r.c.ClassStateSupport - Could not initialize org.springframework.web.filter.GenericFilterBean: org/springframework/beans/BeansException
23:36:09.919 [main] INFO  o.e.r.instrumentation.EvoClassLoader - Seeing class for first time: org.springframework.util.AntPathMatcher
23:36:09.919 [main] INFO  o.e.r.instrumentation.EvoClassLoader - Instrumenting class 'org.springframework.util.AntPathMatcher'.
23:36:09.920 [main] INFO  o.e.r.i.MethodCallReplacementClassAdapter - Adding mock interface to class org/springframework/util/AntPathMatcher
23:36:09.925 [main] INFO  o.e.r.i.CreateClassResetClassAdapter - Found static initializer in class org/springframework/util/AntPathMatcher
23:36:09.925 [main] INFO  o.e.r.i.MethodCallReplacementClassAdapter - No hashCode defined for: org/springframework/util/AntPathMatcher, superclass = java.lang.Object
23:36:09.925 [main] DEBUG o.e.r.agent.TransformerForTests - Going to instrument: org.springframework.util.AntPathMatcher
23:36:09.930 [main] INFO  o.e.r.i.CreateClassResetClassAdapter - Found static initializer in class org/springframework/util/AntPathMatcher
23:36:09.932 [main] INFO  o.e.r.instrumentation.EvoClassLoader - Seeing class for first time: org.springframework.util.PathMatcher
23:36:09.932 [main] INFO  o.e.r.instrumentation.EvoClassLoader - Instrumenting class 'org.springframework.util.PathMatcher'.
23:36:09.933 [main] DEBUG o.e.r.agent.TransformerForTests - Going to instrument: org.springframework.util.PathMatcher
23:36:09.934 [main] INFO  o.e.r.instrumentation.EvoClassLoader - Keeping class: org.springframework.util.PathMatcher
23:36:09.934 [main] INFO  o.e.r.instrumentation.EvoClassLoader - Error while loading class: java.lang.ClassFormatError: Duplicate method name&signature in class file org/springframework/util/AntPathMatcher
23:36:09.934 [main] ERROR o.e.r.c.ClassStateSupport - Could not initialize org.springframework.util.AntPathMatcher: Duplicate method name&signature in class file org/springframework/util/AntPathMatcher
23:36:09.934 [main] INFO  o.e.r.instrumentation.EvoClassLoader - Seeing class for first time: org.springframework.web.servlet.view.ContentNegotiatingViewResolver
23:36:09.934 [main] INFO  o.e.r.instrumentation.EvoClassLoader - Instrumenting class 'org.springframework.web.servlet.view.ContentNegotiatingViewResolver'.
23:36:09.936 [main] INFO  o.e.r.i.MethodCallReplacementClassAdapter - Adding mock interface to class org/springframework/web/servlet/view/ContentNegotiatingViewResolver
23:36:09.937 [main] INFO  o.e.r.i.CreateClassResetClassAdapter - Found static initializer in class org/springframework/web/servlet/view/ContentNegotiatingViewResolver
23:36:09.937 [main] INFO  o.e.r.i.MethodCallReplacementClassAdapter - No hashCode defined for: org/springframework/web/servlet/view/ContentNegotiatingViewResolver, superclass = org.springframework.web.context.support.WebApplicationObjectSupport
23:36:09.938 [main] DEBUG o.e.r.agent.TransformerForTests - Going to instrument: org.springframework.web.servlet.view.ContentNegotiatingViewResolver
23:36:09.939 [main] INFO  o.e.r.i.CreateClassResetClassAdapter - Found static initializer in class org/springframework/web/servlet/view/ContentNegotiatingViewResolver
23:36:09.940 [main] INFO  o.e.r.i.MethodCallReplacementClassAdapter - No hashCode defined for: org/springframework/web/servlet/view/ContentNegotiatingViewResolver, superclass = org.springframework.web.context.support.WebApplicationObjectSupport
23:36:09.940 [main] INFO  o.e.r.instrumentation.EvoClassLoader - Seeing class for first time: org.springframework.web.servlet.ViewResolver
23:36:09.940 [main] INFO  o.e.r.instrumentation.EvoClassLoader - Instrumenting class 'org.springframework.web.servlet.ViewResolver'.
23:36:09.941 [main] DEBUG o.e.r.agent.TransformerForTests - Going to instrument: org.springframework.web.servlet.ViewResolver
23:36:09.942 [main] INFO  o.e.r.instrumentation.EvoClassLoader - Keeping class: org.springframework.web.servlet.ViewResolver
23:36:09.942 [main] INFO  o.e.r.instrumentation.EvoClassLoader - Seeing class for first time: org.springframework.core.Ordered
23:36:09.942 [main] INFO  o.e.r.instrumentation.EvoClassLoader - Instrumenting class 'org.springframework.core.Ordered'.
23:36:09.943 [main] DEBUG o.e.r.agent.TransformerForTests - Going to instrument: org.springframework.core.Ordered
23:36:09.947 [main] INFO  o.e.r.instrumentation.EvoClassLoader - Keeping class: org.springframework.core.Ordered
23:36:09.948 [main] INFO  o.e.r.instrumentation.EvoClassLoader - Error while loading class: java.lang.ClassFormatError: Duplicate method name&signature in class file org/springframework/web/servlet/view/ContentNegotiatingViewResolver
23:36:09.948 [main] ERROR o.e.r.c.ClassStateSupport - Could not initialize org.springframework.web.servlet.view.ContentNegotiatingViewResolver: Duplicate method name&signature in class file org/springframework/web/servlet/view/ContentNegotiatingViewResolver
23:36:09.948 [main] INFO  o.e.r.instrumentation.EvoClassLoader - Seeing class for first time: org.springframework.http.StreamingHttpOutputMessage$Body
23:36:09.948 [main] INFO  o.e.r.instrumentation.EvoClassLoader - Instrumenting class 'org.springframework.http.StreamingHttpOutputMessage$Body'.
23:36:09.949 [main] DEBUG o.e.r.agent.TransformerForTests - Going to instrument: org.springframework.http.StreamingHttpOutputMessage$Body
23:36:09.949 [main] INFO  o.e.r.instrumentation.EvoClassLoader - Keeping class: org.springframework.http.StreamingHttpOutputMessage$Body
23:36:09.950 [main] INFO  o.e.r.instrumentation.EvoClassLoader - Seeing class for first time: org.springframework.core.io.Resource
23:36:09.950 [main] INFO  o.e.r.instrumentation.EvoClassLoader - Instrumenting class 'org.springframework.core.io.Resource'.
23:36:09.951 [main] DEBUG o.e.r.agent.TransformerForTests - Going to instrument: org.springframework.core.io.Resource
23:36:09.952 [main] INFO  o.e.r.instrumentation.EvoClassLoader - Seeing class for first time: org.springframework.core.io.InputStreamSource
23:36:09.952 [main] INFO  o.e.r.instrumentation.EvoClassLoader - Instrumenting class 'org.springframework.core.io.InputStreamSource'.
23:36:09.953 [main] DEBUG o.e.r.agent.TransformerForTests - Going to instrument: org.springframework.core.io.InputStreamSource
23:36:09.953 [main] INFO  o.e.r.instrumentation.EvoClassLoader - Keeping class: org.springframework.core.io.InputStreamSource
23:36:09.953 [main] INFO  o.e.r.instrumentation.EvoClassLoader - Keeping class: org.springframework.core.io.Resource
23:36:09.953 [main] INFO  o.e.r.instrumentation.EvoClassLoader - Seeing class for first time: org.springframework.web.context.support.WebApplicationObjectSupport
23:36:09.953 [main] INFO  o.e.r.instrumentation.EvoClassLoader - Instrumenting class 'org.springframework.web.context.support.WebApplicationObjectSupport'.
23:36:09.954 [main] INFO  o.e.r.i.MethodCallReplacementClassAdapter - Adding mock interface to class org/springframework/web/context/support/WebApplicationObjectSupport
23:36:09.956 [main] INFO  o.e.r.i.MethodCallReplacementClassAdapter - No hashCode defined for: org/springframework/web/context/support/WebApplicationObjectSupport, superclass = org.springframework.context.support.ApplicationObjectSupport
23:36:09.956 [main] INFO  o.e.r.i.CreateClassResetClassAdapter - Creating brand-new static initializer in class org/springframework/web/context/support/WebApplicationObjectSupport
23:36:09.956 [main] DEBUG o.e.r.agent.TransformerForTests - Going to instrument: org.springframework.web.context.support.WebApplicationObjectSupport
23:36:09.958 [main] INFO  o.e.r.i.MethodCallReplacementClassAdapter - No hashCode defined for: org/springframework/web/context/support/WebApplicationObjectSupport, superclass = org.springframework.context.support.ApplicationObjectSupport
23:36:09.958 [main] INFO  o.e.r.instrumentation.EvoClassLoader - Seeing class for first time: org.springframework.context.support.ApplicationObjectSupport
23:36:09.958 [main] INFO  o.e.r.instrumentation.EvoClassLoader - Instrumenting class 'org.springframework.context.support.ApplicationObjectSupport'.
23:36:09.959 [main] INFO  o.e.r.i.MethodCallReplacementClassAdapter - Adding mock interface to class org/springframework/context/support/ApplicationObjectSupport
23:36:09.961 [main] INFO  o.e.r.i.MethodCallReplacementClassAdapter - No hashCode defined for: org/springframework/context/support/ApplicationObjectSupport, superclass = java.lang.Object
23:36:09.961 [main] INFO  o.e.r.i.CreateClassResetClassAdapter - Creating brand-new static initializer in class org/springframework/context/support/ApplicationObjectSupport
23:36:09.961 [main] DEBUG o.e.r.agent.TransformerForTests - Going to instrument: org.springframework.context.support.ApplicationObjectSupport
23:36:09.963 [main] INFO  o.e.r.instrumentation.EvoClassLoader - Seeing class for first time: org.springframework.context.ApplicationContextAware
23:36:09.963 [main] INFO  o.e.r.instrumentation.EvoClassLoader - Instrumenting class 'org.springframework.context.ApplicationContextAware'.
23:36:09.965 [main] DEBUG o.e.r.agent.TransformerForTests - Going to instrument: org.springframework.context.ApplicationContextAware
23:36:09.967 [main] INFO  o.e.r.instrumentation.EvoClassLoader - Keeping class: org.springframework.context.ApplicationContextAware
23:36:09.967 [main] INFO  o.e.r.instrumentation.EvoClassLoader - Keeping class: org.springframework.context.support.ApplicationObjectSupport
23:36:09.967 [main] INFO  o.e.r.instrumentation.EvoClassLoader - Keeping class: org.springframework.web.context.support.WebApplicationObjectSupport
23:36:09.968 [main] INFO  o.e.r.instrumentation.EvoClassLoader - Seeing class for first time: org.springframework.context.ApplicationContextException
23:36:09.968 [main] INFO  o.e.r.instrumentation.EvoClassLoader - Instrumenting class 'org.springframework.context.ApplicationContextException'.
23:36:09.968 [main] INFO  o.e.r.i.MethodCallReplacementClassAdapter - Adding mock interface to class org/springframework/context/ApplicationContextException
23:36:09.969 [main] INFO  o.e.r.i.MethodCallReplacementClassAdapter - No hashCode defined for: org/springframework/context/ApplicationContextException, superclass = org.springframework.beans.FatalBeanException
23:36:09.969 [main] INFO  o.e.r.i.CreateClassResetClassAdapter - Creating brand-new static initializer in class org/springframework/context/ApplicationContextException
23:36:09.969 [main] DEBUG o.e.r.agent.TransformerForTests - Going to instrument: org.springframework.context.ApplicationContextException
23:36:09.969 [main] INFO  o.e.r.i.MethodCallReplacementClassAdapter - No hashCode defined for: org/springframework/context/ApplicationContextException, superclass = org.springframework.beans.FatalBeanException
23:36:09.970 [main] INFO  o.e.r.instrumentation.EvoClassLoader - Seeing class for first time: org.springframework.beans.FatalBeanException
23:36:09.970 [main] INFO  o.e.r.instrumentation.EvoClassLoader - Instrumenting class 'org.springframework.beans.FatalBeanException'.
23:36:09.970 [main] INFO  o.e.r.i.MethodCallReplacementClassAdapter - Adding mock interface to class org/springframework/beans/FatalBeanException
23:36:09.970 [main] INFO  o.e.r.i.MethodCallReplacementClassAdapter - No hashCode defined for: org/springframework/beans/FatalBeanException, superclass = org.springframework.beans.BeansException
23:36:09.970 [main] INFO  o.e.r.i.CreateClassResetClassAdapter - Creating brand-new static initializer in class org/springframework/beans/FatalBeanException
23:36:09.971 [main] DEBUG o.e.r.agent.TransformerForTests - Going to instrument: org.springframework.beans.FatalBeanException
23:36:09.971 [main] INFO  o.e.r.i.MethodCallReplacementClassAdapter - No hashCode defined for: org/springframework/beans/FatalBeanException, superclass = org.springframework.beans.BeansException
23:36:09.971 [main] INFO  o.e.r.instrumentation.EvoClassLoader - Seeing class for first time: org.springframework.beans.BeansException
23:36:09.971 [main] INFO  o.e.r.instrumentation.EvoClassLoader - Instrumenting class 'org.springframework.beans.BeansException'.
23:36:09.971 [main] INFO  o.e.r.i.MethodCallReplacementClassAdapter - Adding mock interface to class org/springframework/beans/BeansException
23:36:09.972 [main] INFO  o.e.r.i.CreateClassResetClassAdapter - Creating brand-new static initializer in class org/springframework/beans/BeansException
23:36:09.972 [main] DEBUG o.e.r.agent.TransformerForTests - Going to instrument: org.springframework.beans.BeansException
23:36:09.972 [main] INFO  o.e.r.instrumentation.EvoClassLoader - Seeing class for first time: org.springframework.core.NestedRuntimeException
23:36:09.972 [main] INFO  o.e.r.instrumentation.EvoClassLoader - Instrumenting class 'org.springframework.core.NestedRuntimeException'.
23:36:09.973 [main] INFO  o.e.r.i.MethodCallReplacementClassAdapter - Adding mock interface to class org/springframework/core/NestedRuntimeException
23:36:09.974 [main] INFO  o.e.r.i.CreateClassResetClassAdapter - Found static initializer in class org/springframework/core/NestedRuntimeException
23:36:09.974 [main] INFO  o.e.r.i.MethodCallReplacementClassAdapter - No hashCode defined for: org/springframework/core/NestedRuntimeException, superclass = java.lang.RuntimeException
23:36:09.974 [main] DEBUG o.e.r.agent.TransformerForTests - Going to instrument: org.springframework.core.NestedRuntimeException
23:36:09.976 [main] INFO  o.e.r.i.CreateClassResetClassAdapter - Found static initializer in class org/springframework/core/NestedRuntimeException
23:36:09.976 [main] INFO  o.e.r.i.MethodCallReplacementClassAdapter - No hashCode defined for: org/springframework/core/NestedRuntimeException, superclass = org.evosuite.runtime.mock.java.lang.MockRuntimeException
23:36:09.977 [main] INFO  o.e.r.instrumentation.EvoClassLoader - Error while loading class: java.lang.ClassFormatError: Duplicate method name&signature in class file org/springframework/core/NestedRuntimeException
23:36:09.977 [main] INFO  o.e.r.instrumentation.EvoClassLoader - Error while loading class: java.lang.NoClassDefFoundError: org/springframework/core/NestedRuntimeException
23:36:09.977 [main] INFO  o.e.r.instrumentation.EvoClassLoader - Error while loading class: java.lang.NoClassDefFoundError: org/springframework/beans/BeansException
23:36:09.978 [main] INFO  o.e.r.instrumentation.EvoClassLoader - Error while loading class: java.lang.NoClassDefFoundError: org/springframework/beans/FatalBeanException
23:36:09.978 [main] ERROR o.e.r.c.ClassStateSupport - Could not initialize org.springframework.web.context.support.WebApplicationObjectSupport: org/springframework/context/ApplicationContextException
23:36:09.978 [main] INFO  o.e.r.instrumentation.EvoClassLoader - Seeing class for first time: org.springframework.format.Parser
23:36:09.978 [main] INFO  o.e.r.instrumentation.EvoClassLoader - Instrumenting class 'org.springframework.format.Parser'.
23:36:09.979 [main] DEBUG o.e.r.agent.TransformerForTests - Going to instrument: org.springframework.format.Parser
23:36:09.980 [main] INFO  o.e.r.instrumentation.EvoClassLoader - Keeping class: org.springframework.format.Parser
23:36:09.980 [main] INFO  o.e.r.instrumentation.EvoClassLoader - Seeing class for first time: org.springframework.core.convert.support.StringToBooleanConverter
23:36:09.980 [main] INFO  o.e.r.instrumentation.EvoClassLoader - Instrumenting class 'org.springframework.core.convert.support.StringToBooleanConverter'.
23:36:09.981 [main] INFO  o.e.r.i.MethodCallReplacementClassAdapter - Adding mock interface to class org/springframework/core/convert/support/StringToBooleanConverter
23:36:09.987 [main] INFO  o.e.r.i.CreateClassResetClassAdapter - Found static initializer in class org/springframework/core/convert/support/StringToBooleanConverter
23:36:09.987 [main] INFO  o.e.r.i.MethodCallReplacementClassAdapter - No hashCode defined for: org/springframework/core/convert/support/StringToBooleanConverter, superclass = java.lang.Object
23:36:09.987 [main] DEBUG o.e.r.agent.TransformerForTests - Going to instrument: org.springframework.core.convert.support.StringToBooleanConverter
23:36:09.989 [main] INFO  o.e.r.i.CreateClassResetClassAdapter - Found static initializer in class org/springframework/core/convert/support/StringToBooleanConverter
23:36:09.990 [main] INFO  o.e.r.instrumentation.EvoClassLoader - Seeing class for first time: org.springframework.core.convert.converter.Converter
23:36:09.990 [main] INFO  o.e.r.instrumentation.EvoClassLoader - Instrumenting class 'org.springframework.core.convert.converter.Converter'.
23:36:09.991 [main] DEBUG o.e.r.agent.TransformerForTests - Going to instrument: org.springframework.core.convert.converter.Converter
23:36:09.991 [main] INFO  o.e.r.instrumentation.EvoClassLoader - Keeping class: org.springframework.core.convert.converter.Converter
23:36:09.992 [main] INFO  o.e.r.instrumentation.EvoClassLoader - Error while loading class: java.lang.ClassFormatError: Duplicate method name&signature in class file org/springframework/core/convert/support/StringToBooleanConverter
23:36:09.992 [main] ERROR o.e.r.c.ClassStateSupport - Could not initialize org.springframework.core.convert.support.StringToBooleanConverter: Duplicate method name&signature in class file org/springframework/core/convert/support/StringToBooleanConverter
23:36:09.992 [main] INFO  o.e.r.instrumentation.EvoClassLoader - Seeing class for first time: org.springframework.core.annotation.SynthesizingMethodParameter
23:36:09.992 [main] INFO  o.e.r.instrumentation.EvoClassLoader - Instrumenting class 'org.springframework.core.annotation.SynthesizingMethodParameter'.
23:36:09.993 [main] INFO  o.e.r.i.MethodCallReplacementClassAdapter - Adding mock interface to class org/springframework/core/annotation/SynthesizingMethodParameter
23:36:09.993 [main] INFO  o.e.r.i.MethodCallReplacementClassAdapter - No hashCode defined for: org/springframework/core/annotation/SynthesizingMethodParameter, superclass = org.springframework.core.MethodParameter
23:36:09.993 [main] INFO  o.e.r.i.CreateClassResetClassAdapter - Creating brand-new static initializer in class org/springframework/core/annotation/SynthesizingMethodParameter
23:36:09.993 [main] DEBUG o.e.r.agent.TransformerForTests - Going to instrument: org.springframework.core.annotation.SynthesizingMethodParameter
23:36:09.993 [main] INFO  o.e.r.i.MethodCallReplacementClassAdapter - No hashCode defined for: org/springframework/core/annotation/SynthesizingMethodParameter, superclass = org.springframework.core.MethodParameter
23:36:09.993 [main] INFO  o.e.r.instrumentation.EvoClassLoader - Seeing class for first time: org.springframework.core.MethodParameter
23:36:09.993 [main] INFO  o.e.r.instrumentation.EvoClassLoader - Instrumenting class 'org.springframework.core.MethodParameter'.
23:36:09.995 [main] INFO  o.e.r.i.MethodCallReplacementClassAdapter - Adding mock interface to class org/springframework/core/MethodParameter
23:36:09.997 [main] INFO  o.e.r.i.CreateClassResetClassAdapter - Creating brand-new static initializer in class org/springframework/core/MethodParameter
23:36:09.998 [main] DEBUG o.e.r.agent.TransformerForTests - Going to instrument: org.springframework.core.MethodParameter
23:36:10.002 [main] INFO  o.e.r.instrumentation.EvoClassLoader - Keeping class: org.springframework.core.MethodParameter
23:36:10.002 [main] INFO  o.e.r.instrumentation.EvoClassLoader - Keeping class: org.springframework.core.annotation.SynthesizingMethodParameter
23:36:10.003 [main] INFO  o.e.r.instrumentation.EvoClassLoader - Seeing class for first time: com.fasterxml.jackson.databind.type.TypeBase
23:36:10.003 [main] INFO  o.e.r.instrumentation.EvoClassLoader - Instrumenting class 'com.fasterxml.jackson.databind.type.TypeBase'.
23:36:10.004 [main] INFO  o.e.r.i.MethodCallReplacementClassAdapter - Adding mock interface to class com/fasterxml/jackson/databind/type/TypeBase
23:36:10.006 [main] INFO  o.e.r.i.MethodCallReplacementClassAdapter - No hashCode defined for: com/fasterxml/jackson/databind/type/TypeBase, superclass = com.fasterxml.jackson.databind.JavaType
23:36:10.006 [main] INFO  o.e.r.i.CreateClassResetClassAdapter - Creating brand-new static initializer in class com/fasterxml/jackson/databind/type/TypeBase
23:36:10.007 [main] DEBUG o.e.r.agent.TransformerForTests - Going to instrument: com.fasterxml.jackson.databind.type.TypeBase
23:36:10.009 [main] INFO  o.e.r.i.MethodCallReplacementClassAdapter - No hashCode defined for: com/fasterxml/jackson/databind/type/TypeBase, superclass = com.fasterxml.jackson.databind.JavaType
23:36:10.009 [main] INFO  o.e.r.instrumentation.EvoClassLoader - Seeing class for first time: com.fasterxml.jackson.databind.JsonSerializable
23:36:10.009 [main] INFO  o.e.r.instrumentation.EvoClassLoader - Instrumenting class 'com.fasterxml.jackson.databind.JsonSerializable'.
23:36:10.010 [main] DEBUG o.e.r.agent.TransformerForTests - Going to instrument: com.fasterxml.jackson.databind.JsonSerializable
23:36:10.010 [main] INFO  o.e.r.instrumentation.EvoClassLoader - Keeping class: com.fasterxml.jackson.databind.JsonSerializable
23:36:10.010 [main] INFO  o.e.r.instrumentation.EvoClassLoader - Seeing class for first time: com.fasterxml.jackson.databind.JavaType
23:36:10.010 [main] INFO  o.e.r.instrumentation.EvoClassLoader - Instrumenting class 'com.fasterxml.jackson.databind.JavaType'.
23:36:10.011 [main] INFO  o.e.r.i.MethodCallReplacementClassAdapter - Adding mock interface to class com/fasterxml/jackson/databind/JavaType
23:36:10.013 [main] INFO  o.e.r.i.CreateClassResetClassAdapter - Creating brand-new static initializer in class com/fasterxml/jackson/databind/JavaType
23:36:10.014 [main] DEBUG o.e.r.agent.TransformerForTests - Going to instrument: com.fasterxml.jackson.databind.JavaType
23:36:10.017 [main] INFO  o.e.r.instrumentation.EvoClassLoader - Seeing class for first time: com.fasterxml.jackson.core.type.ResolvedType
23:36:10.017 [main] INFO  o.e.r.instrumentation.EvoClassLoader - Instrumenting class 'com.fasterxml.jackson.core.type.ResolvedType'.
23:36:10.018 [main] INFO  o.e.r.i.MethodCallReplacementClassAdapter - Adding mock interface to class com/fasterxml/jackson/core/type/ResolvedType
23:36:10.018 [main] INFO  o.e.r.i.MethodCallReplacementClassAdapter - No hashCode defined for: com/fasterxml/jackson/core/type/ResolvedType, superclass = java.lang.Object
23:36:10.018 [main] INFO  o.e.r.i.CreateClassResetClassAdapter - Creating brand-new static initializer in class com/fasterxml/jackson/core/type/ResolvedType
23:36:10.018 [main] DEBUG o.e.r.agent.TransformerForTests - Going to instrument: com.fasterxml.jackson.core.type.ResolvedType
23:36:10.019 [main] INFO  o.e.r.instrumentation.EvoClassLoader - Keeping class: com.fasterxml.jackson.core.type.ResolvedType
23:36:10.019 [main] INFO  o.e.r.instrumentation.EvoClassLoader - Keeping class: com.fasterxml.jackson.databind.JavaType
23:36:10.019 [main] INFO  o.e.r.instrumentation.EvoClassLoader - Keeping class: com.fasterxml.jackson.databind.type.TypeBase
23:36:10.022 [main] INFO  o.e.r.instrumentation.EvoClassLoader - Seeing class for first time: org.springframework.format.datetime.DateFormatter
23:36:10.022 [main] INFO  o.e.r.instrumentation.EvoClassLoader - Instrumenting class 'org.springframework.format.datetime.DateFormatter'.
23:36:10.025 [main] INFO  o.e.r.i.MethodCallReplacementClassAdapter - Adding mock interface to class org/springframework/format/datetime/DateFormatter
23:36:10.030 [main] INFO  o.e.r.i.CreateClassResetClassAdapter - Found static initializer in class org/springframework/format/datetime/DateFormatter
23:36:10.031 [main] INFO  o.e.r.i.MethodCallReplacementClassAdapter - No hashCode defined for: org/springframework/format/datetime/DateFormatter, superclass = java.lang.Object
23:36:10.031 [main] DEBUG o.e.r.agent.TransformerForTests - Going to instrument: org.springframework.format.datetime.DateFormatter
23:36:10.035 [main] INFO  o.e.r.i.CreateClassResetClassAdapter - Found static initializer in class org/springframework/format/datetime/DateFormatter
23:36:10.035 [main] INFO  o.e.r.instrumentation.EvoClassLoader - Seeing class for first time: org.springframework.format.Formatter
23:36:10.035 [main] INFO  o.e.r.instrumentation.EvoClassLoader - Instrumenting class 'org.springframework.format.Formatter'.
23:36:10.036 [main] DEBUG o.e.r.agent.TransformerForTests - Going to instrument: org.springframework.format.Formatter
23:36:10.037 [main] INFO  o.e.r.instrumentation.EvoClassLoader - Seeing class for first time: org.springframework.format.Printer
23:36:10.037 [main] INFO  o.e.r.instrumentation.EvoClassLoader - Instrumenting class 'org.springframework.format.Printer'.
23:36:10.037 [main] DEBUG o.e.r.agent.TransformerForTests - Going to instrument: org.springframework.format.Printer
23:36:10.038 [main] INFO  o.e.r.instrumentation.EvoClassLoader - Keeping class: org.springframework.format.Printer
23:36:10.038 [main] INFO  o.e.r.instrumentation.EvoClassLoader - Keeping class: org.springframework.format.Formatter
23:36:10.038 [main] INFO  o.e.r.instrumentation.EvoClassLoader - Error while loading class: java.lang.ClassFormatError: Duplicate method name&signature in class file org/springframework/format/datetime/DateFormatter
23:36:10.039 [main] ERROR o.e.r.c.ClassStateSupport - Could not initialize org.springframework.format.datetime.DateFormatter: Duplicate method name&signature in class file org/springframework/format/datetime/DateFormatter
23:36:10.039 [main] INFO  o.e.r.instrumentation.EvoClassLoader - Seeing class for first time: org.springframework.http.converter.StringHttpMessageConverter
23:36:10.039 [main] INFO  o.e.r.instrumentation.EvoClassLoader - Instrumenting class 'org.springframework.http.converter.StringHttpMessageConverter'.
23:36:10.040 [main] INFO  o.e.r.i.MethodCallReplacementClassAdapter - Adding mock interface to class org/springframework/http/converter/StringHttpMessageConverter
23:36:10.042 [main] INFO  o.e.r.i.CreateClassResetClassAdapter - Found static initializer in class org/springframework/http/converter/StringHttpMessageConverter
23:36:10.042 [main] INFO  o.e.r.i.MethodCallReplacementClassAdapter - No hashCode defined for: org/springframework/http/converter/StringHttpMessageConverter, superclass = org.springframework.http.converter.AbstractHttpMessageConverter
23:36:10.042 [main] DEBUG o.e.r.agent.TransformerForTests - Going to instrument: org.springframework.http.converter.StringHttpMessageConverter
23:36:10.044 [main] INFO  o.e.r.i.CreateClassResetClassAdapter - Found static initializer in class org/springframework/http/converter/StringHttpMessageConverter
23:36:10.044 [main] INFO  o.e.r.i.MethodCallReplacementClassAdapter - No hashCode defined for: org/springframework/http/converter/StringHttpMessageConverter, superclass = org.springframework.http.converter.AbstractHttpMessageConverter
23:36:10.045 [main] INFO  o.e.r.instrumentation.EvoClassLoader - Error while loading class: java.lang.ClassFormatError: Duplicate method name&signature in class file org/springframework/http/converter/StringHttpMessageConverter
23:36:10.045 [main] ERROR o.e.r.c.ClassStateSupport - Could not initialize org.springframework.http.converter.StringHttpMessageConverter: Duplicate method name&signature in class file org/springframework/http/converter/StringHttpMessageConverter
23:36:10.045 [main] INFO  o.e.r.instrumentation.EvoClassLoader - Seeing class for first time: org.springframework.web.servlet.HandlerExceptionResolver
23:36:10.045 [main] INFO  o.e.r.instrumentation.EvoClassLoader - Instrumenting class 'org.springframework.web.servlet.HandlerExceptionResolver'.
23:36:10.046 [main] DEBUG o.e.r.agent.TransformerForTests - Going to instrument: org.springframework.web.servlet.HandlerExceptionResolver
23:36:10.046 [main] INFO  o.e.r.instrumentation.EvoClassLoader - Keeping class: org.springframework.web.servlet.HandlerExceptionResolver
23:36:10.046 [main] INFO  o.e.r.instrumentation.EvoClassLoader - Seeing class for first time: org.springframework.web.servlet.HandlerAdapter
23:36:10.046 [main] INFO  o.e.r.instrumentation.EvoClassLoader - Instrumenting class 'org.springframework.web.servlet.HandlerAdapter'.
23:36:10.047 [main] DEBUG o.e.r.agent.TransformerForTests - Going to instrument: org.springframework.web.servlet.HandlerAdapter
23:36:10.047 [main] INFO  o.e.r.instrumentation.EvoClassLoader - Keeping class: org.springframework.web.servlet.HandlerAdapter
23:36:10.047 [main] INFO  o.e.r.instrumentation.EvoClassLoader - Seeing class for first time: org.springframework.web.servlet.config.annotation.ContentNegotiationConfigurer
23:36:10.047 [main] INFO  o.e.r.instrumentation.EvoClassLoader - Instrumenting class 'org.springframework.web.servlet.config.annotation.ContentNegotiationConfigurer'.
23:36:10.048 [main] INFO  o.e.r.i.MethodCallReplacementClassAdapter - Adding mock interface to class org/springframework/web/servlet/config/annotation/ContentNegotiationConfigurer
23:36:10.049 [main] INFO  o.e.r.i.MethodCallReplacementClassAdapter - No hashCode defined for: org/springframework/web/servlet/config/annotation/ContentNegotiationConfigurer, superclass = java.lang.Object
23:36:10.049 [main] INFO  o.e.r.i.CreateClassResetClassAdapter - Creating brand-new static initializer in class org/springframework/web/servlet/config/annotation/ContentNegotiationConfigurer
23:36:10.049 [main] DEBUG o.e.r.agent.TransformerForTests - Going to instrument: org.springframework.web.servlet.config.annotation.ContentNegotiationConfigurer
23:36:10.050 [main] INFO  o.e.r.instrumentation.EvoClassLoader - Keeping class: org.springframework.web.servlet.config.annotation.ContentNegotiationConfigurer
23:36:10.050 [main] INFO  o.e.r.instrumentation.EvoClassLoader - Seeing class for first time: org.springframework.web.servlet.resource.ResourceTransformerChain
23:36:10.050 [main] INFO  o.e.r.instrumentation.EvoClassLoader - Instrumenting class 'org.springframework.web.servlet.resource.ResourceTransformerChain'.
23:36:10.051 [main] DEBUG o.e.r.agent.TransformerForTests - Going to instrument: org.springframework.web.servlet.resource.ResourceTransformerChain
23:36:10.051 [main] INFO  o.e.r.instrumentation.EvoClassLoader - Keeping class: org.springframework.web.servlet.resource.ResourceTransformerChain
23:36:10.051 [main] INFO  o.e.r.instrumentation.EvoClassLoader - Seeing class for first time: org.springframework.util.ConcurrentReferenceHashMap$Entry
23:36:10.051 [main] INFO  o.e.r.instrumentation.EvoClassLoader - Instrumenting class 'org.springframework.util.ConcurrentReferenceHashMap$Entry'.
23:36:10.052 [main] INFO  o.e.r.i.MethodCallReplacementClassAdapter - Adding mock interface to class org/springframework/util/ConcurrentReferenceHashMap$Entry
23:36:10.052 [main] INFO  o.e.r.i.CreateClassResetClassAdapter - Creating brand-new static initializer in class org/springframework/util/ConcurrentReferenceHashMap$Entry
23:36:10.052 [main] DEBUG o.e.r.agent.TransformerForTests - Going to instrument: org.springframework.util.ConcurrentReferenceHashMap$Entry
23:36:10.053 [main] INFO  o.e.r.instrumentation.EvoClassLoader - Keeping class: org.springframework.util.ConcurrentReferenceHashMap$Entry
23:36:10.053 [main] INFO  o.e.r.instrumentation.EvoClassLoader - Seeing class for first time: org.springframework.web.filter.OncePerRequestFilter
23:36:10.053 [main] INFO  o.e.r.instrumentation.EvoClassLoader - Instrumenting class 'org.springframework.web.filter.OncePerRequestFilter'.
23:36:10.054 [main] INFO  o.e.r.i.MethodCallReplacementClassAdapter - Adding mock interface to class org/springframework/web/filter/OncePerRequestFilter
23:36:10.055 [main] INFO  o.e.r.i.MethodCallReplacementClassAdapter - No hashCode defined for: org/springframework/web/filter/OncePerRequestFilter, superclass = org.springframework.web.filter.GenericFilterBean
23:36:10.055 [main] INFO  o.e.r.i.CreateClassResetClassAdapter - Creating brand-new static initializer in class org/springframework/web/filter/OncePerRequestFilter
23:36:10.055 [main] INFO  o.e.r.i.CreateClassResetClassAdapter - Adding bytecode for initializing field ALREADY_FILTERED_SUFFIX
23:36:10.055 [main] DEBUG o.e.r.agent.TransformerForTests - Going to instrument: org.springframework.web.filter.OncePerRequestFilter
23:36:10.056 [main] INFO  o.e.r.i.MethodCallReplacementClassAdapter - No hashCode defined for: org/springframework/web/filter/OncePerRequestFilter, superclass = org.springframework.web.filter.GenericFilterBean
23:36:10.057 [main] INFO  o.e.r.instrumentation.EvoClassLoader - Keeping class: org.springframework.web.filter.OncePerRequestFilter
23:36:10.057 [main] INFO  o.e.r.instrumentation.EvoClassLoader - Seeing class for first time: org.springframework.beans.BeansException
23:36:10.057 [main] INFO  o.e.r.instrumentation.EvoClassLoader - Instrumenting class 'org.springframework.beans.BeansException'.
23:36:10.058 [main] INFO  o.e.r.i.MethodCallReplacementClassAdapter - Adding mock interface to class org/springframework/beans/BeansException
23:36:10.058 [main] INFO  o.e.r.i.CreateClassResetClassAdapter - Creating brand-new static initializer in class org/springframework/beans/BeansException
23:36:10.058 [main] DEBUG o.e.r.agent.TransformerForTests - Going to instrument: org.springframework.beans.BeansException
23:36:10.059 [main] INFO  o.e.r.instrumentation.EvoClassLoader - Seeing class for first time: org.springframework.core.NestedRuntimeException
23:36:10.059 [main] INFO  o.e.r.instrumentation.EvoClassLoader - Instrumenting class 'org.springframework.core.NestedRuntimeException'.
23:36:10.059 [main] INFO  o.e.r.i.MethodCallReplacementClassAdapter - Adding mock interface to class org/springframework/core/NestedRuntimeException
23:36:10.060 [main] INFO  o.e.r.i.CreateClassResetClassAdapter - Found static initializer in class org/springframework/core/NestedRuntimeException
23:36:10.061 [main] INFO  o.e.r.i.MethodCallReplacementClassAdapter - No hashCode defined for: org/springframework/core/NestedRuntimeException, superclass = java.lang.RuntimeException
23:36:10.061 [main] DEBUG o.e.r.agent.TransformerForTests - Going to instrument: org.springframework.core.NestedRuntimeException
23:36:10.062 [main] INFO  o.e.r.i.CreateClassResetClassAdapter - Found static initializer in class org/springframework/core/NestedRuntimeException
23:36:10.062 [main] INFO  o.e.r.i.MethodCallReplacementClassAdapter - No hashCode defined for: org/springframework/core/NestedRuntimeException, superclass = org.evosuite.runtime.mock.java.lang.MockRuntimeException
23:36:10.062 [main] INFO  o.e.r.instrumentation.EvoClassLoader - Error while loading class: java.lang.ClassFormatError: Duplicate method name&signature in class file org/springframework/core/NestedRuntimeException
23:36:10.062 [main] INFO  o.e.r.instrumentation.EvoClassLoader - Error while loading class: java.lang.NoClassDefFoundError: org/springframework/core/NestedRuntimeException
23:36:10.063 [main] ERROR o.e.r.c.ClassStateSupport - Could not initialize org.springframework.web.filter.OncePerRequestFilter: org/springframework/beans/BeansException
23:36:10.063 [main] INFO  o.e.r.instrumentation.EvoClassLoader - Seeing class for first time: org.springframework.core.task.SimpleAsyncTaskExecutor$ConcurrencyThrottleAdapter
23:36:10.063 [main] INFO  o.e.r.instrumentation.EvoClassLoader - Instrumenting class 'org.springframework.core.task.SimpleAsyncTaskExecutor$ConcurrencyThrottleAdapter'.
23:36:10.063 [main] INFO  o.e.r.i.MethodCallReplacementClassAdapter - Adding mock interface to class org/springframework/core/task/SimpleAsyncTaskExecutor$ConcurrencyThrottleAdapter
23:36:10.064 [main] INFO  o.e.r.i.MethodCallReplacementClassAdapter - No hashCode defined for: org/springframework/core/task/SimpleAsyncTaskExecutor$ConcurrencyThrottleAdapter, superclass = org.springframework.util.ConcurrencyThrottleSupport
23:36:10.064 [main] INFO  o.e.r.i.CreateClassResetClassAdapter - Creating brand-new static initializer in class org/springframework/core/task/SimpleAsyncTaskExecutor$ConcurrencyThrottleAdapter
23:36:10.064 [main] DEBUG o.e.r.agent.TransformerForTests - Going to instrument: org.springframework.core.task.SimpleAsyncTaskExecutor$ConcurrencyThrottleAdapter
23:36:10.064 [main] INFO  o.e.r.i.MethodCallReplacementClassAdapter - No hashCode defined for: org/springframework/core/task/SimpleAsyncTaskExecutor$ConcurrencyThrottleAdapter, superclass = org.springframework.util.ConcurrencyThrottleSupport
23:36:10.064 [main] INFO  o.e.r.instrumentation.EvoClassLoader - Seeing class for first time: org.springframework.util.ConcurrencyThrottleSupport
23:36:10.064 [main] INFO  o.e.r.instrumentation.EvoClassLoader - Instrumenting class 'org.springframework.util.ConcurrencyThrottleSupport'.
23:36:10.065 [main] INFO  o.e.r.i.MethodCallReplacementClassAdapter - Adding mock interface to class org/springframework/util/ConcurrencyThrottleSupport
23:36:10.067 [main] INFO  o.e.r.i.MethodCallReplacementClassAdapter - No hashCode defined for: org/springframework/util/ConcurrencyThrottleSupport, superclass = java.lang.Object
23:36:10.067 [main] INFO  o.e.r.i.CreateClassResetClassAdapter - Creating brand-new static initializer in class org/springframework/util/ConcurrencyThrottleSupport
23:36:10.067 [main] INFO  o.e.r.i.CreateClassResetClassAdapter - Adding bytecode for initializing field UNBOUNDED_CONCURRENCY
23:36:10.067 [main] INFO  o.e.r.i.CreateClassResetClassAdapter - Adding bytecode for initializing field NO_CONCURRENCY
23:36:10.068 [main] DEBUG o.e.r.agent.TransformerForTests - Going to instrument: org.springframework.util.ConcurrencyThrottleSupport
23:36:10.070 [main] INFO  o.e.r.instrumentation.EvoClassLoader - Keeping class: org.springframework.util.ConcurrencyThrottleSupport
23:36:10.070 [main] INFO  o.e.r.instrumentation.EvoClassLoader - Keeping class: org.springframework.core.task.SimpleAsyncTaskExecutor$ConcurrencyThrottleAdapter
23:36:10.071 [main] INFO  o.e.r.instrumentation.EvoClassLoader - Seeing class for first time: org.springframework.util.ConcurrentReferenceHashMap$TaskOption
23:36:10.071 [main] INFO  o.e.r.instrumentation.EvoClassLoader - Instrumenting class 'org.springframework.util.ConcurrentReferenceHashMap$TaskOption'.
23:36:10.071 [main] INFO  o.e.r.i.MethodCallReplacementClassAdapter - Adding mock interface to class org/springframework/util/ConcurrentReferenceHashMap$TaskOption
23:36:10.072 [main] INFO  o.e.r.i.CreateClassResetClassAdapter - Found static initializer in class org/springframework/util/ConcurrentReferenceHashMap$TaskOption
23:36:10.072 [main] INFO  o.e.r.i.MethodCallReplacementClassAdapter - No hashCode defined for: org/springframework/util/ConcurrentReferenceHashMap$TaskOption, superclass = java.lang.Enum
23:36:10.072 [main] DEBUG o.e.r.agent.TransformerForTests - Going to instrument: org.springframework.util.ConcurrentReferenceHashMap$TaskOption
23:36:10.072 [main] INFO  o.e.r.i.CreateClassResetClassAdapter - Found static initializer in class org/springframework/util/ConcurrentReferenceHashMap$TaskOption
23:36:10.072 [main] INFO  o.e.r.i.MethodCallReplacementClassAdapter - No hashCode defined for: org/springframework/util/ConcurrentReferenceHashMap$TaskOption, superclass = java.lang.Enum
23:36:10.072 [main] INFO  o.e.r.instrumentation.EvoClassLoader - Error while loading class: java.lang.ClassFormatError: Duplicate method name&signature in class file org/springframework/util/ConcurrentReferenceHashMap$TaskOption
23:36:10.072 [main] ERROR o.e.r.c.ClassStateSupport - Could not initialize org.springframework.util.ConcurrentReferenceHashMap$TaskOption: Duplicate method name&signature in class file org/springframework/util/ConcurrentReferenceHashMap$TaskOption
23:36:10.073 [main] INFO  o.e.r.instrumentation.EvoClassLoader - Seeing class for first time: org.springframework.web.servlet.mvc.method.RequestMappingInfoHandlerMethodMappingNamingStrategy
23:36:10.073 [main] INFO  o.e.r.instrumentation.EvoClassLoader - Instrumenting class 'org.springframework.web.servlet.mvc.method.RequestMappingInfoHandlerMethodMappingNamingStrategy'.
23:36:10.074 [main] INFO  o.e.r.i.MethodCallReplacementClassAdapter - Adding mock interface to class org/springframework/web/servlet/mvc/method/RequestMappingInfoHandlerMethodMappingNamingStrategy
23:36:10.074 [main] INFO  o.e.r.i.MethodCallReplacementClassAdapter - No hashCode defined for: org/springframework/web/servlet/mvc/method/RequestMappingInfoHandlerMethodMappingNamingStrategy, superclass = java.lang.Object
23:36:10.074 [main] INFO  o.e.r.i.CreateClassResetClassAdapter - Creating brand-new static initializer in class org/springframework/web/servlet/mvc/method/RequestMappingInfoHandlerMethodMappingNamingStrategy
23:36:10.074 [main] INFO  o.e.r.i.CreateClassResetClassAdapter - Adding bytecode for initializing field SEPARATOR
23:36:10.074 [main] DEBUG o.e.r.agent.TransformerForTests - Going to instrument: org.springframework.web.servlet.mvc.method.RequestMappingInfoHandlerMethodMappingNamingStrategy
23:36:10.075 [main] INFO  o.e.r.instrumentation.EvoClassLoader - Seeing class for first time: org.springframework.web.servlet.handler.HandlerMethodMappingNamingStrategy
23:36:10.075 [main] INFO  o.e.r.instrumentation.EvoClassLoader - Instrumenting class 'org.springframework.web.servlet.handler.HandlerMethodMappingNamingStrategy'.
23:36:10.076 [main] DEBUG o.e.r.agent.TransformerForTests - Going to instrument: org.springframework.web.servlet.handler.HandlerMethodMappingNamingStrategy
23:36:10.076 [main] INFO  o.e.r.instrumentation.EvoClassLoader - Keeping class: org.springframework.web.servlet.handler.HandlerMethodMappingNamingStrategy
23:36:10.076 [main] INFO  o.e.r.instrumentation.EvoClassLoader - Keeping class: org.springframework.web.servlet.mvc.method.RequestMappingInfoHandlerMethodMappingNamingStrategy
23:36:10.076 [main] INFO  o.e.r.instrumentation.EvoClassLoader - Seeing class for first time: org.springframework.web.servlet.handler.AbstractHandlerMethodMapping$EmptyHandler
23:36:10.076 [main] INFO  o.e.r.instrumentation.EvoClassLoader - Instrumenting class 'org.springframework.web.servlet.handler.AbstractHandlerMethodMapping$EmptyHandler'.
23:36:10.077 [main] INFO  o.e.r.i.MethodCallReplacementClassAdapter - Adding mock interface to class org/springframework/web/servlet/handler/AbstractHandlerMethodMapping$EmptyHandler
23:36:10.077 [main] INFO  o.e.r.i.MethodCallReplacementClassAdapter - No hashCode defined for: org/springframework/web/servlet/handler/AbstractHandlerMethodMapping$EmptyHandler, superclass = java.lang.Object
23:36:10.077 [main] INFO  o.e.r.i.CreateClassResetClassAdapter - Creating brand-new static initializer in class org/springframework/web/servlet/handler/AbstractHandlerMethodMapping$EmptyHandler
23:36:10.078 [main] DEBUG o.e.r.agent.TransformerForTests - Going to instrument: org.springframework.web.servlet.handler.AbstractHandlerMethodMapping$EmptyHandler
23:36:10.078 [main] INFO  o.e.r.instrumentation.EvoClassLoader - Keeping class: org.springframework.web.servlet.handler.AbstractHandlerMethodMapping$EmptyHandler
23:36:10.078 [main] INFO  o.e.r.instrumentation.EvoClassLoader - Seeing class for first time: org.springframework.beans.factory.BeanFactoryAware
23:36:10.078 [main] INFO  o.e.r.instrumentation.EvoClassLoader - Instrumenting class 'org.springframework.beans.factory.BeanFactoryAware'.
23:36:10.079 [main] DEBUG o.e.r.agent.TransformerForTests - Going to instrument: org.springframework.beans.factory.BeanFactoryAware
23:36:10.079 [main] INFO  o.e.r.instrumentation.EvoClassLoader - Keeping class: org.springframework.beans.factory.BeanFactoryAware
23:36:10.079 [main] INFO  o.e.r.instrumentation.EvoClassLoader - Seeing class for first time: org.springframework.core.env.EnvironmentCapable
23:36:10.079 [main] INFO  o.e.r.instrumentation.EvoClassLoader - Instrumenting class 'org.springframework.core.env.EnvironmentCapable'.
23:36:10.080 [main] DEBUG o.e.r.agent.TransformerForTests - Going to instrument: org.springframework.core.env.EnvironmentCapable
23:36:10.080 [main] INFO  o.e.r.instrumentation.EvoClassLoader - Keeping class: org.springframework.core.env.EnvironmentCapable
23:36:10.081 [main] INFO  o.e.r.instrumentation.EvoClassLoader - Seeing class for first time: org.springframework.core.convert.ConversionService
23:36:10.081 [main] INFO  o.e.r.instrumentation.EvoClassLoader - Instrumenting class 'org.springframework.core.convert.ConversionService'.
23:36:10.081 [main] DEBUG o.e.r.agent.TransformerForTests - Going to instrument: org.springframework.core.convert.ConversionService
23:36:10.081 [main] INFO  o.e.r.instrumentation.EvoClassLoader - Keeping class: org.springframework.core.convert.ConversionService
23:36:10.082 [main] INFO  o.e.r.instrumentation.EvoClassLoader - Seeing class for first time: com.fasterxml.jackson.core.TreeNode
23:36:10.082 [main] INFO  o.e.r.instrumentation.EvoClassLoader - Instrumenting class 'com.fasterxml.jackson.core.TreeNode'.
23:36:10.082 [main] DEBUG o.e.r.agent.TransformerForTests - Going to instrument: com.fasterxml.jackson.core.TreeNode
23:36:10.083 [main] INFO  o.e.r.instrumentation.EvoClassLoader - Keeping class: com.fasterxml.jackson.core.TreeNode
23:36:10.083 [main] INFO  o.e.r.instrumentation.EvoClassLoader - Seeing class for first time: org.springframework.boot.autoconfigure.web.WebMvcAutoConfiguration
23:36:10.083 [main] INFO  o.e.r.instrumentation.EvoClassLoader - Instrumenting class 'org.springframework.boot.autoconfigure.web.WebMvcAutoConfiguration'.
23:36:10.084 [main] INFO  o.e.r.i.MethodCallReplacementClassAdapter - Adding mock interface to class org/springframework/boot/autoconfigure/web/WebMvcAutoConfiguration
23:36:10.085 [main] INFO  o.e.r.i.CreateClassResetClassAdapter - Found static initializer in class org/springframework/boot/autoconfigure/web/WebMvcAutoConfiguration
23:36:10.086 [main] INFO  o.e.r.i.MethodCallReplacementClassAdapter - No hashCode defined for: org/springframework/boot/autoconfigure/web/WebMvcAutoConfiguration, superclass = java.lang.Object
23:36:10.086 [main] DEBUG o.e.r.agent.TransformerForTests - Going to instrument: org.springframework.boot.autoconfigure.web.WebMvcAutoConfiguration
23:36:10.086 [main] INFO  o.e.r.i.CreateClassResetClassAdapter - Found static initializer in class org/springframework/boot/autoconfigure/web/WebMvcAutoConfiguration
23:36:10.087 [main] INFO  o.e.r.instrumentation.EvoClassLoader - Error while loading class: java.lang.ClassFormatError: Duplicate method name&signature in class file org/springframework/boot/autoconfigure/web/WebMvcAutoConfiguration
23:36:10.087 [main] ERROR o.e.r.c.ClassStateSupport - Could not initialize org.springframework.boot.autoconfigure.web.WebMvcAutoConfiguration: Duplicate method name&signature in class file org/springframework/boot/autoconfigure/web/WebMvcAutoConfiguration
23:36:10.087 [main] INFO  o.e.r.instrumentation.EvoClassLoader - Seeing class for first time: org.springframework.util.ConcurrentReferenceHashMap$Entries
23:36:10.087 [main] INFO  o.e.r.instrumentation.EvoClassLoader - Instrumenting class 'org.springframework.util.ConcurrentReferenceHashMap$Entries'.
23:36:10.089 [main] INFO  o.e.r.i.MethodCallReplacementClassAdapter - Adding mock interface to class org/springframework/util/ConcurrentReferenceHashMap$Entries
23:36:10.089 [main] INFO  o.e.r.i.MethodCallReplacementClassAdapter - No hashCode defined for: org/springframework/util/ConcurrentReferenceHashMap$Entries, superclass = java.lang.Object
23:36:10.089 [main] INFO  o.e.r.i.CreateClassResetClassAdapter - Creating brand-new static initializer in class org/springframework/util/ConcurrentReferenceHashMap$Entries
23:36:10.089 [main] DEBUG o.e.r.agent.TransformerForTests - Going to instrument: org.springframework.util.ConcurrentReferenceHashMap$Entries
23:36:10.090 [main] INFO  o.e.r.instrumentation.EvoClassLoader - Keeping class: org.springframework.util.ConcurrentReferenceHashMap$Entries
23:36:10.090 [main] INFO  o.e.r.instrumentation.EvoClassLoader - Seeing class for first time: org.springframework.beans.BeansException
23:36:10.090 [main] INFO  o.e.r.instrumentation.EvoClassLoader - Instrumenting class 'org.springframework.beans.BeansException'.
23:36:10.091 [main] INFO  o.e.r.i.MethodCallReplacementClassAdapter - Adding mock interface to class org/springframework/beans/BeansException
23:36:10.091 [main] INFO  o.e.r.i.CreateClassResetClassAdapter - Creating brand-new static initializer in class org/springframework/beans/BeansException
23:36:10.092 [main] DEBUG o.e.r.agent.TransformerForTests - Going to instrument: org.springframework.beans.BeansException
23:36:10.092 [main] INFO  o.e.r.instrumentation.EvoClassLoader - Seeing class for first time: org.springframework.core.NestedRuntimeException
23:36:10.092 [main] INFO  o.e.r.instrumentation.EvoClassLoader - Instrumenting class 'org.springframework.core.NestedRuntimeException'.
23:36:10.093 [main] INFO  o.e.r.i.MethodCallReplacementClassAdapter - Adding mock interface to class org/springframework/core/NestedRuntimeException
23:36:10.094 [main] INFO  o.e.r.i.CreateClassResetClassAdapter - Found static initializer in class org/springframework/core/NestedRuntimeException
23:36:10.094 [main] INFO  o.e.r.i.MethodCallReplacementClassAdapter - No hashCode defined for: org/springframework/core/NestedRuntimeException, superclass = java.lang.RuntimeException
23:36:10.094 [main] DEBUG o.e.r.agent.TransformerForTests - Going to instrument: org.springframework.core.NestedRuntimeException
23:36:10.095 [main] INFO  o.e.r.i.CreateClassResetClassAdapter - Found static initializer in class org/springframework/core/NestedRuntimeException
23:36:10.095 [main] INFO  o.e.r.i.MethodCallReplacementClassAdapter - No hashCode defined for: org/springframework/core/NestedRuntimeException, superclass = org.evosuite.runtime.mock.java.lang.MockRuntimeException
23:36:10.096 [main] INFO  o.e.r.instrumentation.EvoClassLoader - Error while loading class: java.lang.ClassFormatError: Duplicate method name&signature in class file org/springframework/core/NestedRuntimeException
23:36:10.096 [main] INFO  o.e.r.instrumentation.EvoClassLoader - Error while loading class: java.lang.NoClassDefFoundError: org/springframework/core/NestedRuntimeException
23:36:10.096 [main] ERROR o.e.r.c.ClassStateSupport - Could not initialize org.springframework.beans.BeansException: org/springframework/core/NestedRuntimeException
23:36:10.096 [main] INFO  o.e.r.instrumentation.EvoClassLoader - Seeing class for first time: org.springframework.web.method.support.UriComponentsContributor
23:36:10.096 [main] INFO  o.e.r.instrumentation.EvoClassLoader - Instrumenting class 'org.springframework.web.method.support.UriComponentsContributor'.
23:36:10.097 [main] DEBUG o.e.r.agent.TransformerForTests - Going to instrument: org.springframework.web.method.support.UriComponentsContributor
23:36:10.097 [main] INFO  o.e.r.instrumentation.EvoClassLoader - Keeping class: org.springframework.web.method.support.UriComponentsContributor
23:36:10.097 [main] INFO  o.e.r.instrumentation.EvoClassLoader - Seeing class for first time: com.fasterxml.jackson.databind.introspect.BasicClassIntrospector
23:36:10.097 [main] INFO  o.e.r.instrumentation.EvoClassLoader - Instrumenting class 'com.fasterxml.jackson.databind.introspect.BasicClassIntrospector'.
23:36:10.099 [main] INFO  o.e.r.i.MethodCallReplacementClassAdapter - Adding mock interface to class com/fasterxml/jackson/databind/introspect/BasicClassIntrospector
23:36:10.100 [main] INFO  o.e.r.i.CreateClassResetClassAdapter - Found static initializer in class com/fasterxml/jackson/databind/introspect/BasicClassIntrospector
23:36:10.100 [main] INFO  o.e.r.i.MethodCallReplacementClassAdapter - No hashCode defined for: com/fasterxml/jackson/databind/introspect/BasicClassIntrospector, superclass = com.fasterxml.jackson.databind.introspect.ClassIntrospector
23:36:10.100 [main] DEBUG o.e.r.agent.TransformerForTests - Going to instrument: com.fasterxml.jackson.databind.introspect.BasicClassIntrospector
23:36:10.101 [main] INFO  o.e.r.i.CreateClassResetClassAdapter - Found static initializer in class com/fasterxml/jackson/databind/introspect/BasicClassIntrospector
23:36:10.102 [main] INFO  o.e.r.i.MethodCallReplacementClassAdapter - No hashCode defined for: com/fasterxml/jackson/databind/introspect/BasicClassIntrospector, superclass = com.fasterxml.jackson.databind.introspect.ClassIntrospector
23:36:10.102 [main] INFO  o.e.r.instrumentation.EvoClassLoader - Error while loading class: java.lang.ClassFormatError: Duplicate method name&signature in class file com/fasterxml/jackson/databind/introspect/BasicClassIntrospector
23:36:10.102 [main] ERROR o.e.r.c.ClassStateSupport - Could not initialize com.fasterxml.jackson.databind.introspect.BasicClassIntrospector: Duplicate method name&signature in class file com/fasterxml/jackson/databind/introspect/BasicClassIntrospector
23:36:10.103 [main] INFO  o.e.r.instrumentation.EvoClassLoader - Seeing class for first time: org.springframework.core.ResolvableType$1
23:36:10.103 [main] INFO  o.e.r.instrumentation.EvoClassLoader - Instrumenting class 'org.springframework.core.ResolvableType$1'.
23:36:10.104 [main] INFO  o.e.r.i.MethodCallReplacementClassAdapter - Adding mock interface to class org/springframework/core/ResolvableType$1
23:36:10.104 [main] INFO  o.e.r.i.MethodCallReplacementClassAdapter - No hashCode defined for: org/springframework/core/ResolvableType$1, superclass = org.springframework.core.ResolvableType
23:36:10.105 [main] DEBUG o.e.r.agent.TransformerForTests - Going to instrument: org.springframework.core.ResolvableType$1
23:36:10.105 [main] INFO  o.e.r.i.MethodCallReplacementClassAdapter - No hashCode defined for: org/springframework/core/ResolvableType$1, superclass = org.springframework.core.ResolvableType
23:36:10.105 [main] INFO  o.e.r.instrumentation.EvoClassLoader - Seeing class for first time: org.springframework.core.ResolvableType
23:36:10.105 [main] INFO  o.e.r.instrumentation.EvoClassLoader - Instrumenting class 'org.springframework.core.ResolvableType'.
23:36:10.108 [main] INFO  o.e.r.i.MethodCallReplacementClassAdapter - Adding mock interface to class org/springframework/core/ResolvableType
23:36:10.111 [main] INFO  o.e.r.i.CreateClassResetClassAdapter - Found static initializer in class org/springframework/core/ResolvableType
23:36:10.112 [main] DEBUG o.e.r.agent.TransformerForTests - Going to instrument: org.springframework.core.ResolvableType
23:36:10.118 [main] INFO  o.e.r.i.CreateClassResetClassAdapter - Found static initializer in class org/springframework/core/ResolvableType
23:36:10.119 [main] INFO  o.e.r.instrumentation.EvoClassLoader - Error while loading class: java.lang.ClassFormatError: Duplicate method name&signature in class file org/springframework/core/ResolvableType
23:36:10.119 [main] INFO  o.e.r.instrumentation.EvoClassLoader - Error while loading class: java.lang.NoClassDefFoundError: org/springframework/core/ResolvableType
23:36:10.119 [main] ERROR o.e.r.c.ClassStateSupport - Could not initialize org.springframework.core.ResolvableType$1: org/springframework/core/ResolvableType
23:36:10.120 [main] INFO  o.e.r.instrumentation.EvoClassLoader - Seeing class for first time: org.springframework.web.HttpRequestMethodNotSupportedException
23:36:10.120 [main] INFO  o.e.r.instrumentation.EvoClassLoader - Instrumenting class 'org.springframework.web.HttpRequestMethodNotSupportedException'.
23:36:10.121 [main] INFO  o.e.r.i.MethodCallReplacementClassAdapter - Adding mock interface to class org/springframework/web/HttpRequestMethodNotSupportedException
23:36:10.121 [main] INFO  o.e.r.i.MethodCallReplacementClassAdapter - No hashCode defined for: org/springframework/web/HttpRequestMethodNotSupportedException, superclass = javax.servlet.ServletException
23:36:10.121 [main] INFO  o.e.r.i.CreateClassResetClassAdapter - Creating brand-new static initializer in class org/springframework/web/HttpRequestMethodNotSupportedException
23:36:10.121 [main] DEBUG o.e.r.agent.TransformerForTests - Going to instrument: org.springframework.web.HttpRequestMethodNotSupportedException
23:36:10.122 [main] INFO  o.e.r.i.MethodCallReplacementClassAdapter - No hashCode defined for: org/springframework/web/HttpRequestMethodNotSupportedException, superclass = javax.servlet.ServletException
23:36:10.122 [main] INFO  o.e.r.instrumentation.EvoClassLoader - Keeping class: org.springframework.web.HttpRequestMethodNotSupportedException
23:36:10.123 [main] INFO  o.e.r.instrumentation.EvoClassLoader - Seeing class for first time: com.fasterxml.jackson.core.base.ParserMinimalBase
23:36:10.123 [main] INFO  o.e.r.instrumentation.EvoClassLoader - Instrumenting class 'com.fasterxml.jackson.core.base.ParserMinimalBase'.
23:36:10.125 [main] INFO  o.e.r.i.MethodCallReplacementClassAdapter - Adding mock interface to class com/fasterxml/jackson/core/base/ParserMinimalBase
23:36:10.128 [main] INFO  o.e.r.i.MethodCallReplacementClassAdapter - No hashCode defined for: com/fasterxml/jackson/core/base/ParserMinimalBase, superclass = com.fasterxml.jackson.core.JsonParser
23:36:10.128 [main] INFO  o.e.r.i.CreateClassResetClassAdapter - Creating brand-new static initializer in class com/fasterxml/jackson/core/base/ParserMinimalBase
23:36:10.128 [main] INFO  o.e.r.i.CreateClassResetClassAdapter - Adding bytecode for initializing field INT_TAB
23:36:10.128 [main] INFO  o.e.r.i.CreateClassResetClassAdapter - Adding bytecode for initializing field INT_LF
23:36:10.128 [main] INFO  o.e.r.i.CreateClassResetClassAdapter - Adding bytecode for initializing field INT_CR
23:36:10.128 [main] INFO  o.e.r.i.CreateClassResetClassAdapter - Adding bytecode for initializing field INT_SPACE
23:36:10.128 [main] INFO  o.e.r.i.CreateClassResetClassAdapter - Adding bytecode for initializing field INT_LBRACKET
23:36:10.128 [main] INFO  o.e.r.i.CreateClassResetClassAdapter - Adding bytecode for initializing field INT_RBRACKET
23:36:10.128 [main] INFO  o.e.r.i.CreateClassResetClassAdapter - Adding bytecode for initializing field INT_LCURLY
23:36:10.128 [main] INFO  o.e.r.i.CreateClassResetClassAdapter - Adding bytecode for initializing field INT_RCURLY
23:36:10.128 [main] INFO  o.e.r.i.CreateClassResetClassAdapter - Adding bytecode for initializing field INT_QUOTE
23:36:10.128 [main] INFO  o.e.r.i.CreateClassResetClassAdapter - Adding bytecode for initializing field INT_BACKSLASH
23:36:10.128 [main] INFO  o.e.r.i.CreateClassResetClassAdapter - Adding bytecode for initializing field INT_SLASH
23:36:10.129 [main] INFO  o.e.r.i.CreateClassResetClassAdapter - Adding bytecode for initializing field INT_COLON
23:36:10.129 [main] INFO  o.e.r.i.CreateClassResetClassAdapter - Adding bytecode for initializing field INT_COMMA
23:36:10.129 [main] INFO  o.e.r.i.CreateClassResetClassAdapter - Adding bytecode for initializing field INT_HASH
23:36:10.130 [main] INFO  o.e.r.i.CreateClassResetClassAdapter - Adding bytecode for initializing field INT_PERIOD
23:36:10.130 [main] INFO  o.e.r.i.CreateClassResetClassAdapter - Adding bytecode for initializing field INT_e
23:36:10.130 [main] INFO  o.e.r.i.CreateClassResetClassAdapter - Adding bytecode for initializing field INT_E
23:36:10.130 [main] DEBUG o.e.r.agent.TransformerForTests - Going to instrument: com.fasterxml.jackson.core.base.ParserMinimalBase
23:36:10.134 [main] INFO  o.e.r.i.MethodCallReplacementClassAdapter - No hashCode defined for: com/fasterxml/jackson/core/base/ParserMinimalBase, superclass = com.fasterxml.jackson.core.JsonParser
23:36:10.134 [main] INFO  o.e.r.instrumentation.EvoClassLoader - Seeing class for first time: com.fasterxml.jackson.core.JsonParser
23:36:10.135 [main] INFO  o.e.r.instrumentation.EvoClassLoader - Instrumenting class 'com.fasterxml.jackson.core.JsonParser'.
23:36:10.136 [main] INFO  o.e.r.i.MethodCallReplacementClassAdapter - Adding mock interface to class com/fasterxml/jackson/core/JsonParser
23:36:10.140 [main] INFO  o.e.r.i.MethodCallReplacementClassAdapter - No hashCode defined for: com/fasterxml/jackson/core/JsonParser, superclass = java.lang.Object
23:36:10.140 [main] INFO  o.e.r.i.CreateClassResetClassAdapter - Creating brand-new static initializer in class com/fasterxml/jackson/core/JsonParser
23:36:10.140 [main] INFO  o.e.r.i.CreateClassResetClassAdapter - Adding bytecode for initializing field MIN_BYTE_I
23:36:10.140 [main] INFO  o.e.r.i.CreateClassResetClassAdapter - Adding bytecode for initializing field MAX_BYTE_I
23:36:10.140 [main] INFO  o.e.r.i.CreateClassResetClassAdapter - Adding bytecode for initializing field MIN_SHORT_I
23:36:10.140 [main] INFO  o.e.r.i.CreateClassResetClassAdapter - Adding bytecode for initializing field MAX_SHORT_I
23:36:10.141 [main] DEBUG o.e.r.agent.TransformerForTests - Going to instrument: com.fasterxml.jackson.core.JsonParser
23:36:10.146 [main] INFO  o.e.r.instrumentation.EvoClassLoader - Seeing class for first time: com.fasterxml.jackson.core.Versioned
23:36:10.146 [main] INFO  o.e.r.instrumentation.EvoClassLoader - Instrumenting class 'com.fasterxml.jackson.core.Versioned'.
23:36:10.147 [main] DEBUG o.e.r.agent.TransformerForTests - Going to instrument: com.fasterxml.jackson.core.Versioned
23:36:10.147 [main] INFO  o.e.r.instrumentation.EvoClassLoader - Keeping class: com.fasterxml.jackson.core.Versioned
23:36:10.147 [main] INFO  o.e.r.instrumentation.EvoClassLoader - Keeping class: com.fasterxml.jackson.core.JsonParser
23:36:10.147 [main] INFO  o.e.r.instrumentation.EvoClassLoader - Keeping class: com.fasterxml.jackson.core.base.ParserMinimalBase
23:36:10.147 [main] INFO  o.e.r.instrumentation.EvoClassLoader - Seeing class for first time: com.fasterxml.jackson.core.JsonParseException
23:36:10.147 [main] INFO  o.e.r.instrumentation.EvoClassLoader - Instrumenting class 'com.fasterxml.jackson.core.JsonParseException'.
23:36:10.148 [main] INFO  o.e.r.i.MethodCallReplacementClassAdapter - Adding mock interface to class com/fasterxml/jackson/core/JsonParseException
23:36:10.148 [main] INFO  o.e.r.i.MethodCallReplacementClassAdapter - No hashCode defined for: com/fasterxml/jackson/core/JsonParseException, superclass = com.fasterxml.jackson.core.JsonProcessingException
23:36:10.148 [main] INFO  o.e.r.i.CreateClassResetClassAdapter - Creating brand-new static initializer in class com/fasterxml/jackson/core/JsonParseException
23:36:10.148 [main] DEBUG o.e.r.agent.TransformerForTests - Going to instrument: com.fasterxml.jackson.core.JsonParseException
23:36:10.149 [main] INFO  o.e.r.i.MethodCallReplacementClassAdapter - No hashCode defined for: com/fasterxml/jackson/core/JsonParseException, superclass = com.fasterxml.jackson.core.JsonProcessingException
23:36:10.149 [main] INFO  o.e.r.instrumentation.EvoClassLoader - Seeing class for first time: com.fasterxml.jackson.core.JsonProcessingException
23:36:10.149 [main] INFO  o.e.r.instrumentation.EvoClassLoader - Instrumenting class 'com.fasterxml.jackson.core.JsonProcessingException'.
23:36:10.150 [main] INFO  o.e.r.i.MethodCallReplacementClassAdapter - Adding mock interface to class com/fasterxml/jackson/core/JsonProcessingException
23:36:10.150 [main] INFO  o.e.r.i.MethodCallReplacementClassAdapter - No hashCode defined for: com/fasterxml/jackson/core/JsonProcessingException, superclass = java.io.IOException
23:36:10.150 [main] INFO  o.e.r.i.CreateClassResetClassAdapter - Creating brand-new static initializer in class com/fasterxml/jackson/core/JsonProcessingException
23:36:10.150 [main] DEBUG o.e.r.agent.TransformerForTests - Going to instrument: com.fasterxml.jackson.core.JsonProcessingException
23:36:10.151 [main] INFO  o.e.r.i.MethodCallReplacementClassAdapter - No hashCode defined for: com/fasterxml/jackson/core/JsonProcessingException, superclass = org.evosuite.runtime.mock.java.io.MockIOException
23:36:10.151 [main] INFO  o.e.r.instrumentation.EvoClassLoader - Keeping class: com.fasterxml.jackson.core.JsonProcessingException
23:36:10.152 [main] INFO  o.e.r.instrumentation.EvoClassLoader - Keeping class: com.fasterxml.jackson.core.JsonParseException
23:36:10.153 [main] INFO  o.e.r.instrumentation.EvoClassLoader - Seeing class for first time: org.springframework.beans.factory.BeanFactory
23:36:10.153 [main] INFO  o.e.r.instrumentation.EvoClassLoader - Instrumenting class 'org.springframework.beans.factory.BeanFactory'.
23:36:10.154 [main] DEBUG o.e.r.agent.TransformerForTests - Going to instrument: org.springframework.beans.factory.BeanFactory
23:36:10.154 [main] INFO  o.e.r.instrumentation.EvoClassLoader - Keeping class: org.springframework.beans.factory.BeanFactory
23:36:10.154 [main] INFO  o.e.r.instrumentation.EvoClassLoader - Seeing class for first time: org.springframework.web.servlet.view.ContentNegotiatingViewResolver$1
23:36:10.154 [main] INFO  o.e.r.instrumentation.EvoClassLoader - Instrumenting class 'org.springframework.web.servlet.view.ContentNegotiatingViewResolver$1'.
23:36:10.155 [main] INFO  o.e.r.i.MethodCallReplacementClassAdapter - Adding mock interface to class org/springframework/web/servlet/view/ContentNegotiatingViewResolver$1
23:36:10.155 [main] INFO  o.e.r.i.MethodCallReplacementClassAdapter - No hashCode defined for: org/springframework/web/servlet/view/ContentNegotiatingViewResolver$1, superclass = java.lang.Object
23:36:10.156 [main] DEBUG o.e.r.agent.TransformerForTests - Going to instrument: org.springframework.web.servlet.view.ContentNegotiatingViewResolver$1
23:36:10.157 [main] INFO  o.e.r.instrumentation.EvoClassLoader - Seeing class for first time: org.springframework.web.servlet.View
23:36:10.157 [main] INFO  o.e.r.instrumentation.EvoClassLoader - Instrumenting class 'org.springframework.web.servlet.View'.
23:36:10.158 [main] DEBUG o.e.r.agent.TransformerForTests - Going to instrument: org.springframework.web.servlet.View
23:36:10.159 [main] INFO  o.e.r.instrumentation.EvoClassLoader - Keeping class: org.springframework.web.servlet.View
23:36:10.159 [main] INFO  o.e.r.instrumentation.EvoClassLoader - Keeping class: org.springframework.web.servlet.view.ContentNegotiatingViewResolver$1
23:36:10.159 [main] INFO  o.e.r.instrumentation.EvoClassLoader - Seeing class for first time: org.springframework.beans.factory.config.ConfigurableBeanFactory
23:36:10.159 [main] INFO  o.e.r.instrumentation.EvoClassLoader - Instrumenting class 'org.springframework.beans.factory.config.ConfigurableBeanFactory'.
23:36:10.160 [main] DEBUG o.e.r.agent.TransformerForTests - Going to instrument: org.springframework.beans.factory.config.ConfigurableBeanFactory
23:36:10.161 [main] INFO  o.e.r.instrumentation.EvoClassLoader - Seeing class for first time: org.springframework.beans.factory.HierarchicalBeanFactory
23:36:10.161 [main] INFO  o.e.r.instrumentation.EvoClassLoader - Instrumenting class 'org.springframework.beans.factory.HierarchicalBeanFactory'.
23:36:10.161 [main] DEBUG o.e.r.agent.TransformerForTests - Going to instrument: org.springframework.beans.factory.HierarchicalBeanFactory
23:36:10.162 [main] INFO  o.e.r.instrumentation.EvoClassLoader - Keeping class: org.springframework.beans.factory.HierarchicalBeanFactory
23:36:10.162 [main] INFO  o.e.r.instrumentation.EvoClassLoader - Seeing class for first time: org.springframework.beans.factory.config.SingletonBeanRegistry
23:36:10.162 [main] INFO  o.e.r.instrumentation.EvoClassLoader - Instrumenting class 'org.springframework.beans.factory.config.SingletonBeanRegistry'.
23:36:10.163 [main] DEBUG o.e.r.agent.TransformerForTests - Going to instrument: org.springframework.beans.factory.config.SingletonBeanRegistry
23:36:10.163 [main] INFO  o.e.r.instrumentation.EvoClassLoader - Keeping class: org.springframework.beans.factory.config.SingletonBeanRegistry
23:36:10.163 [main] INFO  o.e.r.instrumentation.EvoClassLoader - Keeping class: org.springframework.beans.factory.config.ConfigurableBeanFactory
23:36:10.164 [main] INFO  o.e.r.instrumentation.EvoClassLoader - Seeing class for first time: org.springframework.core.env.PropertySource$StubPropertySource
23:36:10.164 [main] INFO  o.e.r.instrumentation.EvoClassLoader - Instrumenting class 'org.springframework.core.env.PropertySource$StubPropertySource'.
23:36:10.165 [main] INFO  o.e.r.i.MethodCallReplacementClassAdapter - Adding mock interface to class org/springframework/core/env/PropertySource$StubPropertySource
23:36:10.165 [main] INFO  o.e.r.i.MethodCallReplacementClassAdapter - No hashCode defined for: org/springframework/core/env/PropertySource$StubPropertySource, superclass = org.springframework.core.env.PropertySource
23:36:10.165 [main] INFO  o.e.r.i.CreateClassResetClassAdapter - Creating brand-new static initializer in class org/springframework/core/env/PropertySource$StubPropertySource
23:36:10.165 [main] DEBUG o.e.r.agent.TransformerForTests - Going to instrument: org.springframework.core.env.PropertySource$StubPropertySource
23:36:10.165 [main] INFO  o.e.r.i.MethodCallReplacementClassAdapter - No hashCode defined for: org/springframework/core/env/PropertySource$StubPropertySource, superclass = org.springframework.core.env.PropertySource
23:36:10.165 [main] INFO  o.e.r.instrumentation.EvoClassLoader - Seeing class for first time: org.springframework.core.env.PropertySource
23:36:10.165 [main] INFO  o.e.r.instrumentation.EvoClassLoader - Instrumenting class 'org.springframework.core.env.PropertySource'.
23:36:10.170 [main] INFO  o.e.r.i.MethodCallReplacementClassAdapter - Adding mock interface to class org/springframework/core/env/PropertySource
23:36:10.170 [main] INFO  o.e.r.i.CreateClassResetClassAdapter - Creating brand-new static initializer in class org/springframework/core/env/PropertySource
23:36:10.170 [main] DEBUG o.e.r.agent.TransformerForTests - Going to instrument: org.springframework.core.env.PropertySource
23:36:10.171 [main] INFO  o.e.r.instrumentation.EvoClassLoader - Keeping class: org.springframework.core.env.PropertySource
23:36:10.171 [main] INFO  o.e.r.instrumentation.EvoClassLoader - Keeping class: org.springframework.core.env.PropertySource$StubPropertySource
23:36:10.171 [main] INFO  o.e.r.instrumentation.EvoClassLoader - Seeing class for first time: org.springframework.core.env.PropertySource$ComparisonPropertySource
23:36:10.171 [main] INFO  o.e.r.instrumentation.EvoClassLoader - Instrumenting class 'org.springframework.core.env.PropertySource$ComparisonPropertySource'.
23:36:10.172 [main] INFO  o.e.r.i.MethodCallReplacementClassAdapter - Adding mock interface to class org/springframework/core/env/PropertySource$ComparisonPropertySource
23:36:10.173 [main] INFO  o.e.r.i.MethodCallReplacementClassAdapter - No hashCode defined for: org/springframework/core/env/PropertySource$ComparisonPropertySource, superclass = org.springframework.core.env.PropertySource$StubPropertySource
23:36:10.173 [main] INFO  o.e.r.i.CreateClassResetClassAdapter - Creating brand-new static initializer in class org/springframework/core/env/PropertySource$ComparisonPropertySource
23:36:10.173 [main] INFO  o.e.r.i.CreateClassResetClassAdapter - Adding bytecode for initializing field USAGE_ERROR
23:36:10.173 [main] DEBUG o.e.r.agent.TransformerForTests - Going to instrument: org.springframework.core.env.PropertySource$ComparisonPropertySource
23:36:10.173 [main] INFO  o.e.r.i.MethodCallReplacementClassAdapter - No hashCode defined for: org/springframework/core/env/PropertySource$ComparisonPropertySource, superclass = org.springframework.core.env.PropertySource$StubPropertySource
23:36:10.173 [main] INFO  o.e.r.instrumentation.EvoClassLoader - Keeping class: org.springframework.core.env.PropertySource$ComparisonPropertySource
23:36:10.173 [main] INFO  o.e.r.instrumentation.EvoClassLoader - Seeing class for first time: org.springframework.web.servlet.view.UrlBasedViewResolver
23:36:10.173 [main] INFO  o.e.r.instrumentation.EvoClassLoader - Instrumenting class 'org.springframework.web.servlet.view.UrlBasedViewResolver'.
23:36:10.176 [main] INFO  o.e.r.i.MethodCallReplacementClassAdapter - Adding mock interface to class org/springframework/web/servlet/view/UrlBasedViewResolver
23:36:10.178 [main] INFO  o.e.r.i.MethodCallReplacementClassAdapter - No hashCode defined for: org/springframework/web/servlet/view/UrlBasedViewResolver, superclass = org.springframework.web.servlet.view.AbstractCachingViewResolver
23:36:10.178 [main] INFO  o.e.r.i.CreateClassResetClassAdapter - Creating brand-new static initializer in class org/springframework/web/servlet/view/UrlBasedViewResolver
23:36:10.178 [main] INFO  o.e.r.i.CreateClassResetClassAdapter - Adding bytecode for initializing field REDIRECT_URL_PREFIX
23:36:10.178 [main] INFO  o.e.r.i.CreateClassResetClassAdapter - Adding bytecode for initializing field FORWARD_URL_PREFIX
23:36:10.178 [main] DEBUG o.e.r.agent.TransformerForTests - Going to instrument: org.springframework.web.servlet.view.UrlBasedViewResolver
23:36:10.180 [main] INFO  o.e.r.i.MethodCallReplacementClassAdapter - No hashCode defined for: org/springframework/web/servlet/view/UrlBasedViewResolver, superclass = org.springframework.web.servlet.view.AbstractCachingViewResolver
23:36:10.181 [main] INFO  o.e.r.instrumentation.EvoClassLoader - Seeing class for first time: org.springframework.web.servlet.view.AbstractCachingViewResolver
23:36:10.181 [main] INFO  o.e.r.instrumentation.EvoClassLoader - Instrumenting class 'org.springframework.web.servlet.view.AbstractCachingViewResolver'.
23:36:10.182 [main] INFO  o.e.r.i.MethodCallReplacementClassAdapter - Adding mock interface to class org/springframework/web/servlet/view/AbstractCachingViewResolver
23:36:10.183 [main] INFO  o.e.r.i.CreateClassResetClassAdapter - Found static initializer in class org/springframework/web/servlet/view/AbstractCachingViewResolver
23:36:10.183 [main] INFO  o.e.r.i.MethodCallReplacementClassAdapter - No hashCode defined for: org/springframework/web/servlet/view/AbstractCachingViewResolver, superclass = org.springframework.web.context.support.WebApplicationObjectSupport
23:36:10.183 [main] DEBUG o.e.r.agent.TransformerForTests - Going to instrument: org.springframework.web.servlet.view.AbstractCachingViewResolver
23:36:10.184 [main] INFO  o.e.r.i.CreateClassResetClassAdapter - Found static initializer in class org/springframework/web/servlet/view/AbstractCachingViewResolver
23:36:10.184 [main] INFO  o.e.r.i.MethodCallReplacementClassAdapter - No hashCode defined for: org/springframework/web/servlet/view/AbstractCachingViewResolver, superclass = org.springframework.web.context.support.WebApplicationObjectSupport
23:36:10.185 [main] INFO  o.e.r.instrumentation.EvoClassLoader - Error while loading class: java.lang.ClassFormatError: Duplicate method name&signature in class file org/springframework/web/servlet/view/AbstractCachingViewResolver
23:36:10.185 [main] INFO  o.e.r.instrumentation.EvoClassLoader - Error while loading class: java.lang.NoClassDefFoundError: org/springframework/web/servlet/view/AbstractCachingViewResolver
23:36:10.185 [main] ERROR o.e.r.c.ClassStateSupport - Could not initialize org.springframework.web.servlet.view.UrlBasedViewResolver: org/springframework/web/servlet/view/AbstractCachingViewResolver
23:36:10.185 [main] INFO  o.e.r.instrumentation.EvoClassLoader - Seeing class for first time: org.springframework.core.SpringProperties
23:36:10.185 [main] INFO  o.e.r.instrumentation.EvoClassLoader - Instrumenting class 'org.springframework.core.SpringProperties'.
23:36:10.187 [main] INFO  o.e.r.i.MethodCallReplacementClassAdapter - Adding mock interface to class org/springframework/core/SpringProperties
23:36:10.187 [main] INFO  o.e.r.i.CreateClassResetClassAdapter - Found static initializer in class org/springframework/core/SpringProperties
23:36:10.188 [main] INFO  o.e.r.i.MethodCallReplacementClassAdapter - No hashCode defined for: org/springframework/core/SpringProperties, superclass = java.lang.Object
23:36:10.188 [main] DEBUG o.e.r.agent.TransformerForTests - Going to instrument: org.springframework.core.SpringProperties
23:36:10.188 [main] INFO  o.e.r.i.CreateClassResetClassAdapter - Found static initializer in class org/springframework/core/SpringProperties
23:36:10.190 [main] INFO  o.e.r.instrumentation.EvoClassLoader - Error while loading class: java.lang.ClassFormatError: Duplicate method name&signature in class file org/springframework/core/SpringProperties
23:36:10.190 [main] ERROR o.e.r.c.ClassStateSupport - Could not initialize org.springframework.core.SpringProperties: Duplicate method name&signature in class file org/springframework/core/SpringProperties
23:36:10.190 [main] INFO  o.e.r.instrumentation.EvoClassLoader - Seeing class for first time: org.springframework.http.HttpMessage
23:36:10.190 [main] INFO  o.e.r.instrumentation.EvoClassLoader - Instrumenting class 'org.springframework.http.HttpMessage'.
23:36:10.191 [main] DEBUG o.e.r.agent.TransformerForTests - Going to instrument: org.springframework.http.HttpMessage
23:36:10.191 [main] INFO  o.e.r.instrumentation.EvoClassLoader - Keeping class: org.springframework.http.HttpMessage
23:36:10.191 [main] INFO  o.e.r.instrumentation.EvoClassLoader - Seeing class for first time: org.springframework.beans.factory.annotation.Autowire
23:36:10.191 [main] INFO  o.e.r.instrumentation.EvoClassLoader - Instrumenting class 'org.springframework.beans.factory.annotation.Autowire'.
23:36:10.192 [main] INFO  o.e.r.i.MethodCallReplacementClassAdapter - Adding mock interface to class org/springframework/beans/factory/annotation/Autowire
23:36:10.192 [main] INFO  o.e.r.i.CreateClassResetClassAdapter - Found static initializer in class org/springframework/beans/factory/annotation/Autowire
23:36:10.192 [main] INFO  o.e.r.i.MethodCallReplacementClassAdapter - No hashCode defined for: org/springframework/beans/factory/annotation/Autowire, superclass = java.lang.Enum
23:36:10.192 [main] DEBUG o.e.r.agent.TransformerForTests - Going to instrument: org.springframework.beans.factory.annotation.Autowire
23:36:10.193 [main] INFO  o.e.r.i.CreateClassResetClassAdapter - Found static initializer in class org/springframework/beans/factory/annotation/Autowire
23:36:10.193 [main] INFO  o.e.r.i.MethodCallReplacementClassAdapter - No hashCode defined for: org/springframework/beans/factory/annotation/Autowire, superclass = java.lang.Enum
23:36:10.193 [main] INFO  o.e.r.instrumentation.EvoClassLoader - Error while loading class: java.lang.ClassFormatError: Duplicate method name&signature in class file org/springframework/beans/factory/annotation/Autowire
23:36:10.193 [main] ERROR o.e.r.c.ClassStateSupport - Could not initialize org.springframework.beans.factory.annotation.Autowire: Duplicate method name&signature in class file org/springframework/beans/factory/annotation/Autowire
23:36:10.193 [main] INFO  o.e.r.instrumentation.EvoClassLoader - Seeing class for first time: org.springframework.web.servlet.handler.AbstractHandlerMethodMapping$MappingRegistry
23:36:10.193 [main] INFO  o.e.r.instrumentation.EvoClassLoader - Instrumenting class 'org.springframework.web.servlet.handler.AbstractHandlerMethodMapping$MappingRegistry'.
23:36:10.194 [main] INFO  o.e.r.i.MethodCallReplacementClassAdapter - Adding mock interface to class org/springframework/web/servlet/handler/AbstractHandlerMethodMapping$MappingRegistry
23:36:10.202 [main] INFO  o.e.r.i.MethodCallReplacementClassAdapter - No hashCode defined for: org/springframework/web/servlet/handler/AbstractHandlerMethodMapping$MappingRegistry, superclass = java.lang.Object
23:36:10.208 [main] INFO  o.e.r.i.CreateClassResetClassAdapter - Creating brand-new static initializer in class org/springframework/web/servlet/handler/AbstractHandlerMethodMapping$MappingRegistry
23:36:10.208 [main] DEBUG o.e.r.agent.TransformerForTests - Going to instrument: org.springframework.web.servlet.handler.AbstractHandlerMethodMapping$MappingRegistry
23:36:10.211 [main] INFO  o.e.r.instrumentation.EvoClassLoader - Keeping class: org.springframework.web.servlet.handler.AbstractHandlerMethodMapping$MappingRegistry
23:36:10.212 [main] INFO  o.e.r.instrumentation.EvoClassLoader - Seeing class for first time: org.springframework.util.MultiValueMap
23:36:10.212 [main] INFO  o.e.r.instrumentation.EvoClassLoader - Instrumenting class 'org.springframework.util.MultiValueMap'.
23:36:10.213 [main] DEBUG o.e.r.agent.TransformerForTests - Going to instrument: org.springframework.util.MultiValueMap
23:36:10.213 [main] INFO  o.e.r.instrumentation.EvoClassLoader - Keeping class: org.springframework.util.MultiValueMap
23:36:10.214 [main] INFO  o.e.r.instrumentation.EvoClassLoader - Seeing class for first time: org.springframework.core.LocalVariableTableParameterNameDiscoverer
23:36:10.214 [main] INFO  o.e.r.instrumentation.EvoClassLoader - Instrumenting class 'org.springframework.core.LocalVariableTableParameterNameDiscoverer'.
23:36:10.215 [main] INFO  o.e.r.i.MethodCallReplacementClassAdapter - Adding mock interface to class org/springframework/core/LocalVariableTableParameterNameDiscoverer
23:36:10.217 [main] INFO  o.e.r.i.CreateClassResetClassAdapter - Found static initializer in class org/springframework/core/LocalVariableTableParameterNameDiscoverer
23:36:10.217 [main] INFO  o.e.r.i.MethodCallReplacementClassAdapter - No hashCode defined for: org/springframework/core/LocalVariableTableParameterNameDiscoverer, superclass = java.lang.Object
23:36:10.218 [main] DEBUG o.e.r.agent.TransformerForTests - Going to instrument: org.springframework.core.LocalVariableTableParameterNameDiscoverer
23:36:10.220 [main] INFO  o.e.r.i.CreateClassResetClassAdapter - Found static initializer in class org/springframework/core/LocalVariableTableParameterNameDiscoverer
23:36:10.220 [main] INFO  o.e.r.instrumentation.EvoClassLoader - Seeing class for first time: org.springframework.core.ParameterNameDiscoverer
23:36:10.220 [main] INFO  o.e.r.instrumentation.EvoClassLoader - Instrumenting class 'org.springframework.core.ParameterNameDiscoverer'.
23:36:10.221 [main] DEBUG o.e.r.agent.TransformerForTests - Going to instrument: org.springframework.core.ParameterNameDiscoverer
23:36:10.221 [main] INFO  o.e.r.instrumentation.EvoClassLoader - Keeping class: org.springframework.core.ParameterNameDiscoverer
23:36:10.221 [main] INFO  o.e.r.instrumentation.EvoClassLoader - Error while loading class: java.lang.ClassFormatError: Duplicate method name&signature in class file org/springframework/core/LocalVariableTableParameterNameDiscoverer
23:36:10.221 [main] ERROR o.e.r.c.ClassStateSupport - Could not initialize org.springframework.core.LocalVariableTableParameterNameDiscoverer: Duplicate method name&signature in class file org/springframework/core/LocalVariableTableParameterNameDiscoverer
23:36:10.221 [main] INFO  o.e.r.instrumentation.EvoClassLoader - Seeing class for first time: org.springframework.http.converter.xml.SourceHttpMessageConverter
23:36:10.221 [main] INFO  o.e.r.instrumentation.EvoClassLoader - Instrumenting class 'org.springframework.http.converter.xml.SourceHttpMessageConverter'.
23:36:10.223 [main] INFO  o.e.r.i.MethodCallReplacementClassAdapter - Adding mock interface to class org/springframework/http/converter/xml/SourceHttpMessageConverter
23:36:10.223 [main] INFO  o.e.r.i.CreateClassResetClassAdapter - Found static initializer in class org/springframework/http/converter/xml/SourceHttpMessageConverter
23:36:10.223 [main] INFO  o.e.r.i.MethodCallReplacementClassAdapter - No hashCode defined for: org/springframework/http/converter/xml/SourceHttpMessageConverter, superclass = org.springframework.http.converter.AbstractHttpMessageConverter
23:36:10.224 [main] DEBUG o.e.r.agent.TransformerForTests - Going to instrument: org.springframework.http.converter.xml.SourceHttpMessageConverter
23:36:10.225 [main] INFO  o.e.r.i.CreateClassResetClassAdapter - Found static initializer in class org/springframework/http/converter/xml/SourceHttpMessageConverter
23:36:10.225 [main] INFO  o.e.r.i.MethodCallReplacementClassAdapter - No hashCode defined for: org/springframework/http/converter/xml/SourceHttpMessageConverter, superclass = org.springframework.http.converter.AbstractHttpMessageConverter
23:36:10.226 [main] INFO  o.e.r.instrumentation.EvoClassLoader - Error while loading class: java.lang.ClassFormatError: Duplicate method name&signature in class file org/springframework/http/converter/xml/SourceHttpMessageConverter
23:36:10.226 [main] ERROR o.e.r.c.ClassStateSupport - Could not initialize org.springframework.http.converter.xml.SourceHttpMessageConverter: Duplicate method name&signature in class file org/springframework/http/converter/xml/SourceHttpMessageConverter
23:36:10.226 [main] INFO  o.e.r.instrumentation.EvoClassLoader - Seeing class for first time: org.springframework.web.servlet.view.AbstractUrlBasedView
23:36:10.226 [main] INFO  o.e.r.instrumentation.EvoClassLoader - Instrumenting class 'org.springframework.web.servlet.view.AbstractUrlBasedView'.
23:36:10.227 [main] INFO  o.e.r.i.MethodCallReplacementClassAdapter - Adding mock interface to class org/springframework/web/servlet/view/AbstractUrlBasedView
23:36:10.228 [main] INFO  o.e.r.i.MethodCallReplacementClassAdapter - No hashCode defined for: org/springframework/web/servlet/view/AbstractUrlBasedView, superclass = org.springframework.web.servlet.view.AbstractView
23:36:10.228 [main] INFO  o.e.r.i.CreateClassResetClassAdapter - Creating brand-new static initializer in class org/springframework/web/servlet/view/AbstractUrlBasedView
23:36:10.228 [main] DEBUG o.e.r.agent.TransformerForTests - Going to instrument: org.springframework.web.servlet.view.AbstractUrlBasedView
23:36:10.230 [main] INFO  o.e.r.i.MethodCallReplacementClassAdapter - No hashCode defined for: org/springframework/web/servlet/view/AbstractUrlBasedView, superclass = org.springframework.web.servlet.view.AbstractView
23:36:10.230 [main] INFO  o.e.r.instrumentation.EvoClassLoader - Seeing class for first time: org.springframework.web.servlet.view.AbstractView
23:36:10.230 [main] INFO  o.e.r.instrumentation.EvoClassLoader - Instrumenting class 'org.springframework.web.servlet.view.AbstractView'.
23:36:10.232 [main] INFO  o.e.r.i.MethodCallReplacementClassAdapter - Adding mock interface to class org/springframework/web/servlet/view/AbstractView
23:36:10.234 [main] INFO  o.e.r.i.MethodCallReplacementClassAdapter - No hashCode defined for: org/springframework/web/servlet/view/AbstractView, superclass = org.springframework.web.context.support.WebApplicationObjectSupport
23:36:10.234 [main] INFO  o.e.r.i.CreateClassResetClassAdapter - Creating brand-new static initializer in class org/springframework/web/servlet/view/AbstractView
23:36:10.234 [main] INFO  o.e.r.i.CreateClassResetClassAdapter - Adding bytecode for initializing field DEFAULT_CONTENT_TYPE
23:36:10.234 [main] INFO  o.e.r.i.CreateClassResetClassAdapter - Adding bytecode for initializing field OUTPUT_BYTE_ARRAY_INITIAL_SIZE
23:36:10.234 [main] DEBUG o.e.r.agent.TransformerForTests - Going to instrument: org.springframework.web.servlet.view.AbstractView
23:36:10.237 [main] INFO  o.e.r.i.MethodCallReplacementClassAdapter - No hashCode defined for: org/springframework/web/servlet/view/AbstractView, superclass = org.springframework.web.context.support.WebApplicationObjectSupport
23:36:10.237 [main] INFO  o.e.r.instrumentation.EvoClassLoader - Keeping class: org.springframework.web.servlet.view.AbstractView
23:36:10.237 [main] INFO  o.e.r.instrumentation.EvoClassLoader - Keeping class: org.springframework.web.servlet.view.AbstractUrlBasedView
23:36:10.237 [main] INFO  o.e.r.instrumentation.EvoClassLoader - Seeing class for first time: org.springframework.context.ApplicationContextException
23:36:10.237 [main] INFO  o.e.r.instrumentation.EvoClassLoader - Instrumenting class 'org.springframework.context.ApplicationContextException'.
23:36:10.238 [main] INFO  o.e.r.i.MethodCallReplacementClassAdapter - Adding mock interface to class org/springframework/context/ApplicationContextException
23:36:10.238 [main] INFO  o.e.r.i.MethodCallReplacementClassAdapter - No hashCode defined for: org/springframework/context/ApplicationContextException, superclass = org.springframework.beans.FatalBeanException
23:36:10.238 [main] INFO  o.e.r.i.CreateClassResetClassAdapter - Creating brand-new static initializer in class org/springframework/context/ApplicationContextException
23:36:10.238 [main] DEBUG o.e.r.agent.TransformerForTests - Going to instrument: org.springframework.context.ApplicationContextException
23:36:10.239 [main] INFO  o.e.r.i.MethodCallReplacementClassAdapter - No hashCode defined for: org/springframework/context/ApplicationContextException, superclass = org.springframework.beans.FatalBeanException
23:36:10.239 [main] INFO  o.e.r.instrumentation.EvoClassLoader - Seeing class for first time: org.springframework.beans.FatalBeanException
23:36:10.239 [main] INFO  o.e.r.instrumentation.EvoClassLoader - Instrumenting class 'org.springframework.beans.FatalBeanException'.
23:36:10.239 [main] INFO  o.e.r.i.MethodCallReplacementClassAdapter - Adding mock interface to class org/springframework/beans/FatalBeanException
23:36:10.240 [main] INFO  o.e.r.i.MethodCallReplacementClassAdapter - No hashCode defined for: org/springframework/beans/FatalBeanException, superclass = org.springframework.beans.BeansException
23:36:10.240 [main] INFO  o.e.r.i.CreateClassResetClassAdapter - Creating brand-new static initializer in class org/springframework/beans/FatalBeanException
23:36:10.241 [main] DEBUG o.e.r.agent.TransformerForTests - Going to instrument: org.springframework.beans.FatalBeanException
23:36:10.241 [main] INFO  o.e.r.i.MethodCallReplacementClassAdapter - No hashCode defined for: org/springframework/beans/FatalBeanException, superclass = org.springframework.beans.BeansException
23:36:10.241 [main] INFO  o.e.r.instrumentation.EvoClassLoader - Seeing class for first time: org.springframework.beans.BeansException
23:36:10.241 [main] INFO  o.e.r.instrumentation.EvoClassLoader - Instrumenting class 'org.springframework.beans.BeansException'.
23:36:10.242 [main] INFO  o.e.r.i.MethodCallReplacementClassAdapter - Adding mock interface to class org/springframework/beans/BeansException
23:36:10.243 [main] INFO  o.e.r.i.CreateClassResetClassAdapter - Creating brand-new static initializer in class org/springframework/beans/BeansException
23:36:10.243 [main] DEBUG o.e.r.agent.TransformerForTests - Going to instrument: org.springframework.beans.BeansException
23:36:10.243 [main] INFO  o.e.r.instrumentation.EvoClassLoader - Seeing class for first time: org.springframework.core.NestedRuntimeException
23:36:10.243 [main] INFO  o.e.r.instrumentation.EvoClassLoader - Instrumenting class 'org.springframework.core.NestedRuntimeException'.
23:36:10.244 [main] INFO  o.e.r.i.MethodCallReplacementClassAdapter - Adding mock interface to class org/springframework/core/NestedRuntimeException
23:36:10.245 [main] INFO  o.e.r.i.CreateClassResetClassAdapter - Found static initializer in class org/springframework/core/NestedRuntimeException
23:36:10.245 [main] INFO  o.e.r.i.MethodCallReplacementClassAdapter - No hashCode defined for: org/springframework/core/NestedRuntimeException, superclass = java.lang.RuntimeException
23:36:10.245 [main] DEBUG o.e.r.agent.TransformerForTests - Going to instrument: org.springframework.core.NestedRuntimeException
23:36:10.246 [main] INFO  o.e.r.i.CreateClassResetClassAdapter - Found static initializer in class org/springframework/core/NestedRuntimeException
23:36:10.246 [main] INFO  o.e.r.i.MethodCallReplacementClassAdapter - No hashCode defined for: org/springframework/core/NestedRuntimeException, superclass = org.evosuite.runtime.mock.java.lang.MockRuntimeException
23:36:10.247 [main] INFO  o.e.r.instrumentation.EvoClassLoader - Error while loading class: java.lang.ClassFormatError: Duplicate method name&signature in class file org/springframework/core/NestedRuntimeException
23:36:10.247 [main] INFO  o.e.r.instrumentation.EvoClassLoader - Error while loading class: java.lang.NoClassDefFoundError: org/springframework/core/NestedRuntimeException
23:36:10.247 [main] INFO  o.e.r.instrumentation.EvoClassLoader - Error while loading class: java.lang.NoClassDefFoundError: org/springframework/beans/BeansException
23:36:10.247 [main] INFO  o.e.r.instrumentation.EvoClassLoader - Error while loading class: java.lang.NoClassDefFoundError: org/springframework/beans/FatalBeanException
23:36:10.247 [main] ERROR o.e.r.c.ClassStateSupport - Could not initialize org.springframework.web.servlet.view.AbstractUrlBasedView: org/springframework/context/ApplicationContextException
23:36:10.247 [main] INFO  o.e.r.instrumentation.EvoClassLoader - Seeing class for first time: org.springframework.core.env.MutablePropertySources
23:36:10.247 [main] INFO  o.e.r.instrumentation.EvoClassLoader - Instrumenting class 'org.springframework.core.env.MutablePropertySources'.
23:36:10.248 [main] INFO  o.e.r.i.MethodCallReplacementClassAdapter - Adding mock interface to class org/springframework/core/env/MutablePropertySources
23:36:10.250 [main] INFO  o.e.r.i.MethodCallReplacementClassAdapter - No hashCode defined for: org/springframework/core/env/MutablePropertySources, superclass = java.lang.Object
23:36:10.251 [main] INFO  o.e.r.i.CreateClassResetClassAdapter - Creating brand-new static initializer in class org/springframework/core/env/MutablePropertySources
23:36:10.251 [main] DEBUG o.e.r.agent.TransformerForTests - Going to instrument: org.springframework.core.env.MutablePropertySources
23:36:10.254 [main] INFO  o.e.r.instrumentation.EvoClassLoader - Seeing class for first time: org.springframework.core.env.PropertySources
23:36:10.254 [main] INFO  o.e.r.instrumentation.EvoClassLoader - Instrumenting class 'org.springframework.core.env.PropertySources'.
23:36:10.255 [main] DEBUG o.e.r.agent.TransformerForTests - Going to instrument: org.springframework.core.env.PropertySources
23:36:10.256 [main] INFO  o.e.r.instrumentation.EvoClassLoader - Keeping class: org.springframework.core.env.PropertySources
23:36:10.256 [main] INFO  o.e.r.instrumentation.EvoClassLoader - Keeping class: org.springframework.core.env.MutablePropertySources
23:36:10.256 [main] INFO  o.e.r.instrumentation.EvoClassLoader - Seeing class for first time: org.springframework.boot.autoconfigure.web.ResourceProperties$Chain
23:36:10.256 [main] INFO  o.e.r.instrumentation.EvoClassLoader - Instrumenting class 'org.springframework.boot.autoconfigure.web.ResourceProperties$Chain'.
23:36:10.257 [main] INFO  o.e.r.i.MethodCallReplacementClassAdapter - Adding mock interface to class org/springframework/boot/autoconfigure/web/ResourceProperties$Chain
23:36:10.258 [main] INFO  o.e.r.i.MethodCallReplacementClassAdapter - No hashCode defined for: org/springframework/boot/autoconfigure/web/ResourceProperties$Chain, superclass = java.lang.Object
23:36:10.258 [main] INFO  o.e.r.i.CreateClassResetClassAdapter - Creating brand-new static initializer in class org/springframework/boot/autoconfigure/web/ResourceProperties$Chain
23:36:10.258 [main] DEBUG o.e.r.agent.TransformerForTests - Going to instrument: org.springframework.boot.autoconfigure.web.ResourceProperties$Chain
23:36:10.258 [main] INFO  o.e.r.instrumentation.EvoClassLoader - Keeping class: org.springframework.boot.autoconfigure.web.ResourceProperties$Chain
23:36:10.259 [main] INFO  o.e.r.instrumentation.EvoClassLoader - Seeing class for first time: org.springframework.util.ConcurrentReferenceHashMap$SoftEntryReference
23:36:10.259 [main] INFO  o.e.r.instrumentation.EvoClassLoader - Instrumenting class 'org.springframework.util.ConcurrentReferenceHashMap$SoftEntryReference'.
23:36:10.260 [main] INFO  o.e.r.i.MethodCallReplacementClassAdapter - Adding mock interface to class org/springframework/util/ConcurrentReferenceHashMap$SoftEntryReference
23:36:10.260 [main] INFO  o.e.r.i.MethodCallReplacementClassAdapter - No hashCode defined for: org/springframework/util/ConcurrentReferenceHashMap$SoftEntryReference, superclass = java.lang.ref.SoftReference
23:36:10.260 [main] INFO  o.e.r.i.CreateClassResetClassAdapter - Creating brand-new static initializer in class org/springframework/util/ConcurrentReferenceHashMap$SoftEntryReference
23:36:10.261 [main] DEBUG o.e.r.agent.TransformerForTests - Going to instrument: org.springframework.util.ConcurrentReferenceHashMap$SoftEntryReference
23:36:10.261 [main] INFO  o.e.r.i.MethodCallReplacementClassAdapter - No hashCode defined for: org/springframework/util/ConcurrentReferenceHashMap$SoftEntryReference, superclass = java.lang.ref.SoftReference
23:36:10.261 [main] INFO  o.e.r.instrumentation.EvoClassLoader - Seeing class for first time: org.springframework.util.ConcurrentReferenceHashMap$Reference
23:36:10.261 [main] INFO  o.e.r.instrumentation.EvoClassLoader - Instrumenting class 'org.springframework.util.ConcurrentReferenceHashMap$Reference'.
23:36:10.262 [main] DEBUG o.e.r.agent.TransformerForTests - Going to instrument: org.springframework.util.ConcurrentReferenceHashMap$Reference
23:36:10.262 [main] INFO  o.e.r.instrumentation.EvoClassLoader - Keeping class: org.springframework.util.ConcurrentReferenceHashMap$Reference
23:36:10.263 [main] INFO  o.e.r.instrumentation.EvoClassLoader - Keeping class: org.springframework.util.ConcurrentReferenceHashMap$SoftEntryReference
23:36:10.263 [main] INFO  o.e.r.instrumentation.EvoClassLoader - Seeing class for first time: org.springframework.beans.BeanUtils
23:36:10.263 [main] INFO  o.e.r.instrumentation.EvoClassLoader - Instrumenting class 'org.springframework.beans.BeanUtils'.
23:36:10.265 [main] INFO  o.e.r.i.MethodCallReplacementClassAdapter - Adding mock interface to class org/springframework/beans/BeanUtils
23:36:10.268 [main] INFO  o.e.r.i.CreateClassResetClassAdapter - Found static initializer in class org/springframework/beans/BeanUtils
23:36:10.268 [main] INFO  o.e.r.i.MethodCallReplacementClassAdapter - No hashCode defined for: org/springframework/beans/BeanUtils, superclass = java.lang.Object
23:36:10.268 [main] DEBUG o.e.r.agent.TransformerForTests - Going to instrument: org.springframework.beans.BeanUtils
23:36:10.272 [main] INFO  o.e.r.i.CreateClassResetClassAdapter - Found static initializer in class org/springframework/beans/BeanUtils
23:36:10.273 [main] INFO  o.e.r.instrumentation.EvoClassLoader - Error while loading class: java.lang.ClassFormatError: Duplicate method name&signature in class file org/springframework/beans/BeanUtils
23:36:10.273 [main] ERROR o.e.r.c.ClassStateSupport - Could not initialize org.springframework.beans.BeanUtils: Duplicate method name&signature in class file org/springframework/beans/BeanUtils
23:36:10.273 [main] INFO  o.e.r.instrumentation.EvoClassLoader - Seeing class for first time: org.springframework.beans.BeanInstantiationException
23:36:10.273 [main] INFO  o.e.r.instrumentation.EvoClassLoader - Instrumenting class 'org.springframework.beans.BeanInstantiationException'.
23:36:10.274 [main] INFO  o.e.r.i.MethodCallReplacementClassAdapter - Adding mock interface to class org/springframework/beans/BeanInstantiationException
23:36:10.275 [main] INFO  o.e.r.i.MethodCallReplacementClassAdapter - No hashCode defined for: org/springframework/beans/BeanInstantiationException, superclass = org.springframework.beans.FatalBeanException
23:36:10.275 [main] INFO  o.e.r.i.CreateClassResetClassAdapter - Creating brand-new static initializer in class org/springframework/beans/BeanInstantiationException
23:36:10.275 [main] DEBUG o.e.r.agent.TransformerForTests - Going to instrument: org.springframework.beans.BeanInstantiationException
23:36:10.276 [main] INFO  o.e.r.i.MethodCallReplacementClassAdapter - No hashCode defined for: org/springframework/beans/BeanInstantiationException, superclass = org.springframework.beans.FatalBeanException
23:36:10.276 [main] INFO  o.e.r.instrumentation.EvoClassLoader - Seeing class for first time: org.springframework.beans.FatalBeanException
23:36:10.276 [main] INFO  o.e.r.instrumentation.EvoClassLoader - Instrumenting class 'org.springframework.beans.FatalBeanException'.
23:36:10.277 [main] INFO  o.e.r.i.MethodCallReplacementClassAdapter - Adding mock interface to class org/springframework/beans/FatalBeanException
23:36:10.277 [main] INFO  o.e.r.i.MethodCallReplacementClassAdapter - No hashCode defined for: org/springframework/beans/FatalBeanException, superclass = org.springframework.beans.BeansException
23:36:10.277 [main] INFO  o.e.r.i.CreateClassResetClassAdapter - Creating brand-new static initializer in class org/springframework/beans/FatalBeanException
23:36:10.277 [main] DEBUG o.e.r.agent.TransformerForTests - Going to instrument: org.springframework.beans.FatalBeanException
23:36:10.278 [main] INFO  o.e.r.i.MethodCallReplacementClassAdapter - No hashCode defined for: org/springframework/beans/FatalBeanException, superclass = org.springframework.beans.BeansException
23:36:10.278 [main] INFO  o.e.r.instrumentation.EvoClassLoader - Seeing class for first time: org.springframework.beans.BeansException
23:36:10.278 [main] INFO  o.e.r.instrumentation.EvoClassLoader - Instrumenting class 'org.springframework.beans.BeansException'.
23:36:10.279 [main] INFO  o.e.r.i.MethodCallReplacementClassAdapter - Adding mock interface to class org/springframework/beans/BeansException
23:36:10.280 [main] INFO  o.e.r.i.CreateClassResetClassAdapter - Creating brand-new static initializer in class org/springframework/beans/BeansException
23:36:10.280 [main] DEBUG o.e.r.agent.TransformerForTests - Going to instrument: org.springframework.beans.BeansException
23:36:10.281 [main] INFO  o.e.r.instrumentation.EvoClassLoader - Seeing class for first time: org.springframework.core.NestedRuntimeException
23:36:10.281 [main] INFO  o.e.r.instrumentation.EvoClassLoader - Instrumenting class 'org.springframework.core.NestedRuntimeException'.
23:36:10.282 [main] INFO  o.e.r.i.MethodCallReplacementClassAdapter - Adding mock interface to class org/springframework/core/NestedRuntimeException
23:36:10.283 [main] INFO  o.e.r.i.CreateClassResetClassAdapter - Found static initializer in class org/springframework/core/NestedRuntimeException
23:36:10.286 [main] INFO  o.e.r.i.MethodCallReplacementClassAdapter - No hashCode defined for: org/springframework/core/NestedRuntimeException, superclass = java.lang.RuntimeException
23:36:10.287 [main] DEBUG o.e.r.agent.TransformerForTests - Going to instrument: org.springframework.core.NestedRuntimeException
23:36:10.288 [main] INFO  o.e.r.i.CreateClassResetClassAdapter - Found static initializer in class org/springframework/core/NestedRuntimeException
23:36:10.288 [main] INFO  o.e.r.i.MethodCallReplacementClassAdapter - No hashCode defined for: org/springframework/core/NestedRuntimeException, superclass = org.evosuite.runtime.mock.java.lang.MockRuntimeException
23:36:10.289 [main] INFO  o.e.r.instrumentation.EvoClassLoader - Error while loading class: java.lang.ClassFormatError: Duplicate method name&signature in class file org/springframework/core/NestedRuntimeException
23:36:10.289 [main] INFO  o.e.r.instrumentation.EvoClassLoader - Error while loading class: java.lang.NoClassDefFoundError: org/springframework/core/NestedRuntimeException
23:36:10.289 [main] INFO  o.e.r.instrumentation.EvoClassLoader - Error while loading class: java.lang.NoClassDefFoundError: org/springframework/beans/BeansException
23:36:10.289 [main] INFO  o.e.r.instrumentation.EvoClassLoader - Error while loading class: java.lang.NoClassDefFoundError: org/springframework/beans/FatalBeanException
23:36:10.289 [main] ERROR o.e.r.c.ClassStateSupport - Could not initialize org.springframework.beans.BeanInstantiationException: org/springframework/beans/FatalBeanException
23:36:10.289 [main] INFO  o.e.r.instrumentation.EvoClassLoader - Seeing class for first time: org.springframework.web.accept.AbstractMappingContentNegotiationStrategy
23:36:10.289 [main] INFO  o.e.r.instrumentation.EvoClassLoader - Instrumenting class 'org.springframework.web.accept.AbstractMappingContentNegotiationStrategy'.
23:36:10.290 [main] INFO  o.e.r.i.MethodCallReplacementClassAdapter - Adding mock interface to class org/springframework/web/accept/AbstractMappingContentNegotiationStrategy
23:36:10.290 [main] INFO  o.e.r.i.MethodCallReplacementClassAdapter - No hashCode defined for: org/springframework/web/accept/AbstractMappingContentNegotiationStrategy, superclass = org.springframework.web.accept.MappingMediaTypeFileExtensionResolver
23:36:10.290 [main] INFO  o.e.r.i.CreateClassResetClassAdapter - Creating brand-new static initializer in class org/springframework/web/accept/AbstractMappingContentNegotiationStrategy
23:36:10.291 [main] DEBUG o.e.r.agent.TransformerForTests - Going to instrument: org.springframework.web.accept.AbstractMappingContentNegotiationStrategy
23:36:10.291 [main] INFO  o.e.r.i.MethodCallReplacementClassAdapter - No hashCode defined for: org/springframework/web/accept/AbstractMappingContentNegotiationStrategy, superclass = org.springframework.web.accept.MappingMediaTypeFileExtensionResolver
23:36:10.292 [main] INFO  o.e.r.instrumentation.EvoClassLoader - Seeing class for first time: org.springframework.web.accept.ContentNegotiationStrategy
23:36:10.292 [main] INFO  o.e.r.instrumentation.EvoClassLoader - Instrumenting class 'org.springframework.web.accept.ContentNegotiationStrategy'.
23:36:10.293 [main] DEBUG o.e.r.agent.TransformerForTests - Going to instrument: org.springframework.web.accept.ContentNegotiationStrategy
23:36:10.293 [main] INFO  o.e.r.instrumentation.EvoClassLoader - Keeping class: org.springframework.web.accept.ContentNegotiationStrategy
23:36:10.294 [main] INFO  o.e.r.instrumentation.EvoClassLoader - Seeing class for first time: org.springframework.web.accept.MappingMediaTypeFileExtensionResolver
23:36:10.294 [main] INFO  o.e.r.instrumentation.EvoClassLoader - Instrumenting class 'org.springframework.web.accept.MappingMediaTypeFileExtensionResolver'.
23:36:10.295 [main] INFO  o.e.r.i.MethodCallReplacementClassAdapter - Adding mock interface to class org/springframework/web/accept/MappingMediaTypeFileExtensionResolver
23:36:10.295 [main] INFO  o.e.r.i.MethodCallReplacementClassAdapter - No hashCode defined for: org/springframework/web/accept/MappingMediaTypeFileExtensionResolver, superclass = java.lang.Object
23:36:10.295 [main] INFO  o.e.r.i.CreateClassResetClassAdapter - Creating brand-new static initializer in class org/springframework/web/accept/MappingMediaTypeFileExtensionResolver
23:36:10.295 [main] DEBUG o.e.r.agent.TransformerForTests - Going to instrument: org.springframework.web.accept.MappingMediaTypeFileExtensionResolver
23:36:10.296 [main] INFO  o.e.r.instrumentation.EvoClassLoader - Seeing class for first time: org.springframework.web.accept.MediaTypeFileExtensionResolver
23:36:10.297 [main] INFO  o.e.r.instrumentation.EvoClassLoader - Instrumenting class 'org.springframework.web.accept.MediaTypeFileExtensionResolver'.
23:36:10.298 [main] DEBUG o.e.r.agent.TransformerForTests - Going to instrument: org.springframework.web.accept.MediaTypeFileExtensionResolver
23:36:10.298 [main] INFO  o.e.r.instrumentation.EvoClassLoader - Keeping class: org.springframework.web.accept.MediaTypeFileExtensionResolver
23:36:10.298 [main] INFO  o.e.r.instrumentation.EvoClassLoader - Keeping class: org.springframework.web.accept.MappingMediaTypeFileExtensionResolver
23:36:10.298 [main] INFO  o.e.r.instrumentation.EvoClassLoader - Keeping class: org.springframework.web.accept.AbstractMappingContentNegotiationStrategy
23:36:10.299 [main] INFO  o.e.r.instrumentation.EvoClassLoader - Seeing class for first time: com.fasterxml.jackson.databind.ser.SerializerFactory
23:36:10.299 [main] INFO  o.e.r.instrumentation.EvoClassLoader - Instrumenting class 'com.fasterxml.jackson.databind.ser.SerializerFactory'.
23:36:10.300 [main] INFO  o.e.r.i.MethodCallReplacementClassAdapter - Adding mock interface to class com/fasterxml/jackson/databind/ser/SerializerFactory
23:36:10.301 [main] INFO  o.e.r.i.MethodCallReplacementClassAdapter - No hashCode defined for: com/fasterxml/jackson/databind/ser/SerializerFactory, superclass = java.lang.Object
23:36:10.301 [main] INFO  o.e.r.i.CreateClassResetClassAdapter - Creating brand-new static initializer in class com/fasterxml/jackson/databind/ser/SerializerFactory
23:36:10.301 [main] DEBUG o.e.r.agent.TransformerForTests - Going to instrument: com.fasterxml.jackson.databind.ser.SerializerFactory
23:36:10.301 [main] INFO  o.e.r.instrumentation.EvoClassLoader - Keeping class: com.fasterxml.jackson.databind.ser.SerializerFactory
23:36:10.302 [main] INFO  o.e.r.instrumentation.EvoClassLoader - Seeing class for first time: org.springframework.asm.ClassVisitor
23:36:10.302 [main] INFO  o.e.r.instrumentation.EvoClassLoader - Instrumenting class 'org.springframework.asm.ClassVisitor'.
23:36:10.304 [main] INFO  o.e.r.i.MethodCallReplacementClassAdapter - Adding mock interface to class org/springframework/asm/ClassVisitor
23:36:10.306 [main] INFO  o.e.r.i.MethodCallReplacementClassAdapter - No hashCode defined for: org/springframework/asm/ClassVisitor, superclass = java.lang.Object
23:36:10.306 [main] INFO  o.e.r.i.CreateClassResetClassAdapter - Creating brand-new static initializer in class org/springframework/asm/ClassVisitor
23:36:10.307 [main] DEBUG o.e.r.agent.TransformerForTests - Going to instrument: org.springframework.asm.ClassVisitor
23:36:10.309 [main] INFO  o.e.r.instrumentation.EvoClassLoader - Keeping class: org.springframework.asm.ClassVisitor
23:36:10.310 [main] INFO  o.e.r.instrumentation.EvoClassLoader - Seeing class for first time: com.fasterxml.jackson.databind.type.SimpleType
23:36:10.310 [main] INFO  o.e.r.instrumentation.EvoClassLoader - Instrumenting class 'com.fasterxml.jackson.databind.type.SimpleType'.
23:36:10.312 [main] INFO  o.e.r.i.MethodCallReplacementClassAdapter - Adding mock interface to class com/fasterxml/jackson/databind/type/SimpleType
23:36:10.315 [main] INFO  o.e.r.i.MethodCallReplacementClassAdapter - No hashCode defined for: com/fasterxml/jackson/databind/type/SimpleType, superclass = com.fasterxml.jackson.databind.type.TypeBase
23:36:10.315 [main] INFO  o.e.r.i.CreateClassResetClassAdapter - Creating brand-new static initializer in class com/fasterxml/jackson/databind/type/SimpleType
23:36:10.315 [main] DEBUG o.e.r.agent.TransformerForTests - Going to instrument: com.fasterxml.jackson.databind.type.SimpleType
23:36:10.319 [main] INFO  o.e.r.i.MethodCallReplacementClassAdapter - No hashCode defined for: com/fasterxml/jackson/databind/type/SimpleType, superclass = com.fasterxml.jackson.databind.type.TypeBase
23:36:10.319 [main] INFO  o.e.r.instrumentation.EvoClassLoader - Keeping class: com.fasterxml.jackson.databind.type.SimpleType
23:36:10.320 [main] INFO  o.e.r.instrumentation.EvoClassLoader - Seeing class for first time: org.springframework.web.servlet.handler.AbstractHandlerMapping
23:36:10.320 [main] INFO  o.e.r.instrumentation.EvoClassLoader - Instrumenting class 'org.springframework.web.servlet.handler.AbstractHandlerMapping'.
23:36:10.326 [main] INFO  o.e.r.i.MethodCallReplacementClassAdapter - Adding mock interface to class org/springframework/web/servlet/handler/AbstractHandlerMapping
23:36:10.328 [main] INFO  o.e.r.i.MethodCallReplacementClassAdapter - No hashCode defined for: org/springframework/web/servlet/handler/AbstractHandlerMapping, superclass = org.springframework.web.context.support.WebApplicationObjectSupport
23:36:10.328 [main] INFO  o.e.r.i.CreateClassResetClassAdapter - Creating brand-new static initializer in class org/springframework/web/servlet/handler/AbstractHandlerMapping
23:36:10.329 [main] DEBUG o.e.r.agent.TransformerForTests - Going to instrument: org.springframework.web.servlet.handler.AbstractHandlerMapping
23:36:10.332 [main] INFO  o.e.r.i.MethodCallReplacementClassAdapter - No hashCode defined for: org/springframework/web/servlet/handler/AbstractHandlerMapping, superclass = org.springframework.web.context.support.WebApplicationObjectSupport
23:36:10.333 [main] INFO  o.e.r.instrumentation.EvoClassLoader - Seeing class for first time: org.springframework.web.servlet.HandlerMapping
23:36:10.333 [main] INFO  o.e.r.instrumentation.EvoClassLoader - Instrumenting class 'org.springframework.web.servlet.HandlerMapping'.
23:36:10.334 [main] DEBUG o.e.r.agent.TransformerForTests - Going to instrument: org.springframework.web.servlet.HandlerMapping
23:36:10.335 [main] INFO  o.e.r.instrumentation.EvoClassLoader - Keeping class: org.springframework.web.servlet.HandlerMapping
23:36:10.335 [main] INFO  o.e.r.instrumentation.EvoClassLoader - Keeping class: org.springframework.web.servlet.handler.AbstractHandlerMapping
23:36:10.335 [main] INFO  o.e.r.instrumentation.EvoClassLoader - Seeing class for first time: org.springframework.context.ApplicationContextException
23:36:10.335 [main] INFO  o.e.r.instrumentation.EvoClassLoader - Instrumenting class 'org.springframework.context.ApplicationContextException'.
23:36:10.336 [main] INFO  o.e.r.i.MethodCallReplacementClassAdapter - Adding mock interface to class org/springframework/context/ApplicationContextException
23:36:10.337 [main] INFO  o.e.r.i.MethodCallReplacementClassAdapter - No hashCode defined for: org/springframework/context/ApplicationContextException, superclass = org.springframework.beans.FatalBeanException
23:36:10.337 [main] INFO  o.e.r.i.CreateClassResetClassAdapter - Creating brand-new static initializer in class org/springframework/context/ApplicationContextException
23:36:10.337 [main] DEBUG o.e.r.agent.TransformerForTests - Going to instrument: org.springframework.context.ApplicationContextException
23:36:10.337 [main] INFO  o.e.r.i.MethodCallReplacementClassAdapter - No hashCode defined for: org/springframework/context/ApplicationContextException, superclass = org.springframework.beans.FatalBeanException
23:36:10.337 [main] INFO  o.e.r.instrumentation.EvoClassLoader - Seeing class for first time: org.springframework.beans.FatalBeanException
23:36:10.337 [main] INFO  o.e.r.instrumentation.EvoClassLoader - Instrumenting class 'org.springframework.beans.FatalBeanException'.
23:36:10.338 [main] INFO  o.e.r.i.MethodCallReplacementClassAdapter - Adding mock interface to class org/springframework/beans/FatalBeanException
23:36:10.338 [main] INFO  o.e.r.i.MethodCallReplacementClassAdapter - No hashCode defined for: org/springframework/beans/FatalBeanException, superclass = org.springframework.beans.BeansException
23:36:10.338 [main] INFO  o.e.r.i.CreateClassResetClassAdapter - Creating brand-new static initializer in class org/springframework/beans/FatalBeanException
23:36:10.338 [main] DEBUG o.e.r.agent.TransformerForTests - Going to instrument: org.springframework.beans.FatalBeanException
23:36:10.338 [main] INFO  o.e.r.i.MethodCallReplacementClassAdapter - No hashCode defined for: org/springframework/beans/FatalBeanException, superclass = org.springframework.beans.BeansException
23:36:10.339 [main] INFO  o.e.r.instrumentation.EvoClassLoader - Seeing class for first time: org.springframework.beans.BeansException
23:36:10.339 [main] INFO  o.e.r.instrumentation.EvoClassLoader - Instrumenting class 'org.springframework.beans.BeansException'.
23:36:10.339 [main] INFO  o.e.r.i.MethodCallReplacementClassAdapter - Adding mock interface to class org/springframework/beans/BeansException
23:36:10.340 [main] INFO  o.e.r.i.CreateClassResetClassAdapter - Creating brand-new static initializer in class org/springframework/beans/BeansException
23:36:10.341 [main] DEBUG o.e.r.agent.TransformerForTests - Going to instrument: org.springframework.beans.BeansException
23:36:10.341 [main] INFO  o.e.r.instrumentation.EvoClassLoader - Seeing class for first time: org.springframework.core.NestedRuntimeException
23:36:10.341 [main] INFO  o.e.r.instrumentation.EvoClassLoader - Instrumenting class 'org.springframework.core.NestedRuntimeException'.
23:36:10.342 [main] INFO  o.e.r.i.MethodCallReplacementClassAdapter - Adding mock interface to class org/springframework/core/NestedRuntimeException
23:36:10.344 [main] INFO  o.e.r.i.CreateClassResetClassAdapter - Found static initializer in class org/springframework/core/NestedRuntimeException
23:36:10.344 [main] INFO  o.e.r.i.MethodCallReplacementClassAdapter - No hashCode defined for: org/springframework/core/NestedRuntimeException, superclass = java.lang.RuntimeException
23:36:10.344 [main] DEBUG o.e.r.agent.TransformerForTests - Going to instrument: org.springframework.core.NestedRuntimeException
23:36:10.345 [main] INFO  o.e.r.i.CreateClassResetClassAdapter - Found static initializer in class org/springframework/core/NestedRuntimeException
23:36:10.345 [main] INFO  o.e.r.i.MethodCallReplacementClassAdapter - No hashCode defined for: org/springframework/core/NestedRuntimeException, superclass = org.evosuite.runtime.mock.java.lang.MockRuntimeException
23:36:10.346 [main] INFO  o.e.r.instrumentation.EvoClassLoader - Error while loading class: java.lang.ClassFormatError: Duplicate method name&signature in class file org/springframework/core/NestedRuntimeException
23:36:10.346 [main] INFO  o.e.r.instrumentation.EvoClassLoader - Error while loading class: java.lang.NoClassDefFoundError: org/springframework/core/NestedRuntimeException
23:36:10.346 [main] INFO  o.e.r.instrumentation.EvoClassLoader - Error while loading class: java.lang.NoClassDefFoundError: org/springframework/beans/BeansException
23:36:10.346 [main] INFO  o.e.r.instrumentation.EvoClassLoader - Error while loading class: java.lang.NoClassDefFoundError: org/springframework/beans/FatalBeanException
23:36:10.346 [main] ERROR o.e.r.c.ClassStateSupport - Could not initialize org.springframework.web.servlet.handler.AbstractHandlerMapping: org/springframework/context/ApplicationContextException
23:36:10.346 [main] INFO  o.e.r.instrumentation.EvoClassLoader - Seeing class for first time: org.springframework.web.util.NestedServletException
23:36:10.346 [main] INFO  o.e.r.instrumentation.EvoClassLoader - Instrumenting class 'org.springframework.web.util.NestedServletException'.
23:36:10.347 [main] INFO  o.e.r.i.MethodCallReplacementClassAdapter - Adding mock interface to class org/springframework/web/util/NestedServletException
23:36:10.347 [main] INFO  o.e.r.i.CreateClassResetClassAdapter - Found static initializer in class org/springframework/web/util/NestedServletException
23:36:10.347 [main] INFO  o.e.r.i.MethodCallReplacementClassAdapter - No hashCode defined for: org/springframework/web/util/NestedServletException, superclass = javax.servlet.ServletException
23:36:10.347 [main] DEBUG o.e.r.agent.TransformerForTests - Going to instrument: org.springframework.web.util.NestedServletException
23:36:10.348 [main] INFO  o.e.r.i.CreateClassResetClassAdapter - Found static initializer in class org/springframework/web/util/NestedServletException
23:36:10.348 [main] INFO  o.e.r.i.MethodCallReplacementClassAdapter - No hashCode defined for: org/springframework/web/util/NestedServletException, superclass = javax.servlet.ServletException
23:36:10.348 [main] INFO  o.e.r.instrumentation.EvoClassLoader - Error while loading class: java.lang.ClassFormatError: Duplicate method name&signature in class file org/springframework/web/util/NestedServletException
23:36:10.348 [main] ERROR o.e.r.c.ClassStateSupport - Could not initialize org.springframework.web.util.NestedServletException: Duplicate method name&signature in class file org/springframework/web/util/NestedServletException
23:36:10.348 [main] INFO  o.e.r.instrumentation.EvoClassLoader - Seeing class for first time: com.fasterxml.jackson.databind.Module$SetupContext
23:36:10.348 [main] INFO  o.e.r.instrumentation.EvoClassLoader - Instrumenting class 'com.fasterxml.jackson.databind.Module$SetupContext'.
23:36:10.349 [main] DEBUG o.e.r.agent.TransformerForTests - Going to instrument: com.fasterxml.jackson.databind.Module$SetupContext
23:36:10.349 [main] INFO  o.e.r.instrumentation.EvoClassLoader - Keeping class: com.fasterxml.jackson.databind.Module$SetupContext
23:36:10.349 [main] INFO  o.e.r.instrumentation.EvoClassLoader - Seeing class for first time: org.springframework.web.servlet.view.AbstractCachingViewResolver$1
23:36:10.350 [main] INFO  o.e.r.instrumentation.EvoClassLoader - Instrumenting class 'org.springframework.web.servlet.view.AbstractCachingViewResolver$1'.
23:36:10.350 [main] INFO  o.e.r.i.MethodCallReplacementClassAdapter - Adding mock interface to class org/springframework/web/servlet/view/AbstractCachingViewResolver$1
23:36:10.350 [main] INFO  o.e.r.i.MethodCallReplacementClassAdapter - No hashCode defined for: org/springframework/web/servlet/view/AbstractCachingViewResolver$1, superclass = java.lang.Object
23:36:10.351 [main] DEBUG o.e.r.agent.TransformerForTests - Going to instrument: org.springframework.web.servlet.view.AbstractCachingViewResolver$1
23:36:10.351 [main] INFO  o.e.r.instrumentation.EvoClassLoader - Keeping class: org.springframework.web.servlet.view.AbstractCachingViewResolver$1
23:36:10.352 [main] INFO  o.e.r.instrumentation.EvoClassLoader - Seeing class for first time: org.springframework.web.servlet.view.AbstractCachingViewResolver$2
23:36:10.352 [main] INFO  o.e.r.instrumentation.EvoClassLoader - Instrumenting class 'org.springframework.web.servlet.view.AbstractCachingViewResolver$2'.
23:36:10.353 [main] INFO  o.e.r.i.MethodCallReplacementClassAdapter - Adding mock interface to class org/springframework/web/servlet/view/AbstractCachingViewResolver$2
23:36:10.353 [main] INFO  o.e.r.i.MethodCallReplacementClassAdapter - No hashCode defined for: org/springframework/web/servlet/view/AbstractCachingViewResolver$2, superclass = java.util.LinkedHashMap
23:36:10.354 [main] DEBUG o.e.r.agent.TransformerForTests - Going to instrument: org.springframework.web.servlet.view.AbstractCachingViewResolver$2
23:36:10.354 [main] INFO  o.e.r.i.MethodCallReplacementClassAdapter - No hashCode defined for: org/springframework/web/servlet/view/AbstractCachingViewResolver$2, superclass = java.util.LinkedHashMap
23:36:10.355 [main] INFO  o.e.r.instrumentation.EvoClassLoader - Keeping class: org.springframework.web.servlet.view.AbstractCachingViewResolver$2
23:36:10.355 [main] INFO  o.e.r.instrumentation.EvoClassLoader - Seeing class for first time: com.fasterxml.jackson.databind.deser.BeanDeserializerFactory
23:36:10.355 [main] INFO  o.e.r.instrumentation.EvoClassLoader - Instrumenting class 'com.fasterxml.jackson.databind.deser.BeanDeserializerFactory'.
23:36:10.357 [main] INFO  o.e.r.i.MethodCallReplacementClassAdapter - Adding mock interface to class com/fasterxml/jackson/databind/deser/BeanDeserializerFactory
23:36:10.377 [main] INFO  o.e.r.i.CreateClassResetClassAdapter - Found static initializer in class com/fasterxml/jackson/databind/deser/BeanDeserializerFactory
23:36:10.377 [main] INFO  o.e.r.i.MethodCallReplacementClassAdapter - No hashCode defined for: com/fasterxml/jackson/databind/deser/BeanDeserializerFactory, superclass = com.fasterxml.jackson.databind.deser.BasicDeserializerFactory
23:36:10.378 [main] DEBUG o.e.r.agent.TransformerForTests - Going to instrument: com.fasterxml.jackson.databind.deser.BeanDeserializerFactory
23:36:10.393 [main] INFO  o.e.r.i.CreateClassResetClassAdapter - Found static initializer in class com/fasterxml/jackson/databind/deser/BeanDeserializerFactory
23:36:10.393 [main] INFO  o.e.r.i.MethodCallReplacementClassAdapter - No hashCode defined for: com/fasterxml/jackson/databind/deser/BeanDeserializerFactory, superclass = com.fasterxml.jackson.databind.deser.BasicDeserializerFactory
23:36:10.394 [main] INFO  o.e.r.instrumentation.EvoClassLoader - Error while loading class: java.lang.ClassFormatError: Duplicate method name&signature in class file com/fasterxml/jackson/databind/deser/BeanDeserializerFactory
23:36:10.394 [main] ERROR o.e.r.c.ClassStateSupport - Could not initialize com.fasterxml.jackson.databind.deser.BeanDeserializerFactory: Duplicate method name&signature in class file com/fasterxml/jackson/databind/deser/BeanDeserializerFactory
23:36:10.394 [main] INFO  o.e.r.instrumentation.EvoClassLoader - Seeing class for first time: org.springframework.http.converter.AbstractHttpMessageConverter
23:36:10.394 [main] INFO  o.e.r.instrumentation.EvoClassLoader - Instrumenting class 'org.springframework.http.converter.AbstractHttpMessageConverter'.
23:36:10.395 [main] INFO  o.e.r.i.MethodCallReplacementClassAdapter - Adding mock interface to class org/springframework/http/converter/AbstractHttpMessageConverter
23:36:10.396 [main] INFO  o.e.r.i.MethodCallReplacementClassAdapter - No hashCode defined for: org/springframework/http/converter/AbstractHttpMessageConverter, superclass = java.lang.Object
23:36:10.396 [main] INFO  o.e.r.i.CreateClassResetClassAdapter - Creating brand-new static initializer in class org/springframework/http/converter/AbstractHttpMessageConverter
23:36:10.396 [main] DEBUG o.e.r.agent.TransformerForTests - Going to instrument: org.springframework.http.converter.AbstractHttpMessageConverter
23:36:10.398 [main] INFO  o.e.r.instrumentation.EvoClassLoader - Seeing class for first time: org.springframework.http.converter.HttpMessageConverter
23:36:10.398 [main] INFO  o.e.r.instrumentation.EvoClassLoader - Instrumenting class 'org.springframework.http.converter.HttpMessageConverter'.
23:36:10.399 [main] DEBUG o.e.r.agent.TransformerForTests - Going to instrument: org.springframework.http.converter.HttpMessageConverter
23:36:10.399 [main] INFO  o.e.r.instrumentation.EvoClassLoader - Keeping class: org.springframework.http.converter.HttpMessageConverter
23:36:10.400 [main] INFO  o.e.r.instrumentation.EvoClassLoader - Keeping class: org.springframework.http.converter.AbstractHttpMessageConverter
23:36:10.400 [main] INFO  o.e.r.instrumentation.EvoClassLoader - Seeing class for first time: com.fasterxml.jackson.databind.ser.BeanSerializerFactory
23:36:10.400 [main] INFO  o.e.r.instrumentation.EvoClassLoader - Instrumenting class 'com.fasterxml.jackson.databind.ser.BeanSerializerFactory'.
23:36:10.402 [main] INFO  o.e.r.i.MethodCallReplacementClassAdapter - Adding mock interface to class com/fasterxml/jackson/databind/ser/BeanSerializerFactory
23:36:10.410 [main] INFO  o.e.r.i.CreateClassResetClassAdapter - Found static initializer in class com/fasterxml/jackson/databind/ser/BeanSerializerFactory
23:36:10.410 [main] INFO  o.e.r.i.MethodCallReplacementClassAdapter - No hashCode defined for: com/fasterxml/jackson/databind/ser/BeanSerializerFactory, superclass = com.fasterxml.jackson.databind.ser.BasicSerializerFactory
23:36:10.410 [main] DEBUG o.e.r.agent.TransformerForTests - Going to instrument: com.fasterxml.jackson.databind.ser.BeanSerializerFactory
23:36:10.420 [main] INFO  o.e.r.i.CreateClassResetClassAdapter - Found static initializer in class com/fasterxml/jackson/databind/ser/BeanSerializerFactory
23:36:10.420 [main] INFO  o.e.r.i.MethodCallReplacementClassAdapter - No hashCode defined for: com/fasterxml/jackson/databind/ser/BeanSerializerFactory, superclass = com.fasterxml.jackson.databind.ser.BasicSerializerFactory
23:36:10.421 [main] INFO  o.e.r.instrumentation.EvoClassLoader - Error while loading class: java.lang.ClassFormatError: Duplicate method name&signature in class file com/fasterxml/jackson/databind/ser/BeanSerializerFactory
23:36:10.421 [main] ERROR o.e.r.c.ClassStateSupport - Could not initialize com.fasterxml.jackson.databind.ser.BeanSerializerFactory: Duplicate method name&signature in class file com/fasterxml/jackson/databind/ser/BeanSerializerFactory
23:36:10.422 [main] INFO  o.e.r.instrumentation.EvoClassLoader - Seeing class for first time: org.springframework.beans.FatalBeanException
23:36:10.422 [main] INFO  o.e.r.instrumentation.EvoClassLoader - Instrumenting class 'org.springframework.beans.FatalBeanException'.
23:36:10.422 [main] INFO  o.e.r.i.MethodCallReplacementClassAdapter - Adding mock interface to class org/springframework/beans/FatalBeanException
23:36:10.422 [main] INFO  o.e.r.i.MethodCallReplacementClassAdapter - No hashCode defined for: org/springframework/beans/FatalBeanException, superclass = org.springframework.beans.BeansException
23:36:10.422 [main] INFO  o.e.r.i.CreateClassResetClassAdapter - Creating brand-new static initializer in class org/springframework/beans/FatalBeanException
23:36:10.423 [main] DEBUG o.e.r.agent.TransformerForTests - Going to instrument: org.springframework.beans.FatalBeanException
23:36:10.423 [main] INFO  o.e.r.i.MethodCallReplacementClassAdapter - No hashCode defined for: org/springframework/beans/FatalBeanException, superclass = org.springframework.beans.BeansException
23:36:10.423 [main] INFO  o.e.r.instrumentation.EvoClassLoader - Seeing class for first time: org.springframework.beans.BeansException
23:36:10.423 [main] INFO  o.e.r.instrumentation.EvoClassLoader - Instrumenting class 'org.springframework.beans.BeansException'.
23:36:10.423 [main] INFO  o.e.r.i.MethodCallReplacementClassAdapter - Adding mock interface to class org/springframework/beans/BeansException
23:36:10.424 [main] INFO  o.e.r.i.CreateClassResetClassAdapter - Creating brand-new static initializer in class org/springframework/beans/BeansException
23:36:10.424 [main] DEBUG o.e.r.agent.TransformerForTests - Going to instrument: org.springframework.beans.BeansException
23:36:10.424 [main] INFO  o.e.r.instrumentation.EvoClassLoader - Seeing class for first time: org.springframework.core.NestedRuntimeException
23:36:10.424 [main] INFO  o.e.r.instrumentation.EvoClassLoader - Instrumenting class 'org.springframework.core.NestedRuntimeException'.
23:36:10.425 [main] INFO  o.e.r.i.MethodCallReplacementClassAdapter - Adding mock interface to class org/springframework/core/NestedRuntimeException
23:36:10.427 [main] INFO  o.e.r.i.CreateClassResetClassAdapter - Found static initializer in class org/springframework/core/NestedRuntimeException
23:36:10.427 [main] INFO  o.e.r.i.MethodCallReplacementClassAdapter - No hashCode defined for: org/springframework/core/NestedRuntimeException, superclass = java.lang.RuntimeException
23:36:10.427 [main] DEBUG o.e.r.agent.TransformerForTests - Going to instrument: org.springframework.core.NestedRuntimeException
23:36:10.428 [main] INFO  o.e.r.i.CreateClassResetClassAdapter - Found static initializer in class org/springframework/core/NestedRuntimeException
23:36:10.429 [main] INFO  o.e.r.i.MethodCallReplacementClassAdapter - No hashCode defined for: org/springframework/core/NestedRuntimeException, superclass = org.evosuite.runtime.mock.java.lang.MockRuntimeException
23:36:10.429 [main] INFO  o.e.r.instrumentation.EvoClassLoader - Error while loading class: java.lang.ClassFormatError: Duplicate method name&signature in class file org/springframework/core/NestedRuntimeException
23:36:10.429 [main] INFO  o.e.r.instrumentation.EvoClassLoader - Error while loading class: java.lang.NoClassDefFoundError: org/springframework/core/NestedRuntimeException
23:36:10.430 [main] INFO  o.e.r.instrumentation.EvoClassLoader - Error while loading class: java.lang.NoClassDefFoundError: org/springframework/beans/BeansException
23:36:10.430 [main] ERROR o.e.r.c.ClassStateSupport - Could not initialize org.springframework.beans.FatalBeanException: org/springframework/beans/BeansException
23:36:10.430 [main] INFO  o.e.r.instrumentation.EvoClassLoader - Seeing class for first time: com.rickhanberryfinal.config.ResourceConfig
23:36:10.430 [main] INFO  o.e.r.instrumentation.EvoClassLoader - Instrumenting class 'com.rickhanberryfinal.config.ResourceConfig'.
23:36:10.431 [main] INFO  o.e.r.i.MethodCallReplacementClassAdapter - Adding mock interface to class com/rickhanberryfinal/config/ResourceConfig
23:36:10.431 [main] INFO  o.e.r.i.MethodCallReplacementClassAdapter - No hashCode defined for: com/rickhanberryfinal/config/ResourceConfig, superclass = org.springframework.boot.autoconfigure.web.WebMvcAutoConfiguration$WebMvcAutoConfigurationAdapter
23:36:10.431 [main] INFO  o.e.r.i.CreateClassResetClassAdapter - Creating brand-new static initializer in class com/rickhanberryfinal/config/ResourceConfig
23:36:10.431 [main] DEBUG o.e.r.agent.TransformerForTests - Going to instrument: com.rickhanberryfinal.config.ResourceConfig
23:36:10.432 [main] INFO  o.e.r.i.MethodCallReplacementClassAdapter - No hashCode defined for: com/rickhanberryfinal/config/ResourceConfig, superclass = org.springframework.boot.autoconfigure.web.WebMvcAutoConfiguration$WebMvcAutoConfigurationAdapter
23:36:10.432 [main] INFO  o.e.r.instrumentation.EvoClassLoader - Seeing class for first time: org.springframework.boot.autoconfigure.web.WebMvcAutoConfiguration$WebMvcAutoConfigurationAdapter
23:36:10.432 [main] INFO  o.e.r.instrumentation.EvoClassLoader - Instrumenting class 'org.springframework.boot.autoconfigure.web.WebMvcAutoConfiguration$WebMvcAutoConfigurationAdapter'.
23:36:10.433 [main] INFO  o.e.r.i.MethodCallReplacementClassAdapter - Adding mock interface to class org/springframework/boot/autoconfigure/web/WebMvcAutoConfiguration$WebMvcAutoConfigurationAdapter
23:36:10.434 [main] INFO  o.e.r.i.CreateClassResetClassAdapter - Found static initializer in class org/springframework/boot/autoconfigure/web/WebMvcAutoConfiguration$WebMvcAutoConfigurationAdapter
23:36:10.434 [main] INFO  o.e.r.i.MethodCallReplacementClassAdapter - No hashCode defined for: org/springframework/boot/autoconfigure/web/WebMvcAutoConfiguration$WebMvcAutoConfigurationAdapter, superclass = org.springframework.web.servlet.config.annotation.WebMvcConfigurerAdapter
23:36:10.434 [main] DEBUG o.e.r.agent.TransformerForTests - Going to instrument: org.springframework.boot.autoconfigure.web.WebMvcAutoConfiguration$WebMvcAutoConfigurationAdapter
23:36:10.435 [main] INFO  o.e.r.i.CreateClassResetClassAdapter - Found static initializer in class org/springframework/boot/autoconfigure/web/WebMvcAutoConfiguration$WebMvcAutoConfigurationAdapter
23:36:10.436 [main] INFO  o.e.r.i.MethodCallReplacementClassAdapter - No hashCode defined for: org/springframework/boot/autoconfigure/web/WebMvcAutoConfiguration$WebMvcAutoConfigurationAdapter, superclass = org.springframework.web.servlet.config.annotation.WebMvcConfigurerAdapter
23:36:10.436 [main] INFO  o.e.r.instrumentation.EvoClassLoader - Error while loading class: java.lang.ClassFormatError: Duplicate method name&signature in class file org/springframework/boot/autoconfigure/web/WebMvcAutoConfiguration$WebMvcAutoConfigurationAdapter
23:36:10.436 [main] INFO  o.e.r.instrumentation.EvoClassLoader - Error while loading class: java.lang.NoClassDefFoundError: org/springframework/boot/autoconfigure/web/WebMvcAutoConfiguration$WebMvcAutoConfigurationAdapter
23:36:10.436 [main] ERROR o.e.r.c.ClassStateSupport - Could not initialize com.rickhanberryfinal.config.ResourceConfig: org/springframework/boot/autoconfigure/web/WebMvcAutoConfiguration$WebMvcAutoConfigurationAdapter
23:36:10.436 [main] INFO  o.e.r.instrumentation.EvoClassLoader - Seeing class for first time: org.springframework.core.convert.converter.ConverterFactory
23:36:10.436 [main] INFO  o.e.r.instrumentation.EvoClassLoader - Instrumenting class 'org.springframework.core.convert.converter.ConverterFactory'.
23:36:10.437 [main] DEBUG o.e.r.agent.TransformerForTests - Going to instrument: org.springframework.core.convert.converter.ConverterFactory
23:36:10.438 [main] INFO  o.e.r.instrumentation.EvoClassLoader - Keeping class: org.springframework.core.convert.converter.ConverterFactory
23:36:10.438 [main] INFO  o.e.r.instrumentation.EvoClassLoader - Seeing class for first time: org.springframework.web.cors.CorsConfiguration
23:36:10.438 [main] INFO  o.e.r.instrumentation.EvoClassLoader - Instrumenting class 'org.springframework.web.cors.CorsConfiguration'.
23:36:10.439 [main] INFO  o.e.r.i.MethodCallReplacementClassAdapter - Adding mock interface to class org/springframework/web/cors/CorsConfiguration
23:36:10.441 [main] INFO  o.e.r.i.MethodCallReplacementClassAdapter - No hashCode defined for: org/springframework/web/cors/CorsConfiguration, superclass = java.lang.Object
23:36:10.442 [main] INFO  o.e.r.i.CreateClassResetClassAdapter - Creating brand-new static initializer in class org/springframework/web/cors/CorsConfiguration
23:36:10.442 [main] INFO  o.e.r.i.CreateClassResetClassAdapter - Adding bytecode for initializing field ALL
23:36:10.442 [main] DEBUG o.e.r.agent.TransformerForTests - Going to instrument: org.springframework.web.cors.CorsConfiguration
23:36:10.446 [main] INFO  o.e.r.instrumentation.EvoClassLoader - Keeping class: org.springframework.web.cors.CorsConfiguration
23:36:10.448 [main] INFO  o.e.r.instrumentation.EvoClassLoader - Seeing class for first time: org.springframework.boot.autoconfigure.web.WebMvcProperties
23:36:10.448 [main] INFO  o.e.r.instrumentation.EvoClassLoader - Instrumenting class 'org.springframework.boot.autoconfigure.web.WebMvcProperties'.
23:36:10.450 [main] INFO  o.e.r.i.MethodCallReplacementClassAdapter - Adding mock interface to class org/springframework/boot/autoconfigure/web/WebMvcProperties
23:36:10.450 [main] INFO  o.e.r.i.MethodCallReplacementClassAdapter - No hashCode defined for: org/springframework/boot/autoconfigure/web/WebMvcProperties, superclass = java.lang.Object
23:36:10.450 [main] INFO  o.e.r.i.CreateClassResetClassAdapter - Creating brand-new static initializer in class org/springframework/boot/autoconfigure/web/WebMvcProperties
23:36:10.451 [main] DEBUG o.e.r.agent.TransformerForTests - Going to instrument: org.springframework.boot.autoconfigure.web.WebMvcProperties
23:36:10.452 [main] INFO  o.e.r.instrumentation.EvoClassLoader - Keeping class: org.springframework.boot.autoconfigure.web.WebMvcProperties
23:36:10.452 [main] INFO  o.e.r.instrumentation.EvoClassLoader - Seeing class for first time: org.springframework.format.support.FormattingConversionService
23:36:10.452 [main] INFO  o.e.r.instrumentation.EvoClassLoader - Instrumenting class 'org.springframework.format.support.FormattingConversionService'.
23:36:10.454 [main] INFO  o.e.r.i.MethodCallReplacementClassAdapter - Adding mock interface to class org/springframework/format/support/FormattingConversionService
23:36:10.456 [main] INFO  o.e.r.i.MethodCallReplacementClassAdapter - No hashCode defined for: org/springframework/format/support/FormattingConversionService, superclass = org.springframework.core.convert.support.GenericConversionService
23:36:10.458 [main] INFO  o.e.r.i.CreateClassResetClassAdapter - Creating brand-new static initializer in class org/springframework/format/support/FormattingConversionService
23:36:10.460 [main] DEBUG o.e.r.agent.TransformerForTests - Going to instrument: org.springframework.format.support.FormattingConversionService
23:36:10.462 [main] INFO  o.e.r.i.MethodCallReplacementClassAdapter - No hashCode defined for: org/springframework/format/support/FormattingConversionService, superclass = org.springframework.core.convert.support.GenericConversionService
23:36:10.463 [main] INFO  o.e.r.instrumentation.EvoClassLoader - Seeing class for first time: org.springframework.format.FormatterRegistry
23:36:10.463 [main] INFO  o.e.r.instrumentation.EvoClassLoader - Instrumenting class 'org.springframework.format.FormatterRegistry'.
23:36:10.464 [main] DEBUG o.e.r.agent.TransformerForTests - Going to instrument: org.springframework.format.FormatterRegistry
23:36:10.465 [main] INFO  o.e.r.instrumentation.EvoClassLoader - Seeing class for first time: org.springframework.core.convert.converter.ConverterRegistry
23:36:10.465 [main] INFO  o.e.r.instrumentation.EvoClassLoader - Instrumenting class 'org.springframework.core.convert.converter.ConverterRegistry'.
23:36:10.466 [main] DEBUG o.e.r.agent.TransformerForTests - Going to instrument: org.springframework.core.convert.converter.ConverterRegistry
23:36:10.467 [main] INFO  o.e.r.instrumentation.EvoClassLoader - Keeping class: org.springframework.core.convert.converter.ConverterRegistry
23:36:10.467 [main] INFO  o.e.r.instrumentation.EvoClassLoader - Keeping class: org.springframework.format.FormatterRegistry
23:36:10.467 [main] INFO  o.e.r.instrumentation.EvoClassLoader - Seeing class for first time: org.springframework.context.EmbeddedValueResolverAware
23:36:10.467 [main] INFO  o.e.r.instrumentation.EvoClassLoader - Instrumenting class 'org.springframework.context.EmbeddedValueResolverAware'.
23:36:10.468 [main] DEBUG o.e.r.agent.TransformerForTests - Going to instrument: org.springframework.context.EmbeddedValueResolverAware
23:36:10.468 [main] INFO  o.e.r.instrumentation.EvoClassLoader - Keeping class: org.springframework.context.EmbeddedValueResolverAware
23:36:10.469 [main] INFO  o.e.r.instrumentation.EvoClassLoader - Seeing class for first time: org.springframework.core.convert.support.GenericConversionService
23:36:10.469 [main] INFO  o.e.r.instrumentation.EvoClassLoader - Instrumenting class 'org.springframework.core.convert.support.GenericConversionService'.
23:36:10.470 [main] INFO  o.e.r.i.MethodCallReplacementClassAdapter - Adding mock interface to class org/springframework/core/convert/support/GenericConversionService
23:36:10.485 [main] INFO  o.e.r.i.CreateClassResetClassAdapter - Found static initializer in class org/springframework/core/convert/support/GenericConversionService
23:36:10.486 [main] INFO  o.e.r.i.MethodCallReplacementClassAdapter - No hashCode defined for: org/springframework/core/convert/support/GenericConversionService, superclass = java.lang.Object
23:36:10.486 [main] DEBUG o.e.r.agent.TransformerForTests - Going to instrument: org.springframework.core.convert.support.GenericConversionService
23:36:10.490 [main] INFO  o.e.r.i.CreateClassResetClassAdapter - Found static initializer in class org/springframework/core/convert/support/GenericConversionService
23:36:10.494 [main] INFO  o.e.r.instrumentation.EvoClassLoader - Seeing class for first time: org.springframework.core.convert.support.ConfigurableConversionService
23:36:10.497 [main] INFO  o.e.r.instrumentation.EvoClassLoader - Instrumenting class 'org.springframework.core.convert.support.ConfigurableConversionService'.
23:36:10.499 [main] DEBUG o.e.r.agent.TransformerForTests - Going to instrument: org.springframework.core.convert.support.ConfigurableConversionService
23:36:10.500 [main] INFO  o.e.r.instrumentation.EvoClassLoader - Keeping class: org.springframework.core.convert.support.ConfigurableConversionService
23:36:10.503 [main] INFO  o.e.r.instrumentation.EvoClassLoader - Error while loading class: java.lang.ClassFormatError: Duplicate method name&signature in class file org/springframework/core/convert/support/GenericConversionService
23:36:10.503 [main] INFO  o.e.r.instrumentation.EvoClassLoader - Error while loading class: java.lang.NoClassDefFoundError: org/springframework/core/convert/support/GenericConversionService
23:36:10.503 [main] ERROR o.e.r.c.ClassStateSupport - Could not initialize org.springframework.format.support.FormattingConversionService: org/springframework/core/convert/support/GenericConversionService
23:36:10.503 [main] INFO  o.e.r.instrumentation.EvoClassLoader - Seeing class for first time: org.springframework.web.servlet.config.annotation.ResourceHandlerRegistry
23:36:10.503 [main] INFO  o.e.r.instrumentation.EvoClassLoader - Instrumenting class 'org.springframework.web.servlet.config.annotation.ResourceHandlerRegistry'.
23:36:10.505 [main] INFO  o.e.r.i.MethodCallReplacementClassAdapter - Adding mock interface to class org/springframework/web/servlet/config/annotation/ResourceHandlerRegistry
23:36:10.505 [main] INFO  o.e.r.i.MethodCallReplacementClassAdapter - No hashCode defined for: org/springframework/web/servlet/config/annotation/ResourceHandlerRegistry, superclass = java.lang.Object
23:36:10.505 [main] INFO  o.e.r.i.CreateClassResetClassAdapter - Creating brand-new static initializer in class org/springframework/web/servlet/config/annotation/ResourceHandlerRegistry
23:36:10.506 [main] DEBUG o.e.r.agent.TransformerForTests - Going to instrument: org.springframework.web.servlet.config.annotation.ResourceHandlerRegistry
23:36:10.507 [main] INFO  o.e.r.instrumentation.EvoClassLoader - Keeping class: org.springframework.web.servlet.config.annotation.ResourceHandlerRegistry
23:36:10.508 [main] INFO  o.e.r.instrumentation.EvoClassLoader - Seeing class for first time: org.springframework.core.io.ResourceLoader
23:36:10.508 [main] INFO  o.e.r.instrumentation.EvoClassLoader - Instrumenting class 'org.springframework.core.io.ResourceLoader'.
23:36:10.509 [main] DEBUG o.e.r.agent.TransformerForTests - Going to instrument: org.springframework.core.io.ResourceLoader
23:36:10.509 [main] INFO  o.e.r.instrumentation.EvoClassLoader - Keeping class: org.springframework.core.io.ResourceLoader
23:36:10.509 [main] INFO  o.e.r.instrumentation.EvoClassLoader - Seeing class for first time: org.springframework.beans.factory.BeanInitializationException
23:36:10.509 [main] INFO  o.e.r.instrumentation.EvoClassLoader - Instrumenting class 'org.springframework.beans.factory.BeanInitializationException'.
23:36:10.510 [main] INFO  o.e.r.i.MethodCallReplacementClassAdapter - Adding mock interface to class org/springframework/beans/factory/BeanInitializationException
23:36:10.511 [main] INFO  o.e.r.i.MethodCallReplacementClassAdapter - No hashCode defined for: org/springframework/beans/factory/BeanInitializationException, superclass = org.springframework.beans.FatalBeanException
23:36:10.511 [main] INFO  o.e.r.i.CreateClassResetClassAdapter - Creating brand-new static initializer in class org/springframework/beans/factory/BeanInitializationException
23:36:10.511 [main] DEBUG o.e.r.agent.TransformerForTests - Going to instrument: org.springframework.beans.factory.BeanInitializationException
23:36:10.511 [main] INFO  o.e.r.i.MethodCallReplacementClassAdapter - No hashCode defined for: org/springframework/beans/factory/BeanInitializationException, superclass = org.springframework.beans.FatalBeanException
23:36:10.511 [main] INFO  o.e.r.instrumentation.EvoClassLoader - Seeing class for first time: org.springframework.beans.FatalBeanException
23:36:10.511 [main] INFO  o.e.r.instrumentation.EvoClassLoader - Instrumenting class 'org.springframework.beans.FatalBeanException'.
23:36:10.512 [main] INFO  o.e.r.i.MethodCallReplacementClassAdapter - Adding mock interface to class org/springframework/beans/FatalBeanException
23:36:10.512 [main] INFO  o.e.r.i.MethodCallReplacementClassAdapter - No hashCode defined for: org/springframework/beans/FatalBeanException, superclass = org.springframework.beans.BeansException
23:36:10.512 [main] INFO  o.e.r.i.CreateClassResetClassAdapter - Creating brand-new static initializer in class org/springframework/beans/FatalBeanException
23:36:10.512 [main] DEBUG o.e.r.agent.TransformerForTests - Going to instrument: org.springframework.beans.FatalBeanException
23:36:10.512 [main] INFO  o.e.r.i.MethodCallReplacementClassAdapter - No hashCode defined for: org/springframework/beans/FatalBeanException, superclass = org.springframework.beans.BeansException
23:36:10.512 [main] INFO  o.e.r.instrumentation.EvoClassLoader - Seeing class for first time: org.springframework.beans.BeansException
23:36:10.512 [main] INFO  o.e.r.instrumentation.EvoClassLoader - Instrumenting class 'org.springframework.beans.BeansException'.
23:36:10.513 [main] INFO  o.e.r.i.MethodCallReplacementClassAdapter - Adding mock interface to class org/springframework/beans/BeansException
23:36:10.513 [main] INFO  o.e.r.i.CreateClassResetClassAdapter - Creating brand-new static initializer in class org/springframework/beans/BeansException
23:36:10.513 [main] DEBUG o.e.r.agent.TransformerForTests - Going to instrument: org.springframework.beans.BeansException
23:36:10.514 [main] INFO  o.e.r.instrumentation.EvoClassLoader - Seeing class for first time: org.springframework.core.NestedRuntimeException
23:36:10.514 [main] INFO  o.e.r.instrumentation.EvoClassLoader - Instrumenting class 'org.springframework.core.NestedRuntimeException'.
23:36:10.514 [main] INFO  o.e.r.i.MethodCallReplacementClassAdapter - Adding mock interface to class org/springframework/core/NestedRuntimeException
23:36:10.516 [main] INFO  o.e.r.i.CreateClassResetClassAdapter - Found static initializer in class org/springframework/core/NestedRuntimeException
23:36:10.516 [main] INFO  o.e.r.i.MethodCallReplacementClassAdapter - No hashCode defined for: org/springframework/core/NestedRuntimeException, superclass = java.lang.RuntimeException
23:36:10.516 [main] DEBUG o.e.r.agent.TransformerForTests - Going to instrument: org.springframework.core.NestedRuntimeException
23:36:10.518 [main] INFO  o.e.r.i.CreateClassResetClassAdapter - Found static initializer in class org/springframework/core/NestedRuntimeException
23:36:10.519 [main] INFO  o.e.r.i.MethodCallReplacementClassAdapter - No hashCode defined for: org/springframework/core/NestedRuntimeException, superclass = org.evosuite.runtime.mock.java.lang.MockRuntimeException
23:36:10.519 [main] INFO  o.e.r.instrumentation.EvoClassLoader - Error while loading class: java.lang.ClassFormatError: Duplicate method name&signature in class file org/springframework/core/NestedRuntimeException
23:36:10.520 [main] INFO  o.e.r.instrumentation.EvoClassLoader - Error while loading class: java.lang.NoClassDefFoundError: org/springframework/core/NestedRuntimeException
23:36:10.520 [main] INFO  o.e.r.instrumentation.EvoClassLoader - Error while loading class: java.lang.NoClassDefFoundError: org/springframework/beans/BeansException
23:36:10.520 [main] INFO  o.e.r.instrumentation.EvoClassLoader - Error while loading class: java.lang.NoClassDefFoundError: org/springframework/beans/FatalBeanException
23:36:10.521 [main] ERROR o.e.r.c.ClassStateSupport - Could not initialize org.springframework.web.servlet.config.annotation.ResourceHandlerRegistry: org/springframework/beans/factory/BeanInitializationException
23:36:10.521 [main] INFO  o.e.r.instrumentation.EvoClassLoader - Seeing class for first time: org.springframework.http.converter.HttpMessageNotReadableException
23:36:10.521 [main] INFO  o.e.r.instrumentation.EvoClassLoader - Instrumenting class 'org.springframework.http.converter.HttpMessageNotReadableException'.
23:36:10.522 [main] INFO  o.e.r.i.MethodCallReplacementClassAdapter - Adding mock interface to class org/springframework/http/converter/HttpMessageNotReadableException
23:36:10.522 [main] INFO  o.e.r.i.MethodCallReplacementClassAdapter - No hashCode defined for: org/springframework/http/converter/HttpMessageNotReadableException, superclass = org.springframework.http.converter.HttpMessageConversionException
23:36:10.522 [main] INFO  o.e.r.i.CreateClassResetClassAdapter - Creating brand-new static initializer in class org/springframework/http/converter/HttpMessageNotReadableException
23:36:10.523 [main] DEBUG o.e.r.agent.TransformerForTests - Going to instrument: org.springframework.http.converter.HttpMessageNotReadableException
23:36:10.523 [main] INFO  o.e.r.i.MethodCallReplacementClassAdapter - No hashCode defined for: org/springframework/http/converter/HttpMessageNotReadableException, superclass = org.springframework.http.converter.HttpMessageConversionException
23:36:10.523 [main] INFO  o.e.r.instrumentation.EvoClassLoader - Seeing class for first time: org.springframework.http.converter.HttpMessageConversionException
23:36:10.523 [main] INFO  o.e.r.instrumentation.EvoClassLoader - Instrumenting class 'org.springframework.http.converter.HttpMessageConversionException'.
23:36:10.524 [main] INFO  o.e.r.i.MethodCallReplacementClassAdapter - Adding mock interface to class org/springframework/http/converter/HttpMessageConversionException
23:36:10.524 [main] INFO  o.e.r.i.MethodCallReplacementClassAdapter - No hashCode defined for: org/springframework/http/converter/HttpMessageConversionException, superclass = org.springframework.core.NestedRuntimeException
23:36:10.525 [main] INFO  o.e.r.i.CreateClassResetClassAdapter - Creating brand-new static initializer in class org/springframework/http/converter/HttpMessageConversionException
23:36:10.525 [main] DEBUG o.e.r.agent.TransformerForTests - Going to instrument: org.springframework.http.converter.HttpMessageConversionException
23:36:10.525 [main] INFO  o.e.r.i.MethodCallReplacementClassAdapter - No hashCode defined for: org/springframework/http/converter/HttpMessageConversionException, superclass = org.springframework.core.NestedRuntimeException
23:36:10.525 [main] INFO  o.e.r.instrumentation.EvoClassLoader - Seeing class for first time: org.springframework.core.NestedRuntimeException
23:36:10.525 [main] INFO  o.e.r.instrumentation.EvoClassLoader - Instrumenting class 'org.springframework.core.NestedRuntimeException'.
23:36:10.526 [main] INFO  o.e.r.i.MethodCallReplacementClassAdapter - Adding mock interface to class org/springframework/core/NestedRuntimeException
23:36:10.527 [main] INFO  o.e.r.i.CreateClassResetClassAdapter - Found static initializer in class org/springframework/core/NestedRuntimeException
23:36:10.527 [main] INFO  o.e.r.i.MethodCallReplacementClassAdapter - No hashCode defined for: org/springframework/core/NestedRuntimeException, superclass = java.lang.RuntimeException
23:36:10.527 [main] DEBUG o.e.r.agent.TransformerForTests - Going to instrument: org.springframework.core.NestedRuntimeException
23:36:10.529 [main] INFO  o.e.r.i.CreateClassResetClassAdapter - Found static initializer in class org/springframework/core/NestedRuntimeException
23:36:10.529 [main] INFO  o.e.r.i.MethodCallReplacementClassAdapter - No hashCode defined for: org/springframework/core/NestedRuntimeException, superclass = org.evosuite.runtime.mock.java.lang.MockRuntimeException
23:36:10.529 [main] INFO  o.e.r.instrumentation.EvoClassLoader - Error while loading class: java.lang.ClassFormatError: Duplicate method name&signature in class file org/springframework/core/NestedRuntimeException
23:36:10.529 [main] INFO  o.e.r.instrumentation.EvoClassLoader - Error while loading class: java.lang.NoClassDefFoundError: org/springframework/core/NestedRuntimeException
23:36:10.529 [main] INFO  o.e.r.instrumentation.EvoClassLoader - Error while loading class: java.lang.NoClassDefFoundError: org/springframework/http/converter/HttpMessageConversionException
23:36:10.529 [main] ERROR o.e.r.c.ClassStateSupport - Could not initialize org.springframework.http.converter.HttpMessageNotReadableException: org/springframework/http/converter/HttpMessageConversionException
23:36:10.530 [main] INFO  o.e.r.instrumentation.EvoClassLoader - Seeing class for first time: org.springframework.core.SerializableTypeWrapper$TypeProxyInvocationHandler
23:36:10.530 [main] INFO  o.e.r.instrumentation.EvoClassLoader - Instrumenting class 'org.springframework.core.SerializableTypeWrapper$TypeProxyInvocationHandler'.
23:36:10.531 [main] INFO  o.e.r.i.MethodCallReplacementClassAdapter - Adding mock interface to class org/springframework/core/SerializableTypeWrapper$TypeProxyInvocationHandler
23:36:10.532 [main] INFO  o.e.r.i.MethodCallReplacementClassAdapter - No hashCode defined for: org/springframework/core/SerializableTypeWrapper$TypeProxyInvocationHandler, superclass = java.lang.Object
23:36:10.532 [main] INFO  o.e.r.i.CreateClassResetClassAdapter - Creating brand-new static initializer in class org/springframework/core/SerializableTypeWrapper$TypeProxyInvocationHandler
23:36:10.537 [main] DEBUG o.e.r.agent.TransformerForTests - Going to instrument: org.springframework.core.SerializableTypeWrapper$TypeProxyInvocationHandler
23:36:10.538 [main] INFO  o.e.r.instrumentation.EvoClassLoader - Keeping class: org.springframework.core.SerializableTypeWrapper$TypeProxyInvocationHandler
23:36:10.538 [main] INFO  o.e.r.instrumentation.EvoClassLoader - Seeing class for first time: org.springframework.core.SerializableTypeWrapper$TypeProvider
23:36:10.538 [main] INFO  o.e.r.instrumentation.EvoClassLoader - Instrumenting class 'org.springframework.core.SerializableTypeWrapper$TypeProvider'.
23:36:10.539 [main] DEBUG o.e.r.agent.TransformerForTests - Going to instrument: org.springframework.core.SerializableTypeWrapper$TypeProvider
23:36:10.540 [main] INFO  o.e.r.instrumentation.EvoClassLoader - Keeping class: org.springframework.core.SerializableTypeWrapper$TypeProvider
23:36:10.540 [main] INFO  o.e.r.instrumentation.EvoClassLoader - Seeing class for first time: org.springframework.web.servlet.resource.ResourceHttpRequestHandler
23:36:10.540 [main] INFO  o.e.r.instrumentation.EvoClassLoader - Instrumenting class 'org.springframework.web.servlet.resource.ResourceHttpRequestHandler'.
23:36:10.543 [main] INFO  o.e.r.i.MethodCallReplacementClassAdapter - Adding mock interface to class org/springframework/web/servlet/resource/ResourceHttpRequestHandler
23:36:10.549 [main] INFO  o.e.r.i.CreateClassResetClassAdapter - Found static initializer in class org/springframework/web/servlet/resource/ResourceHttpRequestHandler
23:36:10.549 [main] INFO  o.e.r.i.MethodCallReplacementClassAdapter - No hashCode defined for: org/springframework/web/servlet/resource/ResourceHttpRequestHandler, superclass = org.springframework.web.servlet.support.WebContentGenerator
23:36:10.549 [main] DEBUG o.e.r.agent.TransformerForTests - Going to instrument: org.springframework.web.servlet.resource.ResourceHttpRequestHandler
23:36:10.556 [main] INFO  o.e.r.i.CreateClassResetClassAdapter - Found static initializer in class org/springframework/web/servlet/resource/ResourceHttpRequestHandler
23:36:10.556 [main] INFO  o.e.r.i.MethodCallReplacementClassAdapter - No hashCode defined for: org/springframework/web/servlet/resource/ResourceHttpRequestHandler, superclass = org.springframework.web.servlet.support.WebContentGenerator
23:36:10.557 [main] INFO  o.e.r.instrumentation.EvoClassLoader - Seeing class for first time: org.springframework.web.HttpRequestHandler
23:36:10.557 [main] INFO  o.e.r.instrumentation.EvoClassLoader - Instrumenting class 'org.springframework.web.HttpRequestHandler'.
23:36:10.557 [main] DEBUG o.e.r.agent.TransformerForTests - Going to instrument: org.springframework.web.HttpRequestHandler
23:36:10.558 [main] INFO  o.e.r.instrumentation.EvoClassLoader - Keeping class: org.springframework.web.HttpRequestHandler
23:36:10.558 [main] INFO  o.e.r.instrumentation.EvoClassLoader - Seeing class for first time: org.springframework.web.cors.CorsConfigurationSource
23:36:10.558 [main] INFO  o.e.r.instrumentation.EvoClassLoader - Instrumenting class 'org.springframework.web.cors.CorsConfigurationSource'.
23:36:10.559 [main] DEBUG o.e.r.agent.TransformerForTests - Going to instrument: org.springframework.web.cors.CorsConfigurationSource
23:36:10.560 [main] INFO  o.e.r.instrumentation.EvoClassLoader - Keeping class: org.springframework.web.cors.CorsConfigurationSource
23:36:10.560 [main] INFO  o.e.r.instrumentation.EvoClassLoader - Error while loading class: java.lang.ClassFormatError: Duplicate method name&signature in class file org/springframework/web/servlet/resource/ResourceHttpRequestHandler
23:36:10.560 [main] ERROR o.e.r.c.ClassStateSupport - Could not initialize org.springframework.web.servlet.resource.ResourceHttpRequestHandler: Duplicate method name&signature in class file org/springframework/web/servlet/resource/ResourceHttpRequestHandler
23:36:10.561 [main] INFO  o.e.r.instrumentation.EvoClassLoader - Seeing class for first time: org.springframework.http.InvalidMediaTypeException
23:36:10.561 [main] INFO  o.e.r.instrumentation.EvoClassLoader - Instrumenting class 'org.springframework.http.InvalidMediaTypeException'.
23:36:10.562 [main] INFO  o.e.r.i.MethodCallReplacementClassAdapter - Adding mock interface to class org/springframework/http/InvalidMediaTypeException
23:36:10.562 [main] INFO  o.e.r.i.MethodCallReplacementClassAdapter - No hashCode defined for: org/springframework/http/InvalidMediaTypeException, superclass = java.lang.IllegalArgumentException
23:36:10.562 [main] INFO  o.e.r.i.CreateClassResetClassAdapter - Creating brand-new static initializer in class org/springframework/http/InvalidMediaTypeException
23:36:10.562 [main] DEBUG o.e.r.agent.TransformerForTests - Going to instrument: org.springframework.http.InvalidMediaTypeException
23:36:10.563 [main] INFO  o.e.r.i.MethodCallReplacementClassAdapter - No hashCode defined for: org/springframework/http/InvalidMediaTypeException, superclass = org.evosuite.runtime.mock.java.lang.MockIllegalArgumentException
23:36:10.563 [main] INFO  o.e.r.instrumentation.EvoClassLoader - Keeping class: org.springframework.http.InvalidMediaTypeException
23:36:10.563 [main] INFO  o.e.r.instrumentation.EvoClassLoader - Seeing class for first time: org.springframework.util.InvalidMimeTypeException
23:36:10.563 [main] INFO  o.e.r.instrumentation.EvoClassLoader - Instrumenting class 'org.springframework.util.InvalidMimeTypeException'.
23:36:10.564 [main] INFO  o.e.r.i.MethodCallReplacementClassAdapter - Adding mock interface to class org/springframework/util/InvalidMimeTypeException
23:36:10.565 [main] INFO  o.e.r.i.MethodCallReplacementClassAdapter - No hashCode defined for: org/springframework/util/InvalidMimeTypeException, superclass = java.lang.IllegalArgumentException
23:36:10.565 [main] INFO  o.e.r.i.CreateClassResetClassAdapter - Creating brand-new static initializer in class org/springframework/util/InvalidMimeTypeException
23:36:10.565 [main] DEBUG o.e.r.agent.TransformerForTests - Going to instrument: org.springframework.util.InvalidMimeTypeException
23:36:10.565 [main] INFO  o.e.r.i.MethodCallReplacementClassAdapter - No hashCode defined for: org/springframework/util/InvalidMimeTypeException, superclass = org.evosuite.runtime.mock.java.lang.MockIllegalArgumentException
23:36:10.565 [main] INFO  o.e.r.instrumentation.EvoClassLoader - Keeping class: org.springframework.util.InvalidMimeTypeException
23:36:10.566 [main] INFO  o.e.r.instrumentation.EvoClassLoader - Seeing class for first time: org.springframework.validation.DefaultMessageCodesResolver$Format$1
23:36:10.566 [main] INFO  o.e.r.instrumentation.EvoClassLoader - Instrumenting class 'org.springframework.validation.DefaultMessageCodesResolver$Format$1'.
23:36:10.567 [main] INFO  o.e.r.i.MethodCallReplacementClassAdapter - Adding mock interface to class org/springframework/validation/DefaultMessageCodesResolver$Format$1
23:36:10.567 [main] INFO  o.e.r.i.MethodCallReplacementClassAdapter - No hashCode defined for: org/springframework/validation/DefaultMessageCodesResolver$Format$1, superclass = org.springframework.validation.DefaultMessageCodesResolver$Format
23:36:10.567 [main] DEBUG o.e.r.agent.TransformerForTests - Going to instrument: org.springframework.validation.DefaultMessageCodesResolver$Format$1
23:36:10.567 [main] INFO  o.e.r.i.MethodCallReplacementClassAdapter - No hashCode defined for: org/springframework/validation/DefaultMessageCodesResolver$Format$1, superclass = org.springframework.validation.DefaultMessageCodesResolver$Format
23:36:10.568 [main] INFO  o.e.r.instrumentation.EvoClassLoader - Seeing class for first time: org.springframework.validation.DefaultMessageCodesResolver$Format
23:36:10.568 [main] INFO  o.e.r.instrumentation.EvoClassLoader - Instrumenting class 'org.springframework.validation.DefaultMessageCodesResolver$Format'.
23:36:10.568 [main] INFO  o.e.r.i.MethodCallReplacementClassAdapter - Adding mock interface to class org/springframework/validation/DefaultMessageCodesResolver$Format
23:36:10.569 [main] INFO  o.e.r.i.CreateClassResetClassAdapter - Found static initializer in class org/springframework/validation/DefaultMessageCodesResolver$Format
23:36:10.569 [main] INFO  o.e.r.i.MethodCallReplacementClassAdapter - No hashCode defined for: org/springframework/validation/DefaultMessageCodesResolver$Format, superclass = java.lang.Enum
23:36:10.569 [main] DEBUG o.e.r.agent.TransformerForTests - Going to instrument: org.springframework.validation.DefaultMessageCodesResolver$Format
23:36:10.570 [main] INFO  o.e.r.i.CreateClassResetClassAdapter - Found static initializer in class org/springframework/validation/DefaultMessageCodesResolver$Format
23:36:10.570 [main] INFO  o.e.r.i.MethodCallReplacementClassAdapter - No hashCode defined for: org/springframework/validation/DefaultMessageCodesResolver$Format, superclass = java.lang.Enum
23:36:10.570 [main] INFO  o.e.r.instrumentation.EvoClassLoader - Seeing class for first time: org.springframework.validation.MessageCodeFormatter
23:36:10.570 [main] INFO  o.e.r.instrumentation.EvoClassLoader - Instrumenting class 'org.springframework.validation.MessageCodeFormatter'.
23:36:10.590 [main] DEBUG o.e.r.agent.TransformerForTests - Going to instrument: org.springframework.validation.MessageCodeFormatter
23:36:10.625 [main] INFO  o.e.r.instrumentation.EvoClassLoader - Keeping class: org.springframework.validation.MessageCodeFormatter
23:36:10.626 [main] INFO  o.e.r.instrumentation.EvoClassLoader - Error while loading class: java.lang.ClassFormatError: Duplicate method name&signature in class file org/springframework/validation/DefaultMessageCodesResolver$Format
23:36:10.626 [main] INFO  o.e.r.instrumentation.EvoClassLoader - Error while loading class: java.lang.NoClassDefFoundError: org/springframework/validation/DefaultMessageCodesResolver$Format
23:36:10.626 [main] ERROR o.e.r.c.ClassStateSupport - Could not initialize org.springframework.validation.DefaultMessageCodesResolver$Format$1: org/springframework/validation/DefaultMessageCodesResolver$Format
23:36:10.627 [main] INFO  o.e.r.instrumentation.EvoClassLoader - Seeing class for first time: org.springframework.http.HttpInputMessage
23:36:10.627 [main] INFO  o.e.r.instrumentation.EvoClassLoader - Instrumenting class 'org.springframework.http.HttpInputMessage'.
23:36:10.631 [main] DEBUG o.e.r.agent.TransformerForTests - Going to instrument: org.springframework.http.HttpInputMessage
23:36:10.632 [main] INFO  o.e.r.instrumentation.EvoClassLoader - Keeping class: org.springframework.http.HttpInputMessage
23:36:10.632 [main] INFO  o.e.r.instrumentation.EvoClassLoader - Seeing class for first time: org.springframework.validation.DefaultMessageCodesResolver$Format$2
23:36:10.632 [main] INFO  o.e.r.instrumentation.EvoClassLoader - Instrumenting class 'org.springframework.validation.DefaultMessageCodesResolver$Format$2'.
23:36:10.632 [main] INFO  o.e.r.i.MethodCallReplacementClassAdapter - Adding mock interface to class org/springframework/validation/DefaultMessageCodesResolver$Format$2
23:36:10.633 [main] INFO  o.e.r.i.MethodCallReplacementClassAdapter - No hashCode defined for: org/springframework/validation/DefaultMessageCodesResolver$Format$2, superclass = org.springframework.validation.DefaultMessageCodesResolver$Format
23:36:10.633 [main] DEBUG o.e.r.agent.TransformerForTests - Going to instrument: org.springframework.validation.DefaultMessageCodesResolver$Format$2
23:36:10.633 [main] INFO  o.e.r.i.MethodCallReplacementClassAdapter - No hashCode defined for: org/springframework/validation/DefaultMessageCodesResolver$Format$2, superclass = org.springframework.validation.DefaultMessageCodesResolver$Format
23:36:10.634 [main] INFO  o.e.r.instrumentation.EvoClassLoader - Seeing class for first time: org.springframework.validation.DefaultMessageCodesResolver$Format
23:36:10.634 [main] INFO  o.e.r.instrumentation.EvoClassLoader - Instrumenting class 'org.springframework.validation.DefaultMessageCodesResolver$Format'.
23:36:10.634 [main] INFO  o.e.r.i.MethodCallReplacementClassAdapter - Adding mock interface to class org/springframework/validation/DefaultMessageCodesResolver$Format
23:36:10.635 [main] INFO  o.e.r.i.CreateClassResetClassAdapter - Found static initializer in class org/springframework/validation/DefaultMessageCodesResolver$Format
23:36:10.635 [main] INFO  o.e.r.i.MethodCallReplacementClassAdapter - No hashCode defined for: org/springframework/validation/DefaultMessageCodesResolver$Format, superclass = java.lang.Enum
23:36:10.635 [main] DEBUG o.e.r.agent.TransformerForTests - Going to instrument: org.springframework.validation.DefaultMessageCodesResolver$Format
23:36:10.636 [main] INFO  o.e.r.i.CreateClassResetClassAdapter - Found static initializer in class org/springframework/validation/DefaultMessageCodesResolver$Format
23:36:10.636 [main] INFO  o.e.r.i.MethodCallReplacementClassAdapter - No hashCode defined for: org/springframework/validation/DefaultMessageCodesResolver$Format, superclass = java.lang.Enum
23:36:10.637 [main] INFO  o.e.r.instrumentation.EvoClassLoader - Error while loading class: java.lang.ClassFormatError: Duplicate method name&signature in class file org/springframework/validation/DefaultMessageCodesResolver$Format
23:36:10.637 [main] INFO  o.e.r.instrumentation.EvoClassLoader - Error while loading class: java.lang.NoClassDefFoundError: org/springframework/validation/DefaultMessageCodesResolver$Format
23:36:10.637 [main] ERROR o.e.r.c.ClassStateSupport - Could not initialize org.springframework.validation.DefaultMessageCodesResolver$Format$2: org/springframework/validation/DefaultMessageCodesResolver$Format
23:36:10.638 [main] INFO  o.e.r.instrumentation.EvoClassLoader - Seeing class for first time: org.springframework.util.ReflectionUtils
23:36:10.638 [main] INFO  o.e.r.instrumentation.EvoClassLoader - Instrumenting class 'org.springframework.util.ReflectionUtils'.
23:36:10.639 [main] INFO  o.e.r.i.MethodCallReplacementClassAdapter - Adding mock interface to class org/springframework/util/ReflectionUtils
23:36:10.681 [main] INFO  o.e.r.i.CreateClassResetClassAdapter - Found static initializer in class org/springframework/util/ReflectionUtils
23:36:10.682 [main] INFO  o.e.r.i.MethodCallReplacementClassAdapter - No hashCode defined for: org/springframework/util/ReflectionUtils, superclass = java.lang.Object
23:36:10.682 [main] DEBUG o.e.r.agent.TransformerForTests - Going to instrument: org.springframework.util.ReflectionUtils
23:36:10.691 [main] INFO  o.e.r.i.CreateClassResetClassAdapter - Found static initializer in class org/springframework/util/ReflectionUtils
23:36:10.692 [main] INFO  o.e.r.instrumentation.EvoClassLoader - Error while loading class: java.lang.ClassFormatError: Duplicate method name&signature in class file org/springframework/util/ReflectionUtils
23:36:10.692 [main] ERROR o.e.r.c.ClassStateSupport - Could not initialize org.springframework.util.ReflectionUtils: Duplicate method name&signature in class file org/springframework/util/ReflectionUtils
23:36:10.692 [main] INFO  o.e.r.instrumentation.EvoClassLoader - Seeing class for first time: org.springframework.web.cors.CorsProcessor
23:36:10.692 [main] INFO  o.e.r.instrumentation.EvoClassLoader - Instrumenting class 'org.springframework.web.cors.CorsProcessor'.
23:36:10.693 [main] DEBUG o.e.r.agent.TransformerForTests - Going to instrument: org.springframework.web.cors.CorsProcessor
23:36:10.693 [main] INFO  o.e.r.instrumentation.EvoClassLoader - Keeping class: org.springframework.web.cors.CorsProcessor
23:36:10.694 [main] INFO  o.e.r.instrumentation.EvoClassLoader - Seeing class for first time: org.springframework.web.method.HandlerMethod$ReturnValueMethodParameter
23:36:10.694 [main] INFO  o.e.r.instrumentation.EvoClassLoader - Instrumenting class 'org.springframework.web.method.HandlerMethod$ReturnValueMethodParameter'.
23:36:10.694 [main] INFO  o.e.r.i.MethodCallReplacementClassAdapter - Adding mock interface to class org/springframework/web/method/HandlerMethod$ReturnValueMethodParameter
23:36:10.695 [main] INFO  o.e.r.i.MethodCallReplacementClassAdapter - No hashCode defined for: org/springframework/web/method/HandlerMethod$ReturnValueMethodParameter, superclass = org.springframework.web.method.HandlerMethod$HandlerMethodParameter
23:36:10.695 [main] INFO  o.e.r.i.CreateClassResetClassAdapter - Creating brand-new static initializer in class org/springframework/web/method/HandlerMethod$ReturnValueMethodParameter
23:36:10.695 [main] DEBUG o.e.r.agent.TransformerForTests - Going to instrument: org.springframework.web.method.HandlerMethod$ReturnValueMethodParameter
23:36:10.695 [main] INFO  o.e.r.i.MethodCallReplacementClassAdapter - No hashCode defined for: org/springframework/web/method/HandlerMethod$ReturnValueMethodParameter, superclass = org.springframework.web.method.HandlerMethod$HandlerMethodParameter
23:36:10.695 [main] INFO  o.e.r.instrumentation.EvoClassLoader - Seeing class for first time: org.springframework.web.method.HandlerMethod$HandlerMethodParameter
23:36:10.695 [main] INFO  o.e.r.instrumentation.EvoClassLoader - Instrumenting class 'org.springframework.web.method.HandlerMethod$HandlerMethodParameter'.
23:36:10.696 [main] INFO  o.e.r.i.MethodCallReplacementClassAdapter - Adding mock interface to class org/springframework/web/method/HandlerMethod$HandlerMethodParameter
23:36:10.696 [main] INFO  o.e.r.i.MethodCallReplacementClassAdapter - No hashCode defined for: org/springframework/web/method/HandlerMethod$HandlerMethodParameter, superclass = org.springframework.core.annotation.SynthesizingMethodParameter
23:36:10.696 [main] INFO  o.e.r.i.CreateClassResetClassAdapter - Creating brand-new static initializer in class org/springframework/web/method/HandlerMethod$HandlerMethodParameter
23:36:10.697 [main] DEBUG o.e.r.agent.TransformerForTests - Going to instrument: org.springframework.web.method.HandlerMethod$HandlerMethodParameter
23:36:10.697 [main] INFO  o.e.r.i.MethodCallReplacementClassAdapter - No hashCode defined for: org/springframework/web/method/HandlerMethod$HandlerMethodParameter, superclass = org.springframework.core.annotation.SynthesizingMethodParameter
23:36:10.697 [main] INFO  o.e.r.instrumentation.EvoClassLoader - Keeping class: org.springframework.web.method.HandlerMethod$HandlerMethodParameter
23:36:10.697 [main] INFO  o.e.r.instrumentation.EvoClassLoader - Keeping class: org.springframework.web.method.HandlerMethod$ReturnValueMethodParameter
23:36:10.697 [main] INFO  o.e.r.instrumentation.EvoClassLoader - Seeing class for first time: com.fasterxml.jackson.core.PrettyPrinter
23:36:10.697 [main] INFO  o.e.r.instrumentation.EvoClassLoader - Instrumenting class 'com.fasterxml.jackson.core.PrettyPrinter'.
23:36:10.698 [main] DEBUG o.e.r.agent.TransformerForTests - Going to instrument: com.fasterxml.jackson.core.PrettyPrinter
23:36:10.698 [main] INFO  o.e.r.instrumentation.EvoClassLoader - Keeping class: com.fasterxml.jackson.core.PrettyPrinter
23:36:10.698 [main] INFO  o.e.r.instrumentation.EvoClassLoader - Seeing class for first time: org.springframework.util.Assert
23:36:10.698 [main] INFO  o.e.r.instrumentation.EvoClassLoader - Instrumenting class 'org.springframework.util.Assert'.
23:36:10.699 [main] INFO  o.e.r.i.MethodCallReplacementClassAdapter - Adding mock interface to class org/springframework/util/Assert
23:36:10.702 [main] INFO  o.e.r.i.MethodCallReplacementClassAdapter - No hashCode defined for: org/springframework/util/Assert, superclass = java.lang.Object
23:36:10.703 [main] INFO  o.e.r.i.CreateClassResetClassAdapter - Creating brand-new static initializer in class org/springframework/util/Assert
23:36:10.703 [main] DEBUG o.e.r.agent.TransformerForTests - Going to instrument: org.springframework.util.Assert
23:36:10.707 [main] INFO  o.e.r.instrumentation.EvoClassLoader - Keeping class: org.springframework.util.Assert
23:36:10.708 [main] INFO  o.e.r.instrumentation.EvoClassLoader - Seeing class for first time: com.fasterxml.jackson.databind.introspect.JacksonAnnotationIntrospector
23:36:10.708 [main] INFO  o.e.r.instrumentation.EvoClassLoader - Instrumenting class 'com.fasterxml.jackson.databind.introspect.JacksonAnnotationIntrospector'.
23:36:10.710 [main] INFO  o.e.r.i.MethodCallReplacementClassAdapter - Adding mock interface to class com/fasterxml/jackson/databind/introspect/JacksonAnnotationIntrospector
23:36:10.717 [main] INFO  o.e.r.i.MethodCallReplacementClassAdapter - No hashCode defined for: com/fasterxml/jackson/databind/introspect/JacksonAnnotationIntrospector, superclass = com.fasterxml.jackson.databind.AnnotationIntrospector
23:36:10.718 [main] INFO  o.e.r.i.CreateClassResetClassAdapter - Creating brand-new static initializer in class com/fasterxml/jackson/databind/introspect/JacksonAnnotationIntrospector
23:36:10.721 [main] DEBUG o.e.r.agent.TransformerForTests - Going to instrument: com.fasterxml.jackson.databind.introspect.JacksonAnnotationIntrospector
23:36:10.729 [main] INFO  o.e.r.i.MethodCallReplacementClassAdapter - No hashCode defined for: com/fasterxml/jackson/databind/introspect/JacksonAnnotationIntrospector, superclass = com.fasterxml.jackson.databind.AnnotationIntrospector
23:36:10.730 [main] INFO  o.e.r.instrumentation.EvoClassLoader - Seeing class for first time: com.fasterxml.jackson.databind.AnnotationIntrospector
23:36:10.730 [main] INFO  o.e.r.instrumentation.EvoClassLoader - Instrumenting class 'com.fasterxml.jackson.databind.AnnotationIntrospector'.
23:36:10.731 [main] INFO  o.e.r.i.MethodCallReplacementClassAdapter - Adding mock interface to class com/fasterxml/jackson/databind/AnnotationIntrospector
23:36:10.732 [main] INFO  o.e.r.i.MethodCallReplacementClassAdapter - No hashCode defined for: com/fasterxml/jackson/databind/AnnotationIntrospector, superclass = java.lang.Object
23:36:10.732 [main] INFO  o.e.r.i.CreateClassResetClassAdapter - Creating brand-new static initializer in class com/fasterxml/jackson/databind/AnnotationIntrospector
23:36:10.733 [main] DEBUG o.e.r.agent.TransformerForTests - Going to instrument: com.fasterxml.jackson.databind.AnnotationIntrospector
23:36:10.735 [main] INFO  o.e.r.instrumentation.EvoClassLoader - Keeping class: com.fasterxml.jackson.databind.AnnotationIntrospector
23:36:10.735 [main] INFO  o.e.r.instrumentation.EvoClassLoader - Keeping class: com.fasterxml.jackson.databind.introspect.JacksonAnnotationIntrospector
23:36:10.735 [main] INFO  o.e.r.instrumentation.EvoClassLoader - Seeing class for first time: com.fasterxml.jackson.databind.introspect.NopAnnotationIntrospector
23:36:10.736 [main] INFO  o.e.r.instrumentation.EvoClassLoader - Instrumenting class 'com.fasterxml.jackson.databind.introspect.NopAnnotationIntrospector'.
23:36:10.737 [main] INFO  o.e.r.i.MethodCallReplacementClassAdapter - Adding mock interface to class com/fasterxml/jackson/databind/introspect/NopAnnotationIntrospector
23:36:10.737 [main] INFO  o.e.r.i.CreateClassResetClassAdapter - Found static initializer in class com/fasterxml/jackson/databind/introspect/NopAnnotationIntrospector
23:36:10.738 [main] INFO  o.e.r.i.MethodCallReplacementClassAdapter - No hashCode defined for: com/fasterxml/jackson/databind/introspect/NopAnnotationIntrospector, superclass = com.fasterxml.jackson.databind.AnnotationIntrospector
23:36:10.738 [main] DEBUG o.e.r.agent.TransformerForTests - Going to instrument: com.fasterxml.jackson.databind.introspect.NopAnnotationIntrospector
23:36:10.738 [main] INFO  o.e.r.i.CreateClassResetClassAdapter - Found static initializer in class com/fasterxml/jackson/databind/introspect/NopAnnotationIntrospector
23:36:10.738 [main] INFO  o.e.r.i.MethodCallReplacementClassAdapter - No hashCode defined for: com/fasterxml/jackson/databind/introspect/NopAnnotationIntrospector, superclass = com.fasterxml.jackson.databind.AnnotationIntrospector
23:36:10.738 [main] INFO  o.e.r.instrumentation.EvoClassLoader - Error while loading class: java.lang.ClassFormatError: Duplicate method name&signature in class file com/fasterxml/jackson/databind/introspect/NopAnnotationIntrospector
23:36:10.738 [main] ERROR o.e.r.c.ClassStateSupport - Could not initialize com.fasterxml.jackson.databind.introspect.JacksonAnnotationIntrospector: com/fasterxml/jackson/databind/introspect/NopAnnotationIntrospector
23:36:10.739 [main] INFO  o.e.r.instrumentation.EvoClassLoader - Seeing class for first time: org.springframework.util.NumberUtils
23:36:10.739 [main] INFO  o.e.r.instrumentation.EvoClassLoader - Instrumenting class 'org.springframework.util.NumberUtils'.
23:36:10.740 [main] INFO  o.e.r.i.MethodCallReplacementClassAdapter - Adding mock interface to class org/springframework/util/NumberUtils
23:36:10.742 [main] INFO  o.e.r.i.CreateClassResetClassAdapter - Found static initializer in class org/springframework/util/NumberUtils
23:36:10.742 [main] INFO  o.e.r.i.MethodCallReplacementClassAdapter - No hashCode defined for: org/springframework/util/NumberUtils, superclass = java.lang.Object
23:36:10.742 [main] DEBUG o.e.r.agent.TransformerForTests - Going to instrument: org.springframework.util.NumberUtils
23:36:10.745 [main] INFO  o.e.r.i.CreateClassResetClassAdapter - Found static initializer in class org/springframework/util/NumberUtils
23:36:10.746 [main] INFO  o.e.r.instrumentation.EvoClassLoader - Error while loading class: java.lang.ClassFormatError: Duplicate method name&signature in class file org/springframework/util/NumberUtils
23:36:10.746 [main] ERROR o.e.r.c.ClassStateSupport - Could not initialize org.springframework.util.NumberUtils: Duplicate method name&signature in class file org/springframework/util/NumberUtils
23:36:10.746 [main] INFO  o.e.r.instrumentation.EvoClassLoader - Seeing class for first time: org.springframework.util.ReflectionUtils$FieldCallback
23:36:10.746 [main] INFO  o.e.r.instrumentation.EvoClassLoader - Instrumenting class 'org.springframework.util.ReflectionUtils$FieldCallback'.
23:36:10.747 [main] DEBUG o.e.r.agent.TransformerForTests - Going to instrument: org.springframework.util.ReflectionUtils$FieldCallback
23:36:10.748 [main] INFO  o.e.r.instrumentation.EvoClassLoader - Keeping class: org.springframework.util.ReflectionUtils$FieldCallback
23:36:10.748 [main] INFO  o.e.r.instrumentation.EvoClassLoader - Seeing class for first time: org.springframework.context.ApplicationContextException
23:36:10.748 [main] INFO  o.e.r.instrumentation.EvoClassLoader - Instrumenting class 'org.springframework.context.ApplicationContextException'.
23:36:10.749 [main] INFO  o.e.r.i.MethodCallReplacementClassAdapter - Adding mock interface to class org/springframework/context/ApplicationContextException
23:36:10.749 [main] INFO  o.e.r.i.MethodCallReplacementClassAdapter - No hashCode defined for: org/springframework/context/ApplicationContextException, superclass = org.springframework.beans.FatalBeanException
23:36:10.749 [main] INFO  o.e.r.i.CreateClassResetClassAdapter - Creating brand-new static initializer in class org/springframework/context/ApplicationContextException
23:36:10.749 [main] DEBUG o.e.r.agent.TransformerForTests - Going to instrument: org.springframework.context.ApplicationContextException
23:36:10.749 [main] INFO  o.e.r.i.MethodCallReplacementClassAdapter - No hashCode defined for: org/springframework/context/ApplicationContextException, superclass = org.springframework.beans.FatalBeanException
23:36:10.750 [main] INFO  o.e.r.instrumentation.EvoClassLoader - Seeing class for first time: org.springframework.beans.FatalBeanException
23:36:10.750 [main] INFO  o.e.r.instrumentation.EvoClassLoader - Instrumenting class 'org.springframework.beans.FatalBeanException'.
23:36:10.750 [main] INFO  o.e.r.i.MethodCallReplacementClassAdapter - Adding mock interface to class org/springframework/beans/FatalBeanException
23:36:10.750 [main] INFO  o.e.r.i.MethodCallReplacementClassAdapter - No hashCode defined for: org/springframework/beans/FatalBeanException, superclass = org.springframework.beans.BeansException
23:36:10.750 [main] INFO  o.e.r.i.CreateClassResetClassAdapter - Creating brand-new static initializer in class org/springframework/beans/FatalBeanException
23:36:10.750 [main] DEBUG o.e.r.agent.TransformerForTests - Going to instrument: org.springframework.beans.FatalBeanException
23:36:10.750 [main] INFO  o.e.r.i.MethodCallReplacementClassAdapter - No hashCode defined for: org/springframework/beans/FatalBeanException, superclass = org.springframework.beans.BeansException
23:36:10.751 [main] INFO  o.e.r.instrumentation.EvoClassLoader - Seeing class for first time: org.springframework.beans.BeansException
23:36:10.751 [main] INFO  o.e.r.instrumentation.EvoClassLoader - Instrumenting class 'org.springframework.beans.BeansException'.
23:36:10.751 [main] INFO  o.e.r.i.MethodCallReplacementClassAdapter - Adding mock interface to class org/springframework/beans/BeansException
23:36:10.751 [main] INFO  o.e.r.i.CreateClassResetClassAdapter - Creating brand-new static initializer in class org/springframework/beans/BeansException
23:36:10.751 [main] DEBUG o.e.r.agent.TransformerForTests - Going to instrument: org.springframework.beans.BeansException
23:36:10.752 [main] INFO  o.e.r.instrumentation.EvoClassLoader - Seeing class for first time: org.springframework.core.NestedRuntimeException
23:36:10.752 [main] INFO  o.e.r.instrumentation.EvoClassLoader - Instrumenting class 'org.springframework.core.NestedRuntimeException'.
23:36:10.752 [main] INFO  o.e.r.i.MethodCallReplacementClassAdapter - Adding mock interface to class org/springframework/core/NestedRuntimeException
23:36:10.753 [main] INFO  o.e.r.i.CreateClassResetClassAdapter - Found static initializer in class org/springframework/core/NestedRuntimeException
23:36:10.753 [main] INFO  o.e.r.i.MethodCallReplacementClassAdapter - No hashCode defined for: org/springframework/core/NestedRuntimeException, superclass = java.lang.RuntimeException
23:36:10.753 [main] DEBUG o.e.r.agent.TransformerForTests - Going to instrument: org.springframework.core.NestedRuntimeException
23:36:10.755 [main] INFO  o.e.r.i.CreateClassResetClassAdapter - Found static initializer in class org/springframework/core/NestedRuntimeException
23:36:10.755 [main] INFO  o.e.r.i.MethodCallReplacementClassAdapter - No hashCode defined for: org/springframework/core/NestedRuntimeException, superclass = org.evosuite.runtime.mock.java.lang.MockRuntimeException
23:36:10.755 [main] INFO  o.e.r.instrumentation.EvoClassLoader - Error while loading class: java.lang.ClassFormatError: Duplicate method name&signature in class file org/springframework/core/NestedRuntimeException
23:36:10.755 [main] INFO  o.e.r.instrumentation.EvoClassLoader - Error while loading class: java.lang.NoClassDefFoundError: org/springframework/core/NestedRuntimeException
23:36:10.755 [main] INFO  o.e.r.instrumentation.EvoClassLoader - Error while loading class: java.lang.NoClassDefFoundError: org/springframework/beans/BeansException
23:36:10.755 [main] INFO  o.e.r.instrumentation.EvoClassLoader - Error while loading class: java.lang.NoClassDefFoundError: org/springframework/beans/FatalBeanException
23:36:10.755 [main] ERROR o.e.r.c.ClassStateSupport - Could not initialize org.springframework.context.support.ApplicationObjectSupport: org/springframework/context/ApplicationContextException
23:36:10.755 [main] INFO  o.e.r.instrumentation.EvoClassLoader - Seeing class for first time: org.springframework.web.context.request.NativeWebRequest
23:36:10.755 [main] INFO  o.e.r.instrumentation.EvoClassLoader - Instrumenting class 'org.springframework.web.context.request.NativeWebRequest'.
23:36:10.756 [main] DEBUG o.e.r.agent.TransformerForTests - Going to instrument: org.springframework.web.context.request.NativeWebRequest
23:36:10.757 [main] INFO  o.e.r.instrumentation.EvoClassLoader - Seeing class for first time: org.springframework.web.context.request.WebRequest
23:36:10.757 [main] INFO  o.e.r.instrumentation.EvoClassLoader - Instrumenting class 'org.springframework.web.context.request.WebRequest'.
23:36:10.757 [main] DEBUG o.e.r.agent.TransformerForTests - Going to instrument: org.springframework.web.context.request.WebRequest
23:36:10.758 [main] INFO  o.e.r.instrumentation.EvoClassLoader - Seeing class for first time: org.springframework.web.context.request.RequestAttributes
23:36:10.758 [main] INFO  o.e.r.instrumentation.EvoClassLoader - Instrumenting class 'org.springframework.web.context.request.RequestAttributes'.
23:36:10.758 [main] DEBUG o.e.r.agent.TransformerForTests - Going to instrument: org.springframework.web.context.request.RequestAttributes
23:36:10.759 [main] INFO  o.e.r.instrumentation.EvoClassLoader - Keeping class: org.springframework.web.context.request.RequestAttributes
23:36:10.759 [main] INFO  o.e.r.instrumentation.EvoClassLoader - Keeping class: org.springframework.web.context.request.WebRequest
23:36:10.759 [main] INFO  o.e.r.instrumentation.EvoClassLoader - Keeping class: org.springframework.web.context.request.NativeWebRequest
23:36:10.759 [main] INFO  o.e.r.instrumentation.EvoClassLoader - Seeing class for first time: org.springframework.util.CustomizableThreadCreator
23:36:10.759 [main] INFO  o.e.r.instrumentation.EvoClassLoader - Instrumenting class 'org.springframework.util.CustomizableThreadCreator'.
23:36:10.760 [main] INFO  o.e.r.i.MethodCallReplacementClassAdapter - Adding mock interface to class org/springframework/util/CustomizableThreadCreator
23:36:10.763 [main] INFO  o.e.r.i.MethodCallReplacementClassAdapter - No hashCode defined for: org/springframework/util/CustomizableThreadCreator, superclass = java.lang.Object
23:36:10.763 [main] INFO  o.e.r.i.CreateClassResetClassAdapter - Creating brand-new static initializer in class org/springframework/util/CustomizableThreadCreator
23:36:10.763 [main] DEBUG o.e.r.agent.TransformerForTests - Going to instrument: org.springframework.util.CustomizableThreadCreator
23:36:10.765 [main] INFO  o.e.r.instrumentation.EvoClassLoader - Keeping class: org.springframework.util.CustomizableThreadCreator
23:36:10.766 [main] INFO  o.e.r.instrumentation.EvoClassLoader - Seeing class for first time: com.fasterxml.jackson.databind.ser.DefaultSerializerProvider
23:36:10.766 [main] INFO  o.e.r.instrumentation.EvoClassLoader - Instrumenting class 'com.fasterxml.jackson.databind.ser.DefaultSerializerProvider'.
23:36:10.768 [main] INFO  o.e.r.i.MethodCallReplacementClassAdapter - Adding mock interface to class com/fasterxml/jackson/databind/ser/DefaultSerializerProvider
23:36:10.773 [main] INFO  o.e.r.i.MethodCallReplacementClassAdapter - No hashCode defined for: com/fasterxml/jackson/databind/ser/DefaultSerializerProvider, superclass = com.fasterxml.jackson.databind.SerializerProvider
23:36:10.773 [main] INFO  o.e.r.i.CreateClassResetClassAdapter - Creating brand-new static initializer in class com/fasterxml/jackson/databind/ser/DefaultSerializerProvider
23:36:10.774 [main] DEBUG o.e.r.agent.TransformerForTests - Going to instrument: com.fasterxml.jackson.databind.ser.DefaultSerializerProvider
23:36:10.780 [main] INFO  o.e.r.i.MethodCallReplacementClassAdapter - No hashCode defined for: com/fasterxml/jackson/databind/ser/DefaultSerializerProvider, superclass = com.fasterxml.jackson.databind.SerializerProvider
23:36:10.781 [main] INFO  o.e.r.instrumentation.EvoClassLoader - Seeing class for first time: com.fasterxml.jackson.databind.SerializerProvider
23:36:10.781 [main] INFO  o.e.r.instrumentation.EvoClassLoader - Instrumenting class 'com.fasterxml.jackson.databind.SerializerProvider'.
23:36:10.783 [main] INFO  o.e.r.i.MethodCallReplacementClassAdapter - Adding mock interface to class com/fasterxml/jackson/databind/SerializerProvider
23:36:10.792 [main] INFO  o.e.r.i.CreateClassResetClassAdapter - Found static initializer in class com/fasterxml/jackson/databind/SerializerProvider
23:36:10.792 [main] INFO  o.e.r.i.MethodCallReplacementClassAdapter - No hashCode defined for: com/fasterxml/jackson/databind/SerializerProvider, superclass = com.fasterxml.jackson.databind.DatabindContext
23:36:10.792 [main] DEBUG o.e.r.agent.TransformerForTests - Going to instrument: com.fasterxml.jackson.databind.SerializerProvider
23:36:10.803 [main] INFO  o.e.r.i.CreateClassResetClassAdapter - Found static initializer in class com/fasterxml/jackson/databind/SerializerProvider
23:36:10.803 [main] INFO  o.e.r.i.MethodCallReplacementClassAdapter - No hashCode defined for: com/fasterxml/jackson/databind/SerializerProvider, superclass = com.fasterxml.jackson.databind.DatabindContext
23:36:10.804 [main] INFO  o.e.r.instrumentation.EvoClassLoader - Error while loading class: java.lang.ClassFormatError: Duplicate method name&signature in class file com/fasterxml/jackson/databind/SerializerProvider
23:36:10.804 [main] INFO  o.e.r.instrumentation.EvoClassLoader - Error while loading class: java.lang.NoClassDefFoundError: com/fasterxml/jackson/databind/SerializerProvider
23:36:10.804 [main] ERROR o.e.r.c.ClassStateSupport - Could not initialize com.fasterxml.jackson.databind.ser.DefaultSerializerProvider: com/fasterxml/jackson/databind/SerializerProvider
23:36:10.804 [main] INFO  o.e.r.instrumentation.EvoClassLoader - Seeing class for first time: com.fasterxml.jackson.databind.node.NullNode
23:36:10.804 [main] INFO  o.e.r.instrumentation.EvoClassLoader - Instrumenting class 'com.fasterxml.jackson.databind.node.NullNode'.
23:36:10.805 [main] INFO  o.e.r.i.MethodCallReplacementClassAdapter - Adding mock interface to class com/fasterxml/jackson/databind/node/NullNode
23:36:10.805 [main] INFO  o.e.r.i.CreateClassResetClassAdapter - Found static initializer in class com/fasterxml/jackson/databind/node/NullNode
23:36:10.805 [main] DEBUG o.e.r.agent.TransformerForTests - Going to instrument: com.fasterxml.jackson.databind.node.NullNode
23:36:10.806 [main] INFO  o.e.r.i.CreateClassResetClassAdapter - Found static initializer in class com/fasterxml/jackson/databind/node/NullNode
23:36:10.806 [main] INFO  o.e.r.instrumentation.EvoClassLoader - Error while loading class: java.lang.ClassFormatError: Duplicate method name&signature in class file com/fasterxml/jackson/databind/node/NullNode
23:36:10.806 [main] ERROR o.e.r.c.ClassStateSupport - Could not initialize com.fasterxml.jackson.databind.node.NullNode: Duplicate method name&signature in class file com/fasterxml/jackson/databind/node/NullNode
23:36:10.806 [main] INFO  o.e.r.instrumentation.EvoClassLoader - Seeing class for first time: org.springframework.boot.context.properties.EnableConfigurationProperties
23:36:10.806 [main] INFO  o.e.r.instrumentation.EvoClassLoader - Instrumenting class 'org.springframework.boot.context.properties.EnableConfigurationProperties'.
23:36:10.808 [main] DEBUG o.e.r.agent.TransformerForTests - Going to instrument: org.springframework.boot.context.properties.EnableConfigurationProperties
23:36:10.808 [main] INFO  o.e.r.instrumentation.EvoClassLoader - Keeping class: org.springframework.boot.context.properties.EnableConfigurationProperties
23:36:10.809 [main] INFO  o.e.r.instrumentation.EvoClassLoader - Seeing class for first time: org.springframework.validation.beanvalidation.SpringValidatorAdapter
23:36:10.809 [main] INFO  o.e.r.instrumentation.EvoClassLoader - Instrumenting class 'org.springframework.validation.beanvalidation.SpringValidatorAdapter'.
23:36:10.810 [main] INFO  o.e.r.i.MethodCallReplacementClassAdapter - Adding mock interface to class org/springframework/validation/beanvalidation/SpringValidatorAdapter
23:36:10.812 [main] INFO  o.e.r.i.CreateClassResetClassAdapter - Found static initializer in class org/springframework/validation/beanvalidation/SpringValidatorAdapter
23:36:10.812 [main] INFO  o.e.r.i.MethodCallReplacementClassAdapter - No hashCode defined for: org/springframework/validation/beanvalidation/SpringValidatorAdapter, superclass = java.lang.Object
23:36:10.813 [main] DEBUG o.e.r.agent.TransformerForTests - Going to instrument: org.springframework.validation.beanvalidation.SpringValidatorAdapter
23:36:10.815 [main] INFO  o.e.r.i.CreateClassResetClassAdapter - Found static initializer in class org/springframework/validation/beanvalidation/SpringValidatorAdapter
23:36:10.815 [main] INFO  o.e.r.instrumentation.EvoClassLoader - Seeing class for first time: org.springframework.validation.SmartValidator
23:36:10.815 [main] INFO  o.e.r.instrumentation.EvoClassLoader - Instrumenting class 'org.springframework.validation.SmartValidator'.
23:36:10.816 [main] DEBUG o.e.r.agent.TransformerForTests - Going to instrument: org.springframework.validation.SmartValidator
23:36:10.816 [main] INFO  o.e.r.instrumentation.EvoClassLoader - Keeping class: org.springframework.validation.SmartValidator
23:36:10.817 [main] INFO  o.e.r.instrumentation.EvoClassLoader - Error while loading class: java.lang.ClassFormatError: Duplicate method name&signature in class file org/springframework/validation/beanvalidation/SpringValidatorAdapter
23:36:10.817 [main] ERROR o.e.r.c.ClassStateSupport - Could not initialize org.springframework.validation.beanvalidation.SpringValidatorAdapter: Duplicate method name&signature in class file org/springframework/validation/beanvalidation/SpringValidatorAdapter
23:36:10.817 [main] INFO  o.e.r.instrumentation.EvoClassLoader - Seeing class for first time: com.fasterxml.jackson.databind.jsontype.TypeResolverBuilder
23:36:10.817 [main] INFO  o.e.r.instrumentation.EvoClassLoader - Instrumenting class 'com.fasterxml.jackson.databind.jsontype.TypeResolverBuilder'.
23:36:10.818 [main] DEBUG o.e.r.agent.TransformerForTests - Going to instrument: com.fasterxml.jackson.databind.jsontype.TypeResolverBuilder
23:36:10.818 [main] INFO  o.e.r.instrumentation.EvoClassLoader - Keeping class: com.fasterxml.jackson.databind.jsontype.TypeResolverBuilder
23:36:10.818 [main] INFO  o.e.r.instrumentation.EvoClassLoader - Seeing class for first time: org.springframework.util.ConcurrentReferenceHashMap$WeakEntryReference
23:36:10.818 [main] INFO  o.e.r.instrumentation.EvoClassLoader - Instrumenting class 'org.springframework.util.ConcurrentReferenceHashMap$WeakEntryReference'.
23:36:10.819 [main] INFO  o.e.r.i.MethodCallReplacementClassAdapter - Adding mock interface to class org/springframework/util/ConcurrentReferenceHashMap$WeakEntryReference
23:36:10.819 [main] INFO  o.e.r.i.MethodCallReplacementClassAdapter - No hashCode defined for: org/springframework/util/ConcurrentReferenceHashMap$WeakEntryReference, superclass = java.lang.ref.WeakReference
23:36:10.819 [main] INFO  o.e.r.i.CreateClassResetClassAdapter - Creating brand-new static initializer in class org/springframework/util/ConcurrentReferenceHashMap$WeakEntryReference
23:36:10.819 [main] DEBUG o.e.r.agent.TransformerForTests - Going to instrument: org.springframework.util.ConcurrentReferenceHashMap$WeakEntryReference
23:36:10.820 [main] INFO  o.e.r.i.MethodCallReplacementClassAdapter - No hashCode defined for: org/springframework/util/ConcurrentReferenceHashMap$WeakEntryReference, superclass = java.lang.ref.WeakReference
23:36:10.820 [main] INFO  o.e.r.instrumentation.EvoClassLoader - Keeping class: org.springframework.util.ConcurrentReferenceHashMap$WeakEntryReference
23:36:10.820 [main] INFO  o.e.r.instrumentation.EvoClassLoader - Seeing class for first time: org.springframework.core.GenericTypeResolver
23:36:10.820 [main] INFO  o.e.r.instrumentation.EvoClassLoader - Instrumenting class 'org.springframework.core.GenericTypeResolver'.
23:36:10.821 [main] INFO  o.e.r.i.MethodCallReplacementClassAdapter - Adding mock interface to class org/springframework/core/GenericTypeResolver
23:36:10.824 [main] INFO  o.e.r.i.CreateClassResetClassAdapter - Found static initializer in class org/springframework/core/GenericTypeResolver
23:36:10.824 [main] INFO  o.e.r.i.MethodCallReplacementClassAdapter - No hashCode defined for: org/springframework/core/GenericTypeResolver, superclass = java.lang.Object
23:36:10.824 [main] DEBUG o.e.r.agent.TransformerForTests - Going to instrument: org.springframework.core.GenericTypeResolver
23:36:10.827 [main] INFO  o.e.r.i.CreateClassResetClassAdapter - Found static initializer in class org/springframework/core/GenericTypeResolver
23:36:10.827 [main] INFO  o.e.r.instrumentation.EvoClassLoader - Error while loading class: java.lang.ClassFormatError: Duplicate method name&signature in class file org/springframework/core/GenericTypeResolver
23:36:10.827 [main] ERROR o.e.r.c.ClassStateSupport - Could not initialize org.springframework.core.GenericTypeResolver: Duplicate method name&signature in class file org/springframework/core/GenericTypeResolver
23:36:10.828 [main] INFO  o.e.r.instrumentation.EvoClassLoader - Seeing class for first time: org.springframework.boot.autoconfigure.condition.SearchStrategy
23:36:10.828 [main] INFO  o.e.r.instrumentation.EvoClassLoader - Instrumenting class 'org.springframework.boot.autoconfigure.condition.SearchStrategy'.
23:36:10.828 [main] INFO  o.e.r.i.MethodCallReplacementClassAdapter - Adding mock interface to class org/springframework/boot/autoconfigure/condition/SearchStrategy
23:36:10.829 [main] INFO  o.e.r.i.CreateClassResetClassAdapter - Found static initializer in class org/springframework/boot/autoconfigure/condition/SearchStrategy
23:36:10.829 [main] INFO  o.e.r.i.MethodCallReplacementClassAdapter - No hashCode defined for: org/springframework/boot/autoconfigure/condition/SearchStrategy, superclass = java.lang.Enum
23:36:10.829 [main] DEBUG o.e.r.agent.TransformerForTests - Going to instrument: org.springframework.boot.autoconfigure.condition.SearchStrategy
23:36:10.829 [main] INFO  o.e.r.i.CreateClassResetClassAdapter - Found static initializer in class org/springframework/boot/autoconfigure/condition/SearchStrategy
23:36:10.829 [main] INFO  o.e.r.i.MethodCallReplacementClassAdapter - No hashCode defined for: org/springframework/boot/autoconfigure/condition/SearchStrategy, superclass = java.lang.Enum
23:36:10.830 [main] INFO  o.e.r.instrumentation.EvoClassLoader - Error while loading class: java.lang.ClassFormatError: Duplicate method name&signature in class file org/springframework/boot/autoconfigure/condition/SearchStrategy
23:36:10.830 [main] ERROR o.e.r.c.ClassStateSupport - Could not initialize org.springframework.boot.autoconfigure.condition.SearchStrategy: Duplicate method name&signature in class file org/springframework/boot/autoconfigure/condition/SearchStrategy
23:36:10.830 [main] INFO  o.e.r.instrumentation.EvoClassLoader - Seeing class for first time: org.springframework.validation.FieldError
23:36:10.830 [main] INFO  o.e.r.instrumentation.EvoClassLoader - Instrumenting class 'org.springframework.validation.FieldError'.
23:36:10.831 [main] INFO  o.e.r.i.MethodCallReplacementClassAdapter - Adding mock interface to class org/springframework/validation/FieldError
23:36:10.831 [main] INFO  o.e.r.i.CreateClassResetClassAdapter - Creating brand-new static initializer in class org/springframework/validation/FieldError
23:36:10.831 [main] DEBUG o.e.r.agent.TransformerForTests - Going to instrument: org.springframework.validation.FieldError
23:36:10.832 [main] INFO  o.e.r.instrumentation.EvoClassLoader - Seeing class for first time: org.springframework.validation.ObjectError
23:36:10.832 [main] INFO  o.e.r.instrumentation.EvoClassLoader - Instrumenting class 'org.springframework.validation.ObjectError'.
23:36:10.833 [main] INFO  o.e.r.i.MethodCallReplacementClassAdapter - Adding mock interface to class org/springframework/validation/ObjectError
23:36:10.833 [main] INFO  o.e.r.i.CreateClassResetClassAdapter - Creating brand-new static initializer in class org/springframework/validation/ObjectError
23:36:10.833 [main] DEBUG o.e.r.agent.TransformerForTests - Going to instrument: org.springframework.validation.ObjectError
23:36:10.833 [main] INFO  o.e.r.instrumentation.EvoClassLoader - Seeing class for first time: org.springframework.context.support.DefaultMessageSourceResolvable
23:36:10.833 [main] INFO  o.e.r.instrumentation.EvoClassLoader - Instrumenting class 'org.springframework.context.support.DefaultMessageSourceResolvable'.
23:36:10.834 [main] INFO  o.e.r.i.MethodCallReplacementClassAdapter - Adding mock interface to class org/springframework/context/support/DefaultMessageSourceResolvable
23:36:10.835 [main] INFO  o.e.r.i.CreateClassResetClassAdapter - Creating brand-new static initializer in class org/springframework/context/support/DefaultMessageSourceResolvable
23:36:10.835 [main] DEBUG o.e.r.agent.TransformerForTests - Going to instrument: org.springframework.context.support.DefaultMessageSourceResolvable
23:36:10.836 [main] INFO  o.e.r.instrumentation.EvoClassLoader - Seeing class for first time: org.springframework.context.MessageSourceResolvable
23:36:10.836 [main] INFO  o.e.r.instrumentation.EvoClassLoader - Instrumenting class 'org.springframework.context.MessageSourceResolvable'.
23:36:10.837 [main] DEBUG o.e.r.agent.TransformerForTests - Going to instrument: org.springframework.context.MessageSourceResolvable
23:36:10.837 [main] INFO  o.e.r.instrumentation.EvoClassLoader - Keeping class: org.springframework.context.MessageSourceResolvable
23:36:10.839 [main] INFO  o.e.r.instrumentation.EvoClassLoader - Keeping class: org.springframework.context.support.DefaultMessageSourceResolvable
23:36:10.839 [main] INFO  o.e.r.instrumentation.EvoClassLoader - Keeping class: org.springframework.validation.ObjectError
23:36:10.839 [main] INFO  o.e.r.instrumentation.EvoClassLoader - Keeping class: org.springframework.validation.FieldError
23:36:10.840 [main] INFO  o.e.r.instrumentation.EvoClassLoader - Seeing class for first time: org.springframework.web.servlet.config.annotation.AsyncSupportConfigurer
23:36:10.840 [main] INFO  o.e.r.instrumentation.EvoClassLoader - Instrumenting class 'org.springframework.web.servlet.config.annotation.AsyncSupportConfigurer'.
23:36:10.841 [main] INFO  o.e.r.i.MethodCallReplacementClassAdapter - Adding mock interface to class org/springframework/web/servlet/config/annotation/AsyncSupportConfigurer
23:36:10.842 [main] INFO  o.e.r.i.MethodCallReplacementClassAdapter - No hashCode defined for: org/springframework/web/servlet/config/annotation/AsyncSupportConfigurer, superclass = java.lang.Object
23:36:10.842 [main] INFO  o.e.r.i.CreateClassResetClassAdapter - Creating brand-new static initializer in class org/springframework/web/servlet/config/annotation/AsyncSupportConfigurer
23:36:10.842 [main] DEBUG o.e.r.agent.TransformerForTests - Going to instrument: org.springframework.web.servlet.config.annotation.AsyncSupportConfigurer
23:36:10.843 [main] INFO  o.e.r.instrumentation.EvoClassLoader - Keeping class: org.springframework.web.servlet.config.annotation.AsyncSupportConfigurer
23:36:10.843 [main] INFO  o.e.r.instrumentation.EvoClassLoader - Seeing class for first time: org.springframework.format.datetime.standard.DateTimeFormatterRegistrar$Type
23:36:10.843 [main] INFO  o.e.r.instrumentation.EvoClassLoader - Instrumenting class 'org.springframework.format.datetime.standard.DateTimeFormatterRegistrar$Type'.
23:36:10.844 [main] INFO  o.e.r.i.MethodCallReplacementClassAdapter - Adding mock interface to class org/springframework/format/datetime/standard/DateTimeFormatterRegistrar$Type
23:36:10.844 [main] INFO  o.e.r.i.CreateClassResetClassAdapter - Found static initializer in class org/springframework/format/datetime/standard/DateTimeFormatterRegistrar$Type
23:36:10.844 [main] INFO  o.e.r.i.MethodCallReplacementClassAdapter - No hashCode defined for: org/springframework/format/datetime/standard/DateTimeFormatterRegistrar$Type, superclass = java.lang.Enum
23:36:10.844 [main] DEBUG o.e.r.agent.TransformerForTests - Going to instrument: org.springframework.format.datetime.standard.DateTimeFormatterRegistrar$Type
23:36:10.844 [main] INFO  o.e.r.i.CreateClassResetClassAdapter - Found static initializer in class org/springframework/format/datetime/standard/DateTimeFormatterRegistrar$Type
23:36:10.844 [main] INFO  o.e.r.i.MethodCallReplacementClassAdapter - No hashCode defined for: org/springframework/format/datetime/standard/DateTimeFormatterRegistrar$Type, superclass = java.lang.Enum
23:36:10.845 [main] INFO  o.e.r.instrumentation.EvoClassLoader - Error while loading class: java.lang.ClassFormatError: Duplicate method name&signature in class file org/springframework/format/datetime/standard/DateTimeFormatterRegistrar$Type
23:36:10.845 [main] ERROR o.e.r.c.ClassStateSupport - Could not initialize org.springframework.format.datetime.standard.DateTimeFormatterRegistrar$Type: Duplicate method name&signature in class file org/springframework/format/datetime/standard/DateTimeFormatterRegistrar$Type
23:36:10.845 [main] INFO  o.e.r.instrumentation.EvoClassLoader - Seeing class for first time: org.springframework.boot.autoconfigure.web.ResourceProperties$Strategy
23:36:10.845 [main] INFO  o.e.r.instrumentation.EvoClassLoader - Instrumenting class 'org.springframework.boot.autoconfigure.web.ResourceProperties$Strategy'.
23:36:10.846 [main] INFO  o.e.r.i.MethodCallReplacementClassAdapter - Adding mock interface to class org/springframework/boot/autoconfigure/web/ResourceProperties$Strategy
23:36:10.846 [main] INFO  o.e.r.i.MethodCallReplacementClassAdapter - No hashCode defined for: org/springframework/boot/autoconfigure/web/ResourceProperties$Strategy, superclass = java.lang.Object
23:36:10.846 [main] INFO  o.e.r.i.CreateClassResetClassAdapter - Creating brand-new static initializer in class org/springframework/boot/autoconfigure/web/ResourceProperties$Strategy
23:36:10.846 [main] DEBUG o.e.r.agent.TransformerForTests - Going to instrument: org.springframework.boot.autoconfigure.web.ResourceProperties$Strategy
23:36:10.846 [main] INFO  o.e.r.instrumentation.EvoClassLoader - Keeping class: org.springframework.boot.autoconfigure.web.ResourceProperties$Strategy
23:36:10.847 [main] INFO  o.e.r.instrumentation.EvoClassLoader - Seeing class for first time: org.springframework.util.CollectionUtils
23:36:10.847 [main] INFO  o.e.r.instrumentation.EvoClassLoader - Instrumenting class 'org.springframework.util.CollectionUtils'.
23:36:10.848 [main] INFO  o.e.r.i.MethodCallReplacementClassAdapter - Adding mock interface to class org/springframework/util/CollectionUtils
23:36:10.849 [main] INFO  o.e.r.i.MethodCallReplacementClassAdapter - No hashCode defined for: org/springframework/util/CollectionUtils, superclass = java.lang.Object
23:36:10.850 [main] INFO  o.e.r.i.CreateClassResetClassAdapter - Creating brand-new static initializer in class org/springframework/util/CollectionUtils
23:36:10.850 [main] DEBUG o.e.r.agent.TransformerForTests - Going to instrument: org.springframework.util.CollectionUtils
23:36:10.853 [main] INFO  o.e.r.instrumentation.EvoClassLoader - Keeping class: org.springframework.util.CollectionUtils
23:36:10.854 [main] INFO  o.e.r.instrumentation.EvoClassLoader - Seeing class for first time: org.springframework.core.convert.support.DefaultConversionService
23:36:10.855 [main] INFO  o.e.r.instrumentation.EvoClassLoader - Instrumenting class 'org.springframework.core.convert.support.DefaultConversionService'.
23:36:10.856 [main] INFO  o.e.r.i.MethodCallReplacementClassAdapter - Adding mock interface to class org/springframework/core/convert/support/DefaultConversionService
23:36:10.856 [main] INFO  o.e.r.i.CreateClassResetClassAdapter - Found static initializer in class org/springframework/core/convert/support/DefaultConversionService
23:36:10.856 [main] INFO  o.e.r.i.MethodCallReplacementClassAdapter - No hashCode defined for: org/springframework/core/convert/support/DefaultConversionService, superclass = org.springframework.core.convert.support.GenericConversionService
23:36:10.857 [main] DEBUG o.e.r.agent.TransformerForTests - Going to instrument: org.springframework.core.convert.support.DefaultConversionService
23:36:10.857 [main] INFO  o.e.r.i.CreateClassResetClassAdapter - Found static initializer in class org/springframework/core/convert/support/DefaultConversionService
23:36:10.858 [main] INFO  o.e.r.i.MethodCallReplacementClassAdapter - No hashCode defined for: org/springframework/core/convert/support/DefaultConversionService, superclass = org.springframework.core.convert.support.GenericConversionService
23:36:10.858 [main] INFO  o.e.r.instrumentation.EvoClassLoader - Error while loading class: java.lang.ClassFormatError: Duplicate method name&signature in class file org/springframework/core/convert/support/DefaultConversionService
23:36:10.858 [main] ERROR o.e.r.c.ClassStateSupport - Could not initialize org.springframework.core.convert.support.DefaultConversionService: Duplicate method name&signature in class file org/springframework/core/convert/support/DefaultConversionService
23:36:10.858 [main] INFO  o.e.r.instrumentation.EvoClassLoader - Seeing class for first time: org.springframework.beans.factory.ListableBeanFactory
23:36:10.858 [main] INFO  o.e.r.instrumentation.EvoClassLoader - Instrumenting class 'org.springframework.beans.factory.ListableBeanFactory'.
23:36:10.859 [main] DEBUG o.e.r.agent.TransformerForTests - Going to instrument: org.springframework.beans.factory.ListableBeanFactory
23:36:10.860 [main] INFO  o.e.r.instrumentation.EvoClassLoader - Keeping class: org.springframework.beans.factory.ListableBeanFactory
23:36:10.860 [main] INFO  o.e.r.instrumentation.EvoClassLoader - Seeing class for first time: com.fasterxml.jackson.core.JsonGenerator
23:36:10.860 [main] INFO  o.e.r.instrumentation.EvoClassLoader - Instrumenting class 'com.fasterxml.jackson.core.JsonGenerator'.
23:36:10.862 [main] INFO  o.e.r.i.MethodCallReplacementClassAdapter - Adding mock interface to class com/fasterxml/jackson/core/JsonGenerator
23:36:10.866 [main] INFO  o.e.r.i.MethodCallReplacementClassAdapter - No hashCode defined for: com/fasterxml/jackson/core/JsonGenerator, superclass = java.lang.Object
23:36:10.866 [main] INFO  o.e.r.i.CreateClassResetClassAdapter - Creating brand-new static initializer in class com/fasterxml/jackson/core/JsonGenerator
23:36:10.866 [main] DEBUG o.e.r.agent.TransformerForTests - Going to instrument: com.fasterxml.jackson.core.JsonGenerator
23:36:10.871 [main] INFO  o.e.r.instrumentation.EvoClassLoader - Keeping class: com.fasterxml.jackson.core.JsonGenerator
23:36:10.872 [main] INFO  o.e.r.instrumentation.EvoClassLoader - Seeing class for first time: com.fasterxml.jackson.core.JsonGenerationException
23:36:10.872 [main] INFO  o.e.r.instrumentation.EvoClassLoader - Instrumenting class 'com.fasterxml.jackson.core.JsonGenerationException'.
23:36:10.873 [main] INFO  o.e.r.i.MethodCallReplacementClassAdapter - Adding mock interface to class com/fasterxml/jackson/core/JsonGenerationException
23:36:10.873 [main] INFO  o.e.r.i.MethodCallReplacementClassAdapter - No hashCode defined for: com/fasterxml/jackson/core/JsonGenerationException, superclass = com.fasterxml.jackson.core.JsonProcessingException
23:36:10.873 [main] INFO  o.e.r.i.CreateClassResetClassAdapter - Creating brand-new static initializer in class com/fasterxml/jackson/core/JsonGenerationException
23:36:10.874 [main] DEBUG o.e.r.agent.TransformerForTests - Going to instrument: com.fasterxml.jackson.core.JsonGenerationException
23:36:10.875 [main] INFO  o.e.r.i.MethodCallReplacementClassAdapter - No hashCode defined for: com/fasterxml/jackson/core/JsonGenerationException, superclass = com.fasterxml.jackson.core.JsonProcessingException
23:36:10.875 [main] INFO  o.e.r.instrumentation.EvoClassLoader - Keeping class: com.fasterxml.jackson.core.JsonGenerationException
23:36:10.876 [main] INFO  o.e.r.instrumentation.EvoClassLoader - Seeing class for first time: com.fasterxml.jackson.databind.deser.DefaultDeserializationContext
23:36:10.879 [main] INFO  o.e.r.instrumentation.EvoClassLoader - Instrumenting class 'com.fasterxml.jackson.databind.deser.DefaultDeserializationContext'.
23:36:10.881 [main] INFO  o.e.r.i.MethodCallReplacementClassAdapter - Adding mock interface to class com/fasterxml/jackson/databind/deser/DefaultDeserializationContext
23:36:10.883 [main] INFO  o.e.r.i.MethodCallReplacementClassAdapter - No hashCode defined for: com/fasterxml/jackson/databind/deser/DefaultDeserializationContext, superclass = com.fasterxml.jackson.databind.DeserializationContext
23:36:10.883 [main] INFO  o.e.r.i.CreateClassResetClassAdapter - Creating brand-new static initializer in class com/fasterxml/jackson/databind/deser/DefaultDeserializationContext
23:36:10.884 [main] DEBUG o.e.r.agent.TransformerForTests - Going to instrument: com.fasterxml.jackson.databind.deser.DefaultDeserializationContext
23:36:10.886 [main] INFO  o.e.r.i.MethodCallReplacementClassAdapter - No hashCode defined for: com/fasterxml/jackson/databind/deser/DefaultDeserializationContext, superclass = com.fasterxml.jackson.databind.DeserializationContext
23:36:10.887 [main] INFO  o.e.r.instrumentation.EvoClassLoader - Seeing class for first time: com.fasterxml.jackson.databind.DeserializationContext
23:36:10.887 [main] INFO  o.e.r.instrumentation.EvoClassLoader - Instrumenting class 'com.fasterxml.jackson.databind.DeserializationContext'.
23:36:10.888 [main] INFO  o.e.r.i.MethodCallReplacementClassAdapter - Adding mock interface to class com/fasterxml/jackson/databind/DeserializationContext
23:36:10.894 [main] INFO  o.e.r.i.MethodCallReplacementClassAdapter - No hashCode defined for: com/fasterxml/jackson/databind/DeserializationContext, superclass = com.fasterxml.jackson.databind.DatabindContext
23:36:10.894 [main] INFO  o.e.r.i.CreateClassResetClassAdapter - Creating brand-new static initializer in class com/fasterxml/jackson/databind/DeserializationContext
23:36:10.894 [main] INFO  o.e.r.i.CreateClassResetClassAdapter - Adding bytecode for initializing field MAX_ERROR_STR_LEN
23:36:10.894 [main] DEBUG o.e.r.agent.TransformerForTests - Going to instrument: com.fasterxml.jackson.databind.DeserializationContext
23:36:10.900 [main] INFO  o.e.r.i.MethodCallReplacementClassAdapter - No hashCode defined for: com/fasterxml/jackson/databind/DeserializationContext, superclass = com.fasterxml.jackson.databind.DatabindContext
23:36:10.902 [main] INFO  o.e.r.instrumentation.EvoClassLoader - Seeing class for first time: com.fasterxml.jackson.databind.DatabindContext
23:36:10.902 [main] INFO  o.e.r.instrumentation.EvoClassLoader - Instrumenting class 'com.fasterxml.jackson.databind.DatabindContext'.
23:36:10.903 [main] INFO  o.e.r.i.MethodCallReplacementClassAdapter - Adding mock interface to class com/fasterxml/jackson/databind/DatabindContext
23:36:10.905 [main] INFO  o.e.r.i.MethodCallReplacementClassAdapter - No hashCode defined for: com/fasterxml/jackson/databind/DatabindContext, superclass = java.lang.Object
23:36:10.905 [main] INFO  o.e.r.i.CreateClassResetClassAdapter - Creating brand-new static initializer in class com/fasterxml/jackson/databind/DatabindContext
23:36:10.905 [main] DEBUG o.e.r.agent.TransformerForTests - Going to instrument: com.fasterxml.jackson.databind.DatabindContext
23:36:10.908 [main] INFO  o.e.r.instrumentation.EvoClassLoader - Keeping class: com.fasterxml.jackson.databind.DatabindContext
23:36:10.908 [main] INFO  o.e.r.instrumentation.EvoClassLoader - Keeping class: com.fasterxml.jackson.databind.DeserializationContext
23:36:10.908 [main] INFO  o.e.r.instrumentation.EvoClassLoader - Keeping class: com.fasterxml.jackson.databind.deser.DefaultDeserializationContext
23:36:10.909 [main] INFO  o.e.r.instrumentation.EvoClassLoader - Seeing class for first time: com.fasterxml.jackson.databind.JsonMappingException
23:36:10.909 [main] INFO  o.e.r.instrumentation.EvoClassLoader - Instrumenting class 'com.fasterxml.jackson.databind.JsonMappingException'.
23:36:10.910 [main] INFO  o.e.r.i.MethodCallReplacementClassAdapter - Adding mock interface to class com/fasterxml/jackson/databind/JsonMappingException
23:36:10.911 [main] INFO  o.e.r.i.MethodCallReplacementClassAdapter - No hashCode defined for: com/fasterxml/jackson/databind/JsonMappingException, superclass = com.fasterxml.jackson.core.JsonProcessingException
23:36:10.911 [main] INFO  o.e.r.i.CreateClassResetClassAdapter - Creating brand-new static initializer in class com/fasterxml/jackson/databind/JsonMappingException
23:36:10.911 [main] INFO  o.e.r.i.CreateClassResetClassAdapter - Adding bytecode for initializing field MAX_REFS_TO_LIST
23:36:10.911 [main] DEBUG o.e.r.agent.TransformerForTests - Going to instrument: com.fasterxml.jackson.databind.JsonMappingException
23:36:10.912 [main] INFO  o.e.r.i.MethodCallReplacementClassAdapter - No hashCode defined for: com/fasterxml/jackson/databind/JsonMappingException, superclass = com.fasterxml.jackson.core.JsonProcessingException
23:36:10.913 [main] INFO  o.e.r.instrumentation.EvoClassLoader - Keeping class: com.fasterxml.jackson.databind.JsonMappingException
23:36:10.913 [main] INFO  o.e.r.instrumentation.EvoClassLoader - Seeing class for first time: com.fasterxml.jackson.databind.cfg.MapperConfig
23:36:10.913 [main] INFO  o.e.r.instrumentation.EvoClassLoader - Instrumenting class 'com.fasterxml.jackson.databind.cfg.MapperConfig'.
23:36:10.914 [main] INFO  o.e.r.i.MethodCallReplacementClassAdapter - Adding mock interface to class com/fasterxml/jackson/databind/cfg/MapperConfig
23:36:10.918 [main] INFO  o.e.r.i.MethodCallReplacementClassAdapter - No hashCode defined for: com/fasterxml/jackson/databind/cfg/MapperConfig, superclass = java.lang.Object
23:36:10.918 [main] INFO  o.e.r.i.CreateClassResetClassAdapter - Creating brand-new static initializer in class com/fasterxml/jackson/databind/cfg/MapperConfig
23:36:10.918 [main] DEBUG o.e.r.agent.TransformerForTests - Going to instrument: com.fasterxml.jackson.databind.cfg.MapperConfig
23:36:10.920 [main] INFO  o.e.r.instrumentation.EvoClassLoader - Seeing class for first time: com.fasterxml.jackson.databind.introspect.ClassIntrospector$MixInResolver
23:36:10.920 [main] INFO  o.e.r.instrumentation.EvoClassLoader - Instrumenting class 'com.fasterxml.jackson.databind.introspect.ClassIntrospector$MixInResolver'.
23:36:10.921 [main] DEBUG o.e.r.agent.TransformerForTests - Going to instrument: com.fasterxml.jackson.databind.introspect.ClassIntrospector$MixInResolver
23:36:10.921 [main] INFO  o.e.r.instrumentation.EvoClassLoader - Keeping class: com.fasterxml.jackson.databind.introspect.ClassIntrospector$MixInResolver
23:36:10.921 [main] INFO  o.e.r.instrumentation.EvoClassLoader - Keeping class: com.fasterxml.jackson.databind.cfg.MapperConfig
23:36:10.921 [main] INFO  o.e.r.instrumentation.EvoClassLoader - Seeing class for first time: com.fasterxml.jackson.databind.DeserializationConfig
23:36:10.921 [main] INFO  o.e.r.instrumentation.EvoClassLoader - Instrumenting class 'com.fasterxml.jackson.databind.DeserializationConfig'.
23:36:10.923 [main] INFO  o.e.r.i.MethodCallReplacementClassAdapter - Adding mock interface to class com/fasterxml/jackson/databind/DeserializationConfig
23:36:10.925 [main] INFO  o.e.r.i.MethodCallReplacementClassAdapter - No hashCode defined for: com/fasterxml/jackson/databind/DeserializationConfig, superclass = com.fasterxml.jackson.databind.cfg.MapperConfigBase
23:36:10.926 [main] INFO  o.e.r.i.CreateClassResetClassAdapter - Creating brand-new static initializer in class com/fasterxml/jackson/databind/DeserializationConfig
23:36:10.926 [main] DEBUG o.e.r.agent.TransformerForTests - Going to instrument: com.fasterxml.jackson.databind.DeserializationConfig
23:36:10.931 [main] INFO  o.e.r.i.MethodCallReplacementClassAdapter - No hashCode defined for: com/fasterxml/jackson/databind/DeserializationConfig, superclass = com.fasterxml.jackson.databind.cfg.MapperConfigBase
23:36:10.932 [main] INFO  o.e.r.instrumentation.EvoClassLoader - Seeing class for first time: com.fasterxml.jackson.databind.cfg.MapperConfigBase
23:36:10.932 [main] INFO  o.e.r.instrumentation.EvoClassLoader - Instrumenting class 'com.fasterxml.jackson.databind.cfg.MapperConfigBase'.
23:36:10.933 [main] INFO  o.e.r.i.MethodCallReplacementClassAdapter - Adding mock interface to class com/fasterxml/jackson/databind/cfg/MapperConfigBase
23:36:10.935 [main] INFO  o.e.r.i.CreateClassResetClassAdapter - Found static initializer in class com/fasterxml/jackson/databind/cfg/MapperConfigBase
23:36:10.935 [main] INFO  o.e.r.i.MethodCallReplacementClassAdapter - No hashCode defined for: com/fasterxml/jackson/databind/cfg/MapperConfigBase, superclass = com.fasterxml.jackson.databind.cfg.MapperConfig
23:36:10.935 [main] DEBUG o.e.r.agent.TransformerForTests - Going to instrument: com.fasterxml.jackson.databind.cfg.MapperConfigBase
23:36:10.936 [main] INFO  o.e.r.i.CreateClassResetClassAdapter - Found static initializer in class com/fasterxml/jackson/databind/cfg/MapperConfigBase
23:36:10.936 [main] INFO  o.e.r.i.MethodCallReplacementClassAdapter - No hashCode defined for: com/fasterxml/jackson/databind/cfg/MapperConfigBase, superclass = com.fasterxml.jackson.databind.cfg.MapperConfig
23:36:10.937 [main] INFO  o.e.r.instrumentation.EvoClassLoader - Error while loading class: java.lang.ClassFormatError: Duplicate method name&signature in class file com/fasterxml/jackson/databind/cfg/MapperConfigBase
23:36:10.937 [main] INFO  o.e.r.instrumentation.EvoClassLoader - Error while loading class: java.lang.NoClassDefFoundError: com/fasterxml/jackson/databind/cfg/MapperConfigBase
23:36:10.937 [main] ERROR o.e.r.c.ClassStateSupport - Could not initialize com.fasterxml.jackson.databind.deser.DefaultDeserializationContext: com/fasterxml/jackson/databind/DeserializationConfig
23:36:10.937 [main] INFO  o.e.r.instrumentation.EvoClassLoader - Seeing class for first time: org.springframework.http.MediaType$1
23:36:10.938 [main] INFO  o.e.r.instrumentation.EvoClassLoader - Instrumenting class 'org.springframework.http.MediaType$1'.
23:36:10.939 [main] INFO  o.e.r.i.MethodCallReplacementClassAdapter - Adding mock interface to class org/springframework/http/MediaType$1
23:36:10.939 [main] INFO  o.e.r.i.MethodCallReplacementClassAdapter - No hashCode defined for: org/springframework/http/MediaType$1, superclass = java.lang.Object
23:36:10.939 [main] DEBUG o.e.r.agent.TransformerForTests - Going to instrument: org.springframework.http.MediaType$1
23:36:10.940 [main] INFO  o.e.r.instrumentation.EvoClassLoader - Keeping class: org.springframework.http.MediaType$1
23:36:10.940 [main] INFO  o.e.r.instrumentation.EvoClassLoader - Seeing class for first time: org.springframework.http.MediaType$2
23:36:10.940 [main] INFO  o.e.r.instrumentation.EvoClassLoader - Instrumenting class 'org.springframework.http.MediaType$2'.
23:36:10.941 [main] INFO  o.e.r.i.MethodCallReplacementClassAdapter - Adding mock interface to class org/springframework/http/MediaType$2
23:36:10.941 [main] INFO  o.e.r.i.MethodCallReplacementClassAdapter - No hashCode defined for: org/springframework/http/MediaType$2, superclass = org.springframework.util.MimeType$SpecificityComparator
23:36:10.942 [main] DEBUG o.e.r.agent.TransformerForTests - Going to instrument: org.springframework.http.MediaType$2
23:36:10.943 [main] INFO  o.e.r.i.MethodCallReplacementClassAdapter - No hashCode defined for: org/springframework/http/MediaType$2, superclass = org.springframework.util.MimeType$SpecificityComparator
23:36:10.943 [main] INFO  o.e.r.instrumentation.EvoClassLoader - Seeing class for first time: org.springframework.util.MimeType$SpecificityComparator
23:36:10.943 [main] INFO  o.e.r.instrumentation.EvoClassLoader - Instrumenting class 'org.springframework.util.MimeType$SpecificityComparator'.
23:36:10.944 [main] INFO  o.e.r.i.MethodCallReplacementClassAdapter - Adding mock interface to class org/springframework/util/MimeType$SpecificityComparator
23:36:10.945 [main] INFO  o.e.r.i.MethodCallReplacementClassAdapter - No hashCode defined for: org/springframework/util/MimeType$SpecificityComparator, superclass = java.lang.Object
23:36:10.945 [main] INFO  o.e.r.i.CreateClassResetClassAdapter - Creating brand-new static initializer in class org/springframework/util/MimeType$SpecificityComparator
23:36:10.945 [main] DEBUG o.e.r.agent.TransformerForTests - Going to instrument: org.springframework.util.MimeType$SpecificityComparator
23:36:10.946 [main] INFO  o.e.r.instrumentation.EvoClassLoader - Keeping class: org.springframework.util.MimeType$SpecificityComparator
23:36:10.946 [main] INFO  o.e.r.instrumentation.EvoClassLoader - Keeping class: org.springframework.http.MediaType$2
23:36:10.946 [main] INFO  o.e.r.instrumentation.EvoClassLoader - Seeing class for first time: org.springframework.util.MimeType
23:36:10.946 [main] INFO  o.e.r.instrumentation.EvoClassLoader - Instrumenting class 'org.springframework.util.MimeType'.
23:36:10.947 [main] INFO  o.e.r.i.MethodCallReplacementClassAdapter - Adding mock interface to class org/springframework/util/MimeType
23:36:10.950 [main] INFO  o.e.r.i.CreateClassResetClassAdapter - Found static initializer in class org/springframework/util/MimeType
23:36:10.951 [main] DEBUG o.e.r.agent.TransformerForTests - Going to instrument: org.springframework.util.MimeType
23:36:10.955 [main] INFO  o.e.r.i.CreateClassResetClassAdapter - Found static initializer in class org/springframework/util/MimeType
23:36:10.955 [main] INFO  o.e.r.instrumentation.EvoClassLoader - Error while loading class: java.lang.ClassFormatError: Duplicate method name&signature in class file org/springframework/util/MimeType
23:36:10.955 [main] ERROR o.e.r.c.ClassStateSupport - Could not initialize org.springframework.http.MediaType$2: org/springframework/util/MimeType
23:36:10.956 [main] INFO  o.e.r.instrumentation.EvoClassLoader - Seeing class for first time: org.springframework.jndi.JndiAccessor
23:36:10.956 [main] INFO  o.e.r.instrumentation.EvoClassLoader - Instrumenting class 'org.springframework.jndi.JndiAccessor'.
23:36:10.956 [main] INFO  o.e.r.i.MethodCallReplacementClassAdapter - Adding mock interface to class org/springframework/jndi/JndiAccessor
23:36:10.957 [main] INFO  o.e.r.i.MethodCallReplacementClassAdapter - No hashCode defined for: org/springframework/jndi/JndiAccessor, superclass = java.lang.Object
23:36:10.957 [main] INFO  o.e.r.i.CreateClassResetClassAdapter - Creating brand-new static initializer in class org/springframework/jndi/JndiAccessor
23:36:10.957 [main] DEBUG o.e.r.agent.TransformerForTests - Going to instrument: org.springframework.jndi.JndiAccessor
23:36:10.958 [main] INFO  o.e.r.instrumentation.EvoClassLoader - Keeping class: org.springframework.jndi.JndiAccessor
23:36:10.958 [main] INFO  o.e.r.instrumentation.EvoClassLoader - Seeing class for first time: org.springframework.web.servlet.config.annotation.CorsRegistry
23:36:10.958 [main] INFO  o.e.r.instrumentation.EvoClassLoader - Instrumenting class 'org.springframework.web.servlet.config.annotation.CorsRegistry'.
23:36:10.959 [main] INFO  o.e.r.i.MethodCallReplacementClassAdapter - Adding mock interface to class org/springframework/web/servlet/config/annotation/CorsRegistry
23:36:10.959 [main] INFO  o.e.r.i.MethodCallReplacementClassAdapter - No hashCode defined for: org/springframework/web/servlet/config/annotation/CorsRegistry, superclass = java.lang.Object
23:36:10.959 [main] INFO  o.e.r.i.CreateClassResetClassAdapter - Creating brand-new static initializer in class org/springframework/web/servlet/config/annotation/CorsRegistry
23:36:10.959 [main] DEBUG o.e.r.agent.TransformerForTests - Going to instrument: org.springframework.web.servlet.config.annotation.CorsRegistry
23:36:10.960 [main] INFO  o.e.r.instrumentation.EvoClassLoader - Keeping class: org.springframework.web.servlet.config.annotation.CorsRegistry
23:36:10.960 [main] INFO  o.e.r.instrumentation.EvoClassLoader - Seeing class for first time: org.apache.xalan.processor.TransformerFactoryImpl
23:36:10.960 [main] INFO  o.e.r.instrumentation.EvoClassLoader - Instrumenting class 'org.apache.xalan.processor.TransformerFactoryImpl'.
23:36:10.962 [main] INFO  o.e.r.i.MethodCallReplacementClassAdapter - Adding mock interface to class org/apache/xalan/processor/TransformerFactoryImpl
23:36:10.971 [main] INFO  o.e.r.i.MethodCallReplacementClassAdapter - No hashCode defined for: org/apache/xalan/processor/TransformerFactoryImpl, superclass = javax.xml.transform.sax.SAXTransformerFactory
23:36:10.971 [main] INFO  o.e.r.i.CreateClassResetClassAdapter - Creating brand-new static initializer in class org/apache/xalan/processor/TransformerFactoryImpl
23:36:10.971 [main] INFO  o.e.r.i.CreateClassResetClassAdapter - Adding bytecode for initializing field XSLT_PROPERTIES
23:36:10.971 [main] INFO  o.e.r.i.CreateClassResetClassAdapter - Adding bytecode for initializing field FEATURE_INCREMENTAL
23:36:10.971 [main] INFO  o.e.r.i.CreateClassResetClassAdapter - Adding bytecode for initializing field FEATURE_OPTIMIZE
23:36:10.971 [main] INFO  o.e.r.i.CreateClassResetClassAdapter - Adding bytecode for initializing field FEATURE_SOURCE_LOCATION
23:36:10.971 [main] DEBUG o.e.r.agent.TransformerForTests - Going to instrument: org.apache.xalan.processor.TransformerFactoryImpl
23:36:10.979 [main] INFO  o.e.r.i.MethodCallReplacementClassAdapter - No hashCode defined for: org/apache/xalan/processor/TransformerFactoryImpl, superclass = javax.xml.transform.sax.SAXTransformerFactory
23:36:10.979 [main] INFO  o.e.r.instrumentation.EvoClassLoader - Keeping class: org.apache.xalan.processor.TransformerFactoryImpl
23:36:10.982 [main] INFO  o.e.r.instrumentation.EvoClassLoader - Seeing class for first time: org.apache.xml.utils.StopParseException
23:36:10.982 [main] INFO  o.e.r.instrumentation.EvoClassLoader - Instrumenting class 'org.apache.xml.utils.StopParseException'.
23:36:10.983 [main] INFO  o.e.r.i.MethodCallReplacementClassAdapter - Adding mock interface to class org/apache/xml/utils/StopParseException
23:36:10.983 [main] INFO  o.e.r.i.MethodCallReplacementClassAdapter - No hashCode defined for: org/apache/xml/utils/StopParseException, superclass = org.xml.sax.SAXException
23:36:10.983 [main] INFO  o.e.r.i.CreateClassResetClassAdapter - Creating brand-new static initializer in class org/apache/xml/utils/StopParseException
23:36:10.983 [main] DEBUG o.e.r.agent.TransformerForTests - Going to instrument: org.apache.xml.utils.StopParseException
23:36:10.983 [main] INFO  o.e.r.i.MethodCallReplacementClassAdapter - No hashCode defined for: org/apache/xml/utils/StopParseException, superclass = org.xml.sax.SAXException
23:36:10.983 [main] INFO  o.e.r.instrumentation.EvoClassLoader - Keeping class: org.apache.xml.utils.StopParseException
23:36:10.983 [main] INFO  o.e.r.instrumentation.EvoClassLoader - Seeing class for first time: org.apache.xml.utils.DOMHelper
23:36:10.983 [main] INFO  o.e.r.instrumentation.EvoClassLoader - Instrumenting class 'org.apache.xml.utils.DOMHelper'.
23:36:10.985 [main] INFO  o.e.r.i.MethodCallReplacementClassAdapter - Adding mock interface to class org/apache/xml/utils/DOMHelper
23:36:10.989 [main] INFO  o.e.r.i.CreateClassResetClassAdapter - Found static initializer in class org/apache/xml/utils/DOMHelper
23:36:10.991 [main] INFO  o.e.r.i.MethodCallReplacementClassAdapter - No hashCode defined for: org/apache/xml/utils/DOMHelper, superclass = java.lang.Object
23:36:10.991 [main] DEBUG o.e.r.agent.TransformerForTests - Going to instrument: org.apache.xml.utils.DOMHelper
23:36:10.999 [main] INFO  o.e.r.i.CreateClassResetClassAdapter - Found static initializer in class org/apache/xml/utils/DOMHelper
23:36:11.000 [main] INFO  o.e.r.instrumentation.EvoClassLoader - Error while loading class: java.lang.ClassFormatError: Duplicate method name&signature in class file org/apache/xml/utils/DOMHelper
23:36:11.000 [main] ERROR o.e.r.c.ClassStateSupport - Could not initialize org.apache.xalan.processor.TransformerFactoryImpl: org/apache/xml/utils/DOMHelper
23:36:11.001 [main] INFO  o.e.r.instrumentation.EvoClassLoader - Seeing class for first time: org.springframework.core.convert.ConverterNotFoundException
23:36:11.001 [main] INFO  o.e.r.instrumentation.EvoClassLoader - Instrumenting class 'org.springframework.core.convert.ConverterNotFoundException'.
23:36:11.002 [main] INFO  o.e.r.i.MethodCallReplacementClassAdapter - Adding mock interface to class org/springframework/core/convert/ConverterNotFoundException
23:36:11.002 [main] INFO  o.e.r.i.MethodCallReplacementClassAdapter - No hashCode defined for: org/springframework/core/convert/ConverterNotFoundException, superclass = org.springframework.core.convert.ConversionException
23:36:11.002 [main] INFO  o.e.r.i.CreateClassResetClassAdapter - Creating brand-new static initializer in class org/springframework/core/convert/ConverterNotFoundException
23:36:11.002 [main] DEBUG o.e.r.agent.TransformerForTests - Going to instrument: org.springframework.core.convert.ConverterNotFoundException
23:36:11.003 [main] INFO  o.e.r.i.MethodCallReplacementClassAdapter - No hashCode defined for: org/springframework/core/convert/ConverterNotFoundException, superclass = org.springframework.core.convert.ConversionException
23:36:11.003 [main] INFO  o.e.r.instrumentation.EvoClassLoader - Seeing class for first time: org.springframework.core.convert.ConversionException
23:36:11.003 [main] INFO  o.e.r.instrumentation.EvoClassLoader - Instrumenting class 'org.springframework.core.convert.ConversionException'.
23:36:11.004 [main] INFO  o.e.r.i.MethodCallReplacementClassAdapter - Adding mock interface to class org/springframework/core/convert/ConversionException
23:36:11.004 [main] INFO  o.e.r.i.MethodCallReplacementClassAdapter - No hashCode defined for: org/springframework/core/convert/ConversionException, superclass = org.springframework.core.NestedRuntimeException
23:36:11.004 [main] INFO  o.e.r.i.CreateClassResetClassAdapter - Creating brand-new static initializer in class org/springframework/core/convert/ConversionException
23:36:11.004 [main] DEBUG o.e.r.agent.TransformerForTests - Going to instrument: org.springframework.core.convert.ConversionException
23:36:11.005 [main] INFO  o.e.r.i.MethodCallReplacementClassAdapter - No hashCode defined for: org/springframework/core/convert/ConversionException, superclass = org.springframework.core.NestedRuntimeException
23:36:11.005 [main] INFO  o.e.r.instrumentation.EvoClassLoader - Seeing class for first time: org.springframework.core.NestedRuntimeException
23:36:11.005 [main] INFO  o.e.r.instrumentation.EvoClassLoader - Instrumenting class 'org.springframework.core.NestedRuntimeException'.
23:36:11.006 [main] INFO  o.e.r.i.MethodCallReplacementClassAdapter - Adding mock interface to class org/springframework/core/NestedRuntimeException
23:36:11.007 [main] INFO  o.e.r.i.CreateClassResetClassAdapter - Found static initializer in class org/springframework/core/NestedRuntimeException
23:36:11.007 [main] INFO  o.e.r.i.MethodCallReplacementClassAdapter - No hashCode defined for: org/springframework/core/NestedRuntimeException, superclass = java.lang.RuntimeException
23:36:11.007 [main] DEBUG o.e.r.agent.TransformerForTests - Going to instrument: org.springframework.core.NestedRuntimeException
23:36:11.009 [main] INFO  o.e.r.i.CreateClassResetClassAdapter - Found static initializer in class org/springframework/core/NestedRuntimeException
23:36:11.009 [main] INFO  o.e.r.i.MethodCallReplacementClassAdapter - No hashCode defined for: org/springframework/core/NestedRuntimeException, superclass = org.evosuite.runtime.mock.java.lang.MockRuntimeException
23:36:11.009 [main] INFO  o.e.r.instrumentation.EvoClassLoader - Error while loading class: java.lang.ClassFormatError: Duplicate method name&signature in class file org/springframework/core/NestedRuntimeException
23:36:11.009 [main] INFO  o.e.r.instrumentation.EvoClassLoader - Error while loading class: java.lang.NoClassDefFoundError: org/springframework/core/NestedRuntimeException
23:36:11.009 [main] INFO  o.e.r.instrumentation.EvoClassLoader - Error while loading class: java.lang.NoClassDefFoundError: org/springframework/core/convert/ConversionException
23:36:11.009 [main] ERROR o.e.r.c.ClassStateSupport - Could not initialize org.springframework.core.convert.ConverterNotFoundException: org/springframework/core/convert/ConversionException
23:36:11.009 [main] INFO  o.e.r.instrumentation.EvoClassLoader - Seeing class for first time: org.springframework.util.ConcurrentReferenceHashMap$ReferenceManager
23:36:11.009 [main] INFO  o.e.r.instrumentation.EvoClassLoader - Instrumenting class 'org.springframework.util.ConcurrentReferenceHashMap$ReferenceManager'.
23:36:11.010 [main] INFO  o.e.r.i.MethodCallReplacementClassAdapter - Adding mock interface to class org/springframework/util/ConcurrentReferenceHashMap$ReferenceManager
23:36:11.010 [main] INFO  o.e.r.i.MethodCallReplacementClassAdapter - No hashCode defined for: org/springframework/util/ConcurrentReferenceHashMap$ReferenceManager, superclass = java.lang.Object
23:36:11.010 [main] INFO  o.e.r.i.CreateClassResetClassAdapter - Creating brand-new static initializer in class org/springframework/util/ConcurrentReferenceHashMap$ReferenceManager
23:36:11.011 [main] DEBUG o.e.r.agent.TransformerForTests - Going to instrument: org.springframework.util.ConcurrentReferenceHashMap$ReferenceManager
23:36:11.011 [main] INFO  o.e.r.instrumentation.EvoClassLoader - Keeping class: org.springframework.util.ConcurrentReferenceHashMap$ReferenceManager
23:36:11.011 [main] INFO  o.e.r.instrumentation.EvoClassLoader - Seeing class for first time: org.springframework.web.servlet.mvc.method.RequestMappingInfo
23:36:11.011 [main] INFO  o.e.r.instrumentation.EvoClassLoader - Instrumenting class 'org.springframework.web.servlet.mvc.method.RequestMappingInfo'.
23:36:11.013 [main] INFO  o.e.r.i.MethodCallReplacementClassAdapter - Adding mock interface to class org/springframework/web/servlet/mvc/method/RequestMappingInfo
23:36:11.014 [main] INFO  o.e.r.i.CreateClassResetClassAdapter - Creating brand-new static initializer in class org/springframework/web/servlet/mvc/method/RequestMappingInfo
23:36:11.014 [main] DEBUG o.e.r.agent.TransformerForTests - Going to instrument: org.springframework.web.servlet.mvc.method.RequestMappingInfo
23:36:11.016 [main] INFO  o.e.r.instrumentation.EvoClassLoader - Seeing class for first time: org.springframework.web.servlet.mvc.condition.RequestCondition
23:36:11.016 [main] INFO  o.e.r.instrumentation.EvoClassLoader - Instrumenting class 'org.springframework.web.servlet.mvc.condition.RequestCondition'.
23:36:11.018 [main] DEBUG o.e.r.agent.TransformerForTests - Going to instrument: org.springframework.web.servlet.mvc.condition.RequestCondition
23:36:11.018 [main] INFO  o.e.r.instrumentation.EvoClassLoader - Keeping class: org.springframework.web.servlet.mvc.condition.RequestCondition
23:36:11.018 [main] INFO  o.e.r.instrumentation.EvoClassLoader - Keeping class: org.springframework.web.servlet.mvc.method.RequestMappingInfo
23:36:11.019 [main] INFO  o.e.r.instrumentation.EvoClassLoader - Seeing class for first time: org.springframework.web.servlet.mvc.method.RequestMappingInfo$Builder
23:36:11.019 [main] INFO  o.e.r.instrumentation.EvoClassLoader - Instrumenting class 'org.springframework.web.servlet.mvc.method.RequestMappingInfo$Builder'.
23:36:11.020 [main] DEBUG o.e.r.agent.TransformerForTests - Going to instrument: org.springframework.web.servlet.mvc.method.RequestMappingInfo$Builder
23:36:11.020 [main] INFO  o.e.r.instrumentation.EvoClassLoader - Keeping class: org.springframework.web.servlet.mvc.method.RequestMappingInfo$Builder
23:36:11.021 [main] INFO  o.e.r.instrumentation.EvoClassLoader - Seeing class for first time: org.springframework.core.env.MissingRequiredPropertiesException
23:36:11.021 [main] INFO  o.e.r.instrumentation.EvoClassLoader - Instrumenting class 'org.springframework.core.env.MissingRequiredPropertiesException'.
23:36:11.022 [main] INFO  o.e.r.i.MethodCallReplacementClassAdapter - Adding mock interface to class org/springframework/core/env/MissingRequiredPropertiesException
23:36:11.022 [main] INFO  o.e.r.i.MethodCallReplacementClassAdapter - No hashCode defined for: org/springframework/core/env/MissingRequiredPropertiesException, superclass = java.lang.IllegalStateException
23:36:11.022 [main] INFO  o.e.r.i.CreateClassResetClassAdapter - Creating brand-new static initializer in class org/springframework/core/env/MissingRequiredPropertiesException
23:36:11.022 [main] DEBUG o.e.r.agent.TransformerForTests - Going to instrument: org.springframework.core.env.MissingRequiredPropertiesException
23:36:11.022 [main] INFO  o.e.r.i.MethodCallReplacementClassAdapter - No hashCode defined for: org/springframework/core/env/MissingRequiredPropertiesException, superclass = org.evosuite.runtime.mock.java.lang.MockIllegalStateException
23:36:11.022 [main] INFO  o.e.r.instrumentation.EvoClassLoader - Keeping class: org.springframework.core.env.MissingRequiredPropertiesException
23:36:11.023 [main] INFO  o.e.r.instrumentation.EvoClassLoader - Seeing class for first time: org.springframework.core.env.ConfigurableEnvironment
23:36:11.023 [main] INFO  o.e.r.instrumentation.EvoClassLoader - Instrumenting class 'org.springframework.core.env.ConfigurableEnvironment'.
23:36:11.024 [main] DEBUG o.e.r.agent.TransformerForTests - Going to instrument: org.springframework.core.env.ConfigurableEnvironment
23:36:11.024 [main] INFO  o.e.r.instrumentation.EvoClassLoader - Seeing class for first time: org.springframework.core.env.ConfigurablePropertyResolver
23:36:11.027 [main] INFO  o.e.r.instrumentation.EvoClassLoader - Instrumenting class 'org.springframework.core.env.ConfigurablePropertyResolver'.
23:36:11.028 [main] DEBUG o.e.r.agent.TransformerForTests - Going to instrument: org.springframework.core.env.ConfigurablePropertyResolver
23:36:11.029 [main] INFO  o.e.r.instrumentation.EvoClassLoader - Keeping class: org.springframework.core.env.ConfigurablePropertyResolver
23:36:11.029 [main] INFO  o.e.r.instrumentation.EvoClassLoader - Keeping class: org.springframework.core.env.ConfigurableEnvironment
23:36:11.029 [main] INFO  o.e.r.instrumentation.EvoClassLoader - Seeing class for first time: com.fasterxml.jackson.core.JsonEncoding
23:36:11.029 [main] INFO  o.e.r.instrumentation.EvoClassLoader - Instrumenting class 'com.fasterxml.jackson.core.JsonEncoding'.
23:36:11.030 [main] INFO  o.e.r.i.MethodCallReplacementClassAdapter - Adding mock interface to class com/fasterxml/jackson/core/JsonEncoding
23:36:11.031 [main] INFO  o.e.r.i.CreateClassResetClassAdapter - Found static initializer in class com/fasterxml/jackson/core/JsonEncoding
23:36:11.031 [main] INFO  o.e.r.i.MethodCallReplacementClassAdapter - No hashCode defined for: com/fasterxml/jackson/core/JsonEncoding, superclass = java.lang.Enum
23:36:11.031 [main] DEBUG o.e.r.agent.TransformerForTests - Going to instrument: com.fasterxml.jackson.core.JsonEncoding
23:36:11.032 [main] INFO  o.e.r.i.CreateClassResetClassAdapter - Found static initializer in class com/fasterxml/jackson/core/JsonEncoding
23:36:11.032 [main] INFO  o.e.r.i.MethodCallReplacementClassAdapter - No hashCode defined for: com/fasterxml/jackson/core/JsonEncoding, superclass = java.lang.Enum
23:36:11.032 [main] INFO  o.e.r.instrumentation.EvoClassLoader - Error while loading class: java.lang.ClassFormatError: Duplicate method name&signature in class file com/fasterxml/jackson/core/JsonEncoding
23:36:11.032 [main] ERROR o.e.r.c.ClassStateSupport - Could not initialize com.fasterxml.jackson.core.JsonEncoding: Duplicate method name&signature in class file com/fasterxml/jackson/core/JsonEncoding
23:36:11.032 [main] INFO  o.e.r.instrumentation.EvoClassLoader - Seeing class for first time: org.springframework.web.servlet.handler.AbstractHandlerMethodMapping
23:36:11.032 [main] INFO  o.e.r.instrumentation.EvoClassLoader - Instrumenting class 'org.springframework.web.servlet.handler.AbstractHandlerMethodMapping'.
23:36:11.034 [main] INFO  o.e.r.i.MethodCallReplacementClassAdapter - Adding mock interface to class org/springframework/web/servlet/handler/AbstractHandlerMethodMapping
23:36:11.037 [main] INFO  o.e.r.i.CreateClassResetClassAdapter - Found static initializer in class org/springframework/web/servlet/handler/AbstractHandlerMethodMapping
23:36:11.037 [main] INFO  o.e.r.i.MethodCallReplacementClassAdapter - No hashCode defined for: org/springframework/web/servlet/handler/AbstractHandlerMethodMapping, superclass = org.springframework.web.servlet.handler.AbstractHandlerMapping
23:36:11.038 [main] DEBUG o.e.r.agent.TransformerForTests - Going to instrument: org.springframework.web.servlet.handler.AbstractHandlerMethodMapping
23:36:11.041 [main] INFO  o.e.r.i.CreateClassResetClassAdapter - Found static initializer in class org/springframework/web/servlet/handler/AbstractHandlerMethodMapping
23:36:11.041 [main] INFO  o.e.r.i.MethodCallReplacementClassAdapter - No hashCode defined for: org/springframework/web/servlet/handler/AbstractHandlerMethodMapping, superclass = org.springframework.web.servlet.handler.AbstractHandlerMapping
23:36:11.042 [main] INFO  o.e.r.instrumentation.EvoClassLoader - Error while loading class: java.lang.ClassFormatError: Duplicate method name&signature in class file org/springframework/web/servlet/handler/AbstractHandlerMethodMapping
23:36:11.042 [main] ERROR o.e.r.c.ClassStateSupport - Could not initialize org.springframework.web.servlet.handler.AbstractHandlerMethodMapping: Duplicate method name&signature in class file org/springframework/web/servlet/handler/AbstractHandlerMethodMapping
23:36:11.042 [main] INFO  o.e.r.instrumentation.EvoClassLoader - Seeing class for first time: org.springframework.web.servlet.handler.AbstractHandlerExceptionResolver
23:36:11.042 [main] INFO  o.e.r.instrumentation.EvoClassLoader - Instrumenting class 'org.springframework.web.servlet.handler.AbstractHandlerExceptionResolver'.
23:36:11.043 [main] INFO  o.e.r.i.MethodCallReplacementClassAdapter - Adding mock interface to class org/springframework/web/servlet/handler/AbstractHandlerExceptionResolver
23:36:11.044 [main] INFO  o.e.r.i.MethodCallReplacementClassAdapter - No hashCode defined for: org/springframework/web/servlet/handler/AbstractHandlerExceptionResolver, superclass = java.lang.Object
23:36:11.044 [main] INFO  o.e.r.i.CreateClassResetClassAdapter - Creating brand-new static initializer in class org/springframework/web/servlet/handler/AbstractHandlerExceptionResolver
23:36:11.044 [main] INFO  o.e.r.i.CreateClassResetClassAdapter - Adding bytecode for initializing field HEADER_CACHE_CONTROL
23:36:11.044 [main] DEBUG o.e.r.agent.TransformerForTests - Going to instrument: org.springframework.web.servlet.handler.AbstractHandlerExceptionResolver
23:36:11.046 [main] INFO  o.e.r.instrumentation.EvoClassLoader - Keeping class: org.springframework.web.servlet.handler.AbstractHandlerExceptionResolver
23:36:11.046 [main] INFO  o.e.r.instrumentation.EvoClassLoader - Seeing class for first time: org.springframework.util.ConcurrentReferenceHashMap$1
23:36:11.046 [main] INFO  o.e.r.instrumentation.EvoClassLoader - Instrumenting class 'org.springframework.util.ConcurrentReferenceHashMap$1'.
23:36:11.047 [main] INFO  o.e.r.i.MethodCallReplacementClassAdapter - Adding mock interface to class org/springframework/util/ConcurrentReferenceHashMap$1
23:36:11.047 [main] INFO  o.e.r.i.MethodCallReplacementClassAdapter - No hashCode defined for: org/springframework/util/ConcurrentReferenceHashMap$1, superclass = org.springframework.util.ConcurrentReferenceHashMap$Task
23:36:11.047 [main] DEBUG o.e.r.agent.TransformerForTests - Going to instrument: org.springframework.util.ConcurrentReferenceHashMap$1
23:36:11.047 [main] INFO  o.e.r.i.MethodCallReplacementClassAdapter - No hashCode defined for: org/springframework/util/ConcurrentReferenceHashMap$1, superclass = org.springframework.util.ConcurrentReferenceHashMap$Task
23:36:11.048 [main] INFO  o.e.r.instrumentation.EvoClassLoader - Seeing class for first time: org.springframework.util.ConcurrentReferenceHashMap$Task
23:36:11.048 [main] INFO  o.e.r.instrumentation.EvoClassLoader - Instrumenting class 'org.springframework.util.ConcurrentReferenceHashMap$Task'.
23:36:11.048 [main] INFO  o.e.r.i.MethodCallReplacementClassAdapter - Adding mock interface to class org/springframework/util/ConcurrentReferenceHashMap$Task
23:36:11.050 [main] INFO  o.e.r.i.MethodCallReplacementClassAdapter - No hashCode defined for: org/springframework/util/ConcurrentReferenceHashMap$Task, superclass = java.lang.Object
23:36:11.050 [main] INFO  o.e.r.i.CreateClassResetClassAdapter - Creating brand-new static initializer in class org/springframework/util/ConcurrentReferenceHashMap$Task
23:36:11.051 [main] DEBUG o.e.r.agent.TransformerForTests - Going to instrument: org.springframework.util.ConcurrentReferenceHashMap$Task
23:36:11.051 [main] INFO  o.e.r.instrumentation.EvoClassLoader - Keeping class: org.springframework.util.ConcurrentReferenceHashMap$Task
23:36:11.052 [main] INFO  o.e.r.instrumentation.EvoClassLoader - Keeping class: org.springframework.util.ConcurrentReferenceHashMap$1
23:36:11.052 [main] INFO  o.e.r.instrumentation.EvoClassLoader - Seeing class for first time: org.springframework.util.ConcurrentReferenceHashMap$TaskOption
23:36:11.052 [main] INFO  o.e.r.instrumentation.EvoClassLoader - Instrumenting class 'org.springframework.util.ConcurrentReferenceHashMap$TaskOption'.
23:36:11.053 [main] INFO  o.e.r.i.MethodCallReplacementClassAdapter - Adding mock interface to class org/springframework/util/ConcurrentReferenceHashMap$TaskOption
23:36:11.053 [main] INFO  o.e.r.i.CreateClassResetClassAdapter - Found static initializer in class org/springframework/util/ConcurrentReferenceHashMap$TaskOption
23:36:11.053 [main] INFO  o.e.r.i.MethodCallReplacementClassAdapter - No hashCode defined for: org/springframework/util/ConcurrentReferenceHashMap$TaskOption, superclass = java.lang.Enum
23:36:11.054 [main] DEBUG o.e.r.agent.TransformerForTests - Going to instrument: org.springframework.util.ConcurrentReferenceHashMap$TaskOption
23:36:11.054 [main] INFO  o.e.r.i.CreateClassResetClassAdapter - Found static initializer in class org/springframework/util/ConcurrentReferenceHashMap$TaskOption
23:36:11.054 [main] INFO  o.e.r.i.MethodCallReplacementClassAdapter - No hashCode defined for: org/springframework/util/ConcurrentReferenceHashMap$TaskOption, superclass = java.lang.Enum
23:36:11.054 [main] INFO  o.e.r.instrumentation.EvoClassLoader - Error while loading class: java.lang.ClassFormatError: Duplicate method name&signature in class file org/springframework/util/ConcurrentReferenceHashMap$TaskOption
23:36:11.055 [main] ERROR o.e.r.c.ClassStateSupport - Could not initialize org.springframework.util.ConcurrentReferenceHashMap$1: org/springframework/util/ConcurrentReferenceHashMap$TaskOption
23:36:11.055 [main] INFO  o.e.r.instrumentation.EvoClassLoader - Seeing class for first time: org.springframework.util.ConcurrentReferenceHashMap$2
23:36:11.055 [main] INFO  o.e.r.instrumentation.EvoClassLoader - Instrumenting class 'org.springframework.util.ConcurrentReferenceHashMap$2'.
23:36:11.056 [main] INFO  o.e.r.i.MethodCallReplacementClassAdapter - Adding mock interface to class org/springframework/util/ConcurrentReferenceHashMap$2
23:36:11.056 [main] INFO  o.e.r.i.MethodCallReplacementClassAdapter - No hashCode defined for: org/springframework/util/ConcurrentReferenceHashMap$2, superclass = org.springframework.util.ConcurrentReferenceHashMap$Task
23:36:11.056 [main] DEBUG o.e.r.agent.TransformerForTests - Going to instrument: org.springframework.util.ConcurrentReferenceHashMap$2
23:36:11.056 [main] INFO  o.e.r.i.MethodCallReplacementClassAdapter - No hashCode defined for: org/springframework/util/ConcurrentReferenceHashMap$2, superclass = org.springframework.util.ConcurrentReferenceHashMap$Task
23:36:11.057 [main] INFO  o.e.r.instrumentation.EvoClassLoader - Keeping class: org.springframework.util.ConcurrentReferenceHashMap$2
23:36:11.057 [main] INFO  o.e.r.instrumentation.EvoClassLoader - Seeing class for first time: org.springframework.util.ConcurrentReferenceHashMap$TaskOption
23:36:11.057 [main] INFO  o.e.r.instrumentation.EvoClassLoader - Instrumenting class 'org.springframework.util.ConcurrentReferenceHashMap$TaskOption'.
23:36:11.058 [main] INFO  o.e.r.i.MethodCallReplacementClassAdapter - Adding mock interface to class org/springframework/util/ConcurrentReferenceHashMap$TaskOption
23:36:11.058 [main] INFO  o.e.r.i.CreateClassResetClassAdapter - Found static initializer in class org/springframework/util/ConcurrentReferenceHashMap$TaskOption
23:36:11.058 [main] INFO  o.e.r.i.MethodCallReplacementClassAdapter - No hashCode defined for: org/springframework/util/ConcurrentReferenceHashMap$TaskOption, superclass = java.lang.Enum
23:36:11.059 [main] DEBUG o.e.r.agent.TransformerForTests - Going to instrument: org.springframework.util.ConcurrentReferenceHashMap$TaskOption
23:36:11.059 [main] INFO  o.e.r.i.CreateClassResetClassAdapter - Found static initializer in class org/springframework/util/ConcurrentReferenceHashMap$TaskOption
23:36:11.059 [main] INFO  o.e.r.i.MethodCallReplacementClassAdapter - No hashCode defined for: org/springframework/util/ConcurrentReferenceHashMap$TaskOption, superclass = java.lang.Enum
23:36:11.060 [main] INFO  o.e.r.instrumentation.EvoClassLoader - Error while loading class: java.lang.ClassFormatError: Duplicate method name&signature in class file org/springframework/util/ConcurrentReferenceHashMap$TaskOption
23:36:11.060 [main] ERROR o.e.r.c.ClassStateSupport - Could not initialize org.springframework.util.ConcurrentReferenceHashMap$2: org/springframework/util/ConcurrentReferenceHashMap$TaskOption
23:36:11.060 [main] INFO  o.e.r.instrumentation.EvoClassLoader - Seeing class for first time: org.springframework.util.ConcurrentReferenceHashMap$3
23:36:11.060 [main] INFO  o.e.r.instrumentation.EvoClassLoader - Instrumenting class 'org.springframework.util.ConcurrentReferenceHashMap$3'.
23:36:11.061 [main] INFO  o.e.r.i.MethodCallReplacementClassAdapter - Adding mock interface to class org/springframework/util/ConcurrentReferenceHashMap$3
23:36:11.062 [main] INFO  o.e.r.i.MethodCallReplacementClassAdapter - No hashCode defined for: org/springframework/util/ConcurrentReferenceHashMap$3, superclass = org.springframework.util.ConcurrentReferenceHashMap$Task
23:36:11.062 [main] DEBUG o.e.r.agent.TransformerForTests - Going to instrument: org.springframework.util.ConcurrentReferenceHashMap$3
23:36:11.062 [main] INFO  o.e.r.i.MethodCallReplacementClassAdapter - No hashCode defined for: org/springframework/util/ConcurrentReferenceHashMap$3, superclass = org.springframework.util.ConcurrentReferenceHashMap$Task
23:36:11.062 [main] INFO  o.e.r.instrumentation.EvoClassLoader - Keeping class: org.springframework.util.ConcurrentReferenceHashMap$3
23:36:11.063 [main] INFO  o.e.r.instrumentation.EvoClassLoader - Seeing class for first time: org.springframework.util.ConcurrentReferenceHashMap$TaskOption
23:36:11.063 [main] INFO  o.e.r.instrumentation.EvoClassLoader - Instrumenting class 'org.springframework.util.ConcurrentReferenceHashMap$TaskOption'.
23:36:11.064 [main] INFO  o.e.r.i.MethodCallReplacementClassAdapter - Adding mock interface to class org/springframework/util/ConcurrentReferenceHashMap$TaskOption
23:36:11.065 [main] INFO  o.e.r.i.CreateClassResetClassAdapter - Found static initializer in class org/springframework/util/ConcurrentReferenceHashMap$TaskOption
23:36:11.067 [main] INFO  o.e.r.i.MethodCallReplacementClassAdapter - No hashCode defined for: org/springframework/util/ConcurrentReferenceHashMap$TaskOption, superclass = java.lang.Enum
23:36:11.067 [main] DEBUG o.e.r.agent.TransformerForTests - Going to instrument: org.springframework.util.ConcurrentReferenceHashMap$TaskOption
23:36:11.068 [main] INFO  o.e.r.i.CreateClassResetClassAdapter - Found static initializer in class org/springframework/util/ConcurrentReferenceHashMap$TaskOption
23:36:11.068 [main] INFO  o.e.r.i.MethodCallReplacementClassAdapter - No hashCode defined for: org/springframework/util/ConcurrentReferenceHashMap$TaskOption, superclass = java.lang.Enum
23:36:11.068 [main] INFO  o.e.r.instrumentation.EvoClassLoader - Error while loading class: java.lang.ClassFormatError: Duplicate method name&signature in class file org/springframework/util/ConcurrentReferenceHashMap$TaskOption
23:36:11.068 [main] ERROR o.e.r.c.ClassStateSupport - Could not initialize org.springframework.util.ConcurrentReferenceHashMap$3: org/springframework/util/ConcurrentReferenceHashMap$TaskOption
23:36:11.068 [main] INFO  o.e.r.instrumentation.EvoClassLoader - Seeing class for first time: com.fasterxml.jackson.core.TreeCodec
23:36:11.068 [main] INFO  o.e.r.instrumentation.EvoClassLoader - Instrumenting class 'com.fasterxml.jackson.core.TreeCodec'.
23:36:11.069 [main] INFO  o.e.r.i.MethodCallReplacementClassAdapter - Adding mock interface to class com/fasterxml/jackson/core/TreeCodec
23:36:11.069 [main] INFO  o.e.r.i.MethodCallReplacementClassAdapter - No hashCode defined for: com/fasterxml/jackson/core/TreeCodec, superclass = java.lang.Object
23:36:11.070 [main] INFO  o.e.r.i.CreateClassResetClassAdapter - Creating brand-new static initializer in class com/fasterxml/jackson/core/TreeCodec
23:36:11.070 [main] DEBUG o.e.r.agent.TransformerForTests - Going to instrument: com.fasterxml.jackson.core.TreeCodec
23:36:11.070 [main] INFO  o.e.r.instrumentation.EvoClassLoader - Keeping class: com.fasterxml.jackson.core.TreeCodec
23:36:11.071 [main] INFO  o.e.r.instrumentation.EvoClassLoader - Seeing class for first time: org.springframework.util.ConcurrentReferenceHashMap$4
23:36:11.071 [main] INFO  o.e.r.instrumentation.EvoClassLoader - Instrumenting class 'org.springframework.util.ConcurrentReferenceHashMap$4'.
23:36:11.071 [main] INFO  o.e.r.i.MethodCallReplacementClassAdapter - Adding mock interface to class org/springframework/util/ConcurrentReferenceHashMap$4
23:36:11.071 [main] INFO  o.e.r.i.MethodCallReplacementClassAdapter - No hashCode defined for: org/springframework/util/ConcurrentReferenceHashMap$4, superclass = org.springframework.util.ConcurrentReferenceHashMap$Task
23:36:11.072 [main] DEBUG o.e.r.agent.TransformerForTests - Going to instrument: org.springframework.util.ConcurrentReferenceHashMap$4
23:36:11.072 [main] INFO  o.e.r.i.MethodCallReplacementClassAdapter - No hashCode defined for: org/springframework/util/ConcurrentReferenceHashMap$4, superclass = org.springframework.util.ConcurrentReferenceHashMap$Task
23:36:11.072 [main] INFO  o.e.r.instrumentation.EvoClassLoader - Keeping class: org.springframework.util.ConcurrentReferenceHashMap$4
23:36:11.072 [main] INFO  o.e.r.instrumentation.EvoClassLoader - Seeing class for first time: org.springframework.util.ConcurrentReferenceHashMap$TaskOption
23:36:11.072 [main] INFO  o.e.r.instrumentation.EvoClassLoader - Instrumenting class 'org.springframework.util.ConcurrentReferenceHashMap$TaskOption'.
23:36:11.073 [main] INFO  o.e.r.i.MethodCallReplacementClassAdapter - Adding mock interface to class org/springframework/util/ConcurrentReferenceHashMap$TaskOption
23:36:11.073 [main] INFO  o.e.r.i.CreateClassResetClassAdapter - Found static initializer in class org/springframework/util/ConcurrentReferenceHashMap$TaskOption
23:36:11.073 [main] INFO  o.e.r.i.MethodCallReplacementClassAdapter - No hashCode defined for: org/springframework/util/ConcurrentReferenceHashMap$TaskOption, superclass = java.lang.Enum
23:36:11.073 [main] DEBUG o.e.r.agent.TransformerForTests - Going to instrument: org.springframework.util.ConcurrentReferenceHashMap$TaskOption
23:36:11.073 [main] INFO  o.e.r.i.CreateClassResetClassAdapter - Found static initializer in class org/springframework/util/ConcurrentReferenceHashMap$TaskOption
23:36:11.073 [main] INFO  o.e.r.i.MethodCallReplacementClassAdapter - No hashCode defined for: org/springframework/util/ConcurrentReferenceHashMap$TaskOption, superclass = java.lang.Enum
23:36:11.073 [main] INFO  o.e.r.instrumentation.EvoClassLoader - Error while loading class: java.lang.ClassFormatError: Duplicate method name&signature in class file org/springframework/util/ConcurrentReferenceHashMap$TaskOption
23:36:11.074 [main] ERROR o.e.r.c.ClassStateSupport - Could not initialize org.springframework.util.ConcurrentReferenceHashMap$4: org/springframework/util/ConcurrentReferenceHashMap$TaskOption
23:36:11.074 [main] INFO  o.e.r.instrumentation.EvoClassLoader - Seeing class for first time: org.springframework.core.convert.converter.ConditionalGenericConverter
23:36:11.074 [main] INFO  o.e.r.instrumentation.EvoClassLoader - Instrumenting class 'org.springframework.core.convert.converter.ConditionalGenericConverter'.
23:36:11.075 [main] DEBUG o.e.r.agent.TransformerForTests - Going to instrument: org.springframework.core.convert.converter.ConditionalGenericConverter
23:36:11.075 [main] INFO  o.e.r.instrumentation.EvoClassLoader - Seeing class for first time: org.springframework.core.convert.converter.GenericConverter
23:36:11.075 [main] INFO  o.e.r.instrumentation.EvoClassLoader - Instrumenting class 'org.springframework.core.convert.converter.GenericConverter'.
23:36:11.076 [main] DEBUG o.e.r.agent.TransformerForTests - Going to instrument: org.springframework.core.convert.converter.GenericConverter
23:36:11.076 [main] INFO  o.e.r.instrumentation.EvoClassLoader - Keeping class: org.springframework.core.convert.converter.GenericConverter
23:36:11.076 [main] INFO  o.e.r.instrumentation.EvoClassLoader - Seeing class for first time: org.springframework.core.convert.converter.ConditionalConverter
23:36:11.076 [main] INFO  o.e.r.instrumentation.EvoClassLoader - Instrumenting class 'org.springframework.core.convert.converter.ConditionalConverter'.
23:36:11.077 [main] DEBUG o.e.r.agent.TransformerForTests - Going to instrument: org.springframework.core.convert.converter.ConditionalConverter
23:36:11.077 [main] INFO  o.e.r.instrumentation.EvoClassLoader - Keeping class: org.springframework.core.convert.converter.ConditionalConverter
23:36:11.077 [main] INFO  o.e.r.instrumentation.EvoClassLoader - Keeping class: org.springframework.core.convert.converter.ConditionalGenericConverter
23:36:11.077 [main] INFO  o.e.r.instrumentation.EvoClassLoader - Seeing class for first time: org.apache.commons.logging.impl.SLF4JLocationAwareLog
23:36:11.077 [main] INFO  o.e.r.instrumentation.EvoClassLoader - Instrumenting class 'org.apache.commons.logging.impl.SLF4JLocationAwareLog'.
23:36:11.078 [main] INFO  o.e.r.i.MethodCallReplacementClassAdapter - Adding mock interface to class org/apache/commons/logging/impl/SLF4JLocationAwareLog
23:36:11.079 [main] INFO  o.e.r.i.CreateClassResetClassAdapter - Found static initializer in class org/apache/commons/logging/impl/SLF4JLocationAwareLog
23:36:11.079 [main] INFO  o.e.r.i.MethodCallReplacementClassAdapter - No hashCode defined for: org/apache/commons/logging/impl/SLF4JLocationAwareLog, superclass = java.lang.Object
23:36:11.079 [main] DEBUG o.e.r.agent.TransformerForTests - Going to instrument: org.apache.commons.logging.impl.SLF4JLocationAwareLog
23:36:11.080 [main] INFO  o.e.r.i.CreateClassResetClassAdapter - Found static initializer in class org/apache/commons/logging/impl/SLF4JLocationAwareLog
23:36:11.080 [main] INFO  o.e.r.instrumentation.EvoClassLoader - Seeing class for first time: org.apache.commons.logging.Log
23:36:11.080 [main] INFO  o.e.r.instrumentation.EvoClassLoader - Instrumenting class 'org.apache.commons.logging.Log'.
23:36:11.081 [main] DEBUG o.e.r.agent.TransformerForTests - Going to instrument: org.apache.commons.logging.Log
23:36:11.081 [main] INFO  o.e.r.instrumentation.EvoClassLoader - Keeping class: org.apache.commons.logging.Log
23:36:11.081 [main] INFO  o.e.r.instrumentation.EvoClassLoader - Error while loading class: java.lang.ClassFormatError: Duplicate method name&signature in class file org/apache/commons/logging/impl/SLF4JLocationAwareLog
23:36:11.081 [main] ERROR o.e.r.c.ClassStateSupport - Could not initialize org.apache.commons.logging.impl.SLF4JLocationAwareLog: Duplicate method name&signature in class file org/apache/commons/logging/impl/SLF4JLocationAwareLog
23:36:11.081 [main] INFO  o.e.r.instrumentation.EvoClassLoader - Seeing class for first time: org.springframework.context.annotation.Import
23:36:11.081 [main] INFO  o.e.r.instrumentation.EvoClassLoader - Instrumenting class 'org.springframework.context.annotation.Import'.
23:36:11.082 [main] DEBUG o.e.r.agent.TransformerForTests - Going to instrument: org.springframework.context.annotation.Import
23:36:11.082 [main] INFO  o.e.r.instrumentation.EvoClassLoader - Keeping class: org.springframework.context.annotation.Import
23:36:11.082 [main] INFO  o.e.r.instrumentation.EvoClassLoader - Seeing class for first time: org.springframework.core.convert.support.GenericConversionService
23:36:11.082 [main] INFO  o.e.r.instrumentation.EvoClassLoader - Instrumenting class 'org.springframework.core.convert.support.GenericConversionService'.
23:36:11.084 [main] INFO  o.e.r.i.MethodCallReplacementClassAdapter - Adding mock interface to class org/springframework/core/convert/support/GenericConversionService
23:36:11.085 [main] INFO  o.e.r.i.CreateClassResetClassAdapter - Found static initializer in class org/springframework/core/convert/support/GenericConversionService
23:36:11.086 [main] INFO  o.e.r.i.MethodCallReplacementClassAdapter - No hashCode defined for: org/springframework/core/convert/support/GenericConversionService, superclass = java.lang.Object
23:36:11.086 [main] DEBUG o.e.r.agent.TransformerForTests - Going to instrument: org.springframework.core.convert.support.GenericConversionService
23:36:11.088 [main] INFO  o.e.r.i.CreateClassResetClassAdapter - Found static initializer in class org/springframework/core/convert/support/GenericConversionService
23:36:11.089 [main] INFO  o.e.r.instrumentation.EvoClassLoader - Error while loading class: java.lang.ClassFormatError: Duplicate method name&signature in class file org/springframework/core/convert/support/GenericConversionService
23:36:11.090 [main] ERROR o.e.r.c.ClassStateSupport - Could not initialize org.springframework.core.convert.support.GenericConversionService: Duplicate method name&signature in class file org/springframework/core/convert/support/GenericConversionService
23:36:11.090 [main] INFO  o.e.r.instrumentation.EvoClassLoader - Seeing class for first time: org.springframework.web.context.ConfigurableWebEnvironment
23:36:11.090 [main] INFO  o.e.r.instrumentation.EvoClassLoader - Instrumenting class 'org.springframework.web.context.ConfigurableWebEnvironment'.
23:36:11.091 [main] DEBUG o.e.r.agent.TransformerForTests - Going to instrument: org.springframework.web.context.ConfigurableWebEnvironment
23:36:11.091 [main] INFO  o.e.r.instrumentation.EvoClassLoader - Keeping class: org.springframework.web.context.ConfigurableWebEnvironment
23:36:11.091 [main] INFO  o.e.r.instrumentation.EvoClassLoader - Seeing class for first time: org.springframework.web.servlet.support.WebContentGenerator
23:36:11.091 [main] INFO  o.e.r.instrumentation.EvoClassLoader - Instrumenting class 'org.springframework.web.servlet.support.WebContentGenerator'.
23:36:11.092 [main] INFO  o.e.r.i.MethodCallReplacementClassAdapter - Adding mock interface to class org/springframework/web/servlet/support/WebContentGenerator
23:36:11.093 [main] INFO  o.e.r.i.MethodCallReplacementClassAdapter - No hashCode defined for: org/springframework/web/servlet/support/WebContentGenerator, superclass = org.springframework.web.context.support.WebApplicationObjectSupport
23:36:11.093 [main] INFO  o.e.r.i.CreateClassResetClassAdapter - Creating brand-new static initializer in class org/springframework/web/servlet/support/WebContentGenerator
23:36:11.094 [main] INFO  o.e.r.i.CreateClassResetClassAdapter - Adding bytecode for initializing field METHOD_GET
23:36:11.094 [main] INFO  o.e.r.i.CreateClassResetClassAdapter - Adding bytecode for initializing field METHOD_HEAD
23:36:11.094 [main] INFO  o.e.r.i.CreateClassResetClassAdapter - Adding bytecode for initializing field METHOD_POST
23:36:11.094 [main] INFO  o.e.r.i.CreateClassResetClassAdapter - Adding bytecode for initializing field HEADER_PRAGMA
23:36:11.094 [main] INFO  o.e.r.i.CreateClassResetClassAdapter - Adding bytecode for initializing field HEADER_EXPIRES
23:36:11.094 [main] INFO  o.e.r.i.CreateClassResetClassAdapter - Adding bytecode for initializing field HEADER_CACHE_CONTROL
23:36:11.094 [main] DEBUG o.e.r.agent.TransformerForTests - Going to instrument: org.springframework.web.servlet.support.WebContentGenerator
23:36:11.096 [main] INFO  o.e.r.i.MethodCallReplacementClassAdapter - No hashCode defined for: org/springframework/web/servlet/support/WebContentGenerator, superclass = org.springframework.web.context.support.WebApplicationObjectSupport
23:36:11.096 [main] INFO  o.e.r.instrumentation.EvoClassLoader - Keeping class: org.springframework.web.servlet.support.WebContentGenerator
23:36:11.096 [main] INFO  o.e.r.instrumentation.EvoClassLoader - Seeing class for first time: org.springframework.context.ApplicationContextException
23:36:11.097 [main] INFO  o.e.r.instrumentation.EvoClassLoader - Instrumenting class 'org.springframework.context.ApplicationContextException'.
23:36:11.097 [main] INFO  o.e.r.i.MethodCallReplacementClassAdapter - Adding mock interface to class org/springframework/context/ApplicationContextException
23:36:11.097 [main] INFO  o.e.r.i.MethodCallReplacementClassAdapter - No hashCode defined for: org/springframework/context/ApplicationContextException, superclass = org.springframework.beans.FatalBeanException
23:36:11.097 [main] INFO  o.e.r.i.CreateClassResetClassAdapter - Creating brand-new static initializer in class org/springframework/context/ApplicationContextException
23:36:11.098 [main] DEBUG o.e.r.agent.TransformerForTests - Going to instrument: org.springframework.context.ApplicationContextException
23:36:11.098 [main] INFO  o.e.r.i.MethodCallReplacementClassAdapter - No hashCode defined for: org/springframework/context/ApplicationContextException, superclass = org.springframework.beans.FatalBeanException
23:36:11.098 [main] INFO  o.e.r.instrumentation.EvoClassLoader - Seeing class for first time: org.springframework.beans.FatalBeanException
23:36:11.098 [main] INFO  o.e.r.instrumentation.EvoClassLoader - Instrumenting class 'org.springframework.beans.FatalBeanException'.
23:36:11.099 [main] INFO  o.e.r.i.MethodCallReplacementClassAdapter - Adding mock interface to class org/springframework/beans/FatalBeanException
23:36:11.099 [main] INFO  o.e.r.i.MethodCallReplacementClassAdapter - No hashCode defined for: org/springframework/beans/FatalBeanException, superclass = org.springframework.beans.BeansException
23:36:11.099 [main] INFO  o.e.r.i.CreateClassResetClassAdapter - Creating brand-new static initializer in class org/springframework/beans/FatalBeanException
23:36:11.099 [main] DEBUG o.e.r.agent.TransformerForTests - Going to instrument: org.springframework.beans.FatalBeanException
23:36:11.099 [main] INFO  o.e.r.i.MethodCallReplacementClassAdapter - No hashCode defined for: org/springframework/beans/FatalBeanException, superclass = org.springframework.beans.BeansException
23:36:11.099 [main] INFO  o.e.r.instrumentation.EvoClassLoader - Seeing class for first time: org.springframework.beans.BeansException
23:36:11.099 [main] INFO  o.e.r.instrumentation.EvoClassLoader - Instrumenting class 'org.springframework.beans.BeansException'.
23:36:11.100 [main] INFO  o.e.r.i.MethodCallReplacementClassAdapter - Adding mock interface to class org/springframework/beans/BeansException
23:36:11.100 [main] INFO  o.e.r.i.CreateClassResetClassAdapter - Creating brand-new static initializer in class org/springframework/beans/BeansException
23:36:11.100 [main] DEBUG o.e.r.agent.TransformerForTests - Going to instrument: org.springframework.beans.BeansException
23:36:11.101 [main] INFO  o.e.r.instrumentation.EvoClassLoader - Seeing class for first time: org.springframework.core.NestedRuntimeException
23:36:11.101 [main] INFO  o.e.r.instrumentation.EvoClassLoader - Instrumenting class 'org.springframework.core.NestedRuntimeException'.
23:36:11.101 [main] INFO  o.e.r.i.MethodCallReplacementClassAdapter - Adding mock interface to class org/springframework/core/NestedRuntimeException
23:36:11.106 [main] INFO  o.e.r.i.CreateClassResetClassAdapter - Found static initializer in class org/springframework/core/NestedRuntimeException
23:36:11.107 [main] INFO  o.e.r.i.MethodCallReplacementClassAdapter - No hashCode defined for: org/springframework/core/NestedRuntimeException, superclass = java.lang.RuntimeException
23:36:11.107 [main] DEBUG o.e.r.agent.TransformerForTests - Going to instrument: org.springframework.core.NestedRuntimeException
23:36:11.109 [main] INFO  o.e.r.i.CreateClassResetClassAdapter - Found static initializer in class org/springframework/core/NestedRuntimeException
23:36:11.109 [main] INFO  o.e.r.i.MethodCallReplacementClassAdapter - No hashCode defined for: org/springframework/core/NestedRuntimeException, superclass = org.evosuite.runtime.mock.java.lang.MockRuntimeException
23:36:11.109 [main] INFO  o.e.r.instrumentation.EvoClassLoader - Error while loading class: java.lang.ClassFormatError: Duplicate method name&signature in class file org/springframework/core/NestedRuntimeException
23:36:11.109 [main] INFO  o.e.r.instrumentation.EvoClassLoader - Error while loading class: java.lang.NoClassDefFoundError: org/springframework/core/NestedRuntimeException
23:36:11.109 [main] INFO  o.e.r.instrumentation.EvoClassLoader - Error while loading class: java.lang.NoClassDefFoundError: org/springframework/beans/BeansException
23:36:11.109 [main] INFO  o.e.r.instrumentation.EvoClassLoader - Error while loading class: java.lang.NoClassDefFoundError: org/springframework/beans/FatalBeanException
23:36:11.109 [main] ERROR o.e.r.c.ClassStateSupport - Could not initialize org.springframework.web.servlet.support.WebContentGenerator: org/springframework/context/ApplicationContextException
23:36:11.110 [main] INFO  o.e.r.instrumentation.EvoClassLoader - Seeing class for first time: org.springframework.format.support.DefaultFormattingConversionService
23:36:11.110 [main] INFO  o.e.r.instrumentation.EvoClassLoader - Instrumenting class 'org.springframework.format.support.DefaultFormattingConversionService'.
23:36:11.110 [main] INFO  o.e.r.i.MethodCallReplacementClassAdapter - Adding mock interface to class org/springframework/format/support/DefaultFormattingConversionService
23:36:11.111 [main] INFO  o.e.r.i.CreateClassResetClassAdapter - Found static initializer in class org/springframework/format/support/DefaultFormattingConversionService
23:36:11.111 [main] INFO  o.e.r.i.MethodCallReplacementClassAdapter - No hashCode defined for: org/springframework/format/support/DefaultFormattingConversionService, superclass = org.springframework.format.support.FormattingConversionService
23:36:11.111 [main] DEBUG o.e.r.agent.TransformerForTests - Going to instrument: org.springframework.format.support.DefaultFormattingConversionService
23:36:11.111 [main] INFO  o.e.r.i.CreateClassResetClassAdapter - Found static initializer in class org/springframework/format/support/DefaultFormattingConversionService
23:36:11.112 [main] INFO  o.e.r.i.MethodCallReplacementClassAdapter - No hashCode defined for: org/springframework/format/support/DefaultFormattingConversionService, superclass = org.springframework.format.support.FormattingConversionService
23:36:11.112 [main] INFO  o.e.r.instrumentation.EvoClassLoader - Error while loading class: java.lang.ClassFormatError: Duplicate method name&signature in class file org/springframework/format/support/DefaultFormattingConversionService
23:36:11.112 [main] ERROR o.e.r.c.ClassStateSupport - Could not initialize org.springframework.format.support.DefaultFormattingConversionService: Duplicate method name&signature in class file org/springframework/format/support/DefaultFormattingConversionService
23:36:11.112 [main] INFO  o.e.r.instrumentation.EvoClassLoader - Seeing class for first time: org.springframework.web.util.UrlPathHelper
23:36:11.112 [main] INFO  o.e.r.instrumentation.EvoClassLoader - Instrumenting class 'org.springframework.web.util.UrlPathHelper'.
23:36:11.113 [main] INFO  o.e.r.i.MethodCallReplacementClassAdapter - Adding mock interface to class org/springframework/web/util/UrlPathHelper
23:36:11.115 [main] INFO  o.e.r.i.CreateClassResetClassAdapter - Found static initializer in class org/springframework/web/util/UrlPathHelper
23:36:11.115 [main] INFO  o.e.r.i.MethodCallReplacementClassAdapter - No hashCode defined for: org/springframework/web/util/UrlPathHelper, superclass = java.lang.Object
23:36:11.115 [main] DEBUG o.e.r.agent.TransformerForTests - Going to instrument: org.springframework.web.util.UrlPathHelper
23:36:11.119 [main] INFO  o.e.r.i.CreateClassResetClassAdapter - Found static initializer in class org/springframework/web/util/UrlPathHelper
23:36:11.120 [main] INFO  o.e.r.instrumentation.EvoClassLoader - Error while loading class: java.lang.ClassFormatError: Duplicate method name&signature in class file org/springframework/web/util/UrlPathHelper
23:36:11.120 [main] ERROR o.e.r.c.ClassStateSupport - Could not initialize org.springframework.web.util.UrlPathHelper: Duplicate method name&signature in class file org/springframework/web/util/UrlPathHelper
23:36:11.120 [main] INFO  o.e.r.instrumentation.EvoClassLoader - Seeing class for first time: org.springframework.util.ConcurrentReferenceHashMap$5
23:36:11.120 [main] INFO  o.e.r.instrumentation.EvoClassLoader - Instrumenting class 'org.springframework.util.ConcurrentReferenceHashMap$5'.
23:36:11.121 [main] INFO  o.e.r.i.MethodCallReplacementClassAdapter - Adding mock interface to class org/springframework/util/ConcurrentReferenceHashMap$5
23:36:11.121 [main] INFO  o.e.r.i.MethodCallReplacementClassAdapter - No hashCode defined for: org/springframework/util/ConcurrentReferenceHashMap$5, superclass = org.springframework.util.ConcurrentReferenceHashMap$Task
23:36:11.121 [main] DEBUG o.e.r.agent.TransformerForTests - Going to instrument: org.springframework.util.ConcurrentReferenceHashMap$5
23:36:11.121 [main] INFO  o.e.r.i.MethodCallReplacementClassAdapter - No hashCode defined for: org/springframework/util/ConcurrentReferenceHashMap$5, superclass = org.springframework.util.ConcurrentReferenceHashMap$Task
23:36:11.122 [main] INFO  o.e.r.instrumentation.EvoClassLoader - Keeping class: org.springframework.util.ConcurrentReferenceHashMap$5
23:36:11.122 [main] INFO  o.e.r.instrumentation.EvoClassLoader - Seeing class for first time: org.springframework.util.ConcurrentReferenceHashMap$TaskOption
23:36:11.122 [main] INFO  o.e.r.instrumentation.EvoClassLoader - Instrumenting class 'org.springframework.util.ConcurrentReferenceHashMap$TaskOption'.
23:36:11.123 [main] INFO  o.e.r.i.MethodCallReplacementClassAdapter - Adding mock interface to class org/springframework/util/ConcurrentReferenceHashMap$TaskOption
23:36:11.123 [main] INFO  o.e.r.i.CreateClassResetClassAdapter - Found static initializer in class org/springframework/util/ConcurrentReferenceHashMap$TaskOption
23:36:11.123 [main] INFO  o.e.r.i.MethodCallReplacementClassAdapter - No hashCode defined for: org/springframework/util/ConcurrentReferenceHashMap$TaskOption, superclass = java.lang.Enum
23:36:11.123 [main] DEBUG o.e.r.agent.TransformerForTests - Going to instrument: org.springframework.util.ConcurrentReferenceHashMap$TaskOption
23:36:11.123 [main] INFO  o.e.r.i.CreateClassResetClassAdapter - Found static initializer in class org/springframework/util/ConcurrentReferenceHashMap$TaskOption
23:36:11.124 [main] INFO  o.e.r.i.MethodCallReplacementClassAdapter - No hashCode defined for: org/springframework/util/ConcurrentReferenceHashMap$TaskOption, superclass = java.lang.Enum
23:36:11.124 [main] INFO  o.e.r.instrumentation.EvoClassLoader - Error while loading class: java.lang.ClassFormatError: Duplicate method name&signature in class file org/springframework/util/ConcurrentReferenceHashMap$TaskOption
23:36:11.124 [main] ERROR o.e.r.c.ClassStateSupport - Could not initialize org.springframework.util.ConcurrentReferenceHashMap$5: org/springframework/util/ConcurrentReferenceHashMap$TaskOption
23:36:11.124 [main] INFO  o.e.r.instrumentation.EvoClassLoader - Seeing class for first time: com.fasterxml.jackson.databind.util.TokenBuffer
23:36:11.124 [main] INFO  o.e.r.instrumentation.EvoClassLoader - Instrumenting class 'com.fasterxml.jackson.databind.util.TokenBuffer'.
23:36:11.126 [main] INFO  o.e.r.i.MethodCallReplacementClassAdapter - Adding mock interface to class com/fasterxml/jackson/databind/util/TokenBuffer
23:36:11.130 [main] INFO  o.e.r.i.CreateClassResetClassAdapter - Found static initializer in class com/fasterxml/jackson/databind/util/TokenBuffer
23:36:11.130 [main] INFO  o.e.r.i.MethodCallReplacementClassAdapter - No hashCode defined for: com/fasterxml/jackson/databind/util/TokenBuffer, superclass = com.fasterxml.jackson.core.JsonGenerator
23:36:11.131 [main] DEBUG o.e.r.agent.TransformerForTests - Going to instrument: com.fasterxml.jackson.databind.util.TokenBuffer
23:36:11.137 [main] INFO  o.e.r.i.CreateClassResetClassAdapter - Found static initializer in class com/fasterxml/jackson/databind/util/TokenBuffer
23:36:11.137 [main] INFO  o.e.r.i.MethodCallReplacementClassAdapter - No hashCode defined for: com/fasterxml/jackson/databind/util/TokenBuffer, superclass = com.fasterxml.jackson.core.JsonGenerator
23:36:11.138 [main] INFO  o.e.r.instrumentation.EvoClassLoader - Error while loading class: java.lang.ClassFormatError: Duplicate method name&signature in class file com/fasterxml/jackson/databind/util/TokenBuffer
23:36:11.138 [main] ERROR o.e.r.c.ClassStateSupport - Could not initialize com.fasterxml.jackson.databind.util.TokenBuffer: Duplicate method name&signature in class file com/fasterxml/jackson/databind/util/TokenBuffer
23:36:11.139 [main] INFO  o.e.r.instrumentation.EvoClassLoader - Seeing class for first time: org.springframework.web.bind.support.WebDataBinderFactory
23:36:11.139 [main] INFO  o.e.r.instrumentation.EvoClassLoader - Instrumenting class 'org.springframework.web.bind.support.WebDataBinderFactory'.
23:36:11.140 [main] DEBUG o.e.r.agent.TransformerForTests - Going to instrument: org.springframework.web.bind.support.WebDataBinderFactory
23:36:11.140 [main] INFO  o.e.r.instrumentation.EvoClassLoader - Keeping class: org.springframework.web.bind.support.WebDataBinderFactory
23:36:11.140 [main] INFO  o.e.r.instrumentation.EvoClassLoader - Seeing class for first time: org.springframework.http.converter.xml.SourceHttpMessageConverter$2
23:36:11.140 [main] INFO  o.e.r.instrumentation.EvoClassLoader - Instrumenting class 'org.springframework.http.converter.xml.SourceHttpMessageConverter$2'.
23:36:11.141 [main] INFO  o.e.r.i.MethodCallReplacementClassAdapter - Adding mock interface to class org/springframework/http/converter/xml/SourceHttpMessageConverter$2
23:36:11.141 [main] INFO  o.e.r.i.MethodCallReplacementClassAdapter - No hashCode defined for: org/springframework/http/converter/xml/SourceHttpMessageConverter$2, superclass = java.lang.Object
23:36:11.141 [main] DEBUG o.e.r.agent.TransformerForTests - Going to instrument: org.springframework.http.converter.xml.SourceHttpMessageConverter$2
23:36:11.142 [main] INFO  o.e.r.instrumentation.EvoClassLoader - Keeping class: org.springframework.http.converter.xml.SourceHttpMessageConverter$2
23:36:11.142 [main] INFO  o.e.r.instrumentation.EvoClassLoader - Seeing class for first time: org.springframework.context.ApplicationContextException
23:36:11.142 [main] INFO  o.e.r.instrumentation.EvoClassLoader - Instrumenting class 'org.springframework.context.ApplicationContextException'.
23:36:11.143 [main] INFO  o.e.r.i.MethodCallReplacementClassAdapter - Adding mock interface to class org/springframework/context/ApplicationContextException
23:36:11.143 [main] INFO  o.e.r.i.MethodCallReplacementClassAdapter - No hashCode defined for: org/springframework/context/ApplicationContextException, superclass = org.springframework.beans.FatalBeanException
23:36:11.143 [main] INFO  o.e.r.i.CreateClassResetClassAdapter - Creating brand-new static initializer in class org/springframework/context/ApplicationContextException
23:36:11.143 [main] DEBUG o.e.r.agent.TransformerForTests - Going to instrument: org.springframework.context.ApplicationContextException
23:36:11.143 [main] INFO  o.e.r.i.MethodCallReplacementClassAdapter - No hashCode defined for: org/springframework/context/ApplicationContextException, superclass = org.springframework.beans.FatalBeanException
23:36:11.143 [main] INFO  o.e.r.instrumentation.EvoClassLoader - Seeing class for first time: org.springframework.beans.FatalBeanException
23:36:11.143 [main] INFO  o.e.r.instrumentation.EvoClassLoader - Instrumenting class 'org.springframework.beans.FatalBeanException'.
23:36:11.144 [main] INFO  o.e.r.i.MethodCallReplacementClassAdapter - Adding mock interface to class org/springframework/beans/FatalBeanException
23:36:11.144 [main] INFO  o.e.r.i.MethodCallReplacementClassAdapter - No hashCode defined for: org/springframework/beans/FatalBeanException, superclass = org.springframework.beans.BeansException
23:36:11.144 [main] INFO  o.e.r.i.CreateClassResetClassAdapter - Creating brand-new static initializer in class org/springframework/beans/FatalBeanException
23:36:11.144 [main] DEBUG o.e.r.agent.TransformerForTests - Going to instrument: org.springframework.beans.FatalBeanException
23:36:11.144 [main] INFO  o.e.r.i.MethodCallReplacementClassAdapter - No hashCode defined for: org/springframework/beans/FatalBeanException, superclass = org.springframework.beans.BeansException
23:36:11.144 [main] INFO  o.e.r.instrumentation.EvoClassLoader - Seeing class for first time: org.springframework.beans.BeansException
23:36:11.144 [main] INFO  o.e.r.instrumentation.EvoClassLoader - Instrumenting class 'org.springframework.beans.BeansException'.
23:36:11.144 [main] INFO  o.e.r.i.MethodCallReplacementClassAdapter - Adding mock interface to class org/springframework/beans/BeansException
23:36:11.145 [main] INFO  o.e.r.i.CreateClassResetClassAdapter - Creating brand-new static initializer in class org/springframework/beans/BeansException
23:36:11.145 [main] DEBUG o.e.r.agent.TransformerForTests - Going to instrument: org.springframework.beans.BeansException
23:36:11.145 [main] INFO  o.e.r.instrumentation.EvoClassLoader - Seeing class for first time: org.springframework.core.NestedRuntimeException
23:36:11.145 [main] INFO  o.e.r.instrumentation.EvoClassLoader - Instrumenting class 'org.springframework.core.NestedRuntimeException'.
23:36:11.146 [main] INFO  o.e.r.i.MethodCallReplacementClassAdapter - Adding mock interface to class org/springframework/core/NestedRuntimeException
23:36:11.147 [main] INFO  o.e.r.i.CreateClassResetClassAdapter - Found static initializer in class org/springframework/core/NestedRuntimeException
23:36:11.147 [main] INFO  o.e.r.i.MethodCallReplacementClassAdapter - No hashCode defined for: org/springframework/core/NestedRuntimeException, superclass = java.lang.RuntimeException
23:36:11.147 [main] DEBUG o.e.r.agent.TransformerForTests - Going to instrument: org.springframework.core.NestedRuntimeException
23:36:11.148 [main] INFO  o.e.r.i.CreateClassResetClassAdapter - Found static initializer in class org/springframework/core/NestedRuntimeException
23:36:11.148 [main] INFO  o.e.r.i.MethodCallReplacementClassAdapter - No hashCode defined for: org/springframework/core/NestedRuntimeException, superclass = org.evosuite.runtime.mock.java.lang.MockRuntimeException
23:36:11.148 [main] INFO  o.e.r.instrumentation.EvoClassLoader - Error while loading class: java.lang.ClassFormatError: Duplicate method name&signature in class file org/springframework/core/NestedRuntimeException
23:36:11.148 [main] INFO  o.e.r.instrumentation.EvoClassLoader - Error while loading class: java.lang.NoClassDefFoundError: org/springframework/core/NestedRuntimeException
23:36:11.148 [main] INFO  o.e.r.instrumentation.EvoClassLoader - Error while loading class: java.lang.NoClassDefFoundError: org/springframework/beans/BeansException
23:36:11.148 [main] INFO  o.e.r.instrumentation.EvoClassLoader - Error while loading class: java.lang.NoClassDefFoundError: org/springframework/beans/FatalBeanException
23:36:11.148 [main] ERROR o.e.r.c.ClassStateSupport - Could not initialize org.springframework.web.servlet.view.AbstractView: org/springframework/context/ApplicationContextException
23:36:11.148 [main] INFO  o.e.r.instrumentation.EvoClassLoader - Seeing class for first time: org.springframework.http.converter.xml.SourceHttpMessageConverter$1
23:36:11.148 [main] INFO  o.e.r.instrumentation.EvoClassLoader - Instrumenting class 'org.springframework.http.converter.xml.SourceHttpMessageConverter$1'.
23:36:11.151 [main] INFO  o.e.r.i.MethodCallReplacementClassAdapter - Adding mock interface to class org/springframework/http/converter/xml/SourceHttpMessageConverter$1
23:36:11.151 [main] INFO  o.e.r.i.MethodCallReplacementClassAdapter - No hashCode defined for: org/springframework/http/converter/xml/SourceHttpMessageConverter$1, superclass = java.lang.Object
23:36:11.152 [main] DEBUG o.e.r.agent.TransformerForTests - Going to instrument: org.springframework.http.converter.xml.SourceHttpMessageConverter$1
23:36:11.152 [main] INFO  o.e.r.instrumentation.EvoClassLoader - Keeping class: org.springframework.http.converter.xml.SourceHttpMessageConverter$1
23:36:11.153 [main] INFO  o.e.r.instrumentation.EvoClassLoader - Seeing class for first time: org.springframework.http.HttpRequest
23:36:11.153 [main] INFO  o.e.r.instrumentation.EvoClassLoader - Instrumenting class 'org.springframework.http.HttpRequest'.
23:36:11.153 [main] DEBUG o.e.r.agent.TransformerForTests - Going to instrument: org.springframework.http.HttpRequest
23:36:11.153 [main] INFO  o.e.r.instrumentation.EvoClassLoader - Keeping class: org.springframework.http.HttpRequest
23:36:11.154 [main] INFO  o.e.r.instrumentation.EvoClassLoader - Seeing class for first time: org.springframework.web.method.support.ModelAndViewContainer
23:36:11.154 [main] INFO  o.e.r.instrumentation.EvoClassLoader - Instrumenting class 'org.springframework.web.method.support.ModelAndViewContainer'.
23:36:11.154 [main] INFO  o.e.r.i.MethodCallReplacementClassAdapter - Adding mock interface to class org/springframework/web/method/support/ModelAndViewContainer
23:36:11.155 [main] INFO  o.e.r.i.MethodCallReplacementClassAdapter - No hashCode defined for: org/springframework/web/method/support/ModelAndViewContainer, superclass = java.lang.Object
23:36:11.155 [main] INFO  o.e.r.i.CreateClassResetClassAdapter - Creating brand-new static initializer in class org/springframework/web/method/support/ModelAndViewContainer
23:36:11.155 [main] DEBUG o.e.r.agent.TransformerForTests - Going to instrument: org.springframework.web.method.support.ModelAndViewContainer
23:36:11.157 [main] INFO  o.e.r.instrumentation.EvoClassLoader - Keeping class: org.springframework.web.method.support.ModelAndViewContainer
23:36:11.157 [main] INFO  o.e.r.instrumentation.EvoClassLoader - Seeing class for first time: org.springframework.ui.ModelMap
23:36:11.157 [main] INFO  o.e.r.instrumentation.EvoClassLoader - Instrumenting class 'org.springframework.ui.ModelMap'.
23:36:11.158 [main] INFO  o.e.r.i.MethodCallReplacementClassAdapter - Adding mock interface to class org/springframework/ui/ModelMap
23:36:11.159 [main] INFO  o.e.r.i.MethodCallReplacementClassAdapter - No hashCode defined for: org/springframework/ui/ModelMap, superclass = java.util.LinkedHashMap
23:36:11.159 [main] INFO  o.e.r.i.CreateClassResetClassAdapter - Creating brand-new static initializer in class org/springframework/ui/ModelMap
23:36:11.159 [main] DEBUG o.e.r.agent.TransformerForTests - Going to instrument: org.springframework.ui.ModelMap
23:36:11.160 [main] INFO  o.e.r.i.MethodCallReplacementClassAdapter - No hashCode defined for: org/springframework/ui/ModelMap, superclass = java.util.LinkedHashMap
23:36:11.160 [main] INFO  o.e.r.instrumentation.EvoClassLoader - Keeping class: org.springframework.ui.ModelMap
23:36:11.160 [main] INFO  o.e.r.instrumentation.EvoClassLoader - Seeing class for first time: org.springframework.validation.support.BindingAwareModelMap
23:36:11.160 [main] INFO  o.e.r.instrumentation.EvoClassLoader - Instrumenting class 'org.springframework.validation.support.BindingAwareModelMap'.
23:36:11.161 [main] INFO  o.e.r.i.MethodCallReplacementClassAdapter - Adding mock interface to class org/springframework/validation/support/BindingAwareModelMap
23:36:11.161 [main] INFO  o.e.r.i.MethodCallReplacementClassAdapter - No hashCode defined for: org/springframework/validation/support/BindingAwareModelMap, superclass = org.springframework.ui.ExtendedModelMap
23:36:11.161 [main] INFO  o.e.r.i.CreateClassResetClassAdapter - Creating brand-new static initializer in class org/springframework/validation/support/BindingAwareModelMap
23:36:11.161 [main] DEBUG o.e.r.agent.TransformerForTests - Going to instrument: org.springframework.validation.support.BindingAwareModelMap
23:36:11.162 [main] INFO  o.e.r.i.MethodCallReplacementClassAdapter - No hashCode defined for: org/springframework/validation/support/BindingAwareModelMap, superclass = org.springframework.ui.ExtendedModelMap
23:36:11.162 [main] INFO  o.e.r.instrumentation.EvoClassLoader - Seeing class for first time: org.springframework.ui.ExtendedModelMap
23:36:11.162 [main] INFO  o.e.r.instrumentation.EvoClassLoader - Instrumenting class 'org.springframework.ui.ExtendedModelMap'.
23:36:11.163 [main] INFO  o.e.r.i.MethodCallReplacementClassAdapter - Adding mock interface to class org/springframework/ui/ExtendedModelMap
23:36:11.165 [main] INFO  o.e.r.i.MethodCallReplacementClassAdapter - No hashCode defined for: org/springframework/ui/ExtendedModelMap, superclass = org.springframework.ui.ModelMap
23:36:11.165 [main] INFO  o.e.r.i.CreateClassResetClassAdapter - Creating brand-new static initializer in class org/springframework/ui/ExtendedModelMap
23:36:11.165 [main] DEBUG o.e.r.agent.TransformerForTests - Going to instrument: org.springframework.ui.ExtendedModelMap
23:36:11.166 [main] INFO  o.e.r.i.MethodCallReplacementClassAdapter - No hashCode defined for: org/springframework/ui/ExtendedModelMap, superclass = org.springframework.ui.ModelMap
23:36:11.166 [main] INFO  o.e.r.instrumentation.EvoClassLoader - Seeing class for first time: org.springframework.ui.Model
23:36:11.166 [main] INFO  o.e.r.instrumentation.EvoClassLoader - Instrumenting class 'org.springframework.ui.Model'.
23:36:11.167 [main] DEBUG o.e.r.agent.TransformerForTests - Going to instrument: org.springframework.ui.Model
23:36:11.167 [main] INFO  o.e.r.instrumentation.EvoClassLoader - Keeping class: org.springframework.ui.Model
23:36:11.167 [main] INFO  o.e.r.instrumentation.EvoClassLoader - Keeping class: org.springframework.ui.ExtendedModelMap
23:36:11.167 [main] INFO  o.e.r.instrumentation.EvoClassLoader - Keeping class: org.springframework.validation.support.BindingAwareModelMap
23:36:11.168 [main] INFO  o.e.r.instrumentation.EvoClassLoader - Seeing class for first time: org.springframework.web.bind.support.SessionStatus
23:36:11.168 [main] INFO  o.e.r.instrumentation.EvoClassLoader - Instrumenting class 'org.springframework.web.bind.support.SessionStatus'.
23:36:11.168 [main] DEBUG o.e.r.agent.TransformerForTests - Going to instrument: org.springframework.web.bind.support.SessionStatus
23:36:11.169 [main] INFO  o.e.r.instrumentation.EvoClassLoader - Keeping class: org.springframework.web.bind.support.SessionStatus
23:36:11.169 [main] INFO  o.e.r.instrumentation.EvoClassLoader - Seeing class for first time: org.springframework.util.ConcurrentReferenceHashMap$Segment
23:36:11.169 [main] INFO  o.e.r.instrumentation.EvoClassLoader - Instrumenting class 'org.springframework.util.ConcurrentReferenceHashMap$Segment'.
23:36:11.170 [main] INFO  o.e.r.i.MethodCallReplacementClassAdapter - Adding mock interface to class org/springframework/util/ConcurrentReferenceHashMap$Segment
23:36:11.171 [main] INFO  o.e.r.i.MethodCallReplacementClassAdapter - No hashCode defined for: org/springframework/util/ConcurrentReferenceHashMap$Segment, superclass = java.util.concurrent.locks.ReentrantLock
23:36:11.171 [main] INFO  o.e.r.i.CreateClassResetClassAdapter - Creating brand-new static initializer in class org/springframework/util/ConcurrentReferenceHashMap$Segment
23:36:11.171 [main] DEBUG o.e.r.agent.TransformerForTests - Going to instrument: org.springframework.util.ConcurrentReferenceHashMap$Segment
23:36:11.172 [main] INFO  o.e.r.i.MethodCallReplacementClassAdapter - No hashCode defined for: org/springframework/util/ConcurrentReferenceHashMap$Segment, superclass = java.util.concurrent.locks.ReentrantLock
23:36:11.173 [main] INFO  o.e.r.instrumentation.EvoClassLoader - Keeping class: org.springframework.util.ConcurrentReferenceHashMap$Segment
23:36:11.173 [main] INFO  o.e.r.instrumentation.EvoClassLoader - Seeing class for first time: org.springframework.util.ConcurrentReferenceHashMap$Segment$1
23:36:11.173 [main] INFO  o.e.r.instrumentation.EvoClassLoader - Instrumenting class 'org.springframework.util.ConcurrentReferenceHashMap$Segment$1'.
23:36:11.174 [main] INFO  o.e.r.i.MethodCallReplacementClassAdapter - Adding mock interface to class org/springframework/util/ConcurrentReferenceHashMap$Segment$1
23:36:11.175 [main] INFO  o.e.r.i.MethodCallReplacementClassAdapter - No hashCode defined for: org/springframework/util/ConcurrentReferenceHashMap$Segment$1, superclass = org.springframework.util.ConcurrentReferenceHashMap$Entries
23:36:11.177 [main] DEBUG o.e.r.agent.TransformerForTests - Going to instrument: org.springframework.util.ConcurrentReferenceHashMap$Segment$1
23:36:11.177 [main] INFO  o.e.r.i.MethodCallReplacementClassAdapter - No hashCode defined for: org/springframework/util/ConcurrentReferenceHashMap$Segment$1, superclass = org.springframework.util.ConcurrentReferenceHashMap$Entries
23:36:11.178 [main] INFO  o.e.r.instrumentation.EvoClassLoader - Keeping class: org.springframework.util.ConcurrentReferenceHashMap$Segment$1
23:36:11.179 [main] INFO  o.e.r.instrumentation.EvoClassLoader - Seeing class for first time: org.springframework.format.datetime.standard.DateTimeFormatterRegistrar
23:36:11.179 [main] INFO  o.e.r.instrumentation.EvoClassLoader - Instrumenting class 'org.springframework.format.datetime.standard.DateTimeFormatterRegistrar'.
23:36:11.180 [main] INFO  o.e.r.i.MethodCallReplacementClassAdapter - Adding mock interface to class org/springframework/format/datetime/standard/DateTimeFormatterRegistrar
23:36:11.181 [main] INFO  o.e.r.i.MethodCallReplacementClassAdapter - No hashCode defined for: org/springframework/format/datetime/standard/DateTimeFormatterRegistrar, superclass = java.lang.Object
23:36:11.181 [main] INFO  o.e.r.i.CreateClassResetClassAdapter - Creating brand-new static initializer in class org/springframework/format/datetime/standard/DateTimeFormatterRegistrar
23:36:11.182 [main] DEBUG o.e.r.agent.TransformerForTests - Going to instrument: org.springframework.format.datetime.standard.DateTimeFormatterRegistrar
23:36:11.184 [main] INFO  o.e.r.instrumentation.EvoClassLoader - Seeing class for first time: org.springframework.format.FormatterRegistrar
23:36:11.185 [main] INFO  o.e.r.instrumentation.EvoClassLoader - Instrumenting class 'org.springframework.format.FormatterRegistrar'.
23:36:11.186 [main] DEBUG o.e.r.agent.TransformerForTests - Going to instrument: org.springframework.format.FormatterRegistrar
23:36:11.187 [main] INFO  o.e.r.instrumentation.EvoClassLoader - Keeping class: org.springframework.format.FormatterRegistrar
23:36:11.187 [main] INFO  o.e.r.instrumentation.EvoClassLoader - Keeping class: org.springframework.format.datetime.standard.DateTimeFormatterRegistrar
23:36:11.187 [main] INFO  o.e.r.instrumentation.EvoClassLoader - Seeing class for first time: org.springframework.format.AnnotationFormatterFactory
23:36:11.187 [main] INFO  o.e.r.instrumentation.EvoClassLoader - Instrumenting class 'org.springframework.format.AnnotationFormatterFactory'.
23:36:11.188 [main] DEBUG o.e.r.agent.TransformerForTests - Going to instrument: org.springframework.format.AnnotationFormatterFactory
23:36:11.189 [main] INFO  o.e.r.instrumentation.EvoClassLoader - Keeping class: org.springframework.format.AnnotationFormatterFactory
23:36:11.189 [main] INFO  o.e.r.instrumentation.EvoClassLoader - Seeing class for first time: org.springframework.http.server.ServerHttpResponse
23:36:11.189 [main] INFO  o.e.r.instrumentation.EvoClassLoader - Instrumenting class 'org.springframework.http.server.ServerHttpResponse'.
23:36:11.191 [main] DEBUG o.e.r.agent.TransformerForTests - Going to instrument: org.springframework.http.server.ServerHttpResponse
23:36:11.191 [main] INFO  o.e.r.instrumentation.EvoClassLoader - Seeing class for first time: org.springframework.http.HttpOutputMessage
23:36:11.191 [main] INFO  o.e.r.instrumentation.EvoClassLoader - Instrumenting class 'org.springframework.http.HttpOutputMessage'.
23:36:11.192 [main] DEBUG o.e.r.agent.TransformerForTests - Going to instrument: org.springframework.http.HttpOutputMessage
23:36:11.192 [main] INFO  o.e.r.instrumentation.EvoClassLoader - Keeping class: org.springframework.http.HttpOutputMessage
23:36:11.192 [main] INFO  o.e.r.instrumentation.EvoClassLoader - Keeping class: org.springframework.http.server.ServerHttpResponse
23:36:11.192 [main] INFO  o.e.r.instrumentation.EvoClassLoader - Seeing class for first time: org.springframework.web.servlet.SmartView
23:36:11.192 [main] INFO  o.e.r.instrumentation.EvoClassLoader - Instrumenting class 'org.springframework.web.servlet.SmartView'.
23:36:11.193 [main] DEBUG o.e.r.agent.TransformerForTests - Going to instrument: org.springframework.web.servlet.SmartView
23:36:11.194 [main] INFO  o.e.r.instrumentation.EvoClassLoader - Keeping class: org.springframework.web.servlet.SmartView
23:36:11.194 [main] INFO  o.e.r.instrumentation.EvoClassLoader - Seeing class for first time: org.springframework.web.servlet.mvc.method.RequestMappingInfoHandlerMapping
23:36:11.194 [main] INFO  o.e.r.instrumentation.EvoClassLoader - Instrumenting class 'org.springframework.web.servlet.mvc.method.RequestMappingInfoHandlerMapping'.
23:36:11.195 [main] INFO  o.e.r.i.MethodCallReplacementClassAdapter - Adding mock interface to class org/springframework/web/servlet/mvc/method/RequestMappingInfoHandlerMapping
23:36:11.196 [main] INFO  o.e.r.i.MethodCallReplacementClassAdapter - No hashCode defined for: org/springframework/web/servlet/mvc/method/RequestMappingInfoHandlerMapping, superclass = org.springframework.web.servlet.handler.AbstractHandlerMethodMapping
23:36:11.197 [main] INFO  o.e.r.i.CreateClassResetClassAdapter - Creating brand-new static initializer in class org/springframework/web/servlet/mvc/method/RequestMappingInfoHandlerMapping
23:36:11.197 [main] DEBUG o.e.r.agent.TransformerForTests - Going to instrument: org.springframework.web.servlet.mvc.method.RequestMappingInfoHandlerMapping
23:36:11.199 [main] INFO  o.e.r.i.MethodCallReplacementClassAdapter - No hashCode defined for: org/springframework/web/servlet/mvc/method/RequestMappingInfoHandlerMapping, superclass = org.springframework.web.servlet.handler.AbstractHandlerMethodMapping
23:36:11.199 [main] INFO  o.e.r.instrumentation.EvoClassLoader - Seeing class for first time: org.springframework.web.servlet.handler.AbstractHandlerMethodMapping
23:36:11.199 [main] INFO  o.e.r.instrumentation.EvoClassLoader - Instrumenting class 'org.springframework.web.servlet.handler.AbstractHandlerMethodMapping'.
23:36:11.201 [main] INFO  o.e.r.i.MethodCallReplacementClassAdapter - Adding mock interface to class org/springframework/web/servlet/handler/AbstractHandlerMethodMapping
23:36:11.203 [main] INFO  o.e.r.i.CreateClassResetClassAdapter - Found static initializer in class org/springframework/web/servlet/handler/AbstractHandlerMethodMapping
23:36:11.204 [main] INFO  o.e.r.i.MethodCallReplacementClassAdapter - No hashCode defined for: org/springframework/web/servlet/handler/AbstractHandlerMethodMapping, superclass = org.springframework.web.servlet.handler.AbstractHandlerMapping
23:36:11.204 [main] DEBUG o.e.r.agent.TransformerForTests - Going to instrument: org.springframework.web.servlet.handler.AbstractHandlerMethodMapping
23:36:11.207 [main] INFO  o.e.r.i.CreateClassResetClassAdapter - Found static initializer in class org/springframework/web/servlet/handler/AbstractHandlerMethodMapping
23:36:11.207 [main] INFO  o.e.r.i.MethodCallReplacementClassAdapter - No hashCode defined for: org/springframework/web/servlet/handler/AbstractHandlerMethodMapping, superclass = org.springframework.web.servlet.handler.AbstractHandlerMapping
23:36:11.207 [main] INFO  o.e.r.instrumentation.EvoClassLoader - Error while loading class: java.lang.ClassFormatError: Duplicate method name&signature in class file org/springframework/web/servlet/handler/AbstractHandlerMethodMapping
23:36:11.207 [main] INFO  o.e.r.instrumentation.EvoClassLoader - Error while loading class: java.lang.NoClassDefFoundError: org/springframework/web/servlet/handler/AbstractHandlerMethodMapping
23:36:11.208 [main] ERROR o.e.r.c.ClassStateSupport - Could not initialize org.springframework.web.servlet.mvc.method.RequestMappingInfoHandlerMapping: org/springframework/web/servlet/handler/AbstractHandlerMethodMapping
23:36:11.208 [main] INFO  o.e.r.instrumentation.EvoClassLoader - Seeing class for first time: org.springframework.web.servlet.view.RedirectView
23:36:11.208 [main] INFO  o.e.r.instrumentation.EvoClassLoader - Instrumenting class 'org.springframework.web.servlet.view.RedirectView'.
23:36:11.209 [main] INFO  o.e.r.i.MethodCallReplacementClassAdapter - Adding mock interface to class org/springframework/web/servlet/view/RedirectView
23:36:11.213 [main] INFO  o.e.r.i.CreateClassResetClassAdapter - Found static initializer in class org/springframework/web/servlet/view/RedirectView
23:36:11.214 [main] INFO  o.e.r.i.MethodCallReplacementClassAdapter - No hashCode defined for: org/springframework/web/servlet/view/RedirectView, superclass = org.springframework.web.servlet.view.AbstractUrlBasedView
23:36:11.216 [main] DEBUG o.e.r.agent.TransformerForTests - Going to instrument: org.springframework.web.servlet.view.RedirectView
23:36:11.221 [main] INFO  o.e.r.i.CreateClassResetClassAdapter - Found static initializer in class org/springframework/web/servlet/view/RedirectView
23:36:11.221 [main] INFO  o.e.r.i.MethodCallReplacementClassAdapter - No hashCode defined for: org/springframework/web/servlet/view/RedirectView, superclass = org.springframework.web.servlet.view.AbstractUrlBasedView
23:36:11.221 [main] INFO  o.e.r.instrumentation.EvoClassLoader - Error while loading class: java.lang.ClassFormatError: Duplicate method name&signature in class file org/springframework/web/servlet/view/RedirectView
23:36:11.221 [main] ERROR o.e.r.c.ClassStateSupport - Could not initialize org.springframework.web.servlet.view.RedirectView: Duplicate method name&signature in class file org/springframework/web/servlet/view/RedirectView
23:36:11.222 [main] INFO  o.e.r.instrumentation.EvoClassLoader - Seeing class for first time: org.springframework.core.ResolvableType$SyntheticParameterizedType
23:36:11.222 [main] INFO  o.e.r.instrumentation.EvoClassLoader - Instrumenting class 'org.springframework.core.ResolvableType$SyntheticParameterizedType'.
23:36:11.223 [main] INFO  o.e.r.i.MethodCallReplacementClassAdapter - Adding mock interface to class org/springframework/core/ResolvableType$SyntheticParameterizedType
23:36:11.223 [main] INFO  o.e.r.i.CreateClassResetClassAdapter - Creating brand-new static initializer in class org/springframework/core/ResolvableType$SyntheticParameterizedType
23:36:11.223 [main] DEBUG o.e.r.agent.TransformerForTests - Going to instrument: org.springframework.core.ResolvableType$SyntheticParameterizedType
23:36:11.224 [main] INFO  o.e.r.instrumentation.EvoClassLoader - Keeping class: org.springframework.core.ResolvableType$SyntheticParameterizedType
23:36:11.224 [main] INFO  o.e.r.instrumentation.EvoClassLoader - Seeing class for first time: org.springframework.http.converter.AbstractGenericHttpMessageConverter
23:36:11.224 [main] INFO  o.e.r.instrumentation.EvoClassLoader - Instrumenting class 'org.springframework.http.converter.AbstractGenericHttpMessageConverter'.
23:36:11.225 [main] INFO  o.e.r.i.MethodCallReplacementClassAdapter - Adding mock interface to class org/springframework/http/converter/AbstractGenericHttpMessageConverter
23:36:11.225 [main] INFO  o.e.r.i.MethodCallReplacementClassAdapter - No hashCode defined for: org/springframework/http/converter/AbstractGenericHttpMessageConverter, superclass = org.springframework.http.converter.AbstractHttpMessageConverter
23:36:11.225 [main] INFO  o.e.r.i.CreateClassResetClassAdapter - Creating brand-new static initializer in class org/springframework/http/converter/AbstractGenericHttpMessageConverter
23:36:11.225 [main] DEBUG o.e.r.agent.TransformerForTests - Going to instrument: org.springframework.http.converter.AbstractGenericHttpMessageConverter
23:36:11.226 [main] INFO  o.e.r.i.MethodCallReplacementClassAdapter - No hashCode defined for: org/springframework/http/converter/AbstractGenericHttpMessageConverter, superclass = org.springframework.http.converter.AbstractHttpMessageConverter
23:36:11.226 [main] INFO  o.e.r.instrumentation.EvoClassLoader - Seeing class for first time: org.springframework.http.converter.GenericHttpMessageConverter
23:36:11.226 [main] INFO  o.e.r.instrumentation.EvoClassLoader - Instrumenting class 'org.springframework.http.converter.GenericHttpMessageConverter'.
23:36:11.227 [main] DEBUG o.e.r.agent.TransformerForTests - Going to instrument: org.springframework.http.converter.GenericHttpMessageConverter
23:36:11.227 [main] INFO  o.e.r.instrumentation.EvoClassLoader - Keeping class: org.springframework.http.converter.GenericHttpMessageConverter
23:36:11.227 [main] INFO  o.e.r.instrumentation.EvoClassLoader - Keeping class: org.springframework.http.converter.AbstractGenericHttpMessageConverter
23:36:11.227 [main] INFO  o.e.r.instrumentation.EvoClassLoader - Seeing class for first time: org.springframework.core.ResolvableType
23:36:11.227 [main] INFO  o.e.r.instrumentation.EvoClassLoader - Instrumenting class 'org.springframework.core.ResolvableType'.
23:36:11.229 [main] INFO  o.e.r.i.MethodCallReplacementClassAdapter - Adding mock interface to class org/springframework/core/ResolvableType
23:36:11.233 [main] INFO  o.e.r.i.CreateClassResetClassAdapter - Found static initializer in class org/springframework/core/ResolvableType
23:36:11.233 [main] DEBUG o.e.r.agent.TransformerForTests - Going to instrument: org.springframework.core.ResolvableType
23:36:11.240 [main] INFO  o.e.r.i.CreateClassResetClassAdapter - Found static initializer in class org/springframework/core/ResolvableType
23:36:11.241 [main] INFO  o.e.r.instrumentation.EvoClassLoader - Error while loading class: java.lang.ClassFormatError: Duplicate method name&signature in class file org/springframework/core/ResolvableType
23:36:11.241 [main] ERROR o.e.r.c.ClassStateSupport - Could not initialize org.springframework.core.ResolvableType: Duplicate method name&signature in class file org/springframework/core/ResolvableType
23:36:11.241 [main] INFO  o.e.r.instrumentation.EvoClassLoader - Seeing class for first time: org.springframework.web.context.support.StandardServletEnvironment
23:36:11.241 [main] INFO  o.e.r.instrumentation.EvoClassLoader - Instrumenting class 'org.springframework.web.context.support.StandardServletEnvironment'.
23:36:11.242 [main] INFO  o.e.r.i.MethodCallReplacementClassAdapter - Adding mock interface to class org/springframework/web/context/support/StandardServletEnvironment
23:36:11.243 [main] INFO  o.e.r.i.MethodCallReplacementClassAdapter - No hashCode defined for: org/springframework/web/context/support/StandardServletEnvironment, superclass = org.springframework.core.env.StandardEnvironment
23:36:11.243 [main] INFO  o.e.r.i.CreateClassResetClassAdapter - Creating brand-new static initializer in class org/springframework/web/context/support/StandardServletEnvironment
23:36:11.243 [main] INFO  o.e.r.i.CreateClassResetClassAdapter - Adding bytecode for initializing field SERVLET_CONTEXT_PROPERTY_SOURCE_NAME
23:36:11.243 [main] INFO  o.e.r.i.CreateClassResetClassAdapter - Adding bytecode for initializing field SERVLET_CONFIG_PROPERTY_SOURCE_NAME
23:36:11.243 [main] INFO  o.e.r.i.CreateClassResetClassAdapter - Adding bytecode for initializing field JNDI_PROPERTY_SOURCE_NAME
23:36:11.243 [main] DEBUG o.e.r.agent.TransformerForTests - Going to instrument: org.springframework.web.context.support.StandardServletEnvironment
23:36:11.243 [main] INFO  o.e.r.i.MethodCallReplacementClassAdapter - No hashCode defined for: org/springframework/web/context/support/StandardServletEnvironment, superclass = org.springframework.core.env.StandardEnvironment
23:36:11.243 [main] INFO  o.e.r.instrumentation.EvoClassLoader - Seeing class for first time: org.springframework.core.env.StandardEnvironment
23:36:11.243 [main] INFO  o.e.r.instrumentation.EvoClassLoader - Instrumenting class 'org.springframework.core.env.StandardEnvironment'.
23:36:11.244 [main] INFO  o.e.r.i.MethodCallReplacementClassAdapter - Adding mock interface to class org/springframework/core/env/StandardEnvironment
23:36:11.245 [main] INFO  o.e.r.i.MethodCallReplacementClassAdapter - No hashCode defined for: org/springframework/core/env/StandardEnvironment, superclass = org.springframework.core.env.AbstractEnvironment
23:36:11.245 [main] INFO  o.e.r.i.CreateClassResetClassAdapter - Creating brand-new static initializer in class org/springframework/core/env/StandardEnvironment
23:36:11.245 [main] INFO  o.e.r.i.CreateClassResetClassAdapter - Adding bytecode for initializing field SYSTEM_ENVIRONMENT_PROPERTY_SOURCE_NAME
23:36:11.245 [main] INFO  o.e.r.i.CreateClassResetClassAdapter - Adding bytecode for initializing field SYSTEM_PROPERTIES_PROPERTY_SOURCE_NAME
23:36:11.246 [main] DEBUG o.e.r.agent.TransformerForTests - Going to instrument: org.springframework.core.env.StandardEnvironment
23:36:11.246 [main] INFO  o.e.r.i.MethodCallReplacementClassAdapter - No hashCode defined for: org/springframework/core/env/StandardEnvironment, superclass = org.springframework.core.env.AbstractEnvironment
23:36:11.247 [main] INFO  o.e.r.instrumentation.EvoClassLoader - Seeing class for first time: org.springframework.core.env.AbstractEnvironment
23:36:11.247 [main] INFO  o.e.r.instrumentation.EvoClassLoader - Instrumenting class 'org.springframework.core.env.AbstractEnvironment'.
23:36:11.248 [main] INFO  o.e.r.i.MethodCallReplacementClassAdapter - Adding mock interface to class org/springframework/core/env/AbstractEnvironment
23:36:11.251 [main] INFO  o.e.r.i.MethodCallReplacementClassAdapter - No hashCode defined for: org/springframework/core/env/AbstractEnvironment, superclass = java.lang.Object
23:36:11.252 [main] INFO  o.e.r.i.CreateClassResetClassAdapter - Creating brand-new static initializer in class org/springframework/core/env/AbstractEnvironment
23:36:11.255 [main] INFO  o.e.r.i.CreateClassResetClassAdapter - Adding bytecode for initializing field IGNORE_GETENV_PROPERTY_NAME
23:36:11.255 [main] INFO  o.e.r.i.CreateClassResetClassAdapter - Adding bytecode for initializing field ACTIVE_PROFILES_PROPERTY_NAME
23:36:11.255 [main] INFO  o.e.r.i.CreateClassResetClassAdapter - Adding bytecode for initializing field DEFAULT_PROFILES_PROPERTY_NAME
23:36:11.256 [main] INFO  o.e.r.i.CreateClassResetClassAdapter - Adding bytecode for initializing field RESERVED_DEFAULT_PROFILE_NAME
23:36:11.256 [main] DEBUG o.e.r.agent.TransformerForTests - Going to instrument: org.springframework.core.env.AbstractEnvironment
23:36:11.263 [main] INFO  o.e.r.instrumentation.EvoClassLoader - Keeping class: org.springframework.core.env.AbstractEnvironment
23:36:11.263 [main] INFO  o.e.r.instrumentation.EvoClassLoader - Keeping class: org.springframework.core.env.StandardEnvironment
23:36:11.263 [main] INFO  o.e.r.instrumentation.EvoClassLoader - Keeping class: org.springframework.web.context.support.StandardServletEnvironment
23:36:11.264 [main] INFO  o.e.r.instrumentation.EvoClassLoader - Seeing class for first time: org.springframework.core.env.MapPropertySource
23:36:11.264 [main] INFO  o.e.r.instrumentation.EvoClassLoader - Instrumenting class 'org.springframework.core.env.MapPropertySource'.
23:36:11.265 [main] INFO  o.e.r.i.MethodCallReplacementClassAdapter - Adding mock interface to class org/springframework/core/env/MapPropertySource
23:36:11.265 [main] INFO  o.e.r.i.MethodCallReplacementClassAdapter - No hashCode defined for: org/springframework/core/env/MapPropertySource, superclass = org.springframework.core.env.EnumerablePropertySource
23:36:11.265 [main] INFO  o.e.r.i.CreateClassResetClassAdapter - Creating brand-new static initializer in class org/springframework/core/env/MapPropertySource
23:36:11.265 [main] DEBUG o.e.r.agent.TransformerForTests - Going to instrument: org.springframework.core.env.MapPropertySource
23:36:11.265 [main] INFO  o.e.r.i.MethodCallReplacementClassAdapter - No hashCode defined for: org/springframework/core/env/MapPropertySource, superclass = org.springframework.core.env.EnumerablePropertySource
23:36:11.266 [main] INFO  o.e.r.instrumentation.EvoClassLoader - Seeing class for first time: org.springframework.core.env.EnumerablePropertySource
23:36:11.266 [main] INFO  o.e.r.instrumentation.EvoClassLoader - Instrumenting class 'org.springframework.core.env.EnumerablePropertySource'.
23:36:11.267 [main] INFO  o.e.r.i.MethodCallReplacementClassAdapter - Adding mock interface to class org/springframework/core/env/EnumerablePropertySource
23:36:11.267 [main] INFO  o.e.r.i.MethodCallReplacementClassAdapter - No hashCode defined for: org/springframework/core/env/EnumerablePropertySource, superclass = org.springframework.core.env.PropertySource
23:36:11.267 [main] INFO  o.e.r.i.CreateClassResetClassAdapter - Creating brand-new static initializer in class org/springframework/core/env/EnumerablePropertySource
23:36:11.267 [main] DEBUG o.e.r.agent.TransformerForTests - Going to instrument: org.springframework.core.env.EnumerablePropertySource
23:36:11.268 [main] INFO  o.e.r.i.MethodCallReplacementClassAdapter - No hashCode defined for: org/springframework/core/env/EnumerablePropertySource, superclass = org.springframework.core.env.PropertySource
23:36:11.268 [main] INFO  o.e.r.instrumentation.EvoClassLoader - Keeping class: org.springframework.core.env.EnumerablePropertySource
23:36:11.268 [main] INFO  o.e.r.instrumentation.EvoClassLoader - Keeping class: org.springframework.core.env.MapPropertySource
23:36:11.268 [main] INFO  o.e.r.instrumentation.EvoClassLoader - Seeing class for first time: org.springframework.core.env.SystemEnvironmentPropertySource
23:36:11.268 [main] INFO  o.e.r.instrumentation.EvoClassLoader - Instrumenting class 'org.springframework.core.env.SystemEnvironmentPropertySource'.
23:36:11.269 [main] INFO  o.e.r.i.MethodCallReplacementClassAdapter - Adding mock interface to class org/springframework/core/env/SystemEnvironmentPropertySource
23:36:11.269 [main] INFO  o.e.r.i.MethodCallReplacementClassAdapter - No hashCode defined for: org/springframework/core/env/SystemEnvironmentPropertySource, superclass = org.springframework.core.env.MapPropertySource
23:36:11.269 [main] INFO  o.e.r.i.CreateClassResetClassAdapter - Creating brand-new static initializer in class org/springframework/core/env/SystemEnvironmentPropertySource
23:36:11.269 [main] DEBUG o.e.r.agent.TransformerForTests - Going to instrument: org.springframework.core.env.SystemEnvironmentPropertySource
23:36:11.270 [main] INFO  o.e.r.i.MethodCallReplacementClassAdapter - No hashCode defined for: org/springframework/core/env/SystemEnvironmentPropertySource, superclass = org.springframework.core.env.MapPropertySource
23:36:11.270 [main] INFO  o.e.r.instrumentation.EvoClassLoader - Keeping class: org.springframework.core.env.SystemEnvironmentPropertySource
23:36:11.270 [main] INFO  o.e.r.instrumentation.EvoClassLoader - Seeing class for first time: org.springframework.jndi.JndiPropertySource
23:36:11.270 [main] INFO  o.e.r.instrumentation.EvoClassLoader - Instrumenting class 'org.springframework.jndi.JndiPropertySource'.
23:36:11.271 [main] INFO  o.e.r.i.MethodCallReplacementClassAdapter - Adding mock interface to class org/springframework/jndi/JndiPropertySource
23:36:11.271 [main] INFO  o.e.r.i.MethodCallReplacementClassAdapter - No hashCode defined for: org/springframework/jndi/JndiPropertySource, superclass = org.springframework.core.env.PropertySource
23:36:11.271 [main] INFO  o.e.r.i.CreateClassResetClassAdapter - Creating brand-new static initializer in class org/springframework/jndi/JndiPropertySource
23:36:11.271 [main] DEBUG o.e.r.agent.TransformerForTests - Going to instrument: org.springframework.jndi.JndiPropertySource
23:36:11.272 [main] INFO  o.e.r.i.MethodCallReplacementClassAdapter - No hashCode defined for: org/springframework/jndi/JndiPropertySource, superclass = org.springframework.core.env.PropertySource
23:36:11.272 [main] INFO  o.e.r.instrumentation.EvoClassLoader - Keeping class: org.springframework.jndi.JndiPropertySource
23:36:11.272 [main] INFO  o.e.r.instrumentation.EvoClassLoader - Seeing class for first time: org.springframework.util.ConcurrentReferenceHashMap$EntryIterator
23:36:11.272 [main] INFO  o.e.r.instrumentation.EvoClassLoader - Instrumenting class 'org.springframework.util.ConcurrentReferenceHashMap$EntryIterator'.
23:36:11.274 [main] INFO  o.e.r.i.MethodCallReplacementClassAdapter - Adding mock interface to class org/springframework/util/ConcurrentReferenceHashMap$EntryIterator
23:36:11.274 [main] INFO  o.e.r.i.MethodCallReplacementClassAdapter - No hashCode defined for: org/springframework/util/ConcurrentReferenceHashMap$EntryIterator, superclass = java.lang.Object
23:36:11.274 [main] INFO  o.e.r.i.CreateClassResetClassAdapter - Creating brand-new static initializer in class org/springframework/util/ConcurrentReferenceHashMap$EntryIterator
23:36:11.274 [main] DEBUG o.e.r.agent.TransformerForTests - Going to instrument: org.springframework.util.ConcurrentReferenceHashMap$EntryIterator
23:36:11.275 [main] INFO  o.e.r.instrumentation.EvoClassLoader - Keeping class: org.springframework.util.ConcurrentReferenceHashMap$EntryIterator
23:36:11.276 [main] INFO  o.e.r.instrumentation.EvoClassLoader - Seeing class for first time: org.springframework.context.annotation.Configuration
23:36:11.276 [main] INFO  o.e.r.instrumentation.EvoClassLoader - Instrumenting class 'org.springframework.context.annotation.Configuration'.
23:36:11.277 [main] DEBUG o.e.r.agent.TransformerForTests - Going to instrument: org.springframework.context.annotation.Configuration
23:36:11.277 [main] INFO  o.e.r.instrumentation.EvoClassLoader - Keeping class: org.springframework.context.annotation.Configuration
23:36:11.278 [main] INFO  o.e.r.instrumentation.EvoClassLoader - Seeing class for first time: org.springframework.boot.autoconfigure.web.WebMvcAutoConfiguration$WebMvcAutoConfigurationAdapter
23:36:11.278 [main] INFO  o.e.r.instrumentation.EvoClassLoader - Instrumenting class 'org.springframework.boot.autoconfigure.web.WebMvcAutoConfiguration$WebMvcAutoConfigurationAdapter'.
23:36:11.279 [main] INFO  o.e.r.i.MethodCallReplacementClassAdapter - Adding mock interface to class org/springframework/boot/autoconfigure/web/WebMvcAutoConfiguration$WebMvcAutoConfigurationAdapter
23:36:11.279 [main] INFO  o.e.r.i.CreateClassResetClassAdapter - Found static initializer in class org/springframework/boot/autoconfigure/web/WebMvcAutoConfiguration$WebMvcAutoConfigurationAdapter
23:36:11.280 [main] INFO  o.e.r.i.MethodCallReplacementClassAdapter - No hashCode defined for: org/springframework/boot/autoconfigure/web/WebMvcAutoConfiguration$WebMvcAutoConfigurationAdapter, superclass = org.springframework.web.servlet.config.annotation.WebMvcConfigurerAdapter
23:36:11.280 [main] DEBUG o.e.r.agent.TransformerForTests - Going to instrument: org.springframework.boot.autoconfigure.web.WebMvcAutoConfiguration$WebMvcAutoConfigurationAdapter
23:36:11.281 [main] INFO  o.e.r.i.CreateClassResetClassAdapter - Found static initializer in class org/springframework/boot/autoconfigure/web/WebMvcAutoConfiguration$WebMvcAutoConfigurationAdapter
23:36:11.281 [main] INFO  o.e.r.i.MethodCallReplacementClassAdapter - No hashCode defined for: org/springframework/boot/autoconfigure/web/WebMvcAutoConfiguration$WebMvcAutoConfigurationAdapter, superclass = org.springframework.web.servlet.config.annotation.WebMvcConfigurerAdapter
23:36:11.282 [main] INFO  o.e.r.instrumentation.EvoClassLoader - Error while loading class: java.lang.ClassFormatError: Duplicate method name&signature in class file org/springframework/boot/autoconfigure/web/WebMvcAutoConfiguration$WebMvcAutoConfigurationAdapter
23:36:11.282 [main] ERROR o.e.r.c.ClassStateSupport - Could not initialize org.springframework.boot.autoconfigure.web.WebMvcAutoConfiguration$WebMvcAutoConfigurationAdapter: Duplicate method name&signature in class file org/springframework/boot/autoconfigure/web/WebMvcAutoConfiguration$WebMvcAutoConfigurationAdapter
23:36:11.282 [main] INFO  o.e.r.instrumentation.EvoClassLoader - Seeing class for first time: org.springframework.boot.autoconfigure.web.WebMvcProperties$Async
23:36:11.282 [main] INFO  o.e.r.instrumentation.EvoClassLoader - Instrumenting class 'org.springframework.boot.autoconfigure.web.WebMvcProperties$Async'.
23:36:11.283 [main] INFO  o.e.r.i.MethodCallReplacementClassAdapter - Adding mock interface to class org/springframework/boot/autoconfigure/web/WebMvcProperties$Async
23:36:11.284 [main] INFO  o.e.r.i.MethodCallReplacementClassAdapter - No hashCode defined for: org/springframework/boot/autoconfigure/web/WebMvcProperties$Async, superclass = java.lang.Object
23:36:11.284 [main] INFO  o.e.r.i.CreateClassResetClassAdapter - Creating brand-new static initializer in class org/springframework/boot/autoconfigure/web/WebMvcProperties$Async
23:36:11.284 [main] DEBUG o.e.r.agent.TransformerForTests - Going to instrument: org.springframework.boot.autoconfigure.web.WebMvcProperties$Async
23:36:11.285 [main] INFO  o.e.r.instrumentation.EvoClassLoader - Keeping class: org.springframework.boot.autoconfigure.web.WebMvcProperties$Async
23:36:11.285 [main] INFO  o.e.r.instrumentation.EvoClassLoader - Seeing class for first time: org.springframework.web.servlet.mvc.method.annotation.ServletRequestDataBinderFactory
23:36:11.285 [main] INFO  o.e.r.instrumentation.EvoClassLoader - Instrumenting class 'org.springframework.web.servlet.mvc.method.annotation.ServletRequestDataBinderFactory'.
23:36:11.286 [main] INFO  o.e.r.i.MethodCallReplacementClassAdapter - Adding mock interface to class org/springframework/web/servlet/mvc/method/annotation/ServletRequestDataBinderFactory
23:36:11.287 [main] INFO  o.e.r.i.MethodCallReplacementClassAdapter - No hashCode defined for: org/springframework/web/servlet/mvc/method/annotation/ServletRequestDataBinderFactory, superclass = org.springframework.web.method.annotation.InitBinderDataBinderFactory
23:36:11.287 [main] INFO  o.e.r.i.CreateClassResetClassAdapter - Creating brand-new static initializer in class org/springframework/web/servlet/mvc/method/annotation/ServletRequestDataBinderFactory
23:36:11.287 [main] DEBUG o.e.r.agent.TransformerForTests - Going to instrument: org.springframework.web.servlet.mvc.method.annotation.ServletRequestDataBinderFactory
23:36:11.288 [main] INFO  o.e.r.i.MethodCallReplacementClassAdapter - No hashCode defined for: org/springframework/web/servlet/mvc/method/annotation/ServletRequestDataBinderFactory, superclass = org.springframework.web.method.annotation.InitBinderDataBinderFactory
23:36:11.288 [main] INFO  o.e.r.instrumentation.EvoClassLoader - Seeing class for first time: org.springframework.web.method.annotation.InitBinderDataBinderFactory
23:36:11.288 [main] INFO  o.e.r.instrumentation.EvoClassLoader - Instrumenting class 'org.springframework.web.method.annotation.InitBinderDataBinderFactory'.
23:36:11.289 [main] INFO  o.e.r.i.MethodCallReplacementClassAdapter - Adding mock interface to class org/springframework/web/method/annotation/InitBinderDataBinderFactory
23:36:11.290 [main] INFO  o.e.r.i.MethodCallReplacementClassAdapter - No hashCode defined for: org/springframework/web/method/annotation/InitBinderDataBinderFactory, superclass = org.springframework.web.bind.support.DefaultDataBinderFactory
23:36:11.290 [main] INFO  o.e.r.i.CreateClassResetClassAdapter - Creating brand-new static initializer in class org/springframework/web/method/annotation/InitBinderDataBinderFactory
23:36:11.291 [main] DEBUG o.e.r.agent.TransformerForTests - Going to instrument: org.springframework.web.method.annotation.InitBinderDataBinderFactory
23:36:11.294 [main] INFO  o.e.r.i.MethodCallReplacementClassAdapter - No hashCode defined for: org/springframework/web/method/annotation/InitBinderDataBinderFactory, superclass = org.springframework.web.bind.support.DefaultDataBinderFactory
23:36:11.295 [main] INFO  o.e.r.instrumentation.EvoClassLoader - Seeing class for first time: org.springframework.web.bind.support.DefaultDataBinderFactory
23:36:11.296 [main] INFO  o.e.r.instrumentation.EvoClassLoader - Instrumenting class 'org.springframework.web.bind.support.DefaultDataBinderFactory'.
23:36:11.297 [main] INFO  o.e.r.i.MethodCallReplacementClassAdapter - Adding mock interface to class org/springframework/web/bind/support/DefaultDataBinderFactory
23:36:11.297 [main] INFO  o.e.r.i.MethodCallReplacementClassAdapter - No hashCode defined for: org/springframework/web/bind/support/DefaultDataBinderFactory, superclass = java.lang.Object
23:36:11.297 [main] INFO  o.e.r.i.CreateClassResetClassAdapter - Creating brand-new static initializer in class org/springframework/web/bind/support/DefaultDataBinderFactory
23:36:11.297 [main] DEBUG o.e.r.agent.TransformerForTests - Going to instrument: org.springframework.web.bind.support.DefaultDataBinderFactory
23:36:11.298 [main] INFO  o.e.r.instrumentation.EvoClassLoader - Keeping class: org.springframework.web.bind.support.DefaultDataBinderFactory
23:36:11.298 [main] INFO  o.e.r.instrumentation.EvoClassLoader - Keeping class: org.springframework.web.method.annotation.InitBinderDataBinderFactory
23:36:11.298 [main] INFO  o.e.r.instrumentation.EvoClassLoader - Keeping class: org.springframework.web.servlet.mvc.method.annotation.ServletRequestDataBinderFactory
23:36:11.299 [main] INFO  o.e.r.instrumentation.EvoClassLoader - Seeing class for first time: org.springframework.web.bind.WebDataBinder
23:36:11.299 [main] INFO  o.e.r.instrumentation.EvoClassLoader - Instrumenting class 'org.springframework.web.bind.WebDataBinder'.
23:36:11.300 [main] INFO  o.e.r.i.MethodCallReplacementClassAdapter - Adding mock interface to class org/springframework/web/bind/WebDataBinder
23:36:11.301 [main] INFO  o.e.r.i.MethodCallReplacementClassAdapter - No hashCode defined for: org/springframework/web/bind/WebDataBinder, superclass = org.springframework.validation.DataBinder
23:36:11.301 [main] INFO  o.e.r.i.CreateClassResetClassAdapter - Creating brand-new static initializer in class org/springframework/web/bind/WebDataBinder
23:36:11.301 [main] INFO  o.e.r.i.CreateClassResetClassAdapter - Adding bytecode for initializing field DEFAULT_FIELD_MARKER_PREFIX
23:36:11.301 [main] INFO  o.e.r.i.CreateClassResetClassAdapter - Adding bytecode for initializing field DEFAULT_FIELD_DEFAULT_PREFIX
23:36:11.301 [main] DEBUG o.e.r.agent.TransformerForTests - Going to instrument: org.springframework.web.bind.WebDataBinder
23:36:11.302 [main] INFO  o.e.r.i.MethodCallReplacementClassAdapter - No hashCode defined for: org/springframework/web/bind/WebDataBinder, superclass = org.springframework.validation.DataBinder
23:36:11.302 [main] INFO  o.e.r.instrumentation.EvoClassLoader - Seeing class for first time: org.springframework.validation.DataBinder
23:36:11.302 [main] INFO  o.e.r.instrumentation.EvoClassLoader - Instrumenting class 'org.springframework.validation.DataBinder'.
23:36:11.304 [main] INFO  o.e.r.i.MethodCallReplacementClassAdapter - Adding mock interface to class org/springframework/validation/DataBinder
23:36:11.306 [main] INFO  o.e.r.i.CreateClassResetClassAdapter - Found static initializer in class org/springframework/validation/DataBinder
23:36:11.307 [main] INFO  o.e.r.i.MethodCallReplacementClassAdapter - No hashCode defined for: org/springframework/validation/DataBinder, superclass = java.lang.Object
23:36:11.307 [main] DEBUG o.e.r.agent.TransformerForTests - Going to instrument: org.springframework.validation.DataBinder
23:36:11.310 [main] INFO  o.e.r.i.CreateClassResetClassAdapter - Found static initializer in class org/springframework/validation/DataBinder
23:36:11.311 [main] INFO  o.e.r.instrumentation.EvoClassLoader - Seeing class for first time: org.springframework.beans.PropertyEditorRegistry
23:36:11.311 [main] INFO  o.e.r.instrumentation.EvoClassLoader - Instrumenting class 'org.springframework.beans.PropertyEditorRegistry'.
23:36:11.312 [main] DEBUG o.e.r.agent.TransformerForTests - Going to instrument: org.springframework.beans.PropertyEditorRegistry
23:36:11.312 [main] INFO  o.e.r.instrumentation.EvoClassLoader - Keeping class: org.springframework.beans.PropertyEditorRegistry
23:36:11.313 [main] INFO  o.e.r.instrumentation.EvoClassLoader - Seeing class for first time: org.springframework.beans.TypeConverter
23:36:11.313 [main] INFO  o.e.r.instrumentation.EvoClassLoader - Instrumenting class 'org.springframework.beans.TypeConverter'.
23:36:11.313 [main] DEBUG o.e.r.agent.TransformerForTests - Going to instrument: org.springframework.beans.TypeConverter
23:36:11.314 [main] INFO  o.e.r.instrumentation.EvoClassLoader - Keeping class: org.springframework.beans.TypeConverter
23:36:11.314 [main] INFO  o.e.r.instrumentation.EvoClassLoader - Error while loading class: java.lang.ClassFormatError: Duplicate method name&signature in class file org/springframework/validation/DataBinder
23:36:11.314 [main] INFO  o.e.r.instrumentation.EvoClassLoader - Error while loading class: java.lang.NoClassDefFoundError: org/springframework/validation/DataBinder
23:36:11.314 [main] ERROR o.e.r.c.ClassStateSupport - Could not initialize org.springframework.web.servlet.mvc.method.annotation.ServletRequestDataBinderFactory: org/springframework/web/bind/WebDataBinder
23:36:11.314 [main] INFO  o.e.r.instrumentation.EvoClassLoader - Seeing class for first time: org.springframework.core.SerializableTypeWrapper$MethodInvokeTypeProvider
23:36:11.314 [main] INFO  o.e.r.instrumentation.EvoClassLoader - Instrumenting class 'org.springframework.core.SerializableTypeWrapper$MethodInvokeTypeProvider'.
23:36:11.315 [main] INFO  o.e.r.i.MethodCallReplacementClassAdapter - Adding mock interface to class org/springframework/core/SerializableTypeWrapper$MethodInvokeTypeProvider
23:36:11.315 [main] INFO  o.e.r.i.MethodCallReplacementClassAdapter - No hashCode defined for: org/springframework/core/SerializableTypeWrapper$MethodInvokeTypeProvider, superclass = java.lang.Object
23:36:11.316 [main] INFO  o.e.r.i.CreateClassResetClassAdapter - Creating brand-new static initializer in class org/springframework/core/SerializableTypeWrapper$MethodInvokeTypeProvider
23:36:11.316 [main] DEBUG o.e.r.agent.TransformerForTests - Going to instrument: org.springframework.core.SerializableTypeWrapper$MethodInvokeTypeProvider
23:36:11.317 [main] INFO  o.e.r.instrumentation.EvoClassLoader - Keeping class: org.springframework.core.SerializableTypeWrapper$MethodInvokeTypeProvider
23:36:11.317 [main] INFO  o.e.r.instrumentation.EvoClassLoader - Seeing class for first time: org.springframework.web.servlet.mvc.method.annotation.ServletInvocableHandlerMethod
23:36:11.317 [main] INFO  o.e.r.instrumentation.EvoClassLoader - Instrumenting class 'org.springframework.web.servlet.mvc.method.annotation.ServletInvocableHandlerMethod'.
23:36:11.318 [main] INFO  o.e.r.i.MethodCallReplacementClassAdapter - Adding mock interface to class org/springframework/web/servlet/mvc/method/annotation/ServletInvocableHandlerMethod
23:36:11.319 [main] INFO  o.e.r.i.CreateClassResetClassAdapter - Found static initializer in class org/springframework/web/servlet/mvc/method/annotation/ServletInvocableHandlerMethod
23:36:11.319 [main] INFO  o.e.r.i.MethodCallReplacementClassAdapter - No hashCode defined for: org/springframework/web/servlet/mvc/method/annotation/ServletInvocableHandlerMethod, superclass = org.springframework.web.method.support.InvocableHandlerMethod
23:36:11.319 [main] DEBUG o.e.r.agent.TransformerForTests - Going to instrument: org.springframework.web.servlet.mvc.method.annotation.ServletInvocableHandlerMethod
23:36:11.320 [main] INFO  o.e.r.i.CreateClassResetClassAdapter - Found static initializer in class org/springframework/web/servlet/mvc/method/annotation/ServletInvocableHandlerMethod
23:36:11.320 [main] INFO  o.e.r.i.MethodCallReplacementClassAdapter - No hashCode defined for: org/springframework/web/servlet/mvc/method/annotation/ServletInvocableHandlerMethod, superclass = org.springframework.web.method.support.InvocableHandlerMethod
23:36:11.320 [main] INFO  o.e.r.instrumentation.EvoClassLoader - Error while loading class: java.lang.ClassFormatError: Duplicate method name&signature in class file org/springframework/web/servlet/mvc/method/annotation/ServletInvocableHandlerMethod
23:36:11.320 [main] ERROR o.e.r.c.ClassStateSupport - Could not initialize org.springframework.web.servlet.mvc.method.annotation.ServletInvocableHandlerMethod: Duplicate method name&signature in class file org/springframework/web/servlet/mvc/method/annotation/ServletInvocableHandlerMethod
23:36:11.320 [main] INFO  o.e.r.instrumentation.EvoClassLoader - Seeing class for first time: org.springframework.core.convert.converter.GenericConverter$ConvertiblePair
23:36:11.320 [main] INFO  o.e.r.instrumentation.EvoClassLoader - Instrumenting class 'org.springframework.core.convert.converter.GenericConverter$ConvertiblePair'.
23:36:11.321 [main] INFO  o.e.r.i.MethodCallReplacementClassAdapter - Adding mock interface to class org/springframework/core/convert/converter/GenericConverter$ConvertiblePair
23:36:11.322 [main] INFO  o.e.r.i.CreateClassResetClassAdapter - Creating brand-new static initializer in class org/springframework/core/convert/converter/GenericConverter$ConvertiblePair
23:36:11.322 [main] DEBUG o.e.r.agent.TransformerForTests - Going to instrument: org.springframework.core.convert.converter.GenericConverter$ConvertiblePair
23:36:11.323 [main] INFO  o.e.r.instrumentation.EvoClassLoader - Keeping class: org.springframework.core.convert.converter.GenericConverter$ConvertiblePair
23:36:11.324 [main] INFO  o.e.r.instrumentation.EvoClassLoader - Seeing class for first time: org.springframework.boot.autoconfigure.web.WebMvcAutoConfiguration$ResourceChainCustomizerConfiguration
23:36:11.324 [main] INFO  o.e.r.instrumentation.EvoClassLoader - Instrumenting class 'org.springframework.boot.autoconfigure.web.WebMvcAutoConfiguration$ResourceChainCustomizerConfiguration'.
23:36:11.325 [main] INFO  o.e.r.i.MethodCallReplacementClassAdapter - Adding mock interface to class org/springframework/boot/autoconfigure/web/WebMvcAutoConfiguration$ResourceChainCustomizerConfiguration
23:36:11.325 [main] INFO  o.e.r.i.MethodCallReplacementClassAdapter - No hashCode defined for: org/springframework/boot/autoconfigure/web/WebMvcAutoConfiguration$ResourceChainCustomizerConfiguration, superclass = java.lang.Object
23:36:11.326 [main] INFO  o.e.r.i.CreateClassResetClassAdapter - Creating brand-new static initializer in class org/springframework/boot/autoconfigure/web/WebMvcAutoConfiguration$ResourceChainCustomizerConfiguration
23:36:11.326 [main] DEBUG o.e.r.agent.TransformerForTests - Going to instrument: org.springframework.boot.autoconfigure.web.WebMvcAutoConfiguration$ResourceChainCustomizerConfiguration
23:36:11.326 [main] INFO  o.e.r.instrumentation.EvoClassLoader - Keeping class: org.springframework.boot.autoconfigure.web.WebMvcAutoConfiguration$ResourceChainCustomizerConfiguration
23:36:11.326 [main] INFO  o.e.r.instrumentation.EvoClassLoader - Seeing class for first time: org.springframework.core.convert.TypeDescriptor
23:36:11.327 [main] INFO  o.e.r.instrumentation.EvoClassLoader - Instrumenting class 'org.springframework.core.convert.TypeDescriptor'.
23:36:11.328 [main] INFO  o.e.r.i.MethodCallReplacementClassAdapter - Adding mock interface to class org/springframework/core/convert/TypeDescriptor
23:36:11.331 [main] INFO  o.e.r.i.CreateClassResetClassAdapter - Found static initializer in class org/springframework/core/convert/TypeDescriptor
23:36:11.332 [main] DEBUG o.e.r.agent.TransformerForTests - Going to instrument: org.springframework.core.convert.TypeDescriptor
23:36:11.336 [main] INFO  o.e.r.i.CreateClassResetClassAdapter - Found static initializer in class org/springframework/core/convert/TypeDescriptor
23:36:11.338 [main] INFO  o.e.r.instrumentation.EvoClassLoader - Error while loading class: java.lang.ClassFormatError: Duplicate method name&signature in class file org/springframework/core/convert/TypeDescriptor
23:36:11.338 [main] ERROR o.e.r.c.ClassStateSupport - Could not initialize org.springframework.core.convert.TypeDescriptor: Duplicate method name&signature in class file org/springframework/core/convert/TypeDescriptor
23:36:11.338 [main] INFO  o.e.r.instrumentation.EvoClassLoader - Seeing class for first time: org.springframework.web.servlet.mvc.HttpRequestHandlerAdapter
23:36:11.338 [main] INFO  o.e.r.instrumentation.EvoClassLoader - Instrumenting class 'org.springframework.web.servlet.mvc.HttpRequestHandlerAdapter'.
23:36:11.340 [main] INFO  o.e.r.i.MethodCallReplacementClassAdapter - Adding mock interface to class org/springframework/web/servlet/mvc/HttpRequestHandlerAdapter
23:36:11.340 [main] INFO  o.e.r.i.MethodCallReplacementClassAdapter - No hashCode defined for: org/springframework/web/servlet/mvc/HttpRequestHandlerAdapter, superclass = java.lang.Object
23:36:11.340 [main] INFO  o.e.r.i.CreateClassResetClassAdapter - Creating brand-new static initializer in class org/springframework/web/servlet/mvc/HttpRequestHandlerAdapter
23:36:11.342 [main] DEBUG o.e.r.agent.TransformerForTests - Going to instrument: org.springframework.web.servlet.mvc.HttpRequestHandlerAdapter
23:36:11.343 [main] INFO  o.e.r.instrumentation.EvoClassLoader - Keeping class: org.springframework.web.servlet.mvc.HttpRequestHandlerAdapter
23:36:11.343 [main] INFO  o.e.r.instrumentation.EvoClassLoader - Seeing class for first time: org.apache.commons.logging.impl.SLF4JLogFactory
23:36:11.343 [main] INFO  o.e.r.instrumentation.EvoClassLoader - Instrumenting class 'org.apache.commons.logging.impl.SLF4JLogFactory'.
23:36:11.344 [main] INFO  o.e.r.i.MethodCallReplacementClassAdapter - Adding mock interface to class org/apache/commons/logging/impl/SLF4JLogFactory
23:36:11.347 [main] INFO  o.e.r.i.MethodCallReplacementClassAdapter - No hashCode defined for: org/apache/commons/logging/impl/SLF4JLogFactory, superclass = org.apache.commons.logging.LogFactory
23:36:11.347 [main] INFO  o.e.r.i.CreateClassResetClassAdapter - Creating brand-new static initializer in class org/apache/commons/logging/impl/SLF4JLogFactory
23:36:11.347 [main] INFO  o.e.r.i.CreateClassResetClassAdapter - Adding bytecode for initializing field LOG_PROPERTY
23:36:11.347 [main] DEBUG o.e.r.agent.TransformerForTests - Going to instrument: org.apache.commons.logging.impl.SLF4JLogFactory
23:36:11.349 [main] INFO  o.e.r.i.MethodCallReplacementClassAdapter - No hashCode defined for: org/apache/commons/logging/impl/SLF4JLogFactory, superclass = org.apache.commons.logging.LogFactory
23:36:11.349 [main] INFO  o.e.r.instrumentation.EvoClassLoader - Seeing class for first time: org.apache.commons.logging.LogFactory
23:36:11.349 [main] INFO  o.e.r.instrumentation.EvoClassLoader - Instrumenting class 'org.apache.commons.logging.LogFactory'.
23:36:11.350 [main] INFO  o.e.r.i.MethodCallReplacementClassAdapter - Adding mock interface to class org/apache/commons/logging/LogFactory
23:36:11.350 [main] INFO  o.e.r.i.CreateClassResetClassAdapter - Found static initializer in class org/apache/commons/logging/LogFactory
23:36:11.350 [main] INFO  o.e.r.i.MethodCallReplacementClassAdapter - No hashCode defined for: org/apache/commons/logging/LogFactory, superclass = java.lang.Object
23:36:11.351 [main] DEBUG o.e.r.agent.TransformerForTests - Going to instrument: org.apache.commons.logging.LogFactory
23:36:11.351 [main] INFO  o.e.r.i.CreateClassResetClassAdapter - Found static initializer in class org/apache/commons/logging/LogFactory
23:36:11.352 [main] INFO  o.e.r.instrumentation.EvoClassLoader - Error while loading class: java.lang.ClassFormatError: Duplicate method name&signature in class file org/apache/commons/logging/LogFactory
23:36:11.352 [main] INFO  o.e.r.instrumentation.EvoClassLoader - Error while loading class: java.lang.NoClassDefFoundError: org/apache/commons/logging/LogFactory
23:36:11.352 [main] ERROR o.e.r.c.ClassStateSupport - Could not initialize org.apache.commons.logging.impl.SLF4JLogFactory: org/apache/commons/logging/LogFactory
23:36:11.352 [main] INFO  o.e.r.instrumentation.EvoClassLoader - Seeing class for first time: org.springframework.boot.context.web.OrderedRequestContextFilter
23:36:11.352 [main] INFO  o.e.r.instrumentation.EvoClassLoader - Instrumenting class 'org.springframework.boot.context.web.OrderedRequestContextFilter'.
23:36:11.353 [main] INFO  o.e.r.i.MethodCallReplacementClassAdapter - Adding mock interface to class org/springframework/boot/context/web/OrderedRequestContextFilter
23:36:11.353 [main] INFO  o.e.r.i.MethodCallReplacementClassAdapter - No hashCode defined for: org/springframework/boot/context/web/OrderedRequestContextFilter, superclass = org.springframework.web.filter.RequestContextFilter
23:36:11.353 [main] INFO  o.e.r.i.CreateClassResetClassAdapter - Creating brand-new static initializer in class org/springframework/boot/context/web/OrderedRequestContextFilter
23:36:11.353 [main] DEBUG o.e.r.agent.TransformerForTests - Going to instrument: org.springframework.boot.context.web.OrderedRequestContextFilter
23:36:11.353 [main] INFO  o.e.r.i.MethodCallReplacementClassAdapter - No hashCode defined for: org/springframework/boot/context/web/OrderedRequestContextFilter, superclass = org.springframework.web.filter.RequestContextFilter
23:36:11.354 [main] INFO  o.e.r.instrumentation.EvoClassLoader - Seeing class for first time: org.springframework.web.filter.RequestContextFilter
23:36:11.354 [main] INFO  o.e.r.instrumentation.EvoClassLoader - Instrumenting class 'org.springframework.web.filter.RequestContextFilter'.
23:36:11.354 [main] INFO  o.e.r.i.MethodCallReplacementClassAdapter - Adding mock interface to class org/springframework/web/filter/RequestContextFilter
23:36:11.355 [main] INFO  o.e.r.i.MethodCallReplacementClassAdapter - No hashCode defined for: org/springframework/web/filter/RequestContextFilter, superclass = org.springframework.web.filter.OncePerRequestFilter
23:36:11.355 [main] INFO  o.e.r.i.CreateClassResetClassAdapter - Creating brand-new static initializer in class org/springframework/web/filter/RequestContextFilter
23:36:11.355 [main] DEBUG o.e.r.agent.TransformerForTests - Going to instrument: org.springframework.web.filter.RequestContextFilter
23:36:11.355 [main] INFO  o.e.r.i.MethodCallReplacementClassAdapter - No hashCode defined for: org/springframework/web/filter/RequestContextFilter, superclass = org.springframework.web.filter.OncePerRequestFilter
23:36:11.355 [main] INFO  o.e.r.instrumentation.EvoClassLoader - Keeping class: org.springframework.web.filter.RequestContextFilter
23:36:11.356 [main] INFO  o.e.r.instrumentation.EvoClassLoader - Keeping class: org.springframework.boot.context.web.OrderedRequestContextFilter
23:36:11.356 [main] INFO  o.e.r.instrumentation.EvoClassLoader - Seeing class for first time: org.springframework.beans.BeansException
23:36:11.356 [main] INFO  o.e.r.instrumentation.EvoClassLoader - Instrumenting class 'org.springframework.beans.BeansException'.
23:36:11.356 [main] INFO  o.e.r.i.MethodCallReplacementClassAdapter - Adding mock interface to class org/springframework/beans/BeansException
23:36:11.356 [main] INFO  o.e.r.i.CreateClassResetClassAdapter - Creating brand-new static initializer in class org/springframework/beans/BeansException
23:36:11.356 [main] DEBUG o.e.r.agent.TransformerForTests - Going to instrument: org.springframework.beans.BeansException
23:36:11.357 [main] INFO  o.e.r.instrumentation.EvoClassLoader - Seeing class for first time: org.springframework.core.NestedRuntimeException
23:36:11.357 [main] INFO  o.e.r.instrumentation.EvoClassLoader - Instrumenting class 'org.springframework.core.NestedRuntimeException'.
23:36:11.357 [main] INFO  o.e.r.i.MethodCallReplacementClassAdapter - Adding mock interface to class org/springframework/core/NestedRuntimeException
23:36:11.358 [main] INFO  o.e.r.i.CreateClassResetClassAdapter - Found static initializer in class org/springframework/core/NestedRuntimeException
23:36:11.358 [main] INFO  o.e.r.i.MethodCallReplacementClassAdapter - No hashCode defined for: org/springframework/core/NestedRuntimeException, superclass = java.lang.RuntimeException
23:36:11.359 [main] DEBUG o.e.r.agent.TransformerForTests - Going to instrument: org.springframework.core.NestedRuntimeException
23:36:11.360 [main] INFO  o.e.r.i.CreateClassResetClassAdapter - Found static initializer in class org/springframework/core/NestedRuntimeException
23:36:11.360 [main] INFO  o.e.r.i.MethodCallReplacementClassAdapter - No hashCode defined for: org/springframework/core/NestedRuntimeException, superclass = org.evosuite.runtime.mock.java.lang.MockRuntimeException
23:36:11.360 [main] INFO  o.e.r.instrumentation.EvoClassLoader - Error while loading class: java.lang.ClassFormatError: Duplicate method name&signature in class file org/springframework/core/NestedRuntimeException
23:36:11.360 [main] INFO  o.e.r.instrumentation.EvoClassLoader - Error while loading class: java.lang.NoClassDefFoundError: org/springframework/core/NestedRuntimeException
23:36:11.360 [main] ERROR o.e.r.c.ClassStateSupport - Could not initialize org.springframework.boot.context.web.OrderedRequestContextFilter: org/springframework/beans/BeansException
23:36:11.361 [main] INFO  o.e.r.instrumentation.EvoClassLoader - Seeing class for first time: org.springframework.stereotype.Component
23:36:11.361 [main] INFO  o.e.r.instrumentation.EvoClassLoader - Instrumenting class 'org.springframework.stereotype.Component'.
23:36:11.361 [main] DEBUG o.e.r.agent.TransformerForTests - Going to instrument: org.springframework.stereotype.Component
23:36:11.362 [main] INFO  o.e.r.instrumentation.EvoClassLoader - Keeping class: org.springframework.stereotype.Component
23:36:11.362 [main] INFO  o.e.r.instrumentation.EvoClassLoader - Seeing class for first time: org.springframework.beans.factory.NoSuchBeanDefinitionException
23:36:11.362 [main] INFO  o.e.r.instrumentation.EvoClassLoader - Instrumenting class 'org.springframework.beans.factory.NoSuchBeanDefinitionException'.
23:36:11.363 [main] INFO  o.e.r.i.MethodCallReplacementClassAdapter - Adding mock interface to class org/springframework/beans/factory/NoSuchBeanDefinitionException
23:36:11.363 [main] INFO  o.e.r.i.MethodCallReplacementClassAdapter - No hashCode defined for: org/springframework/beans/factory/NoSuchBeanDefinitionException, superclass = org.springframework.beans.BeansException
23:36:11.363 [main] INFO  o.e.r.i.CreateClassResetClassAdapter - Creating brand-new static initializer in class org/springframework/beans/factory/NoSuchBeanDefinitionException
23:36:11.363 [main] DEBUG o.e.r.agent.TransformerForTests - Going to instrument: org.springframework.beans.factory.NoSuchBeanDefinitionException
23:36:11.364 [main] INFO  o.e.r.i.MethodCallReplacementClassAdapter - No hashCode defined for: org/springframework/beans/factory/NoSuchBeanDefinitionException, superclass = org.springframework.beans.BeansException
23:36:11.364 [main] INFO  o.e.r.instrumentation.EvoClassLoader - Seeing class for first time: org.springframework.beans.BeansException
23:36:11.364 [main] INFO  o.e.r.instrumentation.EvoClassLoader - Instrumenting class 'org.springframework.beans.BeansException'.
23:36:11.364 [main] INFO  o.e.r.i.MethodCallReplacementClassAdapter - Adding mock interface to class org/springframework/beans/BeansException
23:36:11.365 [main] INFO  o.e.r.i.CreateClassResetClassAdapter - Creating brand-new static initializer in class org/springframework/beans/BeansException
23:36:11.365 [main] DEBUG o.e.r.agent.TransformerForTests - Going to instrument: org.springframework.beans.BeansException
23:36:11.365 [main] INFO  o.e.r.instrumentation.EvoClassLoader - Seeing class for first time: org.springframework.core.NestedRuntimeException
23:36:11.365 [main] INFO  o.e.r.instrumentation.EvoClassLoader - Instrumenting class 'org.springframework.core.NestedRuntimeException'.
23:36:11.366 [main] INFO  o.e.r.i.MethodCallReplacementClassAdapter - Adding mock interface to class org/springframework/core/NestedRuntimeException
23:36:11.366 [main] INFO  o.e.r.i.CreateClassResetClassAdapter - Found static initializer in class org/springframework/core/NestedRuntimeException
23:36:11.367 [main] INFO  o.e.r.i.MethodCallReplacementClassAdapter - No hashCode defined for: org/springframework/core/NestedRuntimeException, superclass = java.lang.RuntimeException
23:36:11.367 [main] DEBUG o.e.r.agent.TransformerForTests - Going to instrument: org.springframework.core.NestedRuntimeException
23:36:11.368 [main] INFO  o.e.r.i.CreateClassResetClassAdapter - Found static initializer in class org/springframework/core/NestedRuntimeException
23:36:11.368 [main] INFO  o.e.r.i.MethodCallReplacementClassAdapter - No hashCode defined for: org/springframework/core/NestedRuntimeException, superclass = org.evosuite.runtime.mock.java.lang.MockRuntimeException
23:36:11.368 [main] INFO  o.e.r.instrumentation.EvoClassLoader - Error while loading class: java.lang.ClassFormatError: Duplicate method name&signature in class file org/springframework/core/NestedRuntimeException
23:36:11.368 [main] INFO  o.e.r.instrumentation.EvoClassLoader - Error while loading class: java.lang.NoClassDefFoundError: org/springframework/core/NestedRuntimeException
23:36:11.368 [main] INFO  o.e.r.instrumentation.EvoClassLoader - Error while loading class: java.lang.NoClassDefFoundError: org/springframework/beans/BeansException
23:36:11.368 [main] ERROR o.e.r.c.ClassStateSupport - Could not initialize org.springframework.beans.factory.NoSuchBeanDefinitionException: org/springframework/beans/BeansException
23:36:11.369 [main] INFO  o.e.r.instrumentation.EvoClassLoader - Seeing class for first time: org.springframework.core.convert.support.CollectionToStringConverter
23:36:11.369 [main] INFO  o.e.r.instrumentation.EvoClassLoader - Instrumenting class 'org.springframework.core.convert.support.CollectionToStringConverter'.
23:36:11.370 [main] INFO  o.e.r.i.MethodCallReplacementClassAdapter - Adding mock interface to class org/springframework/core/convert/support/CollectionToStringConverter
23:36:11.370 [main] INFO  o.e.r.i.MethodCallReplacementClassAdapter - No hashCode defined for: org/springframework/core/convert/support/CollectionToStringConverter, superclass = java.lang.Object
23:36:11.370 [main] INFO  o.e.r.i.CreateClassResetClassAdapter - Creating brand-new static initializer in class org/springframework/core/convert/support/CollectionToStringConverter
23:36:11.370 [main] INFO  o.e.r.i.CreateClassResetClassAdapter - Adding bytecode for initializing field DELIMITER
23:36:11.370 [main] DEBUG o.e.r.agent.TransformerForTests - Going to instrument: org.springframework.core.convert.support.CollectionToStringConverter
23:36:11.371 [main] INFO  o.e.r.instrumentation.EvoClassLoader - Keeping class: org.springframework.core.convert.support.CollectionToStringConverter
23:36:11.371 [main] INFO  o.e.r.instrumentation.EvoClassLoader - Seeing class for first time: org.springframework.util.ReflectionUtils$FieldFilter
23:36:11.371 [main] INFO  o.e.r.instrumentation.EvoClassLoader - Instrumenting class 'org.springframework.util.ReflectionUtils$FieldFilter'.
23:36:11.372 [main] DEBUG o.e.r.agent.TransformerForTests - Going to instrument: org.springframework.util.ReflectionUtils$FieldFilter
23:36:11.372 [main] INFO  o.e.r.instrumentation.EvoClassLoader - Keeping class: org.springframework.util.ReflectionUtils$FieldFilter
23:36:11.373 [main] INFO  o.e.r.instrumentation.EvoClassLoader - Seeing class for first time: org.springframework.web.servlet.config.annotation.WebMvcConfigurationSupport$EmptyHandlerMapping
23:36:11.373 [main] INFO  o.e.r.instrumentation.EvoClassLoader - Instrumenting class 'org.springframework.web.servlet.config.annotation.WebMvcConfigurationSupport$EmptyHandlerMapping'.
23:36:11.373 [main] INFO  o.e.r.i.MethodCallReplacementClassAdapter - Adding mock interface to class org/springframework/web/servlet/config/annotation/WebMvcConfigurationSupport$EmptyHandlerMapping
23:36:11.373 [main] INFO  o.e.r.i.MethodCallReplacementClassAdapter - No hashCode defined for: org/springframework/web/servlet/config/annotation/WebMvcConfigurationSupport$EmptyHandlerMapping, superclass = org.springframework.web.servlet.handler.AbstractHandlerMapping
23:36:11.373 [main] INFO  o.e.r.i.CreateClassResetClassAdapter - Creating brand-new static initializer in class org/springframework/web/servlet/config/annotation/WebMvcConfigurationSupport$EmptyHandlerMapping
23:36:11.374 [main] DEBUG o.e.r.agent.TransformerForTests - Going to instrument: org.springframework.web.servlet.config.annotation.WebMvcConfigurationSupport$EmptyHandlerMapping
23:36:11.374 [main] INFO  o.e.r.i.MethodCallReplacementClassAdapter - No hashCode defined for: org/springframework/web/servlet/config/annotation/WebMvcConfigurationSupport$EmptyHandlerMapping, superclass = org.springframework.web.servlet.handler.AbstractHandlerMapping
23:36:11.374 [main] INFO  o.e.r.instrumentation.EvoClassLoader - Keeping class: org.springframework.web.servlet.config.annotation.WebMvcConfigurationSupport$EmptyHandlerMapping
23:36:11.374 [main] INFO  o.e.r.instrumentation.EvoClassLoader - Seeing class for first time: org.springframework.context.ApplicationContextException
23:36:11.374 [main] INFO  o.e.r.instrumentation.EvoClassLoader - Instrumenting class 'org.springframework.context.ApplicationContextException'.
23:36:11.374 [main] INFO  o.e.r.i.MethodCallReplacementClassAdapter - Adding mock interface to class org/springframework/context/ApplicationContextException
23:36:11.375 [main] INFO  o.e.r.i.MethodCallReplacementClassAdapter - No hashCode defined for: org/springframework/context/ApplicationContextException, superclass = org.springframework.beans.FatalBeanException
23:36:11.375 [main] INFO  o.e.r.i.CreateClassResetClassAdapter - Creating brand-new static initializer in class org/springframework/context/ApplicationContextException
23:36:11.375 [main] DEBUG o.e.r.agent.TransformerForTests - Going to instrument: org.springframework.context.ApplicationContextException
23:36:11.375 [main] INFO  o.e.r.i.MethodCallReplacementClassAdapter - No hashCode defined for: org/springframework/context/ApplicationContextException, superclass = org.springframework.beans.FatalBeanException
23:36:11.375 [main] INFO  o.e.r.instrumentation.EvoClassLoader - Seeing class for first time: org.springframework.beans.FatalBeanException
23:36:11.375 [main] INFO  o.e.r.instrumentation.EvoClassLoader - Instrumenting class 'org.springframework.beans.FatalBeanException'.
23:36:11.375 [main] INFO  o.e.r.i.MethodCallReplacementClassAdapter - Adding mock interface to class org/springframework/beans/FatalBeanException
23:36:11.376 [main] INFO  o.e.r.i.MethodCallReplacementClassAdapter - No hashCode defined for: org/springframework/beans/FatalBeanException, superclass = org.springframework.beans.BeansException
23:36:11.376 [main] INFO  o.e.r.i.CreateClassResetClassAdapter - Creating brand-new static initializer in class org/springframework/beans/FatalBeanException
23:36:11.376 [main] DEBUG o.e.r.agent.TransformerForTests - Going to instrument: org.springframework.beans.FatalBeanException
23:36:11.376 [main] INFO  o.e.r.i.MethodCallReplacementClassAdapter - No hashCode defined for: org/springframework/beans/FatalBeanException, superclass = org.springframework.beans.BeansException
23:36:11.376 [main] INFO  o.e.r.instrumentation.EvoClassLoader - Seeing class for first time: org.springframework.beans.BeansException
23:36:11.376 [main] INFO  o.e.r.instrumentation.EvoClassLoader - Instrumenting class 'org.springframework.beans.BeansException'.
23:36:11.376 [main] INFO  o.e.r.i.MethodCallReplacementClassAdapter - Adding mock interface to class org/springframework/beans/BeansException
23:36:11.376 [main] INFO  o.e.r.i.CreateClassResetClassAdapter - Creating brand-new static initializer in class org/springframework/beans/BeansException
23:36:11.377 [main] DEBUG o.e.r.agent.TransformerForTests - Going to instrument: org.springframework.beans.BeansException
23:36:11.377 [main] INFO  o.e.r.instrumentation.EvoClassLoader - Seeing class for first time: org.springframework.core.NestedRuntimeException
23:36:11.377 [main] INFO  o.e.r.instrumentation.EvoClassLoader - Instrumenting class 'org.springframework.core.NestedRuntimeException'.
23:36:11.377 [main] INFO  o.e.r.i.MethodCallReplacementClassAdapter - Adding mock interface to class org/springframework/core/NestedRuntimeException
23:36:11.378 [main] INFO  o.e.r.i.CreateClassResetClassAdapter - Found static initializer in class org/springframework/core/NestedRuntimeException
23:36:11.378 [main] INFO  o.e.r.i.MethodCallReplacementClassAdapter - No hashCode defined for: org/springframework/core/NestedRuntimeException, superclass = java.lang.RuntimeException
23:36:11.378 [main] DEBUG o.e.r.agent.TransformerForTests - Going to instrument: org.springframework.core.NestedRuntimeException
23:36:11.379 [main] INFO  o.e.r.i.CreateClassResetClassAdapter - Found static initializer in class org/springframework/core/NestedRuntimeException
23:36:11.380 [main] INFO  o.e.r.i.MethodCallReplacementClassAdapter - No hashCode defined for: org/springframework/core/NestedRuntimeException, superclass = org.evosuite.runtime.mock.java.lang.MockRuntimeException
23:36:11.380 [main] INFO  o.e.r.instrumentation.EvoClassLoader - Error while loading class: java.lang.ClassFormatError: Duplicate method name&signature in class file org/springframework/core/NestedRuntimeException
23:36:11.380 [main] INFO  o.e.r.instrumentation.EvoClassLoader - Error while loading class: java.lang.NoClassDefFoundError: org/springframework/core/NestedRuntimeException
23:36:11.380 [main] INFO  o.e.r.instrumentation.EvoClassLoader - Error while loading class: java.lang.NoClassDefFoundError: org/springframework/beans/BeansException
23:36:11.380 [main] INFO  o.e.r.instrumentation.EvoClassLoader - Error while loading class: java.lang.NoClassDefFoundError: org/springframework/beans/FatalBeanException
23:36:11.381 [main] ERROR o.e.r.c.ClassStateSupport - Could not initialize org.springframework.web.servlet.config.annotation.WebMvcConfigurationSupport$EmptyHandlerMapping: org/springframework/context/ApplicationContextException
23:36:11.381 [main] INFO  o.e.r.instrumentation.EvoClassLoader - Seeing class for first time: com.fasterxml.jackson.databind.introspect.ClassIntrospector
23:36:11.381 [main] INFO  o.e.r.instrumentation.EvoClassLoader - Instrumenting class 'com.fasterxml.jackson.databind.introspect.ClassIntrospector'.
23:36:11.382 [main] INFO  o.e.r.i.MethodCallReplacementClassAdapter - Adding mock interface to class com/fasterxml/jackson/databind/introspect/ClassIntrospector
23:36:11.384 [main] INFO  o.e.r.i.MethodCallReplacementClassAdapter - No hashCode defined for: com/fasterxml/jackson/databind/introspect/ClassIntrospector, superclass = java.lang.Object
23:36:11.385 [main] INFO  o.e.r.i.CreateClassResetClassAdapter - Creating brand-new static initializer in class com/fasterxml/jackson/databind/introspect/ClassIntrospector
23:36:11.385 [main] DEBUG o.e.r.agent.TransformerForTests - Going to instrument: com.fasterxml.jackson.databind.introspect.ClassIntrospector
23:36:11.386 [main] INFO  o.e.r.instrumentation.EvoClassLoader - Keeping class: com.fasterxml.jackson.databind.introspect.ClassIntrospector
23:36:11.386 [main] INFO  o.e.r.instrumentation.EvoClassLoader - Seeing class for first time: org.springframework.web.servlet.resource.ResourceUrlProvider
23:36:11.386 [main] INFO  o.e.r.instrumentation.EvoClassLoader - Instrumenting class 'org.springframework.web.servlet.resource.ResourceUrlProvider'.
23:36:11.388 [main] INFO  o.e.r.i.MethodCallReplacementClassAdapter - Adding mock interface to class org/springframework/web/servlet/resource/ResourceUrlProvider
23:36:11.389 [main] INFO  o.e.r.i.MethodCallReplacementClassAdapter - No hashCode defined for: org/springframework/web/servlet/resource/ResourceUrlProvider, superclass = java.lang.Object
23:36:11.389 [main] INFO  o.e.r.i.CreateClassResetClassAdapter - Creating brand-new static initializer in class org/springframework/web/servlet/resource/ResourceUrlProvider
23:36:11.392 [main] DEBUG o.e.r.agent.TransformerForTests - Going to instrument: org.springframework.web.servlet.resource.ResourceUrlProvider
23:36:11.395 [main] INFO  o.e.r.instrumentation.EvoClassLoader - Seeing class for first time: org.springframework.context.ApplicationListener
23:36:11.395 [main] INFO  o.e.r.instrumentation.EvoClassLoader - Instrumenting class 'org.springframework.context.ApplicationListener'.
23:36:11.396 [main] DEBUG o.e.r.agent.TransformerForTests - Going to instrument: org.springframework.context.ApplicationListener
23:36:11.397 [main] INFO  o.e.r.instrumentation.EvoClassLoader - Keeping class: org.springframework.context.ApplicationListener
23:36:11.397 [main] INFO  o.e.r.instrumentation.EvoClassLoader - Keeping class: org.springframework.web.servlet.resource.ResourceUrlProvider
23:36:11.397 [main] INFO  o.e.r.instrumentation.EvoClassLoader - Seeing class for first time: org.springframework.web.servlet.resource.ResourceResolverChain
23:36:11.397 [main] INFO  o.e.r.instrumentation.EvoClassLoader - Instrumenting class 'org.springframework.web.servlet.resource.ResourceResolverChain'.
23:36:11.398 [main] DEBUG o.e.r.agent.TransformerForTests - Going to instrument: org.springframework.web.servlet.resource.ResourceResolverChain
23:36:11.399 [main] INFO  o.e.r.instrumentation.EvoClassLoader - Keeping class: org.springframework.web.servlet.resource.ResourceResolverChain
23:36:11.399 [main] INFO  o.e.r.instrumentation.EvoClassLoader - Seeing class for first time: com.fasterxml.jackson.databind.JsonSerializable$Base
23:36:11.399 [main] INFO  o.e.r.instrumentation.EvoClassLoader - Instrumenting class 'com.fasterxml.jackson.databind.JsonSerializable$Base'.
23:36:11.400 [main] INFO  o.e.r.i.MethodCallReplacementClassAdapter - Adding mock interface to class com/fasterxml/jackson/databind/JsonSerializable$Base
23:36:11.400 [main] INFO  o.e.r.i.MethodCallReplacementClassAdapter - No hashCode defined for: com/fasterxml/jackson/databind/JsonSerializable$Base, superclass = java.lang.Object
23:36:11.400 [main] INFO  o.e.r.i.CreateClassResetClassAdapter - Creating brand-new static initializer in class com/fasterxml/jackson/databind/JsonSerializable$Base
23:36:11.401 [main] DEBUG o.e.r.agent.TransformerForTests - Going to instrument: com.fasterxml.jackson.databind.JsonSerializable$Base
23:36:11.401 [main] INFO  o.e.r.instrumentation.EvoClassLoader - Keeping class: com.fasterxml.jackson.databind.JsonSerializable$Base
23:36:11.401 [main] INFO  o.e.r.instrumentation.EvoClassLoader - Seeing class for first time: org.springframework.web.servlet.config.annotation.ResourceHandlerRegistration
23:36:11.404 [main] INFO  o.e.r.instrumentation.EvoClassLoader - Instrumenting class 'org.springframework.web.servlet.config.annotation.ResourceHandlerRegistration'.
23:36:11.405 [main] INFO  o.e.r.i.MethodCallReplacementClassAdapter - Adding mock interface to class org/springframework/web/servlet/config/annotation/ResourceHandlerRegistration
23:36:11.405 [main] INFO  o.e.r.i.MethodCallReplacementClassAdapter - No hashCode defined for: org/springframework/web/servlet/config/annotation/ResourceHandlerRegistration, superclass = java.lang.Object
23:36:11.405 [main] INFO  o.e.r.i.CreateClassResetClassAdapter - Creating brand-new static initializer in class org/springframework/web/servlet/config/annotation/ResourceHandlerRegistration
23:36:11.405 [main] DEBUG o.e.r.agent.TransformerForTests - Going to instrument: org.springframework.web.servlet.config.annotation.ResourceHandlerRegistration
23:36:11.406 [main] INFO  o.e.r.instrumentation.EvoClassLoader - Keeping class: org.springframework.web.servlet.config.annotation.ResourceHandlerRegistration
23:36:11.407 [main] INFO  o.e.r.instrumentation.EvoClassLoader - Seeing class for first time: org.springframework.web.servlet.LocaleResolver
23:36:11.407 [main] INFO  o.e.r.instrumentation.EvoClassLoader - Instrumenting class 'org.springframework.web.servlet.LocaleResolver'.
23:36:11.408 [main] DEBUG o.e.r.agent.TransformerForTests - Going to instrument: org.springframework.web.servlet.LocaleResolver
23:36:11.408 [main] INFO  o.e.r.instrumentation.EvoClassLoader - Keeping class: org.springframework.web.servlet.LocaleResolver
23:36:11.408 [main] INFO  o.e.r.instrumentation.EvoClassLoader - Seeing class for first time: org.springframework.http.converter.HttpMessageNotWritableException
23:36:11.408 [main] INFO  o.e.r.instrumentation.EvoClassLoader - Instrumenting class 'org.springframework.http.converter.HttpMessageNotWritableException'.
23:36:11.408 [main] INFO  o.e.r.i.MethodCallReplacementClassAdapter - Adding mock interface to class org/springframework/http/converter/HttpMessageNotWritableException
23:36:11.409 [main] INFO  o.e.r.i.MethodCallReplacementClassAdapter - No hashCode defined for: org/springframework/http/converter/HttpMessageNotWritableException, superclass = org.springframework.http.converter.HttpMessageConversionException
23:36:11.409 [main] INFO  o.e.r.i.CreateClassResetClassAdapter - Creating brand-new static initializer in class org/springframework/http/converter/HttpMessageNotWritableException
23:36:11.409 [main] DEBUG o.e.r.agent.TransformerForTests - Going to instrument: org.springframework.http.converter.HttpMessageNotWritableException
23:36:11.409 [main] INFO  o.e.r.i.MethodCallReplacementClassAdapter - No hashCode defined for: org/springframework/http/converter/HttpMessageNotWritableException, superclass = org.springframework.http.converter.HttpMessageConversionException
23:36:11.409 [main] INFO  o.e.r.instrumentation.EvoClassLoader - Seeing class for first time: org.springframework.http.converter.HttpMessageConversionException
23:36:11.409 [main] INFO  o.e.r.instrumentation.EvoClassLoader - Instrumenting class 'org.springframework.http.converter.HttpMessageConversionException'.
23:36:11.410 [main] INFO  o.e.r.i.MethodCallReplacementClassAdapter - Adding mock interface to class org/springframework/http/converter/HttpMessageConversionException
23:36:11.410 [main] INFO  o.e.r.i.MethodCallReplacementClassAdapter - No hashCode defined for: org/springframework/http/converter/HttpMessageConversionException, superclass = org.springframework.core.NestedRuntimeException
23:36:11.410 [main] INFO  o.e.r.i.CreateClassResetClassAdapter - Creating brand-new static initializer in class org/springframework/http/converter/HttpMessageConversionException
23:36:11.410 [main] DEBUG o.e.r.agent.TransformerForTests - Going to instrument: org.springframework.http.converter.HttpMessageConversionException
23:36:11.410 [main] INFO  o.e.r.i.MethodCallReplacementClassAdapter - No hashCode defined for: org/springframework/http/converter/HttpMessageConversionException, superclass = org.springframework.core.NestedRuntimeException
23:36:11.410 [main] INFO  o.e.r.instrumentation.EvoClassLoader - Seeing class for first time: org.springframework.core.NestedRuntimeException
23:36:11.410 [main] INFO  o.e.r.instrumentation.EvoClassLoader - Instrumenting class 'org.springframework.core.NestedRuntimeException'.
23:36:11.411 [main] INFO  o.e.r.i.MethodCallReplacementClassAdapter - Adding mock interface to class org/springframework/core/NestedRuntimeException
23:36:11.412 [main] INFO  o.e.r.i.CreateClassResetClassAdapter - Found static initializer in class org/springframework/core/NestedRuntimeException
23:36:11.412 [main] INFO  o.e.r.i.MethodCallReplacementClassAdapter - No hashCode defined for: org/springframework/core/NestedRuntimeException, superclass = java.lang.RuntimeException
23:36:11.412 [main] DEBUG o.e.r.agent.TransformerForTests - Going to instrument: org.springframework.core.NestedRuntimeException
23:36:11.413 [main] INFO  o.e.r.i.CreateClassResetClassAdapter - Found static initializer in class org/springframework/core/NestedRuntimeException
23:36:11.413 [main] INFO  o.e.r.i.MethodCallReplacementClassAdapter - No hashCode defined for: org/springframework/core/NestedRuntimeException, superclass = org.evosuite.runtime.mock.java.lang.MockRuntimeException
23:36:11.414 [main] INFO  o.e.r.instrumentation.EvoClassLoader - Error while loading class: java.lang.ClassFormatError: Duplicate method name&signature in class file org/springframework/core/NestedRuntimeException
23:36:11.414 [main] INFO  o.e.r.instrumentation.EvoClassLoader - Error while loading class: java.lang.NoClassDefFoundError: org/springframework/core/NestedRuntimeException
23:36:11.414 [main] INFO  o.e.r.instrumentation.EvoClassLoader - Error while loading class: java.lang.NoClassDefFoundError: org/springframework/http/converter/HttpMessageConversionException
23:36:11.414 [main] ERROR o.e.r.c.ClassStateSupport - Could not initialize org.springframework.http.converter.HttpMessageNotWritableException: org/springframework/http/converter/HttpMessageConversionException
23:36:11.414 [main] INFO  o.e.r.instrumentation.EvoClassLoader - Seeing class for first time: org.springframework.http.CacheControl
23:36:11.414 [main] INFO  o.e.r.instrumentation.EvoClassLoader - Instrumenting class 'org.springframework.http.CacheControl'.
23:36:11.415 [main] INFO  o.e.r.i.MethodCallReplacementClassAdapter - Adding mock interface to class org/springframework/http/CacheControl
23:36:11.415 [main] INFO  o.e.r.i.MethodCallReplacementClassAdapter - No hashCode defined for: org/springframework/http/CacheControl, superclass = java.lang.Object
23:36:11.415 [main] INFO  o.e.r.i.CreateClassResetClassAdapter - Creating brand-new static initializer in class org/springframework/http/CacheControl
23:36:11.415 [main] DEBUG o.e.r.agent.TransformerForTests - Going to instrument: org.springframework.http.CacheControl
23:36:11.416 [main] INFO  o.e.r.instrumentation.EvoClassLoader - Keeping class: org.springframework.http.CacheControl
23:36:11.416 [main] INFO  o.e.r.instrumentation.EvoClassLoader - Seeing class for first time: com.fasterxml.jackson.databind.node.TreeTraversingParser
23:36:11.416 [main] INFO  o.e.r.instrumentation.EvoClassLoader - Instrumenting class 'com.fasterxml.jackson.databind.node.TreeTraversingParser'.
23:36:11.418 [main] INFO  o.e.r.i.MethodCallReplacementClassAdapter - Adding mock interface to class com/fasterxml/jackson/databind/node/TreeTraversingParser
23:36:11.419 [main] INFO  o.e.r.i.MethodCallReplacementClassAdapter - No hashCode defined for: com/fasterxml/jackson/databind/node/TreeTraversingParser, superclass = com.fasterxml.jackson.core.base.ParserMinimalBase
23:36:11.419 [main] INFO  o.e.r.i.CreateClassResetClassAdapter - Creating brand-new static initializer in class com/fasterxml/jackson/databind/node/TreeTraversingParser
23:36:11.419 [main] DEBUG o.e.r.agent.TransformerForTests - Going to instrument: com.fasterxml.jackson.databind.node.TreeTraversingParser
23:36:11.420 [main] INFO  o.e.r.i.MethodCallReplacementClassAdapter - No hashCode defined for: com/fasterxml/jackson/databind/node/TreeTraversingParser, superclass = com.fasterxml.jackson.core.base.ParserMinimalBase
23:36:11.421 [main] INFO  o.e.r.instrumentation.EvoClassLoader - Keeping class: com.fasterxml.jackson.databind.node.TreeTraversingParser
23:36:11.421 [main] INFO  o.e.r.instrumentation.EvoClassLoader - Seeing class for first time: com.fasterxml.jackson.databind.node.NodeCursor
23:36:11.421 [main] INFO  o.e.r.instrumentation.EvoClassLoader - Instrumenting class 'com.fasterxml.jackson.databind.node.NodeCursor'.
23:36:11.422 [main] INFO  o.e.r.i.MethodCallReplacementClassAdapter - Adding mock interface to class com/fasterxml/jackson/databind/node/NodeCursor
23:36:11.423 [main] INFO  o.e.r.i.MethodCallReplacementClassAdapter - No hashCode defined for: com/fasterxml/jackson/databind/node/NodeCursor, superclass = com.fasterxml.jackson.core.JsonStreamContext
23:36:11.423 [main] INFO  o.e.r.i.CreateClassResetClassAdapter - Creating brand-new static initializer in class com/fasterxml/jackson/databind/node/NodeCursor
23:36:11.423 [main] DEBUG o.e.r.agent.TransformerForTests - Going to instrument: com.fasterxml.jackson.databind.node.NodeCursor
23:36:11.424 [main] INFO  o.e.r.i.MethodCallReplacementClassAdapter - No hashCode defined for: com/fasterxml/jackson/databind/node/NodeCursor, superclass = com.fasterxml.jackson.core.JsonStreamContext
23:36:11.425 [main] INFO  o.e.r.instrumentation.EvoClassLoader - Seeing class for first time: com.fasterxml.jackson.core.JsonStreamContext
23:36:11.425 [main] INFO  o.e.r.instrumentation.EvoClassLoader - Instrumenting class 'com.fasterxml.jackson.core.JsonStreamContext'.
23:36:11.425 [main] INFO  o.e.r.i.MethodCallReplacementClassAdapter - Adding mock interface to class com/fasterxml/jackson/core/JsonStreamContext
23:36:11.426 [main] INFO  o.e.r.i.MethodCallReplacementClassAdapter - No hashCode defined for: com/fasterxml/jackson/core/JsonStreamContext, superclass = java.lang.Object
23:36:11.426 [main] INFO  o.e.r.i.CreateClassResetClassAdapter - Creating brand-new static initializer in class com/fasterxml/jackson/core/JsonStreamContext
23:36:11.426 [main] INFO  o.e.r.i.CreateClassResetClassAdapter - Adding bytecode for initializing field TYPE_ROOT
23:36:11.426 [main] INFO  o.e.r.i.CreateClassResetClassAdapter - Adding bytecode for initializing field TYPE_ARRAY
23:36:11.426 [main] INFO  o.e.r.i.CreateClassResetClassAdapter - Adding bytecode for initializing field TYPE_OBJECT
23:36:11.426 [main] DEBUG o.e.r.agent.TransformerForTests - Going to instrument: com.fasterxml.jackson.core.JsonStreamContext
23:36:11.426 [main] INFO  o.e.r.instrumentation.EvoClassLoader - Keeping class: com.fasterxml.jackson.core.JsonStreamContext
23:36:11.426 [main] INFO  o.e.r.instrumentation.EvoClassLoader - Keeping class: com.fasterxml.jackson.databind.node.NodeCursor
23:36:11.426 [main] INFO  o.e.r.instrumentation.EvoClassLoader - Seeing class for first time: com.fasterxml.jackson.databind.node.NodeCursor$ArrayCursor
23:36:11.426 [main] INFO  o.e.r.instrumentation.EvoClassLoader - Instrumenting class 'com.fasterxml.jackson.databind.node.NodeCursor$ArrayCursor'.
23:36:11.427 [main] INFO  o.e.r.i.MethodCallReplacementClassAdapter - Adding mock interface to class com/fasterxml/jackson/databind/node/NodeCursor$ArrayCursor
23:36:11.427 [main] INFO  o.e.r.i.MethodCallReplacementClassAdapter - No hashCode defined for: com/fasterxml/jackson/databind/node/NodeCursor$ArrayCursor, superclass = com.fasterxml.jackson.databind.node.NodeCursor
23:36:11.427 [main] INFO  o.e.r.i.CreateClassResetClassAdapter - Creating brand-new static initializer in class com/fasterxml/jackson/databind/node/NodeCursor$ArrayCursor
23:36:11.427 [main] DEBUG o.e.r.agent.TransformerForTests - Going to instrument: com.fasterxml.jackson.databind.node.NodeCursor$ArrayCursor
23:36:11.428 [main] INFO  o.e.r.i.MethodCallReplacementClassAdapter - No hashCode defined for: com/fasterxml/jackson/databind/node/NodeCursor$ArrayCursor, superclass = com.fasterxml.jackson.databind.node.NodeCursor
23:36:11.428 [main] INFO  o.e.r.instrumentation.EvoClassLoader - Keeping class: com.fasterxml.jackson.databind.node.NodeCursor$ArrayCursor
23:36:11.428 [main] INFO  o.e.r.instrumentation.EvoClassLoader - Seeing class for first time: com.fasterxml.jackson.databind.node.NodeCursor$ObjectCursor
23:36:11.428 [main] INFO  o.e.r.instrumentation.EvoClassLoader - Instrumenting class 'com.fasterxml.jackson.databind.node.NodeCursor$ObjectCursor'.
23:36:11.429 [main] INFO  o.e.r.i.MethodCallReplacementClassAdapter - Adding mock interface to class com/fasterxml/jackson/databind/node/NodeCursor$ObjectCursor
23:36:11.429 [main] INFO  o.e.r.i.MethodCallReplacementClassAdapter - No hashCode defined for: com/fasterxml/jackson/databind/node/NodeCursor$ObjectCursor, superclass = com.fasterxml.jackson.databind.node.NodeCursor
23:36:11.429 [main] INFO  o.e.r.i.CreateClassResetClassAdapter - Creating brand-new static initializer in class com/fasterxml/jackson/databind/node/NodeCursor$ObjectCursor
23:36:11.429 [main] DEBUG o.e.r.agent.TransformerForTests - Going to instrument: com.fasterxml.jackson.databind.node.NodeCursor$ObjectCursor
23:36:11.430 [main] INFO  o.e.r.i.MethodCallReplacementClassAdapter - No hashCode defined for: com/fasterxml/jackson/databind/node/NodeCursor$ObjectCursor, superclass = com.fasterxml.jackson.databind.node.NodeCursor
23:36:11.430 [main] INFO  o.e.r.instrumentation.EvoClassLoader - Keeping class: com.fasterxml.jackson.databind.node.NodeCursor$ObjectCursor
23:36:11.430 [main] INFO  o.e.r.instrumentation.EvoClassLoader - Seeing class for first time: com.fasterxml.jackson.databind.node.NodeCursor$RootCursor
23:36:11.430 [main] INFO  o.e.r.instrumentation.EvoClassLoader - Instrumenting class 'com.fasterxml.jackson.databind.node.NodeCursor$RootCursor'.
23:36:11.430 [main] INFO  o.e.r.i.MethodCallReplacementClassAdapter - Adding mock interface to class com/fasterxml/jackson/databind/node/NodeCursor$RootCursor
23:36:11.431 [main] INFO  o.e.r.i.MethodCallReplacementClassAdapter - No hashCode defined for: com/fasterxml/jackson/databind/node/NodeCursor$RootCursor, superclass = com.fasterxml.jackson.databind.node.NodeCursor
23:36:11.431 [main] INFO  o.e.r.i.CreateClassResetClassAdapter - Creating brand-new static initializer in class com/fasterxml/jackson/databind/node/NodeCursor$RootCursor
23:36:11.431 [main] DEBUG o.e.r.agent.TransformerForTests - Going to instrument: com.fasterxml.jackson.databind.node.NodeCursor$RootCursor
23:36:11.431 [main] INFO  o.e.r.i.MethodCallReplacementClassAdapter - No hashCode defined for: com/fasterxml/jackson/databind/node/NodeCursor$RootCursor, superclass = com.fasterxml.jackson.databind.node.NodeCursor
23:36:11.431 [main] INFO  o.e.r.instrumentation.EvoClassLoader - Keeping class: com.fasterxml.jackson.databind.node.NodeCursor$RootCursor
23:36:11.432 [main] INFO  o.e.r.instrumentation.EvoClassLoader - Seeing class for first time: org.springframework.beans.factory.BeanInitializationException
23:36:11.432 [main] INFO  o.e.r.instrumentation.EvoClassLoader - Instrumenting class 'org.springframework.beans.factory.BeanInitializationException'.
23:36:11.432 [main] INFO  o.e.r.i.MethodCallReplacementClassAdapter - Adding mock interface to class org/springframework/beans/factory/BeanInitializationException
23:36:11.433 [main] INFO  o.e.r.i.MethodCallReplacementClassAdapter - No hashCode defined for: org/springframework/beans/factory/BeanInitializationException, superclass = org.springframework.beans.FatalBeanException
23:36:11.433 [main] INFO  o.e.r.i.CreateClassResetClassAdapter - Creating brand-new static initializer in class org/springframework/beans/factory/BeanInitializationException
23:36:11.433 [main] DEBUG o.e.r.agent.TransformerForTests - Going to instrument: org.springframework.beans.factory.BeanInitializationException
23:36:11.433 [main] INFO  o.e.r.i.MethodCallReplacementClassAdapter - No hashCode defined for: org/springframework/beans/factory/BeanInitializationException, superclass = org.springframework.beans.FatalBeanException
23:36:11.433 [main] INFO  o.e.r.instrumentation.EvoClassLoader - Seeing class for first time: org.springframework.beans.FatalBeanException
23:36:11.433 [main] INFO  o.e.r.instrumentation.EvoClassLoader - Instrumenting class 'org.springframework.beans.FatalBeanException'.
23:36:11.433 [main] INFO  o.e.r.i.MethodCallReplacementClassAdapter - Adding mock interface to class org/springframework/beans/FatalBeanException
23:36:11.433 [main] INFO  o.e.r.i.MethodCallReplacementClassAdapter - No hashCode defined for: org/springframework/beans/FatalBeanException, superclass = org.springframework.beans.BeansException
23:36:11.433 [main] INFO  o.e.r.i.CreateClassResetClassAdapter - Creating brand-new static initializer in class org/springframework/beans/FatalBeanException
23:36:11.433 [main] DEBUG o.e.r.agent.TransformerForTests - Going to instrument: org.springframework.beans.FatalBeanException
23:36:11.434 [main] INFO  o.e.r.i.MethodCallReplacementClassAdapter - No hashCode defined for: org/springframework/beans/FatalBeanException, superclass = org.springframework.beans.BeansException
23:36:11.434 [main] INFO  o.e.r.instrumentation.EvoClassLoader - Seeing class for first time: org.springframework.beans.BeansException
23:36:11.434 [main] INFO  o.e.r.instrumentation.EvoClassLoader - Instrumenting class 'org.springframework.beans.BeansException'.
23:36:11.434 [main] INFO  o.e.r.i.MethodCallReplacementClassAdapter - Adding mock interface to class org/springframework/beans/BeansException
23:36:11.434 [main] INFO  o.e.r.i.CreateClassResetClassAdapter - Creating brand-new static initializer in class org/springframework/beans/BeansException
23:36:11.435 [main] DEBUG o.e.r.agent.TransformerForTests - Going to instrument: org.springframework.beans.BeansException
23:36:11.435 [main] INFO  o.e.r.instrumentation.EvoClassLoader - Seeing class for first time: org.springframework.core.NestedRuntimeException
23:36:11.435 [main] INFO  o.e.r.instrumentation.EvoClassLoader - Instrumenting class 'org.springframework.core.NestedRuntimeException'.
23:36:11.435 [main] INFO  o.e.r.i.MethodCallReplacementClassAdapter - Adding mock interface to class org/springframework/core/NestedRuntimeException
23:36:11.436 [main] INFO  o.e.r.i.CreateClassResetClassAdapter - Found static initializer in class org/springframework/core/NestedRuntimeException
23:36:11.436 [main] INFO  o.e.r.i.MethodCallReplacementClassAdapter - No hashCode defined for: org/springframework/core/NestedRuntimeException, superclass = java.lang.RuntimeException
23:36:11.436 [main] DEBUG o.e.r.agent.TransformerForTests - Going to instrument: org.springframework.core.NestedRuntimeException
23:36:11.437 [main] INFO  o.e.r.i.CreateClassResetClassAdapter - Found static initializer in class org/springframework/core/NestedRuntimeException
23:36:11.437 [main] INFO  o.e.r.i.MethodCallReplacementClassAdapter - No hashCode defined for: org/springframework/core/NestedRuntimeException, superclass = org.evosuite.runtime.mock.java.lang.MockRuntimeException
23:36:11.437 [main] INFO  o.e.r.instrumentation.EvoClassLoader - Error while loading class: java.lang.ClassFormatError: Duplicate method name&signature in class file org/springframework/core/NestedRuntimeException
23:36:11.437 [main] INFO  o.e.r.instrumentation.EvoClassLoader - Error while loading class: java.lang.NoClassDefFoundError: org/springframework/core/NestedRuntimeException
23:36:11.438 [main] INFO  o.e.r.instrumentation.EvoClassLoader - Error while loading class: java.lang.NoClassDefFoundError: org/springframework/beans/BeansException
23:36:11.438 [main] INFO  o.e.r.instrumentation.EvoClassLoader - Error while loading class: java.lang.NoClassDefFoundError: org/springframework/beans/FatalBeanException
23:36:11.438 [main] ERROR o.e.r.c.ClassStateSupport - Could not initialize org.springframework.beans.factory.BeanInitializationException: org/springframework/beans/FatalBeanException
23:36:11.438 [main] INFO  o.e.r.instrumentation.EvoClassLoader - Seeing class for first time: org.springframework.context.ApplicationEventPublisher
23:36:11.438 [main] INFO  o.e.r.instrumentation.EvoClassLoader - Instrumenting class 'org.springframework.context.ApplicationEventPublisher'.
23:36:11.438 [main] DEBUG o.e.r.agent.TransformerForTests - Going to instrument: org.springframework.context.ApplicationEventPublisher
23:36:11.439 [main] INFO  o.e.r.instrumentation.EvoClassLoader - Keeping class: org.springframework.context.ApplicationEventPublisher
23:36:11.439 [main] INFO  o.e.r.instrumentation.EvoClassLoader - Seeing class for first time: org.springframework.core.task.TaskExecutor
23:36:11.439 [main] INFO  o.e.r.instrumentation.EvoClassLoader - Instrumenting class 'org.springframework.core.task.TaskExecutor'.
23:36:11.440 [main] DEBUG o.e.r.agent.TransformerForTests - Going to instrument: org.springframework.core.task.TaskExecutor
23:36:11.440 [main] INFO  o.e.r.instrumentation.EvoClassLoader - Keeping class: org.springframework.core.task.TaskExecutor
23:36:11.440 [main] INFO  o.e.r.instrumentation.EvoClassLoader - Seeing class for first time: org.springframework.validation.beanvalidation.LocalValidatorFactoryBean
23:36:11.440 [main] INFO  o.e.r.instrumentation.EvoClassLoader - Instrumenting class 'org.springframework.validation.beanvalidation.LocalValidatorFactoryBean'.
23:36:11.441 [main] INFO  o.e.r.i.MethodCallReplacementClassAdapter - Adding mock interface to class org/springframework/validation/beanvalidation/LocalValidatorFactoryBean
23:36:11.444 [main] INFO  o.e.r.i.CreateClassResetClassAdapter - Found static initializer in class org/springframework/validation/beanvalidation/LocalValidatorFactoryBean
23:36:11.444 [main] INFO  o.e.r.i.MethodCallReplacementClassAdapter - No hashCode defined for: org/springframework/validation/beanvalidation/LocalValidatorFactoryBean, superclass = org.springframework.validation.beanvalidation.SpringValidatorAdapter
23:36:11.444 [main] DEBUG o.e.r.agent.TransformerForTests - Going to instrument: org.springframework.validation.beanvalidation.LocalValidatorFactoryBean
23:36:11.447 [main] INFO  o.e.r.i.CreateClassResetClassAdapter - Found static initializer in class org/springframework/validation/beanvalidation/LocalValidatorFactoryBean
23:36:11.447 [main] INFO  o.e.r.i.MethodCallReplacementClassAdapter - No hashCode defined for: org/springframework/validation/beanvalidation/LocalValidatorFactoryBean, superclass = org.springframework.validation.beanvalidation.SpringValidatorAdapter
23:36:11.448 [main] INFO  o.e.r.instrumentation.EvoClassLoader - Error while loading class: java.lang.ClassFormatError: Duplicate method name&signature in class file org/springframework/validation/beanvalidation/LocalValidatorFactoryBean
23:36:11.448 [main] ERROR o.e.r.c.ClassStateSupport - Could not initialize org.springframework.validation.beanvalidation.LocalValidatorFactoryBean: Duplicate method name&signature in class file org/springframework/validation/beanvalidation/LocalValidatorFactoryBean
23:36:11.448 [main] INFO  o.e.r.instrumentation.EvoClassLoader - Seeing class for first time: org.springframework.core.task.SimpleAsyncTaskExecutor$ConcurrencyThrottlingRunnable
23:36:11.448 [main] INFO  o.e.r.instrumentation.EvoClassLoader - Instrumenting class 'org.springframework.core.task.SimpleAsyncTaskExecutor$ConcurrencyThrottlingRunnable'.
23:36:11.449 [main] INFO  o.e.r.i.MethodCallReplacementClassAdapter - Adding mock interface to class org/springframework/core/task/SimpleAsyncTaskExecutor$ConcurrencyThrottlingRunnable
23:36:11.450 [main] INFO  o.e.r.i.MethodCallReplacementClassAdapter - No hashCode defined for: org/springframework/core/task/SimpleAsyncTaskExecutor$ConcurrencyThrottlingRunnable, superclass = java.lang.Object
23:36:11.450 [main] INFO  o.e.r.i.CreateClassResetClassAdapter - Creating brand-new static initializer in class org/springframework/core/task/SimpleAsyncTaskExecutor$ConcurrencyThrottlingRunnable
23:36:11.450 [main] DEBUG o.e.r.agent.TransformerForTests - Going to instrument: org.springframework.core.task.SimpleAsyncTaskExecutor$ConcurrencyThrottlingRunnable
23:36:11.450 [main] INFO  o.e.r.instrumentation.EvoClassLoader - Keeping class: org.springframework.core.task.SimpleAsyncTaskExecutor$ConcurrencyThrottlingRunnable
23:36:11.450 [main] INFO  o.e.r.instrumentation.EvoClassLoader - Seeing class for first time: org.springframework.web.servlet.config.annotation.PathMatchConfigurer
23:36:11.450 [main] INFO  o.e.r.instrumentation.EvoClassLoader - Instrumenting class 'org.springframework.web.servlet.config.annotation.PathMatchConfigurer'.
23:36:11.451 [main] INFO  o.e.r.i.MethodCallReplacementClassAdapter - Adding mock interface to class org/springframework/web/servlet/config/annotation/PathMatchConfigurer
23:36:11.452 [main] INFO  o.e.r.i.MethodCallReplacementClassAdapter - No hashCode defined for: org/springframework/web/servlet/config/annotation/PathMatchConfigurer, superclass = java.lang.Object
23:36:11.452 [main] INFO  o.e.r.i.CreateClassResetClassAdapter - Creating brand-new static initializer in class org/springframework/web/servlet/config/annotation/PathMatchConfigurer
23:36:11.452 [main] DEBUG o.e.r.agent.TransformerForTests - Going to instrument: org.springframework.web.servlet.config.annotation.PathMatchConfigurer
23:36:11.452 [main] INFO  o.e.r.instrumentation.EvoClassLoader - Keeping class: org.springframework.web.servlet.config.annotation.PathMatchConfigurer
23:36:11.453 [main] INFO  o.e.r.instrumentation.EvoClassLoader - Seeing class for first time: org.springframework.web.servlet.config.annotation.DelegatingWebMvcConfiguration
23:36:11.453 [main] INFO  o.e.r.instrumentation.EvoClassLoader - Instrumenting class 'org.springframework.web.servlet.config.annotation.DelegatingWebMvcConfiguration'.
23:36:11.454 [main] INFO  o.e.r.i.MethodCallReplacementClassAdapter - Adding mock interface to class org/springframework/web/servlet/config/annotation/DelegatingWebMvcConfiguration
23:36:11.454 [main] INFO  o.e.r.i.MethodCallReplacementClassAdapter - No hashCode defined for: org/springframework/web/servlet/config/annotation/DelegatingWebMvcConfiguration, superclass = org.springframework.web.servlet.config.annotation.WebMvcConfigurationSupport
23:36:11.454 [main] INFO  o.e.r.i.CreateClassResetClassAdapter - Creating brand-new static initializer in class org/springframework/web/servlet/config/annotation/DelegatingWebMvcConfiguration
23:36:11.454 [main] DEBUG o.e.r.agent.TransformerForTests - Going to instrument: org.springframework.web.servlet.config.annotation.DelegatingWebMvcConfiguration
23:36:11.455 [main] INFO  o.e.r.i.MethodCallReplacementClassAdapter - No hashCode defined for: org/springframework/web/servlet/config/annotation/DelegatingWebMvcConfiguration, superclass = org.springframework.web.servlet.config.annotation.WebMvcConfigurationSupport
23:36:11.456 [main] INFO  o.e.r.instrumentation.EvoClassLoader - Seeing class for first time: org.springframework.web.servlet.config.annotation.WebMvcConfigurationSupport
23:36:11.456 [main] INFO  o.e.r.instrumentation.EvoClassLoader - Instrumenting class 'org.springframework.web.servlet.config.annotation.WebMvcConfigurationSupport'.
23:36:11.457 [main] INFO  o.e.r.i.MethodCallReplacementClassAdapter - Adding mock interface to class org/springframework/web/servlet/config/annotation/WebMvcConfigurationSupport
23:36:11.465 [main] INFO  o.e.r.i.CreateClassResetClassAdapter - Found static initializer in class org/springframework/web/servlet/config/annotation/WebMvcConfigurationSupport
23:36:11.465 [main] INFO  o.e.r.i.MethodCallReplacementClassAdapter - No hashCode defined for: org/springframework/web/servlet/config/annotation/WebMvcConfigurationSupport, superclass = java.lang.Object
23:36:11.466 [main] DEBUG o.e.r.agent.TransformerForTests - Going to instrument: org.springframework.web.servlet.config.annotation.WebMvcConfigurationSupport
23:36:11.470 [main] INFO  o.e.r.i.CreateClassResetClassAdapter - Found static initializer in class org/springframework/web/servlet/config/annotation/WebMvcConfigurationSupport
23:36:11.471 [main] INFO  o.e.r.instrumentation.EvoClassLoader - Error while loading class: java.lang.ClassFormatError: Duplicate method name&signature in class file org/springframework/web/servlet/config/annotation/WebMvcConfigurationSupport
23:36:11.471 [main] INFO  o.e.r.instrumentation.EvoClassLoader - Error while loading class: java.lang.NoClassDefFoundError: org/springframework/web/servlet/config/annotation/WebMvcConfigurationSupport
23:36:11.471 [main] ERROR o.e.r.c.ClassStateSupport - Could not initialize org.springframework.web.servlet.config.annotation.DelegatingWebMvcConfiguration: org/springframework/web/servlet/config/annotation/WebMvcConfigurationSupport
23:36:11.471 [main] INFO  o.e.r.instrumentation.EvoClassLoader - Seeing class for first time: org.springframework.util.ClassUtils
23:36:11.471 [main] INFO  o.e.r.instrumentation.EvoClassLoader - Instrumenting class 'org.springframework.util.ClassUtils'.
23:36:11.474 [main] INFO  o.e.r.i.MethodCallReplacementClassAdapter - Adding mock interface to class org/springframework/util/ClassUtils
23:36:11.478 [main] INFO  o.e.r.i.CreateClassResetClassAdapter - Found static initializer in class org/springframework/util/ClassUtils
23:36:11.478 [main] INFO  o.e.r.i.MethodCallReplacementClassAdapter - No hashCode defined for: org/springframework/util/ClassUtils, superclass = java.lang.Object
23:36:11.479 [main] DEBUG o.e.r.agent.TransformerForTests - Going to instrument: org.springframework.util.ClassUtils
23:36:11.486 [main] INFO  o.e.r.i.CreateClassResetClassAdapter - Found static initializer in class org/springframework/util/ClassUtils
23:36:11.487 [main] INFO  o.e.r.instrumentation.EvoClassLoader - Error while loading class: java.lang.ClassFormatError: Duplicate method name&signature in class file org/springframework/util/ClassUtils
23:36:11.487 [main] ERROR o.e.r.c.ClassStateSupport - Could not initialize org.springframework.util.ClassUtils: Duplicate method name&signature in class file org/springframework/util/ClassUtils
23:36:11.487 [main] INFO  o.e.r.instrumentation.EvoClassLoader - Seeing class for first time: org.springframework.core.SerializableTypeWrapper$DefaultTypeProvider
23:36:11.487 [main] INFO  o.e.r.instrumentation.EvoClassLoader - Instrumenting class 'org.springframework.core.SerializableTypeWrapper$DefaultTypeProvider'.
23:36:11.488 [main] INFO  o.e.r.i.MethodCallReplacementClassAdapter - Adding mock interface to class org/springframework/core/SerializableTypeWrapper$DefaultTypeProvider
23:36:11.488 [main] INFO  o.e.r.i.MethodCallReplacementClassAdapter - No hashCode defined for: org/springframework/core/SerializableTypeWrapper$DefaultTypeProvider, superclass = java.lang.Object
23:36:11.488 [main] INFO  o.e.r.i.CreateClassResetClassAdapter - Creating brand-new static initializer in class org/springframework/core/SerializableTypeWrapper$DefaultTypeProvider
23:36:11.488 [main] DEBUG o.e.r.agent.TransformerForTests - Going to instrument: org.springframework.core.SerializableTypeWrapper$DefaultTypeProvider
23:36:11.489 [main] INFO  o.e.r.instrumentation.EvoClassLoader - Keeping class: org.springframework.core.SerializableTypeWrapper$DefaultTypeProvider
23:36:11.489 [main] INFO  o.e.r.instrumentation.EvoClassLoader - Seeing class for first time: org.springframework.web.servlet.mvc.method.annotation.RequestMappingHandlerAdapter$2
23:36:11.489 [main] INFO  o.e.r.instrumentation.EvoClassLoader - Instrumenting class 'org.springframework.web.servlet.mvc.method.annotation.RequestMappingHandlerAdapter$2'.
23:36:11.490 [main] INFO  o.e.r.i.MethodCallReplacementClassAdapter - Adding mock interface to class org/springframework/web/servlet/mvc/method/annotation/RequestMappingHandlerAdapter$2
23:36:11.491 [main] INFO  o.e.r.i.MethodCallReplacementClassAdapter - No hashCode defined for: org/springframework/web/servlet/mvc/method/annotation/RequestMappingHandlerAdapter$2, superclass = java.lang.Object
23:36:11.491 [main] DEBUG o.e.r.agent.TransformerForTests - Going to instrument: org.springframework.web.servlet.mvc.method.annotation.RequestMappingHandlerAdapter$2
23:36:11.491 [main] INFO  o.e.r.instrumentation.EvoClassLoader - Seeing class for first time: org.springframework.util.ReflectionUtils$MethodFilter
23:36:11.491 [main] INFO  o.e.r.instrumentation.EvoClassLoader - Instrumenting class 'org.springframework.util.ReflectionUtils$MethodFilter'.
23:36:11.492 [main] DEBUG o.e.r.agent.TransformerForTests - Going to instrument: org.springframework.util.ReflectionUtils$MethodFilter
23:36:11.492 [main] INFO  o.e.r.instrumentation.EvoClassLoader - Keeping class: org.springframework.util.ReflectionUtils$MethodFilter
23:36:11.492 [main] INFO  o.e.r.instrumentation.EvoClassLoader - Keeping class: org.springframework.web.servlet.mvc.method.annotation.RequestMappingHandlerAdapter$2
23:36:11.492 [main] INFO  o.e.r.instrumentation.EvoClassLoader - Seeing class for first time: org.springframework.web.servlet.mvc.method.annotation.RequestMappingHandlerAdapter$1
23:36:11.492 [main] INFO  o.e.r.instrumentation.EvoClassLoader - Instrumenting class 'org.springframework.web.servlet.mvc.method.annotation.RequestMappingHandlerAdapter$1'.
23:36:11.493 [main] INFO  o.e.r.i.MethodCallReplacementClassAdapter - Adding mock interface to class org/springframework/web/servlet/mvc/method/annotation/RequestMappingHandlerAdapter$1
23:36:11.493 [main] INFO  o.e.r.i.MethodCallReplacementClassAdapter - No hashCode defined for: org/springframework/web/servlet/mvc/method/annotation/RequestMappingHandlerAdapter$1, superclass = java.lang.Object
23:36:11.493 [main] DEBUG o.e.r.agent.TransformerForTests - Going to instrument: org.springframework.web.servlet.mvc.method.annotation.RequestMappingHandlerAdapter$1
23:36:11.494 [main] INFO  o.e.r.instrumentation.EvoClassLoader - Keeping class: org.springframework.web.servlet.mvc.method.annotation.RequestMappingHandlerAdapter$1
23:36:11.494 [main] INFO  o.e.r.instrumentation.EvoClassLoader - Seeing class for first time: org.springframework.core.SerializableTypeWrapper$FieldTypeProvider
23:36:11.494 [main] INFO  o.e.r.instrumentation.EvoClassLoader - Instrumenting class 'org.springframework.core.SerializableTypeWrapper$FieldTypeProvider'.
23:36:11.494 [main] INFO  o.e.r.i.MethodCallReplacementClassAdapter - Adding mock interface to class org/springframework/core/SerializableTypeWrapper$FieldTypeProvider
23:36:11.495 [main] INFO  o.e.r.i.MethodCallReplacementClassAdapter - No hashCode defined for: org/springframework/core/SerializableTypeWrapper$FieldTypeProvider, superclass = java.lang.Object
23:36:11.496 [main] INFO  o.e.r.i.CreateClassResetClassAdapter - Creating brand-new static initializer in class org/springframework/core/SerializableTypeWrapper$FieldTypeProvider
23:36:11.496 [main] DEBUG o.e.r.agent.TransformerForTests - Going to instrument: org.springframework.core.SerializableTypeWrapper$FieldTypeProvider
23:36:11.497 [main] INFO  o.e.r.instrumentation.EvoClassLoader - Keeping class: org.springframework.core.SerializableTypeWrapper$FieldTypeProvider
23:36:11.498 [main] INFO  o.e.r.instrumentation.EvoClassLoader - Seeing class for first time: com.fasterxml.jackson.databind.node.ValueNode
23:36:11.498 [main] INFO  o.e.r.instrumentation.EvoClassLoader - Instrumenting class 'com.fasterxml.jackson.databind.node.ValueNode'.
23:36:11.499 [main] INFO  o.e.r.i.MethodCallReplacementClassAdapter - Adding mock interface to class com/fasterxml/jackson/databind/node/ValueNode
23:36:11.499 [main] INFO  o.e.r.i.MethodCallReplacementClassAdapter - No hashCode defined for: com/fasterxml/jackson/databind/node/ValueNode, superclass = com.fasterxml.jackson.databind.node.BaseJsonNode
23:36:11.500 [main] INFO  o.e.r.i.CreateClassResetClassAdapter - Creating brand-new static initializer in class com/fasterxml/jackson/databind/node/ValueNode
23:36:11.500 [main] DEBUG o.e.r.agent.TransformerForTests - Going to instrument: com.fasterxml.jackson.databind.node.ValueNode
23:36:11.500 [main] INFO  o.e.r.i.MethodCallReplacementClassAdapter - No hashCode defined for: com/fasterxml/jackson/databind/node/ValueNode, superclass = com.fasterxml.jackson.databind.node.BaseJsonNode
23:36:11.500 [main] INFO  o.e.r.instrumentation.EvoClassLoader - Seeing class for first time: com.fasterxml.jackson.databind.node.BaseJsonNode
23:36:11.500 [main] INFO  o.e.r.instrumentation.EvoClassLoader - Instrumenting class 'com.fasterxml.jackson.databind.node.BaseJsonNode'.
23:36:11.501 [main] INFO  o.e.r.i.MethodCallReplacementClassAdapter - Adding mock interface to class com/fasterxml/jackson/databind/node/BaseJsonNode
23:36:11.501 [main] INFO  o.e.r.i.CreateClassResetClassAdapter - Creating brand-new static initializer in class com/fasterxml/jackson/databind/node/BaseJsonNode
23:36:11.501 [main] DEBUG o.e.r.agent.TransformerForTests - Going to instrument: com.fasterxml.jackson.databind.node.BaseJsonNode
23:36:11.502 [main] INFO  o.e.r.instrumentation.EvoClassLoader - Seeing class for first time: com.fasterxml.jackson.databind.JsonNode
23:36:11.502 [main] INFO  o.e.r.instrumentation.EvoClassLoader - Instrumenting class 'com.fasterxml.jackson.databind.JsonNode'.
23:36:11.503 [main] INFO  o.e.r.i.MethodCallReplacementClassAdapter - Adding mock interface to class com/fasterxml/jackson/databind/JsonNode
23:36:11.505 [main] INFO  o.e.r.i.MethodCallReplacementClassAdapter - No hashCode defined for: com/fasterxml/jackson/databind/JsonNode, superclass = com.fasterxml.jackson.databind.JsonSerializable$Base
23:36:11.505 [main] INFO  o.e.r.i.CreateClassResetClassAdapter - Creating brand-new static initializer in class com/fasterxml/jackson/databind/JsonNode
23:36:11.505 [main] DEBUG o.e.r.agent.TransformerForTests - Going to instrument: com.fasterxml.jackson.databind.JsonNode
23:36:11.506 [main] INFO  o.e.r.i.MethodCallReplacementClassAdapter - No hashCode defined for: com/fasterxml/jackson/databind/JsonNode, superclass = com.fasterxml.jackson.databind.JsonSerializable$Base
23:36:11.507 [main] INFO  o.e.r.instrumentation.EvoClassLoader - Keeping class: com.fasterxml.jackson.databind.JsonNode
23:36:11.507 [main] INFO  o.e.r.instrumentation.EvoClassLoader - Keeping class: com.fasterxml.jackson.databind.node.BaseJsonNode
23:36:11.508 [main] INFO  o.e.r.instrumentation.EvoClassLoader - Keeping class: com.fasterxml.jackson.databind.node.ValueNode
23:36:11.508 [main] INFO  o.e.r.instrumentation.EvoClassLoader - Seeing class for first time: com.fasterxml.jackson.databind.node.MissingNode
23:36:11.508 [main] INFO  o.e.r.instrumentation.EvoClassLoader - Instrumenting class 'com.fasterxml.jackson.databind.node.MissingNode'.
23:36:11.509 [main] INFO  o.e.r.i.MethodCallReplacementClassAdapter - Adding mock interface to class com/fasterxml/jackson/databind/node/MissingNode
23:36:11.509 [main] INFO  o.e.r.i.CreateClassResetClassAdapter - Found static initializer in class com/fasterxml/jackson/databind/node/MissingNode
23:36:11.509 [main] DEBUG o.e.r.agent.TransformerForTests - Going to instrument: com.fasterxml.jackson.databind.node.MissingNode
23:36:11.510 [main] INFO  o.e.r.i.CreateClassResetClassAdapter - Found static initializer in class com/fasterxml/jackson/databind/node/MissingNode
23:36:11.510 [main] INFO  o.e.r.instrumentation.EvoClassLoader - Error while loading class: java.lang.ClassFormatError: Duplicate method name&signature in class file com/fasterxml/jackson/databind/node/MissingNode
23:36:11.510 [main] ERROR o.e.r.c.ClassStateSupport - Could not initialize com.fasterxml.jackson.databind.node.ValueNode: com/fasterxml/jackson/databind/node/MissingNode
23:36:11.510 [main] INFO  o.e.r.instrumentation.EvoClassLoader - Seeing class for first time: org.springframework.validation.DefaultMessageCodesResolver
23:36:11.510 [main] INFO  o.e.r.instrumentation.EvoClassLoader - Instrumenting class 'org.springframework.validation.DefaultMessageCodesResolver'.
23:36:11.512 [main] INFO  o.e.r.i.MethodCallReplacementClassAdapter - Adding mock interface to class org/springframework/validation/DefaultMessageCodesResolver
23:36:11.512 [main] INFO  o.e.r.i.CreateClassResetClassAdapter - Found static initializer in class org/springframework/validation/DefaultMessageCodesResolver
23:36:11.512 [main] INFO  o.e.r.i.MethodCallReplacementClassAdapter - No hashCode defined for: org/springframework/validation/DefaultMessageCodesResolver, superclass = java.lang.Object
23:36:11.512 [main] DEBUG o.e.r.agent.TransformerForTests - Going to instrument: org.springframework.validation.DefaultMessageCodesResolver
23:36:11.514 [main] INFO  o.e.r.i.CreateClassResetClassAdapter - Found static initializer in class org/springframework/validation/DefaultMessageCodesResolver
23:36:11.514 [main] INFO  o.e.r.instrumentation.EvoClassLoader - Seeing class for first time: org.springframework.validation.MessageCodesResolver
23:36:11.514 [main] INFO  o.e.r.instrumentation.EvoClassLoader - Instrumenting class 'org.springframework.validation.MessageCodesResolver'.
23:36:11.515 [main] DEBUG o.e.r.agent.TransformerForTests - Going to instrument: org.springframework.validation.MessageCodesResolver
23:36:11.516 [main] INFO  o.e.r.instrumentation.EvoClassLoader - Keeping class: org.springframework.validation.MessageCodesResolver
23:36:11.516 [main] INFO  o.e.r.instrumentation.EvoClassLoader - Error while loading class: java.lang.ClassFormatError: Duplicate method name&signature in class file org/springframework/validation/DefaultMessageCodesResolver
23:36:11.516 [main] ERROR o.e.r.c.ClassStateSupport - Could not initialize org.springframework.validation.DefaultMessageCodesResolver: Duplicate method name&signature in class file org/springframework/validation/DefaultMessageCodesResolver
23:36:11.516 [main] INFO  o.e.r.instrumentation.EvoClassLoader - Seeing class for first time: org.springframework.format.datetime.standard.DateTimeFormatterRegistrar$1
23:36:11.516 [main] INFO  o.e.r.instrumentation.EvoClassLoader - Instrumenting class 'org.springframework.format.datetime.standard.DateTimeFormatterRegistrar$1'.
23:36:11.517 [main] INFO  o.e.r.i.MethodCallReplacementClassAdapter - Adding mock interface to class org/springframework/format/datetime/standard/DateTimeFormatterRegistrar$1
23:36:11.517 [main] INFO  o.e.r.i.MethodCallReplacementClassAdapter - No hashCode defined for: org/springframework/format/datetime/standard/DateTimeFormatterRegistrar$1, superclass = java.lang.Object
23:36:11.517 [main] DEBUG o.e.r.agent.TransformerForTests - Going to instrument: org.springframework.format.datetime.standard.DateTimeFormatterRegistrar$1
23:36:11.517 [main] INFO  o.e.r.instrumentation.EvoClassLoader - Keeping class: org.springframework.format.datetime.standard.DateTimeFormatterRegistrar$1
23:36:11.517 [main] INFO  o.e.r.instrumentation.EvoClassLoader - Seeing class for first time: org.springframework.format.datetime.standard.DateTimeFormatterRegistrar$Type
23:36:11.517 [main] INFO  o.e.r.instrumentation.EvoClassLoader - Instrumenting class 'org.springframework.format.datetime.standard.DateTimeFormatterRegistrar$Type'.
23:36:11.518 [main] INFO  o.e.r.i.MethodCallReplacementClassAdapter - Adding mock interface to class org/springframework/format/datetime/standard/DateTimeFormatterRegistrar$Type
23:36:11.518 [main] INFO  o.e.r.i.CreateClassResetClassAdapter - Found static initializer in class org/springframework/format/datetime/standard/DateTimeFormatterRegistrar$Type
23:36:11.518 [main] INFO  o.e.r.i.MethodCallReplacementClassAdapter - No hashCode defined for: org/springframework/format/datetime/standard/DateTimeFormatterRegistrar$Type, superclass = java.lang.Enum
23:36:11.518 [main] DEBUG o.e.r.agent.TransformerForTests - Going to instrument: org.springframework.format.datetime.standard.DateTimeFormatterRegistrar$Type
23:36:11.519 [main] INFO  o.e.r.i.CreateClassResetClassAdapter - Found static initializer in class org/springframework/format/datetime/standard/DateTimeFormatterRegistrar$Type
23:36:11.519 [main] INFO  o.e.r.i.MethodCallReplacementClassAdapter - No hashCode defined for: org/springframework/format/datetime/standard/DateTimeFormatterRegistrar$Type, superclass = java.lang.Enum
23:36:11.519 [main] INFO  o.e.r.instrumentation.EvoClassLoader - Error while loading class: java.lang.ClassFormatError: Duplicate method name&signature in class file org/springframework/format/datetime/standard/DateTimeFormatterRegistrar$Type
23:36:11.519 [main] ERROR o.e.r.c.ClassStateSupport - Could not initialize org.springframework.format.datetime.standard.DateTimeFormatterRegistrar$1: org/springframework/format/datetime/standard/DateTimeFormatterRegistrar$Type
23:36:11.519 [main] INFO  o.e.r.instrumentation.EvoClassLoader - Seeing class for first time: com.fasterxml.jackson.databind.ser.BasicSerializerFactory
23:36:11.519 [main] INFO  o.e.r.instrumentation.EvoClassLoader - Instrumenting class 'com.fasterxml.jackson.databind.ser.BasicSerializerFactory'.
23:36:11.521 [main] INFO  o.e.r.i.MethodCallReplacementClassAdapter - Adding mock interface to class com/fasterxml/jackson/databind/ser/BasicSerializerFactory
23:36:11.542 [main] INFO  o.e.r.i.CreateClassResetClassAdapter - Found static initializer in class com/fasterxml/jackson/databind/ser/BasicSerializerFactory
23:36:11.542 [main] INFO  o.e.r.i.MethodCallReplacementClassAdapter - No hashCode defined for: com/fasterxml/jackson/databind/ser/BasicSerializerFactory, superclass = com.fasterxml.jackson.databind.ser.SerializerFactory
23:36:11.542 [main] DEBUG o.e.r.agent.TransformerForTests - Going to instrument: com.fasterxml.jackson.databind.ser.BasicSerializerFactory
23:36:11.560 [main] INFO  o.e.r.i.CreateClassResetClassAdapter - Found static initializer in class com/fasterxml/jackson/databind/ser/BasicSerializerFactory
23:36:11.560 [main] INFO  o.e.r.i.MethodCallReplacementClassAdapter - No hashCode defined for: com/fasterxml/jackson/databind/ser/BasicSerializerFactory, superclass = com.fasterxml.jackson.databind.ser.SerializerFactory
23:36:11.562 [main] INFO  o.e.r.instrumentation.EvoClassLoader - Error while loading class: java.lang.ClassFormatError: Duplicate method name&signature in class file com/fasterxml/jackson/databind/ser/BasicSerializerFactory
23:36:11.562 [main] ERROR o.e.r.c.ClassStateSupport - Could not initialize com.fasterxml.jackson.databind.ser.BasicSerializerFactory: Duplicate method name&signature in class file com/fasterxml/jackson/databind/ser/BasicSerializerFactory
23:36:11.562 [main] INFO  o.e.r.instrumentation.EvoClassLoader - Seeing class for first time: org.springframework.web.servlet.mvc.method.annotation.RequestMappingHandlerMapping
23:36:11.562 [main] INFO  o.e.r.instrumentation.EvoClassLoader - Instrumenting class 'org.springframework.web.servlet.mvc.method.annotation.RequestMappingHandlerMapping'.
23:36:11.563 [main] INFO  o.e.r.i.MethodCallReplacementClassAdapter - Adding mock interface to class org/springframework/web/servlet/mvc/method/annotation/RequestMappingHandlerMapping
23:36:11.565 [main] INFO  o.e.r.i.MethodCallReplacementClassAdapter - No hashCode defined for: org/springframework/web/servlet/mvc/method/annotation/RequestMappingHandlerMapping, superclass = org.springframework.web.servlet.mvc.method.RequestMappingInfoHandlerMapping
23:36:11.566 [main] INFO  o.e.r.i.CreateClassResetClassAdapter - Creating brand-new static initializer in class org/springframework/web/servlet/mvc/method/annotation/RequestMappingHandlerMapping
23:36:11.566 [main] DEBUG o.e.r.agent.TransformerForTests - Going to instrument: org.springframework.web.servlet.mvc.method.annotation.RequestMappingHandlerMapping
23:36:11.568 [main] INFO  o.e.r.i.MethodCallReplacementClassAdapter - No hashCode defined for: org/springframework/web/servlet/mvc/method/annotation/RequestMappingHandlerMapping, superclass = org.springframework.web.servlet.mvc.method.RequestMappingInfoHandlerMapping
23:36:11.568 [main] INFO  o.e.r.instrumentation.EvoClassLoader - Seeing class for first time: org.springframework.web.servlet.mvc.method.RequestMappingInfoHandlerMapping
23:36:11.569 [main] INFO  o.e.r.instrumentation.EvoClassLoader - Instrumenting class 'org.springframework.web.servlet.mvc.method.RequestMappingInfoHandlerMapping'.
23:36:11.570 [main] INFO  o.e.r.i.MethodCallReplacementClassAdapter - Adding mock interface to class org/springframework/web/servlet/mvc/method/RequestMappingInfoHandlerMapping
23:36:11.570 [main] INFO  o.e.r.i.MethodCallReplacementClassAdapter - No hashCode defined for: org/springframework/web/servlet/mvc/method/RequestMappingInfoHandlerMapping, superclass = org.springframework.web.servlet.handler.AbstractHandlerMethodMapping
23:36:11.571 [main] INFO  o.e.r.i.CreateClassResetClassAdapter - Creating brand-new static initializer in class org/springframework/web/servlet/mvc/method/RequestMappingInfoHandlerMapping
23:36:11.571 [main] DEBUG o.e.r.agent.TransformerForTests - Going to instrument: org.springframework.web.servlet.mvc.method.RequestMappingInfoHandlerMapping
23:36:11.572 [main] INFO  o.e.r.i.MethodCallReplacementClassAdapter - No hashCode defined for: org/springframework/web/servlet/mvc/method/RequestMappingInfoHandlerMapping, superclass = org.springframework.web.servlet.handler.AbstractHandlerMethodMapping
23:36:11.573 [main] INFO  o.e.r.instrumentation.EvoClassLoader - Seeing class for first time: org.springframework.web.servlet.handler.AbstractHandlerMethodMapping
23:36:11.573 [main] INFO  o.e.r.instrumentation.EvoClassLoader - Instrumenting class 'org.springframework.web.servlet.handler.AbstractHandlerMethodMapping'.
23:36:11.574 [main] INFO  o.e.r.i.MethodCallReplacementClassAdapter - Adding mock interface to class org/springframework/web/servlet/handler/AbstractHandlerMethodMapping
23:36:11.576 [main] INFO  o.e.r.i.CreateClassResetClassAdapter - Found static initializer in class org/springframework/web/servlet/handler/AbstractHandlerMethodMapping
23:36:11.576 [main] INFO  o.e.r.i.MethodCallReplacementClassAdapter - No hashCode defined for: org/springframework/web/servlet/handler/AbstractHandlerMethodMapping, superclass = org.springframework.web.servlet.handler.AbstractHandlerMapping
23:36:11.576 [main] DEBUG o.e.r.agent.TransformerForTests - Going to instrument: org.springframework.web.servlet.handler.AbstractHandlerMethodMapping
23:36:11.579 [main] INFO  o.e.r.i.CreateClassResetClassAdapter - Found static initializer in class org/springframework/web/servlet/handler/AbstractHandlerMethodMapping
23:36:11.580 [main] INFO  o.e.r.i.MethodCallReplacementClassAdapter - No hashCode defined for: org/springframework/web/servlet/handler/AbstractHandlerMethodMapping, superclass = org.springframework.web.servlet.handler.AbstractHandlerMapping
23:36:11.580 [main] INFO  o.e.r.instrumentation.EvoClassLoader - Error while loading class: java.lang.ClassFormatError: Duplicate method name&signature in class file org/springframework/web/servlet/handler/AbstractHandlerMethodMapping
23:36:11.580 [main] INFO  o.e.r.instrumentation.EvoClassLoader - Error while loading class: java.lang.NoClassDefFoundError: org/springframework/web/servlet/handler/AbstractHandlerMethodMapping
23:36:11.580 [main] INFO  o.e.r.instrumentation.EvoClassLoader - Error while loading class: java.lang.NoClassDefFoundError: org/springframework/web/servlet/mvc/method/RequestMappingInfoHandlerMapping
23:36:11.581 [main] ERROR o.e.r.c.ClassStateSupport - Could not initialize org.springframework.web.servlet.mvc.method.annotation.RequestMappingHandlerMapping: org/springframework/web/servlet/mvc/method/RequestMappingInfoHandlerMapping
23:36:11.581 [main] INFO  o.e.r.instrumentation.EvoClassLoader - Seeing class for first time: org.springframework.validation.Errors
23:36:11.581 [main] INFO  o.e.r.instrumentation.EvoClassLoader - Instrumenting class 'org.springframework.validation.Errors'.
23:36:11.582 [main] DEBUG o.e.r.agent.TransformerForTests - Going to instrument: org.springframework.validation.Errors
23:36:11.582 [main] INFO  o.e.r.instrumentation.EvoClassLoader - Keeping class: org.springframework.validation.Errors
23:36:11.582 [main] INFO  o.e.r.instrumentation.EvoClassLoader - Seeing class for first time: org.springframework.web.servlet.config.annotation.WebMvcConfigurerAdapter
23:36:11.582 [main] INFO  o.e.r.instrumentation.EvoClassLoader - Instrumenting class 'org.springframework.web.servlet.config.annotation.WebMvcConfigurerAdapter'.
23:36:11.583 [main] INFO  o.e.r.i.MethodCallReplacementClassAdapter - Adding mock interface to class org/springframework/web/servlet/config/annotation/WebMvcConfigurerAdapter
23:36:11.584 [main] INFO  o.e.r.i.MethodCallReplacementClassAdapter - No hashCode defined for: org/springframework/web/servlet/config/annotation/WebMvcConfigurerAdapter, superclass = java.lang.Object
23:36:11.584 [main] INFO  o.e.r.i.CreateClassResetClassAdapter - Creating brand-new static initializer in class org/springframework/web/servlet/config/annotation/WebMvcConfigurerAdapter
23:36:11.584 [main] DEBUG o.e.r.agent.TransformerForTests - Going to instrument: org.springframework.web.servlet.config.annotation.WebMvcConfigurerAdapter
23:36:11.584 [main] INFO  o.e.r.instrumentation.EvoClassLoader - Seeing class for first time: org.springframework.web.servlet.config.annotation.WebMvcConfigurer
23:36:11.584 [main] INFO  o.e.r.instrumentation.EvoClassLoader - Instrumenting class 'org.springframework.web.servlet.config.annotation.WebMvcConfigurer'.
23:36:11.585 [main] DEBUG o.e.r.agent.TransformerForTests - Going to instrument: org.springframework.web.servlet.config.annotation.WebMvcConfigurer
23:36:11.585 [main] INFO  o.e.r.instrumentation.EvoClassLoader - Keeping class: org.springframework.web.servlet.config.annotation.WebMvcConfigurer
23:36:11.586 [main] INFO  o.e.r.instrumentation.EvoClassLoader - Keeping class: org.springframework.web.servlet.config.annotation.WebMvcConfigurerAdapter
23:36:11.586 [main] INFO  o.e.r.instrumentation.EvoClassLoader - Seeing class for first time: org.springframework.util.ConcurrentReferenceHashMap$EntrySet
23:36:11.586 [main] INFO  o.e.r.instrumentation.EvoClassLoader - Instrumenting class 'org.springframework.util.ConcurrentReferenceHashMap$EntrySet'.
23:36:11.587 [main] INFO  o.e.r.i.MethodCallReplacementClassAdapter - Adding mock interface to class org/springframework/util/ConcurrentReferenceHashMap$EntrySet
23:36:11.587 [main] INFO  o.e.r.i.MethodCallReplacementClassAdapter - No hashCode defined for: org/springframework/util/ConcurrentReferenceHashMap$EntrySet, superclass = java.util.AbstractSet
23:36:11.587 [main] INFO  o.e.r.i.CreateClassResetClassAdapter - Creating brand-new static initializer in class org/springframework/util/ConcurrentReferenceHashMap$EntrySet
23:36:11.587 [main] DEBUG o.e.r.agent.TransformerForTests - Going to instrument: org.springframework.util.ConcurrentReferenceHashMap$EntrySet
23:36:11.588 [main] INFO  o.e.r.i.MethodCallReplacementClassAdapter - No hashCode defined for: org/springframework/util/ConcurrentReferenceHashMap$EntrySet, superclass = java.util.AbstractSet
23:36:11.588 [main] INFO  o.e.r.instrumentation.EvoClassLoader - Keeping class: org.springframework.util.ConcurrentReferenceHashMap$EntrySet
23:36:11.588 [main] INFO  o.e.r.instrumentation.EvoClassLoader - Seeing class for first time: org.springframework.util.LinkedCaseInsensitiveMap
23:36:11.588 [main] INFO  o.e.r.instrumentation.EvoClassLoader - Instrumenting class 'org.springframework.util.LinkedCaseInsensitiveMap'.
23:36:11.589 [main] INFO  o.e.r.i.MethodCallReplacementClassAdapter - Adding mock interface to class org/springframework/util/LinkedCaseInsensitiveMap
23:36:11.590 [main] INFO  o.e.r.i.MethodCallReplacementClassAdapter - No hashCode defined for: org/springframework/util/LinkedCaseInsensitiveMap, superclass = java.util.LinkedHashMap
23:36:11.590 [main] INFO  o.e.r.i.CreateClassResetClassAdapter - Creating brand-new static initializer in class org/springframework/util/LinkedCaseInsensitiveMap
23:36:11.590 [main] DEBUG o.e.r.agent.TransformerForTests - Going to instrument: org.springframework.util.LinkedCaseInsensitiveMap
23:36:11.590 [main] INFO  o.e.r.i.MethodCallReplacementClassAdapter - No hashCode defined for: org/springframework/util/LinkedCaseInsensitiveMap, superclass = java.util.LinkedHashMap
23:36:11.591 [main] INFO  o.e.r.instrumentation.EvoClassLoader - Keeping class: org.springframework.util.LinkedCaseInsensitiveMap
23:36:11.591 [main] INFO  o.e.r.instrumentation.EvoClassLoader - Seeing class for first time: com.fasterxml.jackson.databind.jsontype.SubtypeResolver
23:36:11.591 [main] INFO  o.e.r.instrumentation.EvoClassLoader - Instrumenting class 'com.fasterxml.jackson.databind.jsontype.SubtypeResolver'.
23:36:11.592 [main] INFO  o.e.r.i.MethodCallReplacementClassAdapter - Adding mock interface to class com/fasterxml/jackson/databind/jsontype/SubtypeResolver
23:36:11.592 [main] INFO  o.e.r.i.MethodCallReplacementClassAdapter - No hashCode defined for: com/fasterxml/jackson/databind/jsontype/SubtypeResolver, superclass = java.lang.Object
23:36:11.592 [main] INFO  o.e.r.i.CreateClassResetClassAdapter - Creating brand-new static initializer in class com/fasterxml/jackson/databind/jsontype/SubtypeResolver
23:36:11.592 [main] DEBUG o.e.r.agent.TransformerForTests - Going to instrument: com.fasterxml.jackson.databind.jsontype.SubtypeResolver
23:36:11.593 [main] INFO  o.e.r.instrumentation.EvoClassLoader - Keeping class: com.fasterxml.jackson.databind.jsontype.SubtypeResolver
23:36:11.593 [main] INFO  o.e.r.instrumentation.EvoClassLoader - Seeing class for first time: com.fasterxml.jackson.core.ObjectCodec
23:36:11.593 [main] INFO  o.e.r.instrumentation.EvoClassLoader - Instrumenting class 'com.fasterxml.jackson.core.ObjectCodec'.
23:36:11.594 [main] INFO  o.e.r.i.MethodCallReplacementClassAdapter - Adding mock interface to class com/fasterxml/jackson/core/ObjectCodec
23:36:11.594 [main] INFO  o.e.r.i.MethodCallReplacementClassAdapter - No hashCode defined for: com/fasterxml/jackson/core/ObjectCodec, superclass = com.fasterxml.jackson.core.TreeCodec
23:36:11.594 [main] INFO  o.e.r.i.CreateClassResetClassAdapter - Creating brand-new static initializer in class com/fasterxml/jackson/core/ObjectCodec
23:36:11.594 [main] DEBUG o.e.r.agent.TransformerForTests - Going to instrument: com.fasterxml.jackson.core.ObjectCodec
23:36:11.595 [main] INFO  o.e.r.i.MethodCallReplacementClassAdapter - No hashCode defined for: com/fasterxml/jackson/core/ObjectCodec, superclass = com.fasterxml.jackson.core.TreeCodec
23:36:11.595 [main] INFO  o.e.r.instrumentation.EvoClassLoader - Keeping class: com.fasterxml.jackson.core.ObjectCodec
23:36:11.595 [main] INFO  o.e.r.instrumentation.EvoClassLoader - Seeing class for first time: org.springframework.validation.BindingResult
23:36:11.595 [main] INFO  o.e.r.instrumentation.EvoClassLoader - Instrumenting class 'org.springframework.validation.BindingResult'.
23:36:11.596 [main] DEBUG o.e.r.agent.TransformerForTests - Going to instrument: org.springframework.validation.BindingResult
23:36:11.596 [main] INFO  o.e.r.instrumentation.EvoClassLoader - Keeping class: org.springframework.validation.BindingResult
23:36:11.597 [main] INFO  o.e.r.instrumentation.EvoClassLoader - Seeing class for first time: org.springframework.util.ReflectionUtils$MethodCallback
23:36:11.597 [main] INFO  o.e.r.instrumentation.EvoClassLoader - Instrumenting class 'org.springframework.util.ReflectionUtils$MethodCallback'.
23:36:11.597 [main] DEBUG o.e.r.agent.TransformerForTests - Going to instrument: org.springframework.util.ReflectionUtils$MethodCallback
23:36:11.597 [main] INFO  o.e.r.instrumentation.EvoClassLoader - Keeping class: org.springframework.util.ReflectionUtils$MethodCallback
23:36:11.597 [main] INFO  o.e.r.instrumentation.EvoClassLoader - Seeing class for first time: org.springframework.util.ConcurrentReferenceHashMap
23:36:11.597 [main] INFO  o.e.r.instrumentation.EvoClassLoader - Instrumenting class 'org.springframework.util.ConcurrentReferenceHashMap'.
23:36:11.599 [main] INFO  o.e.r.i.MethodCallReplacementClassAdapter - Adding mock interface to class org/springframework/util/ConcurrentReferenceHashMap
23:36:11.600 [main] INFO  o.e.r.i.CreateClassResetClassAdapter - Found static initializer in class org/springframework/util/ConcurrentReferenceHashMap
23:36:11.600 [main] INFO  o.e.r.i.MethodCallReplacementClassAdapter - No hashCode defined for: org/springframework/util/ConcurrentReferenceHashMap, superclass = java.util.AbstractMap
23:36:11.600 [main] DEBUG o.e.r.agent.TransformerForTests - Going to instrument: org.springframework.util.ConcurrentReferenceHashMap
23:36:11.602 [main] INFO  o.e.r.i.CreateClassResetClassAdapter - Found static initializer in class org/springframework/util/ConcurrentReferenceHashMap
23:36:11.602 [main] INFO  o.e.r.i.MethodCallReplacementClassAdapter - No hashCode defined for: org/springframework/util/ConcurrentReferenceHashMap, superclass = java.util.AbstractMap
23:36:11.602 [main] INFO  o.e.r.instrumentation.EvoClassLoader - Error while loading class: java.lang.ClassFormatError: Duplicate method name&signature in class file org/springframework/util/ConcurrentReferenceHashMap
23:36:11.602 [main] ERROR o.e.r.c.ClassStateSupport - Could not initialize org.springframework.util.ConcurrentReferenceHashMap: Duplicate method name&signature in class file org/springframework/util/ConcurrentReferenceHashMap
23:36:11.602 [main] INFO  o.e.r.instrumentation.EvoClassLoader - Seeing class for first time: org.springframework.web.servlet.handler.AbstractDetectingUrlHandlerMapping
23:36:11.602 [main] INFO  o.e.r.instrumentation.EvoClassLoader - Instrumenting class 'org.springframework.web.servlet.handler.AbstractDetectingUrlHandlerMapping'.
23:36:11.604 [main] INFO  o.e.r.i.MethodCallReplacementClassAdapter - Adding mock interface to class org/springframework/web/servlet/handler/AbstractDetectingUrlHandlerMapping
23:36:11.605 [main] INFO  o.e.r.i.MethodCallReplacementClassAdapter - No hashCode defined for: org/springframework/web/servlet/handler/AbstractDetectingUrlHandlerMapping, superclass = org.springframework.web.servlet.handler.AbstractUrlHandlerMapping
23:36:11.605 [main] INFO  o.e.r.i.CreateClassResetClassAdapter - Creating brand-new static initializer in class org/springframework/web/servlet/handler/AbstractDetectingUrlHandlerMapping
23:36:11.605 [main] DEBUG o.e.r.agent.TransformerForTests - Going to instrument: org.springframework.web.servlet.handler.AbstractDetectingUrlHandlerMapping
23:36:11.605 [main] INFO  o.e.r.i.MethodCallReplacementClassAdapter - No hashCode defined for: org/springframework/web/servlet/handler/AbstractDetectingUrlHandlerMapping, superclass = org.springframework.web.servlet.handler.AbstractUrlHandlerMapping
23:36:11.605 [main] INFO  o.e.r.instrumentation.EvoClassLoader - Seeing class for first time: org.springframework.web.servlet.handler.AbstractUrlHandlerMapping
23:36:11.605 [main] INFO  o.e.r.instrumentation.EvoClassLoader - Instrumenting class 'org.springframework.web.servlet.handler.AbstractUrlHandlerMapping'.
23:36:11.607 [main] INFO  o.e.r.i.MethodCallReplacementClassAdapter - Adding mock interface to class org/springframework/web/servlet/handler/AbstractUrlHandlerMapping
23:36:11.609 [main] INFO  o.e.r.i.MethodCallReplacementClassAdapter - No hashCode defined for: org/springframework/web/servlet/handler/AbstractUrlHandlerMapping, superclass = org.springframework.web.servlet.handler.AbstractHandlerMapping
23:36:11.609 [main] INFO  o.e.r.i.CreateClassResetClassAdapter - Creating brand-new static initializer in class org/springframework/web/servlet/handler/AbstractUrlHandlerMapping
23:36:11.609 [main] DEBUG o.e.r.agent.TransformerForTests - Going to instrument: org.springframework.web.servlet.handler.AbstractUrlHandlerMapping
23:36:11.612 [main] INFO  o.e.r.i.MethodCallReplacementClassAdapter - No hashCode defined for: org/springframework/web/servlet/handler/AbstractUrlHandlerMapping, superclass = org.springframework.web.servlet.handler.AbstractHandlerMapping
23:36:11.612 [main] INFO  o.e.r.instrumentation.EvoClassLoader - Keeping class: org.springframework.web.servlet.handler.AbstractUrlHandlerMapping
23:36:11.612 [main] INFO  o.e.r.instrumentation.EvoClassLoader - Keeping class: org.springframework.web.servlet.handler.AbstractDetectingUrlHandlerMapping
23:36:11.613 [main] INFO  o.e.r.instrumentation.EvoClassLoader - Seeing class for first time: org.springframework.context.ApplicationContextException
23:36:11.613 [main] INFO  o.e.r.instrumentation.EvoClassLoader - Instrumenting class 'org.springframework.context.ApplicationContextException'.
23:36:11.613 [main] INFO  o.e.r.i.MethodCallReplacementClassAdapter - Adding mock interface to class org/springframework/context/ApplicationContextException
23:36:11.614 [main] INFO  o.e.r.i.MethodCallReplacementClassAdapter - No hashCode defined for: org/springframework/context/ApplicationContextException, superclass = org.springframework.beans.FatalBeanException
23:36:11.614 [main] INFO  o.e.r.i.CreateClassResetClassAdapter - Creating brand-new static initializer in class org/springframework/context/ApplicationContextException
23:36:11.614 [main] DEBUG o.e.r.agent.TransformerForTests - Going to instrument: org.springframework.context.ApplicationContextException
23:36:11.614 [main] INFO  o.e.r.i.MethodCallReplacementClassAdapter - No hashCode defined for: org/springframework/context/ApplicationContextException, superclass = org.springframework.beans.FatalBeanException
23:36:11.614 [main] INFO  o.e.r.instrumentation.EvoClassLoader - Seeing class for first time: org.springframework.beans.FatalBeanException
23:36:11.614 [main] INFO  o.e.r.instrumentation.EvoClassLoader - Instrumenting class 'org.springframework.beans.FatalBeanException'.
23:36:11.615 [main] INFO  o.e.r.i.MethodCallReplacementClassAdapter - Adding mock interface to class org/springframework/beans/FatalBeanException
23:36:11.615 [main] INFO  o.e.r.i.MethodCallReplacementClassAdapter - No hashCode defined for: org/springframework/beans/FatalBeanException, superclass = org.springframework.beans.BeansException
23:36:11.615 [main] INFO  o.e.r.i.CreateClassResetClassAdapter - Creating brand-new static initializer in class org/springframework/beans/FatalBeanException
23:36:11.615 [main] DEBUG o.e.r.agent.TransformerForTests - Going to instrument: org.springframework.beans.FatalBeanException
23:36:11.616 [main] INFO  o.e.r.i.MethodCallReplacementClassAdapter - No hashCode defined for: org/springframework/beans/FatalBeanException, superclass = org.springframework.beans.BeansException
23:36:11.616 [main] INFO  o.e.r.instrumentation.EvoClassLoader - Seeing class for first time: org.springframework.beans.BeansException
23:36:11.616 [main] INFO  o.e.r.instrumentation.EvoClassLoader - Instrumenting class 'org.springframework.beans.BeansException'.
23:36:11.616 [main] INFO  o.e.r.i.MethodCallReplacementClassAdapter - Adding mock interface to class org/springframework/beans/BeansException
23:36:11.617 [main] INFO  o.e.r.i.CreateClassResetClassAdapter - Creating brand-new static initializer in class org/springframework/beans/BeansException
23:36:11.617 [main] DEBUG o.e.r.agent.TransformerForTests - Going to instrument: org.springframework.beans.BeansException
23:36:11.617 [main] INFO  o.e.r.instrumentation.EvoClassLoader - Seeing class for first time: org.springframework.core.NestedRuntimeException
23:36:11.617 [main] INFO  o.e.r.instrumentation.EvoClassLoader - Instrumenting class 'org.springframework.core.NestedRuntimeException'.
23:36:11.618 [main] INFO  o.e.r.i.MethodCallReplacementClassAdapter - Adding mock interface to class org/springframework/core/NestedRuntimeException
23:36:11.619 [main] INFO  o.e.r.i.CreateClassResetClassAdapter - Found static initializer in class org/springframework/core/NestedRuntimeException
23:36:11.619 [main] INFO  o.e.r.i.MethodCallReplacementClassAdapter - No hashCode defined for: org/springframework/core/NestedRuntimeException, superclass = java.lang.RuntimeException
23:36:11.619 [main] DEBUG o.e.r.agent.TransformerForTests - Going to instrument: org.springframework.core.NestedRuntimeException
23:36:11.620 [main] INFO  o.e.r.i.CreateClassResetClassAdapter - Found static initializer in class org/springframework/core/NestedRuntimeException
23:36:11.620 [main] INFO  o.e.r.i.MethodCallReplacementClassAdapter - No hashCode defined for: org/springframework/core/NestedRuntimeException, superclass = org.evosuite.runtime.mock.java.lang.MockRuntimeException
23:36:11.620 [main] INFO  o.e.r.instrumentation.EvoClassLoader - Error while loading class: java.lang.ClassFormatError: Duplicate method name&signature in class file org/springframework/core/NestedRuntimeException
23:36:11.620 [main] INFO  o.e.r.instrumentation.EvoClassLoader - Error while loading class: java.lang.NoClassDefFoundError: org/springframework/core/NestedRuntimeException
23:36:11.620 [main] INFO  o.e.r.instrumentation.EvoClassLoader - Error while loading class: java.lang.NoClassDefFoundError: org/springframework/beans/BeansException
23:36:11.621 [main] INFO  o.e.r.instrumentation.EvoClassLoader - Error while loading class: java.lang.NoClassDefFoundError: org/springframework/beans/FatalBeanException
23:36:11.621 [main] ERROR o.e.r.c.ClassStateSupport - Could not initialize org.springframework.web.servlet.handler.AbstractDetectingUrlHandlerMapping: org/springframework/context/ApplicationContextException
23:36:11.621 [main] INFO  o.e.r.instrumentation.EvoClassLoader - Seeing class for first time: org.springframework.context.MessageSource
23:36:11.621 [main] INFO  o.e.r.instrumentation.EvoClassLoader - Instrumenting class 'org.springframework.context.MessageSource'.
23:36:11.622 [main] DEBUG o.e.r.agent.TransformerForTests - Going to instrument: org.springframework.context.MessageSource
23:36:11.622 [main] INFO  o.e.r.instrumentation.EvoClassLoader - Keeping class: org.springframework.context.MessageSource
23:36:11.623 [main] INFO  o.e.r.instrumentation.EvoClassLoader - Seeing class for first time: org.springframework.web.bind.support.WebBindingInitializer
23:36:11.623 [main] INFO  o.e.r.instrumentation.EvoClassLoader - Instrumenting class 'org.springframework.web.bind.support.WebBindingInitializer'.
23:36:11.624 [main] DEBUG o.e.r.agent.TransformerForTests - Going to instrument: org.springframework.web.bind.support.WebBindingInitializer
23:36:11.624 [main] INFO  o.e.r.instrumentation.EvoClassLoader - Keeping class: org.springframework.web.bind.support.WebBindingInitializer
23:36:11.625 [main] INFO  o.e.r.instrumentation.EvoClassLoader - Seeing class for first time: org.springframework.web.bind.WebDataBinder
23:36:11.625 [main] INFO  o.e.r.instrumentation.EvoClassLoader - Instrumenting class 'org.springframework.web.bind.WebDataBinder'.
23:36:11.626 [main] INFO  o.e.r.i.MethodCallReplacementClassAdapter - Adding mock interface to class org/springframework/web/bind/WebDataBinder
23:36:11.626 [main] INFO  o.e.r.i.MethodCallReplacementClassAdapter - No hashCode defined for: org/springframework/web/bind/WebDataBinder, superclass = org.springframework.validation.DataBinder
23:36:11.626 [main] INFO  o.e.r.i.CreateClassResetClassAdapter - Creating brand-new static initializer in class org/springframework/web/bind/WebDataBinder
23:36:11.626 [main] INFO  o.e.r.i.CreateClassResetClassAdapter - Adding bytecode for initializing field DEFAULT_FIELD_MARKER_PREFIX
23:36:11.626 [main] INFO  o.e.r.i.CreateClassResetClassAdapter - Adding bytecode for initializing field DEFAULT_FIELD_DEFAULT_PREFIX
23:36:11.626 [main] DEBUG o.e.r.agent.TransformerForTests - Going to instrument: org.springframework.web.bind.WebDataBinder
23:36:11.627 [main] INFO  o.e.r.i.MethodCallReplacementClassAdapter - No hashCode defined for: org/springframework/web/bind/WebDataBinder, superclass = org.springframework.validation.DataBinder
23:36:11.628 [main] INFO  o.e.r.instrumentation.EvoClassLoader - Seeing class for first time: org.springframework.validation.DataBinder
23:36:11.628 [main] INFO  o.e.r.instrumentation.EvoClassLoader - Instrumenting class 'org.springframework.validation.DataBinder'.
23:36:11.630 [main] INFO  o.e.r.i.MethodCallReplacementClassAdapter - Adding mock interface to class org/springframework/validation/DataBinder
23:36:11.632 [main] INFO  o.e.r.i.CreateClassResetClassAdapter - Found static initializer in class org/springframework/validation/DataBinder
23:36:11.632 [main] INFO  o.e.r.i.MethodCallReplacementClassAdapter - No hashCode defined for: org/springframework/validation/DataBinder, superclass = java.lang.Object
23:36:11.632 [main] DEBUG o.e.r.agent.TransformerForTests - Going to instrument: org.springframework.validation.DataBinder
23:36:11.636 [main] INFO  o.e.r.i.CreateClassResetClassAdapter - Found static initializer in class org/springframework/validation/DataBinder
23:36:11.637 [main] INFO  o.e.r.instrumentation.EvoClassLoader - Error while loading class: java.lang.ClassFormatError: Duplicate method name&signature in class file org/springframework/validation/DataBinder
23:36:11.637 [main] INFO  o.e.r.instrumentation.EvoClassLoader - Error while loading class: java.lang.NoClassDefFoundError: org/springframework/validation/DataBinder
23:36:11.638 [main] ERROR o.e.r.c.ClassStateSupport - Could not initialize org.springframework.web.bind.support.DefaultDataBinderFactory: org/springframework/web/bind/WebDataBinder
23:36:11.638 [main] INFO  o.e.r.instrumentation.EvoClassLoader - Seeing class for first time: org.springframework.beans.BeansException
23:36:11.638 [main] INFO  o.e.r.instrumentation.EvoClassLoader - Instrumenting class 'org.springframework.beans.BeansException'.
23:36:11.638 [main] INFO  o.e.r.i.MethodCallReplacementClassAdapter - Adding mock interface to class org/springframework/beans/BeansException
23:36:11.639 [main] INFO  o.e.r.i.CreateClassResetClassAdapter - Creating brand-new static initializer in class org/springframework/beans/BeansException
23:36:11.639 [main] DEBUG o.e.r.agent.TransformerForTests - Going to instrument: org.springframework.beans.BeansException
23:36:11.640 [main] INFO  o.e.r.instrumentation.EvoClassLoader - Seeing class for first time: org.springframework.core.NestedRuntimeException
23:36:11.640 [main] INFO  o.e.r.instrumentation.EvoClassLoader - Instrumenting class 'org.springframework.core.NestedRuntimeException'.
23:36:11.640 [main] INFO  o.e.r.i.MethodCallReplacementClassAdapter - Adding mock interface to class org/springframework/core/NestedRuntimeException
23:36:11.641 [main] INFO  o.e.r.i.CreateClassResetClassAdapter - Found static initializer in class org/springframework/core/NestedRuntimeException
23:36:11.641 [main] INFO  o.e.r.i.MethodCallReplacementClassAdapter - No hashCode defined for: org/springframework/core/NestedRuntimeException, superclass = java.lang.RuntimeException
23:36:11.641 [main] DEBUG o.e.r.agent.TransformerForTests - Going to instrument: org.springframework.core.NestedRuntimeException
23:36:11.642 [main] INFO  o.e.r.i.CreateClassResetClassAdapter - Found static initializer in class org/springframework/core/NestedRuntimeException
23:36:11.642 [main] INFO  o.e.r.i.MethodCallReplacementClassAdapter - No hashCode defined for: org/springframework/core/NestedRuntimeException, superclass = org.evosuite.runtime.mock.java.lang.MockRuntimeException
23:36:11.642 [main] INFO  o.e.r.instrumentation.EvoClassLoader - Error while loading class: java.lang.ClassFormatError: Duplicate method name&signature in class file org/springframework/core/NestedRuntimeException
23:36:11.642 [main] INFO  o.e.r.instrumentation.EvoClassLoader - Error while loading class: java.lang.NoClassDefFoundError: org/springframework/core/NestedRuntimeException
23:36:11.642 [main] ERROR o.e.r.c.ClassStateSupport - Could not initialize org.springframework.web.filter.RequestContextFilter: org/springframework/beans/BeansException
23:36:11.643 [main] INFO  o.e.r.instrumentation.EvoClassLoader - Seeing class for first time: com.fasterxml.jackson.databind.DeserializationConfig
23:36:11.643 [main] INFO  o.e.r.instrumentation.EvoClassLoader - Instrumenting class 'com.fasterxml.jackson.databind.DeserializationConfig'.
23:36:11.645 [main] INFO  o.e.r.i.MethodCallReplacementClassAdapter - Adding mock interface to class com/fasterxml/jackson/databind/DeserializationConfig
23:36:11.646 [main] INFO  o.e.r.i.MethodCallReplacementClassAdapter - No hashCode defined for: com/fasterxml/jackson/databind/DeserializationConfig, superclass = com.fasterxml.jackson.databind.cfg.MapperConfigBase
23:36:11.647 [main] INFO  o.e.r.i.CreateClassResetClassAdapter - Creating brand-new static initializer in class com/fasterxml/jackson/databind/DeserializationConfig
23:36:11.647 [main] DEBUG o.e.r.agent.TransformerForTests - Going to instrument: com.fasterxml.jackson.databind.DeserializationConfig
23:36:11.652 [main] INFO  o.e.r.i.MethodCallReplacementClassAdapter - No hashCode defined for: com/fasterxml/jackson/databind/DeserializationConfig, superclass = com.fasterxml.jackson.databind.cfg.MapperConfigBase
23:36:11.653 [main] INFO  o.e.r.instrumentation.EvoClassLoader - Seeing class for first time: com.fasterxml.jackson.databind.cfg.MapperConfigBase
23:36:11.653 [main] INFO  o.e.r.instrumentation.EvoClassLoader - Instrumenting class 'com.fasterxml.jackson.databind.cfg.MapperConfigBase'.
23:36:11.655 [main] INFO  o.e.r.i.MethodCallReplacementClassAdapter - Adding mock interface to class com/fasterxml/jackson/databind/cfg/MapperConfigBase
23:36:11.656 [main] INFO  o.e.r.i.CreateClassResetClassAdapter - Found static initializer in class com/fasterxml/jackson/databind/cfg/MapperConfigBase
23:36:11.656 [main] INFO  o.e.r.i.MethodCallReplacementClassAdapter - No hashCode defined for: com/fasterxml/jackson/databind/cfg/MapperConfigBase, superclass = com.fasterxml.jackson.databind.cfg.MapperConfig
23:36:11.656 [main] DEBUG o.e.r.agent.TransformerForTests - Going to instrument: com.fasterxml.jackson.databind.cfg.MapperConfigBase
23:36:11.657 [main] INFO  o.e.r.i.CreateClassResetClassAdapter - Found static initializer in class com/fasterxml/jackson/databind/cfg/MapperConfigBase
23:36:11.657 [main] INFO  o.e.r.i.MethodCallReplacementClassAdapter - No hashCode defined for: com/fasterxml/jackson/databind/cfg/MapperConfigBase, superclass = com.fasterxml.jackson.databind.cfg.MapperConfig
23:36:11.658 [main] INFO  o.e.r.instrumentation.EvoClassLoader - Error while loading class: java.lang.ClassFormatError: Duplicate method name&signature in class file com/fasterxml/jackson/databind/cfg/MapperConfigBase
23:36:11.658 [main] INFO  o.e.r.instrumentation.EvoClassLoader - Error while loading class: java.lang.NoClassDefFoundError: com/fasterxml/jackson/databind/cfg/MapperConfigBase
23:36:11.658 [main] ERROR o.e.r.c.ClassStateSupport - Could not initialize com.fasterxml.jackson.databind.DeserializationContext: com/fasterxml/jackson/databind/DeserializationConfig
23:36:11.658 [main] INFO  o.e.r.instrumentation.EvoClassLoader - Seeing class for first time: org.springframework.http.HttpMethod
23:36:11.658 [main] INFO  o.e.r.instrumentation.EvoClassLoader - Instrumenting class 'org.springframework.http.HttpMethod'.
23:36:11.659 [main] INFO  o.e.r.i.MethodCallReplacementClassAdapter - Adding mock interface to class org/springframework/http/HttpMethod
23:36:11.659 [main] INFO  o.e.r.i.CreateClassResetClassAdapter - Found static initializer in class org/springframework/http/HttpMethod
23:36:11.659 [main] INFO  o.e.r.i.MethodCallReplacementClassAdapter - No hashCode defined for: org/springframework/http/HttpMethod, superclass = java.lang.Enum
23:36:11.660 [main] DEBUG o.e.r.agent.TransformerForTests - Going to instrument: org.springframework.http.HttpMethod
23:36:11.660 [main] INFO  o.e.r.i.CreateClassResetClassAdapter - Found static initializer in class org/springframework/http/HttpMethod
23:36:11.660 [main] INFO  o.e.r.i.MethodCallReplacementClassAdapter - No hashCode defined for: org/springframework/http/HttpMethod, superclass = java.lang.Enum
23:36:11.660 [main] INFO  o.e.r.instrumentation.EvoClassLoader - Error while loading class: java.lang.ClassFormatError: Duplicate method name&signature in class file org/springframework/http/HttpMethod
23:36:11.660 [main] ERROR o.e.r.c.ClassStateSupport - Could not initialize org.springframework.http.HttpMethod: Duplicate method name&signature in class file org/springframework/http/HttpMethod
23:36:11.661 [main] INFO  o.e.r.instrumentation.EvoClassLoader - Seeing class for first time: org.springframework.web.servlet.view.BeanNameViewResolver
23:36:11.661 [main] INFO  o.e.r.instrumentation.EvoClassLoader - Instrumenting class 'org.springframework.web.servlet.view.BeanNameViewResolver'.
23:36:11.661 [main] INFO  o.e.r.i.MethodCallReplacementClassAdapter - Adding mock interface to class org/springframework/web/servlet/view/BeanNameViewResolver
23:36:11.662 [main] INFO  o.e.r.i.MethodCallReplacementClassAdapter - No hashCode defined for: org/springframework/web/servlet/view/BeanNameViewResolver, superclass = org.springframework.web.context.support.WebApplicationObjectSupport
23:36:11.662 [main] INFO  o.e.r.i.CreateClassResetClassAdapter - Creating brand-new static initializer in class org/springframework/web/servlet/view/BeanNameViewResolver
23:36:11.662 [main] DEBUG o.e.r.agent.TransformerForTests - Going to instrument: org.springframework.web.servlet.view.BeanNameViewResolver
23:36:11.662 [main] INFO  o.e.r.i.MethodCallReplacementClassAdapter - No hashCode defined for: org/springframework/web/servlet/view/BeanNameViewResolver, superclass = org.springframework.web.context.support.WebApplicationObjectSupport
23:36:11.663 [main] INFO  o.e.r.instrumentation.EvoClassLoader - Keeping class: org.springframework.web.servlet.view.BeanNameViewResolver
23:36:11.663 [main] INFO  o.e.r.instrumentation.EvoClassLoader - Seeing class for first time: org.springframework.context.ApplicationContextException
23:36:11.663 [main] INFO  o.e.r.instrumentation.EvoClassLoader - Instrumenting class 'org.springframework.context.ApplicationContextException'.
23:36:11.664 [main] INFO  o.e.r.i.MethodCallReplacementClassAdapter - Adding mock interface to class org/springframework/context/ApplicationContextException
23:36:11.665 [main] INFO  o.e.r.i.MethodCallReplacementClassAdapter - No hashCode defined for: org/springframework/context/ApplicationContextException, superclass = org.springframework.beans.FatalBeanException
23:36:11.665 [main] INFO  o.e.r.i.CreateClassResetClassAdapter - Creating brand-new static initializer in class org/springframework/context/ApplicationContextException
23:36:11.665 [main] DEBUG o.e.r.agent.TransformerForTests - Going to instrument: org.springframework.context.ApplicationContextException
23:36:11.666 [main] INFO  o.e.r.i.MethodCallReplacementClassAdapter - No hashCode defined for: org/springframework/context/ApplicationContextException, superclass = org.springframework.beans.FatalBeanException
23:36:11.666 [main] INFO  o.e.r.instrumentation.EvoClassLoader - Seeing class for first time: org.springframework.beans.FatalBeanException
23:36:11.666 [main] INFO  o.e.r.instrumentation.EvoClassLoader - Instrumenting class 'org.springframework.beans.FatalBeanException'.
23:36:11.667 [main] INFO  o.e.r.i.MethodCallReplacementClassAdapter - Adding mock interface to class org/springframework/beans/FatalBeanException
23:36:11.668 [main] INFO  o.e.r.i.MethodCallReplacementClassAdapter - No hashCode defined for: org/springframework/beans/FatalBeanException, superclass = org.springframework.beans.BeansException
23:36:11.668 [main] INFO  o.e.r.i.CreateClassResetClassAdapter - Creating brand-new static initializer in class org/springframework/beans/FatalBeanException
23:36:11.668 [main] DEBUG o.e.r.agent.TransformerForTests - Going to instrument: org.springframework.beans.FatalBeanException
23:36:11.668 [main] INFO  o.e.r.i.MethodCallReplacementClassAdapter - No hashCode defined for: org/springframework/beans/FatalBeanException, superclass = org.springframework.beans.BeansException
23:36:11.668 [main] INFO  o.e.r.instrumentation.EvoClassLoader - Seeing class for first time: org.springframework.beans.BeansException
23:36:11.668 [main] INFO  o.e.r.instrumentation.EvoClassLoader - Instrumenting class 'org.springframework.beans.BeansException'.
23:36:11.669 [main] INFO  o.e.r.i.MethodCallReplacementClassAdapter - Adding mock interface to class org/springframework/beans/BeansException
23:36:11.669 [main] INFO  o.e.r.i.CreateClassResetClassAdapter - Creating brand-new static initializer in class org/springframework/beans/BeansException
23:36:11.669 [main] DEBUG o.e.r.agent.TransformerForTests - Going to instrument: org.springframework.beans.BeansException
23:36:11.670 [main] INFO  o.e.r.instrumentation.EvoClassLoader - Seeing class for first time: org.springframework.core.NestedRuntimeException
23:36:11.670 [main] INFO  o.e.r.instrumentation.EvoClassLoader - Instrumenting class 'org.springframework.core.NestedRuntimeException'.
23:36:11.671 [main] INFO  o.e.r.i.MethodCallReplacementClassAdapter - Adding mock interface to class org/springframework/core/NestedRuntimeException
23:36:11.672 [main] INFO  o.e.r.i.CreateClassResetClassAdapter - Found static initializer in class org/springframework/core/NestedRuntimeException
23:36:11.673 [main] INFO  o.e.r.i.MethodCallReplacementClassAdapter - No hashCode defined for: org/springframework/core/NestedRuntimeException, superclass = java.lang.RuntimeException
23:36:11.678 [main] DEBUG o.e.r.agent.TransformerForTests - Going to instrument: org.springframework.core.NestedRuntimeException
23:36:11.679 [main] INFO  o.e.r.i.CreateClassResetClassAdapter - Found static initializer in class org/springframework/core/NestedRuntimeException
23:36:11.679 [main] INFO  o.e.r.i.MethodCallReplacementClassAdapter - No hashCode defined for: org/springframework/core/NestedRuntimeException, superclass = org.evosuite.runtime.mock.java.lang.MockRuntimeException
23:36:11.680 [main] INFO  o.e.r.instrumentation.EvoClassLoader - Error while loading class: java.lang.ClassFormatError: Duplicate method name&signature in class file org/springframework/core/NestedRuntimeException
23:36:11.680 [main] INFO  o.e.r.instrumentation.EvoClassLoader - Error while loading class: java.lang.NoClassDefFoundError: org/springframework/core/NestedRuntimeException
23:36:11.680 [main] INFO  o.e.r.instrumentation.EvoClassLoader - Error while loading class: java.lang.NoClassDefFoundError: org/springframework/beans/BeansException
23:36:11.680 [main] INFO  o.e.r.instrumentation.EvoClassLoader - Error while loading class: java.lang.NoClassDefFoundError: org/springframework/beans/FatalBeanException
23:36:11.680 [main] ERROR o.e.r.c.ClassStateSupport - Could not initialize org.springframework.web.servlet.view.BeanNameViewResolver: org/springframework/context/ApplicationContextException
23:36:11.680 [main] INFO  o.e.r.instrumentation.EvoClassLoader - Seeing class for first time: com.fasterxml.jackson.core.util.ByteArrayBuilder
23:36:11.680 [main] INFO  o.e.r.instrumentation.EvoClassLoader - Instrumenting class 'com.fasterxml.jackson.core.util.ByteArrayBuilder'.
23:36:11.681 [main] INFO  o.e.r.i.MethodCallReplacementClassAdapter - Adding mock interface to class com/fasterxml/jackson/core/util/ByteArrayBuilder
23:36:11.683 [main] INFO  o.e.r.i.CreateClassResetClassAdapter - Found static initializer in class com/fasterxml/jackson/core/util/ByteArrayBuilder
23:36:11.683 [main] INFO  o.e.r.i.MethodCallReplacementClassAdapter - No hashCode defined for: com/fasterxml/jackson/core/util/ByteArrayBuilder, superclass = java.io.OutputStream
23:36:11.683 [main] DEBUG o.e.r.agent.TransformerForTests - Going to instrument: com.fasterxml.jackson.core.util.ByteArrayBuilder
23:36:11.685 [main] INFO  o.e.r.i.CreateClassResetClassAdapter - Found static initializer in class com/fasterxml/jackson/core/util/ByteArrayBuilder
23:36:11.685 [main] INFO  o.e.r.i.MethodCallReplacementClassAdapter - No hashCode defined for: com/fasterxml/jackson/core/util/ByteArrayBuilder, superclass = java.io.OutputStream
23:36:11.685 [main] INFO  o.e.r.instrumentation.EvoClassLoader - Error while loading class: java.lang.ClassFormatError: Duplicate method name&signature in class file com/fasterxml/jackson/core/util/ByteArrayBuilder
23:36:11.686 [main] ERROR o.e.r.c.ClassStateSupport - Could not initialize com.fasterxml.jackson.core.util.ByteArrayBuilder: Duplicate method name&signature in class file com/fasterxml/jackson/core/util/ByteArrayBuilder
23:36:11.686 [main] INFO  o.e.r.instrumentation.EvoClassLoader - Seeing class for first time: org.springframework.web.servlet.AsyncHandlerInterceptor
23:36:11.686 [main] INFO  o.e.r.instrumentation.EvoClassLoader - Instrumenting class 'org.springframework.web.servlet.AsyncHandlerInterceptor'.
23:36:11.686 [main] DEBUG o.e.r.agent.TransformerForTests - Going to instrument: org.springframework.web.servlet.AsyncHandlerInterceptor
23:36:11.687 [main] INFO  o.e.r.instrumentation.EvoClassLoader - Seeing class for first time: org.springframework.web.servlet.HandlerInterceptor
23:36:11.687 [main] INFO  o.e.r.instrumentation.EvoClassLoader - Instrumenting class 'org.springframework.web.servlet.HandlerInterceptor'.
23:36:11.687 [main] DEBUG o.e.r.agent.TransformerForTests - Going to instrument: org.springframework.web.servlet.HandlerInterceptor
23:36:11.688 [main] INFO  o.e.r.instrumentation.EvoClassLoader - Keeping class: org.springframework.web.servlet.HandlerInterceptor
23:36:11.688 [main] INFO  o.e.r.instrumentation.EvoClassLoader - Keeping class: org.springframework.web.servlet.AsyncHandlerInterceptor
23:36:11.688 [main] INFO  o.e.r.instrumentation.EvoClassLoader - Seeing class for first time: org.springframework.http.converter.HttpMessageConversionException
23:36:11.688 [main] INFO  o.e.r.instrumentation.EvoClassLoader - Instrumenting class 'org.springframework.http.converter.HttpMessageConversionException'.
23:36:11.690 [main] INFO  o.e.r.i.MethodCallReplacementClassAdapter - Adding mock interface to class org/springframework/http/converter/HttpMessageConversionException
23:36:11.690 [main] INFO  o.e.r.i.MethodCallReplacementClassAdapter - No hashCode defined for: org/springframework/http/converter/HttpMessageConversionException, superclass = org.springframework.core.NestedRuntimeException
23:36:11.691 [main] INFO  o.e.r.i.CreateClassResetClassAdapter - Creating brand-new static initializer in class org/springframework/http/converter/HttpMessageConversionException
23:36:11.691 [main] DEBUG o.e.r.agent.TransformerForTests - Going to instrument: org.springframework.http.converter.HttpMessageConversionException
23:36:11.691 [main] INFO  o.e.r.i.MethodCallReplacementClassAdapter - No hashCode defined for: org/springframework/http/converter/HttpMessageConversionException, superclass = org.springframework.core.NestedRuntimeException
23:36:11.692 [main] INFO  o.e.r.instrumentation.EvoClassLoader - Seeing class for first time: org.springframework.core.NestedRuntimeException
23:36:11.692 [main] INFO  o.e.r.instrumentation.EvoClassLoader - Instrumenting class 'org.springframework.core.NestedRuntimeException'.
23:36:11.693 [main] INFO  o.e.r.i.MethodCallReplacementClassAdapter - Adding mock interface to class org/springframework/core/NestedRuntimeException
23:36:11.694 [main] INFO  o.e.r.i.CreateClassResetClassAdapter - Found static initializer in class org/springframework/core/NestedRuntimeException
23:36:11.694 [main] INFO  o.e.r.i.MethodCallReplacementClassAdapter - No hashCode defined for: org/springframework/core/NestedRuntimeException, superclass = java.lang.RuntimeException
23:36:11.695 [main] DEBUG o.e.r.agent.TransformerForTests - Going to instrument: org.springframework.core.NestedRuntimeException
23:36:11.696 [main] INFO  o.e.r.i.CreateClassResetClassAdapter - Found static initializer in class org/springframework/core/NestedRuntimeException
23:36:11.697 [main] INFO  o.e.r.i.MethodCallReplacementClassAdapter - No hashCode defined for: org/springframework/core/NestedRuntimeException, superclass = org.evosuite.runtime.mock.java.lang.MockRuntimeException
23:36:11.697 [main] INFO  o.e.r.instrumentation.EvoClassLoader - Error while loading class: java.lang.ClassFormatError: Duplicate method name&signature in class file org/springframework/core/NestedRuntimeException
23:36:11.697 [main] INFO  o.e.r.instrumentation.EvoClassLoader - Error while loading class: java.lang.NoClassDefFoundError: org/springframework/core/NestedRuntimeException
23:36:11.698 [main] ERROR o.e.r.c.ClassStateSupport - Could not initialize org.springframework.http.converter.HttpMessageConversionException: org/springframework/core/NestedRuntimeException
23:36:11.698 [main] INFO  o.e.r.instrumentation.EvoClassLoader - Seeing class for first time: com.fasterxml.jackson.databind.introspect.NopAnnotationIntrospector
23:36:11.699 [main] INFO  o.e.r.instrumentation.EvoClassLoader - Instrumenting class 'com.fasterxml.jackson.databind.introspect.NopAnnotationIntrospector'.
23:36:11.699 [main] INFO  o.e.r.i.MethodCallReplacementClassAdapter - Adding mock interface to class com/fasterxml/jackson/databind/introspect/NopAnnotationIntrospector
23:36:11.700 [main] INFO  o.e.r.i.CreateClassResetClassAdapter - Found static initializer in class com/fasterxml/jackson/databind/introspect/NopAnnotationIntrospector
23:36:11.700 [main] INFO  o.e.r.i.MethodCallReplacementClassAdapter - No hashCode defined for: com/fasterxml/jackson/databind/introspect/NopAnnotationIntrospector, superclass = com.fasterxml.jackson.databind.AnnotationIntrospector
23:36:11.700 [main] DEBUG o.e.r.agent.TransformerForTests - Going to instrument: com.fasterxml.jackson.databind.introspect.NopAnnotationIntrospector
23:36:11.700 [main] INFO  o.e.r.i.CreateClassResetClassAdapter - Found static initializer in class com/fasterxml/jackson/databind/introspect/NopAnnotationIntrospector
23:36:11.700 [main] INFO  o.e.r.i.MethodCallReplacementClassAdapter - No hashCode defined for: com/fasterxml/jackson/databind/introspect/NopAnnotationIntrospector, superclass = com.fasterxml.jackson.databind.AnnotationIntrospector
23:36:11.700 [main] INFO  o.e.r.instrumentation.EvoClassLoader - Error while loading class: java.lang.ClassFormatError: Duplicate method name&signature in class file com/fasterxml/jackson/databind/introspect/NopAnnotationIntrospector
23:36:11.700 [main] ERROR o.e.r.c.ClassStateSupport - Could not initialize com.fasterxml.jackson.databind.AnnotationIntrospector: com/fasterxml/jackson/databind/introspect/NopAnnotationIntrospector
23:36:11.701 [main] INFO  o.e.r.instrumentation.EvoClassLoader - Seeing class for first time: org.springframework.beans.factory.BeanFactoryUtils
23:36:11.701 [main] INFO  o.e.r.instrumentation.EvoClassLoader - Instrumenting class 'org.springframework.beans.factory.BeanFactoryUtils'.
23:36:11.702 [main] INFO  o.e.r.i.MethodCallReplacementClassAdapter - Adding mock interface to class org/springframework/beans/factory/BeanFactoryUtils
23:36:11.703 [main] INFO  o.e.r.i.MethodCallReplacementClassAdapter - No hashCode defined for: org/springframework/beans/factory/BeanFactoryUtils, superclass = java.lang.Object
23:36:11.703 [main] INFO  o.e.r.i.CreateClassResetClassAdapter - Creating brand-new static initializer in class org/springframework/beans/factory/BeanFactoryUtils
23:36:11.703 [main] INFO  o.e.r.i.CreateClassResetClassAdapter - Adding bytecode for initializing field GENERATED_BEAN_NAME_SEPARATOR
23:36:11.703 [main] DEBUG o.e.r.agent.TransformerForTests - Going to instrument: org.springframework.beans.factory.BeanFactoryUtils
23:36:11.705 [main] INFO  o.e.r.instrumentation.EvoClassLoader - Keeping class: org.springframework.beans.factory.BeanFactoryUtils
23:36:11.705 [main] INFO  o.e.r.instrumentation.EvoClassLoader - Seeing class for first time: org.springframework.beans.factory.NoUniqueBeanDefinitionException
23:36:11.705 [main] INFO  o.e.r.instrumentation.EvoClassLoader - Instrumenting class 'org.springframework.beans.factory.NoUniqueBeanDefinitionException'.
23:36:11.706 [main] INFO  o.e.r.i.MethodCallReplacementClassAdapter - Adding mock interface to class org/springframework/beans/factory/NoUniqueBeanDefinitionException
23:36:11.707 [main] INFO  o.e.r.i.MethodCallReplacementClassAdapter - No hashCode defined for: org/springframework/beans/factory/NoUniqueBeanDefinitionException, superclass = org.springframework.beans.factory.NoSuchBeanDefinitionException
23:36:11.707 [main] INFO  o.e.r.i.CreateClassResetClassAdapter - Creating brand-new static initializer in class org/springframework/beans/factory/NoUniqueBeanDefinitionException
23:36:11.707 [main] DEBUG o.e.r.agent.TransformerForTests - Going to instrument: org.springframework.beans.factory.NoUniqueBeanDefinitionException
23:36:11.707 [main] INFO  o.e.r.i.MethodCallReplacementClassAdapter - No hashCode defined for: org/springframework/beans/factory/NoUniqueBeanDefinitionException, superclass = org.springframework.beans.factory.NoSuchBeanDefinitionException
23:36:11.707 [main] INFO  o.e.r.instrumentation.EvoClassLoader - Seeing class for first time: org.springframework.beans.factory.NoSuchBeanDefinitionException
23:36:11.707 [main] INFO  o.e.r.instrumentation.EvoClassLoader - Instrumenting class 'org.springframework.beans.factory.NoSuchBeanDefinitionException'.
23:36:11.708 [main] INFO  o.e.r.i.MethodCallReplacementClassAdapter - Adding mock interface to class org/springframework/beans/factory/NoSuchBeanDefinitionException
23:36:11.708 [main] INFO  o.e.r.i.MethodCallReplacementClassAdapter - No hashCode defined for: org/springframework/beans/factory/NoSuchBeanDefinitionException, superclass = org.springframework.beans.BeansException
23:36:11.708 [main] INFO  o.e.r.i.CreateClassResetClassAdapter - Creating brand-new static initializer in class org/springframework/beans/factory/NoSuchBeanDefinitionException
23:36:11.709 [main] DEBUG o.e.r.agent.TransformerForTests - Going to instrument: org.springframework.beans.factory.NoSuchBeanDefinitionException
23:36:11.709 [main] INFO  o.e.r.i.MethodCallReplacementClassAdapter - No hashCode defined for: org/springframework/beans/factory/NoSuchBeanDefinitionException, superclass = org.springframework.beans.BeansException
23:36:11.709 [main] INFO  o.e.r.instrumentation.EvoClassLoader - Seeing class for first time: org.springframework.beans.BeansException
23:36:11.709 [main] INFO  o.e.r.instrumentation.EvoClassLoader - Instrumenting class 'org.springframework.beans.BeansException'.
23:36:11.710 [main] INFO  o.e.r.i.MethodCallReplacementClassAdapter - Adding mock interface to class org/springframework/beans/BeansException
23:36:11.710 [main] INFO  o.e.r.i.CreateClassResetClassAdapter - Creating brand-new static initializer in class org/springframework/beans/BeansException
23:36:11.710 [main] DEBUG o.e.r.agent.TransformerForTests - Going to instrument: org.springframework.beans.BeansException
23:36:11.711 [main] INFO  o.e.r.instrumentation.EvoClassLoader - Seeing class for first time: org.springframework.core.NestedRuntimeException
23:36:11.711 [main] INFO  o.e.r.instrumentation.EvoClassLoader - Instrumenting class 'org.springframework.core.NestedRuntimeException'.
23:36:11.711 [main] INFO  o.e.r.i.MethodCallReplacementClassAdapter - Adding mock interface to class org/springframework/core/NestedRuntimeException
23:36:11.712 [main] INFO  o.e.r.i.CreateClassResetClassAdapter - Found static initializer in class org/springframework/core/NestedRuntimeException
23:36:11.712 [main] INFO  o.e.r.i.MethodCallReplacementClassAdapter - No hashCode defined for: org/springframework/core/NestedRuntimeException, superclass = java.lang.RuntimeException
23:36:11.712 [main] DEBUG o.e.r.agent.TransformerForTests - Going to instrument: org.springframework.core.NestedRuntimeException
23:36:11.713 [main] INFO  o.e.r.i.CreateClassResetClassAdapter - Found static initializer in class org/springframework/core/NestedRuntimeException
23:36:11.713 [main] INFO  o.e.r.i.MethodCallReplacementClassAdapter - No hashCode defined for: org/springframework/core/NestedRuntimeException, superclass = org.evosuite.runtime.mock.java.lang.MockRuntimeException
23:36:11.714 [main] INFO  o.e.r.instrumentation.EvoClassLoader - Error while loading class: java.lang.ClassFormatError: Duplicate method name&signature in class file org/springframework/core/NestedRuntimeException
23:36:11.714 [main] INFO  o.e.r.instrumentation.EvoClassLoader - Error while loading class: java.lang.NoClassDefFoundError: org/springframework/core/NestedRuntimeException
23:36:11.714 [main] INFO  o.e.r.instrumentation.EvoClassLoader - Error while loading class: java.lang.NoClassDefFoundError: org/springframework/beans/BeansException
23:36:11.714 [main] INFO  o.e.r.instrumentation.EvoClassLoader - Error while loading class: java.lang.NoClassDefFoundError: org/springframework/beans/factory/NoSuchBeanDefinitionException
23:36:11.714 [main] ERROR o.e.r.c.ClassStateSupport - Could not initialize org.springframework.beans.factory.BeanFactoryUtils: org/springframework/beans/factory/NoUniqueBeanDefinitionException
23:36:11.714 [main] INFO  o.e.r.instrumentation.EvoClassLoader - Seeing class for first time: org.springframework.web.servlet.config.annotation.WebMvcConfigurationSupport
23:36:11.714 [main] INFO  o.e.r.instrumentation.EvoClassLoader - Instrumenting class 'org.springframework.web.servlet.config.annotation.WebMvcConfigurationSupport'.
23:36:11.715 [main] INFO  o.e.r.i.MethodCallReplacementClassAdapter - Adding mock interface to class org/springframework/web/servlet/config/annotation/WebMvcConfigurationSupport
23:36:11.719 [main] INFO  o.e.r.i.CreateClassResetClassAdapter - Found static initializer in class org/springframework/web/servlet/config/annotation/WebMvcConfigurationSupport
23:36:11.720 [main] INFO  o.e.r.i.MethodCallReplacementClassAdapter - No hashCode defined for: org/springframework/web/servlet/config/annotation/WebMvcConfigurationSupport, superclass = java.lang.Object
23:36:11.720 [main] DEBUG o.e.r.agent.TransformerForTests - Going to instrument: org.springframework.web.servlet.config.annotation.WebMvcConfigurationSupport
23:36:11.725 [main] INFO  o.e.r.i.CreateClassResetClassAdapter - Found static initializer in class org/springframework/web/servlet/config/annotation/WebMvcConfigurationSupport
23:36:11.726 [main] INFO  o.e.r.instrumentation.EvoClassLoader - Error while loading class: java.lang.ClassFormatError: Duplicate method name&signature in class file org/springframework/web/servlet/config/annotation/WebMvcConfigurationSupport
23:36:11.726 [main] ERROR o.e.r.c.ClassStateSupport - Could not initialize org.springframework.web.servlet.config.annotation.WebMvcConfigurationSupport: Duplicate method name&signature in class file org/springframework/web/servlet/config/annotation/WebMvcConfigurationSupport
23:36:11.726 [main] INFO  o.e.r.instrumentation.EvoClassLoader - Seeing class for first time: org.springframework.core.task.AsyncListenableTaskExecutor
23:36:11.726 [main] INFO  o.e.r.instrumentation.EvoClassLoader - Instrumenting class 'org.springframework.core.task.AsyncListenableTaskExecutor'.
23:36:11.727 [main] DEBUG o.e.r.agent.TransformerForTests - Going to instrument: org.springframework.core.task.AsyncListenableTaskExecutor
23:36:11.727 [main] INFO  o.e.r.instrumentation.EvoClassLoader - Seeing class for first time: org.springframework.core.task.AsyncTaskExecutor
23:36:11.727 [main] INFO  o.e.r.instrumentation.EvoClassLoader - Instrumenting class 'org.springframework.core.task.AsyncTaskExecutor'.
23:36:11.728 [main] DEBUG o.e.r.agent.TransformerForTests - Going to instrument: org.springframework.core.task.AsyncTaskExecutor
23:36:11.729 [main] INFO  o.e.r.instrumentation.EvoClassLoader - Keeping class: org.springframework.core.task.AsyncTaskExecutor
23:36:11.729 [main] INFO  o.e.r.instrumentation.EvoClassLoader - Keeping class: org.springframework.core.task.AsyncListenableTaskExecutor
23:36:11.729 [main] INFO  o.e.r.instrumentation.EvoClassLoader - Seeing class for first time: org.springframework.web.servlet.view.InternalResourceView
23:36:11.729 [main] INFO  o.e.r.instrumentation.EvoClassLoader - Instrumenting class 'org.springframework.web.servlet.view.InternalResourceView'.
23:36:11.730 [main] INFO  o.e.r.i.MethodCallReplacementClassAdapter - Adding mock interface to class org/springframework/web/servlet/view/InternalResourceView
23:36:11.730 [main] INFO  o.e.r.i.MethodCallReplacementClassAdapter - No hashCode defined for: org/springframework/web/servlet/view/InternalResourceView, superclass = org.springframework.web.servlet.view.AbstractUrlBasedView
23:36:11.731 [main] INFO  o.e.r.i.CreateClassResetClassAdapter - Creating brand-new static initializer in class org/springframework/web/servlet/view/InternalResourceView
23:36:11.731 [main] DEBUG o.e.r.agent.TransformerForTests - Going to instrument: org.springframework.web.servlet.view.InternalResourceView
23:36:11.732 [main] INFO  o.e.r.i.MethodCallReplacementClassAdapter - No hashCode defined for: org/springframework/web/servlet/view/InternalResourceView, superclass = org.springframework.web.servlet.view.AbstractUrlBasedView
23:36:11.733 [main] INFO  o.e.r.instrumentation.EvoClassLoader - Keeping class: org.springframework.web.servlet.view.InternalResourceView
23:36:11.733 [main] INFO  o.e.r.instrumentation.EvoClassLoader - Seeing class for first time: org.springframework.context.ApplicationContextException
23:36:11.733 [main] INFO  o.e.r.instrumentation.EvoClassLoader - Instrumenting class 'org.springframework.context.ApplicationContextException'.
23:36:11.733 [main] INFO  o.e.r.i.MethodCallReplacementClassAdapter - Adding mock interface to class org/springframework/context/ApplicationContextException
23:36:11.734 [main] INFO  o.e.r.i.MethodCallReplacementClassAdapter - No hashCode defined for: org/springframework/context/ApplicationContextException, superclass = org.springframework.beans.FatalBeanException
23:36:11.734 [main] INFO  o.e.r.i.CreateClassResetClassAdapter - Creating brand-new static initializer in class org/springframework/context/ApplicationContextException
23:36:11.734 [main] DEBUG o.e.r.agent.TransformerForTests - Going to instrument: org.springframework.context.ApplicationContextException
23:36:11.734 [main] INFO  o.e.r.i.MethodCallReplacementClassAdapter - No hashCode defined for: org/springframework/context/ApplicationContextException, superclass = org.springframework.beans.FatalBeanException
23:36:11.734 [main] INFO  o.e.r.instrumentation.EvoClassLoader - Seeing class for first time: org.springframework.beans.FatalBeanException
23:36:11.734 [main] INFO  o.e.r.instrumentation.EvoClassLoader - Instrumenting class 'org.springframework.beans.FatalBeanException'.
23:36:11.735 [main] INFO  o.e.r.i.MethodCallReplacementClassAdapter - Adding mock interface to class org/springframework/beans/FatalBeanException
23:36:11.735 [main] INFO  o.e.r.i.MethodCallReplacementClassAdapter - No hashCode defined for: org/springframework/beans/FatalBeanException, superclass = org.springframework.beans.BeansException
23:36:11.735 [main] INFO  o.e.r.i.CreateClassResetClassAdapter - Creating brand-new static initializer in class org/springframework/beans/FatalBeanException
23:36:11.735 [main] DEBUG o.e.r.agent.TransformerForTests - Going to instrument: org.springframework.beans.FatalBeanException
23:36:11.735 [main] INFO  o.e.r.i.MethodCallReplacementClassAdapter - No hashCode defined for: org/springframework/beans/FatalBeanException, superclass = org.springframework.beans.BeansException
23:36:11.735 [main] INFO  o.e.r.instrumentation.EvoClassLoader - Seeing class for first time: org.springframework.beans.BeansException
23:36:11.735 [main] INFO  o.e.r.instrumentation.EvoClassLoader - Instrumenting class 'org.springframework.beans.BeansException'.
23:36:11.736 [main] INFO  o.e.r.i.MethodCallReplacementClassAdapter - Adding mock interface to class org/springframework/beans/BeansException
23:36:11.737 [main] INFO  o.e.r.i.CreateClassResetClassAdapter - Creating brand-new static initializer in class org/springframework/beans/BeansException
23:36:11.737 [main] DEBUG o.e.r.agent.TransformerForTests - Going to instrument: org.springframework.beans.BeansException
23:36:11.737 [main] INFO  o.e.r.instrumentation.EvoClassLoader - Seeing class for first time: org.springframework.core.NestedRuntimeException
23:36:11.737 [main] INFO  o.e.r.instrumentation.EvoClassLoader - Instrumenting class 'org.springframework.core.NestedRuntimeException'.
23:36:11.738 [main] INFO  o.e.r.i.MethodCallReplacementClassAdapter - Adding mock interface to class org/springframework/core/NestedRuntimeException
23:36:11.739 [main] INFO  o.e.r.i.CreateClassResetClassAdapter - Found static initializer in class org/springframework/core/NestedRuntimeException
23:36:11.739 [main] INFO  o.e.r.i.MethodCallReplacementClassAdapter - No hashCode defined for: org/springframework/core/NestedRuntimeException, superclass = java.lang.RuntimeException
23:36:11.739 [main] DEBUG o.e.r.agent.TransformerForTests - Going to instrument: org.springframework.core.NestedRuntimeException
23:36:11.745 [main] INFO  o.e.r.i.CreateClassResetClassAdapter - Found static initializer in class org/springframework/core/NestedRuntimeException
23:36:11.745 [main] INFO  o.e.r.i.MethodCallReplacementClassAdapter - No hashCode defined for: org/springframework/core/NestedRuntimeException, superclass = org.evosuite.runtime.mock.java.lang.MockRuntimeException
23:36:11.745 [main] INFO  o.e.r.instrumentation.EvoClassLoader - Error while loading class: java.lang.ClassFormatError: Duplicate method name&signature in class file org/springframework/core/NestedRuntimeException
23:36:11.745 [main] INFO  o.e.r.instrumentation.EvoClassLoader - Error while loading class: java.lang.NoClassDefFoundError: org/springframework/core/NestedRuntimeException
23:36:11.745 [main] INFO  o.e.r.instrumentation.EvoClassLoader - Error while loading class: java.lang.NoClassDefFoundError: org/springframework/beans/BeansException
23:36:11.746 [main] INFO  o.e.r.instrumentation.EvoClassLoader - Error while loading class: java.lang.NoClassDefFoundError: org/springframework/beans/FatalBeanException
23:36:11.746 [main] ERROR o.e.r.c.ClassStateSupport - Could not initialize org.springframework.web.servlet.view.InternalResourceView: org/springframework/context/ApplicationContextException
23:36:11.746 [main] INFO  o.e.r.instrumentation.EvoClassLoader - Seeing class for first time: org.springframework.boot.autoconfigure.web.ResourceProperties
23:36:11.746 [main] INFO  o.e.r.instrumentation.EvoClassLoader - Instrumenting class 'org.springframework.boot.autoconfigure.web.ResourceProperties'.
23:36:11.747 [main] INFO  o.e.r.i.MethodCallReplacementClassAdapter - Adding mock interface to class org/springframework/boot/autoconfigure/web/ResourceProperties
23:36:11.748 [main] INFO  o.e.r.i.CreateClassResetClassAdapter - Found static initializer in class org/springframework/boot/autoconfigure/web/ResourceProperties
23:36:11.748 [main] INFO  o.e.r.i.MethodCallReplacementClassAdapter - No hashCode defined for: org/springframework/boot/autoconfigure/web/ResourceProperties, superclass = java.lang.Object
23:36:11.748 [main] DEBUG o.e.r.agent.TransformerForTests - Going to instrument: org.springframework.boot.autoconfigure.web.ResourceProperties
23:36:11.749 [main] INFO  o.e.r.i.CreateClassResetClassAdapter - Found static initializer in class org/springframework/boot/autoconfigure/web/ResourceProperties
23:36:11.749 [main] INFO  o.e.r.instrumentation.EvoClassLoader - Seeing class for first time: org.springframework.context.ResourceLoaderAware
23:36:11.750 [main] INFO  o.e.r.instrumentation.EvoClassLoader - Instrumenting class 'org.springframework.context.ResourceLoaderAware'.
23:36:11.751 [main] DEBUG o.e.r.agent.TransformerForTests - Going to instrument: org.springframework.context.ResourceLoaderAware
23:36:11.751 [main] INFO  o.e.r.instrumentation.EvoClassLoader - Keeping class: org.springframework.context.ResourceLoaderAware
23:36:11.751 [main] INFO  o.e.r.instrumentation.EvoClassLoader - Error while loading class: java.lang.ClassFormatError: Duplicate method name&signature in class file org/springframework/boot/autoconfigure/web/ResourceProperties
23:36:11.751 [main] ERROR o.e.r.c.ClassStateSupport - Could not initialize org.springframework.boot.autoconfigure.web.ResourceProperties: Duplicate method name&signature in class file org/springframework/boot/autoconfigure/web/ResourceProperties
23:36:11.751 [main] INFO  o.e.r.instrumentation.EvoClassLoader - Seeing class for first time: org.springframework.boot.autoconfigure.web.WebMvcAutoConfiguration$ResourceHandlerRegistrationCustomizer
23:36:11.751 [main] INFO  o.e.r.instrumentation.EvoClassLoader - Instrumenting class 'org.springframework.boot.autoconfigure.web.WebMvcAutoConfiguration$ResourceHandlerRegistrationCustomizer'.
23:36:11.752 [main] DEBUG o.e.r.agent.TransformerForTests - Going to instrument: org.springframework.boot.autoconfigure.web.WebMvcAutoConfiguration$ResourceHandlerRegistrationCustomizer
23:36:11.752 [main] INFO  o.e.r.instrumentation.EvoClassLoader - Keeping class: org.springframework.boot.autoconfigure.web.WebMvcAutoConfiguration$ResourceHandlerRegistrationCustomizer
23:36:11.753 [main] INFO  o.e.r.instrumentation.EvoClassLoader - Seeing class for first time: org.springframework.format.annotation.DateTimeFormat
23:36:11.753 [main] INFO  o.e.r.instrumentation.EvoClassLoader - Instrumenting class 'org.springframework.format.annotation.DateTimeFormat'.
23:36:11.754 [main] DEBUG o.e.r.agent.TransformerForTests - Going to instrument: org.springframework.format.annotation.DateTimeFormat
23:36:11.754 [main] INFO  o.e.r.instrumentation.EvoClassLoader - Keeping class: org.springframework.format.annotation.DateTimeFormat
23:36:11.754 [main] INFO  o.e.r.instrumentation.EvoClassLoader - Seeing class for first time: org.springframework.util.MimeType
23:36:11.754 [main] INFO  o.e.r.instrumentation.EvoClassLoader - Instrumenting class 'org.springframework.util.MimeType'.
23:36:11.756 [main] INFO  o.e.r.i.MethodCallReplacementClassAdapter - Adding mock interface to class org/springframework/util/MimeType
23:36:11.758 [main] INFO  o.e.r.i.CreateClassResetClassAdapter - Found static initializer in class org/springframework/util/MimeType
23:36:11.758 [main] DEBUG o.e.r.agent.TransformerForTests - Going to instrument: org.springframework.util.MimeType
23:36:11.761 [main] INFO  o.e.r.i.CreateClassResetClassAdapter - Found static initializer in class org/springframework/util/MimeType
23:36:11.762 [main] INFO  o.e.r.instrumentation.EvoClassLoader - Error while loading class: java.lang.ClassFormatError: Duplicate method name&signature in class file org/springframework/util/MimeType
23:36:11.762 [main] ERROR o.e.r.c.ClassStateSupport - Could not initialize org.springframework.util.MimeType: Duplicate method name&signature in class file org/springframework/util/MimeType
23:36:11.762 [main] INFO  o.e.r.instrumentation.EvoClassLoader - Seeing class for first time: org.springframework.web.method.annotation.ModelFactory
23:36:11.762 [main] INFO  o.e.r.instrumentation.EvoClassLoader - Instrumenting class 'org.springframework.web.method.annotation.ModelFactory'.
23:36:11.763 [main] INFO  o.e.r.i.MethodCallReplacementClassAdapter - Adding mock interface to class org/springframework/web/method/annotation/ModelFactory
23:36:11.764 [main] INFO  o.e.r.i.CreateClassResetClassAdapter - Found static initializer in class org/springframework/web/method/annotation/ModelFactory
23:36:11.764 [main] INFO  o.e.r.i.MethodCallReplacementClassAdapter - No hashCode defined for: org/springframework/web/method/annotation/ModelFactory, superclass = java.lang.Object
23:36:11.764 [main] DEBUG o.e.r.agent.TransformerForTests - Going to instrument: org.springframework.web.method.annotation.ModelFactory
23:36:11.766 [main] INFO  o.e.r.i.CreateClassResetClassAdapter - Found static initializer in class org/springframework/web/method/annotation/ModelFactory
23:36:11.766 [main] INFO  o.e.r.instrumentation.EvoClassLoader - Error while loading class: java.lang.ClassFormatError: Duplicate method name&signature in class file org/springframework/web/method/annotation/ModelFactory
23:36:11.766 [main] ERROR o.e.r.c.ClassStateSupport - Could not initialize org.springframework.web.method.annotation.ModelFactory: Duplicate method name&signature in class file org/springframework/web/method/annotation/ModelFactory
23:36:11.766 [main] INFO  o.e.r.instrumentation.EvoClassLoader - Seeing class for first time: org.springframework.http.converter.FormHttpMessageConverter
23:36:11.766 [main] INFO  o.e.r.instrumentation.EvoClassLoader - Instrumenting class 'org.springframework.http.converter.FormHttpMessageConverter'.
23:36:11.768 [main] INFO  o.e.r.i.MethodCallReplacementClassAdapter - Adding mock interface to class org/springframework/http/converter/FormHttpMessageConverter
23:36:11.769 [main] INFO  o.e.r.i.CreateClassResetClassAdapter - Found static initializer in class org/springframework/http/converter/FormHttpMessageConverter
23:36:11.769 [main] INFO  o.e.r.i.MethodCallReplacementClassAdapter - No hashCode defined for: org/springframework/http/converter/FormHttpMessageConverter, superclass = java.lang.Object
23:36:11.769 [main] DEBUG o.e.r.agent.TransformerForTests - Going to instrument: org.springframework.http.converter.FormHttpMessageConverter
23:36:11.771 [main] INFO  o.e.r.i.CreateClassResetClassAdapter - Found static initializer in class org/springframework/http/converter/FormHttpMessageConverter
23:36:11.772 [main] INFO  o.e.r.instrumentation.EvoClassLoader - Error while loading class: java.lang.ClassFormatError: Duplicate method name&signature in class file org/springframework/http/converter/FormHttpMessageConverter
23:36:11.772 [main] ERROR o.e.r.c.ClassStateSupport - Could not initialize org.springframework.http.converter.FormHttpMessageConverter: Duplicate method name&signature in class file org/springframework/http/converter/FormHttpMessageConverter
23:36:11.772 [main] INFO  o.e.r.instrumentation.EvoClassLoader - Seeing class for first time: org.springframework.core.convert.support.ByteBufferConverter
23:36:11.772 [main] INFO  o.e.r.instrumentation.EvoClassLoader - Instrumenting class 'org.springframework.core.convert.support.ByteBufferConverter'.
23:36:11.773 [main] INFO  o.e.r.i.MethodCallReplacementClassAdapter - Adding mock interface to class org/springframework/core/convert/support/ByteBufferConverter
23:36:11.774 [main] INFO  o.e.r.i.CreateClassResetClassAdapter - Found static initializer in class org/springframework/core/convert/support/ByteBufferConverter
23:36:11.774 [main] INFO  o.e.r.i.MethodCallReplacementClassAdapter - No hashCode defined for: org/springframework/core/convert/support/ByteBufferConverter, superclass = java.lang.Object
23:36:11.775 [main] DEBUG o.e.r.agent.TransformerForTests - Going to instrument: org.springframework.core.convert.support.ByteBufferConverter
23:36:11.777 [main] INFO  o.e.r.i.CreateClassResetClassAdapter - Found static initializer in class org/springframework/core/convert/support/ByteBufferConverter
23:36:11.778 [main] INFO  o.e.r.instrumentation.EvoClassLoader - Error while loading class: java.lang.ClassFormatError: Duplicate method name&signature in class file org/springframework/core/convert/support/ByteBufferConverter
23:36:11.778 [main] ERROR o.e.r.c.ClassStateSupport - Could not initialize org.springframework.core.convert.support.ByteBufferConverter: Duplicate method name&signature in class file org/springframework/core/convert/support/ByteBufferConverter
23:36:11.778 [main] INFO  o.e.r.instrumentation.EvoClassLoader - Seeing class for first time: org.apache.xalan.transformer.TransformerIdentityImpl
23:36:11.778 [main] INFO  o.e.r.instrumentation.EvoClassLoader - Instrumenting class 'org.apache.xalan.transformer.TransformerIdentityImpl'.
23:36:11.781 [main] INFO  o.e.r.i.MethodCallReplacementClassAdapter - Adding mock interface to class org/apache/xalan/transformer/TransformerIdentityImpl
23:36:11.793 [main] INFO  o.e.r.i.MethodCallReplacementClassAdapter - No hashCode defined for: org/apache/xalan/transformer/TransformerIdentityImpl, superclass = javax.xml.transform.Transformer
23:36:11.793 [main] INFO  o.e.r.i.CreateClassResetClassAdapter - Creating brand-new static initializer in class org/apache/xalan/transformer/TransformerIdentityImpl
23:36:11.793 [main] DEBUG o.e.r.agent.TransformerForTests - Going to instrument: org.apache.xalan.transformer.TransformerIdentityImpl
23:36:11.800 [main] INFO  o.e.r.i.MethodCallReplacementClassAdapter - No hashCode defined for: org/apache/xalan/transformer/TransformerIdentityImpl, superclass = javax.xml.transform.Transformer
23:36:11.800 [main] INFO  o.e.r.instrumentation.EvoClassLoader - Keeping class: org.apache.xalan.transformer.TransformerIdentityImpl
23:36:11.801 [main] INFO  o.e.r.instrumentation.EvoClassLoader - Seeing class for first time: org.apache.xml.utils.WrappedRuntimeException
23:36:11.801 [main] INFO  o.e.r.instrumentation.EvoClassLoader - Instrumenting class 'org.apache.xml.utils.WrappedRuntimeException'.
23:36:11.802 [main] INFO  o.e.r.i.MethodCallReplacementClassAdapter - Adding mock interface to class org/apache/xml/utils/WrappedRuntimeException
23:36:11.802 [main] INFO  o.e.r.i.MethodCallReplacementClassAdapter - No hashCode defined for: org/apache/xml/utils/WrappedRuntimeException, superclass = java.lang.RuntimeException
23:36:11.802 [main] INFO  o.e.r.i.CreateClassResetClassAdapter - Creating brand-new static initializer in class org/apache/xml/utils/WrappedRuntimeException
23:36:11.802 [main] DEBUG o.e.r.agent.TransformerForTests - Going to instrument: org.apache.xml.utils.WrappedRuntimeException
23:36:11.802 [main] INFO  o.e.r.i.MethodCallReplacementClassAdapter - No hashCode defined for: org/apache/xml/utils/WrappedRuntimeException, superclass = org.evosuite.runtime.mock.java.lang.MockRuntimeException
23:36:11.802 [main] INFO  o.e.r.instrumentation.EvoClassLoader - Keeping class: org.apache.xml.utils.WrappedRuntimeException
23:36:11.803 [main] INFO  o.e.r.instrumentation.EvoClassLoader - Seeing class for first time: org.apache.xml.serializer.TreeWalker
23:36:11.803 [main] INFO  o.e.r.instrumentation.EvoClassLoader - Instrumenting class 'org.apache.xml.serializer.TreeWalker'.
23:36:11.804 [main] INFO  o.e.r.i.MethodCallReplacementClassAdapter - Adding mock interface to class org/apache/xml/serializer/TreeWalker
23:36:11.804 [main] INFO  o.e.r.i.MethodCallReplacementClassAdapter - No hashCode defined for: org/apache/xml/serializer/TreeWalker, superclass = java.lang.Object
23:36:11.804 [main] INFO  o.e.r.i.CreateClassResetClassAdapter - Creating brand-new static initializer in class org/apache/xml/serializer/TreeWalker
23:36:11.805 [main] DEBUG o.e.r.agent.TransformerForTests - Going to instrument: org.apache.xml.serializer.TreeWalker
23:36:11.807 [main] INFO  o.e.r.instrumentation.EvoClassLoader - Keeping class: org.apache.xml.serializer.TreeWalker
23:36:11.810 [main] INFO  o.e.r.instrumentation.EvoClassLoader - Seeing class for first time: com.google.gson.Gson
23:36:11.810 [main] INFO  o.e.r.instrumentation.EvoClassLoader - Instrumenting class 'com.google.gson.Gson'.
23:36:11.812 [main] INFO  o.e.r.i.MethodCallReplacementClassAdapter - Adding mock interface to class com/google/gson/Gson
23:36:11.815 [main] INFO  o.e.r.i.MethodCallReplacementClassAdapter - No hashCode defined for: com/google/gson/Gson, superclass = java.lang.Object
23:36:11.815 [main] INFO  o.e.r.i.CreateClassResetClassAdapter - Creating brand-new static initializer in class com/google/gson/Gson
23:36:11.815 [main] INFO  o.e.r.i.CreateClassResetClassAdapter - Adding bytecode for initializing field DEFAULT_JSON_NON_EXECUTABLE
23:36:11.815 [main] INFO  o.e.r.i.CreateClassResetClassAdapter - Adding bytecode for initializing field JSON_NON_EXECUTABLE_PREFIX
23:36:11.815 [main] DEBUG o.e.r.agent.TransformerForTests - Going to instrument: com.google.gson.Gson
23:36:11.827 [main] INFO  o.e.r.instrumentation.EvoClassLoader - Keeping class: com.google.gson.Gson
23:36:11.827 [main] INFO  o.e.r.instrumentation.EvoClassLoader - Seeing class for first time: com.google.gson.TypeAdapter
23:36:11.827 [main] INFO  o.e.r.instrumentation.EvoClassLoader - Instrumenting class 'com.google.gson.TypeAdapter'.
23:36:11.828 [main] INFO  o.e.r.i.MethodCallReplacementClassAdapter - Adding mock interface to class com/google/gson/TypeAdapter
23:36:11.828 [main] INFO  o.e.r.i.MethodCallReplacementClassAdapter - No hashCode defined for: com/google/gson/TypeAdapter, superclass = java.lang.Object
23:36:11.829 [main] INFO  o.e.r.i.CreateClassResetClassAdapter - Creating brand-new static initializer in class com/google/gson/TypeAdapter
23:36:11.829 [main] DEBUG o.e.r.agent.TransformerForTests - Going to instrument: com.google.gson.TypeAdapter
23:36:11.829 [main] INFO  o.e.r.instrumentation.EvoClassLoader - Keeping class: com.google.gson.TypeAdapter
23:36:11.829 [main] INFO  o.e.r.instrumentation.EvoClassLoader - Seeing class for first time: com.google.gson.Gson$FutureTypeAdapter
23:36:11.829 [main] INFO  o.e.r.instrumentation.EvoClassLoader - Instrumenting class 'com.google.gson.Gson$FutureTypeAdapter'.
23:36:11.830 [main] INFO  o.e.r.i.MethodCallReplacementClassAdapter - Adding mock interface to class com/google/gson/Gson$FutureTypeAdapter
23:36:11.831 [main] INFO  o.e.r.i.MethodCallReplacementClassAdapter - No hashCode defined for: com/google/gson/Gson$FutureTypeAdapter, superclass = com.google.gson.TypeAdapter
23:36:11.831 [main] INFO  o.e.r.i.CreateClassResetClassAdapter - Creating brand-new static initializer in class com/google/gson/Gson$FutureTypeAdapter
23:36:11.831 [main] DEBUG o.e.r.agent.TransformerForTests - Going to instrument: com.google.gson.Gson$FutureTypeAdapter
23:36:11.832 [main] INFO  o.e.r.i.MethodCallReplacementClassAdapter - No hashCode defined for: com/google/gson/Gson$FutureTypeAdapter, superclass = com.google.gson.TypeAdapter
23:36:11.832 [main] INFO  o.e.r.instrumentation.EvoClassLoader - Keeping class: com.google.gson.Gson$FutureTypeAdapter
23:36:11.832 [main] INFO  o.e.r.instrumentation.EvoClassLoader - Seeing class for first time: com.google.gson.stream.MalformedJsonException
23:36:11.832 [main] INFO  o.e.r.instrumentation.EvoClassLoader - Instrumenting class 'com.google.gson.stream.MalformedJsonException'.
23:36:11.833 [main] INFO  o.e.r.i.MethodCallReplacementClassAdapter - Adding mock interface to class com/google/gson/stream/MalformedJsonException
23:36:11.834 [main] INFO  o.e.r.i.MethodCallReplacementClassAdapter - No hashCode defined for: com/google/gson/stream/MalformedJsonException, superclass = java.io.IOException
23:36:11.834 [main] INFO  o.e.r.i.CreateClassResetClassAdapter - Creating brand-new static initializer in class com/google/gson/stream/MalformedJsonException
23:36:11.834 [main] DEBUG o.e.r.agent.TransformerForTests - Going to instrument: com.google.gson.stream.MalformedJsonException
23:36:11.834 [main] INFO  o.e.r.i.MethodCallReplacementClassAdapter - No hashCode defined for: com/google/gson/stream/MalformedJsonException, superclass = org.evosuite.runtime.mock.java.io.MockIOException
23:36:11.834 [main] INFO  o.e.r.instrumentation.EvoClassLoader - Keeping class: com.google.gson.stream.MalformedJsonException
23:36:11.834 [main] INFO  o.e.r.instrumentation.EvoClassLoader - Seeing class for first time: com.google.gson.JsonIOException
23:36:11.834 [main] INFO  o.e.r.instrumentation.EvoClassLoader - Instrumenting class 'com.google.gson.JsonIOException'.
23:36:11.835 [main] INFO  o.e.r.i.MethodCallReplacementClassAdapter - Adding mock interface to class com/google/gson/JsonIOException
23:36:11.835 [main] INFO  o.e.r.i.MethodCallReplacementClassAdapter - No hashCode defined for: com/google/gson/JsonIOException, superclass = com.google.gson.JsonParseException
23:36:11.835 [main] INFO  o.e.r.i.CreateClassResetClassAdapter - Creating brand-new static initializer in class com/google/gson/JsonIOException
23:36:11.835 [main] DEBUG o.e.r.agent.TransformerForTests - Going to instrument: com.google.gson.JsonIOException
23:36:11.836 [main] INFO  o.e.r.i.MethodCallReplacementClassAdapter - No hashCode defined for: com/google/gson/JsonIOException, superclass = com.google.gson.JsonParseException
23:36:11.836 [main] INFO  o.e.r.instrumentation.EvoClassLoader - Seeing class for first time: com.google.gson.JsonParseException
23:36:11.836 [main] INFO  o.e.r.instrumentation.EvoClassLoader - Instrumenting class 'com.google.gson.JsonParseException'.
23:36:11.836 [main] INFO  o.e.r.i.MethodCallReplacementClassAdapter - Adding mock interface to class com/google/gson/JsonParseException
23:36:11.837 [main] INFO  o.e.r.i.MethodCallReplacementClassAdapter - No hashCode defined for: com/google/gson/JsonParseException, superclass = java.lang.RuntimeException
23:36:11.837 [main] INFO  o.e.r.i.CreateClassResetClassAdapter - Creating brand-new static initializer in class com/google/gson/JsonParseException
23:36:11.837 [main] DEBUG o.e.r.agent.TransformerForTests - Going to instrument: com.google.gson.JsonParseException
23:36:11.837 [main] INFO  o.e.r.i.MethodCallReplacementClassAdapter - No hashCode defined for: com/google/gson/JsonParseException, superclass = org.evosuite.runtime.mock.java.lang.MockRuntimeException
23:36:11.837 [main] INFO  o.e.r.instrumentation.EvoClassLoader - Keeping class: com.google.gson.JsonParseException
23:36:11.837 [main] INFO  o.e.r.instrumentation.EvoClassLoader - Keeping class: com.google.gson.JsonIOException
23:36:11.837 [main] INFO  o.e.r.instrumentation.EvoClassLoader - Seeing class for first time: com.google.gson.JsonSyntaxException
23:36:11.837 [main] INFO  o.e.r.instrumentation.EvoClassLoader - Instrumenting class 'com.google.gson.JsonSyntaxException'.
23:36:11.838 [main] INFO  o.e.r.i.MethodCallReplacementClassAdapter - Adding mock interface to class com/google/gson/JsonSyntaxException
23:36:11.838 [main] INFO  o.e.r.i.MethodCallReplacementClassAdapter - No hashCode defined for: com/google/gson/JsonSyntaxException, superclass = com.google.gson.JsonParseException
23:36:11.838 [main] INFO  o.e.r.i.CreateClassResetClassAdapter - Creating brand-new static initializer in class com/google/gson/JsonSyntaxException
23:36:11.838 [main] DEBUG o.e.r.agent.TransformerForTests - Going to instrument: com.google.gson.JsonSyntaxException
23:36:11.838 [main] INFO  o.e.r.i.MethodCallReplacementClassAdapter - No hashCode defined for: com/google/gson/JsonSyntaxException, superclass = com.google.gson.JsonParseException
23:36:11.838 [main] INFO  o.e.r.instrumentation.EvoClassLoader - Keeping class: com.google.gson.JsonSyntaxException
23:36:11.839 [main] INFO  o.e.r.instrumentation.EvoClassLoader - Seeing class for first time: com.google.gson.stream.JsonReader
23:36:11.839 [main] INFO  o.e.r.instrumentation.EvoClassLoader - Instrumenting class 'com.google.gson.stream.JsonReader'.
23:36:11.841 [main] INFO  o.e.r.i.MethodCallReplacementClassAdapter - Adding mock interface to class com/google/gson/stream/JsonReader
23:36:11.847 [main] INFO  o.e.r.i.CreateClassResetClassAdapter - Found static initializer in class com/google/gson/stream/JsonReader
23:36:11.847 [main] INFO  o.e.r.i.MethodCallReplacementClassAdapter - No hashCode defined for: com/google/gson/stream/JsonReader, superclass = java.lang.Object
23:36:11.848 [main] DEBUG o.e.r.agent.TransformerForTests - Going to instrument: com.google.gson.stream.JsonReader
23:36:11.856 [main] INFO  o.e.r.i.CreateClassResetClassAdapter - Found static initializer in class com/google/gson/stream/JsonReader
23:36:11.857 [main] INFO  o.e.r.instrumentation.EvoClassLoader - Error while loading class: java.lang.ClassFormatError: Duplicate method name&signature in class file com/google/gson/stream/JsonReader
23:36:11.857 [main] ERROR o.e.r.c.ClassStateSupport - Could not initialize com.google.gson.Gson: com/google/gson/stream/JsonReader
23:36:11.857 [main] INFO  o.e.r.instrumentation.EvoClassLoader - Seeing class for first time: com.fasterxml.jackson.databind.node.MissingNode
23:36:11.857 [main] INFO  o.e.r.instrumentation.EvoClassLoader - Instrumenting class 'com.fasterxml.jackson.databind.node.MissingNode'.
23:36:11.858 [main] INFO  o.e.r.i.MethodCallReplacementClassAdapter - Adding mock interface to class com/fasterxml/jackson/databind/node/MissingNode
23:36:11.859 [main] INFO  o.e.r.i.CreateClassResetClassAdapter - Found static initializer in class com/fasterxml/jackson/databind/node/MissingNode
23:36:11.859 [main] DEBUG o.e.r.agent.TransformerForTests - Going to instrument: com.fasterxml.jackson.databind.node.MissingNode
23:36:11.859 [main] INFO  o.e.r.i.CreateClassResetClassAdapter - Found static initializer in class com/fasterxml/jackson/databind/node/MissingNode
23:36:11.859 [main] INFO  o.e.r.instrumentation.EvoClassLoader - Error while loading class: java.lang.ClassFormatError: Duplicate method name&signature in class file com/fasterxml/jackson/databind/node/MissingNode
23:36:11.860 [main] ERROR o.e.r.c.ClassStateSupport - Could not initialize com.fasterxml.jackson.databind.node.BaseJsonNode: com/fasterxml/jackson/databind/node/MissingNode
23:36:11.860 [main] INFO  o.e.r.instrumentation.EvoClassLoader - Seeing class for first time: org.springframework.core.task.SimpleAsyncTaskExecutor
23:36:11.860 [main] INFO  o.e.r.instrumentation.EvoClassLoader - Instrumenting class 'org.springframework.core.task.SimpleAsyncTaskExecutor'.
23:36:11.861 [main] INFO  o.e.r.i.MethodCallReplacementClassAdapter - Adding mock interface to class org/springframework/core/task/SimpleAsyncTaskExecutor
23:36:11.862 [main] INFO  o.e.r.i.MethodCallReplacementClassAdapter - No hashCode defined for: org/springframework/core/task/SimpleAsyncTaskExecutor, superclass = org.springframework.util.CustomizableThreadCreator
23:36:11.862 [main] INFO  o.e.r.i.CreateClassResetClassAdapter - Creating brand-new static initializer in class org/springframework/core/task/SimpleAsyncTaskExecutor
23:36:11.862 [main] INFO  o.e.r.i.CreateClassResetClassAdapter - Adding bytecode for initializing field UNBOUNDED_CONCURRENCY
23:36:11.862 [main] INFO  o.e.r.i.CreateClassResetClassAdapter - Adding bytecode for initializing field NO_CONCURRENCY
23:36:11.862 [main] DEBUG o.e.r.agent.TransformerForTests - Going to instrument: org.springframework.core.task.SimpleAsyncTaskExecutor
23:36:11.863 [main] INFO  o.e.r.i.MethodCallReplacementClassAdapter - No hashCode defined for: org/springframework/core/task/SimpleAsyncTaskExecutor, superclass = org.springframework.util.CustomizableThreadCreator
23:36:11.864 [main] INFO  o.e.r.instrumentation.EvoClassLoader - Keeping class: org.springframework.core.task.SimpleAsyncTaskExecutor
23:36:11.864 [main] INFO  o.e.r.instrumentation.EvoClassLoader - Seeing class for first time: org.springframework.util.concurrent.ListenableFuture
23:36:11.864 [main] INFO  o.e.r.instrumentation.EvoClassLoader - Instrumenting class 'org.springframework.util.concurrent.ListenableFuture'.
23:36:11.865 [main] DEBUG o.e.r.agent.TransformerForTests - Going to instrument: org.springframework.util.concurrent.ListenableFuture
23:36:11.869 [main] INFO  o.e.r.instrumentation.EvoClassLoader - Keeping class: org.springframework.util.concurrent.ListenableFuture
23:36:11.869 [main] INFO  o.e.r.instrumentation.EvoClassLoader - Seeing class for first time: org.apache.xml.utils.DOMHelper
23:36:11.870 [main] INFO  o.e.r.instrumentation.EvoClassLoader - Instrumenting class 'org.apache.xml.utils.DOMHelper'.
23:36:11.871 [main] INFO  o.e.r.i.MethodCallReplacementClassAdapter - Adding mock interface to class org/apache/xml/utils/DOMHelper
23:36:11.874 [main] INFO  o.e.r.i.CreateClassResetClassAdapter - Found static initializer in class org/apache/xml/utils/DOMHelper
23:36:11.874 [main] INFO  o.e.r.i.MethodCallReplacementClassAdapter - No hashCode defined for: org/apache/xml/utils/DOMHelper, superclass = java.lang.Object
23:36:11.874 [main] DEBUG o.e.r.agent.TransformerForTests - Going to instrument: org.apache.xml.utils.DOMHelper
23:36:11.878 [main] INFO  o.e.r.i.CreateClassResetClassAdapter - Found static initializer in class org/apache/xml/utils/DOMHelper
23:36:11.879 [main] INFO  o.e.r.instrumentation.EvoClassLoader - Error while loading class: java.lang.ClassFormatError: Duplicate method name&signature in class file org/apache/xml/utils/DOMHelper
23:36:11.879 [main] ERROR o.e.r.c.ClassStateSupport - Could not initialize org.apache.xml.utils.DOMHelper: Duplicate method name&signature in class file org/apache/xml/utils/DOMHelper
23:36:11.879 [main] INFO  o.e.r.instrumentation.EvoClassLoader - Seeing class for first time: org.springframework.core.NestedRuntimeException
23:36:11.879 [main] INFO  o.e.r.instrumentation.EvoClassLoader - Instrumenting class 'org.springframework.core.NestedRuntimeException'.
23:36:11.880 [main] INFO  o.e.r.i.MethodCallReplacementClassAdapter - Adding mock interface to class org/springframework/core/NestedRuntimeException
23:36:11.881 [main] INFO  o.e.r.i.CreateClassResetClassAdapter - Found static initializer in class org/springframework/core/NestedRuntimeException
23:36:11.881 [main] INFO  o.e.r.i.MethodCallReplacementClassAdapter - No hashCode defined for: org/springframework/core/NestedRuntimeException, superclass = java.lang.RuntimeException
23:36:11.881 [main] DEBUG o.e.r.agent.TransformerForTests - Going to instrument: org.springframework.core.NestedRuntimeException
23:36:11.882 [main] INFO  o.e.r.i.CreateClassResetClassAdapter - Found static initializer in class org/springframework/core/NestedRuntimeException
23:36:11.882 [main] INFO  o.e.r.i.MethodCallReplacementClassAdapter - No hashCode defined for: org/springframework/core/NestedRuntimeException, superclass = org.evosuite.runtime.mock.java.lang.MockRuntimeException
23:36:11.883 [main] INFO  o.e.r.instrumentation.EvoClassLoader - Error while loading class: java.lang.ClassFormatError: Duplicate method name&signature in class file org/springframework/core/NestedRuntimeException
23:36:11.883 [main] ERROR o.e.r.c.ClassStateSupport - Could not initialize org.springframework.core.NestedRuntimeException: Duplicate method name&signature in class file org/springframework/core/NestedRuntimeException
23:36:11.883 [main] INFO  o.e.r.instrumentation.EvoClassLoader - Seeing class for first time: org.springframework.http.MediaType
23:36:11.883 [main] INFO  o.e.r.instrumentation.EvoClassLoader - Instrumenting class 'org.springframework.http.MediaType'.
23:36:11.884 [main] INFO  o.e.r.i.MethodCallReplacementClassAdapter - Adding mock interface to class org/springframework/http/MediaType
23:36:11.885 [main] INFO  o.e.r.i.CreateClassResetClassAdapter - Found static initializer in class org/springframework/http/MediaType
23:36:11.885 [main] INFO  o.e.r.i.MethodCallReplacementClassAdapter - No hashCode defined for: org/springframework/http/MediaType, superclass = org.springframework.util.MimeType
23:36:11.885 [main] DEBUG o.e.r.agent.TransformerForTests - Going to instrument: org.springframework.http.MediaType
23:36:11.886 [main] INFO  o.e.r.i.CreateClassResetClassAdapter - Found static initializer in class org/springframework/http/MediaType
23:36:11.886 [main] INFO  o.e.r.i.MethodCallReplacementClassAdapter - No hashCode defined for: org/springframework/http/MediaType, superclass = org.springframework.util.MimeType
23:36:11.887 [main] INFO  o.e.r.instrumentation.EvoClassLoader - Error while loading class: java.lang.ClassFormatError: Duplicate method name&signature in class file org/springframework/http/MediaType
23:36:11.887 [main] ERROR o.e.r.c.ClassStateSupport - Could not initialize org.springframework.http.MediaType: Duplicate method name&signature in class file org/springframework/http/MediaType
23:36:11.887 [main] INFO  o.e.r.instrumentation.EvoClassLoader - Seeing class for first time: org.springframework.web.bind.support.SessionAttributeStore
23:36:11.887 [main] INFO  o.e.r.instrumentation.EvoClassLoader - Instrumenting class 'org.springframework.web.bind.support.SessionAttributeStore'.
23:36:11.888 [main] DEBUG o.e.r.agent.TransformerForTests - Going to instrument: org.springframework.web.bind.support.SessionAttributeStore
23:36:11.888 [main] INFO  o.e.r.instrumentation.EvoClassLoader - Keeping class: org.springframework.web.bind.support.SessionAttributeStore
23:36:11.888 [main] INFO  o.e.r.instrumentation.EvoClassLoader - Seeing class for first time: org.springframework.core.convert.Property
23:36:11.888 [main] INFO  o.e.r.instrumentation.EvoClassLoader - Instrumenting class 'org.springframework.core.convert.Property'.
23:36:11.889 [main] INFO  o.e.r.i.MethodCallReplacementClassAdapter - Adding mock interface to class org/springframework/core/convert/Property
23:36:11.891 [main] INFO  o.e.r.i.CreateClassResetClassAdapter - Found static initializer in class org/springframework/core/convert/Property
23:36:11.891 [main] DEBUG o.e.r.agent.TransformerForTests - Going to instrument: org.springframework.core.convert.Property
23:36:11.894 [main] INFO  o.e.r.i.CreateClassResetClassAdapter - Found static initializer in class org/springframework/core/convert/Property
23:36:11.895 [main] INFO  o.e.r.instrumentation.EvoClassLoader - Error while loading class: java.lang.ClassFormatError: Duplicate method name&signature in class file org/springframework/core/convert/Property
23:36:11.895 [main] ERROR o.e.r.c.ClassStateSupport - Could not initialize org.springframework.core.convert.Property: Duplicate method name&signature in class file org/springframework/core/convert/Property
23:36:11.895 [main] INFO  o.e.r.instrumentation.EvoClassLoader - Seeing class for first time: org.springframework.core.convert.support.ObjectToObjectConverter
23:36:11.895 [main] INFO  o.e.r.instrumentation.EvoClassLoader - Instrumenting class 'org.springframework.core.convert.support.ObjectToObjectConverter'.
23:36:11.896 [main] INFO  o.e.r.i.MethodCallReplacementClassAdapter - Adding mock interface to class org/springframework/core/convert/support/ObjectToObjectConverter
23:36:11.898 [main] INFO  o.e.r.i.CreateClassResetClassAdapter - Found static initializer in class org/springframework/core/convert/support/ObjectToObjectConverter
23:36:11.898 [main] INFO  o.e.r.i.MethodCallReplacementClassAdapter - No hashCode defined for: org/springframework/core/convert/support/ObjectToObjectConverter, superclass = java.lang.Object
23:36:11.898 [main] DEBUG o.e.r.agent.TransformerForTests - Going to instrument: org.springframework.core.convert.support.ObjectToObjectConverter
23:36:11.901 [main] INFO  o.e.r.i.CreateClassResetClassAdapter - Found static initializer in class org/springframework/core/convert/support/ObjectToObjectConverter
23:36:11.901 [main] INFO  o.e.r.instrumentation.EvoClassLoader - Error while loading class: java.lang.ClassFormatError: Duplicate method name&signature in class file org/springframework/core/convert/support/ObjectToObjectConverter
23:36:11.901 [main] ERROR o.e.r.c.ClassStateSupport - Could not initialize org.springframework.core.convert.support.ObjectToObjectConverter: Duplicate method name&signature in class file org/springframework/core/convert/support/ObjectToObjectConverter
23:36:11.901 [main] INFO  o.e.r.instrumentation.EvoClassLoader - Seeing class for first time: org.springframework.web.servlet.ModelAndView
23:36:11.901 [main] INFO  o.e.r.instrumentation.EvoClassLoader - Instrumenting class 'org.springframework.web.servlet.ModelAndView'.
23:36:11.902 [main] INFO  o.e.r.i.MethodCallReplacementClassAdapter - Adding mock interface to class org/springframework/web/servlet/ModelAndView
23:36:11.903 [main] INFO  o.e.r.i.MethodCallReplacementClassAdapter - No hashCode defined for: org/springframework/web/servlet/ModelAndView, superclass = java.lang.Object
23:36:11.903 [main] INFO  o.e.r.i.CreateClassResetClassAdapter - Creating brand-new static initializer in class org/springframework/web/servlet/ModelAndView
23:36:11.903 [main] DEBUG o.e.r.agent.TransformerForTests - Going to instrument: org.springframework.web.servlet.ModelAndView
23:36:11.907 [main] INFO  o.e.r.instrumentation.EvoClassLoader - Keeping class: org.springframework.web.servlet.ModelAndView
23:36:11.908 [main] INFO  o.e.r.instrumentation.EvoClassLoader - Seeing class for first time: org.springframework.web.bind.WebDataBinder
23:36:11.908 [main] INFO  o.e.r.instrumentation.EvoClassLoader - Instrumenting class 'org.springframework.web.bind.WebDataBinder'.
23:36:11.909 [main] INFO  o.e.r.i.MethodCallReplacementClassAdapter - Adding mock interface to class org/springframework/web/bind/WebDataBinder
23:36:11.909 [main] INFO  o.e.r.i.MethodCallReplacementClassAdapter - No hashCode defined for: org/springframework/web/bind/WebDataBinder, superclass = org.springframework.validation.DataBinder
23:36:11.909 [main] INFO  o.e.r.i.CreateClassResetClassAdapter - Creating brand-new static initializer in class org/springframework/web/bind/WebDataBinder
23:36:11.909 [main] INFO  o.e.r.i.CreateClassResetClassAdapter - Adding bytecode for initializing field DEFAULT_FIELD_MARKER_PREFIX
23:36:11.909 [main] INFO  o.e.r.i.CreateClassResetClassAdapter - Adding bytecode for initializing field DEFAULT_FIELD_DEFAULT_PREFIX
23:36:11.909 [main] DEBUG o.e.r.agent.TransformerForTests - Going to instrument: org.springframework.web.bind.WebDataBinder
23:36:11.910 [main] INFO  o.e.r.i.MethodCallReplacementClassAdapter - No hashCode defined for: org/springframework/web/bind/WebDataBinder, superclass = org.springframework.validation.DataBinder
23:36:11.910 [main] INFO  o.e.r.instrumentation.EvoClassLoader - Seeing class for first time: org.springframework.validation.DataBinder
23:36:11.910 [main] INFO  o.e.r.instrumentation.EvoClassLoader - Instrumenting class 'org.springframework.validation.DataBinder'.
23:36:11.912 [main] INFO  o.e.r.i.MethodCallReplacementClassAdapter - Adding mock interface to class org/springframework/validation/DataBinder
23:36:11.914 [main] INFO  o.e.r.i.CreateClassResetClassAdapter - Found static initializer in class org/springframework/validation/DataBinder
23:36:11.914 [main] INFO  o.e.r.i.MethodCallReplacementClassAdapter - No hashCode defined for: org/springframework/validation/DataBinder, superclass = java.lang.Object
23:36:11.914 [main] DEBUG o.e.r.agent.TransformerForTests - Going to instrument: org.springframework.validation.DataBinder
23:36:11.917 [main] INFO  o.e.r.i.CreateClassResetClassAdapter - Found static initializer in class org/springframework/validation/DataBinder
23:36:11.919 [main] INFO  o.e.r.instrumentation.EvoClassLoader - Error while loading class: java.lang.ClassFormatError: Duplicate method name&signature in class file org/springframework/validation/DataBinder
23:36:11.919 [main] INFO  o.e.r.instrumentation.EvoClassLoader - Error while loading class: java.lang.NoClassDefFoundError: org/springframework/validation/DataBinder
23:36:11.919 [main] ERROR o.e.r.c.ClassStateSupport - Could not initialize org.springframework.web.method.annotation.InitBinderDataBinderFactory: org/springframework/web/bind/WebDataBinder
23:36:11.919 [main] INFO  o.e.r.instrumentation.EvoClassLoader - Seeing class for first time: org.springframework.core.ResolvableType$VariableResolver
23:36:11.919 [main] INFO  o.e.r.instrumentation.EvoClassLoader - Instrumenting class 'org.springframework.core.ResolvableType$VariableResolver'.
23:36:11.920 [main] DEBUG o.e.r.agent.TransformerForTests - Going to instrument: org.springframework.core.ResolvableType$VariableResolver
23:36:11.920 [main] INFO  o.e.r.instrumentation.EvoClassLoader - Keeping class: org.springframework.core.ResolvableType$VariableResolver
23:36:11.920 [main] INFO  o.e.r.instrumentation.EvoClassLoader - Seeing class for first time: org.apache.commons.logging.impl.SLF4JLog
23:36:11.920 [main] INFO  o.e.r.instrumentation.EvoClassLoader - Instrumenting class 'org.apache.commons.logging.impl.SLF4JLog'.
23:36:11.921 [main] INFO  o.e.r.i.MethodCallReplacementClassAdapter - Adding mock interface to class org/apache/commons/logging/impl/SLF4JLog
23:36:11.922 [main] INFO  o.e.r.i.MethodCallReplacementClassAdapter - No hashCode defined for: org/apache/commons/logging/impl/SLF4JLog, superclass = java.lang.Object
23:36:11.922 [main] INFO  o.e.r.i.CreateClassResetClassAdapter - Creating brand-new static initializer in class org/apache/commons/logging/impl/SLF4JLog
23:36:11.922 [main] DEBUG o.e.r.agent.TransformerForTests - Going to instrument: org.apache.commons.logging.impl.SLF4JLog
23:36:11.923 [main] INFO  o.e.r.instrumentation.EvoClassLoader - Keeping class: org.apache.commons.logging.impl.SLF4JLog
23:36:11.923 [main] INFO  o.e.r.instrumentation.EvoClassLoader - Seeing class for first time: org.springframework.web.servlet.config.annotation.ViewControllerRegistry
23:36:11.923 [main] INFO  o.e.r.instrumentation.EvoClassLoader - Instrumenting class 'org.springframework.web.servlet.config.annotation.ViewControllerRegistry'.
23:36:11.924 [main] INFO  o.e.r.i.MethodCallReplacementClassAdapter - Adding mock interface to class org/springframework/web/servlet/config/annotation/ViewControllerRegistry
23:36:11.925 [main] INFO  o.e.r.i.MethodCallReplacementClassAdapter - No hashCode defined for: org/springframework/web/servlet/config/annotation/ViewControllerRegistry, superclass = java.lang.Object
23:36:11.925 [main] INFO  o.e.r.i.CreateClassResetClassAdapter - Creating brand-new static initializer in class org/springframework/web/servlet/config/annotation/ViewControllerRegistry
23:36:11.925 [main] DEBUG o.e.r.agent.TransformerForTests - Going to instrument: org.springframework.web.servlet.config.annotation.ViewControllerRegistry
23:36:11.925 [main] INFO  o.e.r.instrumentation.EvoClassLoader - Keeping class: org.springframework.web.servlet.config.annotation.ViewControllerRegistry
23:36:11.926 [main] INFO  o.e.r.instrumentation.EvoClassLoader - Seeing class for first time: org.springframework.web.servlet.handler.SimpleUrlHandlerMapping
23:36:11.926 [main] INFO  o.e.r.instrumentation.EvoClassLoader - Instrumenting class 'org.springframework.web.servlet.handler.SimpleUrlHandlerMapping'.
23:36:11.927 [main] INFO  o.e.r.i.MethodCallReplacementClassAdapter - Adding mock interface to class org/springframework/web/servlet/handler/SimpleUrlHandlerMapping
23:36:11.927 [main] INFO  o.e.r.i.MethodCallReplacementClassAdapter - No hashCode defined for: org/springframework/web/servlet/handler/SimpleUrlHandlerMapping, superclass = org.springframework.web.servlet.handler.AbstractUrlHandlerMapping
23:36:11.927 [main] INFO  o.e.r.i.CreateClassResetClassAdapter - Creating brand-new static initializer in class org/springframework/web/servlet/handler/SimpleUrlHandlerMapping
23:36:11.928 [main] DEBUG o.e.r.agent.TransformerForTests - Going to instrument: org.springframework.web.servlet.handler.SimpleUrlHandlerMapping
23:36:11.928 [main] INFO  o.e.r.i.MethodCallReplacementClassAdapter - No hashCode defined for: org/springframework/web/servlet/handler/SimpleUrlHandlerMapping, superclass = org.springframework.web.servlet.handler.AbstractUrlHandlerMapping
23:36:11.928 [main] INFO  o.e.r.instrumentation.EvoClassLoader - Keeping class: org.springframework.web.servlet.handler.SimpleUrlHandlerMapping
23:36:11.929 [main] INFO  o.e.r.instrumentation.EvoClassLoader - Seeing class for first time: org.springframework.web.servlet.view.InternalResourceViewResolver
23:36:11.929 [main] INFO  o.e.r.instrumentation.EvoClassLoader - Instrumenting class 'org.springframework.web.servlet.view.InternalResourceViewResolver'.
23:36:11.929 [main] INFO  o.e.r.i.MethodCallReplacementClassAdapter - Adding mock interface to class org/springframework/web/servlet/view/InternalResourceViewResolver
23:36:11.930 [main] INFO  o.e.r.i.CreateClassResetClassAdapter - Found static initializer in class org/springframework/web/servlet/view/InternalResourceViewResolver
23:36:11.930 [main] INFO  o.e.r.i.MethodCallReplacementClassAdapter - No hashCode defined for: org/springframework/web/servlet/view/InternalResourceViewResolver, superclass = org.springframework.web.servlet.view.UrlBasedViewResolver
23:36:11.930 [main] DEBUG o.e.r.agent.TransformerForTests - Going to instrument: org.springframework.web.servlet.view.InternalResourceViewResolver
23:36:11.930 [main] INFO  o.e.r.i.CreateClassResetClassAdapter - Found static initializer in class org/springframework/web/servlet/view/InternalResourceViewResolver
23:36:11.930 [main] INFO  o.e.r.i.MethodCallReplacementClassAdapter - No hashCode defined for: org/springframework/web/servlet/view/InternalResourceViewResolver, superclass = org.springframework.web.servlet.view.UrlBasedViewResolver
23:36:11.930 [main] INFO  o.e.r.instrumentation.EvoClassLoader - Error while loading class: java.lang.ClassFormatError: Duplicate method name&signature in class file org/springframework/web/servlet/view/InternalResourceViewResolver
23:36:11.930 [main] ERROR o.e.r.c.ClassStateSupport - Could not initialize org.springframework.web.servlet.view.InternalResourceViewResolver: Duplicate method name&signature in class file org/springframework/web/servlet/view/InternalResourceViewResolver
23:36:11.930 [main] INFO  o.e.r.instrumentation.EvoClassLoader - Seeing class for first time: org.springframework.format.datetime.DateTimeFormatAnnotationFormatterFactory
23:36:11.930 [main] INFO  o.e.r.instrumentation.EvoClassLoader - Instrumenting class 'org.springframework.format.datetime.DateTimeFormatAnnotationFormatterFactory'.
23:36:11.935 [main] INFO  o.e.r.i.MethodCallReplacementClassAdapter - Adding mock interface to class org/springframework/format/datetime/DateTimeFormatAnnotationFormatterFactory
23:36:11.935 [main] INFO  o.e.r.i.CreateClassResetClassAdapter - Found static initializer in class org/springframework/format/datetime/DateTimeFormatAnnotationFormatterFactory
23:36:11.935 [main] INFO  o.e.r.i.MethodCallReplacementClassAdapter - No hashCode defined for: org/springframework/format/datetime/DateTimeFormatAnnotationFormatterFactory, superclass = org.springframework.context.support.EmbeddedValueResolutionSupport
23:36:11.936 [main] DEBUG o.e.r.agent.TransformerForTests - Going to instrument: org.springframework.format.datetime.DateTimeFormatAnnotationFormatterFactory
23:36:11.936 [main] INFO  o.e.r.i.CreateClassResetClassAdapter - Found static initializer in class org/springframework/format/datetime/DateTimeFormatAnnotationFormatterFactory
23:36:11.936 [main] INFO  o.e.r.i.MethodCallReplacementClassAdapter - No hashCode defined for: org/springframework/format/datetime/DateTimeFormatAnnotationFormatterFactory, superclass = org.springframework.context.support.EmbeddedValueResolutionSupport
23:36:11.936 [main] INFO  o.e.r.instrumentation.EvoClassLoader - Error while loading class: java.lang.ClassFormatError: Duplicate method name&signature in class file org/springframework/format/datetime/DateTimeFormatAnnotationFormatterFactory
23:36:11.936 [main] ERROR o.e.r.c.ClassStateSupport - Could not initialize org.springframework.format.datetime.DateTimeFormatAnnotationFormatterFactory: Duplicate method name&signature in class file org/springframework/format/datetime/DateTimeFormatAnnotationFormatterFactory
23:36:11.936 [main] INFO  o.e.r.instrumentation.EvoClassLoader - Seeing class for first time: org.springframework.core.SerializableTypeWrapper$2
23:36:11.936 [main] INFO  o.e.r.instrumentation.EvoClassLoader - Instrumenting class 'org.springframework.core.SerializableTypeWrapper$2'.
23:36:11.937 [main] INFO  o.e.r.i.MethodCallReplacementClassAdapter - Adding mock interface to class org/springframework/core/SerializableTypeWrapper$2
23:36:11.937 [main] INFO  o.e.r.i.MethodCallReplacementClassAdapter - No hashCode defined for: org/springframework/core/SerializableTypeWrapper$2, superclass = org.springframework.core.SerializableTypeWrapper$DefaultTypeProvider
23:36:11.937 [main] DEBUG o.e.r.agent.TransformerForTests - Going to instrument: org.springframework.core.SerializableTypeWrapper$2
23:36:11.938 [main] INFO  o.e.r.i.MethodCallReplacementClassAdapter - No hashCode defined for: org/springframework/core/SerializableTypeWrapper$2, superclass = org.springframework.core.SerializableTypeWrapper$DefaultTypeProvider
23:36:11.938 [main] INFO  o.e.r.instrumentation.EvoClassLoader - Keeping class: org.springframework.core.SerializableTypeWrapper$2
23:36:11.938 [main] INFO  o.e.r.instrumentation.EvoClassLoader - Seeing class for first time: org.springframework.format.datetime.standard.Jsr310DateTimeFormatAnnotationFormatterFactory
23:36:11.938 [main] INFO  o.e.r.instrumentation.EvoClassLoader - Instrumenting class 'org.springframework.format.datetime.standard.Jsr310DateTimeFormatAnnotationFormatterFactory'.
23:36:11.939 [main] INFO  o.e.r.i.MethodCallReplacementClassAdapter - Adding mock interface to class org/springframework/format/datetime/standard/Jsr310DateTimeFormatAnnotationFormatterFactory
23:36:11.939 [main] INFO  o.e.r.i.CreateClassResetClassAdapter - Found static initializer in class org/springframework/format/datetime/standard/Jsr310DateTimeFormatAnnotationFormatterFactory
23:36:11.939 [main] INFO  o.e.r.i.MethodCallReplacementClassAdapter - No hashCode defined for: org/springframework/format/datetime/standard/Jsr310DateTimeFormatAnnotationFormatterFactory, superclass = org.springframework.context.support.EmbeddedValueResolutionSupport
23:36:11.939 [main] DEBUG o.e.r.agent.TransformerForTests - Going to instrument: org.springframework.format.datetime.standard.Jsr310DateTimeFormatAnnotationFormatterFactory
23:36:11.939 [main] INFO  o.e.r.i.CreateClassResetClassAdapter - Found static initializer in class org/springframework/format/datetime/standard/Jsr310DateTimeFormatAnnotationFormatterFactory
23:36:11.939 [main] INFO  o.e.r.i.MethodCallReplacementClassAdapter - No hashCode defined for: org/springframework/format/datetime/standard/Jsr310DateTimeFormatAnnotationFormatterFactory, superclass = org.springframework.context.support.EmbeddedValueResolutionSupport
23:36:11.940 [main] INFO  o.e.r.instrumentation.EvoClassLoader - Error while loading class: java.lang.ClassFormatError: Duplicate method name&signature in class file org/springframework/format/datetime/standard/Jsr310DateTimeFormatAnnotationFormatterFactory
23:36:11.940 [main] ERROR o.e.r.c.ClassStateSupport - Could not initialize org.springframework.format.datetime.standard.Jsr310DateTimeFormatAnnotationFormatterFactory: Duplicate method name&signature in class file org/springframework/format/datetime/standard/Jsr310DateTimeFormatAnnotationFormatterFactory
23:36:11.940 [main] INFO  o.e.r.instrumentation.EvoClassLoader - Seeing class for first time: org.springframework.web.servlet.mvc.SimpleControllerHandlerAdapter
23:36:11.940 [main] INFO  o.e.r.instrumentation.EvoClassLoader - Instrumenting class 'org.springframework.web.servlet.mvc.SimpleControllerHandlerAdapter'.
23:36:11.941 [main] INFO  o.e.r.i.MethodCallReplacementClassAdapter - Adding mock interface to class org/springframework/web/servlet/mvc/SimpleControllerHandlerAdapter
23:36:11.941 [main] INFO  o.e.r.i.MethodCallReplacementClassAdapter - No hashCode defined for: org/springframework/web/servlet/mvc/SimpleControllerHandlerAdapter, superclass = java.lang.Object
23:36:11.941 [main] INFO  o.e.r.i.CreateClassResetClassAdapter - Creating brand-new static initializer in class org/springframework/web/servlet/mvc/SimpleControllerHandlerAdapter
23:36:11.941 [main] DEBUG o.e.r.agent.TransformerForTests - Going to instrument: org.springframework.web.servlet.mvc.SimpleControllerHandlerAdapter
23:36:11.942 [main] INFO  o.e.r.instrumentation.EvoClassLoader - Keeping class: org.springframework.web.servlet.mvc.SimpleControllerHandlerAdapter
23:36:11.943 [main] INFO  o.e.r.instrumentation.EvoClassLoader - Seeing class for first time: com.fasterxml.jackson.databind.introspect.VisibilityChecker
23:36:11.943 [main] INFO  o.e.r.instrumentation.EvoClassLoader - Instrumenting class 'com.fasterxml.jackson.databind.introspect.VisibilityChecker'.
23:36:11.944 [main] DEBUG o.e.r.agent.TransformerForTests - Going to instrument: com.fasterxml.jackson.databind.introspect.VisibilityChecker
23:36:11.944 [main] INFO  o.e.r.instrumentation.EvoClassLoader - Keeping class: com.fasterxml.jackson.databind.introspect.VisibilityChecker
23:36:11.944 [main] INFO  o.e.r.instrumentation.EvoClassLoader - Seeing class for first time: org.springframework.core.LocalVariableTableParameterNameDiscoverer$ParameterNameDiscoveringVisitor
23:36:11.944 [main] INFO  o.e.r.instrumentation.EvoClassLoader - Instrumenting class 'org.springframework.core.LocalVariableTableParameterNameDiscoverer$ParameterNameDiscoveringVisitor'.
23:36:11.945 [main] INFO  o.e.r.i.MethodCallReplacementClassAdapter - Adding mock interface to class org/springframework/core/LocalVariableTableParameterNameDiscoverer$ParameterNameDiscoveringVisitor
23:36:11.945 [main] INFO  o.e.r.i.MethodCallReplacementClassAdapter - No hashCode defined for: org/springframework/core/LocalVariableTableParameterNameDiscoverer$ParameterNameDiscoveringVisitor, superclass = org.springframework.asm.ClassVisitor
23:36:11.945 [main] INFO  o.e.r.i.CreateClassResetClassAdapter - Creating brand-new static initializer in class org/springframework/core/LocalVariableTableParameterNameDiscoverer$ParameterNameDiscoveringVisitor
23:36:11.945 [main] INFO  o.e.r.i.CreateClassResetClassAdapter - Adding bytecode for initializing field STATIC_CLASS_INIT
23:36:11.945 [main] DEBUG o.e.r.agent.TransformerForTests - Going to instrument: org.springframework.core.LocalVariableTableParameterNameDiscoverer$ParameterNameDiscoveringVisitor
23:36:11.945 [main] INFO  o.e.r.i.MethodCallReplacementClassAdapter - No hashCode defined for: org/springframework/core/LocalVariableTableParameterNameDiscoverer$ParameterNameDiscoveringVisitor, superclass = org.springframework.asm.ClassVisitor
23:36:11.945 [main] INFO  o.e.r.instrumentation.EvoClassLoader - Keeping class: org.springframework.core.LocalVariableTableParameterNameDiscoverer$ParameterNameDiscoveringVisitor
23:36:11.945 [main] INFO  o.e.r.instrumentation.EvoClassLoader - Seeing class for first time: org.springframework.asm.MethodVisitor
23:36:11.945 [main] INFO  o.e.r.instrumentation.EvoClassLoader - Instrumenting class 'org.springframework.asm.MethodVisitor'.
23:36:11.947 [main] INFO  o.e.r.i.MethodCallReplacementClassAdapter - Adding mock interface to class org/springframework/asm/MethodVisitor
23:36:11.948 [main] INFO  o.e.r.i.MethodCallReplacementClassAdapter - No hashCode defined for: org/springframework/asm/MethodVisitor, superclass = java.lang.Object
23:36:11.949 [main] INFO  o.e.r.i.CreateClassResetClassAdapter - Creating brand-new static initializer in class org/springframework/asm/MethodVisitor
23:36:11.949 [main] DEBUG o.e.r.agent.TransformerForTests - Going to instrument: org.springframework.asm.MethodVisitor
23:36:11.951 [main] INFO  o.e.r.instrumentation.EvoClassLoader - Keeping class: org.springframework.asm.MethodVisitor
23:36:11.952 [main] INFO  o.e.r.instrumentation.EvoClassLoader - Seeing class for first time: org.springframework.core.LocalVariableTableParameterNameDiscoverer$LocalVariableTableVisitor
23:36:11.952 [main] INFO  o.e.r.instrumentation.EvoClassLoader - Instrumenting class 'org.springframework.core.LocalVariableTableParameterNameDiscoverer$LocalVariableTableVisitor'.
23:36:11.953 [main] INFO  o.e.r.i.MethodCallReplacementClassAdapter - Adding mock interface to class org/springframework/core/LocalVariableTableParameterNameDiscoverer$LocalVariableTableVisitor
23:36:11.954 [main] INFO  o.e.r.i.MethodCallReplacementClassAdapter - No hashCode defined for: org/springframework/core/LocalVariableTableParameterNameDiscoverer$LocalVariableTableVisitor, superclass = org.springframework.asm.MethodVisitor
23:36:11.954 [main] INFO  o.e.r.i.CreateClassResetClassAdapter - Creating brand-new static initializer in class org/springframework/core/LocalVariableTableParameterNameDiscoverer$LocalVariableTableVisitor
23:36:11.954 [main] INFO  o.e.r.i.CreateClassResetClassAdapter - Adding bytecode for initializing field CONSTRUCTOR
23:36:11.954 [main] DEBUG o.e.r.agent.TransformerForTests - Going to instrument: org.springframework.core.LocalVariableTableParameterNameDiscoverer$LocalVariableTableVisitor
23:36:11.956 [main] INFO  o.e.r.i.MethodCallReplacementClassAdapter - No hashCode defined for: org/springframework/core/LocalVariableTableParameterNameDiscoverer$LocalVariableTableVisitor, superclass = org.springframework.asm.MethodVisitor
23:36:11.956 [main] INFO  o.e.r.instrumentation.EvoClassLoader - Keeping class: org.springframework.core.LocalVariableTableParameterNameDiscoverer$LocalVariableTableVisitor
23:36:11.956 [main] INFO  o.e.r.instrumentation.EvoClassLoader - Seeing class for first time: org.springframework.core.ResolvableType$DefaultVariableResolver
23:36:11.956 [main] INFO  o.e.r.instrumentation.EvoClassLoader - Instrumenting class 'org.springframework.core.ResolvableType$DefaultVariableResolver'.
23:36:11.957 [main] INFO  o.e.r.i.MethodCallReplacementClassAdapter - Adding mock interface to class org/springframework/core/ResolvableType$DefaultVariableResolver
23:36:11.957 [main] INFO  o.e.r.i.MethodCallReplacementClassAdapter - No hashCode defined for: org/springframework/core/ResolvableType$DefaultVariableResolver, superclass = java.lang.Object
23:36:11.957 [main] INFO  o.e.r.i.CreateClassResetClassAdapter - Creating brand-new static initializer in class org/springframework/core/ResolvableType$DefaultVariableResolver
23:36:11.957 [main] DEBUG o.e.r.agent.TransformerForTests - Going to instrument: org.springframework.core.ResolvableType$DefaultVariableResolver
23:36:11.957 [main] INFO  o.e.r.instrumentation.EvoClassLoader - Keeping class: org.springframework.core.ResolvableType$DefaultVariableResolver
23:36:11.958 [main] INFO  o.e.r.instrumentation.EvoClassLoader - Seeing class for first time: org.springframework.http.server.ServerHttpRequest
23:36:11.958 [main] INFO  o.e.r.instrumentation.EvoClassLoader - Instrumenting class 'org.springframework.http.server.ServerHttpRequest'.
23:36:11.959 [main] DEBUG o.e.r.agent.TransformerForTests - Going to instrument: org.springframework.http.server.ServerHttpRequest
23:36:11.959 [main] INFO  o.e.r.instrumentation.EvoClassLoader - Keeping class: org.springframework.http.server.ServerHttpRequest
23:36:11.959 [main] INFO  o.e.r.instrumentation.EvoClassLoader - Seeing class for first time: org.springframework.util.MimeTypeUtils
23:36:11.959 [main] INFO  o.e.r.instrumentation.EvoClassLoader - Instrumenting class 'org.springframework.util.MimeTypeUtils'.
23:36:11.960 [main] INFO  o.e.r.i.MethodCallReplacementClassAdapter - Adding mock interface to class org/springframework/util/MimeTypeUtils
23:36:11.961 [main] INFO  o.e.r.i.CreateClassResetClassAdapter - Found static initializer in class org/springframework/util/MimeTypeUtils
23:36:11.962 [main] INFO  o.e.r.i.MethodCallReplacementClassAdapter - No hashCode defined for: org/springframework/util/MimeTypeUtils, superclass = java.lang.Object
23:36:11.962 [main] DEBUG o.e.r.agent.TransformerForTests - Going to instrument: org.springframework.util.MimeTypeUtils
23:36:11.963 [main] INFO  o.e.r.i.CreateClassResetClassAdapter - Found static initializer in class org/springframework/util/MimeTypeUtils
23:36:11.964 [main] INFO  o.e.r.instrumentation.EvoClassLoader - Error while loading class: java.lang.ClassFormatError: Duplicate method name&signature in class file org/springframework/util/MimeTypeUtils
23:36:11.964 [main] ERROR o.e.r.c.ClassStateSupport - Could not initialize org.springframework.util.MimeTypeUtils: Duplicate method name&signature in class file org/springframework/util/MimeTypeUtils
23:36:11.964 [main] INFO  o.e.r.instrumentation.EvoClassLoader - Seeing class for first time: org.springframework.core.SerializableTypeWrapper
23:36:11.964 [main] INFO  o.e.r.instrumentation.EvoClassLoader - Instrumenting class 'org.springframework.core.SerializableTypeWrapper'.
23:36:11.965 [main] INFO  o.e.r.i.MethodCallReplacementClassAdapter - Adding mock interface to class org/springframework/core/SerializableTypeWrapper
23:36:11.967 [main] INFO  o.e.r.i.CreateClassResetClassAdapter - Found static initializer in class org/springframework/core/SerializableTypeWrapper
23:36:11.967 [main] INFO  o.e.r.i.MethodCallReplacementClassAdapter - No hashCode defined for: org/springframework/core/SerializableTypeWrapper, superclass = java.lang.Object
23:36:11.967 [main] DEBUG o.e.r.agent.TransformerForTests - Going to instrument: org.springframework.core.SerializableTypeWrapper
23:36:11.968 [main] INFO  o.e.r.i.CreateClassResetClassAdapter - Found static initializer in class org/springframework/core/SerializableTypeWrapper
23:36:11.969 [main] INFO  o.e.r.instrumentation.EvoClassLoader - Error while loading class: java.lang.ClassFormatError: Duplicate method name&signature in class file org/springframework/core/SerializableTypeWrapper
23:36:11.969 [main] ERROR o.e.r.c.ClassStateSupport - Could not initialize org.springframework.core.SerializableTypeWrapper: Duplicate method name&signature in class file org/springframework/core/SerializableTypeWrapper
23:36:11.969 [main] INFO  o.e.r.instrumentation.EvoClassLoader - Seeing class for first time: org.springframework.core.ResolvableType$TypeVariablesVariableResolver
23:36:11.969 [main] INFO  o.e.r.instrumentation.EvoClassLoader - Instrumenting class 'org.springframework.core.ResolvableType$TypeVariablesVariableResolver'.
23:36:11.970 [main] INFO  o.e.r.i.MethodCallReplacementClassAdapter - Adding mock interface to class org/springframework/core/ResolvableType$TypeVariablesVariableResolver
23:36:11.970 [main] INFO  o.e.r.i.MethodCallReplacementClassAdapter - No hashCode defined for: org/springframework/core/ResolvableType$TypeVariablesVariableResolver, superclass = java.lang.Object
23:36:11.970 [main] INFO  o.e.r.i.CreateClassResetClassAdapter - Creating brand-new static initializer in class org/springframework/core/ResolvableType$TypeVariablesVariableResolver
23:36:11.970 [main] DEBUG o.e.r.agent.TransformerForTests - Going to instrument: org.springframework.core.ResolvableType$TypeVariablesVariableResolver
23:36:11.970 [main] INFO  o.e.r.instrumentation.EvoClassLoader - Keeping class: org.springframework.core.ResolvableType$TypeVariablesVariableResolver
23:36:11.971 [main] INFO  o.e.r.instrumentation.EvoClassLoader - Seeing class for first time: org.springframework.jndi.JndiLocatorSupport
23:36:11.971 [main] INFO  o.e.r.instrumentation.EvoClassLoader - Instrumenting class 'org.springframework.jndi.JndiLocatorSupport'.
23:36:11.971 [main] INFO  o.e.r.i.MethodCallReplacementClassAdapter - Adding mock interface to class org/springframework/jndi/JndiLocatorSupport
23:36:11.972 [main] INFO  o.e.r.i.MethodCallReplacementClassAdapter - No hashCode defined for: org/springframework/jndi/JndiLocatorSupport, superclass = org.springframework.jndi.JndiAccessor
23:36:11.972 [main] INFO  o.e.r.i.CreateClassResetClassAdapter - Creating brand-new static initializer in class org/springframework/jndi/JndiLocatorSupport
23:36:11.972 [main] INFO  o.e.r.i.CreateClassResetClassAdapter - Adding bytecode for initializing field CONTAINER_PREFIX
23:36:11.972 [main] DEBUG o.e.r.agent.TransformerForTests - Going to instrument: org.springframework.jndi.JndiLocatorSupport
23:36:11.972 [main] INFO  o.e.r.i.MethodCallReplacementClassAdapter - No hashCode defined for: org/springframework/jndi/JndiLocatorSupport, superclass = org.springframework.jndi.JndiAccessor
23:36:11.972 [main] INFO  o.e.r.instrumentation.EvoClassLoader - Keeping class: org.springframework.jndi.JndiLocatorSupport
23:36:11.973 [main] INFO  o.e.r.instrumentation.EvoClassLoader - Seeing class for first time: org.springframework.web.servlet.handler.BeanNameUrlHandlerMapping
23:36:11.973 [main] INFO  o.e.r.instrumentation.EvoClassLoader - Instrumenting class 'org.springframework.web.servlet.handler.BeanNameUrlHandlerMapping'.
23:36:11.974 [main] INFO  o.e.r.i.MethodCallReplacementClassAdapter - Adding mock interface to class org/springframework/web/servlet/handler/BeanNameUrlHandlerMapping
23:36:11.975 [main] INFO  o.e.r.i.MethodCallReplacementClassAdapter - No hashCode defined for: org/springframework/web/servlet/handler/BeanNameUrlHandlerMapping, superclass = org.springframework.web.servlet.handler.AbstractDetectingUrlHandlerMapping
23:36:11.975 [main] INFO  o.e.r.i.CreateClassResetClassAdapter - Creating brand-new static initializer in class org/springframework/web/servlet/handler/BeanNameUrlHandlerMapping
23:36:11.975 [main] DEBUG o.e.r.agent.TransformerForTests - Going to instrument: org.springframework.web.servlet.handler.BeanNameUrlHandlerMapping
23:36:11.975 [main] INFO  o.e.r.i.MethodCallReplacementClassAdapter - No hashCode defined for: org/springframework/web/servlet/handler/BeanNameUrlHandlerMapping, superclass = org.springframework.web.servlet.handler.AbstractDetectingUrlHandlerMapping
23:36:11.975 [main] INFO  o.e.r.instrumentation.EvoClassLoader - Keeping class: org.springframework.web.servlet.handler.BeanNameUrlHandlerMapping
23:36:11.975 [main] INFO  o.e.r.instrumentation.EvoClassLoader - Seeing class for first time: org.springframework.context.ApplicationContextException
23:36:11.975 [main] INFO  o.e.r.instrumentation.EvoClassLoader - Instrumenting class 'org.springframework.context.ApplicationContextException'.
23:36:11.976 [main] INFO  o.e.r.i.MethodCallReplacementClassAdapter - Adding mock interface to class org/springframework/context/ApplicationContextException
23:36:11.976 [main] INFO  o.e.r.i.MethodCallReplacementClassAdapter - No hashCode defined for: org/springframework/context/ApplicationContextException, superclass = org.springframework.beans.FatalBeanException
23:36:11.976 [main] INFO  o.e.r.i.CreateClassResetClassAdapter - Creating brand-new static initializer in class org/springframework/context/ApplicationContextException
23:36:11.976 [main] DEBUG o.e.r.agent.TransformerForTests - Going to instrument: org.springframework.context.ApplicationContextException
23:36:11.976 [main] INFO  o.e.r.i.MethodCallReplacementClassAdapter - No hashCode defined for: org/springframework/context/ApplicationContextException, superclass = org.springframework.beans.FatalBeanException
23:36:11.976 [main] INFO  o.e.r.instrumentation.EvoClassLoader - Seeing class for first time: org.springframework.beans.FatalBeanException
23:36:11.976 [main] INFO  o.e.r.instrumentation.EvoClassLoader - Instrumenting class 'org.springframework.beans.FatalBeanException'.
23:36:11.976 [main] INFO  o.e.r.i.MethodCallReplacementClassAdapter - Adding mock interface to class org/springframework/beans/FatalBeanException
23:36:11.976 [main] INFO  o.e.r.i.MethodCallReplacementClassAdapter - No hashCode defined for: org/springframework/beans/FatalBeanException, superclass = org.springframework.beans.BeansException
23:36:11.976 [main] INFO  o.e.r.i.CreateClassResetClassAdapter - Creating brand-new static initializer in class org/springframework/beans/FatalBeanException
23:36:11.976 [main] DEBUG o.e.r.agent.TransformerForTests - Going to instrument: org.springframework.beans.FatalBeanException
23:36:11.977 [main] INFO  o.e.r.i.MethodCallReplacementClassAdapter - No hashCode defined for: org/springframework/beans/FatalBeanException, superclass = org.springframework.beans.BeansException
23:36:11.977 [main] INFO  o.e.r.instrumentation.EvoClassLoader - Seeing class for first time: org.springframework.beans.BeansException
23:36:11.977 [main] INFO  o.e.r.instrumentation.EvoClassLoader - Instrumenting class 'org.springframework.beans.BeansException'.
23:36:11.977 [main] INFO  o.e.r.i.MethodCallReplacementClassAdapter - Adding mock interface to class org/springframework/beans/BeansException
23:36:11.977 [main] INFO  o.e.r.i.CreateClassResetClassAdapter - Creating brand-new static initializer in class org/springframework/beans/BeansException
23:36:11.977 [main] DEBUG o.e.r.agent.TransformerForTests - Going to instrument: org.springframework.beans.BeansException
23:36:11.978 [main] INFO  o.e.r.instrumentation.EvoClassLoader - Seeing class for first time: org.springframework.core.NestedRuntimeException
23:36:11.978 [main] INFO  o.e.r.instrumentation.EvoClassLoader - Instrumenting class 'org.springframework.core.NestedRuntimeException'.
23:36:11.978 [main] INFO  o.e.r.i.MethodCallReplacementClassAdapter - Adding mock interface to class org/springframework/core/NestedRuntimeException
23:36:11.979 [main] INFO  o.e.r.i.CreateClassResetClassAdapter - Found static initializer in class org/springframework/core/NestedRuntimeException
23:36:11.979 [main] INFO  o.e.r.i.MethodCallReplacementClassAdapter - No hashCode defined for: org/springframework/core/NestedRuntimeException, superclass = java.lang.RuntimeException
23:36:11.979 [main] DEBUG o.e.r.agent.TransformerForTests - Going to instrument: org.springframework.core.NestedRuntimeException
23:36:11.980 [main] INFO  o.e.r.i.CreateClassResetClassAdapter - Found static initializer in class org/springframework/core/NestedRuntimeException
23:36:11.980 [main] INFO  o.e.r.i.MethodCallReplacementClassAdapter - No hashCode defined for: org/springframework/core/NestedRuntimeException, superclass = org.evosuite.runtime.mock.java.lang.MockRuntimeException
23:36:11.980 [main] INFO  o.e.r.instrumentation.EvoClassLoader - Error while loading class: java.lang.ClassFormatError: Duplicate method name&signature in class file org/springframework/core/NestedRuntimeException
23:36:11.980 [main] INFO  o.e.r.instrumentation.EvoClassLoader - Error while loading class: java.lang.NoClassDefFoundError: org/springframework/core/NestedRuntimeException
23:36:11.981 [main] INFO  o.e.r.instrumentation.EvoClassLoader - Error while loading class: java.lang.NoClassDefFoundError: org/springframework/beans/BeansException
23:36:11.981 [main] INFO  o.e.r.instrumentation.EvoClassLoader - Error while loading class: java.lang.NoClassDefFoundError: org/springframework/beans/FatalBeanException
23:36:11.981 [main] ERROR o.e.r.c.ClassStateSupport - Could not initialize org.springframework.web.servlet.handler.BeanNameUrlHandlerMapping: org/springframework/context/ApplicationContextException
23:36:11.981 [main] INFO  o.e.r.instrumentation.EvoClassLoader - Seeing class for first time: org.springframework.web.servlet.config.annotation.ViewResolverRegistry
23:36:11.981 [main] INFO  o.e.r.instrumentation.EvoClassLoader - Instrumenting class 'org.springframework.web.servlet.config.annotation.ViewResolverRegistry'.
23:36:11.982 [main] INFO  o.e.r.i.MethodCallReplacementClassAdapter - Adding mock interface to class org/springframework/web/servlet/config/annotation/ViewResolverRegistry
23:36:11.983 [main] INFO  o.e.r.i.MethodCallReplacementClassAdapter - No hashCode defined for: org/springframework/web/servlet/config/annotation/ViewResolverRegistry, superclass = java.lang.Object
23:36:11.983 [main] INFO  o.e.r.i.CreateClassResetClassAdapter - Creating brand-new static initializer in class org/springframework/web/servlet/config/annotation/ViewResolverRegistry
23:36:11.983 [main] DEBUG o.e.r.agent.TransformerForTests - Going to instrument: org.springframework.web.servlet.config.annotation.ViewResolverRegistry
23:36:11.984 [main] INFO  o.e.r.instrumentation.EvoClassLoader - Keeping class: org.springframework.web.servlet.config.annotation.ViewResolverRegistry
23:36:11.984 [main] INFO  o.e.r.instrumentation.EvoClassLoader - Seeing class for first time: org.springframework.beans.factory.BeanInitializationException
23:36:11.984 [main] INFO  o.e.r.instrumentation.EvoClassLoader - Instrumenting class 'org.springframework.beans.factory.BeanInitializationException'.
23:36:11.985 [main] INFO  o.e.r.i.MethodCallReplacementClassAdapter - Adding mock interface to class org/springframework/beans/factory/BeanInitializationException
23:36:11.985 [main] INFO  o.e.r.i.MethodCallReplacementClassAdapter - No hashCode defined for: org/springframework/beans/factory/BeanInitializationException, superclass = org.springframework.beans.FatalBeanException
23:36:11.985 [main] INFO  o.e.r.i.CreateClassResetClassAdapter - Creating brand-new static initializer in class org/springframework/beans/factory/BeanInitializationException
23:36:11.985 [main] DEBUG o.e.r.agent.TransformerForTests - Going to instrument: org.springframework.beans.factory.BeanInitializationException
23:36:11.986 [main] INFO  o.e.r.i.MethodCallReplacementClassAdapter - No hashCode defined for: org/springframework/beans/factory/BeanInitializationException, superclass = org.springframework.beans.FatalBeanException
23:36:11.986 [main] INFO  o.e.r.instrumentation.EvoClassLoader - Seeing class for first time: org.springframework.beans.FatalBeanException
23:36:11.986 [main] INFO  o.e.r.instrumentation.EvoClassLoader - Instrumenting class 'org.springframework.beans.FatalBeanException'.
23:36:11.986 [main] INFO  o.e.r.i.MethodCallReplacementClassAdapter - Adding mock interface to class org/springframework/beans/FatalBeanException
23:36:11.986 [main] INFO  o.e.r.i.MethodCallReplacementClassAdapter - No hashCode defined for: org/springframework/beans/FatalBeanException, superclass = org.springframework.beans.BeansException
23:36:11.986 [main] INFO  o.e.r.i.CreateClassResetClassAdapter - Creating brand-new static initializer in class org/springframework/beans/FatalBeanException
23:36:11.986 [main] DEBUG o.e.r.agent.TransformerForTests - Going to instrument: org.springframework.beans.FatalBeanException
23:36:11.986 [main] INFO  o.e.r.i.MethodCallReplacementClassAdapter - No hashCode defined for: org/springframework/beans/FatalBeanException, superclass = org.springframework.beans.BeansException
23:36:11.986 [main] INFO  o.e.r.instrumentation.EvoClassLoader - Seeing class for first time: org.springframework.beans.BeansException
23:36:11.986 [main] INFO  o.e.r.instrumentation.EvoClassLoader - Instrumenting class 'org.springframework.beans.BeansException'.
23:36:11.987 [main] INFO  o.e.r.i.MethodCallReplacementClassAdapter - Adding mock interface to class org/springframework/beans/BeansException
23:36:11.987 [main] INFO  o.e.r.i.CreateClassResetClassAdapter - Creating brand-new static initializer in class org/springframework/beans/BeansException
23:36:11.987 [main] DEBUG o.e.r.agent.TransformerForTests - Going to instrument: org.springframework.beans.BeansException
23:36:11.987 [main] INFO  o.e.r.instrumentation.EvoClassLoader - Seeing class for first time: org.springframework.core.NestedRuntimeException
23:36:11.987 [main] INFO  o.e.r.instrumentation.EvoClassLoader - Instrumenting class 'org.springframework.core.NestedRuntimeException'.
23:36:11.988 [main] INFO  o.e.r.i.MethodCallReplacementClassAdapter - Adding mock interface to class org/springframework/core/NestedRuntimeException
23:36:11.989 [main] INFO  o.e.r.i.CreateClassResetClassAdapter - Found static initializer in class org/springframework/core/NestedRuntimeException
23:36:11.989 [main] INFO  o.e.r.i.MethodCallReplacementClassAdapter - No hashCode defined for: org/springframework/core/NestedRuntimeException, superclass = java.lang.RuntimeException
23:36:11.989 [main] DEBUG o.e.r.agent.TransformerForTests - Going to instrument: org.springframework.core.NestedRuntimeException
23:36:11.990 [main] INFO  o.e.r.i.CreateClassResetClassAdapter - Found static initializer in class org/springframework/core/NestedRuntimeException
23:36:11.990 [main] INFO  o.e.r.i.MethodCallReplacementClassAdapter - No hashCode defined for: org/springframework/core/NestedRuntimeException, superclass = org.evosuite.runtime.mock.java.lang.MockRuntimeException
23:36:11.990 [main] INFO  o.e.r.instrumentation.EvoClassLoader - Error while loading class: java.lang.ClassFormatError: Duplicate method name&signature in class file org/springframework/core/NestedRuntimeException
23:36:11.991 [main] INFO  o.e.r.instrumentation.EvoClassLoader - Error while loading class: java.lang.NoClassDefFoundError: org/springframework/core/NestedRuntimeException
23:36:11.991 [main] INFO  o.e.r.instrumentation.EvoClassLoader - Error while loading class: java.lang.NoClassDefFoundError: org/springframework/beans/BeansException
23:36:11.991 [main] INFO  o.e.r.instrumentation.EvoClassLoader - Error while loading class: java.lang.NoClassDefFoundError: org/springframework/beans/FatalBeanException
23:36:11.991 [main] ERROR o.e.r.c.ClassStateSupport - Could not initialize org.springframework.web.servlet.config.annotation.ViewResolverRegistry: org/springframework/beans/factory/BeanInitializationException
23:36:11.991 [main] INFO  o.e.r.instrumentation.EvoClassLoader - Seeing class for first time: org.springframework.boot.autoconfigure.web.WebMvcAutoConfiguration$ResourceChainResourceHandlerRegistrationCustomizer
23:36:11.991 [main] INFO  o.e.r.instrumentation.EvoClassLoader - Instrumenting class 'org.springframework.boot.autoconfigure.web.WebMvcAutoConfiguration$ResourceChainResourceHandlerRegistrationCustomizer'.
23:36:11.992 [main] INFO  o.e.r.i.MethodCallReplacementClassAdapter - Adding mock interface to class org/springframework/boot/autoconfigure/web/WebMvcAutoConfiguration$ResourceChainResourceHandlerRegistrationCustomizer
23:36:11.992 [main] INFO  o.e.r.i.MethodCallReplacementClassAdapter - No hashCode defined for: org/springframework/boot/autoconfigure/web/WebMvcAutoConfiguration$ResourceChainResourceHandlerRegistrationCustomizer, superclass = java.lang.Object
23:36:11.992 [main] INFO  o.e.r.i.CreateClassResetClassAdapter - Creating brand-new static initializer in class org/springframework/boot/autoconfigure/web/WebMvcAutoConfiguration$ResourceChainResourceHandlerRegistrationCustomizer
23:36:11.992 [main] DEBUG o.e.r.agent.TransformerForTests - Going to instrument: org.springframework.boot.autoconfigure.web.WebMvcAutoConfiguration$ResourceChainResourceHandlerRegistrationCustomizer
23:36:11.993 [main] INFO  o.e.r.instrumentation.EvoClassLoader - Keeping class: org.springframework.boot.autoconfigure.web.WebMvcAutoConfiguration$ResourceChainResourceHandlerRegistrationCustomizer
23:36:11.994 [main] INFO  o.e.r.instrumentation.EvoClassLoader - Seeing class for first time: org.springframework.web.servlet.resource.ResourceTransformer
23:36:11.994 [main] INFO  o.e.r.instrumentation.EvoClassLoader - Instrumenting class 'org.springframework.web.servlet.resource.ResourceTransformer'.
23:36:11.995 [main] DEBUG o.e.r.agent.TransformerForTests - Going to instrument: org.springframework.web.servlet.resource.ResourceTransformer
23:36:11.995 [main] INFO  o.e.r.instrumentation.EvoClassLoader - Keeping class: org.springframework.web.servlet.resource.ResourceTransformer
23:36:11.995 [main] INFO  o.e.r.instrumentation.EvoClassLoader - Seeing class for first time: org.springframework.web.servlet.resource.ResourceResolver
23:36:11.995 [main] INFO  o.e.r.instrumentation.EvoClassLoader - Instrumenting class 'org.springframework.web.servlet.resource.ResourceResolver'.
23:36:11.996 [main] DEBUG o.e.r.agent.TransformerForTests - Going to instrument: org.springframework.web.servlet.resource.ResourceResolver
23:36:11.996 [main] INFO  o.e.r.instrumentation.EvoClassLoader - Keeping class: org.springframework.web.servlet.resource.ResourceResolver
23:36:11.997 [main] INFO  o.e.r.instrumentation.EvoClassLoader - Seeing class for first time: org.springframework.web.accept.ContentNegotiationManager
23:36:11.997 [main] INFO  o.e.r.instrumentation.EvoClassLoader - Instrumenting class 'org.springframework.web.accept.ContentNegotiationManager'.
23:36:11.997 [main] INFO  o.e.r.i.MethodCallReplacementClassAdapter - Adding mock interface to class org/springframework/web/accept/ContentNegotiationManager
23:36:11.998 [main] INFO  o.e.r.i.CreateClassResetClassAdapter - Found static initializer in class org/springframework/web/accept/ContentNegotiationManager
23:36:11.998 [main] INFO  o.e.r.i.MethodCallReplacementClassAdapter - No hashCode defined for: org/springframework/web/accept/ContentNegotiationManager, superclass = java.lang.Object
23:36:11.998 [main] DEBUG o.e.r.agent.TransformerForTests - Going to instrument: org.springframework.web.accept.ContentNegotiationManager
23:36:11.999 [main] INFO  o.e.r.i.CreateClassResetClassAdapter - Found static initializer in class org/springframework/web/accept/ContentNegotiationManager
23:36:11.999 [main] INFO  o.e.r.instrumentation.EvoClassLoader - Error while loading class: java.lang.ClassFormatError: Duplicate method name&signature in class file org/springframework/web/accept/ContentNegotiationManager
23:36:11.999 [main] ERROR o.e.r.c.ClassStateSupport - Could not initialize org.springframework.web.accept.ContentNegotiationManager: Duplicate method name&signature in class file org/springframework/web/accept/ContentNegotiationManager
23:36:11.999 [main] INFO  o.e.r.instrumentation.EvoClassLoader - Seeing class for first time: org.springframework.core.io.support.ResourcePatternResolver
23:36:11.999 [main] INFO  o.e.r.instrumentation.EvoClassLoader - Instrumenting class 'org.springframework.core.io.support.ResourcePatternResolver'.
23:36:12.000 [main] DEBUG o.e.r.agent.TransformerForTests - Going to instrument: org.springframework.core.io.support.ResourcePatternResolver
23:36:12.000 [main] INFO  o.e.r.instrumentation.EvoClassLoader - Keeping class: org.springframework.core.io.support.ResourcePatternResolver
23:36:12.000 [main] INFO  o.e.r.instrumentation.EvoClassLoader - Seeing class for first time: org.springframework.beans.NotReadablePropertyException
23:36:12.000 [main] INFO  o.e.r.instrumentation.EvoClassLoader - Instrumenting class 'org.springframework.beans.NotReadablePropertyException'.
23:36:12.001 [main] INFO  o.e.r.i.MethodCallReplacementClassAdapter - Adding mock interface to class org/springframework/beans/NotReadablePropertyException
23:36:12.001 [main] INFO  o.e.r.i.MethodCallReplacementClassAdapter - No hashCode defined for: org/springframework/beans/NotReadablePropertyException, superclass = org.springframework.beans.InvalidPropertyException
23:36:12.001 [main] INFO  o.e.r.i.CreateClassResetClassAdapter - Creating brand-new static initializer in class org/springframework/beans/NotReadablePropertyException
23:36:12.001 [main] DEBUG o.e.r.agent.TransformerForTests - Going to instrument: org.springframework.beans.NotReadablePropertyException
23:36:12.001 [main] INFO  o.e.r.i.MethodCallReplacementClassAdapter - No hashCode defined for: org/springframework/beans/NotReadablePropertyException, superclass = org.springframework.beans.InvalidPropertyException
23:36:12.001 [main] INFO  o.e.r.instrumentation.EvoClassLoader - Seeing class for first time: org.springframework.beans.InvalidPropertyException
23:36:12.001 [main] INFO  o.e.r.instrumentation.EvoClassLoader - Instrumenting class 'org.springframework.beans.InvalidPropertyException'.
23:36:12.002 [main] INFO  o.e.r.i.MethodCallReplacementClassAdapter - Adding mock interface to class org/springframework/beans/InvalidPropertyException
23:36:12.002 [main] INFO  o.e.r.i.MethodCallReplacementClassAdapter - No hashCode defined for: org/springframework/beans/InvalidPropertyException, superclass = org.springframework.beans.FatalBeanException
23:36:12.002 [main] INFO  o.e.r.i.CreateClassResetClassAdapter - Creating brand-new static initializer in class org/springframework/beans/InvalidPropertyException
23:36:12.002 [main] DEBUG o.e.r.agent.TransformerForTests - Going to instrument: org.springframework.beans.InvalidPropertyException
23:36:12.002 [main] INFO  o.e.r.i.MethodCallReplacementClassAdapter - No hashCode defined for: org/springframework/beans/InvalidPropertyException, superclass = org.springframework.beans.FatalBeanException
23:36:12.003 [main] INFO  o.e.r.instrumentation.EvoClassLoader - Seeing class for first time: org.springframework.beans.FatalBeanException
23:36:12.003 [main] INFO  o.e.r.instrumentation.EvoClassLoader - Instrumenting class 'org.springframework.beans.FatalBeanException'.
23:36:12.003 [main] INFO  o.e.r.i.MethodCallReplacementClassAdapter - Adding mock interface to class org/springframework/beans/FatalBeanException
23:36:12.003 [main] INFO  o.e.r.i.MethodCallReplacementClassAdapter - No hashCode defined for: org/springframework/beans/FatalBeanException, superclass = org.springframework.beans.BeansException
23:36:12.003 [main] INFO  o.e.r.i.CreateClassResetClassAdapter - Creating brand-new static initializer in class org/springframework/beans/FatalBeanException
23:36:12.003 [main] DEBUG o.e.r.agent.TransformerForTests - Going to instrument: org.springframework.beans.FatalBeanException
23:36:12.003 [main] INFO  o.e.r.i.MethodCallReplacementClassAdapter - No hashCode defined for: org/springframework/beans/FatalBeanException, superclass = org.springframework.beans.BeansException
23:36:12.003 [main] INFO  o.e.r.instrumentation.EvoClassLoader - Seeing class for first time: org.springframework.beans.BeansException
23:36:12.003 [main] INFO  o.e.r.instrumentation.EvoClassLoader - Instrumenting class 'org.springframework.beans.BeansException'.
23:36:12.004 [main] INFO  o.e.r.i.MethodCallReplacementClassAdapter - Adding mock interface to class org/springframework/beans/BeansException
23:36:12.004 [main] INFO  o.e.r.i.CreateClassResetClassAdapter - Creating brand-new static initializer in class org/springframework/beans/BeansException
23:36:12.004 [main] DEBUG o.e.r.agent.TransformerForTests - Going to instrument: org.springframework.beans.BeansException
23:36:12.004 [main] INFO  o.e.r.instrumentation.EvoClassLoader - Seeing class for first time: org.springframework.core.NestedRuntimeException
23:36:12.004 [main] INFO  o.e.r.instrumentation.EvoClassLoader - Instrumenting class 'org.springframework.core.NestedRuntimeException'.
23:36:12.005 [main] INFO  o.e.r.i.MethodCallReplacementClassAdapter - Adding mock interface to class org/springframework/core/NestedRuntimeException
23:36:12.006 [main] INFO  o.e.r.i.CreateClassResetClassAdapter - Found static initializer in class org/springframework/core/NestedRuntimeException
23:36:12.006 [main] INFO  o.e.r.i.MethodCallReplacementClassAdapter - No hashCode defined for: org/springframework/core/NestedRuntimeException, superclass = java.lang.RuntimeException
23:36:12.006 [main] DEBUG o.e.r.agent.TransformerForTests - Going to instrument: org.springframework.core.NestedRuntimeException
23:36:12.008 [main] INFO  o.e.r.i.CreateClassResetClassAdapter - Found static initializer in class org/springframework/core/NestedRuntimeException
23:36:12.008 [main] INFO  o.e.r.i.MethodCallReplacementClassAdapter - No hashCode defined for: org/springframework/core/NestedRuntimeException, superclass = org.evosuite.runtime.mock.java.lang.MockRuntimeException
23:36:12.008 [main] INFO  o.e.r.instrumentation.EvoClassLoader - Error while loading class: java.lang.ClassFormatError: Duplicate method name&signature in class file org/springframework/core/NestedRuntimeException
23:36:12.008 [main] INFO  o.e.r.instrumentation.EvoClassLoader - Error while loading class: java.lang.NoClassDefFoundError: org/springframework/core/NestedRuntimeException
23:36:12.008 [main] INFO  o.e.r.instrumentation.EvoClassLoader - Error while loading class: java.lang.NoClassDefFoundError: org/springframework/beans/BeansException
23:36:12.008 [main] INFO  o.e.r.instrumentation.EvoClassLoader - Error while loading class: java.lang.NoClassDefFoundError: org/springframework/beans/FatalBeanException
23:36:12.008 [main] INFO  o.e.r.instrumentation.EvoClassLoader - Error while loading class: java.lang.NoClassDefFoundError: org/springframework/beans/InvalidPropertyException
23:36:12.008 [main] ERROR o.e.r.c.ClassStateSupport - Could not initialize org.springframework.beans.NotReadablePropertyException: org/springframework/beans/InvalidPropertyException
23:36:12.008 [main] INFO  o.e.r.instrumentation.EvoClassLoader - Seeing class for first time: com.fasterxml.jackson.databind.deser.DefaultDeserializationContext$Impl
23:36:12.008 [main] INFO  o.e.r.instrumentation.EvoClassLoader - Instrumenting class 'com.fasterxml.jackson.databind.deser.DefaultDeserializationContext$Impl'.
23:36:12.009 [main] INFO  o.e.r.i.MethodCallReplacementClassAdapter - Adding mock interface to class com/fasterxml/jackson/databind/deser/DefaultDeserializationContext$Impl
23:36:12.009 [main] INFO  o.e.r.i.MethodCallReplacementClassAdapter - No hashCode defined for: com/fasterxml/jackson/databind/deser/DefaultDeserializationContext$Impl, superclass = com.fasterxml.jackson.databind.deser.DefaultDeserializationContext
23:36:12.009 [main] INFO  o.e.r.i.CreateClassResetClassAdapter - Creating brand-new static initializer in class com/fasterxml/jackson/databind/deser/DefaultDeserializationContext$Impl
23:36:12.009 [main] DEBUG o.e.r.agent.TransformerForTests - Going to instrument: com.fasterxml.jackson.databind.deser.DefaultDeserializationContext$Impl
23:36:12.010 [main] INFO  o.e.r.i.MethodCallReplacementClassAdapter - No hashCode defined for: com/fasterxml/jackson/databind/deser/DefaultDeserializationContext$Impl, superclass = com.fasterxml.jackson.databind.deser.DefaultDeserializationContext
23:36:12.010 [main] INFO  o.e.r.instrumentation.EvoClassLoader - Keeping class: com.fasterxml.jackson.databind.deser.DefaultDeserializationContext$Impl
23:36:12.010 [main] INFO  o.e.r.instrumentation.EvoClassLoader - Seeing class for first time: com.fasterxml.jackson.databind.DeserializationConfig
23:36:12.010 [main] INFO  o.e.r.instrumentation.EvoClassLoader - Instrumenting class 'com.fasterxml.jackson.databind.DeserializationConfig'.
23:36:12.012 [main] INFO  o.e.r.i.MethodCallReplacementClassAdapter - Adding mock interface to class com/fasterxml/jackson/databind/DeserializationConfig
23:36:12.014 [main] INFO  o.e.r.i.MethodCallReplacementClassAdapter - No hashCode defined for: com/fasterxml/jackson/databind/DeserializationConfig, superclass = com.fasterxml.jackson.databind.cfg.MapperConfigBase
23:36:12.014 [main] INFO  o.e.r.i.CreateClassResetClassAdapter - Creating brand-new static initializer in class com/fasterxml/jackson/databind/DeserializationConfig
23:36:12.014 [main] DEBUG o.e.r.agent.TransformerForTests - Going to instrument: com.fasterxml.jackson.databind.DeserializationConfig
23:36:12.017 [main] INFO  o.e.r.i.MethodCallReplacementClassAdapter - No hashCode defined for: com/fasterxml/jackson/databind/DeserializationConfig, superclass = com.fasterxml.jackson.databind.cfg.MapperConfigBase
23:36:12.019 [main] INFO  o.e.r.instrumentation.EvoClassLoader - Seeing class for first time: com.fasterxml.jackson.databind.cfg.MapperConfigBase
23:36:12.019 [main] INFO  o.e.r.instrumentation.EvoClassLoader - Instrumenting class 'com.fasterxml.jackson.databind.cfg.MapperConfigBase'.
23:36:12.020 [main] INFO  o.e.r.i.MethodCallReplacementClassAdapter - Adding mock interface to class com/fasterxml/jackson/databind/cfg/MapperConfigBase
23:36:12.021 [main] INFO  o.e.r.i.CreateClassResetClassAdapter - Found static initializer in class com/fasterxml/jackson/databind/cfg/MapperConfigBase
23:36:12.021 [main] INFO  o.e.r.i.MethodCallReplacementClassAdapter - No hashCode defined for: com/fasterxml/jackson/databind/cfg/MapperConfigBase, superclass = com.fasterxml.jackson.databind.cfg.MapperConfig
23:36:12.021 [main] DEBUG o.e.r.agent.TransformerForTests - Going to instrument: com.fasterxml.jackson.databind.cfg.MapperConfigBase
23:36:12.023 [main] INFO  o.e.r.i.CreateClassResetClassAdapter - Found static initializer in class com/fasterxml/jackson/databind/cfg/MapperConfigBase
23:36:12.023 [main] INFO  o.e.r.i.MethodCallReplacementClassAdapter - No hashCode defined for: com/fasterxml/jackson/databind/cfg/MapperConfigBase, superclass = com.fasterxml.jackson.databind.cfg.MapperConfig
23:36:12.023 [main] INFO  o.e.r.instrumentation.EvoClassLoader - Error while loading class: java.lang.ClassFormatError: Duplicate method name&signature in class file com/fasterxml/jackson/databind/cfg/MapperConfigBase
23:36:12.023 [main] INFO  o.e.r.instrumentation.EvoClassLoader - Error while loading class: java.lang.NoClassDefFoundError: com/fasterxml/jackson/databind/cfg/MapperConfigBase
23:36:12.023 [main] ERROR o.e.r.c.ClassStateSupport - Could not initialize com.fasterxml.jackson.databind.deser.DefaultDeserializationContext$Impl: com/fasterxml/jackson/databind/DeserializationConfig
23:36:12.024 [main] INFO  o.e.r.instrumentation.EvoClassLoader - Seeing class for first time: org.springframework.boot.autoconfigure.web.ResourceProperties$Content
23:36:12.024 [main] INFO  o.e.r.instrumentation.EvoClassLoader - Instrumenting class 'org.springframework.boot.autoconfigure.web.ResourceProperties$Content'.
23:36:12.024 [main] INFO  o.e.r.i.MethodCallReplacementClassAdapter - Adding mock interface to class org/springframework/boot/autoconfigure/web/ResourceProperties$Content
23:36:12.025 [main] INFO  o.e.r.i.MethodCallReplacementClassAdapter - No hashCode defined for: org/springframework/boot/autoconfigure/web/ResourceProperties$Content, superclass = java.lang.Object
23:36:12.025 [main] INFO  o.e.r.i.CreateClassResetClassAdapter - Creating brand-new static initializer in class org/springframework/boot/autoconfigure/web/ResourceProperties$Content
23:36:12.025 [main] DEBUG o.e.r.agent.TransformerForTests - Going to instrument: org.springframework.boot.autoconfigure.web.ResourceProperties$Content
23:36:12.025 [main] INFO  o.e.r.instrumentation.EvoClassLoader - Keeping class: org.springframework.boot.autoconfigure.web.ResourceProperties$Content
23:36:12.025 [main] INFO  o.e.r.instrumentation.EvoClassLoader - Seeing class for first time: org.springframework.web.method.support.InvocableHandlerMethod
23:36:12.025 [main] INFO  o.e.r.instrumentation.EvoClassLoader - Instrumenting class 'org.springframework.web.method.support.InvocableHandlerMethod'.
23:36:12.027 [main] INFO  o.e.r.i.MethodCallReplacementClassAdapter - Adding mock interface to class org/springframework/web/method/support/InvocableHandlerMethod
23:36:12.029 [main] INFO  o.e.r.i.MethodCallReplacementClassAdapter - No hashCode defined for: org/springframework/web/method/support/InvocableHandlerMethod, superclass = org.springframework.web.method.HandlerMethod
23:36:12.029 [main] INFO  o.e.r.i.CreateClassResetClassAdapter - Creating brand-new static initializer in class org/springframework/web/method/support/InvocableHandlerMethod
23:36:12.029 [main] DEBUG o.e.r.agent.TransformerForTests - Going to instrument: org.springframework.web.method.support.InvocableHandlerMethod
23:36:12.031 [main] INFO  o.e.r.i.MethodCallReplacementClassAdapter - No hashCode defined for: org/springframework/web/method/support/InvocableHandlerMethod, superclass = org.springframework.web.method.HandlerMethod
23:36:12.032 [main] INFO  o.e.r.instrumentation.EvoClassLoader - Seeing class for first time: org.springframework.web.method.HandlerMethod
23:36:12.032 [main] INFO  o.e.r.instrumentation.EvoClassLoader - Instrumenting class 'org.springframework.web.method.HandlerMethod'.
23:36:12.034 [main] INFO  o.e.r.i.MethodCallReplacementClassAdapter - Adding mock interface to class org/springframework/web/method/HandlerMethod
23:36:12.035 [main] INFO  o.e.r.i.CreateClassResetClassAdapter - Creating brand-new static initializer in class org/springframework/web/method/HandlerMethod
23:36:12.035 [main] DEBUG o.e.r.agent.TransformerForTests - Going to instrument: org.springframework.web.method.HandlerMethod
23:36:12.037 [main] INFO  o.e.r.instrumentation.EvoClassLoader - Keeping class: org.springframework.web.method.HandlerMethod
23:36:12.037 [main] INFO  o.e.r.instrumentation.EvoClassLoader - Keeping class: org.springframework.web.method.support.InvocableHandlerMethod
23:36:12.039 [main] INFO  o.e.r.instrumentation.EvoClassLoader - Seeing class for first time: org.springframework.format.annotation.DateTimeFormat$ISO
23:36:12.039 [main] INFO  o.e.r.instrumentation.EvoClassLoader - Instrumenting class 'org.springframework.format.annotation.DateTimeFormat$ISO'.
23:36:12.040 [main] INFO  o.e.r.i.MethodCallReplacementClassAdapter - Adding mock interface to class org/springframework/format/annotation/DateTimeFormat$ISO
23:36:12.040 [main] INFO  o.e.r.i.CreateClassResetClassAdapter - Found static initializer in class org/springframework/format/annotation/DateTimeFormat$ISO
23:36:12.040 [main] INFO  o.e.r.i.MethodCallReplacementClassAdapter - No hashCode defined for: org/springframework/format/annotation/DateTimeFormat$ISO, superclass = java.lang.Enum
23:36:12.040 [main] DEBUG o.e.r.agent.TransformerForTests - Going to instrument: org.springframework.format.annotation.DateTimeFormat$ISO
23:36:12.041 [main] INFO  o.e.r.i.CreateClassResetClassAdapter - Found static initializer in class org/springframework/format/annotation/DateTimeFormat$ISO
23:36:12.041 [main] INFO  o.e.r.i.MethodCallReplacementClassAdapter - No hashCode defined for: org/springframework/format/annotation/DateTimeFormat$ISO, superclass = java.lang.Enum
23:36:12.041 [main] INFO  o.e.r.instrumentation.EvoClassLoader - Error while loading class: java.lang.ClassFormatError: Duplicate method name&signature in class file org/springframework/format/annotation/DateTimeFormat$ISO
23:36:12.041 [main] ERROR o.e.r.c.ClassStateSupport - Could not initialize org.springframework.format.annotation.DateTimeFormat$ISO: Duplicate method name&signature in class file org/springframework/format/annotation/DateTimeFormat$ISO
23:36:12.041 [main] INFO  o.e.r.instrumentation.EvoClassLoader - Seeing class for first time: org.springframework.web.servlet.mvc.method.AbstractHandlerMethodAdapter
23:36:12.041 [main] INFO  o.e.r.instrumentation.EvoClassLoader - Instrumenting class 'org.springframework.web.servlet.mvc.method.AbstractHandlerMethodAdapter'.
23:36:12.042 [main] INFO  o.e.r.i.MethodCallReplacementClassAdapter - Adding mock interface to class org/springframework/web/servlet/mvc/method/AbstractHandlerMethodAdapter
23:36:12.042 [main] INFO  o.e.r.i.MethodCallReplacementClassAdapter - No hashCode defined for: org/springframework/web/servlet/mvc/method/AbstractHandlerMethodAdapter, superclass = org.springframework.web.servlet.support.WebContentGenerator
23:36:12.042 [main] INFO  o.e.r.i.CreateClassResetClassAdapter - Creating brand-new static initializer in class org/springframework/web/servlet/mvc/method/AbstractHandlerMethodAdapter
23:36:12.042 [main] DEBUG o.e.r.agent.TransformerForTests - Going to instrument: org.springframework.web.servlet.mvc.method.AbstractHandlerMethodAdapter
23:36:12.043 [main] INFO  o.e.r.i.MethodCallReplacementClassAdapter - No hashCode defined for: org/springframework/web/servlet/mvc/method/AbstractHandlerMethodAdapter, superclass = org.springframework.web.servlet.support.WebContentGenerator
23:36:12.043 [main] INFO  o.e.r.instrumentation.EvoClassLoader - Keeping class: org.springframework.web.servlet.mvc.method.AbstractHandlerMethodAdapter
23:36:12.043 [main] INFO  o.e.r.instrumentation.EvoClassLoader - Seeing class for first time: org.springframework.context.ApplicationContextException
23:36:12.043 [main] INFO  o.e.r.instrumentation.EvoClassLoader - Instrumenting class 'org.springframework.context.ApplicationContextException'.
23:36:12.043 [main] INFO  o.e.r.i.MethodCallReplacementClassAdapter - Adding mock interface to class org/springframework/context/ApplicationContextException
23:36:12.044 [main] INFO  o.e.r.i.MethodCallReplacementClassAdapter - No hashCode defined for: org/springframework/context/ApplicationContextException, superclass = org.springframework.beans.FatalBeanException
23:36:12.044 [main] INFO  o.e.r.i.CreateClassResetClassAdapter - Creating brand-new static initializer in class org/springframework/context/ApplicationContextException
23:36:12.044 [main] DEBUG o.e.r.agent.TransformerForTests - Going to instrument: org.springframework.context.ApplicationContextException
23:36:12.044 [main] INFO  o.e.r.i.MethodCallReplacementClassAdapter - No hashCode defined for: org/springframework/context/ApplicationContextException, superclass = org.springframework.beans.FatalBeanException
23:36:12.044 [main] INFO  o.e.r.instrumentation.EvoClassLoader - Seeing class for first time: org.springframework.beans.FatalBeanException
23:36:12.044 [main] INFO  o.e.r.instrumentation.EvoClassLoader - Instrumenting class 'org.springframework.beans.FatalBeanException'.
23:36:12.044 [main] INFO  o.e.r.i.MethodCallReplacementClassAdapter - Adding mock interface to class org/springframework/beans/FatalBeanException
23:36:12.044 [main] INFO  o.e.r.i.MethodCallReplacementClassAdapter - No hashCode defined for: org/springframework/beans/FatalBeanException, superclass = org.springframework.beans.BeansException
23:36:12.044 [main] INFO  o.e.r.i.CreateClassResetClassAdapter - Creating brand-new static initializer in class org/springframework/beans/FatalBeanException
23:36:12.045 [main] DEBUG o.e.r.agent.TransformerForTests - Going to instrument: org.springframework.beans.FatalBeanException
23:36:12.045 [main] INFO  o.e.r.i.MethodCallReplacementClassAdapter - No hashCode defined for: org/springframework/beans/FatalBeanException, superclass = org.springframework.beans.BeansException
23:36:12.045 [main] INFO  o.e.r.instrumentation.EvoClassLoader - Seeing class for first time: org.springframework.beans.BeansException
23:36:12.045 [main] INFO  o.e.r.instrumentation.EvoClassLoader - Instrumenting class 'org.springframework.beans.BeansException'.
23:36:12.045 [main] INFO  o.e.r.i.MethodCallReplacementClassAdapter - Adding mock interface to class org/springframework/beans/BeansException
23:36:12.045 [main] INFO  o.e.r.i.CreateClassResetClassAdapter - Creating brand-new static initializer in class org/springframework/beans/BeansException
23:36:12.045 [main] DEBUG o.e.r.agent.TransformerForTests - Going to instrument: org.springframework.beans.BeansException
23:36:12.046 [main] INFO  o.e.r.instrumentation.EvoClassLoader - Seeing class for first time: org.springframework.core.NestedRuntimeException
23:36:12.046 [main] INFO  o.e.r.instrumentation.EvoClassLoader - Instrumenting class 'org.springframework.core.NestedRuntimeException'.
23:36:12.046 [main] INFO  o.e.r.i.MethodCallReplacementClassAdapter - Adding mock interface to class org/springframework/core/NestedRuntimeException
23:36:12.047 [main] INFO  o.e.r.i.CreateClassResetClassAdapter - Found static initializer in class org/springframework/core/NestedRuntimeException
23:36:12.047 [main] INFO  o.e.r.i.MethodCallReplacementClassAdapter - No hashCode defined for: org/springframework/core/NestedRuntimeException, superclass = java.lang.RuntimeException
23:36:12.047 [main] DEBUG o.e.r.agent.TransformerForTests - Going to instrument: org.springframework.core.NestedRuntimeException
23:36:12.048 [main] INFO  o.e.r.i.CreateClassResetClassAdapter - Found static initializer in class org/springframework/core/NestedRuntimeException
23:36:12.048 [main] INFO  o.e.r.i.MethodCallReplacementClassAdapter - No hashCode defined for: org/springframework/core/NestedRuntimeException, superclass = org.evosuite.runtime.mock.java.lang.MockRuntimeException
23:36:12.049 [main] INFO  o.e.r.instrumentation.EvoClassLoader - Error while loading class: java.lang.ClassFormatError: Duplicate method name&signature in class file org/springframework/core/NestedRuntimeException
23:36:12.049 [main] INFO  o.e.r.instrumentation.EvoClassLoader - Error while loading class: java.lang.NoClassDefFoundError: org/springframework/core/NestedRuntimeException
23:36:12.049 [main] INFO  o.e.r.instrumentation.EvoClassLoader - Error while loading class: java.lang.NoClassDefFoundError: org/springframework/beans/BeansException
23:36:12.049 [main] INFO  o.e.r.instrumentation.EvoClassLoader - Error while loading class: java.lang.NoClassDefFoundError: org/springframework/beans/FatalBeanException
23:36:12.049 [main] ERROR o.e.r.c.ClassStateSupport - Could not initialize org.springframework.web.servlet.mvc.method.AbstractHandlerMethodAdapter: org/springframework/context/ApplicationContextException
23:36:12.049 [main] INFO  o.e.r.instrumentation.EvoClassLoader - Seeing class for first time: com.fasterxml.jackson.databind.jsontype.impl.StdSubtypeResolver
23:36:12.049 [main] INFO  o.e.r.instrumentation.EvoClassLoader - Instrumenting class 'com.fasterxml.jackson.databind.jsontype.impl.StdSubtypeResolver'.
23:36:12.050 [main] INFO  o.e.r.i.MethodCallReplacementClassAdapter - Adding mock interface to class com/fasterxml/jackson/databind/jsontype/impl/StdSubtypeResolver
23:36:12.051 [main] INFO  o.e.r.i.MethodCallReplacementClassAdapter - No hashCode defined for: com/fasterxml/jackson/databind/jsontype/impl/StdSubtypeResolver, superclass = com.fasterxml.jackson.databind.jsontype.SubtypeResolver
23:36:12.051 [main] INFO  o.e.r.i.CreateClassResetClassAdapter - Creating brand-new static initializer in class com/fasterxml/jackson/databind/jsontype/impl/StdSubtypeResolver
23:36:12.051 [main] DEBUG o.e.r.agent.TransformerForTests - Going to instrument: com.fasterxml.jackson.databind.jsontype.impl.StdSubtypeResolver
23:36:12.058 [main] INFO  o.e.r.i.MethodCallReplacementClassAdapter - No hashCode defined for: com/fasterxml/jackson/databind/jsontype/impl/StdSubtypeResolver, superclass = com.fasterxml.jackson.databind.jsontype.SubtypeResolver
23:36:12.059 [main] INFO  o.e.r.instrumentation.EvoClassLoader - Keeping class: com.fasterxml.jackson.databind.jsontype.impl.StdSubtypeResolver
23:36:12.059 [main] INFO  o.e.r.instrumentation.EvoClassLoader - Seeing class for first time: com.fasterxml.jackson.databind.introspect.Annotated
23:36:12.059 [main] INFO  o.e.r.instrumentation.EvoClassLoader - Instrumenting class 'com.fasterxml.jackson.databind.introspect.Annotated'.
23:36:12.060 [main] INFO  o.e.r.i.MethodCallReplacementClassAdapter - Adding mock interface to class com/fasterxml/jackson/databind/introspect/Annotated
23:36:12.061 [main] INFO  o.e.r.i.CreateClassResetClassAdapter - Creating brand-new static initializer in class com/fasterxml/jackson/databind/introspect/Annotated
23:36:12.061 [main] DEBUG o.e.r.agent.TransformerForTests - Going to instrument: com.fasterxml.jackson.databind.introspect.Annotated
23:36:12.062 [main] INFO  o.e.r.instrumentation.EvoClassLoader - Keeping class: com.fasterxml.jackson.databind.introspect.Annotated
23:36:12.062 [main] INFO  o.e.r.instrumentation.EvoClassLoader - Seeing class for first time: com.fasterxml.jackson.databind.introspect.AnnotatedMember
23:36:12.063 [main] INFO  o.e.r.instrumentation.EvoClassLoader - Instrumenting class 'com.fasterxml.jackson.databind.introspect.AnnotatedMember'.
23:36:12.064 [main] INFO  o.e.r.i.MethodCallReplacementClassAdapter - Adding mock interface to class com/fasterxml/jackson/databind/introspect/AnnotatedMember
23:36:12.064 [main] INFO  o.e.r.i.MethodCallReplacementClassAdapter - No hashCode defined for: com/fasterxml/jackson/databind/introspect/AnnotatedMember, superclass = com.fasterxml.jackson.databind.introspect.Annotated
23:36:12.065 [main] INFO  o.e.r.i.CreateClassResetClassAdapter - Creating brand-new static initializer in class com/fasterxml/jackson/databind/introspect/AnnotatedMember
23:36:12.066 [main] DEBUG o.e.r.agent.TransformerForTests - Going to instrument: com.fasterxml.jackson.databind.introspect.AnnotatedMember
23:36:12.067 [main] INFO  o.e.r.i.MethodCallReplacementClassAdapter - No hashCode defined for: com/fasterxml/jackson/databind/introspect/AnnotatedMember, superclass = com.fasterxml.jackson.databind.introspect.Annotated
23:36:12.067 [main] INFO  o.e.r.instrumentation.EvoClassLoader - Keeping class: com.fasterxml.jackson.databind.introspect.AnnotatedMember
23:36:12.068 [main] INFO  o.e.r.instrumentation.EvoClassLoader - Seeing class for first time: com.fasterxml.jackson.databind.introspect.AnnotatedClass
23:36:12.068 [main] INFO  o.e.r.instrumentation.EvoClassLoader - Instrumenting class 'com.fasterxml.jackson.databind.introspect.AnnotatedClass'.
23:36:12.070 [main] INFO  o.e.r.i.MethodCallReplacementClassAdapter - Adding mock interface to class com/fasterxml/jackson/databind/introspect/AnnotatedClass
23:36:12.075 [main] INFO  o.e.r.i.CreateClassResetClassAdapter - Found static initializer in class com/fasterxml/jackson/databind/introspect/AnnotatedClass
23:36:12.075 [main] DEBUG o.e.r.agent.TransformerForTests - Going to instrument: com.fasterxml.jackson.databind.introspect.AnnotatedClass
23:36:12.082 [main] INFO  o.e.r.i.CreateClassResetClassAdapter - Found static initializer in class com/fasterxml/jackson/databind/introspect/AnnotatedClass
23:36:12.083 [main] INFO  o.e.r.instrumentation.EvoClassLoader - Error while loading class: java.lang.ClassFormatError: Duplicate method name&signature in class file com/fasterxml/jackson/databind/introspect/AnnotatedClass
23:36:12.083 [main] ERROR o.e.r.c.ClassStateSupport - Could not initialize com.fasterxml.jackson.databind.jsontype.impl.StdSubtypeResolver: com/fasterxml/jackson/databind/introspect/AnnotatedClass
23:36:12.083 [main] INFO  o.e.r.instrumentation.EvoClassLoader - Seeing class for first time: org.springframework.validation.DefaultMessageCodesResolver$Format
23:36:12.083 [main] INFO  o.e.r.instrumentation.EvoClassLoader - Instrumenting class 'org.springframework.validation.DefaultMessageCodesResolver$Format'.
23:36:12.084 [main] INFO  o.e.r.i.MethodCallReplacementClassAdapter - Adding mock interface to class org/springframework/validation/DefaultMessageCodesResolver$Format
23:36:12.084 [main] INFO  o.e.r.i.CreateClassResetClassAdapter - Found static initializer in class org/springframework/validation/DefaultMessageCodesResolver$Format
23:36:12.084 [main] INFO  o.e.r.i.MethodCallReplacementClassAdapter - No hashCode defined for: org/springframework/validation/DefaultMessageCodesResolver$Format, superclass = java.lang.Enum
23:36:12.085 [main] DEBUG o.e.r.agent.TransformerForTests - Going to instrument: org.springframework.validation.DefaultMessageCodesResolver$Format
23:36:12.085 [main] INFO  o.e.r.i.CreateClassResetClassAdapter - Found static initializer in class org/springframework/validation/DefaultMessageCodesResolver$Format
23:36:12.085 [main] INFO  o.e.r.i.MethodCallReplacementClassAdapter - No hashCode defined for: org/springframework/validation/DefaultMessageCodesResolver$Format, superclass = java.lang.Enum
23:36:12.085 [main] INFO  o.e.r.instrumentation.EvoClassLoader - Error while loading class: java.lang.ClassFormatError: Duplicate method name&signature in class file org/springframework/validation/DefaultMessageCodesResolver$Format
23:36:12.085 [main] ERROR o.e.r.c.ClassStateSupport - Could not initialize org.springframework.validation.DefaultMessageCodesResolver$Format: Duplicate method name&signature in class file org/springframework/validation/DefaultMessageCodesResolver$Format
23:36:12.086 [main] INFO  o.e.r.instrumentation.EvoClassLoader - Seeing class for first time: com.fasterxml.jackson.databind.node.MissingNode
23:36:12.086 [main] INFO  o.e.r.instrumentation.EvoClassLoader - Instrumenting class 'com.fasterxml.jackson.databind.node.MissingNode'.
23:36:12.087 [main] INFO  o.e.r.i.MethodCallReplacementClassAdapter - Adding mock interface to class com/fasterxml/jackson/databind/node/MissingNode
23:36:12.087 [main] INFO  o.e.r.i.CreateClassResetClassAdapter - Found static initializer in class com/fasterxml/jackson/databind/node/MissingNode
23:36:12.087 [main] DEBUG o.e.r.agent.TransformerForTests - Going to instrument: com.fasterxml.jackson.databind.node.MissingNode
23:36:12.087 [main] INFO  o.e.r.i.CreateClassResetClassAdapter - Found static initializer in class com/fasterxml/jackson/databind/node/MissingNode
23:36:12.088 [main] INFO  o.e.r.instrumentation.EvoClassLoader - Error while loading class: java.lang.ClassFormatError: Duplicate method name&signature in class file com/fasterxml/jackson/databind/node/MissingNode
23:36:12.088 [main] ERROR o.e.r.c.ClassStateSupport - Could not initialize com.fasterxml.jackson.databind.JsonNode: com/fasterxml/jackson/databind/node/MissingNode
23:36:12.088 [main] INFO  o.e.r.instrumentation.EvoClassLoader - Seeing class for first time: org.springframework.core.PrioritizedParameterNameDiscoverer
23:36:12.088 [main] INFO  o.e.r.instrumentation.EvoClassLoader - Instrumenting class 'org.springframework.core.PrioritizedParameterNameDiscoverer'.
23:36:12.089 [main] INFO  o.e.r.i.MethodCallReplacementClassAdapter - Adding mock interface to class org/springframework/core/PrioritizedParameterNameDiscoverer
23:36:12.089 [main] INFO  o.e.r.i.MethodCallReplacementClassAdapter - No hashCode defined for: org/springframework/core/PrioritizedParameterNameDiscoverer, superclass = java.lang.Object
23:36:12.089 [main] INFO  o.e.r.i.CreateClassResetClassAdapter - Creating brand-new static initializer in class org/springframework/core/PrioritizedParameterNameDiscoverer
23:36:12.089 [main] DEBUG o.e.r.agent.TransformerForTests - Going to instrument: org.springframework.core.PrioritizedParameterNameDiscoverer
23:36:12.089 [main] INFO  o.e.r.instrumentation.EvoClassLoader - Keeping class: org.springframework.core.PrioritizedParameterNameDiscoverer
23:36:12.090 [main] INFO  o.e.r.instrumentation.EvoClassLoader - Seeing class for first time: org.springframework.web.accept.PathExtensionContentNegotiationStrategy
23:36:12.090 [main] INFO  o.e.r.instrumentation.EvoClassLoader - Instrumenting class 'org.springframework.web.accept.PathExtensionContentNegotiationStrategy'.
23:36:12.090 [main] INFO  o.e.r.i.MethodCallReplacementClassAdapter - Adding mock interface to class org/springframework/web/accept/PathExtensionContentNegotiationStrategy
23:36:12.091 [main] INFO  o.e.r.i.CreateClassResetClassAdapter - Found static initializer in class org/springframework/web/accept/PathExtensionContentNegotiationStrategy
23:36:12.091 [main] INFO  o.e.r.i.MethodCallReplacementClassAdapter - No hashCode defined for: org/springframework/web/accept/PathExtensionContentNegotiationStrategy, superclass = org.springframework.web.accept.AbstractMappingContentNegotiationStrategy
23:36:12.092 [main] DEBUG o.e.r.agent.TransformerForTests - Going to instrument: org.springframework.web.accept.PathExtensionContentNegotiationStrategy
23:36:12.092 [main] INFO  o.e.r.i.CreateClassResetClassAdapter - Found static initializer in class org/springframework/web/accept/PathExtensionContentNegotiationStrategy
23:36:12.092 [main] INFO  o.e.r.i.MethodCallReplacementClassAdapter - No hashCode defined for: org/springframework/web/accept/PathExtensionContentNegotiationStrategy, superclass = org.springframework.web.accept.AbstractMappingContentNegotiationStrategy
23:36:12.092 [main] INFO  o.e.r.instrumentation.EvoClassLoader - Error while loading class: java.lang.ClassFormatError: Duplicate method name&signature in class file org/springframework/web/accept/PathExtensionContentNegotiationStrategy
23:36:12.092 [main] ERROR o.e.r.c.ClassStateSupport - Could not initialize org.springframework.web.accept.PathExtensionContentNegotiationStrategy: Duplicate method name&signature in class file org/springframework/web/accept/PathExtensionContentNegotiationStrategy
23:36:12.093 [main] INFO  o.e.r.instrumentation.EvoClassLoader - Seeing class for first time: org.springframework.core.convert.support.GenericConversionService$NoOpConverter
23:36:12.095 [main] INFO  o.e.r.instrumentation.EvoClassLoader - Instrumenting class 'org.springframework.core.convert.support.GenericConversionService$NoOpConverter'.
23:36:12.096 [main] INFO  o.e.r.i.MethodCallReplacementClassAdapter - Adding mock interface to class org/springframework/core/convert/support/GenericConversionService$NoOpConverter
23:36:12.096 [main] INFO  o.e.r.i.MethodCallReplacementClassAdapter - No hashCode defined for: org/springframework/core/convert/support/GenericConversionService$NoOpConverter, superclass = java.lang.Object
23:36:12.096 [main] INFO  o.e.r.i.CreateClassResetClassAdapter - Creating brand-new static initializer in class org/springframework/core/convert/support/GenericConversionService$NoOpConverter
23:36:12.096 [main] DEBUG o.e.r.agent.TransformerForTests - Going to instrument: org.springframework.core.convert.support.GenericConversionService$NoOpConverter
23:36:12.097 [main] INFO  o.e.r.instrumentation.EvoClassLoader - Keeping class: org.springframework.core.convert.support.GenericConversionService$NoOpConverter
23:36:12.098 [main] INFO  o.e.r.instrumentation.EvoClassLoader - Seeing class for first time: com.fasterxml.jackson.databind.deser.BasicDeserializerFactory
23:36:12.098 [main] INFO  o.e.r.instrumentation.EvoClassLoader - Instrumenting class 'com.fasterxml.jackson.databind.deser.BasicDeserializerFactory'.
23:36:12.101 [main] INFO  o.e.r.i.MethodCallReplacementClassAdapter - Adding mock interface to class com/fasterxml/jackson/databind/deser/BasicDeserializerFactory
23:36:12.126 [main] INFO  o.e.r.i.CreateClassResetClassAdapter - Found static initializer in class com/fasterxml/jackson/databind/deser/BasicDeserializerFactory
23:36:12.126 [main] INFO  o.e.r.i.MethodCallReplacementClassAdapter - No hashCode defined for: com/fasterxml/jackson/databind/deser/BasicDeserializerFactory, superclass = com.fasterxml.jackson.databind.deser.DeserializerFactory
23:36:12.126 [main] DEBUG o.e.r.agent.TransformerForTests - Going to instrument: com.fasterxml.jackson.databind.deser.BasicDeserializerFactory
23:36:12.150 [main] INFO  o.e.r.i.CreateClassResetClassAdapter - Found static initializer in class com/fasterxml/jackson/databind/deser/BasicDeserializerFactory
23:36:12.150 [main] INFO  o.e.r.i.MethodCallReplacementClassAdapter - No hashCode defined for: com/fasterxml/jackson/databind/deser/BasicDeserializerFactory, superclass = com.fasterxml.jackson.databind.deser.DeserializerFactory
23:36:12.152 [main] INFO  o.e.r.instrumentation.EvoClassLoader - Error while loading class: java.lang.ClassFormatError: Duplicate method name&signature in class file com/fasterxml/jackson/databind/deser/BasicDeserializerFactory
23:36:12.152 [main] ERROR o.e.r.c.ClassStateSupport - Could not initialize com.fasterxml.jackson.databind.deser.BasicDeserializerFactory: Duplicate method name&signature in class file com/fasterxml/jackson/databind/deser/BasicDeserializerFactory
23:36:12.153 [main] INFO  o.e.r.instrumentation.EvoClassLoader - Seeing class for first time: org.springframework.web.servlet.view.AbstractCachingViewResolver
23:36:12.153 [main] INFO  o.e.r.instrumentation.EvoClassLoader - Instrumenting class 'org.springframework.web.servlet.view.AbstractCachingViewResolver'.
23:36:12.154 [main] INFO  o.e.r.i.MethodCallReplacementClassAdapter - Adding mock interface to class org/springframework/web/servlet/view/AbstractCachingViewResolver
23:36:12.154 [main] INFO  o.e.r.i.CreateClassResetClassAdapter - Found static initializer in class org/springframework/web/servlet/view/AbstractCachingViewResolver
23:36:12.154 [main] INFO  o.e.r.i.MethodCallReplacementClassAdapter - No hashCode defined for: org/springframework/web/servlet/view/AbstractCachingViewResolver, superclass = org.springframework.web.context.support.WebApplicationObjectSupport
23:36:12.154 [main] DEBUG o.e.r.agent.TransformerForTests - Going to instrument: org.springframework.web.servlet.view.AbstractCachingViewResolver
23:36:12.155 [main] INFO  o.e.r.i.CreateClassResetClassAdapter - Found static initializer in class org/springframework/web/servlet/view/AbstractCachingViewResolver
23:36:12.155 [main] INFO  o.e.r.i.MethodCallReplacementClassAdapter - No hashCode defined for: org/springframework/web/servlet/view/AbstractCachingViewResolver, superclass = org.springframework.web.context.support.WebApplicationObjectSupport
23:36:12.156 [main] INFO  o.e.r.instrumentation.EvoClassLoader - Error while loading class: java.lang.ClassFormatError: Duplicate method name&signature in class file org/springframework/web/servlet/view/AbstractCachingViewResolver
23:36:12.156 [main] ERROR o.e.r.c.ClassStateSupport - Could not initialize org.springframework.web.servlet.view.AbstractCachingViewResolver: Duplicate method name&signature in class file org/springframework/web/servlet/view/AbstractCachingViewResolver
23:36:12.156 [main] INFO  o.e.r.instrumentation.EvoClassLoader - Seeing class for first time: org.apache.commons.logging.LogFactory
23:36:12.156 [main] INFO  o.e.r.instrumentation.EvoClassLoader - Instrumenting class 'org.apache.commons.logging.LogFactory'.
23:36:12.157 [main] INFO  o.e.r.i.MethodCallReplacementClassAdapter - Adding mock interface to class org/apache/commons/logging/LogFactory
23:36:12.157 [main] INFO  o.e.r.i.CreateClassResetClassAdapter - Found static initializer in class org/apache/commons/logging/LogFactory
23:36:12.157 [main] INFO  o.e.r.i.MethodCallReplacementClassAdapter - No hashCode defined for: org/apache/commons/logging/LogFactory, superclass = java.lang.Object
23:36:12.157 [main] DEBUG o.e.r.agent.TransformerForTests - Going to instrument: org.apache.commons.logging.LogFactory
23:36:12.158 [main] INFO  o.e.r.i.CreateClassResetClassAdapter - Found static initializer in class org/apache/commons/logging/LogFactory
23:36:12.158 [main] INFO  o.e.r.instrumentation.EvoClassLoader - Error while loading class: java.lang.ClassFormatError: Duplicate method name&signature in class file org/apache/commons/logging/LogFactory
23:36:12.158 [main] ERROR o.e.r.c.ClassStateSupport - Could not initialize org.apache.commons.logging.LogFactory: Duplicate method name&signature in class file org/apache/commons/logging/LogFactory
23:36:12.158 [main] INFO  o.e.r.instrumentation.EvoClassLoader - Seeing class for first time: org.springframework.beans.PropertyValues
23:36:12.158 [main] INFO  o.e.r.instrumentation.EvoClassLoader - Instrumenting class 'org.springframework.beans.PropertyValues'.
23:36:12.159 [main] DEBUG o.e.r.agent.TransformerForTests - Going to instrument: org.springframework.beans.PropertyValues
23:36:12.160 [main] INFO  o.e.r.instrumentation.EvoClassLoader - Keeping class: org.springframework.beans.PropertyValues
23:36:12.160 [main] INFO  o.e.r.instrumentation.EvoClassLoader - Seeing class for first time: org.springframework.util.ConcurrentReferenceHashMap$TaskOption
23:36:12.160 [main] INFO  o.e.r.instrumentation.EvoClassLoader - Instrumenting class 'org.springframework.util.ConcurrentReferenceHashMap$TaskOption'.
23:36:12.161 [main] INFO  o.e.r.i.MethodCallReplacementClassAdapter - Adding mock interface to class org/springframework/util/ConcurrentReferenceHashMap$TaskOption
23:36:12.161 [main] INFO  o.e.r.i.CreateClassResetClassAdapter - Found static initializer in class org/springframework/util/ConcurrentReferenceHashMap$TaskOption
23:36:12.161 [main] INFO  o.e.r.i.MethodCallReplacementClassAdapter - No hashCode defined for: org/springframework/util/ConcurrentReferenceHashMap$TaskOption, superclass = java.lang.Enum
23:36:12.162 [main] DEBUG o.e.r.agent.TransformerForTests - Going to instrument: org.springframework.util.ConcurrentReferenceHashMap$TaskOption
23:36:12.162 [main] INFO  o.e.r.i.CreateClassResetClassAdapter - Found static initializer in class org/springframework/util/ConcurrentReferenceHashMap$TaskOption
23:36:12.163 [main] INFO  o.e.r.i.MethodCallReplacementClassAdapter - No hashCode defined for: org/springframework/util/ConcurrentReferenceHashMap$TaskOption, superclass = java.lang.Enum
23:36:12.163 [main] INFO  o.e.r.instrumentation.EvoClassLoader - Error while loading class: java.lang.ClassFormatError: Duplicate method name&signature in class file org/springframework/util/ConcurrentReferenceHashMap$TaskOption
23:36:12.163 [main] ERROR o.e.r.c.ClassStateSupport - Could not initialize org.springframework.util.ConcurrentReferenceHashMap$Task: org/springframework/util/ConcurrentReferenceHashMap$TaskOption
23:36:12.164 [main] INFO  o.e.r.instrumentation.EvoClassLoader - Seeing class for first time: org.springframework.web.servlet.mvc.method.annotation.RequestMappingHandlerAdapter
23:36:12.164 [main] INFO  o.e.r.instrumentation.EvoClassLoader - Instrumenting class 'org.springframework.web.servlet.mvc.method.annotation.RequestMappingHandlerAdapter'.
23:36:12.166 [main] INFO  o.e.r.i.MethodCallReplacementClassAdapter - Adding mock interface to class org/springframework/web/servlet/mvc/method/annotation/RequestMappingHandlerAdapter
23:36:12.167 [main] INFO  o.e.r.i.CreateClassResetClassAdapter - Found static initializer in class org/springframework/web/servlet/mvc/method/annotation/RequestMappingHandlerAdapter
23:36:12.168 [main] INFO  o.e.r.i.MethodCallReplacementClassAdapter - No hashCode defined for: org/springframework/web/servlet/mvc/method/annotation/RequestMappingHandlerAdapter, superclass = org.springframework.web.servlet.mvc.method.AbstractHandlerMethodAdapter
23:36:12.168 [main] DEBUG o.e.r.agent.TransformerForTests - Going to instrument: org.springframework.web.servlet.mvc.method.annotation.RequestMappingHandlerAdapter
23:36:12.171 [main] INFO  o.e.r.i.CreateClassResetClassAdapter - Found static initializer in class org/springframework/web/servlet/mvc/method/annotation/RequestMappingHandlerAdapter
23:36:12.171 [main] INFO  o.e.r.i.MethodCallReplacementClassAdapter - No hashCode defined for: org/springframework/web/servlet/mvc/method/annotation/RequestMappingHandlerAdapter, superclass = org.springframework.web.servlet.mvc.method.AbstractHandlerMethodAdapter
23:36:12.172 [main] INFO  o.e.r.instrumentation.EvoClassLoader - Error while loading class: java.lang.ClassFormatError: Duplicate method name&signature in class file org/springframework/web/servlet/mvc/method/annotation/RequestMappingHandlerAdapter
23:36:12.172 [main] ERROR o.e.r.c.ClassStateSupport - Could not initialize org.springframework.web.servlet.mvc.method.annotation.RequestMappingHandlerAdapter: Duplicate method name&signature in class file org/springframework/web/servlet/mvc/method/annotation/RequestMappingHandlerAdapter
23:36:12.172 [main] INFO  o.e.r.instrumentation.EvoClassLoader - Seeing class for first time: org.springframework.web.servlet.resource.ResourceUrlProviderExposingInterceptor
23:36:12.172 [main] INFO  o.e.r.instrumentation.EvoClassLoader - Instrumenting class 'org.springframework.web.servlet.resource.ResourceUrlProviderExposingInterceptor'.
23:36:12.173 [main] INFO  o.e.r.i.MethodCallReplacementClassAdapter - Adding mock interface to class org/springframework/web/servlet/resource/ResourceUrlProviderExposingInterceptor
23:36:12.173 [main] INFO  o.e.r.i.CreateClassResetClassAdapter - Found static initializer in class org/springframework/web/servlet/resource/ResourceUrlProviderExposingInterceptor
23:36:12.173 [main] INFO  o.e.r.i.MethodCallReplacementClassAdapter - No hashCode defined for: org/springframework/web/servlet/resource/ResourceUrlProviderExposingInterceptor, superclass = org.springframework.web.servlet.handler.HandlerInterceptorAdapter
23:36:12.173 [main] DEBUG o.e.r.agent.TransformerForTests - Going to instrument: org.springframework.web.servlet.resource.ResourceUrlProviderExposingInterceptor
23:36:12.174 [main] INFO  o.e.r.i.CreateClassResetClassAdapter - Found static initializer in class org/springframework/web/servlet/resource/ResourceUrlProviderExposingInterceptor
23:36:12.174 [main] INFO  o.e.r.i.MethodCallReplacementClassAdapter - No hashCode defined for: org/springframework/web/servlet/resource/ResourceUrlProviderExposingInterceptor, superclass = org.springframework.web.servlet.handler.HandlerInterceptorAdapter
23:36:12.174 [main] INFO  o.e.r.instrumentation.EvoClassLoader - Error while loading class: java.lang.ClassFormatError: Duplicate method name&signature in class file org/springframework/web/servlet/resource/ResourceUrlProviderExposingInterceptor
23:36:12.174 [main] ERROR o.e.r.c.ClassStateSupport - Could not initialize org.springframework.web.servlet.resource.ResourceUrlProviderExposingInterceptor: Duplicate method name&signature in class file org/springframework/web/servlet/resource/ResourceUrlProviderExposingInterceptor
23:36:12.175 [main] INFO  o.e.r.instrumentation.EvoClassLoader - Seeing class for first time: com.fasterxml.jackson.databind.MappingJsonFactory
23:36:12.175 [main] INFO  o.e.r.instrumentation.EvoClassLoader - Instrumenting class 'com.fasterxml.jackson.databind.MappingJsonFactory'.
23:36:12.176 [main] INFO  o.e.r.i.MethodCallReplacementClassAdapter - Adding mock interface to class com/fasterxml/jackson/databind/MappingJsonFactory
23:36:12.176 [main] INFO  o.e.r.i.MethodCallReplacementClassAdapter - No hashCode defined for: com/fasterxml/jackson/databind/MappingJsonFactory, superclass = com.fasterxml.jackson.core.JsonFactory
23:36:12.176 [main] INFO  o.e.r.i.CreateClassResetClassAdapter - Creating brand-new static initializer in class com/fasterxml/jackson/databind/MappingJsonFactory
23:36:12.177 [main] DEBUG o.e.r.agent.TransformerForTests - Going to instrument: com.fasterxml.jackson.databind.MappingJsonFactory
23:36:12.177 [main] INFO  o.e.r.i.MethodCallReplacementClassAdapter - No hashCode defined for: com/fasterxml/jackson/databind/MappingJsonFactory, superclass = com.fasterxml.jackson.core.JsonFactory
23:36:12.177 [main] INFO  o.e.r.instrumentation.EvoClassLoader - Seeing class for first time: com.fasterxml.jackson.core.JsonFactory
23:36:12.178 [main] INFO  o.e.r.instrumentation.EvoClassLoader - Instrumenting class 'com.fasterxml.jackson.core.JsonFactory'.
23:36:12.179 [main] INFO  o.e.r.i.MethodCallReplacementClassAdapter - Adding mock interface to class com/fasterxml/jackson/core/JsonFactory
23:36:12.183 [main] INFO  o.e.r.i.CreateClassResetClassAdapter - Found static initializer in class com/fasterxml/jackson/core/JsonFactory
23:36:12.184 [main] INFO  o.e.r.i.MethodCallReplacementClassAdapter - No hashCode defined for: com/fasterxml/jackson/core/JsonFactory, superclass = java.lang.Object
23:36:12.184 [main] DEBUG o.e.r.agent.TransformerForTests - Going to instrument: com.fasterxml.jackson.core.JsonFactory
23:36:12.189 [main] INFO  o.e.r.i.CreateClassResetClassAdapter - Found static initializer in class com/fasterxml/jackson/core/JsonFactory
23:36:12.190 [main] INFO  o.e.r.instrumentation.EvoClassLoader - Error while loading class: java.lang.ClassFormatError: Duplicate method name&signature in class file com/fasterxml/jackson/core/JsonFactory
23:36:12.190 [main] INFO  o.e.r.instrumentation.EvoClassLoader - Error while loading class: java.lang.NoClassDefFoundError: com/fasterxml/jackson/core/JsonFactory
23:36:12.190 [main] ERROR o.e.r.c.ClassStateSupport - Could not initialize com.fasterxml.jackson.databind.MappingJsonFactory: com/fasterxml/jackson/core/JsonFactory
23:36:12.191 [main] INFO  o.e.r.instrumentation.EvoClassLoader - Seeing class for first time: org.springframework.http.converter.json.AbstractJackson2HttpMessageConverter
23:36:12.191 [main] INFO  o.e.r.instrumentation.EvoClassLoader - Instrumenting class 'org.springframework.http.converter.json.AbstractJackson2HttpMessageConverter'.
23:36:12.192 [main] INFO  o.e.r.i.MethodCallReplacementClassAdapter - Adding mock interface to class org/springframework/http/converter/json/AbstractJackson2HttpMessageConverter
23:36:12.193 [main] INFO  o.e.r.i.CreateClassResetClassAdapter - Found static initializer in class org/springframework/http/converter/json/AbstractJackson2HttpMessageConverter
23:36:12.194 [main] INFO  o.e.r.i.MethodCallReplacementClassAdapter - No hashCode defined for: org/springframework/http/converter/json/AbstractJackson2HttpMessageConverter, superclass = org.springframework.http.converter.AbstractGenericHttpMessageConverter
23:36:12.194 [main] DEBUG o.e.r.agent.TransformerForTests - Going to instrument: org.springframework.http.converter.json.AbstractJackson2HttpMessageConverter
23:36:12.195 [main] INFO  o.e.r.i.CreateClassResetClassAdapter - Found static initializer in class org/springframework/http/converter/json/AbstractJackson2HttpMessageConverter
23:36:12.196 [main] INFO  o.e.r.i.MethodCallReplacementClassAdapter - No hashCode defined for: org/springframework/http/converter/json/AbstractJackson2HttpMessageConverter, superclass = org.springframework.http.converter.AbstractGenericHttpMessageConverter
23:36:12.196 [main] INFO  o.e.r.instrumentation.EvoClassLoader - Error while loading class: java.lang.ClassFormatError: Duplicate method name&signature in class file org/springframework/http/converter/json/AbstractJackson2HttpMessageConverter
23:36:12.197 [main] ERROR o.e.r.c.ClassStateSupport - Could not initialize org.springframework.http.converter.json.AbstractJackson2HttpMessageConverter: Duplicate method name&signature in class file org/springframework/http/converter/json/AbstractJackson2HttpMessageConverter
23:36:12.197 [main] INFO  o.e.r.instrumentation.EvoClassLoader - Seeing class for first time: org.apache.xml.utils.DOM2Helper
23:36:12.197 [main] INFO  o.e.r.instrumentation.EvoClassLoader - Instrumenting class 'org.apache.xml.utils.DOM2Helper'.
23:36:12.198 [main] INFO  o.e.r.i.MethodCallReplacementClassAdapter - Adding mock interface to class org/apache/xml/utils/DOM2Helper
23:36:12.199 [main] INFO  o.e.r.i.MethodCallReplacementClassAdapter - No hashCode defined for: org/apache/xml/utils/DOM2Helper, superclass = org.apache.xml.utils.DOMHelper
23:36:12.200 [main] INFO  o.e.r.i.CreateClassResetClassAdapter - Creating brand-new static initializer in class org/apache/xml/utils/DOM2Helper
23:36:12.200 [main] DEBUG o.e.r.agent.TransformerForTests - Going to instrument: org.apache.xml.utils.DOM2Helper
23:36:12.201 [main] INFO  o.e.r.i.MethodCallReplacementClassAdapter - No hashCode defined for: org/apache/xml/utils/DOM2Helper, superclass = org.apache.xml.utils.DOMHelper
23:36:12.202 [main] INFO  o.e.r.instrumentation.EvoClassLoader - Seeing class for first time: org.apache.xml.utils.DOMHelper
23:36:12.202 [main] INFO  o.e.r.instrumentation.EvoClassLoader - Instrumenting class 'org.apache.xml.utils.DOMHelper'.
23:36:12.203 [main] INFO  o.e.r.i.MethodCallReplacementClassAdapter - Adding mock interface to class org/apache/xml/utils/DOMHelper
23:36:12.206 [main] INFO  o.e.r.i.CreateClassResetClassAdapter - Found static initializer in class org/apache/xml/utils/DOMHelper
23:36:12.207 [main] INFO  o.e.r.i.MethodCallReplacementClassAdapter - No hashCode defined for: org/apache/xml/utils/DOMHelper, superclass = java.lang.Object
23:36:12.207 [main] DEBUG o.e.r.agent.TransformerForTests - Going to instrument: org.apache.xml.utils.DOMHelper
23:36:12.211 [main] INFO  o.e.r.i.CreateClassResetClassAdapter - Found static initializer in class org/apache/xml/utils/DOMHelper
23:36:12.212 [main] INFO  o.e.r.instrumentation.EvoClassLoader - Error while loading class: java.lang.ClassFormatError: Duplicate method name&signature in class file org/apache/xml/utils/DOMHelper
23:36:12.213 [main] INFO  o.e.r.instrumentation.EvoClassLoader - Error while loading class: java.lang.NoClassDefFoundError: org/apache/xml/utils/DOMHelper
23:36:12.213 [main] ERROR o.e.r.c.ClassStateSupport - Could not initialize org.apache.xml.utils.DOM2Helper: org/apache/xml/utils/DOMHelper
23:36:12.213 [main] INFO  o.e.r.instrumentation.EvoClassLoader - Seeing class for first time: org.springframework.util.ConcurrentReferenceHashMap$ReferenceType
23:36:12.213 [main] INFO  o.e.r.instrumentation.EvoClassLoader - Instrumenting class 'org.springframework.util.ConcurrentReferenceHashMap$ReferenceType'.
23:36:12.214 [main] INFO  o.e.r.i.MethodCallReplacementClassAdapter - Adding mock interface to class org/springframework/util/ConcurrentReferenceHashMap$ReferenceType
23:36:12.214 [main] INFO  o.e.r.i.CreateClassResetClassAdapter - Found static initializer in class org/springframework/util/ConcurrentReferenceHashMap$ReferenceType
23:36:12.214 [main] INFO  o.e.r.i.MethodCallReplacementClassAdapter - No hashCode defined for: org/springframework/util/ConcurrentReferenceHashMap$ReferenceType, superclass = java.lang.Enum
23:36:12.214 [main] DEBUG o.e.r.agent.TransformerForTests - Going to instrument: org.springframework.util.ConcurrentReferenceHashMap$ReferenceType
23:36:12.215 [main] INFO  o.e.r.i.CreateClassResetClassAdapter - Found static initializer in class org/springframework/util/ConcurrentReferenceHashMap$ReferenceType
23:36:12.215 [main] INFO  o.e.r.i.MethodCallReplacementClassAdapter - No hashCode defined for: org/springframework/util/ConcurrentReferenceHashMap$ReferenceType, superclass = java.lang.Enum
23:36:12.215 [main] INFO  o.e.r.instrumentation.EvoClassLoader - Error while loading class: java.lang.ClassFormatError: Duplicate method name&signature in class file org/springframework/util/ConcurrentReferenceHashMap$ReferenceType
23:36:12.216 [main] ERROR o.e.r.c.ClassStateSupport - Could not initialize org.springframework.util.ConcurrentReferenceHashMap$ReferenceType: Duplicate method name&signature in class file org/springframework/util/ConcurrentReferenceHashMap$ReferenceType
23:36:12.216 [main] INFO  o.e.r.instrumentation.EvoClassLoader - Seeing class for first time: org.springframework.web.cors.DefaultCorsProcessor
23:36:12.216 [main] INFO  o.e.r.instrumentation.EvoClassLoader - Instrumenting class 'org.springframework.web.cors.DefaultCorsProcessor'.
23:36:12.217 [main] INFO  o.e.r.i.MethodCallReplacementClassAdapter - Adding mock interface to class org/springframework/web/cors/DefaultCorsProcessor
23:36:12.218 [main] INFO  o.e.r.i.CreateClassResetClassAdapter - Found static initializer in class org/springframework/web/cors/DefaultCorsProcessor
23:36:12.218 [main] INFO  o.e.r.i.MethodCallReplacementClassAdapter - No hashCode defined for: org/springframework/web/cors/DefaultCorsProcessor, superclass = java.lang.Object
23:36:12.218 [main] DEBUG o.e.r.agent.TransformerForTests - Going to instrument: org.springframework.web.cors.DefaultCorsProcessor
23:36:12.219 [main] INFO  o.e.r.i.CreateClassResetClassAdapter - Found static initializer in class org/springframework/web/cors/DefaultCorsProcessor
23:36:12.219 [main] INFO  o.e.r.instrumentation.EvoClassLoader - Error while loading class: java.lang.ClassFormatError: Duplicate method name&signature in class file org/springframework/web/cors/DefaultCorsProcessor
23:36:12.219 [main] ERROR o.e.r.c.ClassStateSupport - Could not initialize org.springframework.web.cors.DefaultCorsProcessor: Duplicate method name&signature in class file org/springframework/web/cors/DefaultCorsProcessor
23:36:12.220 [main] INFO  o.e.r.instrumentation.EvoClassLoader - Seeing class for first time: org.springframework.beans.factory.NoUniqueBeanDefinitionException
23:36:12.220 [main] INFO  o.e.r.instrumentation.EvoClassLoader - Instrumenting class 'org.springframework.beans.factory.NoUniqueBeanDefinitionException'.
23:36:12.220 [main] INFO  o.e.r.i.MethodCallReplacementClassAdapter - Adding mock interface to class org/springframework/beans/factory/NoUniqueBeanDefinitionException
23:36:12.221 [main] INFO  o.e.r.i.MethodCallReplacementClassAdapter - No hashCode defined for: org/springframework/beans/factory/NoUniqueBeanDefinitionException, superclass = org.springframework.beans.factory.NoSuchBeanDefinitionException
23:36:12.221 [main] INFO  o.e.r.i.CreateClassResetClassAdapter - Creating brand-new static initializer in class org/springframework/beans/factory/NoUniqueBeanDefinitionException
23:36:12.221 [main] DEBUG o.e.r.agent.TransformerForTests - Going to instrument: org.springframework.beans.factory.NoUniqueBeanDefinitionException
23:36:12.221 [main] INFO  o.e.r.i.MethodCallReplacementClassAdapter - No hashCode defined for: org/springframework/beans/factory/NoUniqueBeanDefinitionException, superclass = org.springframework.beans.factory.NoSuchBeanDefinitionException
23:36:12.221 [main] INFO  o.e.r.instrumentation.EvoClassLoader - Seeing class for first time: org.springframework.beans.factory.NoSuchBeanDefinitionException
23:36:12.222 [main] INFO  o.e.r.instrumentation.EvoClassLoader - Instrumenting class 'org.springframework.beans.factory.NoSuchBeanDefinitionException'.
23:36:12.223 [main] INFO  o.e.r.i.MethodCallReplacementClassAdapter - Adding mock interface to class org/springframework/beans/factory/NoSuchBeanDefinitionException
23:36:12.223 [main] INFO  o.e.r.i.MethodCallReplacementClassAdapter - No hashCode defined for: org/springframework/beans/factory/NoSuchBeanDefinitionException, superclass = org.springframework.beans.BeansException
23:36:12.223 [main] INFO  o.e.r.i.CreateClassResetClassAdapter - Creating brand-new static initializer in class org/springframework/beans/factory/NoSuchBeanDefinitionException
23:36:12.223 [main] DEBUG o.e.r.agent.TransformerForTests - Going to instrument: org.springframework.beans.factory.NoSuchBeanDefinitionException
23:36:12.224 [main] INFO  o.e.r.i.MethodCallReplacementClassAdapter - No hashCode defined for: org/springframework/beans/factory/NoSuchBeanDefinitionException, superclass = org.springframework.beans.BeansException
23:36:12.224 [main] INFO  o.e.r.instrumentation.EvoClassLoader - Seeing class for first time: org.springframework.beans.BeansException
23:36:12.224 [main] INFO  o.e.r.instrumentation.EvoClassLoader - Instrumenting class 'org.springframework.beans.BeansException'.
23:36:12.224 [main] INFO  o.e.r.i.MethodCallReplacementClassAdapter - Adding mock interface to class org/springframework/beans/BeansException
23:36:12.225 [main] INFO  o.e.r.i.CreateClassResetClassAdapter - Creating brand-new static initializer in class org/springframework/beans/BeansException
23:36:12.229 [main] DEBUG o.e.r.agent.TransformerForTests - Going to instrument: org.springframework.beans.BeansException
23:36:12.229 [main] INFO  o.e.r.instrumentation.EvoClassLoader - Seeing class for first time: org.springframework.core.NestedRuntimeException
23:36:12.229 [main] INFO  o.e.r.instrumentation.EvoClassLoader - Instrumenting class 'org.springframework.core.NestedRuntimeException'.
23:36:12.230 [main] INFO  o.e.r.i.MethodCallReplacementClassAdapter - Adding mock interface to class org/springframework/core/NestedRuntimeException
23:36:12.231 [main] INFO  o.e.r.i.CreateClassResetClassAdapter - Found static initializer in class org/springframework/core/NestedRuntimeException
23:36:12.231 [main] INFO  o.e.r.i.MethodCallReplacementClassAdapter - No hashCode defined for: org/springframework/core/NestedRuntimeException, superclass = java.lang.RuntimeException
23:36:12.231 [main] DEBUG o.e.r.agent.TransformerForTests - Going to instrument: org.springframework.core.NestedRuntimeException
23:36:12.232 [main] INFO  o.e.r.i.CreateClassResetClassAdapter - Found static initializer in class org/springframework/core/NestedRuntimeException
23:36:12.232 [main] INFO  o.e.r.i.MethodCallReplacementClassAdapter - No hashCode defined for: org/springframework/core/NestedRuntimeException, superclass = org.evosuite.runtime.mock.java.lang.MockRuntimeException
23:36:12.232 [main] INFO  o.e.r.instrumentation.EvoClassLoader - Error while loading class: java.lang.ClassFormatError: Duplicate method name&signature in class file org/springframework/core/NestedRuntimeException
23:36:12.233 [main] INFO  o.e.r.instrumentation.EvoClassLoader - Error while loading class: java.lang.NoClassDefFoundError: org/springframework/core/NestedRuntimeException
23:36:12.233 [main] INFO  o.e.r.instrumentation.EvoClassLoader - Error while loading class: java.lang.NoClassDefFoundError: org/springframework/beans/BeansException
23:36:12.233 [main] INFO  o.e.r.instrumentation.EvoClassLoader - Error while loading class: java.lang.NoClassDefFoundError: org/springframework/beans/factory/NoSuchBeanDefinitionException
23:36:12.233 [main] ERROR o.e.r.c.ClassStateSupport - Could not initialize org.springframework.beans.factory.NoUniqueBeanDefinitionException: org/springframework/beans/factory/NoSuchBeanDefinitionException
23:36:12.234 [main] INFO  o.e.r.instrumentation.EvoClassLoader - Seeing class for first time: org.springframework.util.ObjectUtils
23:36:12.234 [main] INFO  o.e.r.instrumentation.EvoClassLoader - Instrumenting class 'org.springframework.util.ObjectUtils'.
23:36:12.235 [main] INFO  o.e.r.i.MethodCallReplacementClassAdapter - Adding mock interface to class org/springframework/util/ObjectUtils
23:36:12.238 [main] INFO  o.e.r.i.CreateClassResetClassAdapter - Creating brand-new static initializer in class org/springframework/util/ObjectUtils
23:36:12.239 [main] INFO  o.e.r.i.CreateClassResetClassAdapter - Adding bytecode for initializing field INITIAL_HASH
23:36:12.239 [main] INFO  o.e.r.i.CreateClassResetClassAdapter - Adding bytecode for initializing field MULTIPLIER
23:36:12.239 [main] INFO  o.e.r.i.CreateClassResetClassAdapter - Adding bytecode for initializing field EMPTY_STRING
23:36:12.239 [main] INFO  o.e.r.i.CreateClassResetClassAdapter - Adding bytecode for initializing field NULL_STRING
23:36:12.239 [main] INFO  o.e.r.i.CreateClassResetClassAdapter - Adding bytecode for initializing field ARRAY_START
23:36:12.239 [main] INFO  o.e.r.i.CreateClassResetClassAdapter - Adding bytecode for initializing field ARRAY_END
23:36:12.239 [main] INFO  o.e.r.i.CreateClassResetClassAdapter - Adding bytecode for initializing field EMPTY_ARRAY
23:36:12.239 [main] INFO  o.e.r.i.CreateClassResetClassAdapter - Adding bytecode for initializing field ARRAY_ELEMENT_SEPARATOR
23:36:12.239 [main] DEBUG o.e.r.agent.TransformerForTests - Going to instrument: org.springframework.util.ObjectUtils
23:36:12.243 [main] INFO  o.e.r.instrumentation.EvoClassLoader - Keeping class: org.springframework.util.ObjectUtils
23:36:12.245 [main] INFO  o.e.r.instrumentation.EvoClassLoader - Seeing class for first time: org.springframework.beans.InvalidPropertyException
23:36:12.245 [main] INFO  o.e.r.instrumentation.EvoClassLoader - Instrumenting class 'org.springframework.beans.InvalidPropertyException'.
23:36:12.245 [main] INFO  o.e.r.i.MethodCallReplacementClassAdapter - Adding mock interface to class org/springframework/beans/InvalidPropertyException
23:36:12.246 [main] INFO  o.e.r.i.MethodCallReplacementClassAdapter - No hashCode defined for: org/springframework/beans/InvalidPropertyException, superclass = org.springframework.beans.FatalBeanException
23:36:12.246 [main] INFO  o.e.r.i.CreateClassResetClassAdapter - Creating brand-new static initializer in class org/springframework/beans/InvalidPropertyException
23:36:12.246 [main] DEBUG o.e.r.agent.TransformerForTests - Going to instrument: org.springframework.beans.InvalidPropertyException
23:36:12.247 [main] INFO  o.e.r.i.MethodCallReplacementClassAdapter - No hashCode defined for: org/springframework/beans/InvalidPropertyException, superclass = org.springframework.beans.FatalBeanException
23:36:12.247 [main] INFO  o.e.r.instrumentation.EvoClassLoader - Seeing class for first time: org.springframework.beans.FatalBeanException
23:36:12.247 [main] INFO  o.e.r.instrumentation.EvoClassLoader - Instrumenting class 'org.springframework.beans.FatalBeanException'.
23:36:12.248 [main] INFO  o.e.r.i.MethodCallReplacementClassAdapter - Adding mock interface to class org/springframework/beans/FatalBeanException
23:36:12.248 [main] INFO  o.e.r.i.MethodCallReplacementClassAdapter - No hashCode defined for: org/springframework/beans/FatalBeanException, superclass = org.springframework.beans.BeansException
23:36:12.248 [main] INFO  o.e.r.i.CreateClassResetClassAdapter - Creating brand-new static initializer in class org/springframework/beans/FatalBeanException
23:36:12.248 [main] DEBUG o.e.r.agent.TransformerForTests - Going to instrument: org.springframework.beans.FatalBeanException
23:36:12.248 [main] INFO  o.e.r.i.MethodCallReplacementClassAdapter - No hashCode defined for: org/springframework/beans/FatalBeanException, superclass = org.springframework.beans.BeansException
23:36:12.248 [main] INFO  o.e.r.instrumentation.EvoClassLoader - Seeing class for first time: org.springframework.beans.BeansException
23:36:12.248 [main] INFO  o.e.r.instrumentation.EvoClassLoader - Instrumenting class 'org.springframework.beans.BeansException'.
23:36:12.249 [main] INFO  o.e.r.i.MethodCallReplacementClassAdapter - Adding mock interface to class org/springframework/beans/BeansException
23:36:12.249 [main] INFO  o.e.r.i.CreateClassResetClassAdapter - Creating brand-new static initializer in class org/springframework/beans/BeansException
23:36:12.249 [main] DEBUG o.e.r.agent.TransformerForTests - Going to instrument: org.springframework.beans.BeansException
23:36:12.250 [main] INFO  o.e.r.instrumentation.EvoClassLoader - Seeing class for first time: org.springframework.core.NestedRuntimeException
23:36:12.250 [main] INFO  o.e.r.instrumentation.EvoClassLoader - Instrumenting class 'org.springframework.core.NestedRuntimeException'.
23:36:12.250 [main] INFO  o.e.r.i.MethodCallReplacementClassAdapter - Adding mock interface to class org/springframework/core/NestedRuntimeException
23:36:12.251 [main] INFO  o.e.r.i.CreateClassResetClassAdapter - Found static initializer in class org/springframework/core/NestedRuntimeException
23:36:12.251 [main] INFO  o.e.r.i.MethodCallReplacementClassAdapter - No hashCode defined for: org/springframework/core/NestedRuntimeException, superclass = java.lang.RuntimeException
23:36:12.251 [main] DEBUG o.e.r.agent.TransformerForTests - Going to instrument: org.springframework.core.NestedRuntimeException
23:36:12.252 [main] INFO  o.e.r.i.CreateClassResetClassAdapter - Found static initializer in class org/springframework/core/NestedRuntimeException
23:36:12.252 [main] INFO  o.e.r.i.MethodCallReplacementClassAdapter - No hashCode defined for: org/springframework/core/NestedRuntimeException, superclass = org.evosuite.runtime.mock.java.lang.MockRuntimeException
23:36:12.252 [main] INFO  o.e.r.instrumentation.EvoClassLoader - Error while loading class: java.lang.ClassFormatError: Duplicate method name&signature in class file org/springframework/core/NestedRuntimeException
23:36:12.252 [main] INFO  o.e.r.instrumentation.EvoClassLoader - Error while loading class: java.lang.NoClassDefFoundError: org/springframework/core/NestedRuntimeException
23:36:12.253 [main] INFO  o.e.r.instrumentation.EvoClassLoader - Error while loading class: java.lang.NoClassDefFoundError: org/springframework/beans/BeansException
23:36:12.253 [main] INFO  o.e.r.instrumentation.EvoClassLoader - Error while loading class: java.lang.NoClassDefFoundError: org/springframework/beans/FatalBeanException
23:36:12.253 [main] ERROR o.e.r.c.ClassStateSupport - Could not initialize org.springframework.beans.InvalidPropertyException: org/springframework/beans/FatalBeanException
23:36:12.253 [main] INFO  o.e.r.instrumentation.EvoClassLoader - Seeing class for first time: com.fasterxml.jackson.core.JsonFactory
23:36:12.253 [main] INFO  o.e.r.instrumentation.EvoClassLoader - Instrumenting class 'com.fasterxml.jackson.core.JsonFactory'.
23:36:12.255 [main] INFO  o.e.r.i.MethodCallReplacementClassAdapter - Adding mock interface to class com/fasterxml/jackson/core/JsonFactory
23:36:12.258 [main] INFO  o.e.r.i.CreateClassResetClassAdapter - Found static initializer in class com/fasterxml/jackson/core/JsonFactory
23:36:12.258 [main] INFO  o.e.r.i.MethodCallReplacementClassAdapter - No hashCode defined for: com/fasterxml/jackson/core/JsonFactory, superclass = java.lang.Object
23:36:12.262 [main] DEBUG o.e.r.agent.TransformerForTests - Going to instrument: com.fasterxml.jackson.core.JsonFactory
23:36:12.267 [main] INFO  o.e.r.i.CreateClassResetClassAdapter - Found static initializer in class com/fasterxml/jackson/core/JsonFactory
23:36:12.269 [main] INFO  o.e.r.instrumentation.EvoClassLoader - Error while loading class: java.lang.ClassFormatError: Duplicate method name&signature in class file com/fasterxml/jackson/core/JsonFactory
23:36:12.269 [main] ERROR o.e.r.c.ClassStateSupport - Could not initialize com.fasterxml.jackson.core.JsonFactory: Duplicate method name&signature in class file com/fasterxml/jackson/core/JsonFactory
23:36:12.269 [main] INFO  o.e.r.instrumentation.EvoClassLoader - Seeing class for first time: org.springframework.core.DefaultParameterNameDiscoverer
23:36:12.269 [main] INFO  o.e.r.instrumentation.EvoClassLoader - Instrumenting class 'org.springframework.core.DefaultParameterNameDiscoverer'.
23:36:12.270 [main] INFO  o.e.r.i.MethodCallReplacementClassAdapter - Adding mock interface to class org/springframework/core/DefaultParameterNameDiscoverer
23:36:12.271 [main] INFO  o.e.r.i.CreateClassResetClassAdapter - Found static initializer in class org/springframework/core/DefaultParameterNameDiscoverer
23:36:12.271 [main] INFO  o.e.r.i.MethodCallReplacementClassAdapter - No hashCode defined for: org/springframework/core/DefaultParameterNameDiscoverer, superclass = org.springframework.core.PrioritizedParameterNameDiscoverer
23:36:12.271 [main] DEBUG o.e.r.agent.TransformerForTests - Going to instrument: org.springframework.core.DefaultParameterNameDiscoverer
23:36:12.271 [main] INFO  o.e.r.i.CreateClassResetClassAdapter - Found static initializer in class org/springframework/core/DefaultParameterNameDiscoverer
23:36:12.271 [main] INFO  o.e.r.i.MethodCallReplacementClassAdapter - No hashCode defined for: org/springframework/core/DefaultParameterNameDiscoverer, superclass = org.springframework.core.PrioritizedParameterNameDiscoverer
23:36:12.271 [main] INFO  o.e.r.instrumentation.EvoClassLoader - Error while loading class: java.lang.ClassFormatError: Duplicate method name&signature in class file org/springframework/core/DefaultParameterNameDiscoverer
23:36:12.271 [main] ERROR o.e.r.c.ClassStateSupport - Could not initialize org.springframework.core.DefaultParameterNameDiscoverer: Duplicate method name&signature in class file org/springframework/core/DefaultParameterNameDiscoverer
23:36:12.272 [main] INFO  o.e.r.instrumentation.EvoClassLoader - Seeing class for first time: org.springframework.boot.autoconfigure.web.WebMvcProperties$View
23:36:12.272 [main] INFO  o.e.r.instrumentation.EvoClassLoader - Instrumenting class 'org.springframework.boot.autoconfigure.web.WebMvcProperties$View'.
23:36:12.272 [main] INFO  o.e.r.i.MethodCallReplacementClassAdapter - Adding mock interface to class org/springframework/boot/autoconfigure/web/WebMvcProperties$View
23:36:12.273 [main] INFO  o.e.r.i.MethodCallReplacementClassAdapter - No hashCode defined for: org/springframework/boot/autoconfigure/web/WebMvcProperties$View, superclass = java.lang.Object
23:36:12.273 [main] INFO  o.e.r.i.CreateClassResetClassAdapter - Creating brand-new static initializer in class org/springframework/boot/autoconfigure/web/WebMvcProperties$View
23:36:12.273 [main] DEBUG o.e.r.agent.TransformerForTests - Going to instrument: org.springframework.boot.autoconfigure.web.WebMvcProperties$View
23:36:12.274 [main] INFO  o.e.r.instrumentation.EvoClassLoader - Keeping class: org.springframework.boot.autoconfigure.web.WebMvcProperties$View
23:36:12.274 [main] INFO  o.e.r.instrumentation.EvoClassLoader - Seeing class for first time: com.fasterxml.jackson.databind.util.StdDateFormat
23:36:12.274 [main] INFO  o.e.r.instrumentation.EvoClassLoader - Instrumenting class 'com.fasterxml.jackson.databind.util.StdDateFormat'.
23:36:12.275 [main] INFO  o.e.r.i.MethodCallReplacementClassAdapter - Adding mock interface to class com/fasterxml/jackson/databind/util/StdDateFormat
23:36:12.278 [main] INFO  o.e.r.i.CreateClassResetClassAdapter - Found static initializer in class com/fasterxml/jackson/databind/util/StdDateFormat
23:36:12.279 [main] INFO  o.e.r.i.MethodCallReplacementClassAdapter - No hashCode defined for: com/fasterxml/jackson/databind/util/StdDateFormat, superclass = java.text.DateFormat
23:36:12.279 [main] DEBUG o.e.r.agent.TransformerForTests - Going to instrument: com.fasterxml.jackson.databind.util.StdDateFormat
23:36:12.283 [main] INFO  o.e.r.i.CreateClassResetClassAdapter - Found static initializer in class com/fasterxml/jackson/databind/util/StdDateFormat
23:36:12.284 [main] INFO  o.e.r.i.MethodCallReplacementClassAdapter - No hashCode defined for: com/fasterxml/jackson/databind/util/StdDateFormat, superclass = org.evosuite.runtime.mock.java.text.MockDateFormat
23:36:12.284 [main] INFO  o.e.r.instrumentation.EvoClassLoader - Error while loading class: java.lang.ClassFormatError: Duplicate method name&signature in class file com/fasterxml/jackson/databind/util/StdDateFormat
23:36:12.285 [main] ERROR o.e.r.c.ClassStateSupport - Could not initialize com.fasterxml.jackson.databind.util.StdDateFormat: Duplicate method name&signature in class file com/fasterxml/jackson/databind/util/StdDateFormat
23:36:12.285 [main] INFO  o.e.r.instrumentation.EvoClassLoader - Seeing class for first time: org.apache.commons.logging.LogConfigurationException
23:36:12.285 [main] INFO  o.e.r.instrumentation.EvoClassLoader - Instrumenting class 'org.apache.commons.logging.LogConfigurationException'.
23:36:12.286 [main] INFO  o.e.r.i.MethodCallReplacementClassAdapter - Adding mock interface to class org/apache/commons/logging/LogConfigurationException
23:36:12.287 [main] INFO  o.e.r.i.MethodCallReplacementClassAdapter - No hashCode defined for: org/apache/commons/logging/LogConfigurationException, superclass = java.lang.RuntimeException
23:36:12.287 [main] INFO  o.e.r.i.CreateClassResetClassAdapter - Creating brand-new static initializer in class org/apache/commons/logging/LogConfigurationException
23:36:12.288 [main] DEBUG o.e.r.agent.TransformerForTests - Going to instrument: org.apache.commons.logging.LogConfigurationException
23:36:12.288 [main] INFO  o.e.r.i.MethodCallReplacementClassAdapter - No hashCode defined for: org/apache/commons/logging/LogConfigurationException, superclass = org.evosuite.runtime.mock.java.lang.MockRuntimeException
23:36:12.289 [main] INFO  o.e.r.instrumentation.EvoClassLoader - Keeping class: org.apache.commons.logging.LogConfigurationException
23:36:12.289 [main] INFO  o.e.r.instrumentation.EvoClassLoader - Seeing class for first time: org.springframework.context.support.EmbeddedValueResolutionSupport
23:36:12.289 [main] INFO  o.e.r.instrumentation.EvoClassLoader - Instrumenting class 'org.springframework.context.support.EmbeddedValueResolutionSupport'.
23:36:12.290 [main] INFO  o.e.r.i.MethodCallReplacementClassAdapter - Adding mock interface to class org/springframework/context/support/EmbeddedValueResolutionSupport
23:36:12.291 [main] INFO  o.e.r.i.MethodCallReplacementClassAdapter - No hashCode defined for: org/springframework/context/support/EmbeddedValueResolutionSupport, superclass = java.lang.Object
23:36:12.291 [main] INFO  o.e.r.i.CreateClassResetClassAdapter - Creating brand-new static initializer in class org/springframework/context/support/EmbeddedValueResolutionSupport
23:36:12.291 [main] DEBUG o.e.r.agent.TransformerForTests - Going to instrument: org.springframework.context.support.EmbeddedValueResolutionSupport
23:36:12.292 [main] INFO  o.e.r.instrumentation.EvoClassLoader - Keeping class: org.springframework.context.support.EmbeddedValueResolutionSupport
23:36:12.292 [main] INFO  o.e.r.instrumentation.EvoClassLoader - Seeing class for first time: org.springframework.util.LinkedMultiValueMap
23:36:12.292 [main] INFO  o.e.r.instrumentation.EvoClassLoader - Instrumenting class 'org.springframework.util.LinkedMultiValueMap'.
23:36:12.294 [main] INFO  o.e.r.i.MethodCallReplacementClassAdapter - Adding mock interface to class org/springframework/util/LinkedMultiValueMap
23:36:12.295 [main] INFO  o.e.r.i.CreateClassResetClassAdapter - Creating brand-new static initializer in class org/springframework/util/LinkedMultiValueMap
23:36:12.295 [main] DEBUG o.e.r.agent.TransformerForTests - Going to instrument: org.springframework.util.LinkedMultiValueMap
23:36:12.298 [main] INFO  o.e.r.instrumentation.EvoClassLoader - Keeping class: org.springframework.util.LinkedMultiValueMap
23:36:12.302 [main] INFO  o.e.r.instrumentation.EvoClassLoader - Seeing class for first time: org.springframework.core.convert.ConversionFailedException
23:36:12.302 [main] INFO  o.e.r.instrumentation.EvoClassLoader - Instrumenting class 'org.springframework.core.convert.ConversionFailedException'.
23:36:12.303 [main] INFO  o.e.r.i.MethodCallReplacementClassAdapter - Adding mock interface to class org/springframework/core/convert/ConversionFailedException
23:36:12.304 [main] INFO  o.e.r.i.MethodCallReplacementClassAdapter - No hashCode defined for: org/springframework/core/convert/ConversionFailedException, superclass = org.springframework.core.convert.ConversionException
23:36:12.304 [main] INFO  o.e.r.i.CreateClassResetClassAdapter - Creating brand-new static initializer in class org/springframework/core/convert/ConversionFailedException
23:36:12.304 [main] DEBUG o.e.r.agent.TransformerForTests - Going to instrument: org.springframework.core.convert.ConversionFailedException
23:36:12.305 [main] INFO  o.e.r.i.MethodCallReplacementClassAdapter - No hashCode defined for: org/springframework/core/convert/ConversionFailedException, superclass = org.springframework.core.convert.ConversionException
23:36:12.305 [main] INFO  o.e.r.instrumentation.EvoClassLoader - Seeing class for first time: org.springframework.core.convert.ConversionException
23:36:12.305 [main] INFO  o.e.r.instrumentation.EvoClassLoader - Instrumenting class 'org.springframework.core.convert.ConversionException'.
23:36:12.308 [main] INFO  o.e.r.i.MethodCallReplacementClassAdapter - Adding mock interface to class org/springframework/core/convert/ConversionException
23:36:12.308 [main] INFO  o.e.r.i.MethodCallReplacementClassAdapter - No hashCode defined for: org/springframework/core/convert/ConversionException, superclass = org.springframework.core.NestedRuntimeException
23:36:12.308 [main] INFO  o.e.r.i.CreateClassResetClassAdapter - Creating brand-new static initializer in class org/springframework/core/convert/ConversionException
23:36:12.309 [main] DEBUG o.e.r.agent.TransformerForTests - Going to instrument: org.springframework.core.convert.ConversionException
23:36:12.309 [main] INFO  o.e.r.i.MethodCallReplacementClassAdapter - No hashCode defined for: org/springframework/core/convert/ConversionException, superclass = org.springframework.core.NestedRuntimeException
23:36:12.310 [main] INFO  o.e.r.instrumentation.EvoClassLoader - Seeing class for first time: org.springframework.core.NestedRuntimeException
23:36:12.310 [main] INFO  o.e.r.instrumentation.EvoClassLoader - Instrumenting class 'org.springframework.core.NestedRuntimeException'.
23:36:12.311 [main] INFO  o.e.r.i.MethodCallReplacementClassAdapter - Adding mock interface to class org/springframework/core/NestedRuntimeException
23:36:12.312 [main] INFO  o.e.r.i.CreateClassResetClassAdapter - Found static initializer in class org/springframework/core/NestedRuntimeException
23:36:12.312 [main] INFO  o.e.r.i.MethodCallReplacementClassAdapter - No hashCode defined for: org/springframework/core/NestedRuntimeException, superclass = java.lang.RuntimeException
23:36:12.313 [main] DEBUG o.e.r.agent.TransformerForTests - Going to instrument: org.springframework.core.NestedRuntimeException
23:36:12.314 [main] INFO  o.e.r.i.CreateClassResetClassAdapter - Found static initializer in class org/springframework/core/NestedRuntimeException
23:36:12.314 [main] INFO  o.e.r.i.MethodCallReplacementClassAdapter - No hashCode defined for: org/springframework/core/NestedRuntimeException, superclass = org.evosuite.runtime.mock.java.lang.MockRuntimeException
23:36:12.315 [main] INFO  o.e.r.instrumentation.EvoClassLoader - Error while loading class: java.lang.ClassFormatError: Duplicate method name&signature in class file org/springframework/core/NestedRuntimeException
23:36:12.315 [main] INFO  o.e.r.instrumentation.EvoClassLoader - Error while loading class: java.lang.NoClassDefFoundError: org/springframework/core/NestedRuntimeException
23:36:12.316 [main] INFO  o.e.r.instrumentation.EvoClassLoader - Error while loading class: java.lang.NoClassDefFoundError: org/springframework/core/convert/ConversionException
23:36:12.316 [main] ERROR o.e.r.c.ClassStateSupport - Could not initialize org.springframework.core.convert.ConversionFailedException: org/springframework/core/convert/ConversionException
23:36:12.316 [main] INFO  o.e.r.instrumentation.EvoClassLoader - Seeing class for first time: org.springframework.web.servlet.config.annotation.DefaultServletHandlerConfigurer
23:36:12.316 [main] INFO  o.e.r.instrumentation.EvoClassLoader - Instrumenting class 'org.springframework.web.servlet.config.annotation.DefaultServletHandlerConfigurer'.
23:36:12.317 [main] INFO  o.e.r.i.MethodCallReplacementClassAdapter - Adding mock interface to class org/springframework/web/servlet/config/annotation/DefaultServletHandlerConfigurer
23:36:12.318 [main] INFO  o.e.r.i.MethodCallReplacementClassAdapter - No hashCode defined for: org/springframework/web/servlet/config/annotation/DefaultServletHandlerConfigurer, superclass = java.lang.Object
23:36:12.318 [main] INFO  o.e.r.i.CreateClassResetClassAdapter - Creating brand-new static initializer in class org/springframework/web/servlet/config/annotation/DefaultServletHandlerConfigurer
23:36:12.319 [main] DEBUG o.e.r.agent.TransformerForTests - Going to instrument: org.springframework.web.servlet.config.annotation.DefaultServletHandlerConfigurer
23:36:12.319 [main] INFO  o.e.r.instrumentation.EvoClassLoader - Keeping class: org.springframework.web.servlet.config.annotation.DefaultServletHandlerConfigurer
23:36:12.320 [main] INFO  o.e.r.instrumentation.EvoClassLoader - Seeing class for first time: org.springframework.http.converter.xml.SourceHttpMessageConverter$CountingOutputStream
23:36:12.320 [main] INFO  o.e.r.instrumentation.EvoClassLoader - Instrumenting class 'org.springframework.http.converter.xml.SourceHttpMessageConverter$CountingOutputStream'.
23:36:12.321 [main] INFO  o.e.r.i.MethodCallReplacementClassAdapter - Adding mock interface to class org/springframework/http/converter/xml/SourceHttpMessageConverter$CountingOutputStream
23:36:12.322 [main] INFO  o.e.r.i.MethodCallReplacementClassAdapter - No hashCode defined for: org/springframework/http/converter/xml/SourceHttpMessageConverter$CountingOutputStream, superclass = java.io.OutputStream
23:36:12.322 [main] INFO  o.e.r.i.CreateClassResetClassAdapter - Creating brand-new static initializer in class org/springframework/http/converter/xml/SourceHttpMessageConverter$CountingOutputStream
23:36:12.322 [main] DEBUG o.e.r.agent.TransformerForTests - Going to instrument: org.springframework.http.converter.xml.SourceHttpMessageConverter$CountingOutputStream
23:36:12.323 [main] INFO  o.e.r.i.MethodCallReplacementClassAdapter - No hashCode defined for: org/springframework/http/converter/xml/SourceHttpMessageConverter$CountingOutputStream, superclass = java.io.OutputStream
23:36:12.323 [main] INFO  o.e.r.instrumentation.EvoClassLoader - Keeping class: org.springframework.http.converter.xml.SourceHttpMessageConverter$CountingOutputStream
23:36:12.323 [main] INFO  o.e.r.instrumentation.EvoClassLoader - Seeing class for first time: org.springframework.web.servlet.handler.HandlerInterceptorAdapter
23:36:12.323 [main] INFO  o.e.r.instrumentation.EvoClassLoader - Instrumenting class 'org.springframework.web.servlet.handler.HandlerInterceptorAdapter'.
23:36:12.325 [main] INFO  o.e.r.i.MethodCallReplacementClassAdapter - Adding mock interface to class org/springframework/web/servlet/handler/HandlerInterceptorAdapter
23:36:12.325 [main] INFO  o.e.r.i.MethodCallReplacementClassAdapter - No hashCode defined for: org/springframework/web/servlet/handler/HandlerInterceptorAdapter, superclass = java.lang.Object
23:36:12.325 [main] INFO  o.e.r.i.CreateClassResetClassAdapter - Creating brand-new static initializer in class org/springframework/web/servlet/handler/HandlerInterceptorAdapter
23:36:12.326 [main] DEBUG o.e.r.agent.TransformerForTests - Going to instrument: org.springframework.web.servlet.handler.HandlerInterceptorAdapter
23:36:12.326 [main] INFO  o.e.r.instrumentation.EvoClassLoader - Keeping class: org.springframework.web.servlet.handler.HandlerInterceptorAdapter
23:36:12.327 [main] INFO  o.e.r.instrumentation.EvoClassLoader - Seeing class for first time: org.springframework.web.servlet.config.annotation.InterceptorRegistry
23:36:12.327 [main] INFO  o.e.r.instrumentation.EvoClassLoader - Instrumenting class 'org.springframework.web.servlet.config.annotation.InterceptorRegistry'.
23:36:12.328 [main] INFO  o.e.r.i.MethodCallReplacementClassAdapter - Adding mock interface to class org/springframework/web/servlet/config/annotation/InterceptorRegistry
23:36:12.328 [main] INFO  o.e.r.i.MethodCallReplacementClassAdapter - No hashCode defined for: org/springframework/web/servlet/config/annotation/InterceptorRegistry, superclass = java.lang.Object
23:36:12.329 [main] INFO  o.e.r.i.CreateClassResetClassAdapter - Creating brand-new static initializer in class org/springframework/web/servlet/config/annotation/InterceptorRegistry
23:36:12.329 [main] DEBUG o.e.r.agent.TransformerForTests - Going to instrument: org.springframework.web.servlet.config.annotation.InterceptorRegistry
23:36:12.330 [main] INFO  o.e.r.instrumentation.EvoClassLoader - Keeping class: org.springframework.web.servlet.config.annotation.InterceptorRegistry
23:36:12.330 [main] INFO  o.e.r.instrumentation.EvoClassLoader - Seeing class for first time: org.springframework.util.ReflectionUtils$4
23:36:12.330 [main] INFO  o.e.r.instrumentation.EvoClassLoader - Instrumenting class 'org.springframework.util.ReflectionUtils$4'.
23:36:12.331 [main] INFO  o.e.r.i.MethodCallReplacementClassAdapter - Adding mock interface to class org/springframework/util/ReflectionUtils$4
23:36:12.332 [main] INFO  o.e.r.i.MethodCallReplacementClassAdapter - No hashCode defined for: org/springframework/util/ReflectionUtils$4, superclass = java.lang.Object
23:36:12.332 [main] DEBUG o.e.r.agent.TransformerForTests - Going to instrument: org.springframework.util.ReflectionUtils$4
23:36:12.333 [main] INFO  o.e.r.instrumentation.EvoClassLoader - Keeping class: org.springframework.util.ReflectionUtils$4
23:36:12.333 [main] INFO  o.e.r.instrumentation.EvoClassLoader - Seeing class for first time: org.springframework.util.ReflectionUtils$6
23:36:12.333 [main] INFO  o.e.r.instrumentation.EvoClassLoader - Instrumenting class 'org.springframework.util.ReflectionUtils$6'.
23:36:12.334 [main] INFO  o.e.r.i.MethodCallReplacementClassAdapter - Adding mock interface to class org/springframework/util/ReflectionUtils$6
23:36:12.335 [main] INFO  o.e.r.i.MethodCallReplacementClassAdapter - No hashCode defined for: org/springframework/util/ReflectionUtils$6, superclass = java.lang.Object
23:36:12.335 [main] DEBUG o.e.r.agent.TransformerForTests - Going to instrument: org.springframework.util.ReflectionUtils$6
23:36:12.336 [main] INFO  o.e.r.instrumentation.EvoClassLoader - Keeping class: org.springframework.util.ReflectionUtils$6
23:36:12.338 [main] INFO  o.e.r.instrumentation.EvoClassLoader - Seeing class for first time: org.springframework.util.ReflectionUtils$5
23:36:12.341 [main] INFO  o.e.r.instrumentation.EvoClassLoader - Instrumenting class 'org.springframework.util.ReflectionUtils$5'.
23:36:12.342 [main] INFO  o.e.r.i.MethodCallReplacementClassAdapter - Adding mock interface to class org/springframework/util/ReflectionUtils$5
23:36:12.342 [main] INFO  o.e.r.i.MethodCallReplacementClassAdapter - No hashCode defined for: org/springframework/util/ReflectionUtils$5, superclass = java.lang.Object
23:36:12.343 [main] DEBUG o.e.r.agent.TransformerForTests - Going to instrument: org.springframework.util.ReflectionUtils$5
23:36:12.343 [main] INFO  o.e.r.instrumentation.EvoClassLoader - Keeping class: org.springframework.util.ReflectionUtils$5
23:36:12.344 [main] INFO  o.e.r.instrumentation.EvoClassLoader - Seeing class for first time: org.springframework.util.AntPathMatcher$AntPathStringMatcher
23:36:12.344 [main] INFO  o.e.r.instrumentation.EvoClassLoader - Instrumenting class 'org.springframework.util.AntPathMatcher$AntPathStringMatcher'.
23:36:12.345 [main] INFO  o.e.r.i.MethodCallReplacementClassAdapter - Adding mock interface to class org/springframework/util/AntPathMatcher$AntPathStringMatcher
23:36:12.346 [main] INFO  o.e.r.i.CreateClassResetClassAdapter - Found static initializer in class org/springframework/util/AntPathMatcher$AntPathStringMatcher
23:36:12.347 [main] INFO  o.e.r.i.MethodCallReplacementClassAdapter - No hashCode defined for: org/springframework/util/AntPathMatcher$AntPathStringMatcher, superclass = java.lang.Object
23:36:12.347 [main] DEBUG o.e.r.agent.TransformerForTests - Going to instrument: org.springframework.util.AntPathMatcher$AntPathStringMatcher
23:36:12.349 [main] INFO  o.e.r.i.CreateClassResetClassAdapter - Found static initializer in class org/springframework/util/AntPathMatcher$AntPathStringMatcher
23:36:12.350 [main] INFO  o.e.r.instrumentation.EvoClassLoader - Error while loading class: java.lang.ClassFormatError: Duplicate method name&signature in class file org/springframework/util/AntPathMatcher$AntPathStringMatcher
23:36:12.350 [main] ERROR o.e.r.c.ClassStateSupport - Could not initialize org.springframework.util.AntPathMatcher$AntPathStringMatcher: Duplicate method name&signature in class file org/springframework/util/AntPathMatcher$AntPathStringMatcher
23:36:12.351 [main] INFO  o.e.r.instrumentation.EvoClassLoader - Seeing class for first time: org.springframework.web.HttpSessionRequiredException
23:36:12.351 [main] INFO  o.e.r.instrumentation.EvoClassLoader - Instrumenting class 'org.springframework.web.HttpSessionRequiredException'.
23:36:12.351 [main] INFO  o.e.r.i.MethodCallReplacementClassAdapter - Adding mock interface to class org/springframework/web/HttpSessionRequiredException
23:36:12.353 [main] INFO  o.e.r.i.MethodCallReplacementClassAdapter - No hashCode defined for: org/springframework/web/HttpSessionRequiredException, superclass = javax.servlet.ServletException
23:36:12.353 [main] INFO  o.e.r.i.CreateClassResetClassAdapter - Creating brand-new static initializer in class org/springframework/web/HttpSessionRequiredException
23:36:12.353 [main] DEBUG o.e.r.agent.TransformerForTests - Going to instrument: org.springframework.web.HttpSessionRequiredException
23:36:12.354 [main] INFO  o.e.r.i.MethodCallReplacementClassAdapter - No hashCode defined for: org/springframework/web/HttpSessionRequiredException, superclass = javax.servlet.ServletException
23:36:12.354 [main] INFO  o.e.r.instrumentation.EvoClassLoader - Keeping class: org.springframework.web.HttpSessionRequiredException
23:36:12.355 [main] INFO  o.e.r.instrumentation.EvoClassLoader - Seeing class for first time: org.springframework.web.bind.support.ConfigurableWebBindingInitializer
23:36:12.355 [main] INFO  o.e.r.instrumentation.EvoClassLoader - Instrumenting class 'org.springframework.web.bind.support.ConfigurableWebBindingInitializer'.
23:36:12.356 [main] INFO  o.e.r.i.MethodCallReplacementClassAdapter - Adding mock interface to class org/springframework/web/bind/support/ConfigurableWebBindingInitializer
23:36:12.357 [main] INFO  o.e.r.i.MethodCallReplacementClassAdapter - No hashCode defined for: org/springframework/web/bind/support/ConfigurableWebBindingInitializer, superclass = java.lang.Object
23:36:12.357 [main] INFO  o.e.r.i.CreateClassResetClassAdapter - Creating brand-new static initializer in class org/springframework/web/bind/support/ConfigurableWebBindingInitializer
23:36:12.357 [main] DEBUG o.e.r.agent.TransformerForTests - Going to instrument: org.springframework.web.bind.support.ConfigurableWebBindingInitializer
23:36:12.358 [main] INFO  o.e.r.instrumentation.EvoClassLoader - Keeping class: org.springframework.web.bind.support.ConfigurableWebBindingInitializer
23:36:12.359 [main] INFO  o.e.r.instrumentation.EvoClassLoader - Seeing class for first time: org.springframework.web.method.annotation.SessionAttributesHandler
23:36:12.359 [main] INFO  o.e.r.instrumentation.EvoClassLoader - Instrumenting class 'org.springframework.web.method.annotation.SessionAttributesHandler'.
23:36:12.360 [main] INFO  o.e.r.i.MethodCallReplacementClassAdapter - Adding mock interface to class org/springframework/web/method/annotation/SessionAttributesHandler
23:36:12.361 [main] INFO  o.e.r.i.MethodCallReplacementClassAdapter - No hashCode defined for: org/springframework/web/method/annotation/SessionAttributesHandler, superclass = java.lang.Object
23:36:12.361 [main] INFO  o.e.r.i.CreateClassResetClassAdapter - Creating brand-new static initializer in class org/springframework/web/method/annotation/SessionAttributesHandler
23:36:12.362 [main] DEBUG o.e.r.agent.TransformerForTests - Going to instrument: org.springframework.web.method.annotation.SessionAttributesHandler
23:36:12.363 [main] INFO  o.e.r.instrumentation.EvoClassLoader - Keeping class: org.springframework.web.method.annotation.SessionAttributesHandler
23:36:12.363 [main] INFO  o.e.r.instrumentation.EvoClassLoader - Seeing class for first time: org.springframework.core.convert.ConversionException
23:36:12.363 [main] INFO  o.e.r.instrumentation.EvoClassLoader - Instrumenting class 'org.springframework.core.convert.ConversionException'.
23:36:12.364 [main] INFO  o.e.r.i.MethodCallReplacementClassAdapter - Adding mock interface to class org/springframework/core/convert/ConversionException
23:36:12.365 [main] INFO  o.e.r.i.MethodCallReplacementClassAdapter - No hashCode defined for: org/springframework/core/convert/ConversionException, superclass = org.springframework.core.NestedRuntimeException
23:36:12.365 [main] INFO  o.e.r.i.CreateClassResetClassAdapter - Creating brand-new static initializer in class org/springframework/core/convert/ConversionException
23:36:12.365 [main] DEBUG o.e.r.agent.TransformerForTests - Going to instrument: org.springframework.core.convert.ConversionException
23:36:12.366 [main] INFO  o.e.r.i.MethodCallReplacementClassAdapter - No hashCode defined for: org/springframework/core/convert/ConversionException, superclass = org.springframework.core.NestedRuntimeException
23:36:12.366 [main] INFO  o.e.r.instrumentation.EvoClassLoader - Seeing class for first time: org.springframework.core.NestedRuntimeException
23:36:12.366 [main] INFO  o.e.r.instrumentation.EvoClassLoader - Instrumenting class 'org.springframework.core.NestedRuntimeException'.
23:36:12.367 [main] INFO  o.e.r.i.MethodCallReplacementClassAdapter - Adding mock interface to class org/springframework/core/NestedRuntimeException
23:36:12.368 [main] INFO  o.e.r.i.CreateClassResetClassAdapter - Found static initializer in class org/springframework/core/NestedRuntimeException
23:36:12.368 [main] INFO  o.e.r.i.MethodCallReplacementClassAdapter - No hashCode defined for: org/springframework/core/NestedRuntimeException, superclass = java.lang.RuntimeException
23:36:12.368 [main] DEBUG o.e.r.agent.TransformerForTests - Going to instrument: org.springframework.core.NestedRuntimeException
23:36:12.370 [main] INFO  o.e.r.i.CreateClassResetClassAdapter - Found static initializer in class org/springframework/core/NestedRuntimeException
23:36:12.370 [main] INFO  o.e.r.i.MethodCallReplacementClassAdapter - No hashCode defined for: org/springframework/core/NestedRuntimeException, superclass = org.evosuite.runtime.mock.java.lang.MockRuntimeException
23:36:12.370 [main] INFO  o.e.r.instrumentation.EvoClassLoader - Error while loading class: java.lang.ClassFormatError: Duplicate method name&signature in class file org/springframework/core/NestedRuntimeException
23:36:12.371 [main] INFO  o.e.r.instrumentation.EvoClassLoader - Error while loading class: java.lang.NoClassDefFoundError: org/springframework/core/NestedRuntimeException
23:36:12.371 [main] ERROR o.e.r.c.ClassStateSupport - Could not initialize org.springframework.core.convert.ConversionException: org/springframework/core/NestedRuntimeException
23:36:12.371 [main] INFO  o.e.r.instrumentation.EvoClassLoader - Seeing class for first time: com.fasterxml.jackson.databind.deser.DeserializerFactory
23:36:12.371 [main] INFO  o.e.r.instrumentation.EvoClassLoader - Instrumenting class 'com.fasterxml.jackson.databind.deser.DeserializerFactory'.
23:36:12.372 [main] INFO  o.e.r.i.MethodCallReplacementClassAdapter - Adding mock interface to class com/fasterxml/jackson/databind/deser/DeserializerFactory
23:36:12.373 [main] INFO  o.e.r.i.CreateClassResetClassAdapter - Found static initializer in class com/fasterxml/jackson/databind/deser/DeserializerFactory
23:36:12.373 [main] INFO  o.e.r.i.MethodCallReplacementClassAdapter - No hashCode defined for: com/fasterxml/jackson/databind/deser/DeserializerFactory, superclass = java.lang.Object
23:36:12.373 [main] DEBUG o.e.r.agent.TransformerForTests - Going to instrument: com.fasterxml.jackson.databind.deser.DeserializerFactory
23:36:12.374 [main] INFO  o.e.r.i.CreateClassResetClassAdapter - Found static initializer in class com/fasterxml/jackson/databind/deser/DeserializerFactory
23:36:12.374 [main] INFO  o.e.r.instrumentation.EvoClassLoader - Error while loading class: java.lang.ClassFormatError: Duplicate method name&signature in class file com/fasterxml/jackson/databind/deser/DeserializerFactory
23:36:12.375 [main] ERROR o.e.r.c.ClassStateSupport - Could not initialize com.fasterxml.jackson.databind.deser.DeserializerFactory: Duplicate method name&signature in class file com/fasterxml/jackson/databind/deser/DeserializerFactory
23:36:12.379 [main] INFO  o.e.r.instrumentation.EvoClassLoader - Seeing class for first time: org.springframework.boot.autoconfigure.web.WebMvcAutoConfiguration$EnableWebMvcConfiguration
23:36:12.379 [main] INFO  o.e.r.instrumentation.EvoClassLoader - Instrumenting class 'org.springframework.boot.autoconfigure.web.WebMvcAutoConfiguration$EnableWebMvcConfiguration'.
23:36:12.380 [main] INFO  o.e.r.i.MethodCallReplacementClassAdapter - Adding mock interface to class org/springframework/boot/autoconfigure/web/WebMvcAutoConfiguration$EnableWebMvcConfiguration
23:36:12.381 [main] INFO  o.e.r.i.MethodCallReplacementClassAdapter - No hashCode defined for: org/springframework/boot/autoconfigure/web/WebMvcAutoConfiguration$EnableWebMvcConfiguration, superclass = org.springframework.web.servlet.config.annotation.DelegatingWebMvcConfiguration
23:36:12.381 [main] INFO  o.e.r.i.CreateClassResetClassAdapter - Creating brand-new static initializer in class org/springframework/boot/autoconfigure/web/WebMvcAutoConfiguration$EnableWebMvcConfiguration
23:36:12.381 [main] DEBUG o.e.r.agent.TransformerForTests - Going to instrument: org.springframework.boot.autoconfigure.web.WebMvcAutoConfiguration$EnableWebMvcConfiguration
23:36:12.382 [main] INFO  o.e.r.i.MethodCallReplacementClassAdapter - No hashCode defined for: org/springframework/boot/autoconfigure/web/WebMvcAutoConfiguration$EnableWebMvcConfiguration, superclass = org.springframework.web.servlet.config.annotation.DelegatingWebMvcConfiguration
23:36:12.382 [main] INFO  o.e.r.instrumentation.EvoClassLoader - Seeing class for first time: org.springframework.web.servlet.config.annotation.DelegatingWebMvcConfiguration
23:36:12.382 [main] INFO  o.e.r.instrumentation.EvoClassLoader - Instrumenting class 'org.springframework.web.servlet.config.annotation.DelegatingWebMvcConfiguration'.
23:36:12.384 [main] INFO  o.e.r.i.MethodCallReplacementClassAdapter - Adding mock interface to class org/springframework/web/servlet/config/annotation/DelegatingWebMvcConfiguration
23:36:12.384 [main] INFO  o.e.r.i.MethodCallReplacementClassAdapter - No hashCode defined for: org/springframework/web/servlet/config/annotation/DelegatingWebMvcConfiguration, superclass = org.springframework.web.servlet.config.annotation.WebMvcConfigurationSupport
23:36:12.384 [main] INFO  o.e.r.i.CreateClassResetClassAdapter - Creating brand-new static initializer in class org/springframework/web/servlet/config/annotation/DelegatingWebMvcConfiguration
23:36:12.386 [main] DEBUG o.e.r.agent.TransformerForTests - Going to instrument: org.springframework.web.servlet.config.annotation.DelegatingWebMvcConfiguration
23:36:12.387 [main] INFO  o.e.r.i.MethodCallReplacementClassAdapter - No hashCode defined for: org/springframework/web/servlet/config/annotation/DelegatingWebMvcConfiguration, superclass = org.springframework.web.servlet.config.annotation.WebMvcConfigurationSupport
23:36:12.388 [main] INFO  o.e.r.instrumentation.EvoClassLoader - Seeing class for first time: org.springframework.web.servlet.config.annotation.WebMvcConfigurationSupport
23:36:12.388 [main] INFO  o.e.r.instrumentation.EvoClassLoader - Instrumenting class 'org.springframework.web.servlet.config.annotation.WebMvcConfigurationSupport'.
23:36:12.390 [main] INFO  o.e.r.i.MethodCallReplacementClassAdapter - Adding mock interface to class org/springframework/web/servlet/config/annotation/WebMvcConfigurationSupport
23:36:12.395 [main] INFO  o.e.r.i.CreateClassResetClassAdapter - Found static initializer in class org/springframework/web/servlet/config/annotation/WebMvcConfigurationSupport
23:36:12.396 [main] INFO  o.e.r.i.MethodCallReplacementClassAdapter - No hashCode defined for: org/springframework/web/servlet/config/annotation/WebMvcConfigurationSupport, superclass = java.lang.Object
23:36:12.396 [main] DEBUG o.e.r.agent.TransformerForTests - Going to instrument: org.springframework.web.servlet.config.annotation.WebMvcConfigurationSupport
23:36:12.402 [main] INFO  o.e.r.i.CreateClassResetClassAdapter - Found static initializer in class org/springframework/web/servlet/config/annotation/WebMvcConfigurationSupport
23:36:12.403 [main] INFO  o.e.r.instrumentation.EvoClassLoader - Error while loading class: java.lang.ClassFormatError: Duplicate method name&signature in class file org/springframework/web/servlet/config/annotation/WebMvcConfigurationSupport
23:36:12.404 [main] INFO  o.e.r.instrumentation.EvoClassLoader - Error while loading class: java.lang.NoClassDefFoundError: org/springframework/web/servlet/config/annotation/WebMvcConfigurationSupport
23:36:12.404 [main] INFO  o.e.r.instrumentation.EvoClassLoader - Error while loading class: java.lang.NoClassDefFoundError: org/springframework/web/servlet/config/annotation/DelegatingWebMvcConfiguration
23:36:12.404 [main] ERROR o.e.r.c.ClassStateSupport - Could not initialize org.springframework.boot.autoconfigure.web.WebMvcAutoConfiguration$EnableWebMvcConfiguration: org/springframework/web/servlet/config/annotation/DelegatingWebMvcConfiguration
23:36:12.404 [main] INFO  o.e.r.instrumentation.EvoClassLoader - Seeing class for first time: org.springframework.http.HttpEntity
23:36:12.404 [main] INFO  o.e.r.instrumentation.EvoClassLoader - Instrumenting class 'org.springframework.http.HttpEntity'.
23:36:12.406 [main] INFO  o.e.r.i.MethodCallReplacementClassAdapter - Adding mock interface to class org/springframework/http/HttpEntity
23:36:12.406 [main] INFO  o.e.r.i.CreateClassResetClassAdapter - Found static initializer in class org/springframework/http/HttpEntity
23:36:12.406 [main] DEBUG o.e.r.agent.TransformerForTests - Going to instrument: org.springframework.http.HttpEntity
23:36:12.407 [main] INFO  o.e.r.i.CreateClassResetClassAdapter - Found static initializer in class org/springframework/http/HttpEntity
23:36:12.407 [main] INFO  o.e.r.instrumentation.EvoClassLoader - Error while loading class: java.lang.ClassFormatError: Duplicate method name&signature in class file org/springframework/http/HttpEntity
23:36:12.407 [main] ERROR o.e.r.c.ClassStateSupport - Could not initialize org.springframework.http.HttpEntity: Duplicate method name&signature in class file org/springframework/http/HttpEntity
23:36:12.408 [main] INFO  o.e.r.instrumentation.EvoClassLoader - Seeing class for first time: org.springframework.core.MethodIntrospector$MetadataLookup
23:36:12.408 [main] INFO  o.e.r.instrumentation.EvoClassLoader - Instrumenting class 'org.springframework.core.MethodIntrospector$MetadataLookup'.
23:36:12.408 [main] DEBUG o.e.r.agent.TransformerForTests - Going to instrument: org.springframework.core.MethodIntrospector$MetadataLookup
23:36:12.409 [main] INFO  o.e.r.instrumentation.EvoClassLoader - Keeping class: org.springframework.core.MethodIntrospector$MetadataLookup
23:36:12.409 [main] INFO  o.e.r.instrumentation.EvoClassLoader - Seeing class for first time: org.springframework.util.ConcurrentReferenceHashMap$Restructure
23:36:12.409 [main] INFO  o.e.r.instrumentation.EvoClassLoader - Instrumenting class 'org.springframework.util.ConcurrentReferenceHashMap$Restructure'.
23:36:12.410 [main] INFO  o.e.r.i.MethodCallReplacementClassAdapter - Adding mock interface to class org/springframework/util/ConcurrentReferenceHashMap$Restructure
23:36:12.411 [main] INFO  o.e.r.i.CreateClassResetClassAdapter - Found static initializer in class org/springframework/util/ConcurrentReferenceHashMap$Restructure
23:36:12.411 [main] INFO  o.e.r.i.MethodCallReplacementClassAdapter - No hashCode defined for: org/springframework/util/ConcurrentReferenceHashMap$Restructure, superclass = java.lang.Enum
23:36:12.411 [main] DEBUG o.e.r.agent.TransformerForTests - Going to instrument: org.springframework.util.ConcurrentReferenceHashMap$Restructure
23:36:12.411 [main] INFO  o.e.r.i.CreateClassResetClassAdapter - Found static initializer in class org/springframework/util/ConcurrentReferenceHashMap$Restructure
23:36:12.411 [main] INFO  o.e.r.i.MethodCallReplacementClassAdapter - No hashCode defined for: org/springframework/util/ConcurrentReferenceHashMap$Restructure, superclass = java.lang.Enum
23:36:12.411 [main] INFO  o.e.r.instrumentation.EvoClassLoader - Error while loading class: java.lang.ClassFormatError: Duplicate method name&signature in class file org/springframework/util/ConcurrentReferenceHashMap$Restructure
23:36:12.412 [main] ERROR o.e.r.c.ClassStateSupport - Could not initialize org.springframework.util.ConcurrentReferenceHashMap$Restructure: Duplicate method name&signature in class file org/springframework/util/ConcurrentReferenceHashMap$Restructure
23:36:12.412 [main] INFO  o.e.r.instrumentation.EvoClassLoader - Seeing class for first time: org.springframework.core.SerializableTypeWrapper$MethodParameterTypeProvider
23:36:12.412 [main] INFO  o.e.r.instrumentation.EvoClassLoader - Instrumenting class 'org.springframework.core.SerializableTypeWrapper$MethodParameterTypeProvider'.
23:36:12.413 [main] INFO  o.e.r.i.MethodCallReplacementClassAdapter - Adding mock interface to class org/springframework/core/SerializableTypeWrapper$MethodParameterTypeProvider
23:36:12.415 [main] INFO  o.e.r.i.MethodCallReplacementClassAdapter - No hashCode defined for: org/springframework/core/SerializableTypeWrapper$MethodParameterTypeProvider, superclass = java.lang.Object
23:36:12.415 [main] INFO  o.e.r.i.CreateClassResetClassAdapter - Creating brand-new static initializer in class org/springframework/core/SerializableTypeWrapper$MethodParameterTypeProvider
23:36:12.415 [main] DEBUG o.e.r.agent.TransformerForTests - Going to instrument: org.springframework.core.SerializableTypeWrapper$MethodParameterTypeProvider
23:36:12.417 [main] INFO  o.e.r.instrumentation.EvoClassLoader - Keeping class: org.springframework.core.SerializableTypeWrapper$MethodParameterTypeProvider
23:36:12.418 [main] INFO  o.e.r.instrumentation.EvoClassLoader - Seeing class for first time: org.springframework.web.HttpMediaTypeException
23:36:12.419 [main] INFO  o.e.r.instrumentation.EvoClassLoader - Instrumenting class 'org.springframework.web.HttpMediaTypeException'.
23:36:12.420 [main] INFO  o.e.r.i.MethodCallReplacementClassAdapter - Adding mock interface to class org/springframework/web/HttpMediaTypeException
23:36:12.420 [main] INFO  o.e.r.i.MethodCallReplacementClassAdapter - No hashCode defined for: org/springframework/web/HttpMediaTypeException, superclass = javax.servlet.ServletException
23:36:12.421 [main] INFO  o.e.r.i.CreateClassResetClassAdapter - Creating brand-new static initializer in class org/springframework/web/HttpMediaTypeException
23:36:12.421 [main] DEBUG o.e.r.agent.TransformerForTests - Going to instrument: org.springframework.web.HttpMediaTypeException
23:36:12.421 [main] INFO  o.e.r.i.MethodCallReplacementClassAdapter - No hashCode defined for: org/springframework/web/HttpMediaTypeException, superclass = javax.servlet.ServletException
23:36:12.421 [main] INFO  o.e.r.instrumentation.EvoClassLoader - Keeping class: org.springframework.web.HttpMediaTypeException
23:36:12.421 [main] INFO  o.e.r.instrumentation.EvoClassLoader - Seeing class for first time: org.springframework.core.ResolvableType$WildcardBounds
23:36:12.421 [main] INFO  o.e.r.instrumentation.EvoClassLoader - Instrumenting class 'org.springframework.core.ResolvableType$WildcardBounds'.
23:36:12.422 [main] INFO  o.e.r.i.MethodCallReplacementClassAdapter - Adding mock interface to class org/springframework/core/ResolvableType$WildcardBounds
23:36:12.423 [main] INFO  o.e.r.i.MethodCallReplacementClassAdapter - No hashCode defined for: org/springframework/core/ResolvableType$WildcardBounds, superclass = java.lang.Object
23:36:12.423 [main] INFO  o.e.r.i.CreateClassResetClassAdapter - Creating brand-new static initializer in class org/springframework/core/ResolvableType$WildcardBounds
23:36:12.423 [main] DEBUG o.e.r.agent.TransformerForTests - Going to instrument: org.springframework.core.ResolvableType$WildcardBounds
23:36:12.424 [main] INFO  o.e.r.instrumentation.EvoClassLoader - Keeping class: org.springframework.core.ResolvableType$WildcardBounds
23:36:12.424 [main] INFO  o.e.r.instrumentation.EvoClassLoader - Seeing class for first time: org.springframework.core.BridgeMethodResolver
23:36:12.424 [main] INFO  o.e.r.instrumentation.EvoClassLoader - Instrumenting class 'org.springframework.core.BridgeMethodResolver'.
23:36:12.425 [main] INFO  o.e.r.i.MethodCallReplacementClassAdapter - Adding mock interface to class org/springframework/core/BridgeMethodResolver
23:36:12.426 [main] INFO  o.e.r.i.MethodCallReplacementClassAdapter - No hashCode defined for: org/springframework/core/BridgeMethodResolver, superclass = java.lang.Object
23:36:12.426 [main] INFO  o.e.r.i.CreateClassResetClassAdapter - Creating brand-new static initializer in class org/springframework/core/BridgeMethodResolver
23:36:12.426 [main] DEBUG o.e.r.agent.TransformerForTests - Going to instrument: org.springframework.core.BridgeMethodResolver
23:36:12.428 [main] INFO  o.e.r.instrumentation.EvoClassLoader - Keeping class: org.springframework.core.BridgeMethodResolver
23:36:12.428 [main] INFO  o.e.r.instrumentation.EvoClassLoader - Seeing class for first time: com.fasterxml.jackson.core.io.SegmentedStringWriter
23:36:12.428 [main] INFO  o.e.r.instrumentation.EvoClassLoader - Instrumenting class 'com.fasterxml.jackson.core.io.SegmentedStringWriter'.
23:36:12.429 [main] INFO  o.e.r.i.MethodCallReplacementClassAdapter - Adding mock interface to class com/fasterxml/jackson/core/io/SegmentedStringWriter
23:36:12.430 [main] INFO  o.e.r.i.MethodCallReplacementClassAdapter - No hashCode defined for: com/fasterxml/jackson/core/io/SegmentedStringWriter, superclass = java.io.Writer
23:36:12.430 [main] INFO  o.e.r.i.CreateClassResetClassAdapter - Creating brand-new static initializer in class com/fasterxml/jackson/core/io/SegmentedStringWriter
23:36:12.430 [main] DEBUG o.e.r.agent.TransformerForTests - Going to instrument: com.fasterxml.jackson.core.io.SegmentedStringWriter
23:36:12.430 [main] INFO  o.e.r.i.MethodCallReplacementClassAdapter - No hashCode defined for: com/fasterxml/jackson/core/io/SegmentedStringWriter, superclass = java.io.Writer
23:36:12.430 [main] INFO  o.e.r.instrumentation.EvoClassLoader - Keeping class: com.fasterxml.jackson.core.io.SegmentedStringWriter
23:36:12.431 [main] INFO  o.e.r.instrumentation.EvoClassLoader - Seeing class for first time: org.springframework.web.method.support.CompositeUriComponentsContributor
23:36:12.431 [main] INFO  o.e.r.instrumentation.EvoClassLoader - Instrumenting class 'org.springframework.web.method.support.CompositeUriComponentsContributor'.
23:36:12.432 [main] INFO  o.e.r.i.MethodCallReplacementClassAdapter - Adding mock interface to class org/springframework/web/method/support/CompositeUriComponentsContributor
23:36:12.437 [main] INFO  o.e.r.i.MethodCallReplacementClassAdapter - No hashCode defined for: org/springframework/web/method/support/CompositeUriComponentsContributor, superclass = java.lang.Object
23:36:12.438 [main] INFO  o.e.r.i.CreateClassResetClassAdapter - Creating brand-new static initializer in class org/springframework/web/method/support/CompositeUriComponentsContributor
23:36:12.438 [main] DEBUG o.e.r.agent.TransformerForTests - Going to instrument: org.springframework.web.method.support.CompositeUriComponentsContributor
23:36:12.442 [main] INFO  o.e.r.instrumentation.EvoClassLoader - Keeping class: org.springframework.web.method.support.CompositeUriComponentsContributor
23:36:12.443 [main] INFO  o.e.r.instrumentation.EvoClassLoader - Seeing class for first time: com.fasterxml.jackson.databind.SerializerProvider
23:36:12.443 [main] INFO  o.e.r.instrumentation.EvoClassLoader - Instrumenting class 'com.fasterxml.jackson.databind.SerializerProvider'.
23:36:12.445 [main] INFO  o.e.r.i.MethodCallReplacementClassAdapter - Adding mock interface to class com/fasterxml/jackson/databind/SerializerProvider
23:36:12.451 [main] INFO  o.e.r.i.CreateClassResetClassAdapter - Found static initializer in class com/fasterxml/jackson/databind/SerializerProvider
23:36:12.452 [main] INFO  o.e.r.i.MethodCallReplacementClassAdapter - No hashCode defined for: com/fasterxml/jackson/databind/SerializerProvider, superclass = com.fasterxml.jackson.databind.DatabindContext
23:36:12.452 [main] DEBUG o.e.r.agent.TransformerForTests - Going to instrument: com.fasterxml.jackson.databind.SerializerProvider
23:36:12.460 [main] INFO  o.e.r.i.CreateClassResetClassAdapter - Found static initializer in class com/fasterxml/jackson/databind/SerializerProvider
23:36:12.460 [main] INFO  o.e.r.i.MethodCallReplacementClassAdapter - No hashCode defined for: com/fasterxml/jackson/databind/SerializerProvider, superclass = com.fasterxml.jackson.databind.DatabindContext
23:36:12.461 [main] INFO  o.e.r.instrumentation.EvoClassLoader - Error while loading class: java.lang.ClassFormatError: Duplicate method name&signature in class file com/fasterxml/jackson/databind/SerializerProvider
23:36:12.461 [main] ERROR o.e.r.c.ClassStateSupport - Could not initialize com.fasterxml.jackson.databind.SerializerProvider: Duplicate method name&signature in class file com/fasterxml/jackson/databind/SerializerProvider
23:36:12.461 [main] INFO  o.e.r.instrumentation.EvoClassLoader - Seeing class for first time: com.fasterxml.jackson.databind.ObjectMapper
23:36:12.461 [main] INFO  o.e.r.instrumentation.EvoClassLoader - Instrumenting class 'com.fasterxml.jackson.databind.ObjectMapper'.
23:36:12.466 [main] INFO  o.e.r.i.MethodCallReplacementClassAdapter - Adding mock interface to class com/fasterxml/jackson/databind/ObjectMapper
23:36:12.486 [main] INFO  o.e.r.i.CreateClassResetClassAdapter - Found static initializer in class com/fasterxml/jackson/databind/ObjectMapper
23:36:12.486 [main] INFO  o.e.r.i.MethodCallReplacementClassAdapter - No hashCode defined for: com/fasterxml/jackson/databind/ObjectMapper, superclass = com.fasterxml.jackson.core.ObjectCodec
23:36:12.487 [main] DEBUG o.e.r.agent.TransformerForTests - Going to instrument: com.fasterxml.jackson.databind.ObjectMapper
23:36:12.509 [main] INFO  o.e.r.i.CreateClassResetClassAdapter - Found static initializer in class com/fasterxml/jackson/databind/ObjectMapper
23:36:12.510 [main] INFO  o.e.r.i.MethodCallReplacementClassAdapter - No hashCode defined for: com/fasterxml/jackson/databind/ObjectMapper, superclass = com.fasterxml.jackson.core.ObjectCodec
23:36:12.512 [main] INFO  o.e.r.instrumentation.EvoClassLoader - Error while loading class: java.lang.ClassFormatError: Duplicate method name&signature in class file com/fasterxml/jackson/databind/ObjectMapper
23:36:12.512 [main] ERROR o.e.r.c.ClassStateSupport - Could not initialize com.fasterxml.jackson.databind.ObjectMapper: Duplicate method name&signature in class file com/fasterxml/jackson/databind/ObjectMapper
23:36:12.512 [main] INFO  o.e.r.instrumentation.EvoClassLoader - Seeing class for first time: org.springframework.context.ApplicationContextException
23:36:12.512 [main] INFO  o.e.r.instrumentation.EvoClassLoader - Instrumenting class 'org.springframework.context.ApplicationContextException'.
23:36:12.513 [main] INFO  o.e.r.i.MethodCallReplacementClassAdapter - Adding mock interface to class org/springframework/context/ApplicationContextException
23:36:12.513 [main] INFO  o.e.r.i.MethodCallReplacementClassAdapter - No hashCode defined for: org/springframework/context/ApplicationContextException, superclass = org.springframework.beans.FatalBeanException
23:36:12.513 [main] INFO  o.e.r.i.CreateClassResetClassAdapter - Creating brand-new static initializer in class org/springframework/context/ApplicationContextException
23:36:12.514 [main] DEBUG o.e.r.agent.TransformerForTests - Going to instrument: org.springframework.context.ApplicationContextException
23:36:12.514 [main] INFO  o.e.r.i.MethodCallReplacementClassAdapter - No hashCode defined for: org/springframework/context/ApplicationContextException, superclass = org.springframework.beans.FatalBeanException
23:36:12.514 [main] INFO  o.e.r.instrumentation.EvoClassLoader - Seeing class for first time: org.springframework.beans.FatalBeanException
23:36:12.514 [main] INFO  o.e.r.instrumentation.EvoClassLoader - Instrumenting class 'org.springframework.beans.FatalBeanException'.
23:36:12.515 [main] INFO  o.e.r.i.MethodCallReplacementClassAdapter - Adding mock interface to class org/springframework/beans/FatalBeanException
23:36:12.516 [main] INFO  o.e.r.i.MethodCallReplacementClassAdapter - No hashCode defined for: org/springframework/beans/FatalBeanException, superclass = org.springframework.beans.BeansException
23:36:12.516 [main] INFO  o.e.r.i.CreateClassResetClassAdapter - Creating brand-new static initializer in class org/springframework/beans/FatalBeanException
23:36:12.516 [main] DEBUG o.e.r.agent.TransformerForTests - Going to instrument: org.springframework.beans.FatalBeanException
23:36:12.517 [main] INFO  o.e.r.i.MethodCallReplacementClassAdapter - No hashCode defined for: org/springframework/beans/FatalBeanException, superclass = org.springframework.beans.BeansException
23:36:12.517 [main] INFO  o.e.r.instrumentation.EvoClassLoader - Seeing class for first time: org.springframework.beans.BeansException
23:36:12.517 [main] INFO  o.e.r.instrumentation.EvoClassLoader - Instrumenting class 'org.springframework.beans.BeansException'.
23:36:12.518 [main] INFO  o.e.r.i.MethodCallReplacementClassAdapter - Adding mock interface to class org/springframework/beans/BeansException
23:36:12.518 [main] INFO  o.e.r.i.CreateClassResetClassAdapter - Creating brand-new static initializer in class org/springframework/beans/BeansException
23:36:12.518 [main] DEBUG o.e.r.agent.TransformerForTests - Going to instrument: org.springframework.beans.BeansException
23:36:12.519 [main] INFO  o.e.r.instrumentation.EvoClassLoader - Seeing class for first time: org.springframework.core.NestedRuntimeException
23:36:12.519 [main] INFO  o.e.r.instrumentation.EvoClassLoader - Instrumenting class 'org.springframework.core.NestedRuntimeException'.
23:36:12.520 [main] INFO  o.e.r.i.MethodCallReplacementClassAdapter - Adding mock interface to class org/springframework/core/NestedRuntimeException
23:36:12.521 [main] INFO  o.e.r.i.CreateClassResetClassAdapter - Found static initializer in class org/springframework/core/NestedRuntimeException
23:36:12.521 [main] INFO  o.e.r.i.MethodCallReplacementClassAdapter - No hashCode defined for: org/springframework/core/NestedRuntimeException, superclass = java.lang.RuntimeException
23:36:12.522 [main] DEBUG o.e.r.agent.TransformerForTests - Going to instrument: org.springframework.core.NestedRuntimeException
23:36:12.524 [main] INFO  o.e.r.i.CreateClassResetClassAdapter - Found static initializer in class org/springframework/core/NestedRuntimeException
23:36:12.524 [main] INFO  o.e.r.i.MethodCallReplacementClassAdapter - No hashCode defined for: org/springframework/core/NestedRuntimeException, superclass = org.evosuite.runtime.mock.java.lang.MockRuntimeException
23:36:12.524 [main] INFO  o.e.r.instrumentation.EvoClassLoader - Error while loading class: java.lang.ClassFormatError: Duplicate method name&signature in class file org/springframework/core/NestedRuntimeException
23:36:12.524 [main] INFO  o.e.r.instrumentation.EvoClassLoader - Error while loading class: java.lang.NoClassDefFoundError: org/springframework/core/NestedRuntimeException
23:36:12.525 [main] INFO  o.e.r.instrumentation.EvoClassLoader - Error while loading class: java.lang.NoClassDefFoundError: org/springframework/beans/BeansException
23:36:12.525 [main] INFO  o.e.r.instrumentation.EvoClassLoader - Error while loading class: java.lang.NoClassDefFoundError: org/springframework/beans/FatalBeanException
23:36:12.525 [main] ERROR o.e.r.c.ClassStateSupport - Could not initialize org.springframework.web.servlet.handler.AbstractUrlHandlerMapping: org/springframework/context/ApplicationContextException
23:36:12.525 [main] INFO  o.e.r.instrumentation.EvoClassLoader - Seeing class for first time: org.springframework.web.servlet.config.annotation.EnableWebMvc
23:36:12.525 [main] INFO  o.e.r.instrumentation.EvoClassLoader - Instrumenting class 'org.springframework.web.servlet.config.annotation.EnableWebMvc'.
23:36:12.526 [main] DEBUG o.e.r.agent.TransformerForTests - Going to instrument: org.springframework.web.servlet.config.annotation.EnableWebMvc
23:36:12.526 [main] INFO  o.e.r.instrumentation.EvoClassLoader - Keeping class: org.springframework.web.servlet.config.annotation.EnableWebMvc
23:36:12.527 [main] INFO  o.e.r.instrumentation.EvoClassLoader - Seeing class for first time: com.fasterxml.jackson.databind.ser.DefaultSerializerProvider$Impl
23:36:12.527 [main] INFO  o.e.r.instrumentation.EvoClassLoader - Instrumenting class 'com.fasterxml.jackson.databind.ser.DefaultSerializerProvider$Impl'.
23:36:12.527 [main] INFO  o.e.r.i.MethodCallReplacementClassAdapter - Adding mock interface to class com/fasterxml/jackson/databind/ser/DefaultSerializerProvider$Impl
23:36:12.527 [main] INFO  o.e.r.i.MethodCallReplacementClassAdapter - No hashCode defined for: com/fasterxml/jackson/databind/ser/DefaultSerializerProvider$Impl, superclass = com.fasterxml.jackson.databind.ser.DefaultSerializerProvider
23:36:12.527 [main] INFO  o.e.r.i.CreateClassResetClassAdapter - Creating brand-new static initializer in class com/fasterxml/jackson/databind/ser/DefaultSerializerProvider$Impl
23:36:12.528 [main] DEBUG o.e.r.agent.TransformerForTests - Going to instrument: com.fasterxml.jackson.databind.ser.DefaultSerializerProvider$Impl
23:36:12.528 [main] INFO  o.e.r.i.MethodCallReplacementClassAdapter - No hashCode defined for: com/fasterxml/jackson/databind/ser/DefaultSerializerProvider$Impl, superclass = com.fasterxml.jackson.databind.ser.DefaultSerializerProvider
23:36:12.528 [main] INFO  o.e.r.instrumentation.EvoClassLoader - Seeing class for first time: com.fasterxml.jackson.databind.ser.DefaultSerializerProvider
23:36:12.528 [main] INFO  o.e.r.instrumentation.EvoClassLoader - Instrumenting class 'com.fasterxml.jackson.databind.ser.DefaultSerializerProvider'.
23:36:12.529 [main] INFO  o.e.r.i.MethodCallReplacementClassAdapter - Adding mock interface to class com/fasterxml/jackson/databind/ser/DefaultSerializerProvider
23:36:12.535 [main] INFO  o.e.r.i.MethodCallReplacementClassAdapter - No hashCode defined for: com/fasterxml/jackson/databind/ser/DefaultSerializerProvider, superclass = com.fasterxml.jackson.databind.SerializerProvider
23:36:12.535 [main] INFO  o.e.r.i.CreateClassResetClassAdapter - Creating brand-new static initializer in class com/fasterxml/jackson/databind/ser/DefaultSerializerProvider
23:36:12.535 [main] DEBUG o.e.r.agent.TransformerForTests - Going to instrument: com.fasterxml.jackson.databind.ser.DefaultSerializerProvider
23:36:12.541 [main] INFO  o.e.r.i.MethodCallReplacementClassAdapter - No hashCode defined for: com/fasterxml/jackson/databind/ser/DefaultSerializerProvider, superclass = com.fasterxml.jackson.databind.SerializerProvider
23:36:12.542 [main] INFO  o.e.r.instrumentation.EvoClassLoader - Seeing class for first time: com.fasterxml.jackson.databind.SerializerProvider
23:36:12.542 [main] INFO  o.e.r.instrumentation.EvoClassLoader - Instrumenting class 'com.fasterxml.jackson.databind.SerializerProvider'.
23:36:12.543 [main] INFO  o.e.r.i.MethodCallReplacementClassAdapter - Adding mock interface to class com/fasterxml/jackson/databind/SerializerProvider
23:36:12.548 [main] INFO  o.e.r.i.CreateClassResetClassAdapter - Found static initializer in class com/fasterxml/jackson/databind/SerializerProvider
23:36:12.548 [main] INFO  o.e.r.i.MethodCallReplacementClassAdapter - No hashCode defined for: com/fasterxml/jackson/databind/SerializerProvider, superclass = com.fasterxml.jackson.databind.DatabindContext
23:36:12.549 [main] DEBUG o.e.r.agent.TransformerForTests - Going to instrument: com.fasterxml.jackson.databind.SerializerProvider
23:36:12.556 [main] INFO  o.e.r.i.CreateClassResetClassAdapter - Found static initializer in class com/fasterxml/jackson/databind/SerializerProvider
23:36:12.556 [main] INFO  o.e.r.i.MethodCallReplacementClassAdapter - No hashCode defined for: com/fasterxml/jackson/databind/SerializerProvider, superclass = com.fasterxml.jackson.databind.DatabindContext
23:36:12.556 [main] INFO  o.e.r.instrumentation.EvoClassLoader - Error while loading class: java.lang.ClassFormatError: Duplicate method name&signature in class file com/fasterxml/jackson/databind/SerializerProvider
23:36:12.557 [main] INFO  o.e.r.instrumentation.EvoClassLoader - Error while loading class: java.lang.NoClassDefFoundError: com/fasterxml/jackson/databind/SerializerProvider
23:36:12.557 [main] INFO  o.e.r.instrumentation.EvoClassLoader - Error while loading class: java.lang.NoClassDefFoundError: com/fasterxml/jackson/databind/ser/DefaultSerializerProvider
23:36:12.557 [main] ERROR o.e.r.c.ClassStateSupport - Could not initialize com.fasterxml.jackson.databind.ser.DefaultSerializerProvider$Impl: com/fasterxml/jackson/databind/ser/DefaultSerializerProvider
23:36:12.557 [main] INFO  o.e.r.instrumentation.EvoClassLoader - Seeing class for first time: org.springframework.context.ApplicationContext
23:36:12.557 [main] INFO  o.e.r.instrumentation.EvoClassLoader - Instrumenting class 'org.springframework.context.ApplicationContext'.
23:36:12.558 [main] DEBUG o.e.r.agent.TransformerForTests - Going to instrument: org.springframework.context.ApplicationContext
23:36:12.558 [main] INFO  o.e.r.instrumentation.EvoClassLoader - Keeping class: org.springframework.context.ApplicationContext
23:36:12.558 [main] INFO  o.e.r.instrumentation.EvoClassLoader - Seeing class for first time: org.springframework.core.convert.support.StreamConverter
23:36:12.558 [main] INFO  o.e.r.instrumentation.EvoClassLoader - Instrumenting class 'org.springframework.core.convert.support.StreamConverter'.
23:36:12.560 [main] INFO  o.e.r.i.MethodCallReplacementClassAdapter - Adding mock interface to class org/springframework/core/convert/support/StreamConverter
23:36:12.561 [main] INFO  o.e.r.i.CreateClassResetClassAdapter - Found static initializer in class org/springframework/core/convert/support/StreamConverter
23:36:12.561 [main] INFO  o.e.r.i.MethodCallReplacementClassAdapter - No hashCode defined for: org/springframework/core/convert/support/StreamConverter, superclass = java.lang.Object
23:36:12.561 [main] DEBUG o.e.r.agent.TransformerForTests - Going to instrument: org.springframework.core.convert.support.StreamConverter
23:36:12.563 [main] INFO  o.e.r.i.CreateClassResetClassAdapter - Found static initializer in class org/springframework/core/convert/support/StreamConverter
23:36:12.564 [main] INFO  o.e.r.instrumentation.EvoClassLoader - Error while loading class: java.lang.ClassFormatError: Duplicate method name&signature in class file org/springframework/core/convert/support/StreamConverter
23:36:12.564 [main] ERROR o.e.r.c.ClassStateSupport - Could not initialize org.springframework.core.convert.support.StreamConverter: Duplicate method name&signature in class file org/springframework/core/convert/support/StreamConverter
23:36:12.564 [main] INFO  o.e.r.instrumentation.EvoClassLoader - Seeing class for first time: org.springframework.web.HttpMediaTypeNotAcceptableException
23:36:12.564 [main] INFO  o.e.r.instrumentation.EvoClassLoader - Instrumenting class 'org.springframework.web.HttpMediaTypeNotAcceptableException'.
23:36:12.564 [main] INFO  o.e.r.i.MethodCallReplacementClassAdapter - Adding mock interface to class org/springframework/web/HttpMediaTypeNotAcceptableException
23:36:12.565 [main] INFO  o.e.r.i.MethodCallReplacementClassAdapter - No hashCode defined for: org/springframework/web/HttpMediaTypeNotAcceptableException, superclass = org.springframework.web.HttpMediaTypeException
23:36:12.565 [main] INFO  o.e.r.i.CreateClassResetClassAdapter - Creating brand-new static initializer in class org/springframework/web/HttpMediaTypeNotAcceptableException
23:36:12.565 [main] DEBUG o.e.r.agent.TransformerForTests - Going to instrument: org.springframework.web.HttpMediaTypeNotAcceptableException
23:36:12.565 [main] INFO  o.e.r.i.MethodCallReplacementClassAdapter - No hashCode defined for: org/springframework/web/HttpMediaTypeNotAcceptableException, superclass = org.springframework.web.HttpMediaTypeException
23:36:12.565 [main] INFO  o.e.r.instrumentation.EvoClassLoader - Keeping class: org.springframework.web.HttpMediaTypeNotAcceptableException
23:36:12.566 [main] INFO  o.e.r.instrumentation.EvoClassLoader - Seeing class for first time: org.springframework.util.StringUtils
23:36:12.566 [main] INFO  o.e.r.instrumentation.EvoClassLoader - Instrumenting class 'org.springframework.util.StringUtils'.
23:36:12.567 [main] INFO  o.e.r.i.MethodCallReplacementClassAdapter - Adding mock interface to class org/springframework/util/StringUtils
23:36:12.575 [main] INFO  o.e.r.i.MethodCallReplacementClassAdapter - No hashCode defined for: org/springframework/util/StringUtils, superclass = java.lang.Object
23:36:12.575 [main] INFO  o.e.r.i.CreateClassResetClassAdapter - Creating brand-new static initializer in class org/springframework/util/StringUtils
23:36:12.575 [main] INFO  o.e.r.i.CreateClassResetClassAdapter - Adding bytecode for initializing field FOLDER_SEPARATOR
23:36:12.575 [main] INFO  o.e.r.i.CreateClassResetClassAdapter - Adding bytecode for initializing field WINDOWS_FOLDER_SEPARATOR
23:36:12.575 [main] INFO  o.e.r.i.CreateClassResetClassAdapter - Adding bytecode for initializing field TOP_PATH
23:36:12.575 [main] INFO  o.e.r.i.CreateClassResetClassAdapter - Adding bytecode for initializing field CURRENT_PATH
23:36:12.575 [main] INFO  o.e.r.i.CreateClassResetClassAdapter - Adding bytecode for initializing field EXTENSION_SEPARATOR
23:36:12.576 [main] DEBUG o.e.r.agent.TransformerForTests - Going to instrument: org.springframework.util.StringUtils
23:36:12.581 [main] INFO  o.e.r.instrumentation.EvoClassLoader - Keeping class: org.springframework.util.StringUtils
23:36:12.596 [Time-limited test] INFO  o.e.r.instrumentation.EvoClassLoader - Seeing class for first time: com.rickhanberryfinal.config.ResourceConfig
23:36:12.596 [Time-limited test] INFO  o.e.r.instrumentation.EvoClassLoader - Instrumenting class 'com.rickhanberryfinal.config.ResourceConfig'.
23:36:12.597 [Time-limited test] INFO  o.e.r.i.MethodCallReplacementClassAdapter - Adding mock interface to class com/rickhanberryfinal/config/ResourceConfig
23:36:12.597 [Time-limited test] INFO  o.e.r.i.MethodCallReplacementClassAdapter - No hashCode defined for: com/rickhanberryfinal/config/ResourceConfig, superclass = org.springframework.boot.autoconfigure.web.WebMvcAutoConfiguration$WebMvcAutoConfigurationAdapter
23:36:12.597 [Time-limited test] INFO  o.e.r.i.CreateClassResetClassAdapter - Creating brand-new static initializer in class com/rickhanberryfinal/config/ResourceConfig
23:36:12.598 [Time-limited test] DEBUG o.e.r.agent.TransformerForTests - Going to instrument: com.rickhanberryfinal.config.ResourceConfig
23:36:12.598 [Time-limited test] INFO  o.e.r.i.MethodCallReplacementClassAdapter - No hashCode defined for: com/rickhanberryfinal/config/ResourceConfig, superclass = org.springframework.boot.autoconfigure.web.WebMvcAutoConfiguration$WebMvcAutoConfigurationAdapter
23:36:12.598 [Time-limited test] INFO  o.e.r.instrumentation.EvoClassLoader - Seeing class for first time: org.springframework.boot.autoconfigure.web.WebMvcAutoConfiguration$WebMvcAutoConfigurationAdapter
23:36:12.598 [Time-limited test] INFO  o.e.r.instrumentation.EvoClassLoader - Instrumenting class 'org.springframework.boot.autoconfigure.web.WebMvcAutoConfiguration$WebMvcAutoConfigurationAdapter'.
23:36:12.599 [Time-limited test] INFO  o.e.r.i.MethodCallReplacementClassAdapter - Adding mock interface to class org/springframework/boot/autoconfigure/web/WebMvcAutoConfiguration$WebMvcAutoConfigurationAdapter
23:36:12.600 [Time-limited test] INFO  o.e.r.i.CreateClassResetClassAdapter - Found static initializer in class org/springframework/boot/autoconfigure/web/WebMvcAutoConfiguration$WebMvcAutoConfigurationAdapter
23:36:12.600 [Time-limited test] INFO  o.e.r.i.MethodCallReplacementClassAdapter - No hashCode defined for: org/springframework/boot/autoconfigure/web/WebMvcAutoConfiguration$WebMvcAutoConfigurationAdapter, superclass = org.springframework.web.servlet.config.annotation.WebMvcConfigurerAdapter
23:36:12.600 [Time-limited test] DEBUG o.e.r.agent.TransformerForTests - Going to instrument: org.springframework.boot.autoconfigure.web.WebMvcAutoConfiguration$WebMvcAutoConfigurationAdapter
23:36:12.601 [Time-limited test] INFO  o.e.r.i.CreateClassResetClassAdapter - Found static initializer in class org/springframework/boot/autoconfigure/web/WebMvcAutoConfiguration$WebMvcAutoConfigurationAdapter
23:36:12.601 [Time-limited test] INFO  o.e.r.i.MethodCallReplacementClassAdapter - No hashCode defined for: org/springframework/boot/autoconfigure/web/WebMvcAutoConfiguration$WebMvcAutoConfigurationAdapter, superclass = org.springframework.web.servlet.config.annotation.WebMvcConfigurerAdapter
23:36:12.602 [Time-limited test] INFO  o.e.r.instrumentation.EvoClassLoader - Error while loading class: java.lang.ClassFormatError: Duplicate method name&signature in class file org/springframework/boot/autoconfigure/web/WebMvcAutoConfiguration$WebMvcAutoConfigurationAdapter
23:36:12.602 [Time-limited test] INFO  o.e.r.instrumentation.EvoClassLoader - Error while loading class: java.lang.NoClassDefFoundError: org/springframework/boot/autoconfigure/web/WebMvcAutoConfiguration$WebMvcAutoConfigurationAdapter
23:36:12.604 [main] INFO  o.e.r.instrumentation.EvoClassLoader - Seeing class for first time: org.apache.commons.logging.impl.SLF4JLogFactory
23:36:12.604 [main] INFO  o.e.r.instrumentation.EvoClassLoader - Instrumenting class 'org.apache.commons.logging.impl.SLF4JLogFactory'.
23:36:12.605 [main] INFO  o.e.r.i.MethodCallReplacementClassAdapter - Adding mock interface to class org/apache/commons/logging/impl/SLF4JLogFactory
23:36:12.608 [main] INFO  o.e.r.i.MethodCallReplacementClassAdapter - No hashCode defined for: org/apache/commons/logging/impl/SLF4JLogFactory, superclass = org.apache.commons.logging.LogFactory
23:36:12.608 [main] INFO  o.e.r.i.CreateClassResetClassAdapter - Creating brand-new static initializer in class org/apache/commons/logging/impl/SLF4JLogFactory
23:36:12.608 [main] INFO  o.e.r.i.CreateClassResetClassAdapter - Adding bytecode for initializing field LOG_PROPERTY
23:36:12.608 [main] DEBUG o.e.r.agent.TransformerForTests - Going to instrument: org.apache.commons.logging.impl.SLF4JLogFactory
23:36:12.610 [main] INFO  o.e.r.i.MethodCallReplacementClassAdapter - No hashCode defined for: org/apache/commons/logging/impl/SLF4JLogFactory, superclass = org.apache.commons.logging.LogFactory
23:36:12.610 [main] INFO  o.e.r.instrumentation.EvoClassLoader - Seeing class for first time: org.apache.commons.logging.LogFactory
23:36:12.610 [main] INFO  o.e.r.instrumentation.EvoClassLoader - Instrumenting class 'org.apache.commons.logging.LogFactory'.
23:36:12.611 [main] INFO  o.e.r.i.MethodCallReplacementClassAdapter - Adding mock interface to class org/apache/commons/logging/LogFactory
23:36:12.611 [main] INFO  o.e.r.i.CreateClassResetClassAdapter - Found static initializer in class org/apache/commons/logging/LogFactory
23:36:12.611 [main] INFO  o.e.r.i.MethodCallReplacementClassAdapter - No hashCode defined for: org/apache/commons/logging/LogFactory, superclass = java.lang.Object
23:36:12.612 [main] DEBUG o.e.r.agent.TransformerForTests - Going to instrument: org.apache.commons.logging.LogFactory
23:36:12.612 [main] INFO  o.e.r.i.CreateClassResetClassAdapter - Found static initializer in class org/apache/commons/logging/LogFactory
23:36:12.612 [main] INFO  o.e.r.instrumentation.EvoClassLoader - Error while loading class: java.lang.ClassFormatError: Duplicate method name&signature in class file org/apache/commons/logging/LogFactory
23:36:12.612 [main] INFO  o.e.r.instrumentation.EvoClassLoader - Error while loading class: java.lang.NoClassDefFoundError: org/apache/commons/logging/LogFactory
23:36:12.613 [main] WARN  o.e.r.classhandling.ClassResetter - class java.lang.ClassNotFoundException thrown while loading method  __STATIC_RESET() for class org.apache.commons.logging.impl.SLF4JLogFactory
23:36:12.613 [main] INFO  o.e.r.instrumentation.EvoClassLoader - Seeing class for first time: org.apache.commons.logging.LogFactory
23:36:12.613 [main] INFO  o.e.r.instrumentation.EvoClassLoader - Instrumenting class 'org.apache.commons.logging.LogFactory'.
23:36:12.613 [main] INFO  o.e.r.i.MethodCallReplacementClassAdapter - Adding mock interface to class org/apache/commons/logging/LogFactory
23:36:12.613 [main] INFO  o.e.r.i.CreateClassResetClassAdapter - Found static initializer in class org/apache/commons/logging/LogFactory
23:36:12.614 [main] INFO  o.e.r.i.MethodCallReplacementClassAdapter - No hashCode defined for: org/apache/commons/logging/LogFactory, superclass = java.lang.Object
23:36:12.614 [main] DEBUG o.e.r.agent.TransformerForTests - Going to instrument: org.apache.commons.logging.LogFactory
23:36:12.614 [main] INFO  o.e.r.i.CreateClassResetClassAdapter - Found static initializer in class org/apache/commons/logging/LogFactory
23:36:12.614 [main] INFO  o.e.r.instrumentation.EvoClassLoader - Error while loading class: java.lang.ClassFormatError: Duplicate method name&signature in class file org/apache/commons/logging/LogFactory
23:36:12.614 [main] WARN  o.e.r.classhandling.ClassResetter - class java.lang.ClassNotFoundException thrown while loading method  __STATIC_RESET() for class org.apache.commons.logging.LogFactory
23:36:12.614 [main] INFO  o.e.r.instrumentation.EvoClassLoader - Seeing class for first time: org.apache.commons.logging.impl.SLF4JLocationAwareLog
23:36:12.615 [main] INFO  o.e.r.instrumentation.EvoClassLoader - Instrumenting class 'org.apache.commons.logging.impl.SLF4JLocationAwareLog'.
23:36:12.615 [main] INFO  o.e.r.i.MethodCallReplacementClassAdapter - Adding mock interface to class org/apache/commons/logging/impl/SLF4JLocationAwareLog
23:36:12.615 [main] INFO  o.e.r.i.CreateClassResetClassAdapter - Found static initializer in class org/apache/commons/logging/impl/SLF4JLocationAwareLog
23:36:12.616 [main] INFO  o.e.r.i.MethodCallReplacementClassAdapter - No hashCode defined for: org/apache/commons/logging/impl/SLF4JLocationAwareLog, superclass = java.lang.Object
23:36:12.616 [main] DEBUG o.e.r.agent.TransformerForTests - Going to instrument: org.apache.commons.logging.impl.SLF4JLocationAwareLog
23:36:12.616 [main] INFO  o.e.r.i.CreateClassResetClassAdapter - Found static initializer in class org/apache/commons/logging/impl/SLF4JLocationAwareLog
23:36:12.616 [main] INFO  o.e.r.instrumentation.EvoClassLoader - Error while loading class: java.lang.ClassFormatError: Duplicate method name&signature in class file org/apache/commons/logging/impl/SLF4JLocationAwareLog
23:36:12.617 [main] WARN  o.e.r.classhandling.ClassResetter - class java.lang.ClassNotFoundException thrown while loading method  __STATIC_RESET() for class org.apache.commons.logging.impl.SLF4JLocationAwareLog
23:36:12.617 [main] INFO  o.e.r.instrumentation.EvoClassLoader - Seeing class for first time: org.springframework.boot.autoconfigure.web.WebMvcAutoConfiguration$WebMvcAutoConfigurationAdapter
23:36:12.617 [main] INFO  o.e.r.instrumentation.EvoClassLoader - Instrumenting class 'org.springframework.boot.autoconfigure.web.WebMvcAutoConfiguration$WebMvcAutoConfigurationAdapter'.
23:36:12.617 [main] INFO  o.e.r.i.MethodCallReplacementClassAdapter - Adding mock interface to class org/springframework/boot/autoconfigure/web/WebMvcAutoConfiguration$WebMvcAutoConfigurationAdapter
23:36:12.618 [main] INFO  o.e.r.i.CreateClassResetClassAdapter - Found static initializer in class org/springframework/boot/autoconfigure/web/WebMvcAutoConfiguration$WebMvcAutoConfigurationAdapter
23:36:12.618 [main] INFO  o.e.r.i.MethodCallReplacementClassAdapter - No hashCode defined for: org/springframework/boot/autoconfigure/web/WebMvcAutoConfiguration$WebMvcAutoConfigurationAdapter, superclass = org.springframework.web.servlet.config.annotation.WebMvcConfigurerAdapter
23:36:12.618 [main] DEBUG o.e.r.agent.TransformerForTests - Going to instrument: org.springframework.boot.autoconfigure.web.WebMvcAutoConfiguration$WebMvcAutoConfigurationAdapter
23:36:12.619 [main] INFO  o.e.r.i.CreateClassResetClassAdapter - Found static initializer in class org/springframework/boot/autoconfigure/web/WebMvcAutoConfiguration$WebMvcAutoConfigurationAdapter
23:36:12.619 [main] INFO  o.e.r.i.MethodCallReplacementClassAdapter - No hashCode defined for: org/springframework/boot/autoconfigure/web/WebMvcAutoConfiguration$WebMvcAutoConfigurationAdapter, superclass = org.springframework.web.servlet.config.annotation.WebMvcConfigurerAdapter
23:36:12.620 [main] INFO  o.e.r.instrumentation.EvoClassLoader - Error while loading class: java.lang.ClassFormatError: Duplicate method name&signature in class file org/springframework/boot/autoconfigure/web/WebMvcAutoConfiguration$WebMvcAutoConfigurationAdapter
23:36:12.620 [main] WARN  o.e.r.classhandling.ClassResetter - class java.lang.ClassNotFoundException thrown while loading method  __STATIC_RESET() for class org.springframework.boot.autoconfigure.web.WebMvcAutoConfiguration$WebMvcAutoConfigurationAdapter
23:36:12.620 [main] INFO  o.e.r.instrumentation.EvoClassLoader - Seeing class for first time: org.springframework.beans.factory.annotation.Autowire
23:36:12.620 [main] INFO  o.e.r.instrumentation.EvoClassLoader - Instrumenting class 'org.springframework.beans.factory.annotation.Autowire'.
23:36:12.621 [main] INFO  o.e.r.i.MethodCallReplacementClassAdapter - Adding mock interface to class org/springframework/beans/factory/annotation/Autowire
23:36:12.621 [main] INFO  o.e.r.i.CreateClassResetClassAdapter - Found static initializer in class org/springframework/beans/factory/annotation/Autowire
23:36:12.621 [main] INFO  o.e.r.i.MethodCallReplacementClassAdapter - No hashCode defined for: org/springframework/beans/factory/annotation/Autowire, superclass = java.lang.Enum
23:36:12.621 [main] DEBUG o.e.r.agent.TransformerForTests - Going to instrument: org.springframework.beans.factory.annotation.Autowire
23:36:12.621 [main] INFO  o.e.r.i.CreateClassResetClassAdapter - Found static initializer in class org/springframework/beans/factory/annotation/Autowire
23:36:12.621 [main] INFO  o.e.r.i.MethodCallReplacementClassAdapter - No hashCode defined for: org/springframework/beans/factory/annotation/Autowire, superclass = java.lang.Enum
23:36:12.622 [main] INFO  o.e.r.instrumentation.EvoClassLoader - Error while loading class: java.lang.ClassFormatError: Duplicate method name&signature in class file org/springframework/beans/factory/annotation/Autowire
23:36:12.622 [main] WARN  o.e.r.classhandling.ClassResetter - class java.lang.ClassNotFoundException thrown while loading method  __STATIC_RESET() for class org.springframework.beans.factory.annotation.Autowire
23:36:12.622 [main] INFO  o.e.r.instrumentation.EvoClassLoader - Seeing class for first time: org.springframework.boot.autoconfigure.condition.SearchStrategy
23:36:12.622 [main] INFO  o.e.r.instrumentation.EvoClassLoader - Instrumenting class 'org.springframework.boot.autoconfigure.condition.SearchStrategy'.
23:36:12.622 [main] INFO  o.e.r.i.MethodCallReplacementClassAdapter - Adding mock interface to class org/springframework/boot/autoconfigure/condition/SearchStrategy
23:36:12.623 [main] INFO  o.e.r.i.CreateClassResetClassAdapter - Found static initializer in class org/springframework/boot/autoconfigure/condition/SearchStrategy
23:36:12.623 [main] INFO  o.e.r.i.MethodCallReplacementClassAdapter - No hashCode defined for: org/springframework/boot/autoconfigure/condition/SearchStrategy, superclass = java.lang.Enum
23:36:12.623 [main] DEBUG o.e.r.agent.TransformerForTests - Going to instrument: org.springframework.boot.autoconfigure.condition.SearchStrategy
23:36:12.623 [main] INFO  o.e.r.i.CreateClassResetClassAdapter - Found static initializer in class org/springframework/boot/autoconfigure/condition/SearchStrategy
23:36:12.623 [main] INFO  o.e.r.i.MethodCallReplacementClassAdapter - No hashCode defined for: org/springframework/boot/autoconfigure/condition/SearchStrategy, superclass = java.lang.Enum
23:36:12.623 [main] INFO  o.e.r.instrumentation.EvoClassLoader - Error while loading class: java.lang.ClassFormatError: Duplicate method name&signature in class file org/springframework/boot/autoconfigure/condition/SearchStrategy
23:36:12.623 [main] WARN  o.e.r.classhandling.ClassResetter - class java.lang.ClassNotFoundException thrown while loading method  __STATIC_RESET() for class org.springframework.boot.autoconfigure.condition.SearchStrategy
23:36:12.623 [main] INFO  o.e.r.instrumentation.EvoClassLoader - Seeing class for first time: org.springframework.validation.DefaultMessageCodesResolver$Format$1
23:36:12.623 [main] INFO  o.e.r.instrumentation.EvoClassLoader - Instrumenting class 'org.springframework.validation.DefaultMessageCodesResolver$Format$1'.
23:36:12.624 [main] INFO  o.e.r.i.MethodCallReplacementClassAdapter - Adding mock interface to class org/springframework/validation/DefaultMessageCodesResolver$Format$1
23:36:12.624 [main] INFO  o.e.r.i.MethodCallReplacementClassAdapter - No hashCode defined for: org/springframework/validation/DefaultMessageCodesResolver$Format$1, superclass = org.springframework.validation.DefaultMessageCodesResolver$Format
23:36:12.624 [main] DEBUG o.e.r.agent.TransformerForTests - Going to instrument: org.springframework.validation.DefaultMessageCodesResolver$Format$1
23:36:12.624 [main] INFO  o.e.r.i.MethodCallReplacementClassAdapter - No hashCode defined for: org/springframework/validation/DefaultMessageCodesResolver$Format$1, superclass = org.springframework.validation.DefaultMessageCodesResolver$Format
23:36:12.624 [main] INFO  o.e.r.instrumentation.EvoClassLoader - Seeing class for first time: org.springframework.validation.DefaultMessageCodesResolver$Format
23:36:12.624 [main] INFO  o.e.r.instrumentation.EvoClassLoader - Instrumenting class 'org.springframework.validation.DefaultMessageCodesResolver$Format'.
23:36:12.625 [main] INFO  o.e.r.i.MethodCallReplacementClassAdapter - Adding mock interface to class org/springframework/validation/DefaultMessageCodesResolver$Format
23:36:12.625 [main] INFO  o.e.r.i.CreateClassResetClassAdapter - Found static initializer in class org/springframework/validation/DefaultMessageCodesResolver$Format
23:36:12.625 [main] INFO  o.e.r.i.MethodCallReplacementClassAdapter - No hashCode defined for: org/springframework/validation/DefaultMessageCodesResolver$Format, superclass = java.lang.Enum
23:36:12.625 [main] DEBUG o.e.r.agent.TransformerForTests - Going to instrument: org.springframework.validation.DefaultMessageCodesResolver$Format
23:36:12.626 [main] INFO  o.e.r.i.CreateClassResetClassAdapter - Found static initializer in class org/springframework/validation/DefaultMessageCodesResolver$Format
23:36:12.626 [main] INFO  o.e.r.i.MethodCallReplacementClassAdapter - No hashCode defined for: org/springframework/validation/DefaultMessageCodesResolver$Format, superclass = java.lang.Enum
23:36:12.626 [main] INFO  o.e.r.instrumentation.EvoClassLoader - Error while loading class: java.lang.ClassFormatError: Duplicate method name&signature in class file org/springframework/validation/DefaultMessageCodesResolver$Format
23:36:12.626 [main] INFO  o.e.r.instrumentation.EvoClassLoader - Error while loading class: java.lang.NoClassDefFoundError: org/springframework/validation/DefaultMessageCodesResolver$Format
23:36:12.626 [main] WARN  o.e.r.classhandling.ClassResetter - class java.lang.ClassNotFoundException thrown while loading method  __STATIC_RESET() for class org.springframework.validation.DefaultMessageCodesResolver$Format$1
23:36:12.626 [main] INFO  o.e.r.instrumentation.EvoClassLoader - Seeing class for first time: org.springframework.validation.DefaultMessageCodesResolver$Format$2
23:36:12.626 [main] INFO  o.e.r.instrumentation.EvoClassLoader - Instrumenting class 'org.springframework.validation.DefaultMessageCodesResolver$Format$2'.
23:36:12.627 [main] INFO  o.e.r.i.MethodCallReplacementClassAdapter - Adding mock interface to class org/springframework/validation/DefaultMessageCodesResolver$Format$2
23:36:12.627 [main] INFO  o.e.r.i.MethodCallReplacementClassAdapter - No hashCode defined for: org/springframework/validation/DefaultMessageCodesResolver$Format$2, superclass = org.springframework.validation.DefaultMessageCodesResolver$Format
23:36:12.627 [main] DEBUG o.e.r.agent.TransformerForTests - Going to instrument: org.springframework.validation.DefaultMessageCodesResolver$Format$2
23:36:12.627 [main] INFO  o.e.r.i.MethodCallReplacementClassAdapter - No hashCode defined for: org/springframework/validation/DefaultMessageCodesResolver$Format$2, superclass = org.springframework.validation.DefaultMessageCodesResolver$Format
23:36:12.627 [main] INFO  o.e.r.instrumentation.EvoClassLoader - Seeing class for first time: org.springframework.validation.DefaultMessageCodesResolver$Format
23:36:12.627 [main] INFO  o.e.r.instrumentation.EvoClassLoader - Instrumenting class 'org.springframework.validation.DefaultMessageCodesResolver$Format'.
23:36:12.628 [main] INFO  o.e.r.i.MethodCallReplacementClassAdapter - Adding mock interface to class org/springframework/validation/DefaultMessageCodesResolver$Format
23:36:12.628 [main] INFO  o.e.r.i.CreateClassResetClassAdapter - Found static initializer in class org/springframework/validation/DefaultMessageCodesResolver$Format
23:36:12.628 [main] INFO  o.e.r.i.MethodCallReplacementClassAdapter - No hashCode defined for: org/springframework/validation/DefaultMessageCodesResolver$Format, superclass = java.lang.Enum
23:36:12.628 [main] DEBUG o.e.r.agent.TransformerForTests - Going to instrument: org.springframework.validation.DefaultMessageCodesResolver$Format
23:36:12.628 [main] INFO  o.e.r.i.CreateClassResetClassAdapter - Found static initializer in class org/springframework/validation/DefaultMessageCodesResolver$Format
23:36:12.628 [main] INFO  o.e.r.i.MethodCallReplacementClassAdapter - No hashCode defined for: org/springframework/validation/DefaultMessageCodesResolver$Format, superclass = java.lang.Enum
23:36:12.629 [main] INFO  o.e.r.instrumentation.EvoClassLoader - Error while loading class: java.lang.ClassFormatError: Duplicate method name&signature in class file org/springframework/validation/DefaultMessageCodesResolver$Format
23:36:12.629 [main] INFO  o.e.r.instrumentation.EvoClassLoader - Error while loading class: java.lang.NoClassDefFoundError: org/springframework/validation/DefaultMessageCodesResolver$Format
23:36:12.629 [main] WARN  o.e.r.classhandling.ClassResetter - class java.lang.ClassNotFoundException thrown while loading method  __STATIC_RESET() for class org.springframework.validation.DefaultMessageCodesResolver$Format$2
23:36:12.629 [main] INFO  o.e.r.instrumentation.EvoClassLoader - Seeing class for first time: org.springframework.validation.DefaultMessageCodesResolver$Format
23:36:12.629 [main] INFO  o.e.r.instrumentation.EvoClassLoader - Instrumenting class 'org.springframework.validation.DefaultMessageCodesResolver$Format'.
23:36:12.629 [main] INFO  o.e.r.i.MethodCallReplacementClassAdapter - Adding mock interface to class org/springframework/validation/DefaultMessageCodesResolver$Format
23:36:12.629 [main] INFO  o.e.r.i.CreateClassResetClassAdapter - Found static initializer in class org/springframework/validation/DefaultMessageCodesResolver$Format
23:36:12.629 [main] INFO  o.e.r.i.MethodCallReplacementClassAdapter - No hashCode defined for: org/springframework/validation/DefaultMessageCodesResolver$Format, superclass = java.lang.Enum
23:36:12.629 [main] DEBUG o.e.r.agent.TransformerForTests - Going to instrument: org.springframework.validation.DefaultMessageCodesResolver$Format
23:36:12.630 [main] INFO  o.e.r.i.CreateClassResetClassAdapter - Found static initializer in class org/springframework/validation/DefaultMessageCodesResolver$Format
23:36:12.630 [main] INFO  o.e.r.i.MethodCallReplacementClassAdapter - No hashCode defined for: org/springframework/validation/DefaultMessageCodesResolver$Format, superclass = java.lang.Enum
23:36:12.630 [main] INFO  o.e.r.instrumentation.EvoClassLoader - Error while loading class: java.lang.ClassFormatError: Duplicate method name&signature in class file org/springframework/validation/DefaultMessageCodesResolver$Format
23:36:12.630 [main] WARN  o.e.r.classhandling.ClassResetter - class java.lang.ClassNotFoundException thrown while loading method  __STATIC_RESET() for class org.springframework.validation.DefaultMessageCodesResolver$Format
23:36:12.630 [main] INFO  o.e.r.instrumentation.EvoClassLoader - Seeing class for first time: org.springframework.boot.autoconfigure.web.ResourceProperties
23:36:12.630 [main] INFO  o.e.r.instrumentation.EvoClassLoader - Instrumenting class 'org.springframework.boot.autoconfigure.web.ResourceProperties'.
23:36:12.631 [main] INFO  o.e.r.i.MethodCallReplacementClassAdapter - Adding mock interface to class org/springframework/boot/autoconfigure/web/ResourceProperties
23:36:12.631 [main] INFO  o.e.r.i.CreateClassResetClassAdapter - Found static initializer in class org/springframework/boot/autoconfigure/web/ResourceProperties
23:36:12.632 [main] INFO  o.e.r.i.MethodCallReplacementClassAdapter - No hashCode defined for: org/springframework/boot/autoconfigure/web/ResourceProperties, superclass = java.lang.Object
23:36:12.632 [main] DEBUG o.e.r.agent.TransformerForTests - Going to instrument: org.springframework.boot.autoconfigure.web.ResourceProperties
23:36:12.632 [main] INFO  o.e.r.i.CreateClassResetClassAdapter - Found static initializer in class org/springframework/boot/autoconfigure/web/ResourceProperties
23:36:12.633 [main] INFO  o.e.r.instrumentation.EvoClassLoader - Error while loading class: java.lang.ClassFormatError: Duplicate method name&signature in class file org/springframework/boot/autoconfigure/web/ResourceProperties
23:36:12.633 [main] WARN  o.e.r.classhandling.ClassResetter - class java.lang.ClassNotFoundException thrown while loading method  __STATIC_RESET() for class org.springframework.boot.autoconfigure.web.ResourceProperties
23:36:12.633 [main] INFO  o.e.r.instrumentation.EvoClassLoader - Seeing class for first time: org.springframework.format.annotation.DateTimeFormat$ISO
23:36:12.633 [main] INFO  o.e.r.instrumentation.EvoClassLoader - Instrumenting class 'org.springframework.format.annotation.DateTimeFormat$ISO'.
23:36:12.634 [main] INFO  o.e.r.i.MethodCallReplacementClassAdapter - Adding mock interface to class org/springframework/format/annotation/DateTimeFormat$ISO
23:36:12.634 [main] INFO  o.e.r.i.CreateClassResetClassAdapter - Found static initializer in class org/springframework/format/annotation/DateTimeFormat$ISO
23:36:12.634 [main] INFO  o.e.r.i.MethodCallReplacementClassAdapter - No hashCode defined for: org/springframework/format/annotation/DateTimeFormat$ISO, superclass = java.lang.Enum
23:36:12.634 [main] DEBUG o.e.r.agent.TransformerForTests - Going to instrument: org.springframework.format.annotation.DateTimeFormat$ISO
23:36:12.634 [main] INFO  o.e.r.i.CreateClassResetClassAdapter - Found static initializer in class org/springframework/format/annotation/DateTimeFormat$ISO
23:36:12.634 [main] INFO  o.e.r.i.MethodCallReplacementClassAdapter - No hashCode defined for: org/springframework/format/annotation/DateTimeFormat$ISO, superclass = java.lang.Enum
23:36:12.634 [main] INFO  o.e.r.instrumentation.EvoClassLoader - Error while loading class: java.lang.ClassFormatError: Duplicate method name&signature in class file org/springframework/format/annotation/DateTimeFormat$ISO
23:36:12.635 [main] WARN  o.e.r.classhandling.ClassResetter - class java.lang.ClassNotFoundException thrown while loading method  __STATIC_RESET() for class org.springframework.format.annotation.DateTimeFormat$ISO
23:36:12.635 [main] INFO  o.e.r.instrumentation.EvoClassLoader - Seeing class for first time: org.springframework.format.datetime.DateFormatter
23:36:12.635 [main] INFO  o.e.r.instrumentation.EvoClassLoader - Instrumenting class 'org.springframework.format.datetime.DateFormatter'.
23:36:12.635 [main] INFO  o.e.r.i.MethodCallReplacementClassAdapter - Adding mock interface to class org/springframework/format/datetime/DateFormatter
23:36:12.638 [main] INFO  o.e.r.i.CreateClassResetClassAdapter - Found static initializer in class org/springframework/format/datetime/DateFormatter
23:36:12.638 [main] INFO  o.e.r.i.MethodCallReplacementClassAdapter - No hashCode defined for: org/springframework/format/datetime/DateFormatter, superclass = java.lang.Object
23:36:12.638 [main] DEBUG o.e.r.agent.TransformerForTests - Going to instrument: org.springframework.format.datetime.DateFormatter
23:36:12.641 [main] INFO  o.e.r.i.CreateClassResetClassAdapter - Found static initializer in class org/springframework/format/datetime/DateFormatter
23:36:12.641 [main] INFO  o.e.r.instrumentation.EvoClassLoader - Error while loading class: java.lang.ClassFormatError: Duplicate method name&signature in class file org/springframework/format/datetime/DateFormatter
23:36:12.641 [main] WARN  o.e.r.classhandling.ClassResetter - class java.lang.ClassNotFoundException thrown while loading method  __STATIC_RESET() for class org.springframework.format.datetime.DateFormatter
23:36:12.642 [main] INFO  o.e.r.instrumentation.EvoClassLoader - Seeing class for first time: org.springframework.beans.BeansException
23:36:12.642 [main] INFO  o.e.r.instrumentation.EvoClassLoader - Instrumenting class 'org.springframework.beans.BeansException'.
23:36:12.642 [main] INFO  o.e.r.i.MethodCallReplacementClassAdapter - Adding mock interface to class org/springframework/beans/BeansException
23:36:12.643 [main] INFO  o.e.r.i.CreateClassResetClassAdapter - Creating brand-new static initializer in class org/springframework/beans/BeansException
23:36:12.643 [main] DEBUG o.e.r.agent.TransformerForTests - Going to instrument: org.springframework.beans.BeansException
23:36:12.643 [main] INFO  o.e.r.instrumentation.EvoClassLoader - Seeing class for first time: org.springframework.core.NestedRuntimeException
23:36:12.643 [main] INFO  o.e.r.instrumentation.EvoClassLoader - Instrumenting class 'org.springframework.core.NestedRuntimeException'.
23:36:12.644 [main] INFO  o.e.r.i.MethodCallReplacementClassAdapter - Adding mock interface to class org/springframework/core/NestedRuntimeException
23:36:12.645 [main] INFO  o.e.r.i.CreateClassResetClassAdapter - Found static initializer in class org/springframework/core/NestedRuntimeException
23:36:12.645 [main] INFO  o.e.r.i.MethodCallReplacementClassAdapter - No hashCode defined for: org/springframework/core/NestedRuntimeException, superclass = java.lang.RuntimeException
23:36:12.645 [main] DEBUG o.e.r.agent.TransformerForTests - Going to instrument: org.springframework.core.NestedRuntimeException
23:36:12.646 [main] INFO  o.e.r.i.CreateClassResetClassAdapter - Found static initializer in class org/springframework/core/NestedRuntimeException
23:36:12.646 [main] INFO  o.e.r.i.MethodCallReplacementClassAdapter - No hashCode defined for: org/springframework/core/NestedRuntimeException, superclass = org.evosuite.runtime.mock.java.lang.MockRuntimeException
23:36:12.646 [main] INFO  o.e.r.instrumentation.EvoClassLoader - Error while loading class: java.lang.ClassFormatError: Duplicate method name&signature in class file org/springframework/core/NestedRuntimeException
23:36:12.646 [main] INFO  o.e.r.instrumentation.EvoClassLoader - Error while loading class: java.lang.NoClassDefFoundError: org/springframework/core/NestedRuntimeException
23:36:12.646 [main] WARN  o.e.r.classhandling.ClassResetter - class java.lang.NoClassDefFoundError thrown while loading method  __STATIC_RESET() for class org.springframework.web.filter.OncePerRequestFilter
23:36:12.649 [main] INFO  o.e.r.instrumentation.EvoClassLoader - Seeing class for first time: org.springframework.util.ClassUtils
23:36:12.649 [main] INFO  o.e.r.instrumentation.EvoClassLoader - Instrumenting class 'org.springframework.util.ClassUtils'.
23:36:12.650 [main] INFO  o.e.r.i.MethodCallReplacementClassAdapter - Adding mock interface to class org/springframework/util/ClassUtils
23:36:12.654 [main] INFO  o.e.r.i.CreateClassResetClassAdapter - Found static initializer in class org/springframework/util/ClassUtils
23:36:12.654 [main] INFO  o.e.r.i.MethodCallReplacementClassAdapter - No hashCode defined for: org/springframework/util/ClassUtils, superclass = java.lang.Object
23:36:12.655 [main] INFO  o.e.r.instrumentation.EvoClassLoader - Keeping class: org.springframework.util.ClassUtils
23:36:12.658 [main] INFO  o.e.r.instrumentation.EvoClassLoader - Seeing class for first time: org.springframework.core.convert.support.GenericConversionService
23:36:12.659 [main] INFO  o.e.r.instrumentation.EvoClassLoader - Instrumenting class 'org.springframework.core.convert.support.GenericConversionService'.
23:36:12.659 [main] INFO  o.e.r.i.MethodCallReplacementClassAdapter - Adding mock interface to class org/springframework/core/convert/support/GenericConversionService
23:36:12.661 [main] INFO  o.e.r.i.CreateClassResetClassAdapter - Found static initializer in class org/springframework/core/convert/support/GenericConversionService
23:36:12.661 [main] INFO  o.e.r.i.MethodCallReplacementClassAdapter - No hashCode defined for: org/springframework/core/convert/support/GenericConversionService, superclass = java.lang.Object
23:36:12.662 [main] INFO  o.e.r.instrumentation.EvoClassLoader - Keeping class: org.springframework.core.convert.support.GenericConversionService
23:36:12.662 [main] INFO  o.e.r.instrumentation.EvoClassLoader - Seeing class for first time: org.springframework.core.convert.ConverterNotFoundException
23:36:12.662 [main] INFO  o.e.r.instrumentation.EvoClassLoader - Instrumenting class 'org.springframework.core.convert.ConverterNotFoundException'.
23:36:12.663 [main] INFO  o.e.r.i.MethodCallReplacementClassAdapter - Adding mock interface to class org/springframework/core/convert/ConverterNotFoundException
23:36:12.663 [main] INFO  o.e.r.i.MethodCallReplacementClassAdapter - No hashCode defined for: org/springframework/core/convert/ConverterNotFoundException, superclass = org.springframework.core.convert.ConversionException
23:36:12.663 [main] INFO  o.e.r.i.CreateClassResetClassAdapter - Creating brand-new static initializer in class org/springframework/core/convert/ConverterNotFoundException
23:36:12.663 [main] INFO  o.e.r.instrumentation.EvoClassLoader - Seeing class for first time: org.springframework.core.convert.ConversionException
23:36:12.663 [main] INFO  o.e.r.instrumentation.EvoClassLoader - Instrumenting class 'org.springframework.core.convert.ConversionException'.
23:36:12.664 [main] INFO  o.e.r.i.MethodCallReplacementClassAdapter - Adding mock interface to class org/springframework/core/convert/ConversionException
23:36:12.664 [main] INFO  o.e.r.i.MethodCallReplacementClassAdapter - No hashCode defined for: org/springframework/core/convert/ConversionException, superclass = org.springframework.core.NestedRuntimeException
23:36:12.664 [main] INFO  o.e.r.i.CreateClassResetClassAdapter - Creating brand-new static initializer in class org/springframework/core/convert/ConversionException
23:36:12.664 [main] INFO  o.e.r.instrumentation.EvoClassLoader - Seeing class for first time: org.springframework.core.NestedRuntimeException
23:36:12.664 [main] INFO  o.e.r.instrumentation.EvoClassLoader - Instrumenting class 'org.springframework.core.NestedRuntimeException'.
23:36:12.665 [main] INFO  o.e.r.i.MethodCallReplacementClassAdapter - Adding mock interface to class org/springframework/core/NestedRuntimeException
23:36:12.666 [main] INFO  o.e.r.i.CreateClassResetClassAdapter - Found static initializer in class org/springframework/core/NestedRuntimeException
23:36:12.666 [main] INFO  o.e.r.i.MethodCallReplacementClassAdapter - No hashCode defined for: org/springframework/core/NestedRuntimeException, superclass = java.lang.RuntimeException
23:36:12.666 [main] INFO  o.e.r.instrumentation.EvoClassLoader - Keeping class: org.springframework.core.NestedRuntimeException
23:36:12.666 [main] INFO  o.e.r.instrumentation.EvoClassLoader - Keeping class: org.springframework.core.convert.ConversionException
23:36:12.666 [main] INFO  o.e.r.instrumentation.EvoClassLoader - Keeping class: org.springframework.core.convert.ConverterNotFoundException
23:36:12.666 [main] INFO  o.e.r.instrumentation.EvoClassLoader - Seeing class for first time: org.springframework.core.convert.ConversionFailedException
23:36:12.667 [main] INFO  o.e.r.instrumentation.EvoClassLoader - Instrumenting class 'org.springframework.core.convert.ConversionFailedException'.
23:36:12.667 [main] INFO  o.e.r.i.MethodCallReplacementClassAdapter - Adding mock interface to class org/springframework/core/convert/ConversionFailedException
23:36:12.667 [main] INFO  o.e.r.i.MethodCallReplacementClassAdapter - No hashCode defined for: org/springframework/core/convert/ConversionFailedException, superclass = org.springframework.core.convert.ConversionException
23:36:12.668 [main] INFO  o.e.r.i.CreateClassResetClassAdapter - Creating brand-new static initializer in class org/springframework/core/convert/ConversionFailedException
23:36:12.668 [main] INFO  o.e.r.instrumentation.EvoClassLoader - Keeping class: org.springframework.core.convert.ConversionFailedException
23:36:12.668 [main] INFO  o.e.r.instrumentation.EvoClassLoader - Seeing class for first time: org.springframework.core.convert.TypeDescriptor
23:36:12.668 [main] INFO  o.e.r.instrumentation.EvoClassLoader - Instrumenting class 'org.springframework.core.convert.TypeDescriptor'.
23:36:12.669 [main] INFO  o.e.r.i.MethodCallReplacementClassAdapter - Adding mock interface to class org/springframework/core/convert/TypeDescriptor
23:36:12.671 [main] INFO  o.e.r.i.CreateClassResetClassAdapter - Found static initializer in class org/springframework/core/convert/TypeDescriptor
23:36:12.672 [main] INFO  o.e.r.instrumentation.EvoClassLoader - Keeping class: org.springframework.core.convert.TypeDescriptor
23:36:12.672 [main] INFO  o.e.r.instrumentation.EvoClassLoader - Seeing class for first time: org.springframework.core.ResolvableType
23:36:12.672 [main] INFO  o.e.r.instrumentation.EvoClassLoader - Instrumenting class 'org.springframework.core.ResolvableType'.
23:36:12.674 [main] INFO  o.e.r.i.MethodCallReplacementClassAdapter - Adding mock interface to class org/springframework/core/ResolvableType
23:36:12.677 [main] INFO  o.e.r.i.CreateClassResetClassAdapter - Found static initializer in class org/springframework/core/ResolvableType
23:36:12.678 [main] INFO  o.e.r.instrumentation.EvoClassLoader - Keeping class: org.springframework.core.ResolvableType
23:36:12.678 [main] INFO  o.e.r.instrumentation.EvoClassLoader - Seeing class for first time: org.springframework.core.convert.support.DefaultConversionService
23:36:12.678 [main] INFO  o.e.r.instrumentation.EvoClassLoader - Instrumenting class 'org.springframework.core.convert.support.DefaultConversionService'.
23:36:12.679 [main] INFO  o.e.r.i.MethodCallReplacementClassAdapter - Adding mock interface to class org/springframework/core/convert/support/DefaultConversionService
23:36:12.680 [main] INFO  o.e.r.i.CreateClassResetClassAdapter - Found static initializer in class org/springframework/core/convert/support/DefaultConversionService
23:36:12.680 [main] INFO  o.e.r.i.MethodCallReplacementClassAdapter - No hashCode defined for: org/springframework/core/convert/support/DefaultConversionService, superclass = org.springframework.core.convert.support.GenericConversionService
23:36:12.680 [main] INFO  o.e.r.instrumentation.EvoClassLoader - Keeping class: org.springframework.core.convert.support.DefaultConversionService
23:36:12.681 [main] INFO  o.e.r.instrumentation.EvoClassLoader - Seeing class for first time: org.springframework.util.ConcurrentReferenceHashMap$ReferenceType
23:36:12.681 [main] INFO  o.e.r.instrumentation.EvoClassLoader - Instrumenting class 'org.springframework.util.ConcurrentReferenceHashMap$ReferenceType'.
23:36:12.682 [main] INFO  o.e.r.i.MethodCallReplacementClassAdapter - Adding mock interface to class org/springframework/util/ConcurrentReferenceHashMap$ReferenceType
23:36:12.682 [main] INFO  o.e.r.i.CreateClassResetClassAdapter - Found static initializer in class org/springframework/util/ConcurrentReferenceHashMap$ReferenceType
23:36:12.682 [main] INFO  o.e.r.i.MethodCallReplacementClassAdapter - No hashCode defined for: org/springframework/util/ConcurrentReferenceHashMap$ReferenceType, superclass = java.lang.Enum
23:36:12.682 [main] INFO  o.e.r.instrumentation.EvoClassLoader - Keeping class: org.springframework.util.ConcurrentReferenceHashMap$ReferenceType
23:36:12.682 [main] INFO  o.e.r.instrumentation.EvoClassLoader - Seeing class for first time: org.springframework.util.ConcurrentReferenceHashMap
23:36:12.682 [main] INFO  o.e.r.instrumentation.EvoClassLoader - Instrumenting class 'org.springframework.util.ConcurrentReferenceHashMap'.
23:36:12.683 [main] INFO  o.e.r.i.MethodCallReplacementClassAdapter - Adding mock interface to class org/springframework/util/ConcurrentReferenceHashMap
23:36:12.684 [main] INFO  o.e.r.i.CreateClassResetClassAdapter - Found static initializer in class org/springframework/util/ConcurrentReferenceHashMap
23:36:12.684 [main] INFO  o.e.r.i.MethodCallReplacementClassAdapter - No hashCode defined for: org/springframework/util/ConcurrentReferenceHashMap, superclass = java.util.AbstractMap
23:36:12.685 [main] INFO  o.e.r.instrumentation.EvoClassLoader - Keeping class: org.springframework.util.ConcurrentReferenceHashMap
23:36:12.685 [main] INFO  o.e.r.instrumentation.EvoClassLoader - Seeing class for first time: org.springframework.util.ConcurrentReferenceHashMap$Restructure
23:36:12.685 [main] INFO  o.e.r.instrumentation.EvoClassLoader - Instrumenting class 'org.springframework.util.ConcurrentReferenceHashMap$Restructure'.
23:36:12.685 [main] INFO  o.e.r.i.MethodCallReplacementClassAdapter - Adding mock interface to class org/springframework/util/ConcurrentReferenceHashMap$Restructure
23:36:12.685 [main] INFO  o.e.r.i.CreateClassResetClassAdapter - Found static initializer in class org/springframework/util/ConcurrentReferenceHashMap$Restructure
23:36:12.685 [main] INFO  o.e.r.i.MethodCallReplacementClassAdapter - No hashCode defined for: org/springframework/util/ConcurrentReferenceHashMap$Restructure, superclass = java.lang.Enum
23:36:12.686 [main] INFO  o.e.r.instrumentation.EvoClassLoader - Keeping class: org.springframework.util.ConcurrentReferenceHashMap$Restructure
23:36:12.686 [main] INFO  o.e.r.instrumentation.EvoClassLoader - Seeing class for first time: org.springframework.util.ConcurrentReferenceHashMap$TaskOption
23:36:12.686 [main] INFO  o.e.r.instrumentation.EvoClassLoader - Instrumenting class 'org.springframework.util.ConcurrentReferenceHashMap$TaskOption'.
23:36:12.686 [main] INFO  o.e.r.i.MethodCallReplacementClassAdapter - Adding mock interface to class org/springframework/util/ConcurrentReferenceHashMap$TaskOption
23:36:12.686 [main] INFO  o.e.r.i.CreateClassResetClassAdapter - Found static initializer in class org/springframework/util/ConcurrentReferenceHashMap$TaskOption
23:36:12.686 [main] INFO  o.e.r.i.MethodCallReplacementClassAdapter - No hashCode defined for: org/springframework/util/ConcurrentReferenceHashMap$TaskOption, superclass = java.lang.Enum
23:36:12.687 [main] INFO  o.e.r.instrumentation.EvoClassLoader - Keeping class: org.springframework.util.ConcurrentReferenceHashMap$TaskOption
23:36:12.689 [main] INFO  o.e.r.instrumentation.EvoClassLoader - Seeing class for first time: org.springframework.core.ResolvableType$1
23:36:12.690 [main] INFO  o.e.r.instrumentation.EvoClassLoader - Instrumenting class 'org.springframework.core.ResolvableType$1'.
23:36:12.690 [main] INFO  o.e.r.i.MethodCallReplacementClassAdapter - Adding mock interface to class org/springframework/core/ResolvableType$1
23:36:12.690 [main] INFO  o.e.r.i.MethodCallReplacementClassAdapter - No hashCode defined for: org/springframework/core/ResolvableType$1, superclass = org.springframework.core.ResolvableType
23:36:12.691 [main] INFO  o.e.r.instrumentation.EvoClassLoader - Keeping class: org.springframework.core.ResolvableType$1
23:36:12.692 [main] INFO  o.e.r.instrumentation.EvoClassLoader - Seeing class for first time: org.springframework.core.SerializableTypeWrapper
23:36:12.693 [main] INFO  o.e.r.instrumentation.EvoClassLoader - Instrumenting class 'org.springframework.core.SerializableTypeWrapper'.
23:36:12.693 [main] INFO  o.e.r.i.MethodCallReplacementClassAdapter - Adding mock interface to class org/springframework/core/SerializableTypeWrapper
23:36:12.694 [main] INFO  o.e.r.i.CreateClassResetClassAdapter - Found static initializer in class org/springframework/core/SerializableTypeWrapper
23:36:12.695 [main] INFO  o.e.r.i.MethodCallReplacementClassAdapter - No hashCode defined for: org/springframework/core/SerializableTypeWrapper, superclass = java.lang.Object
23:36:12.695 [main] INFO  o.e.r.instrumentation.EvoClassLoader - Keeping class: org.springframework.core.SerializableTypeWrapper
23:36:12.698 [main] INFO  o.e.r.instrumentation.EvoClassLoader - Seeing class for first time: org.springframework.util.ReflectionUtils
23:36:12.698 [main] INFO  o.e.r.instrumentation.EvoClassLoader - Instrumenting class 'org.springframework.util.ReflectionUtils'.
23:36:12.699 [main] INFO  o.e.r.i.MethodCallReplacementClassAdapter - Adding mock interface to class org/springframework/util/ReflectionUtils
23:36:12.704 [main] INFO  o.e.r.i.CreateClassResetClassAdapter - Found static initializer in class org/springframework/util/ReflectionUtils
23:36:12.705 [main] INFO  o.e.r.i.MethodCallReplacementClassAdapter - No hashCode defined for: org/springframework/util/ReflectionUtils, superclass = java.lang.Object
23:36:12.705 [main] INFO  o.e.r.instrumentation.EvoClassLoader - Keeping class: org.springframework.util.ReflectionUtils
23:36:12.707 [main] INFO  o.e.r.instrumentation.EvoClassLoader - Seeing class for first time: org.springframework.core.convert.support.StringToBooleanConverter
23:36:12.707 [main] INFO  o.e.r.instrumentation.EvoClassLoader - Instrumenting class 'org.springframework.core.convert.support.StringToBooleanConverter'.
23:36:12.708 [main] INFO  o.e.r.i.MethodCallReplacementClassAdapter - Adding mock interface to class org/springframework/core/convert/support/StringToBooleanConverter
23:36:12.709 [main] INFO  o.e.r.i.CreateClassResetClassAdapter - Found static initializer in class org/springframework/core/convert/support/StringToBooleanConverter
23:36:12.709 [main] INFO  o.e.r.i.MethodCallReplacementClassAdapter - No hashCode defined for: org/springframework/core/convert/support/StringToBooleanConverter, superclass = java.lang.Object
23:36:12.710 [main] INFO  o.e.r.instrumentation.EvoClassLoader - Keeping class: org.springframework.core.convert.support.StringToBooleanConverter
23:36:12.711 [main] INFO  o.e.r.instrumentation.EvoClassLoader - Seeing class for first time: org.springframework.core.convert.Property
23:36:12.711 [main] INFO  o.e.r.instrumentation.EvoClassLoader - Instrumenting class 'org.springframework.core.convert.Property'.
23:36:12.712 [main] INFO  o.e.r.i.MethodCallReplacementClassAdapter - Adding mock interface to class org/springframework/core/convert/Property
23:36:12.714 [main] INFO  o.e.r.i.CreateClassResetClassAdapter - Found static initializer in class org/springframework/core/convert/Property
23:36:12.715 [main] INFO  o.e.r.instrumentation.EvoClassLoader - Keeping class: org.springframework.core.convert.Property
23:36:12.716 [main] INFO  o.e.r.instrumentation.EvoClassLoader - Seeing class for first time: org.springframework.core.convert.support.StreamConverter
23:36:12.716 [main] INFO  o.e.r.instrumentation.EvoClassLoader - Instrumenting class 'org.springframework.core.convert.support.StreamConverter'.
23:36:12.716 [main] INFO  o.e.r.i.MethodCallReplacementClassAdapter - Adding mock interface to class org/springframework/core/convert/support/StreamConverter
23:36:12.717 [main] INFO  o.e.r.i.CreateClassResetClassAdapter - Found static initializer in class org/springframework/core/convert/support/StreamConverter
23:36:12.718 [main] INFO  o.e.r.i.MethodCallReplacementClassAdapter - No hashCode defined for: org/springframework/core/convert/support/StreamConverter, superclass = java.lang.Object
23:36:12.718 [main] INFO  o.e.r.instrumentation.EvoClassLoader - Keeping class: org.springframework.core.convert.support.StreamConverter
23:36:12.719 [main] INFO  o.e.r.instrumentation.EvoClassLoader - Seeing class for first time: org.springframework.core.convert.support.ByteBufferConverter
23:36:12.719 [main] INFO  o.e.r.instrumentation.EvoClassLoader - Instrumenting class 'org.springframework.core.convert.support.ByteBufferConverter'.
23:36:12.721 [main] INFO  o.e.r.i.MethodCallReplacementClassAdapter - Adding mock interface to class org/springframework/core/convert/support/ByteBufferConverter
23:36:12.722 [main] INFO  o.e.r.i.CreateClassResetClassAdapter - Found static initializer in class org/springframework/core/convert/support/ByteBufferConverter
23:36:12.722 [main] INFO  o.e.r.i.MethodCallReplacementClassAdapter - No hashCode defined for: org/springframework/core/convert/support/ByteBufferConverter, superclass = java.lang.Object
23:36:12.723 [main] INFO  o.e.r.instrumentation.EvoClassLoader - Keeping class: org.springframework.core.convert.support.ByteBufferConverter
23:36:12.724 [main] INFO  o.e.r.instrumentation.EvoClassLoader - Seeing class for first time: org.springframework.core.convert.support.ObjectToObjectConverter
23:36:12.724 [main] INFO  o.e.r.instrumentation.EvoClassLoader - Instrumenting class 'org.springframework.core.convert.support.ObjectToObjectConverter'.
23:36:12.725 [main] INFO  o.e.r.i.MethodCallReplacementClassAdapter - Adding mock interface to class org/springframework/core/convert/support/ObjectToObjectConverter
23:36:12.727 [main] INFO  o.e.r.i.CreateClassResetClassAdapter - Found static initializer in class org/springframework/core/convert/support/ObjectToObjectConverter
23:36:12.727 [main] INFO  o.e.r.i.MethodCallReplacementClassAdapter - No hashCode defined for: org/springframework/core/convert/support/ObjectToObjectConverter, superclass = java.lang.Object
23:36:12.727 [main] INFO  o.e.r.instrumentation.EvoClassLoader - Keeping class: org.springframework.core.convert.support.ObjectToObjectConverter
23:36:12.729 [main] INFO  o.e.r.instrumentation.EvoClassLoader - Seeing class for first time: org.springframework.core.SpringProperties
23:36:12.729 [main] INFO  o.e.r.instrumentation.EvoClassLoader - Instrumenting class 'org.springframework.core.SpringProperties'.
23:36:12.729 [main] INFO  o.e.r.i.MethodCallReplacementClassAdapter - Adding mock interface to class org/springframework/core/SpringProperties
23:36:12.730 [main] INFO  o.e.r.i.CreateClassResetClassAdapter - Found static initializer in class org/springframework/core/SpringProperties
23:36:12.730 [main] INFO  o.e.r.i.MethodCallReplacementClassAdapter - No hashCode defined for: org/springframework/core/SpringProperties, superclass = java.lang.Object
23:36:12.731 [main] INFO  o.e.r.instrumentation.EvoClassLoader - Keeping class: org.springframework.core.SpringProperties
23:36:12.731 [main] INFO  o.e.r.instrumentation.EvoClassLoader - Seeing class for first time: org.apache.commons.logging.LogFactory
23:36:12.731 [main] INFO  o.e.r.instrumentation.EvoClassLoader - Instrumenting class 'org.apache.commons.logging.LogFactory'.
23:36:12.732 [main] INFO  o.e.r.i.MethodCallReplacementClassAdapter - Adding mock interface to class org/apache/commons/logging/LogFactory
23:36:12.732 [main] INFO  o.e.r.i.CreateClassResetClassAdapter - Found static initializer in class org/apache/commons/logging/LogFactory
23:36:12.732 [main] INFO  o.e.r.i.MethodCallReplacementClassAdapter - No hashCode defined for: org/apache/commons/logging/LogFactory, superclass = java.lang.Object
23:36:12.732 [main] DEBUG o.e.r.agent.TransformerForTests - Going to instrument: org.apache.commons.logging.LogFactory
23:36:12.733 [main] INFO  o.e.r.i.CreateClassResetClassAdapter - Found static initializer in class org/apache/commons/logging/LogFactory
23:36:12.733 [main] INFO  o.e.r.instrumentation.EvoClassLoader - Error while loading class: java.lang.ClassFormatError: Duplicate method name&signature in class file org/apache/commons/logging/LogFactory
23:36:12.733 [main] ERROR o.e.r.classhandling.ClassResetter - java.lang.NoClassDefFoundError: org/apache/commons/logging/LogFactory
23:36:12.733 [main] INFO  o.e.r.instrumentation.EvoClassLoader - Seeing class for first time: org.springframework.web.servlet.config.annotation.WebMvcConfigurationSupport
23:36:12.733 [main] INFO  o.e.r.instrumentation.EvoClassLoader - Instrumenting class 'org.springframework.web.servlet.config.annotation.WebMvcConfigurationSupport'.
23:36:12.735 [main] INFO  o.e.r.i.MethodCallReplacementClassAdapter - Adding mock interface to class org/springframework/web/servlet/config/annotation/WebMvcConfigurationSupport
23:36:12.740 [main] INFO  o.e.r.i.CreateClassResetClassAdapter - Found static initializer in class org/springframework/web/servlet/config/annotation/WebMvcConfigurationSupport
23:36:12.740 [main] INFO  o.e.r.i.MethodCallReplacementClassAdapter - No hashCode defined for: org/springframework/web/servlet/config/annotation/WebMvcConfigurationSupport, superclass = java.lang.Object
23:36:12.741 [main] INFO  o.e.r.instrumentation.EvoClassLoader - Keeping class: org.springframework.web.servlet.config.annotation.WebMvcConfigurationSupport
23:36:12.741 [main] INFO  o.e.r.instrumentation.EvoClassLoader - Seeing class for first time: org.springframework.beans.factory.BeanInitializationException
23:36:12.741 [main] INFO  o.e.r.instrumentation.EvoClassLoader - Instrumenting class 'org.springframework.beans.factory.BeanInitializationException'.
23:36:12.742 [main] INFO  o.e.r.i.MethodCallReplacementClassAdapter - Adding mock interface to class org/springframework/beans/factory/BeanInitializationException
23:36:12.742 [main] INFO  o.e.r.i.MethodCallReplacementClassAdapter - No hashCode defined for: org/springframework/beans/factory/BeanInitializationException, superclass = org.springframework.beans.FatalBeanException
23:36:12.742 [main] INFO  o.e.r.i.CreateClassResetClassAdapter - Creating brand-new static initializer in class org/springframework/beans/factory/BeanInitializationException
23:36:12.742 [main] INFO  o.e.r.instrumentation.EvoClassLoader - Seeing class for first time: org.springframework.beans.FatalBeanException
23:36:12.743 [main] INFO  o.e.r.instrumentation.EvoClassLoader - Instrumenting class 'org.springframework.beans.FatalBeanException'.
23:36:12.743 [main] INFO  o.e.r.i.MethodCallReplacementClassAdapter - Adding mock interface to class org/springframework/beans/FatalBeanException
23:36:12.743 [main] INFO  o.e.r.i.MethodCallReplacementClassAdapter - No hashCode defined for: org/springframework/beans/FatalBeanException, superclass = org.springframework.beans.BeansException
23:36:12.744 [main] INFO  o.e.r.i.CreateClassResetClassAdapter - Creating brand-new static initializer in class org/springframework/beans/FatalBeanException
23:36:12.744 [main] INFO  o.e.r.instrumentation.EvoClassLoader - Seeing class for first time: org.springframework.beans.BeansException
23:36:12.744 [main] INFO  o.e.r.instrumentation.EvoClassLoader - Instrumenting class 'org.springframework.beans.BeansException'.
23:36:12.744 [main] INFO  o.e.r.i.MethodCallReplacementClassAdapter - Adding mock interface to class org/springframework/beans/BeansException
23:36:12.744 [main] INFO  o.e.r.i.CreateClassResetClassAdapter - Creating brand-new static initializer in class org/springframework/beans/BeansException
23:36:12.744 [main] INFO  o.e.r.instrumentation.EvoClassLoader - Keeping class: org.springframework.beans.BeansException
23:36:12.744 [main] INFO  o.e.r.instrumentation.EvoClassLoader - Keeping class: org.springframework.beans.FatalBeanException
23:36:12.744 [main] INFO  o.e.r.instrumentation.EvoClassLoader - Keeping class: org.springframework.beans.factory.BeanInitializationException
23:36:12.744 [main] INFO  o.e.r.instrumentation.EvoClassLoader - Seeing class for first time: org.springframework.format.support.FormattingConversionService
23:36:12.744 [main] INFO  o.e.r.instrumentation.EvoClassLoader - Instrumenting class 'org.springframework.format.support.FormattingConversionService'.
23:36:12.745 [main] INFO  o.e.r.i.MethodCallReplacementClassAdapter - Adding mock interface to class org/springframework/format/support/FormattingConversionService
23:36:12.746 [main] INFO  o.e.r.i.MethodCallReplacementClassAdapter - No hashCode defined for: org/springframework/format/support/FormattingConversionService, superclass = org.springframework.core.convert.support.GenericConversionService
23:36:12.746 [main] INFO  o.e.r.i.CreateClassResetClassAdapter - Creating brand-new static initializer in class org/springframework/format/support/FormattingConversionService
23:36:12.746 [main] INFO  o.e.r.instrumentation.EvoClassLoader - Keeping class: org.springframework.format.support.FormattingConversionService
23:36:12.746 [main] INFO  o.e.r.instrumentation.EvoClassLoader - Seeing class for first time: org.springframework.format.support.DefaultFormattingConversionService
23:36:12.746 [main] INFO  o.e.r.instrumentation.EvoClassLoader - Instrumenting class 'org.springframework.format.support.DefaultFormattingConversionService'.
23:36:12.747 [main] INFO  o.e.r.i.MethodCallReplacementClassAdapter - Adding mock interface to class org/springframework/format/support/DefaultFormattingConversionService
23:36:12.747 [main] INFO  o.e.r.i.CreateClassResetClassAdapter - Found static initializer in class org/springframework/format/support/DefaultFormattingConversionService
23:36:12.747 [main] INFO  o.e.r.i.MethodCallReplacementClassAdapter - No hashCode defined for: org/springframework/format/support/DefaultFormattingConversionService, superclass = org.springframework.format.support.FormattingConversionService
23:36:12.747 [main] INFO  o.e.r.instrumentation.EvoClassLoader - Keeping class: org.springframework.format.support.DefaultFormattingConversionService
23:36:12.748 [main] INFO  o.e.r.instrumentation.EvoClassLoader - Seeing class for first time: org.springframework.web.servlet.mvc.method.annotation.RequestMappingHandlerMapping
23:36:12.748 [main] INFO  o.e.r.instrumentation.EvoClassLoader - Instrumenting class 'org.springframework.web.servlet.mvc.method.annotation.RequestMappingHandlerMapping'.
23:36:12.749 [main] INFO  o.e.r.i.MethodCallReplacementClassAdapter - Adding mock interface to class org/springframework/web/servlet/mvc/method/annotation/RequestMappingHandlerMapping
23:36:12.750 [main] INFO  o.e.r.i.MethodCallReplacementClassAdapter - No hashCode defined for: org/springframework/web/servlet/mvc/method/annotation/RequestMappingHandlerMapping, superclass = org.springframework.web.servlet.mvc.method.RequestMappingInfoHandlerMapping
23:36:12.750 [main] INFO  o.e.r.i.CreateClassResetClassAdapter - Creating brand-new static initializer in class org/springframework/web/servlet/mvc/method/annotation/RequestMappingHandlerMapping
23:36:12.751 [main] INFO  o.e.r.instrumentation.EvoClassLoader - Seeing class for first time: org.springframework.web.servlet.mvc.method.RequestMappingInfoHandlerMapping
23:36:12.751 [main] INFO  o.e.r.instrumentation.EvoClassLoader - Instrumenting class 'org.springframework.web.servlet.mvc.method.RequestMappingInfoHandlerMapping'.
23:36:12.752 [main] INFO  o.e.r.i.MethodCallReplacementClassAdapter - Adding mock interface to class org/springframework/web/servlet/mvc/method/RequestMappingInfoHandlerMapping
23:36:12.753 [main] INFO  o.e.r.i.MethodCallReplacementClassAdapter - No hashCode defined for: org/springframework/web/servlet/mvc/method/RequestMappingInfoHandlerMapping, superclass = org.springframework.web.servlet.handler.AbstractHandlerMethodMapping
23:36:12.753 [main] INFO  o.e.r.i.CreateClassResetClassAdapter - Creating brand-new static initializer in class org/springframework/web/servlet/mvc/method/RequestMappingInfoHandlerMapping
23:36:12.753 [main] INFO  o.e.r.instrumentation.EvoClassLoader - Seeing class for first time: org.springframework.web.servlet.handler.AbstractHandlerMethodMapping
23:36:12.753 [main] INFO  o.e.r.instrumentation.EvoClassLoader - Instrumenting class 'org.springframework.web.servlet.handler.AbstractHandlerMethodMapping'.
23:36:12.755 [main] INFO  o.e.r.i.MethodCallReplacementClassAdapter - Adding mock interface to class org/springframework/web/servlet/handler/AbstractHandlerMethodMapping
23:36:12.756 [main] INFO  o.e.r.i.CreateClassResetClassAdapter - Found static initializer in class org/springframework/web/servlet/handler/AbstractHandlerMethodMapping
23:36:12.756 [main] INFO  o.e.r.i.MethodCallReplacementClassAdapter - No hashCode defined for: org/springframework/web/servlet/handler/AbstractHandlerMethodMapping, superclass = org.springframework.web.servlet.handler.AbstractHandlerMapping
23:36:12.757 [main] INFO  o.e.r.instrumentation.EvoClassLoader - Keeping class: org.springframework.web.servlet.handler.AbstractHandlerMethodMapping
23:36:12.757 [main] INFO  o.e.r.instrumentation.EvoClassLoader - Keeping class: org.springframework.web.servlet.mvc.method.RequestMappingInfoHandlerMapping
23:36:12.757 [main] INFO  o.e.r.instrumentation.EvoClassLoader - Keeping class: org.springframework.web.servlet.mvc.method.annotation.RequestMappingHandlerMapping
23:36:12.757 [main] INFO  o.e.r.instrumentation.EvoClassLoader - Seeing class for first time: org.springframework.web.accept.ContentNegotiationManager
23:36:12.757 [main] INFO  o.e.r.instrumentation.EvoClassLoader - Instrumenting class 'org.springframework.web.accept.ContentNegotiationManager'.
23:36:12.758 [main] INFO  o.e.r.i.MethodCallReplacementClassAdapter - Adding mock interface to class org/springframework/web/accept/ContentNegotiationManager
23:36:12.758 [main] INFO  o.e.r.i.CreateClassResetClassAdapter - Found static initializer in class org/springframework/web/accept/ContentNegotiationManager
23:36:12.758 [main] INFO  o.e.r.i.MethodCallReplacementClassAdapter - No hashCode defined for: org/springframework/web/accept/ContentNegotiationManager, superclass = java.lang.Object
23:36:12.758 [main] INFO  o.e.r.instrumentation.EvoClassLoader - Keeping class: org.springframework.web.accept.ContentNegotiationManager
23:36:12.758 [main] INFO  o.e.r.instrumentation.EvoClassLoader - Seeing class for first time: org.springframework.web.util.UrlPathHelper
23:36:12.758 [main] INFO  o.e.r.instrumentation.EvoClassLoader - Instrumenting class 'org.springframework.web.util.UrlPathHelper'.
23:36:12.760 [main] INFO  o.e.r.i.MethodCallReplacementClassAdapter - Adding mock interface to class org/springframework/web/util/UrlPathHelper
23:36:12.761 [main] INFO  o.e.r.i.CreateClassResetClassAdapter - Found static initializer in class org/springframework/web/util/UrlPathHelper
23:36:12.761 [main] INFO  o.e.r.i.MethodCallReplacementClassAdapter - No hashCode defined for: org/springframework/web/util/UrlPathHelper, superclass = java.lang.Object
23:36:12.762 [main] INFO  o.e.r.instrumentation.EvoClassLoader - Keeping class: org.springframework.web.util.UrlPathHelper
23:36:12.762 [main] INFO  o.e.r.instrumentation.EvoClassLoader - Seeing class for first time: org.springframework.web.servlet.mvc.method.annotation.RequestMappingHandlerAdapter
23:36:12.762 [main] INFO  o.e.r.instrumentation.EvoClassLoader - Instrumenting class 'org.springframework.web.servlet.mvc.method.annotation.RequestMappingHandlerAdapter'.
23:36:12.764 [main] INFO  o.e.r.i.MethodCallReplacementClassAdapter - Adding mock interface to class org/springframework/web/servlet/mvc/method/annotation/RequestMappingHandlerAdapter
23:36:12.765 [main] INFO  o.e.r.i.CreateClassResetClassAdapter - Found static initializer in class org/springframework/web/servlet/mvc/method/annotation/RequestMappingHandlerAdapter
23:36:12.765 [main] INFO  o.e.r.i.MethodCallReplacementClassAdapter - No hashCode defined for: org/springframework/web/servlet/mvc/method/annotation/RequestMappingHandlerAdapter, superclass = org.springframework.web.servlet.mvc.method.AbstractHandlerMethodAdapter
23:36:12.766 [main] INFO  o.e.r.instrumentation.EvoClassLoader - Keeping class: org.springframework.web.servlet.mvc.method.annotation.RequestMappingHandlerAdapter
23:36:12.767 [main] INFO  o.e.r.instrumentation.EvoClassLoader - Seeing class for first time: com.rometools.rome.feed.WireFeed
23:36:12.767 [main] INFO  o.e.r.instrumentation.EvoClassLoader - Instrumenting class 'com.rometools.rome.feed.WireFeed'.
23:36:12.767 [main] INFO  o.e.r.instrumentation.EvoClassLoader - Error while loading class: java.lang.ClassNotFoundException: Class 'com/rometools/rome/feed/WireFeed.class' should be in target project, but could not be found!
23:36:12.767 [main] INFO  o.e.r.instrumentation.EvoClassLoader - Seeing class for first time: com.rometools.rome.feed$WireFeed
23:36:12.767 [main] INFO  o.e.r.instrumentation.EvoClassLoader - Instrumenting class 'com.rometools.rome.feed$WireFeed'.
23:36:12.768 [main] INFO  o.e.r.instrumentation.EvoClassLoader - Error while loading class: java.lang.ClassNotFoundException: Class 'com/rometools/rome/feed$WireFeed.class' should be in target project, but could not be found!
23:36:12.768 [main] INFO  o.e.r.instrumentation.EvoClassLoader - Seeing class for first time: com.fasterxml.jackson.databind.ObjectMapper
23:36:12.768 [main] INFO  o.e.r.instrumentation.EvoClassLoader - Instrumenting class 'com.fasterxml.jackson.databind.ObjectMapper'.
23:36:12.771 [main] INFO  o.e.r.i.MethodCallReplacementClassAdapter - Adding mock interface to class com/fasterxml/jackson/databind/ObjectMapper
23:36:12.783 [main] INFO  o.e.r.i.CreateClassResetClassAdapter - Found static initializer in class com/fasterxml/jackson/databind/ObjectMapper
23:36:12.783 [main] INFO  o.e.r.i.MethodCallReplacementClassAdapter - No hashCode defined for: com/fasterxml/jackson/databind/ObjectMapper, superclass = com.fasterxml.jackson.core.ObjectCodec
23:36:12.783 [main] DEBUG o.e.r.agent.TransformerForTests - Going to instrument: com.fasterxml.jackson.databind.ObjectMapper
23:36:12.798 [main] INFO  o.e.r.i.CreateClassResetClassAdapter - Found static initializer in class com/fasterxml/jackson/databind/ObjectMapper
23:36:12.798 [main] INFO  o.e.r.i.MethodCallReplacementClassAdapter - No hashCode defined for: com/fasterxml/jackson/databind/ObjectMapper, superclass = com.fasterxml.jackson.core.ObjectCodec
23:36:12.800 [main] INFO  o.e.r.instrumentation.EvoClassLoader - Error while loading class: java.lang.ClassFormatError: Duplicate method name&signature in class file com/fasterxml/jackson/databind/ObjectMapper
23:36:12.800 [main] INFO  o.e.r.instrumentation.EvoClassLoader - Seeing class for first time: com.fasterxml.jackson.databind$ObjectMapper
23:36:12.800 [main] INFO  o.e.r.instrumentation.EvoClassLoader - Instrumenting class 'com.fasterxml.jackson.databind$ObjectMapper'.
23:36:12.801 [main] INFO  o.e.r.instrumentation.EvoClassLoader - Error while loading class: java.lang.ClassNotFoundException: Class 'com/fasterxml/jackson/databind$ObjectMapper.class' should be in target project, but could not be found!
23:36:12.801 [main] INFO  o.e.r.instrumentation.EvoClassLoader - Seeing class for first time: com.fasterxml.jackson.dataformat.xml.XmlMapper
23:36:12.801 [main] INFO  o.e.r.instrumentation.EvoClassLoader - Instrumenting class 'com.fasterxml.jackson.dataformat.xml.XmlMapper'.
23:36:12.801 [main] INFO  o.e.r.instrumentation.EvoClassLoader - Error while loading class: java.lang.ClassNotFoundException: Class 'com/fasterxml/jackson/dataformat/xml/XmlMapper.class' should be in target project, but could not be found!
23:36:12.802 [main] INFO  o.e.r.instrumentation.EvoClassLoader - Seeing class for first time: com.fasterxml.jackson.dataformat.xml$XmlMapper
23:36:12.802 [main] INFO  o.e.r.instrumentation.EvoClassLoader - Instrumenting class 'com.fasterxml.jackson.dataformat.xml$XmlMapper'.
23:36:12.802 [main] INFO  o.e.r.instrumentation.EvoClassLoader - Error while loading class: java.lang.ClassNotFoundException: Class 'com/fasterxml/jackson/dataformat/xml$XmlMapper.class' should be in target project, but could not be found!
23:36:12.802 [main] INFO  o.e.r.instrumentation.EvoClassLoader - Seeing class for first time: com.rometools.rome.feed.WireFeed
23:36:12.802 [main] INFO  o.e.r.instrumentation.EvoClassLoader - Instrumenting class 'com.rometools.rome.feed.WireFeed'.
23:36:12.802 [main] INFO  o.e.r.instrumentation.EvoClassLoader - Error while loading class: java.lang.ClassNotFoundException: Class 'com/rometools/rome/feed/WireFeed.class' should be in target project, but could not be found!
23:36:12.802 [main] INFO  o.e.r.instrumentation.EvoClassLoader - Seeing class for first time: com.rometools.rome.feed$WireFeed
23:36:12.802 [main] INFO  o.e.r.instrumentation.EvoClassLoader - Instrumenting class 'com.rometools.rome.feed$WireFeed'.
23:36:12.803 [main] INFO  o.e.r.instrumentation.EvoClassLoader - Error while loading class: java.lang.ClassNotFoundException: Class 'com/rometools/rome/feed$WireFeed.class' should be in target project, but could not be found!
23:36:12.803 [main] INFO  o.e.r.instrumentation.EvoClassLoader - Seeing class for first time: com.fasterxml.jackson.databind.ObjectMapper
23:36:12.803 [main] INFO  o.e.r.instrumentation.EvoClassLoader - Instrumenting class 'com.fasterxml.jackson.databind.ObjectMapper'.
23:36:12.806 [main] INFO  o.e.r.i.MethodCallReplacementClassAdapter - Adding mock interface to class com/fasterxml/jackson/databind/ObjectMapper
23:36:12.817 [main] INFO  o.e.r.i.CreateClassResetClassAdapter - Found static initializer in class com/fasterxml/jackson/databind/ObjectMapper
23:36:12.817 [main] INFO  o.e.r.i.MethodCallReplacementClassAdapter - No hashCode defined for: com/fasterxml/jackson/databind/ObjectMapper, superclass = com.fasterxml.jackson.core.ObjectCodec
23:36:12.817 [main] DEBUG o.e.r.agent.TransformerForTests - Going to instrument: com.fasterxml.jackson.databind.ObjectMapper
23:36:12.833 [main] INFO  o.e.r.i.CreateClassResetClassAdapter - Found static initializer in class com/fasterxml/jackson/databind/ObjectMapper
23:36:12.833 [main] INFO  o.e.r.i.MethodCallReplacementClassAdapter - No hashCode defined for: com/fasterxml/jackson/databind/ObjectMapper, superclass = com.fasterxml.jackson.core.ObjectCodec
23:36:12.835 [main] INFO  o.e.r.instrumentation.EvoClassLoader - Error while loading class: java.lang.ClassFormatError: Duplicate method name&signature in class file com/fasterxml/jackson/databind/ObjectMapper
23:36:12.835 [main] INFO  o.e.r.instrumentation.EvoClassLoader - Seeing class for first time: com.fasterxml.jackson.databind$ObjectMapper
23:36:12.835 [main] INFO  o.e.r.instrumentation.EvoClassLoader - Instrumenting class 'com.fasterxml.jackson.databind$ObjectMapper'.
23:36:12.836 [main] INFO  o.e.r.instrumentation.EvoClassLoader - Error while loading class: java.lang.ClassNotFoundException: Class 'com/fasterxml/jackson/databind$ObjectMapper.class' should be in target project, but could not be found!
23:36:12.836 [main] INFO  o.e.r.instrumentation.EvoClassLoader - Seeing class for first time: com.fasterxml.jackson.dataformat.xml.XmlMapper
23:36:12.836 [main] INFO  o.e.r.instrumentation.EvoClassLoader - Instrumenting class 'com.fasterxml.jackson.dataformat.xml.XmlMapper'.
23:36:12.836 [main] INFO  o.e.r.instrumentation.EvoClassLoader - Error while loading class: java.lang.ClassNotFoundException: Class 'com/fasterxml/jackson/dataformat/xml/XmlMapper.class' should be in target project, but could not be found!
23:36:12.836 [main] INFO  o.e.r.instrumentation.EvoClassLoader - Seeing class for first time: com.fasterxml.jackson.dataformat.xml$XmlMapper
23:36:12.836 [main] INFO  o.e.r.instrumentation.EvoClassLoader - Instrumenting class 'com.fasterxml.jackson.dataformat.xml$XmlMapper'.
23:36:12.836 [main] INFO  o.e.r.instrumentation.EvoClassLoader - Error while loading class: java.lang.ClassNotFoundException: Class 'com/fasterxml/jackson/dataformat/xml$XmlMapper.class' should be in target project, but could not be found!
23:36:12.838 [main] INFO  o.e.r.instrumentation.EvoClassLoader - Seeing class for first time: org.joda.time.LocalDate
23:36:12.838 [main] INFO  o.e.r.instrumentation.EvoClassLoader - Instrumenting class 'org.joda.time.LocalDate'.
23:36:12.839 [main] INFO  o.e.r.instrumentation.EvoClassLoader - Error while loading class: java.lang.ClassNotFoundException: Class 'org/joda/time/LocalDate.class' should be in target project, but could not be found!
23:36:12.839 [main] INFO  o.e.r.instrumentation.EvoClassLoader - Seeing class for first time: org.joda.time$LocalDate
23:36:12.839 [main] INFO  o.e.r.instrumentation.EvoClassLoader - Instrumenting class 'org.joda.time$LocalDate'.
23:36:12.839 [main] INFO  o.e.r.instrumentation.EvoClassLoader - Error while loading class: java.lang.ClassNotFoundException: Class 'org/joda/time$LocalDate.class' should be in target project, but could not be found!
23:36:12.840 [main] INFO  o.e.r.instrumentation.EvoClassLoader - Seeing class for first time: org.joda.time.LocalDate
23:36:12.840 [main] INFO  o.e.r.instrumentation.EvoClassLoader - Instrumenting class 'org.joda.time.LocalDate'.
23:36:12.840 [main] INFO  o.e.r.instrumentation.EvoClassLoader - Error while loading class: java.lang.ClassNotFoundException: Class 'org/joda/time/LocalDate.class' should be in target project, but could not be found!
23:36:12.840 [main] INFO  o.e.r.instrumentation.EvoClassLoader - Seeing class for first time: org.joda.time$LocalDate
23:36:12.840 [main] INFO  o.e.r.instrumentation.EvoClassLoader - Instrumenting class 'org.joda.time$LocalDate'.
23:36:12.840 [main] INFO  o.e.r.instrumentation.EvoClassLoader - Error while loading class: java.lang.ClassNotFoundException: Class 'org/joda/time$LocalDate.class' should be in target project, but could not be found!
23:36:12.840 [main] INFO  o.e.r.instrumentation.EvoClassLoader - Seeing class for first time: org.springframework.core.GenericTypeResolver
23:36:12.840 [main] INFO  o.e.r.instrumentation.EvoClassLoader - Instrumenting class 'org.springframework.core.GenericTypeResolver'.
23:36:12.841 [main] INFO  o.e.r.i.MethodCallReplacementClassAdapter - Adding mock interface to class org/springframework/core/GenericTypeResolver
23:36:12.844 [main] INFO  o.e.r.i.CreateClassResetClassAdapter - Found static initializer in class org/springframework/core/GenericTypeResolver
23:36:12.844 [main] INFO  o.e.r.i.MethodCallReplacementClassAdapter - No hashCode defined for: org/springframework/core/GenericTypeResolver, superclass = java.lang.Object
23:36:12.844 [main] INFO  o.e.r.instrumentation.EvoClassLoader - Keeping class: org.springframework.core.GenericTypeResolver
23:36:12.845 [main] INFO  o.e.r.instrumentation.EvoClassLoader - Seeing class for first time: org.springframework.util.NumberUtils
23:36:12.845 [main] INFO  o.e.r.instrumentation.EvoClassLoader - Instrumenting class 'org.springframework.util.NumberUtils'.
23:36:12.847 [main] INFO  o.e.r.i.MethodCallReplacementClassAdapter - Adding mock interface to class org/springframework/util/NumberUtils
23:36:12.848 [main] INFO  o.e.r.i.CreateClassResetClassAdapter - Found static initializer in class org/springframework/util/NumberUtils
23:36:12.848 [main] INFO  o.e.r.i.MethodCallReplacementClassAdapter - No hashCode defined for: org/springframework/util/NumberUtils, superclass = java.lang.Object
23:36:12.849 [main] INFO  o.e.r.instrumentation.EvoClassLoader - Keeping class: org.springframework.util.NumberUtils
23:36:12.850 [main] INFO  o.e.r.instrumentation.EvoClassLoader - Seeing class for first time: org.springframework.format.datetime.standard.DateTimeFormatterRegistrar$Type
23:36:12.850 [main] INFO  o.e.r.instrumentation.EvoClassLoader - Instrumenting class 'org.springframework.format.datetime.standard.DateTimeFormatterRegistrar$Type'.
23:36:12.851 [main] INFO  o.e.r.i.MethodCallReplacementClassAdapter - Adding mock interface to class org/springframework/format/datetime/standard/DateTimeFormatterRegistrar$Type
23:36:12.851 [main] INFO  o.e.r.i.CreateClassResetClassAdapter - Found static initializer in class org/springframework/format/datetime/standard/DateTimeFormatterRegistrar$Type
23:36:12.851 [main] INFO  o.e.r.i.MethodCallReplacementClassAdapter - No hashCode defined for: org/springframework/format/datetime/standard/DateTimeFormatterRegistrar$Type, superclass = java.lang.Enum
23:36:12.852 [main] INFO  o.e.r.instrumentation.EvoClassLoader - Keeping class: org.springframework.format.datetime.standard.DateTimeFormatterRegistrar$Type
23:36:12.856 [main] INFO  o.e.r.instrumentation.EvoClassLoader - Seeing class for first time: org.springframework.format.datetime.standard.Jsr310DateTimeFormatAnnotationFormatterFactory
23:36:12.856 [main] INFO  o.e.r.instrumentation.EvoClassLoader - Instrumenting class 'org.springframework.format.datetime.standard.Jsr310DateTimeFormatAnnotationFormatterFactory'.
23:36:12.857 [main] INFO  o.e.r.i.MethodCallReplacementClassAdapter - Adding mock interface to class org/springframework/format/datetime/standard/Jsr310DateTimeFormatAnnotationFormatterFactory
23:36:12.859 [main] INFO  o.e.r.i.CreateClassResetClassAdapter - Found static initializer in class org/springframework/format/datetime/standard/Jsr310DateTimeFormatAnnotationFormatterFactory
23:36:12.859 [main] INFO  o.e.r.i.MethodCallReplacementClassAdapter - No hashCode defined for: org/springframework/format/datetime/standard/Jsr310DateTimeFormatAnnotationFormatterFactory, superclass = org.springframework.context.support.EmbeddedValueResolutionSupport
23:36:12.860 [main] INFO  o.e.r.instrumentation.EvoClassLoader - Keeping class: org.springframework.format.datetime.standard.Jsr310DateTimeFormatAnnotationFormatterFactory
23:36:12.860 [main] INFO  o.e.r.instrumentation.EvoClassLoader - Seeing class for first time: org.springframework.format.datetime.DateTimeFormatAnnotationFormatterFactory
23:36:12.860 [main] INFO  o.e.r.instrumentation.EvoClassLoader - Instrumenting class 'org.springframework.format.datetime.DateTimeFormatAnnotationFormatterFactory'.
23:36:12.861 [main] INFO  o.e.r.i.MethodCallReplacementClassAdapter - Adding mock interface to class org/springframework/format/datetime/DateTimeFormatAnnotationFormatterFactory
23:36:12.861 [main] INFO  o.e.r.i.CreateClassResetClassAdapter - Found static initializer in class org/springframework/format/datetime/DateTimeFormatAnnotationFormatterFactory
23:36:12.861 [main] INFO  o.e.r.i.MethodCallReplacementClassAdapter - No hashCode defined for: org/springframework/format/datetime/DateTimeFormatAnnotationFormatterFactory, superclass = org.springframework.context.support.EmbeddedValueResolutionSupport
23:36:12.862 [main] INFO  o.e.r.instrumentation.EvoClassLoader - Keeping class: org.springframework.format.datetime.DateTimeFormatAnnotationFormatterFactory
23:36:12.863 [main] INFO  o.e.r.instrumentation.EvoClassLoader - Seeing class for first time: org.apache.commons.logging.LogFactory
23:36:12.863 [main] INFO  o.e.r.instrumentation.EvoClassLoader - Instrumenting class 'org.apache.commons.logging.LogFactory'.
23:36:12.864 [main] INFO  o.e.r.i.MethodCallReplacementClassAdapter - Adding mock interface to class org/apache/commons/logging/LogFactory
23:36:12.864 [main] INFO  o.e.r.i.CreateClassResetClassAdapter - Found static initializer in class org/apache/commons/logging/LogFactory
23:36:12.864 [main] INFO  o.e.r.i.MethodCallReplacementClassAdapter - No hashCode defined for: org/apache/commons/logging/LogFactory, superclass = java.lang.Object
23:36:12.865 [main] DEBUG o.e.r.agent.TransformerForTests - Going to instrument: org.apache.commons.logging.LogFactory
23:36:12.865 [main] INFO  o.e.r.i.CreateClassResetClassAdapter - Found static initializer in class org/apache/commons/logging/LogFactory
23:36:12.865 [main] INFO  o.e.r.instrumentation.EvoClassLoader - Error while loading class: java.lang.ClassFormatError: Duplicate method name&signature in class file org/apache/commons/logging/LogFactory
23:36:12.866 [main] INFO  o.e.r.instrumentation.EvoClassLoader - Seeing class for first time: org.springframework.util.AntPathMatcher
23:36:12.866 [main] INFO  o.e.r.instrumentation.EvoClassLoader - Instrumenting class 'org.springframework.util.AntPathMatcher'.
23:36:12.867 [main] INFO  o.e.r.i.MethodCallReplacementClassAdapter - Adding mock interface to class org/springframework/util/AntPathMatcher
23:36:12.869 [main] INFO  o.e.r.i.CreateClassResetClassAdapter - Found static initializer in class org/springframework/util/AntPathMatcher
23:36:12.870 [main] INFO  o.e.r.i.MethodCallReplacementClassAdapter - No hashCode defined for: org/springframework/util/AntPathMatcher, superclass = java.lang.Object
23:36:12.870 [main] INFO  o.e.r.instrumentation.EvoClassLoader - Keeping class: org.springframework.util.AntPathMatcher
23:36:12.871 [main] INFO  o.e.r.instrumentation.EvoClassLoader - Seeing class for first time: org.springframework.util.AntPathMatcher$AntPathStringMatcher
23:36:12.871 [main] INFO  o.e.r.instrumentation.EvoClassLoader - Instrumenting class 'org.springframework.util.AntPathMatcher$AntPathStringMatcher'.
23:36:12.872 [main] INFO  o.e.r.i.MethodCallReplacementClassAdapter - Adding mock interface to class org/springframework/util/AntPathMatcher$AntPathStringMatcher
23:36:12.873 [main] INFO  o.e.r.i.CreateClassResetClassAdapter - Found static initializer in class org/springframework/util/AntPathMatcher$AntPathStringMatcher
23:36:12.873 [main] INFO  o.e.r.i.MethodCallReplacementClassAdapter - No hashCode defined for: org/springframework/util/AntPathMatcher$AntPathStringMatcher, superclass = java.lang.Object
23:36:12.874 [main] INFO  o.e.r.instrumentation.EvoClassLoader - Keeping class: org.springframework.util.AntPathMatcher$AntPathStringMatcher
23:36:12.874 [main] INFO  o.e.r.instrumentation.EvoClassLoader - Seeing class for first time: org.springframework.web.cors.DefaultCorsProcessor
23:36:12.874 [main] INFO  o.e.r.instrumentation.EvoClassLoader - Instrumenting class 'org.springframework.web.cors.DefaultCorsProcessor'.
23:36:12.875 [main] INFO  o.e.r.i.MethodCallReplacementClassAdapter - Adding mock interface to class org/springframework/web/cors/DefaultCorsProcessor
23:36:12.875 [main] INFO  o.e.r.i.CreateClassResetClassAdapter - Found static initializer in class org/springframework/web/cors/DefaultCorsProcessor
23:36:12.876 [main] INFO  o.e.r.i.MethodCallReplacementClassAdapter - No hashCode defined for: org/springframework/web/cors/DefaultCorsProcessor, superclass = java.lang.Object
23:36:12.876 [main] INFO  o.e.r.instrumentation.EvoClassLoader - Keeping class: org.springframework.web.cors.DefaultCorsProcessor
23:36:12.877 [main] INFO  o.e.r.instrumentation.EvoClassLoader - Seeing class for first time: org.springframework.http.HttpMethod
23:36:12.877 [main] INFO  o.e.r.instrumentation.EvoClassLoader - Instrumenting class 'org.springframework.http.HttpMethod'.
23:36:12.877 [main] INFO  o.e.r.i.MethodCallReplacementClassAdapter - Adding mock interface to class org/springframework/http/HttpMethod
23:36:12.878 [main] INFO  o.e.r.i.CreateClassResetClassAdapter - Found static initializer in class org/springframework/http/HttpMethod
23:36:12.878 [main] INFO  o.e.r.i.MethodCallReplacementClassAdapter - No hashCode defined for: org/springframework/http/HttpMethod, superclass = java.lang.Enum
23:36:12.878 [main] INFO  o.e.r.instrumentation.EvoClassLoader - Keeping class: org.springframework.http.HttpMethod
23:36:12.879 [main] INFO  o.e.r.instrumentation.EvoClassLoader - Seeing class for first time: org.apache.commons.logging.LogFactory
23:36:12.879 [main] INFO  o.e.r.instrumentation.EvoClassLoader - Instrumenting class 'org.apache.commons.logging.LogFactory'.
23:36:12.880 [main] INFO  o.e.r.i.MethodCallReplacementClassAdapter - Adding mock interface to class org/apache/commons/logging/LogFactory
23:36:12.880 [main] INFO  o.e.r.i.CreateClassResetClassAdapter - Found static initializer in class org/apache/commons/logging/LogFactory
23:36:12.881 [main] INFO  o.e.r.i.MethodCallReplacementClassAdapter - No hashCode defined for: org/apache/commons/logging/LogFactory, superclass = java.lang.Object
23:36:12.881 [main] DEBUG o.e.r.agent.TransformerForTests - Going to instrument: org.apache.commons.logging.LogFactory
23:36:12.881 [main] INFO  o.e.r.i.CreateClassResetClassAdapter - Found static initializer in class org/apache/commons/logging/LogFactory
23:36:12.881 [main] INFO  o.e.r.instrumentation.EvoClassLoader - Error while loading class: java.lang.ClassFormatError: Duplicate method name&signature in class file org/apache/commons/logging/LogFactory
23:36:12.882 [main] INFO  o.e.r.instrumentation.EvoClassLoader - Seeing class for first time: org.springframework.context.ApplicationContextException
23:36:12.882 [main] INFO  o.e.r.instrumentation.EvoClassLoader - Instrumenting class 'org.springframework.context.ApplicationContextException'.
23:36:12.882 [main] INFO  o.e.r.i.MethodCallReplacementClassAdapter - Adding mock interface to class org/springframework/context/ApplicationContextException
23:36:12.882 [main] INFO  o.e.r.i.MethodCallReplacementClassAdapter - No hashCode defined for: org/springframework/context/ApplicationContextException, superclass = org.springframework.beans.FatalBeanException
23:36:12.882 [main] INFO  o.e.r.i.CreateClassResetClassAdapter - Creating brand-new static initializer in class org/springframework/context/ApplicationContextException
23:36:12.883 [main] INFO  o.e.r.instrumentation.EvoClassLoader - Keeping class: org.springframework.context.ApplicationContextException
23:36:12.884 [main] INFO  o.e.r.instrumentation.EvoClassLoader - Seeing class for first time: org.springframework.web.servlet.resource.ResourceHttpRequestHandler
23:36:12.884 [main] INFO  o.e.r.instrumentation.EvoClassLoader - Instrumenting class 'org.springframework.web.servlet.resource.ResourceHttpRequestHandler'.
23:36:12.885 [main] INFO  o.e.r.i.MethodCallReplacementClassAdapter - Adding mock interface to class org/springframework/web/servlet/resource/ResourceHttpRequestHandler
23:36:12.889 [main] INFO  o.e.r.i.CreateClassResetClassAdapter - Found static initializer in class org/springframework/web/servlet/resource/ResourceHttpRequestHandler
23:36:12.890 [main] INFO  o.e.r.i.MethodCallReplacementClassAdapter - No hashCode defined for: org/springframework/web/servlet/resource/ResourceHttpRequestHandler, superclass = org.springframework.web.servlet.support.WebContentGenerator
23:36:12.890 [main] INFO  o.e.r.instrumentation.EvoClassLoader - Keeping class: org.springframework.web.servlet.resource.ResourceHttpRequestHandler
23:36:12.891 [main] INFO  o.e.r.instrumentation.EvoClassLoader - Seeing class for first time: org.springframework.http.MediaType
23:36:12.892 [main] INFO  o.e.r.instrumentation.EvoClassLoader - Instrumenting class 'org.springframework.http.MediaType'.
23:36:12.893 [main] INFO  o.e.r.i.MethodCallReplacementClassAdapter - Adding mock interface to class org/springframework/http/MediaType
23:36:12.893 [main] INFO  o.e.r.i.CreateClassResetClassAdapter - Found static initializer in class org/springframework/http/MediaType
23:36:12.894 [main] INFO  o.e.r.i.MethodCallReplacementClassAdapter - No hashCode defined for: org/springframework/http/MediaType, superclass = org.springframework.util.MimeType
23:36:12.894 [main] INFO  o.e.r.instrumentation.EvoClassLoader - Seeing class for first time: org.springframework.util.MimeType
23:36:12.894 [main] INFO  o.e.r.instrumentation.EvoClassLoader - Instrumenting class 'org.springframework.util.MimeType'.
23:36:12.895 [main] INFO  o.e.r.i.MethodCallReplacementClassAdapter - Adding mock interface to class org/springframework/util/MimeType
23:36:12.897 [main] INFO  o.e.r.i.CreateClassResetClassAdapter - Found static initializer in class org/springframework/util/MimeType
23:36:12.898 [main] INFO  o.e.r.instrumentation.EvoClassLoader - Keeping class: org.springframework.util.MimeType
23:36:12.898 [main] INFO  o.e.r.instrumentation.EvoClassLoader - Keeping class: org.springframework.http.MediaType
23:36:12.899 [main] INFO  o.e.r.instrumentation.EvoClassLoader - Seeing class for first time: org.apache.commons.logging.LogFactory
23:36:12.899 [main] INFO  o.e.r.instrumentation.EvoClassLoader - Instrumenting class 'org.apache.commons.logging.LogFactory'.
23:36:12.899 [main] INFO  o.e.r.i.MethodCallReplacementClassAdapter - Adding mock interface to class org/apache/commons/logging/LogFactory
23:36:12.900 [main] INFO  o.e.r.i.CreateClassResetClassAdapter - Found static initializer in class org/apache/commons/logging/LogFactory
23:36:12.900 [main] INFO  o.e.r.i.MethodCallReplacementClassAdapter - No hashCode defined for: org/apache/commons/logging/LogFactory, superclass = java.lang.Object
23:36:12.900 [main] DEBUG o.e.r.agent.TransformerForTests - Going to instrument: org.apache.commons.logging.LogFactory
23:36:12.901 [main] INFO  o.e.r.i.CreateClassResetClassAdapter - Found static initializer in class org/apache/commons/logging/LogFactory
23:36:12.902 [main] INFO  o.e.r.instrumentation.EvoClassLoader - Error while loading class: java.lang.ClassFormatError: Duplicate method name&signature in class file org/apache/commons/logging/LogFactory
23:36:12.902 [main] INFO  o.e.r.instrumentation.EvoClassLoader - Seeing class for first time: org.springframework.web.servlet.view.ContentNegotiatingViewResolver
23:36:12.902 [main] INFO  o.e.r.instrumentation.EvoClassLoader - Instrumenting class 'org.springframework.web.servlet.view.ContentNegotiatingViewResolver'.
23:36:12.903 [main] INFO  o.e.r.i.MethodCallReplacementClassAdapter - Adding mock interface to class org/springframework/web/servlet/view/ContentNegotiatingViewResolver
23:36:12.904 [main] INFO  o.e.r.i.CreateClassResetClassAdapter - Found static initializer in class org/springframework/web/servlet/view/ContentNegotiatingViewResolver
23:36:12.904 [main] INFO  o.e.r.i.MethodCallReplacementClassAdapter - No hashCode defined for: org/springframework/web/servlet/view/ContentNegotiatingViewResolver, superclass = org.springframework.web.context.support.WebApplicationObjectSupport
23:36:12.905 [main] INFO  o.e.r.instrumentation.EvoClassLoader - Keeping class: org.springframework.web.servlet.view.ContentNegotiatingViewResolver
23:36:12.908 [main] INFO  o.e.r.instrumentation.EvoClassLoader - Seeing class for first time: org.apache.commons.logging.LogFactory
23:36:12.908 [main] INFO  o.e.r.instrumentation.EvoClassLoader - Instrumenting class 'org.apache.commons.logging.LogFactory'.
23:36:12.908 [main] INFO  o.e.r.i.MethodCallReplacementClassAdapter - Adding mock interface to class org/apache/commons/logging/LogFactory
23:36:12.909 [main] INFO  o.e.r.i.CreateClassResetClassAdapter - Found static initializer in class org/apache/commons/logging/LogFactory
23:36:12.909 [main] INFO  o.e.r.i.MethodCallReplacementClassAdapter - No hashCode defined for: org/apache/commons/logging/LogFactory, superclass = java.lang.Object
23:36:12.909 [main] DEBUG o.e.r.agent.TransformerForTests - Going to instrument: org.apache.commons.logging.LogFactory
23:36:12.909 [main] INFO  o.e.r.i.CreateClassResetClassAdapter - Found static initializer in class org/apache/commons/logging/LogFactory
23:36:12.910 [main] INFO  o.e.r.instrumentation.EvoClassLoader - Error while loading class: java.lang.ClassFormatError: Duplicate method name&signature in class file org/apache/commons/logging/LogFactory
23:36:12.912 [main] INFO  o.e.r.instrumentation.EvoClassLoader - Seeing class for first time: org.springframework.util.MimeTypeUtils
23:36:12.912 [main] INFO  o.e.r.instrumentation.EvoClassLoader - Instrumenting class 'org.springframework.util.MimeTypeUtils'.
23:36:12.913 [main] INFO  o.e.r.i.MethodCallReplacementClassAdapter - Adding mock interface to class org/springframework/util/MimeTypeUtils
23:36:12.913 [main] INFO  o.e.r.i.CreateClassResetClassAdapter - Found static initializer in class org/springframework/util/MimeTypeUtils
23:36:12.914 [main] INFO  o.e.r.i.MethodCallReplacementClassAdapter - No hashCode defined for: org/springframework/util/MimeTypeUtils, superclass = java.lang.Object
23:36:12.915 [main] INFO  o.e.r.instrumentation.EvoClassLoader - Keeping class: org.springframework.util.MimeTypeUtils
23:36:12.920 [main] INFO  o.e.r.instrumentation.EvoClassLoader - Seeing class for first time: org.springframework.web.servlet.resource.ResourceUrlProviderExposingInterceptor
23:36:12.922 [main] INFO  o.e.r.instrumentation.EvoClassLoader - Instrumenting class 'org.springframework.web.servlet.resource.ResourceUrlProviderExposingInterceptor'.
23:36:12.923 [main] INFO  o.e.r.i.MethodCallReplacementClassAdapter - Adding mock interface to class org/springframework/web/servlet/resource/ResourceUrlProviderExposingInterceptor
23:36:12.924 [main] INFO  o.e.r.i.CreateClassResetClassAdapter - Found static initializer in class org/springframework/web/servlet/resource/ResourceUrlProviderExposingInterceptor
23:36:12.924 [main] INFO  o.e.r.i.MethodCallReplacementClassAdapter - No hashCode defined for: org/springframework/web/servlet/resource/ResourceUrlProviderExposingInterceptor, superclass = org.springframework.web.servlet.handler.HandlerInterceptorAdapter
23:36:12.924 [main] INFO  o.e.r.instrumentation.EvoClassLoader - Keeping class: org.springframework.web.servlet.resource.ResourceUrlProviderExposingInterceptor
23:36:12.925 [main] INFO  o.e.r.instrumentation.EvoClassLoader - Seeing class for first time: org.springframework.web.accept.PathExtensionContentNegotiationStrategy
23:36:12.925 [main] INFO  o.e.r.instrumentation.EvoClassLoader - Instrumenting class 'org.springframework.web.accept.PathExtensionContentNegotiationStrategy'.
23:36:12.926 [main] INFO  o.e.r.i.MethodCallReplacementClassAdapter - Adding mock interface to class org/springframework/web/accept/PathExtensionContentNegotiationStrategy
23:36:12.926 [main] INFO  o.e.r.i.CreateClassResetClassAdapter - Found static initializer in class org/springframework/web/accept/PathExtensionContentNegotiationStrategy
23:36:12.926 [main] INFO  o.e.r.i.MethodCallReplacementClassAdapter - No hashCode defined for: org/springframework/web/accept/PathExtensionContentNegotiationStrategy, superclass = org.springframework.web.accept.AbstractMappingContentNegotiationStrategy
23:36:12.926 [main] INFO  o.e.r.instrumentation.EvoClassLoader - Keeping class: org.springframework.web.accept.PathExtensionContentNegotiationStrategy
23:36:12.927 [main] INFO  o.e.r.instrumentation.EvoClassLoader - Seeing class for first time: org.apache.commons.logging.LogFactory
23:36:12.927 [main] INFO  o.e.r.instrumentation.EvoClassLoader - Instrumenting class 'org.apache.commons.logging.LogFactory'.
23:36:12.927 [main] INFO  o.e.r.i.MethodCallReplacementClassAdapter - Adding mock interface to class org/apache/commons/logging/LogFactory
23:36:12.928 [main] INFO  o.e.r.i.CreateClassResetClassAdapter - Found static initializer in class org/apache/commons/logging/LogFactory
23:36:12.928 [main] INFO  o.e.r.i.MethodCallReplacementClassAdapter - No hashCode defined for: org/apache/commons/logging/LogFactory, superclass = java.lang.Object
23:36:12.928 [main] DEBUG o.e.r.agent.TransformerForTests - Going to instrument: org.apache.commons.logging.LogFactory
23:36:12.928 [main] INFO  o.e.r.i.CreateClassResetClassAdapter - Found static initializer in class org/apache/commons/logging/LogFactory
23:36:12.929 [main] INFO  o.e.r.instrumentation.EvoClassLoader - Error while loading class: java.lang.ClassFormatError: Duplicate method name&signature in class file org/apache/commons/logging/LogFactory
23:36:12.929 [main] INFO  o.e.r.instrumentation.EvoClassLoader - Seeing class for first time: org.springframework.web.servlet.view.AbstractCachingViewResolver
23:36:12.929 [main] INFO  o.e.r.instrumentation.EvoClassLoader - Instrumenting class 'org.springframework.web.servlet.view.AbstractCachingViewResolver'.
23:36:12.930 [main] INFO  o.e.r.i.MethodCallReplacementClassAdapter - Adding mock interface to class org/springframework/web/servlet/view/AbstractCachingViewResolver
23:36:12.930 [main] INFO  o.e.r.i.CreateClassResetClassAdapter - Found static initializer in class org/springframework/web/servlet/view/AbstractCachingViewResolver
23:36:12.930 [main] INFO  o.e.r.i.MethodCallReplacementClassAdapter - No hashCode defined for: org/springframework/web/servlet/view/AbstractCachingViewResolver, superclass = org.springframework.web.context.support.WebApplicationObjectSupport
23:36:12.931 [main] INFO  o.e.r.instrumentation.EvoClassLoader - Keeping class: org.springframework.web.servlet.view.AbstractCachingViewResolver
23:36:12.931 [main] INFO  o.e.r.instrumentation.EvoClassLoader - Seeing class for first time: org.springframework.web.servlet.view.UrlBasedViewResolver
23:36:12.931 [main] INFO  o.e.r.instrumentation.EvoClassLoader - Instrumenting class 'org.springframework.web.servlet.view.UrlBasedViewResolver'.
23:36:12.932 [main] INFO  o.e.r.i.MethodCallReplacementClassAdapter - Adding mock interface to class org/springframework/web/servlet/view/UrlBasedViewResolver
23:36:12.934 [main] INFO  o.e.r.i.MethodCallReplacementClassAdapter - No hashCode defined for: org/springframework/web/servlet/view/UrlBasedViewResolver, superclass = org.springframework.web.servlet.view.AbstractCachingViewResolver
23:36:12.934 [main] INFO  o.e.r.i.CreateClassResetClassAdapter - Creating brand-new static initializer in class org/springframework/web/servlet/view/UrlBasedViewResolver
23:36:12.934 [main] INFO  o.e.r.i.CreateClassResetClassAdapter - Adding bytecode for initializing field REDIRECT_URL_PREFIX
23:36:12.934 [main] INFO  o.e.r.i.CreateClassResetClassAdapter - Adding bytecode for initializing field FORWARD_URL_PREFIX
23:36:12.935 [main] INFO  o.e.r.instrumentation.EvoClassLoader - Keeping class: org.springframework.web.servlet.view.UrlBasedViewResolver
23:36:12.935 [main] INFO  o.e.r.instrumentation.EvoClassLoader - Seeing class for first time: org.springframework.web.servlet.view.RedirectView
23:36:12.935 [main] INFO  o.e.r.instrumentation.EvoClassLoader - Instrumenting class 'org.springframework.web.servlet.view.RedirectView'.
23:36:12.937 [main] INFO  o.e.r.i.MethodCallReplacementClassAdapter - Adding mock interface to class org/springframework/web/servlet/view/RedirectView
23:36:12.940 [main] INFO  o.e.r.i.CreateClassResetClassAdapter - Found static initializer in class org/springframework/web/servlet/view/RedirectView
23:36:12.940 [main] INFO  o.e.r.i.MethodCallReplacementClassAdapter - No hashCode defined for: org/springframework/web/servlet/view/RedirectView, superclass = org.springframework.web.servlet.view.AbstractUrlBasedView
23:36:12.940 [main] INFO  o.e.r.instrumentation.EvoClassLoader - Keeping class: org.springframework.web.servlet.view.RedirectView
23:36:12.941 [main] INFO  o.e.r.instrumentation.EvoClassLoader - Seeing class for first time: org.springframework.web.servlet.view.InternalResourceViewResolver
23:36:12.941 [main] INFO  o.e.r.instrumentation.EvoClassLoader - Instrumenting class 'org.springframework.web.servlet.view.InternalResourceViewResolver'.
23:36:12.942 [main] INFO  o.e.r.i.MethodCallReplacementClassAdapter - Adding mock interface to class org/springframework/web/servlet/view/InternalResourceViewResolver
23:36:12.942 [main] INFO  o.e.r.i.CreateClassResetClassAdapter - Found static initializer in class org/springframework/web/servlet/view/InternalResourceViewResolver
23:36:12.942 [main] INFO  o.e.r.i.MethodCallReplacementClassAdapter - No hashCode defined for: org/springframework/web/servlet/view/InternalResourceViewResolver, superclass = org.springframework.web.servlet.view.UrlBasedViewResolver
23:36:12.942 [main] INFO  o.e.r.instrumentation.EvoClassLoader - Keeping class: org.springframework.web.servlet.view.InternalResourceViewResolver
23:36:12.945 [main] INFO  o.e.r.instrumentation.EvoClassLoader - Seeing class for first time: org.springframework.beans.factory.NoUniqueBeanDefinitionException
23:36:12.945 [main] INFO  o.e.r.instrumentation.EvoClassLoader - Instrumenting class 'org.springframework.beans.factory.NoUniqueBeanDefinitionException'.
23:36:12.946 [main] INFO  o.e.r.i.MethodCallReplacementClassAdapter - Adding mock interface to class org/springframework/beans/factory/NoUniqueBeanDefinitionException
23:36:12.946 [main] INFO  o.e.r.i.MethodCallReplacementClassAdapter - No hashCode defined for: org/springframework/beans/factory/NoUniqueBeanDefinitionException, superclass = org.springframework.beans.factory.NoSuchBeanDefinitionException
23:36:12.946 [main] INFO  o.e.r.i.CreateClassResetClassAdapter - Creating brand-new static initializer in class org/springframework/beans/factory/NoUniqueBeanDefinitionException
23:36:12.947 [main] INFO  o.e.r.instrumentation.EvoClassLoader - Seeing class for first time: org.springframework.beans.factory.NoSuchBeanDefinitionException
23:36:12.947 [main] INFO  o.e.r.instrumentation.EvoClassLoader - Instrumenting class 'org.springframework.beans.factory.NoSuchBeanDefinitionException'.
23:36:12.948 [main] INFO  o.e.r.i.MethodCallReplacementClassAdapter - Adding mock interface to class org/springframework/beans/factory/NoSuchBeanDefinitionException
23:36:12.948 [main] INFO  o.e.r.i.MethodCallReplacementClassAdapter - No hashCode defined for: org/springframework/beans/factory/NoSuchBeanDefinitionException, superclass = org.springframework.beans.BeansException
23:36:12.948 [main] INFO  o.e.r.i.CreateClassResetClassAdapter - Creating brand-new static initializer in class org/springframework/beans/factory/NoSuchBeanDefinitionException
23:36:12.949 [main] INFO  o.e.r.instrumentation.EvoClassLoader - Keeping class: org.springframework.beans.factory.NoSuchBeanDefinitionException
23:36:12.949 [main] INFO  o.e.r.instrumentation.EvoClassLoader - Keeping class: org.springframework.beans.factory.NoUniqueBeanDefinitionException
23:36:12.951 [main] INFO  o.e.r.instrumentation.EvoClassLoader - Seeing class for first time: org.springframework.web.servlet.mvc.method.annotation.ServletInvocableHandlerMethod
23:36:12.951 [main] INFO  o.e.r.instrumentation.EvoClassLoader - Instrumenting class 'org.springframework.web.servlet.mvc.method.annotation.ServletInvocableHandlerMethod'.
23:36:12.952 [main] INFO  o.e.r.i.MethodCallReplacementClassAdapter - Adding mock interface to class org/springframework/web/servlet/mvc/method/annotation/ServletInvocableHandlerMethod
23:36:12.952 [main] INFO  o.e.r.i.CreateClassResetClassAdapter - Found static initializer in class org/springframework/web/servlet/mvc/method/annotation/ServletInvocableHandlerMethod
23:36:12.952 [main] INFO  o.e.r.i.MethodCallReplacementClassAdapter - No hashCode defined for: org/springframework/web/servlet/mvc/method/annotation/ServletInvocableHandlerMethod, superclass = org.springframework.web.method.support.InvocableHandlerMethod
23:36:12.953 [main] INFO  o.e.r.instrumentation.EvoClassLoader - Keeping class: org.springframework.web.servlet.mvc.method.annotation.ServletInvocableHandlerMethod
23:36:12.954 [main] INFO  o.e.r.instrumentation.EvoClassLoader - Seeing class for first time: org.springframework.web.method.annotation.ModelFactory
23:36:12.954 [main] INFO  o.e.r.instrumentation.EvoClassLoader - Instrumenting class 'org.springframework.web.method.annotation.ModelFactory'.
23:36:12.955 [main] INFO  o.e.r.i.MethodCallReplacementClassAdapter - Adding mock interface to class org/springframework/web/method/annotation/ModelFactory
23:36:12.956 [main] INFO  o.e.r.i.CreateClassResetClassAdapter - Found static initializer in class org/springframework/web/method/annotation/ModelFactory
23:36:12.956 [main] INFO  o.e.r.i.MethodCallReplacementClassAdapter - No hashCode defined for: org/springframework/web/method/annotation/ModelFactory, superclass = java.lang.Object
23:36:12.956 [main] INFO  o.e.r.instrumentation.EvoClassLoader - Keeping class: org.springframework.web.method.annotation.ModelFactory
23:36:12.963 [main] INFO  o.e.r.instrumentation.EvoClassLoader - Seeing class for first time: org.springframework.core.DefaultParameterNameDiscoverer
23:36:12.963 [main] INFO  o.e.r.instrumentation.EvoClassLoader - Instrumenting class 'org.springframework.core.DefaultParameterNameDiscoverer'.
23:36:12.964 [main] INFO  o.e.r.i.MethodCallReplacementClassAdapter - Adding mock interface to class org/springframework/core/DefaultParameterNameDiscoverer
23:36:12.964 [main] INFO  o.e.r.i.CreateClassResetClassAdapter - Found static initializer in class org/springframework/core/DefaultParameterNameDiscoverer
23:36:12.964 [main] INFO  o.e.r.i.MethodCallReplacementClassAdapter - No hashCode defined for: org/springframework/core/DefaultParameterNameDiscoverer, superclass = org.springframework.core.PrioritizedParameterNameDiscoverer
23:36:12.965 [main] INFO  o.e.r.instrumentation.EvoClassLoader - Keeping class: org.springframework.core.DefaultParameterNameDiscoverer
23:36:12.965 [main] INFO  o.e.r.instrumentation.EvoClassLoader - Seeing class for first time: org.springframework.core.LocalVariableTableParameterNameDiscoverer
23:36:12.965 [main] INFO  o.e.r.instrumentation.EvoClassLoader - Instrumenting class 'org.springframework.core.LocalVariableTableParameterNameDiscoverer'.
23:36:12.966 [main] INFO  o.e.r.i.MethodCallReplacementClassAdapter - Adding mock interface to class org/springframework/core/LocalVariableTableParameterNameDiscoverer
23:36:12.968 [main] INFO  o.e.r.i.CreateClassResetClassAdapter - Found static initializer in class org/springframework/core/LocalVariableTableParameterNameDiscoverer
23:36:12.968 [main] INFO  o.e.r.i.MethodCallReplacementClassAdapter - No hashCode defined for: org/springframework/core/LocalVariableTableParameterNameDiscoverer, superclass = java.lang.Object
23:36:12.968 [main] INFO  o.e.r.instrumentation.EvoClassLoader - Keeping class: org.springframework.core.LocalVariableTableParameterNameDiscoverer
23:36:12.969 [main] INFO  o.e.r.instrumentation.EvoClassLoader - Seeing class for first time: org.apache.commons.logging.LogFactory
23:36:12.969 [main] INFO  o.e.r.instrumentation.EvoClassLoader - Instrumenting class 'org.apache.commons.logging.LogFactory'.
23:36:12.969 [main] INFO  o.e.r.i.MethodCallReplacementClassAdapter - Adding mock interface to class org/apache/commons/logging/LogFactory
23:36:12.970 [main] INFO  o.e.r.i.CreateClassResetClassAdapter - Found static initializer in class org/apache/commons/logging/LogFactory
23:36:12.970 [main] INFO  o.e.r.i.MethodCallReplacementClassAdapter - No hashCode defined for: org/apache/commons/logging/LogFactory, superclass = java.lang.Object
23:36:12.970 [main] DEBUG o.e.r.agent.TransformerForTests - Going to instrument: org.apache.commons.logging.LogFactory
23:36:12.971 [main] INFO  o.e.r.i.CreateClassResetClassAdapter - Found static initializer in class org/apache/commons/logging/LogFactory
23:36:12.971 [main] INFO  o.e.r.instrumentation.EvoClassLoader - Error while loading class: java.lang.ClassFormatError: Duplicate method name&signature in class file org/apache/commons/logging/LogFactory
23:36:12.971 [main] INFO  o.e.r.instrumentation.EvoClassLoader - Seeing class for first time: org.springframework.http.converter.StringHttpMessageConverter
23:36:12.971 [main] INFO  o.e.r.instrumentation.EvoClassLoader - Instrumenting class 'org.springframework.http.converter.StringHttpMessageConverter'.
23:36:12.972 [main] INFO  o.e.r.i.MethodCallReplacementClassAdapter - Adding mock interface to class org/springframework/http/converter/StringHttpMessageConverter
23:36:12.973 [main] INFO  o.e.r.i.CreateClassResetClassAdapter - Found static initializer in class org/springframework/http/converter/StringHttpMessageConverter
23:36:12.973 [main] INFO  o.e.r.i.MethodCallReplacementClassAdapter - No hashCode defined for: org/springframework/http/converter/StringHttpMessageConverter, superclass = org.springframework.http.converter.AbstractHttpMessageConverter
23:36:12.974 [main] INFO  o.e.r.instrumentation.EvoClassLoader - Keeping class: org.springframework.http.converter.StringHttpMessageConverter
23:36:12.974 [main] INFO  o.e.r.instrumentation.EvoClassLoader - Seeing class for first time: org.springframework.http.converter.HttpMessageNotReadableException
23:36:12.974 [main] INFO  o.e.r.instrumentation.EvoClassLoader - Instrumenting class 'org.springframework.http.converter.HttpMessageNotReadableException'.
23:36:12.975 [main] INFO  o.e.r.i.MethodCallReplacementClassAdapter - Adding mock interface to class org/springframework/http/converter/HttpMessageNotReadableException
23:36:12.975 [main] INFO  o.e.r.i.MethodCallReplacementClassAdapter - No hashCode defined for: org/springframework/http/converter/HttpMessageNotReadableException, superclass = org.springframework.http.converter.HttpMessageConversionException
23:36:12.975 [main] INFO  o.e.r.i.CreateClassResetClassAdapter - Creating brand-new static initializer in class org/springframework/http/converter/HttpMessageNotReadableException
23:36:12.975 [main] INFO  o.e.r.instrumentation.EvoClassLoader - Seeing class for first time: org.springframework.http.converter.HttpMessageConversionException
23:36:12.975 [main] INFO  o.e.r.instrumentation.EvoClassLoader - Instrumenting class 'org.springframework.http.converter.HttpMessageConversionException'.
23:36:12.976 [main] INFO  o.e.r.i.MethodCallReplacementClassAdapter - Adding mock interface to class org/springframework/http/converter/HttpMessageConversionException
23:36:12.976 [main] INFO  o.e.r.i.MethodCallReplacementClassAdapter - No hashCode defined for: org/springframework/http/converter/HttpMessageConversionException, superclass = org.springframework.core.NestedRuntimeException
23:36:12.976 [main] INFO  o.e.r.i.CreateClassResetClassAdapter - Creating brand-new static initializer in class org/springframework/http/converter/HttpMessageConversionException
23:36:12.977 [main] INFO  o.e.r.instrumentation.EvoClassLoader - Keeping class: org.springframework.http.converter.HttpMessageConversionException
23:36:12.977 [main] INFO  o.e.r.instrumentation.EvoClassLoader - Keeping class: org.springframework.http.converter.HttpMessageNotReadableException
23:36:12.977 [main] INFO  o.e.r.instrumentation.EvoClassLoader - Seeing class for first time: org.springframework.http.converter.HttpMessageNotWritableException
23:36:12.977 [main] INFO  o.e.r.instrumentation.EvoClassLoader - Instrumenting class 'org.springframework.http.converter.HttpMessageNotWritableException'.
23:36:12.978 [main] INFO  o.e.r.i.MethodCallReplacementClassAdapter - Adding mock interface to class org/springframework/http/converter/HttpMessageNotWritableException
23:36:12.978 [main] INFO  o.e.r.i.MethodCallReplacementClassAdapter - No hashCode defined for: org/springframework/http/converter/HttpMessageNotWritableException, superclass = org.springframework.http.converter.HttpMessageConversionException
23:36:12.978 [main] INFO  o.e.r.i.CreateClassResetClassAdapter - Creating brand-new static initializer in class org/springframework/http/converter/HttpMessageNotWritableException
23:36:12.979 [main] INFO  o.e.r.instrumentation.EvoClassLoader - Keeping class: org.springframework.http.converter.HttpMessageNotWritableException
23:36:12.980 [main] INFO  o.e.r.instrumentation.EvoClassLoader - Seeing class for first time: org.springframework.http.converter.xml.SourceHttpMessageConverter
23:36:12.980 [main] INFO  o.e.r.instrumentation.EvoClassLoader - Instrumenting class 'org.springframework.http.converter.xml.SourceHttpMessageConverter'.
23:36:12.981 [main] INFO  o.e.r.i.MethodCallReplacementClassAdapter - Adding mock interface to class org/springframework/http/converter/xml/SourceHttpMessageConverter
23:36:12.981 [main] INFO  o.e.r.i.CreateClassResetClassAdapter - Found static initializer in class org/springframework/http/converter/xml/SourceHttpMessageConverter
23:36:12.981 [main] INFO  o.e.r.i.MethodCallReplacementClassAdapter - No hashCode defined for: org/springframework/http/converter/xml/SourceHttpMessageConverter, superclass = org.springframework.http.converter.AbstractHttpMessageConverter
23:36:12.982 [main] INFO  o.e.r.instrumentation.EvoClassLoader - Keeping class: org.springframework.http.converter.xml.SourceHttpMessageConverter
23:36:12.985 [main] INFO  o.e.r.instrumentation.EvoClassLoader - Seeing class for first time: org.apache.xml.utils.DOMHelper
23:36:12.985 [main] INFO  o.e.r.instrumentation.EvoClassLoader - Instrumenting class 'org.apache.xml.utils.DOMHelper'.
23:36:12.986 [main] INFO  o.e.r.i.MethodCallReplacementClassAdapter - Adding mock interface to class org/apache/xml/utils/DOMHelper
23:36:12.989 [main] INFO  o.e.r.i.CreateClassResetClassAdapter - Found static initializer in class org/apache/xml/utils/DOMHelper
23:36:12.989 [main] INFO  o.e.r.i.MethodCallReplacementClassAdapter - No hashCode defined for: org/apache/xml/utils/DOMHelper, superclass = java.lang.Object
23:36:12.990 [main] INFO  o.e.r.instrumentation.EvoClassLoader - Keeping class: org.apache.xml.utils.DOMHelper
23:36:12.990 [main] INFO  o.e.r.instrumentation.EvoClassLoader - Seeing class for first time: org.apache.xml.utils.DOM2Helper
23:36:12.990 [main] INFO  o.e.r.instrumentation.EvoClassLoader - Instrumenting class 'org.apache.xml.utils.DOM2Helper'.
23:36:12.991 [main] INFO  o.e.r.i.MethodCallReplacementClassAdapter - Adding mock interface to class org/apache/xml/utils/DOM2Helper
23:36:12.991 [main] INFO  o.e.r.i.MethodCallReplacementClassAdapter - No hashCode defined for: org/apache/xml/utils/DOM2Helper, superclass = org.apache.xml.utils.DOMHelper
23:36:12.991 [main] INFO  o.e.r.i.CreateClassResetClassAdapter - Creating brand-new static initializer in class org/apache/xml/utils/DOM2Helper
23:36:12.992 [main] INFO  o.e.r.instrumentation.EvoClassLoader - Keeping class: org.apache.xml.utils.DOM2Helper
23:36:12.993 [main] INFO  o.e.r.instrumentation.EvoClassLoader - Seeing class for first time: org.springframework.http.converter.FormHttpMessageConverter
23:36:12.993 [main] INFO  o.e.r.instrumentation.EvoClassLoader - Instrumenting class 'org.springframework.http.converter.FormHttpMessageConverter'.
23:36:12.994 [main] INFO  o.e.r.i.MethodCallReplacementClassAdapter - Adding mock interface to class org/springframework/http/converter/FormHttpMessageConverter
23:36:12.995 [main] INFO  o.e.r.i.CreateClassResetClassAdapter - Found static initializer in class org/springframework/http/converter/FormHttpMessageConverter
23:36:12.995 [main] INFO  o.e.r.i.MethodCallReplacementClassAdapter - No hashCode defined for: org/springframework/http/converter/FormHttpMessageConverter, superclass = java.lang.Object
23:36:12.996 [main] INFO  o.e.r.instrumentation.EvoClassLoader - Keeping class: org.springframework.http.converter.FormHttpMessageConverter
23:36:12.997 [main] INFO  o.e.r.instrumentation.EvoClassLoader - Seeing class for first time: org.springframework.http.HttpEntity
23:36:12.997 [main] INFO  o.e.r.instrumentation.EvoClassLoader - Instrumenting class 'org.springframework.http.HttpEntity'.
23:36:12.997 [main] INFO  o.e.r.i.MethodCallReplacementClassAdapter - Adding mock interface to class org/springframework/http/HttpEntity
23:36:12.998 [main] INFO  o.e.r.i.CreateClassResetClassAdapter - Found static initializer in class org/springframework/http/HttpEntity
23:36:12.998 [main] INFO  o.e.r.instrumentation.EvoClassLoader - Keeping class: org.springframework.http.HttpEntity
23:36:12.998 [main] INFO  o.e.r.instrumentation.EvoClassLoader - Seeing class for first time: org.springframework.http.converter.support.AllEncompassingFormHttpMessageConverter
23:36:12.998 [main] INFO  o.e.r.instrumentation.EvoClassLoader - Instrumenting class 'org.springframework.http.converter.support.AllEncompassingFormHttpMessageConverter'.
23:36:12.999 [main] INFO  o.e.r.i.MethodCallReplacementClassAdapter - Adding mock interface to class org/springframework/http/converter/support/AllEncompassingFormHttpMessageConverter
23:36:12.999 [main] INFO  o.e.r.i.CreateClassResetClassAdapter - Found static initializer in class org/springframework/http/converter/support/AllEncompassingFormHttpMessageConverter
23:36:12.999 [main] INFO  o.e.r.i.MethodCallReplacementClassAdapter - No hashCode defined for: org/springframework/http/converter/support/AllEncompassingFormHttpMessageConverter, superclass = org.springframework.http.converter.FormHttpMessageConverter
23:36:13.000 [main] INFO  o.e.r.instrumentation.EvoClassLoader - Keeping class: org.springframework.http.converter.support.AllEncompassingFormHttpMessageConverter
23:36:13.000 [main] INFO  o.e.r.instrumentation.EvoClassLoader - Seeing class for first time: com.fasterxml.jackson.databind.ObjectMapper
23:36:13.000 [main] INFO  o.e.r.instrumentation.EvoClassLoader - Instrumenting class 'com.fasterxml.jackson.databind.ObjectMapper'.
23:36:13.004 [main] INFO  o.e.r.i.MethodCallReplacementClassAdapter - Adding mock interface to class com/fasterxml/jackson/databind/ObjectMapper
23:36:13.018 [main] INFO  o.e.r.i.CreateClassResetClassAdapter - Found static initializer in class com/fasterxml/jackson/databind/ObjectMapper
23:36:13.019 [main] INFO  o.e.r.i.MethodCallReplacementClassAdapter - No hashCode defined for: com/fasterxml/jackson/databind/ObjectMapper, superclass = com.fasterxml.jackson.core.ObjectCodec
23:36:13.020 [main] DEBUG o.e.r.agent.TransformerForTests - Going to instrument: com.fasterxml.jackson.databind.ObjectMapper
23:36:13.035 [main] INFO  o.e.r.i.CreateClassResetClassAdapter - Found static initializer in class com/fasterxml/jackson/databind/ObjectMapper
23:36:13.036 [main] INFO  o.e.r.i.MethodCallReplacementClassAdapter - No hashCode defined for: com/fasterxml/jackson/databind/ObjectMapper, superclass = com.fasterxml.jackson.core.ObjectCodec
23:36:13.038 [main] INFO  o.e.r.instrumentation.EvoClassLoader - Error while loading class: java.lang.ClassFormatError: Duplicate method name&signature in class file com/fasterxml/jackson/databind/ObjectMapper
23:36:13.041 [main] INFO  o.e.r.instrumentation.EvoClassLoader - Seeing class for first time: com.fasterxml.jackson.databind$ObjectMapper
23:36:13.041 [main] INFO  o.e.r.instrumentation.EvoClassLoader - Instrumenting class 'com.fasterxml.jackson.databind$ObjectMapper'.
23:36:13.041 [main] INFO  o.e.r.instrumentation.EvoClassLoader - Error while loading class: java.lang.ClassNotFoundException: Class 'com/fasterxml/jackson/databind$ObjectMapper.class' should be in target project, but could not be found!
23:36:13.041 [main] INFO  o.e.r.instrumentation.EvoClassLoader - Seeing class for first time: com.fasterxml.jackson.dataformat.xml.XmlMapper
23:36:13.041 [main] INFO  o.e.r.instrumentation.EvoClassLoader - Instrumenting class 'com.fasterxml.jackson.dataformat.xml.XmlMapper'.
23:36:13.041 [main] INFO  o.e.r.instrumentation.EvoClassLoader - Error while loading class: java.lang.ClassNotFoundException: Class 'com/fasterxml/jackson/dataformat/xml/XmlMapper.class' should be in target project, but could not be found!
23:36:13.042 [main] INFO  o.e.r.instrumentation.EvoClassLoader - Seeing class for first time: com.fasterxml.jackson.dataformat.xml$XmlMapper
23:36:13.042 [main] INFO  o.e.r.instrumentation.EvoClassLoader - Instrumenting class 'com.fasterxml.jackson.dataformat.xml$XmlMapper'.
23:36:13.042 [main] INFO  o.e.r.instrumentation.EvoClassLoader - Error while loading class: java.lang.ClassNotFoundException: Class 'com/fasterxml/jackson/dataformat/xml$XmlMapper.class' should be in target project, but could not be found!
23:36:13.042 [main] INFO  o.e.r.instrumentation.EvoClassLoader - Seeing class for first time: com.fasterxml.jackson.databind.ObjectMapper
23:36:13.042 [main] INFO  o.e.r.instrumentation.EvoClassLoader - Instrumenting class 'com.fasterxml.jackson.databind.ObjectMapper'.
23:36:13.045 [main] INFO  o.e.r.i.MethodCallReplacementClassAdapter - Adding mock interface to class com/fasterxml/jackson/databind/ObjectMapper
23:36:13.056 [main] INFO  o.e.r.i.CreateClassResetClassAdapter - Found static initializer in class com/fasterxml/jackson/databind/ObjectMapper
23:36:13.056 [main] INFO  o.e.r.i.MethodCallReplacementClassAdapter - No hashCode defined for: com/fasterxml/jackson/databind/ObjectMapper, superclass = com.fasterxml.jackson.core.ObjectCodec
23:36:13.057 [main] DEBUG o.e.r.agent.TransformerForTests - Going to instrument: com.fasterxml.jackson.databind.ObjectMapper
23:36:13.071 [main] INFO  o.e.r.i.CreateClassResetClassAdapter - Found static initializer in class com/fasterxml/jackson/databind/ObjectMapper
23:36:13.072 [main] INFO  o.e.r.i.MethodCallReplacementClassAdapter - No hashCode defined for: com/fasterxml/jackson/databind/ObjectMapper, superclass = com.fasterxml.jackson.core.ObjectCodec
23:36:13.073 [main] INFO  o.e.r.instrumentation.EvoClassLoader - Error while loading class: java.lang.ClassFormatError: Duplicate method name&signature in class file com/fasterxml/jackson/databind/ObjectMapper
23:36:13.074 [main] INFO  o.e.r.instrumentation.EvoClassLoader - Seeing class for first time: com.fasterxml.jackson.databind$ObjectMapper
23:36:13.074 [main] INFO  o.e.r.instrumentation.EvoClassLoader - Instrumenting class 'com.fasterxml.jackson.databind$ObjectMapper'.
23:36:13.074 [main] INFO  o.e.r.instrumentation.EvoClassLoader - Error while loading class: java.lang.ClassNotFoundException: Class 'com/fasterxml/jackson/databind$ObjectMapper.class' should be in target project, but could not be found!
23:36:13.074 [main] INFO  o.e.r.instrumentation.EvoClassLoader - Seeing class for first time: com.fasterxml.jackson.dataformat.xml.XmlMapper
23:36:13.074 [main] INFO  o.e.r.instrumentation.EvoClassLoader - Instrumenting class 'com.fasterxml.jackson.dataformat.xml.XmlMapper'.
23:36:13.074 [main] INFO  o.e.r.instrumentation.EvoClassLoader - Error while loading class: java.lang.ClassNotFoundException: Class 'com/fasterxml/jackson/dataformat/xml/XmlMapper.class' should be in target project, but could not be found!
23:36:13.074 [main] INFO  o.e.r.instrumentation.EvoClassLoader - Seeing class for first time: com.fasterxml.jackson.dataformat.xml$XmlMapper
23:36:13.074 [main] INFO  o.e.r.instrumentation.EvoClassLoader - Instrumenting class 'com.fasterxml.jackson.dataformat.xml$XmlMapper'.
23:36:13.074 [main] INFO  o.e.r.instrumentation.EvoClassLoader - Error while loading class: java.lang.ClassNotFoundException: Class 'com/fasterxml/jackson/dataformat/xml$XmlMapper.class' should be in target project, but could not be found!
23:36:13.075 [main] INFO  o.e.r.instrumentation.EvoClassLoader - Seeing class for first time: org.springframework.http.converter.ResourceHttpMessageConverter
23:36:13.075 [main] INFO  o.e.r.instrumentation.EvoClassLoader - Instrumenting class 'org.springframework.http.converter.ResourceHttpMessageConverter'.
23:36:13.079 [main] INFO  o.e.r.i.MethodCallReplacementClassAdapter - Adding mock interface to class org/springframework/http/converter/ResourceHttpMessageConverter
23:36:13.080 [main] INFO  o.e.r.i.CreateClassResetClassAdapter - Found static initializer in class org/springframework/http/converter/ResourceHttpMessageConverter
23:36:13.080 [main] INFO  o.e.r.i.MethodCallReplacementClassAdapter - No hashCode defined for: org/springframework/http/converter/ResourceHttpMessageConverter, superclass = org.springframework.http.converter.AbstractHttpMessageConverter
23:36:13.081 [main] INFO  o.e.r.instrumentation.EvoClassLoader - Keeping class: org.springframework.http.converter.ResourceHttpMessageConverter
23:36:13.081 [main] INFO  o.e.r.instrumentation.EvoClassLoader - Seeing class for first time: org.springframework.http.converter.json.AbstractJackson2HttpMessageConverter
23:36:13.081 [main] INFO  o.e.r.instrumentation.EvoClassLoader - Instrumenting class 'org.springframework.http.converter.json.AbstractJackson2HttpMessageConverter'.
23:36:13.082 [main] INFO  o.e.r.i.MethodCallReplacementClassAdapter - Adding mock interface to class org/springframework/http/converter/json/AbstractJackson2HttpMessageConverter
23:36:13.083 [main] INFO  o.e.r.i.CreateClassResetClassAdapter - Found static initializer in class org/springframework/http/converter/json/AbstractJackson2HttpMessageConverter
23:36:13.083 [main] INFO  o.e.r.i.MethodCallReplacementClassAdapter - No hashCode defined for: org/springframework/http/converter/json/AbstractJackson2HttpMessageConverter, superclass = org.springframework.http.converter.AbstractGenericHttpMessageConverter
23:36:13.084 [main] INFO  o.e.r.instrumentation.EvoClassLoader - Keeping class: org.springframework.http.converter.json.AbstractJackson2HttpMessageConverter
23:36:13.084 [main] INFO  o.e.r.instrumentation.EvoClassLoader - Seeing class for first time: com.fasterxml.jackson.databind.ObjectMapper
23:36:13.084 [main] INFO  o.e.r.instrumentation.EvoClassLoader - Instrumenting class 'com.fasterxml.jackson.databind.ObjectMapper'.
23:36:13.088 [main] INFO  o.e.r.i.MethodCallReplacementClassAdapter - Adding mock interface to class com/fasterxml/jackson/databind/ObjectMapper
23:36:13.098 [main] INFO  o.e.r.i.CreateClassResetClassAdapter - Found static initializer in class com/fasterxml/jackson/databind/ObjectMapper
23:36:13.098 [main] INFO  o.e.r.i.MethodCallReplacementClassAdapter - No hashCode defined for: com/fasterxml/jackson/databind/ObjectMapper, superclass = com.fasterxml.jackson.core.ObjectCodec
23:36:13.100 [main] INFO  o.e.r.instrumentation.EvoClassLoader - Keeping class: com.fasterxml.jackson.databind.ObjectMapper
23:36:13.100 [main] INFO  o.e.r.instrumentation.EvoClassLoader - Seeing class for first time: com.fasterxml.jackson.core.JsonEncoding
23:36:13.100 [main] INFO  o.e.r.instrumentation.EvoClassLoader - Instrumenting class 'com.fasterxml.jackson.core.JsonEncoding'.
23:36:13.101 [main] INFO  o.e.r.i.MethodCallReplacementClassAdapter - Adding mock interface to class com/fasterxml/jackson/core/JsonEncoding
23:36:13.101 [main] INFO  o.e.r.i.CreateClassResetClassAdapter - Found static initializer in class com/fasterxml/jackson/core/JsonEncoding
23:36:13.102 [main] INFO  o.e.r.i.MethodCallReplacementClassAdapter - No hashCode defined for: com/fasterxml/jackson/core/JsonEncoding, superclass = java.lang.Enum
23:36:13.102 [main] INFO  o.e.r.instrumentation.EvoClassLoader - Keeping class: com.fasterxml.jackson.core.JsonEncoding
23:36:13.102 [main] INFO  o.e.r.instrumentation.EvoClassLoader - Seeing class for first time: com.fasterxml.jackson.core.JsonFactory
23:36:13.102 [main] INFO  o.e.r.instrumentation.EvoClassLoader - Instrumenting class 'com.fasterxml.jackson.core.JsonFactory'.
23:36:13.104 [main] INFO  o.e.r.i.MethodCallReplacementClassAdapter - Adding mock interface to class com/fasterxml/jackson/core/JsonFactory
23:36:13.108 [main] INFO  o.e.r.i.CreateClassResetClassAdapter - Found static initializer in class com/fasterxml/jackson/core/JsonFactory
23:36:13.108 [main] INFO  o.e.r.i.MethodCallReplacementClassAdapter - No hashCode defined for: com/fasterxml/jackson/core/JsonFactory, superclass = java.lang.Object
23:36:13.108 [main] DEBUG o.e.r.agent.TransformerForTests - Going to instrument: com.fasterxml.jackson.core.JsonFactory
23:36:13.112 [main] INFO  o.e.r.i.CreateClassResetClassAdapter - Found static initializer in class com/fasterxml/jackson/core/JsonFactory
23:36:13.114 [main] INFO  o.e.r.instrumentation.EvoClassLoader - Error while loading class: java.lang.ClassFormatError: Duplicate method name&signature in class file com/fasterxml/jackson/core/JsonFactory
23:36:13.114 [main] ERROR o.e.r.classhandling.ClassResetter - java.lang.NoClassDefFoundError: com/fasterxml/jackson/core/JsonFactory
23:36:13.117 [main] INFO  o.e.r.instrumentation.EvoClassLoader - Seeing class for first time: org.springframework.beans.BeanUtils
23:36:13.118 [main] INFO  o.e.r.instrumentation.EvoClassLoader - Instrumenting class 'org.springframework.beans.BeanUtils'.
23:36:13.119 [main] INFO  o.e.r.i.MethodCallReplacementClassAdapter - Adding mock interface to class org/springframework/beans/BeanUtils
23:36:13.121 [main] INFO  o.e.r.i.CreateClassResetClassAdapter - Found static initializer in class org/springframework/beans/BeanUtils
23:36:13.121 [main] INFO  o.e.r.i.MethodCallReplacementClassAdapter - No hashCode defined for: org/springframework/beans/BeanUtils, superclass = java.lang.Object
23:36:13.122 [main] INFO  o.e.r.instrumentation.EvoClassLoader - Keeping class: org.springframework.beans.BeanUtils
23:36:13.122 [main] INFO  o.e.r.instrumentation.EvoClassLoader - Seeing class for first time: org.springframework.beans.BeanInstantiationException
23:36:13.122 [main] INFO  o.e.r.instrumentation.EvoClassLoader - Instrumenting class 'org.springframework.beans.BeanInstantiationException'.
23:36:13.123 [main] INFO  o.e.r.i.MethodCallReplacementClassAdapter - Adding mock interface to class org/springframework/beans/BeanInstantiationException
23:36:13.123 [main] INFO  o.e.r.i.MethodCallReplacementClassAdapter - No hashCode defined for: org/springframework/beans/BeanInstantiationException, superclass = org.springframework.beans.FatalBeanException
23:36:13.123 [main] INFO  o.e.r.i.CreateClassResetClassAdapter - Creating brand-new static initializer in class org/springframework/beans/BeanInstantiationException
23:36:13.123 [main] INFO  o.e.r.instrumentation.EvoClassLoader - Keeping class: org.springframework.beans.BeanInstantiationException
23:36:13.124 [main] INFO  o.e.r.instrumentation.EvoClassLoader - Seeing class for first time: org.apache.commons.logging.LogFactory
23:36:13.124 [main] INFO  o.e.r.instrumentation.EvoClassLoader - Instrumenting class 'org.apache.commons.logging.LogFactory'.
23:36:13.125 [main] INFO  o.e.r.i.MethodCallReplacementClassAdapter - Adding mock interface to class org/apache/commons/logging/LogFactory
23:36:13.126 [main] INFO  o.e.r.i.CreateClassResetClassAdapter - Found static initializer in class org/apache/commons/logging/LogFactory
23:36:13.126 [main] INFO  o.e.r.i.MethodCallReplacementClassAdapter - No hashCode defined for: org/apache/commons/logging/LogFactory, superclass = java.lang.Object
23:36:13.126 [main] DEBUG o.e.r.agent.TransformerForTests - Going to instrument: org.apache.commons.logging.LogFactory
23:36:13.126 [main] INFO  o.e.r.i.CreateClassResetClassAdapter - Found static initializer in class org/apache/commons/logging/LogFactory
23:36:13.127 [main] INFO  o.e.r.instrumentation.EvoClassLoader - Error while loading class: java.lang.ClassFormatError: Duplicate method name&signature in class file org/apache/commons/logging/LogFactory
23:36:13.127 [main] INFO  o.e.r.instrumentation.EvoClassLoader - Seeing class for first time: org.springframework.validation.beanvalidation.SpringValidatorAdapter
23:36:13.127 [main] INFO  o.e.r.instrumentation.EvoClassLoader - Instrumenting class 'org.springframework.validation.beanvalidation.SpringValidatorAdapter'.
23:36:13.129 [main] INFO  o.e.r.i.MethodCallReplacementClassAdapter - Adding mock interface to class org/springframework/validation/beanvalidation/SpringValidatorAdapter
23:36:13.130 [main] INFO  o.e.r.i.CreateClassResetClassAdapter - Found static initializer in class org/springframework/validation/beanvalidation/SpringValidatorAdapter
23:36:13.130 [main] INFO  o.e.r.i.MethodCallReplacementClassAdapter - No hashCode defined for: org/springframework/validation/beanvalidation/SpringValidatorAdapter, superclass = java.lang.Object
23:36:13.130 [main] INFO  o.e.r.instrumentation.EvoClassLoader - Keeping class: org.springframework.validation.beanvalidation.SpringValidatorAdapter
23:36:13.131 [main] INFO  o.e.r.instrumentation.EvoClassLoader - Seeing class for first time: org.springframework.beans.NotReadablePropertyException
23:36:13.131 [main] INFO  o.e.r.instrumentation.EvoClassLoader - Instrumenting class 'org.springframework.beans.NotReadablePropertyException'.
23:36:13.131 [main] INFO  o.e.r.i.MethodCallReplacementClassAdapter - Adding mock interface to class org/springframework/beans/NotReadablePropertyException
23:36:13.132 [main] INFO  o.e.r.i.MethodCallReplacementClassAdapter - No hashCode defined for: org/springframework/beans/NotReadablePropertyException, superclass = org.springframework.beans.InvalidPropertyException
23:36:13.132 [main] INFO  o.e.r.i.CreateClassResetClassAdapter - Creating brand-new static initializer in class org/springframework/beans/NotReadablePropertyException
23:36:13.132 [main] INFO  o.e.r.instrumentation.EvoClassLoader - Seeing class for first time: org.springframework.beans.InvalidPropertyException
23:36:13.132 [main] INFO  o.e.r.instrumentation.EvoClassLoader - Instrumenting class 'org.springframework.beans.InvalidPropertyException'.
23:36:13.132 [main] INFO  o.e.r.i.MethodCallReplacementClassAdapter - Adding mock interface to class org/springframework/beans/InvalidPropertyException
23:36:13.133 [main] INFO  o.e.r.i.MethodCallReplacementClassAdapter - No hashCode defined for: org/springframework/beans/InvalidPropertyException, superclass = org.springframework.beans.FatalBeanException
23:36:13.133 [main] INFO  o.e.r.i.CreateClassResetClassAdapter - Creating brand-new static initializer in class org/springframework/beans/InvalidPropertyException
23:36:13.133 [main] INFO  o.e.r.instrumentation.EvoClassLoader - Keeping class: org.springframework.beans.InvalidPropertyException
23:36:13.133 [main] INFO  o.e.r.instrumentation.EvoClassLoader - Keeping class: org.springframework.beans.NotReadablePropertyException
23:36:13.136 [main] INFO  o.e.r.instrumentation.EvoClassLoader - Seeing class for first time: org.springframework.validation.beanvalidation.LocalValidatorFactoryBean
23:36:13.136 [main] INFO  o.e.r.instrumentation.EvoClassLoader - Instrumenting class 'org.springframework.validation.beanvalidation.LocalValidatorFactoryBean'.
23:36:13.137 [main] INFO  o.e.r.i.MethodCallReplacementClassAdapter - Adding mock interface to class org/springframework/validation/beanvalidation/LocalValidatorFactoryBean
23:36:13.140 [main] INFO  o.e.r.i.CreateClassResetClassAdapter - Found static initializer in class org/springframework/validation/beanvalidation/LocalValidatorFactoryBean
23:36:13.140 [main] INFO  o.e.r.i.MethodCallReplacementClassAdapter - No hashCode defined for: org/springframework/validation/beanvalidation/LocalValidatorFactoryBean, superclass = org.springframework.validation.beanvalidation.SpringValidatorAdapter
23:36:13.141 [main] INFO  o.e.r.instrumentation.EvoClassLoader - Keeping class: org.springframework.validation.beanvalidation.LocalValidatorFactoryBean
]]></system-out>
  </testcase>
  <testcase name="test0" classname="com.rickhanberryfinal.config.ResourceConfig_ESTest" time="0.066">
    <error message="com/rickhanberryfinal/config/ResourceConfig" type="java.lang.NoClassDefFoundError">java.lang.NoClassDefFoundError: com/rickhanberryfinal/config/ResourceConfig
	at com.rickhanberryfinal.config.ResourceConfig_ESTest.test0(ResourceConfig_ESTest.java:23)
</error>
    <system-out><![CDATA[23:36:13.171 [main] INFO  o.e.r.instrumentation.EvoClassLoader - Seeing class for first time: org.apache.commons.logging.impl.SLF4JLogFactory
23:36:13.172 [main] INFO  o.e.r.instrumentation.EvoClassLoader - Instrumenting class 'org.apache.commons.logging.impl.SLF4JLogFactory'.
23:36:13.172 [main] INFO  o.e.r.i.MethodCallReplacementClassAdapter - Adding mock interface to class org/apache/commons/logging/impl/SLF4JLogFactory
23:36:13.175 [main] INFO  o.e.r.i.MethodCallReplacementClassAdapter - No hashCode defined for: org/apache/commons/logging/impl/SLF4JLogFactory, superclass = org.apache.commons.logging.LogFactory
23:36:13.175 [main] INFO  o.e.r.i.CreateClassResetClassAdapter - Creating brand-new static initializer in class org/apache/commons/logging/impl/SLF4JLogFactory
23:36:13.175 [main] INFO  o.e.r.i.CreateClassResetClassAdapter - Adding bytecode for initializing field LOG_PROPERTY
23:36:13.175 [main] DEBUG o.e.r.agent.TransformerForTests - Going to instrument: org.apache.commons.logging.impl.SLF4JLogFactory
23:36:13.177 [main] INFO  o.e.r.i.MethodCallReplacementClassAdapter - No hashCode defined for: org/apache/commons/logging/impl/SLF4JLogFactory, superclass = org.apache.commons.logging.LogFactory
23:36:13.177 [main] INFO  o.e.r.instrumentation.EvoClassLoader - Seeing class for first time: org.apache.commons.logging.LogFactory
23:36:13.177 [main] INFO  o.e.r.instrumentation.EvoClassLoader - Instrumenting class 'org.apache.commons.logging.LogFactory'.
23:36:13.177 [main] INFO  o.e.r.i.MethodCallReplacementClassAdapter - Adding mock interface to class org/apache/commons/logging/LogFactory
23:36:13.178 [main] INFO  o.e.r.i.CreateClassResetClassAdapter - Found static initializer in class org/apache/commons/logging/LogFactory
23:36:13.178 [main] INFO  o.e.r.i.MethodCallReplacementClassAdapter - No hashCode defined for: org/apache/commons/logging/LogFactory, superclass = java.lang.Object
23:36:13.179 [main] DEBUG o.e.r.agent.TransformerForTests - Going to instrument: org.apache.commons.logging.LogFactory
23:36:13.180 [main] INFO  o.e.r.i.CreateClassResetClassAdapter - Found static initializer in class org/apache/commons/logging/LogFactory
23:36:13.181 [main] INFO  o.e.r.instrumentation.EvoClassLoader - Error while loading class: java.lang.ClassFormatError: Duplicate method name&signature in class file org/apache/commons/logging/LogFactory
23:36:13.181 [main] INFO  o.e.r.instrumentation.EvoClassLoader - Error while loading class: java.lang.NoClassDefFoundError: org/apache/commons/logging/LogFactory
23:36:13.181 [main] INFO  o.e.r.instrumentation.EvoClassLoader - Seeing class for first time: org.apache.commons.logging.LogFactory
23:36:13.181 [main] INFO  o.e.r.instrumentation.EvoClassLoader - Instrumenting class 'org.apache.commons.logging.LogFactory'.
23:36:13.182 [main] INFO  o.e.r.i.MethodCallReplacementClassAdapter - Adding mock interface to class org/apache/commons/logging/LogFactory
23:36:13.182 [main] INFO  o.e.r.i.CreateClassResetClassAdapter - Found static initializer in class org/apache/commons/logging/LogFactory
23:36:13.182 [main] INFO  o.e.r.i.MethodCallReplacementClassAdapter - No hashCode defined for: org/apache/commons/logging/LogFactory, superclass = java.lang.Object
23:36:13.182 [main] DEBUG o.e.r.agent.TransformerForTests - Going to instrument: org.apache.commons.logging.LogFactory
23:36:13.183 [main] INFO  o.e.r.i.CreateClassResetClassAdapter - Found static initializer in class org/apache/commons/logging/LogFactory
23:36:13.184 [main] INFO  o.e.r.instrumentation.EvoClassLoader - Error while loading class: java.lang.ClassFormatError: Duplicate method name&signature in class file org/apache/commons/logging/LogFactory
23:36:13.184 [main] INFO  o.e.r.instrumentation.EvoClassLoader - Seeing class for first time: org.apache.commons.logging.impl.SLF4JLocationAwareLog
23:36:13.184 [main] INFO  o.e.r.instrumentation.EvoClassLoader - Instrumenting class 'org.apache.commons.logging.impl.SLF4JLocationAwareLog'.
23:36:13.186 [main] INFO  o.e.r.i.MethodCallReplacementClassAdapter - Adding mock interface to class org/apache/commons/logging/impl/SLF4JLocationAwareLog
23:36:13.186 [main] INFO  o.e.r.i.CreateClassResetClassAdapter - Found static initializer in class org/apache/commons/logging/impl/SLF4JLocationAwareLog
23:36:13.186 [main] INFO  o.e.r.i.MethodCallReplacementClassAdapter - No hashCode defined for: org/apache/commons/logging/impl/SLF4JLocationAwareLog, superclass = java.lang.Object
23:36:13.186 [main] DEBUG o.e.r.agent.TransformerForTests - Going to instrument: org.apache.commons.logging.impl.SLF4JLocationAwareLog
23:36:13.187 [main] INFO  o.e.r.i.CreateClassResetClassAdapter - Found static initializer in class org/apache/commons/logging/impl/SLF4JLocationAwareLog
23:36:13.187 [main] INFO  o.e.r.instrumentation.EvoClassLoader - Error while loading class: java.lang.ClassFormatError: Duplicate method name&signature in class file org/apache/commons/logging/impl/SLF4JLocationAwareLog
23:36:13.187 [main] INFO  o.e.r.instrumentation.EvoClassLoader - Seeing class for first time: org.springframework.boot.autoconfigure.web.WebMvcAutoConfiguration$WebMvcAutoConfigurationAdapter
23:36:13.187 [main] INFO  o.e.r.instrumentation.EvoClassLoader - Instrumenting class 'org.springframework.boot.autoconfigure.web.WebMvcAutoConfiguration$WebMvcAutoConfigurationAdapter'.
23:36:13.189 [main] INFO  o.e.r.i.MethodCallReplacementClassAdapter - Adding mock interface to class org/springframework/boot/autoconfigure/web/WebMvcAutoConfiguration$WebMvcAutoConfigurationAdapter
23:36:13.189 [main] INFO  o.e.r.i.CreateClassResetClassAdapter - Found static initializer in class org/springframework/boot/autoconfigure/web/WebMvcAutoConfiguration$WebMvcAutoConfigurationAdapter
23:36:13.189 [main] INFO  o.e.r.i.MethodCallReplacementClassAdapter - No hashCode defined for: org/springframework/boot/autoconfigure/web/WebMvcAutoConfiguration$WebMvcAutoConfigurationAdapter, superclass = org.springframework.web.servlet.config.annotation.WebMvcConfigurerAdapter
23:36:13.189 [main] DEBUG o.e.r.agent.TransformerForTests - Going to instrument: org.springframework.boot.autoconfigure.web.WebMvcAutoConfiguration$WebMvcAutoConfigurationAdapter
23:36:13.190 [main] INFO  o.e.r.i.CreateClassResetClassAdapter - Found static initializer in class org/springframework/boot/autoconfigure/web/WebMvcAutoConfiguration$WebMvcAutoConfigurationAdapter
23:36:13.190 [main] INFO  o.e.r.i.MethodCallReplacementClassAdapter - No hashCode defined for: org/springframework/boot/autoconfigure/web/WebMvcAutoConfiguration$WebMvcAutoConfigurationAdapter, superclass = org.springframework.web.servlet.config.annotation.WebMvcConfigurerAdapter
23:36:13.191 [main] INFO  o.e.r.instrumentation.EvoClassLoader - Error while loading class: java.lang.ClassFormatError: Duplicate method name&signature in class file org/springframework/boot/autoconfigure/web/WebMvcAutoConfiguration$WebMvcAutoConfigurationAdapter
23:36:13.191 [main] INFO  o.e.r.instrumentation.EvoClassLoader - Seeing class for first time: org.springframework.beans.factory.annotation.Autowire
23:36:13.191 [main] INFO  o.e.r.instrumentation.EvoClassLoader - Instrumenting class 'org.springframework.beans.factory.annotation.Autowire'.
23:36:13.192 [main] INFO  o.e.r.i.MethodCallReplacementClassAdapter - Adding mock interface to class org/springframework/beans/factory/annotation/Autowire
23:36:13.192 [main] INFO  o.e.r.i.CreateClassResetClassAdapter - Found static initializer in class org/springframework/beans/factory/annotation/Autowire
23:36:13.192 [main] INFO  o.e.r.i.MethodCallReplacementClassAdapter - No hashCode defined for: org/springframework/beans/factory/annotation/Autowire, superclass = java.lang.Enum
23:36:13.192 [main] DEBUG o.e.r.agent.TransformerForTests - Going to instrument: org.springframework.beans.factory.annotation.Autowire
23:36:13.193 [main] INFO  o.e.r.i.CreateClassResetClassAdapter - Found static initializer in class org/springframework/beans/factory/annotation/Autowire
23:36:13.193 [main] INFO  o.e.r.i.MethodCallReplacementClassAdapter - No hashCode defined for: org/springframework/beans/factory/annotation/Autowire, superclass = java.lang.Enum
23:36:13.193 [main] INFO  o.e.r.instrumentation.EvoClassLoader - Error while loading class: java.lang.ClassFormatError: Duplicate method name&signature in class file org/springframework/beans/factory/annotation/Autowire
23:36:13.193 [main] INFO  o.e.r.instrumentation.EvoClassLoader - Seeing class for first time: org.springframework.boot.autoconfigure.condition.SearchStrategy
23:36:13.193 [main] INFO  o.e.r.instrumentation.EvoClassLoader - Instrumenting class 'org.springframework.boot.autoconfigure.condition.SearchStrategy'.
23:36:13.194 [main] INFO  o.e.r.i.MethodCallReplacementClassAdapter - Adding mock interface to class org/springframework/boot/autoconfigure/condition/SearchStrategy
23:36:13.194 [main] INFO  o.e.r.i.CreateClassResetClassAdapter - Found static initializer in class org/springframework/boot/autoconfigure/condition/SearchStrategy
23:36:13.194 [main] INFO  o.e.r.i.MethodCallReplacementClassAdapter - No hashCode defined for: org/springframework/boot/autoconfigure/condition/SearchStrategy, superclass = java.lang.Enum
23:36:13.194 [main] DEBUG o.e.r.agent.TransformerForTests - Going to instrument: org.springframework.boot.autoconfigure.condition.SearchStrategy
23:36:13.194 [main] INFO  o.e.r.i.CreateClassResetClassAdapter - Found static initializer in class org/springframework/boot/autoconfigure/condition/SearchStrategy
23:36:13.194 [main] INFO  o.e.r.i.MethodCallReplacementClassAdapter - No hashCode defined for: org/springframework/boot/autoconfigure/condition/SearchStrategy, superclass = java.lang.Enum
23:36:13.194 [main] INFO  o.e.r.instrumentation.EvoClassLoader - Error while loading class: java.lang.ClassFormatError: Duplicate method name&signature in class file org/springframework/boot/autoconfigure/condition/SearchStrategy
23:36:13.194 [main] INFO  o.e.r.instrumentation.EvoClassLoader - Seeing class for first time: org.springframework.validation.DefaultMessageCodesResolver$Format$1
23:36:13.194 [main] INFO  o.e.r.instrumentation.EvoClassLoader - Instrumenting class 'org.springframework.validation.DefaultMessageCodesResolver$Format$1'.
23:36:13.195 [main] INFO  o.e.r.i.MethodCallReplacementClassAdapter - Adding mock interface to class org/springframework/validation/DefaultMessageCodesResolver$Format$1
23:36:13.195 [main] INFO  o.e.r.i.MethodCallReplacementClassAdapter - No hashCode defined for: org/springframework/validation/DefaultMessageCodesResolver$Format$1, superclass = org.springframework.validation.DefaultMessageCodesResolver$Format
23:36:13.195 [main] DEBUG o.e.r.agent.TransformerForTests - Going to instrument: org.springframework.validation.DefaultMessageCodesResolver$Format$1
23:36:13.195 [main] INFO  o.e.r.i.MethodCallReplacementClassAdapter - No hashCode defined for: org/springframework/validation/DefaultMessageCodesResolver$Format$1, superclass = org.springframework.validation.DefaultMessageCodesResolver$Format
23:36:13.195 [main] INFO  o.e.r.instrumentation.EvoClassLoader - Seeing class for first time: org.springframework.validation.DefaultMessageCodesResolver$Format
23:36:13.196 [main] INFO  o.e.r.instrumentation.EvoClassLoader - Instrumenting class 'org.springframework.validation.DefaultMessageCodesResolver$Format'.
23:36:13.196 [main] INFO  o.e.r.i.MethodCallReplacementClassAdapter - Adding mock interface to class org/springframework/validation/DefaultMessageCodesResolver$Format
23:36:13.196 [main] INFO  o.e.r.i.CreateClassResetClassAdapter - Found static initializer in class org/springframework/validation/DefaultMessageCodesResolver$Format
23:36:13.196 [main] INFO  o.e.r.i.MethodCallReplacementClassAdapter - No hashCode defined for: org/springframework/validation/DefaultMessageCodesResolver$Format, superclass = java.lang.Enum
23:36:13.197 [main] DEBUG o.e.r.agent.TransformerForTests - Going to instrument: org.springframework.validation.DefaultMessageCodesResolver$Format
23:36:13.197 [main] INFO  o.e.r.i.CreateClassResetClassAdapter - Found static initializer in class org/springframework/validation/DefaultMessageCodesResolver$Format
23:36:13.197 [main] INFO  o.e.r.i.MethodCallReplacementClassAdapter - No hashCode defined for: org/springframework/validation/DefaultMessageCodesResolver$Format, superclass = java.lang.Enum
23:36:13.197 [main] INFO  o.e.r.instrumentation.EvoClassLoader - Error while loading class: java.lang.ClassFormatError: Duplicate method name&signature in class file org/springframework/validation/DefaultMessageCodesResolver$Format
23:36:13.197 [main] INFO  o.e.r.instrumentation.EvoClassLoader - Error while loading class: java.lang.NoClassDefFoundError: org/springframework/validation/DefaultMessageCodesResolver$Format
23:36:13.197 [main] INFO  o.e.r.instrumentation.EvoClassLoader - Seeing class for first time: org.springframework.validation.DefaultMessageCodesResolver$Format$2
23:36:13.197 [main] INFO  o.e.r.instrumentation.EvoClassLoader - Instrumenting class 'org.springframework.validation.DefaultMessageCodesResolver$Format$2'.
23:36:13.198 [main] INFO  o.e.r.i.MethodCallReplacementClassAdapter - Adding mock interface to class org/springframework/validation/DefaultMessageCodesResolver$Format$2
23:36:13.198 [main] INFO  o.e.r.i.MethodCallReplacementClassAdapter - No hashCode defined for: org/springframework/validation/DefaultMessageCodesResolver$Format$2, superclass = org.springframework.validation.DefaultMessageCodesResolver$Format
23:36:13.198 [main] DEBUG o.e.r.agent.TransformerForTests - Going to instrument: org.springframework.validation.DefaultMessageCodesResolver$Format$2
23:36:13.198 [main] INFO  o.e.r.i.MethodCallReplacementClassAdapter - No hashCode defined for: org/springframework/validation/DefaultMessageCodesResolver$Format$2, superclass = org.springframework.validation.DefaultMessageCodesResolver$Format
23:36:13.198 [main] INFO  o.e.r.instrumentation.EvoClassLoader - Seeing class for first time: org.springframework.validation.DefaultMessageCodesResolver$Format
23:36:13.198 [main] INFO  o.e.r.instrumentation.EvoClassLoader - Instrumenting class 'org.springframework.validation.DefaultMessageCodesResolver$Format'.
23:36:13.199 [main] INFO  o.e.r.i.MethodCallReplacementClassAdapter - Adding mock interface to class org/springframework/validation/DefaultMessageCodesResolver$Format
23:36:13.199 [main] INFO  o.e.r.i.CreateClassResetClassAdapter - Found static initializer in class org/springframework/validation/DefaultMessageCodesResolver$Format
23:36:13.199 [main] INFO  o.e.r.i.MethodCallReplacementClassAdapter - No hashCode defined for: org/springframework/validation/DefaultMessageCodesResolver$Format, superclass = java.lang.Enum
23:36:13.199 [main] DEBUG o.e.r.agent.TransformerForTests - Going to instrument: org.springframework.validation.DefaultMessageCodesResolver$Format
23:36:13.199 [main] INFO  o.e.r.i.CreateClassResetClassAdapter - Found static initializer in class org/springframework/validation/DefaultMessageCodesResolver$Format
23:36:13.200 [main] INFO  o.e.r.i.MethodCallReplacementClassAdapter - No hashCode defined for: org/springframework/validation/DefaultMessageCodesResolver$Format, superclass = java.lang.Enum
23:36:13.200 [main] INFO  o.e.r.instrumentation.EvoClassLoader - Error while loading class: java.lang.ClassFormatError: Duplicate method name&signature in class file org/springframework/validation/DefaultMessageCodesResolver$Format
23:36:13.200 [main] INFO  o.e.r.instrumentation.EvoClassLoader - Error while loading class: java.lang.NoClassDefFoundError: org/springframework/validation/DefaultMessageCodesResolver$Format
23:36:13.200 [main] INFO  o.e.r.instrumentation.EvoClassLoader - Seeing class for first time: org.springframework.validation.DefaultMessageCodesResolver$Format
23:36:13.200 [main] INFO  o.e.r.instrumentation.EvoClassLoader - Instrumenting class 'org.springframework.validation.DefaultMessageCodesResolver$Format'.
23:36:13.201 [main] INFO  o.e.r.i.MethodCallReplacementClassAdapter - Adding mock interface to class org/springframework/validation/DefaultMessageCodesResolver$Format
23:36:13.201 [main] INFO  o.e.r.i.CreateClassResetClassAdapter - Found static initializer in class org/springframework/validation/DefaultMessageCodesResolver$Format
23:36:13.201 [main] INFO  o.e.r.i.MethodCallReplacementClassAdapter - No hashCode defined for: org/springframework/validation/DefaultMessageCodesResolver$Format, superclass = java.lang.Enum
23:36:13.201 [main] DEBUG o.e.r.agent.TransformerForTests - Going to instrument: org.springframework.validation.DefaultMessageCodesResolver$Format
23:36:13.201 [main] INFO  o.e.r.i.CreateClassResetClassAdapter - Found static initializer in class org/springframework/validation/DefaultMessageCodesResolver$Format
23:36:13.201 [main] INFO  o.e.r.i.MethodCallReplacementClassAdapter - No hashCode defined for: org/springframework/validation/DefaultMessageCodesResolver$Format, superclass = java.lang.Enum
23:36:13.202 [main] INFO  o.e.r.instrumentation.EvoClassLoader - Error while loading class: java.lang.ClassFormatError: Duplicate method name&signature in class file org/springframework/validation/DefaultMessageCodesResolver$Format
23:36:13.202 [main] INFO  o.e.r.instrumentation.EvoClassLoader - Seeing class for first time: org.springframework.boot.autoconfigure.web.ResourceProperties
23:36:13.202 [main] INFO  o.e.r.instrumentation.EvoClassLoader - Instrumenting class 'org.springframework.boot.autoconfigure.web.ResourceProperties'.
23:36:13.203 [main] INFO  o.e.r.i.MethodCallReplacementClassAdapter - Adding mock interface to class org/springframework/boot/autoconfigure/web/ResourceProperties
23:36:13.203 [main] INFO  o.e.r.i.CreateClassResetClassAdapter - Found static initializer in class org/springframework/boot/autoconfigure/web/ResourceProperties
23:36:13.203 [main] INFO  o.e.r.i.MethodCallReplacementClassAdapter - No hashCode defined for: org/springframework/boot/autoconfigure/web/ResourceProperties, superclass = java.lang.Object
23:36:13.203 [main] DEBUG o.e.r.agent.TransformerForTests - Going to instrument: org.springframework.boot.autoconfigure.web.ResourceProperties
23:36:13.204 [main] INFO  o.e.r.i.CreateClassResetClassAdapter - Found static initializer in class org/springframework/boot/autoconfigure/web/ResourceProperties
23:36:13.204 [main] INFO  o.e.r.instrumentation.EvoClassLoader - Error while loading class: java.lang.ClassFormatError: Duplicate method name&signature in class file org/springframework/boot/autoconfigure/web/ResourceProperties
23:36:13.204 [main] INFO  o.e.r.instrumentation.EvoClassLoader - Seeing class for first time: org.springframework.format.annotation.DateTimeFormat$ISO
23:36:13.204 [main] INFO  o.e.r.instrumentation.EvoClassLoader - Instrumenting class 'org.springframework.format.annotation.DateTimeFormat$ISO'.
23:36:13.205 [main] INFO  o.e.r.i.MethodCallReplacementClassAdapter - Adding mock interface to class org/springframework/format/annotation/DateTimeFormat$ISO
23:36:13.205 [main] INFO  o.e.r.i.CreateClassResetClassAdapter - Found static initializer in class org/springframework/format/annotation/DateTimeFormat$ISO
23:36:13.205 [main] INFO  o.e.r.i.MethodCallReplacementClassAdapter - No hashCode defined for: org/springframework/format/annotation/DateTimeFormat$ISO, superclass = java.lang.Enum
23:36:13.205 [main] DEBUG o.e.r.agent.TransformerForTests - Going to instrument: org.springframework.format.annotation.DateTimeFormat$ISO
23:36:13.205 [main] INFO  o.e.r.i.CreateClassResetClassAdapter - Found static initializer in class org/springframework/format/annotation/DateTimeFormat$ISO
23:36:13.205 [main] INFO  o.e.r.i.MethodCallReplacementClassAdapter - No hashCode defined for: org/springframework/format/annotation/DateTimeFormat$ISO, superclass = java.lang.Enum
23:36:13.206 [main] INFO  o.e.r.instrumentation.EvoClassLoader - Error while loading class: java.lang.ClassFormatError: Duplicate method name&signature in class file org/springframework/format/annotation/DateTimeFormat$ISO
23:36:13.206 [main] INFO  o.e.r.instrumentation.EvoClassLoader - Seeing class for first time: org.springframework.format.datetime.DateFormatter
23:36:13.206 [main] INFO  o.e.r.instrumentation.EvoClassLoader - Instrumenting class 'org.springframework.format.datetime.DateFormatter'.
23:36:13.207 [main] INFO  o.e.r.i.MethodCallReplacementClassAdapter - Adding mock interface to class org/springframework/format/datetime/DateFormatter
23:36:13.209 [main] INFO  o.e.r.i.CreateClassResetClassAdapter - Found static initializer in class org/springframework/format/datetime/DateFormatter
23:36:13.209 [main] INFO  o.e.r.i.MethodCallReplacementClassAdapter - No hashCode defined for: org/springframework/format/datetime/DateFormatter, superclass = java.lang.Object
23:36:13.209 [main] DEBUG o.e.r.agent.TransformerForTests - Going to instrument: org.springframework.format.datetime.DateFormatter
23:36:13.212 [main] INFO  o.e.r.i.CreateClassResetClassAdapter - Found static initializer in class org/springframework/format/datetime/DateFormatter
23:36:13.212 [main] INFO  o.e.r.instrumentation.EvoClassLoader - Error while loading class: java.lang.ClassFormatError: Duplicate method name&signature in class file org/springframework/format/datetime/DateFormatter
23:36:13.212 [main] INFO  o.e.r.instrumentation.EvoClassLoader - Seeing class for first time: org.springframework.web.util.NestedServletException
23:36:13.212 [main] INFO  o.e.r.instrumentation.EvoClassLoader - Instrumenting class 'org.springframework.web.util.NestedServletException'.
23:36:13.213 [main] INFO  o.e.r.i.MethodCallReplacementClassAdapter - Adding mock interface to class org/springframework/web/util/NestedServletException
23:36:13.213 [main] INFO  o.e.r.i.CreateClassResetClassAdapter - Found static initializer in class org/springframework/web/util/NestedServletException
23:36:13.213 [main] INFO  o.e.r.i.MethodCallReplacementClassAdapter - No hashCode defined for: org/springframework/web/util/NestedServletException, superclass = javax.servlet.ServletException
23:36:13.214 [main] DEBUG o.e.r.agent.TransformerForTests - Going to instrument: org.springframework.web.util.NestedServletException
23:36:13.214 [main] INFO  o.e.r.i.CreateClassResetClassAdapter - Found static initializer in class org/springframework/web/util/NestedServletException
23:36:13.214 [main] INFO  o.e.r.i.MethodCallReplacementClassAdapter - No hashCode defined for: org/springframework/web/util/NestedServletException, superclass = javax.servlet.ServletException
23:36:13.214 [main] INFO  o.e.r.instrumentation.EvoClassLoader - Error while loading class: java.lang.ClassFormatError: Duplicate method name&signature in class file org/springframework/web/util/NestedServletException
23:36:13.219 [main] ERROR o.e.r.classhandling.ClassResetter - java.lang.NoClassDefFoundError: Could not initialize class org.springframework.core.SpringProperties
23:36:13.220 [main] INFO  o.e.r.instrumentation.EvoClassLoader - Seeing class for first time: com.rometools.rome.feed.WireFeed
23:36:13.220 [main] INFO  o.e.r.instrumentation.EvoClassLoader - Instrumenting class 'com.rometools.rome.feed.WireFeed'.
23:36:13.220 [main] INFO  o.e.r.instrumentation.EvoClassLoader - Error while loading class: java.lang.ClassNotFoundException: Class 'com/rometools/rome/feed/WireFeed.class' should be in target project, but could not be found!
23:36:13.221 [main] INFO  o.e.r.instrumentation.EvoClassLoader - Seeing class for first time: com.rometools.rome.feed$WireFeed
23:36:13.221 [main] INFO  o.e.r.instrumentation.EvoClassLoader - Instrumenting class 'com.rometools.rome.feed$WireFeed'.
23:36:13.221 [main] INFO  o.e.r.instrumentation.EvoClassLoader - Error while loading class: java.lang.ClassNotFoundException: Class 'com/rometools/rome/feed$WireFeed.class' should be in target project, but could not be found!
23:36:13.221 [main] INFO  o.e.r.instrumentation.EvoClassLoader - Seeing class for first time: com.fasterxml.jackson.dataformat.xml.XmlMapper
23:36:13.221 [main] INFO  o.e.r.instrumentation.EvoClassLoader - Instrumenting class 'com.fasterxml.jackson.dataformat.xml.XmlMapper'.
23:36:13.222 [main] INFO  o.e.r.instrumentation.EvoClassLoader - Error while loading class: java.lang.ClassNotFoundException: Class 'com/fasterxml/jackson/dataformat/xml/XmlMapper.class' should be in target project, but could not be found!
23:36:13.222 [main] INFO  o.e.r.instrumentation.EvoClassLoader - Seeing class for first time: com.fasterxml.jackson.dataformat.xml$XmlMapper
23:36:13.222 [main] INFO  o.e.r.instrumentation.EvoClassLoader - Instrumenting class 'com.fasterxml.jackson.dataformat.xml$XmlMapper'.
23:36:13.223 [main] INFO  o.e.r.instrumentation.EvoClassLoader - Error while loading class: java.lang.ClassNotFoundException: Class 'com/fasterxml/jackson/dataformat/xml$XmlMapper.class' should be in target project, but could not be found!
23:36:13.225 [main] INFO  o.e.r.instrumentation.EvoClassLoader - Seeing class for first time: org.joda.time.LocalDate
23:36:13.225 [main] INFO  o.e.r.instrumentation.EvoClassLoader - Instrumenting class 'org.joda.time.LocalDate'.
23:36:13.225 [main] INFO  o.e.r.instrumentation.EvoClassLoader - Error while loading class: java.lang.ClassNotFoundException: Class 'org/joda/time/LocalDate.class' should be in target project, but could not be found!
23:36:13.225 [main] INFO  o.e.r.instrumentation.EvoClassLoader - Seeing class for first time: org.joda.time$LocalDate
23:36:13.225 [main] INFO  o.e.r.instrumentation.EvoClassLoader - Instrumenting class 'org.joda.time$LocalDate'.
23:36:13.226 [main] INFO  o.e.r.instrumentation.EvoClassLoader - Error while loading class: java.lang.ClassNotFoundException: Class 'org/joda/time$LocalDate.class' should be in target project, but could not be found!
23:36:13.227 [main] ERROR o.e.r.classhandling.ClassResetter - java.lang.NoClassDefFoundError: Could not initialize class org.springframework.web.util.UrlPathHelper
23:36:13.227 [main] ERROR o.e.r.classhandling.ClassResetter - java.lang.NoClassDefFoundError: Could not initialize class org.springframework.web.cors.DefaultCorsProcessor
23:36:13.228 [main] ERROR o.e.r.classhandling.ClassResetter - java.lang.NoClassDefFoundError: Could not initialize class org.springframework.web.servlet.resource.ResourceHttpRequestHandler
23:36:13.228 [main] ERROR o.e.r.classhandling.ClassResetter - java.lang.NoClassDefFoundError: Could not initialize class org.springframework.web.servlet.handler.AbstractHandlerMethodMapping
23:36:13.230 [main] ERROR o.e.r.classhandling.ClassResetter - java.lang.NoClassDefFoundError: Could not initialize class org.springframework.web.accept.PathExtensionContentNegotiationStrategy
23:36:13.233 [main] ERROR o.e.r.classhandling.ClassResetter - java.lang.NoClassDefFoundError: Could not initialize class org.springframework.core.LocalVariableTableParameterNameDiscoverer
23:36:13.234 [main] INFO  o.e.r.instrumentation.EvoClassLoader - Seeing class for first time: com.fasterxml.jackson.dataformat.xml.XmlMapper
23:36:13.234 [main] INFO  o.e.r.instrumentation.EvoClassLoader - Instrumenting class 'com.fasterxml.jackson.dataformat.xml.XmlMapper'.
23:36:13.234 [main] INFO  o.e.r.instrumentation.EvoClassLoader - Error while loading class: java.lang.ClassNotFoundException: Class 'com/fasterxml/jackson/dataformat/xml/XmlMapper.class' should be in target project, but could not be found!
23:36:13.234 [main] INFO  o.e.r.instrumentation.EvoClassLoader - Seeing class for first time: com.fasterxml.jackson.dataformat.xml$XmlMapper
23:36:13.234 [main] INFO  o.e.r.instrumentation.EvoClassLoader - Instrumenting class 'com.fasterxml.jackson.dataformat.xml$XmlMapper'.
23:36:13.235 [main] INFO  o.e.r.instrumentation.EvoClassLoader - Error while loading class: java.lang.ClassNotFoundException: Class 'com/fasterxml/jackson/dataformat/xml$XmlMapper.class' should be in target project, but could not be found!
23:36:13.235 [main] ERROR o.e.r.classhandling.ClassResetter - java.lang.NoClassDefFoundError: Could not initialize class org.springframework.http.converter.json.AbstractJackson2HttpMessageConverter
23:36:13.235 [main] ERROR o.e.r.classhandling.ClassResetter - java.lang.NoClassDefFoundError: Could not initialize class org.springframework.beans.BeanUtils
]]></system-out>
  </testcase>
</testsuite>