<?xml version="1.0" encoding="UTF-8"?>
<testsuite name="com.rickhanberryfinal.webservices.BakedGoodWebService_ESTest" time="0.006" tests="7" errors="1" skipped="0" failures="0">
  <properties>
    <property name="java.runtime.name" value="Java(TM) SE Runtime Environment"/>
    <property name="sun.boot.library.path" value="/Library/Java/JavaVirtualMachines/jdk1.8.0_65.jdk/Contents/Home/jre/lib"/>
    <property name="java.vm.version" value="25.65-b01"/>
    <property name="gopherProxySet" value="false"/>
    <property name="cores" value="2"/>
    <property name="java.vm.vendor" value="Oracle Corporation"/>
    <property name="maven.multiModuleProjectDirectory" value="/Users/rhanberry/Desktop/rickhfinprojblank/hanberryfinalexpresso"/>
    <property name="java.vendor.url" value="http://java.oracle.com/"/>
    <property name="path.separator" value=":"/>
    <property name="guice.disable.misplaced.annotation.check" value="true"/>
    <property name="java.vm.name" value="Java HotSpot(TM) 64-Bit Server VM"/>
    <property name="file.encoding.pkg" value="sun.io"/>
    <property name="user.country" value="US"/>
    <property name="sun.java.launcher" value="SUN_STANDARD"/>
    <property name="sun.os.patch.level" value="unknown"/>
    <property name="java.vm.specification.name" value="Java Virtual Machine Specification"/>
    <property name="user.dir" value="/Users/rhanberry/Desktop/rickhfinprojblank/hanberryfinalexpresso"/>
    <property name="java.runtime.version" value="1.8.0_65-b17"/>
    <property name="java.awt.graphicsenv" value="sun.awt.CGraphicsEnvironment"/>
    <property name="java.endorsed.dirs" value="/Library/Java/JavaVirtualMachines/jdk1.8.0_65.jdk/Contents/Home/jre/lib/endorsed"/>
    <property name="os.arch" value="x86_64"/>
    <property name="java.io.tmpdir" value="/var/folders/rx/tf_0j07j3lxgm_pk03cb4zbc0000gn/T/"/>
    <property name="line.separator" value="&#10;"/>
    <property name="java.vm.specification.vendor" value="Oracle Corporation"/>
    <property name="os.name" value="Mac OS X"/>
    <property name="classworlds.conf" value="/usr/local/Cellar/maven/3.3.9/libexec/bin/m2.conf"/>
    <property name="sun.jnu.encoding" value="UTF-8"/>
    <property name="java.library.path" value="/Users/rhanberry/Library/Java/Extensions:/Library/Java/Extensions:/Network/Library/Java/Extensions:/System/Library/Java/Extensions:/usr/lib/java:."/>
    <property name="java.specification.name" value="Java Platform API Specification"/>
    <property name="java.class.version" value="52.0"/>
    <property name="sun.management.compiler" value="HotSpot 64-Bit Tiered Compilers"/>
    <property name="os.version" value="10.11.2"/>
    <property name="http.nonProxyHosts" value="local|*.local|169.254/16|*.169.254/16"/>
    <property name="user.home" value="/Users/rhanberry"/>
    <property name="user.timezone" value="America/Los_Angeles"/>
    <property name="java.awt.printerjob" value="sun.lwawt.macosx.CPrinterJob"/>
    <property name="memoryInMB" value="2000"/>
    <property name="java.specification.version" value="1.8"/>
    <property name="file.encoding" value="UTF-8"/>
    <property name="user.name" value="rhanberry"/>
    <property name="java.class.path" value="/usr/local/Cellar/maven/3.3.9/libexec/boot/plexus-classworlds-2.5.2.jar"/>
    <property name="java.vm.specification.version" value="1.8"/>
    <property name="sun.arch.data.model" value="64"/>
    <property name="java.home" value="/Library/Java/JavaVirtualMachines/jdk1.8.0_65.jdk/Contents/Home/jre"/>
    <property name="sun.java.command" value="org.codehaus.plexus.classworlds.launcher.Launcher -DmemoryInMB=2000 -Dcores=2 evosuite:generate evosuite:export test"/>
    <property name="java.specification.vendor" value="Oracle Corporation"/>
    <property name="user.language" value="en"/>
    <property name="awt.toolkit" value="sun.lwawt.macosx.LWCToolkit"/>
    <property name="java.vm.info" value="mixed mode"/>
    <property name="java.version" value="1.8.0_65"/>
    <property name="java.ext.dirs" value="/Users/rhanberry/Library/Java/Extensions:/Library/Java/JavaVirtualMachines/jdk1.8.0_65.jdk/Contents/Home/jre/lib/ext:/Library/Java/Extensions:/Network/Library/Java/Extensions:/System/Library/Java/Extensions:/usr/lib/java"/>
    <property name="sun.boot.class.path" value="/Library/Java/JavaVirtualMachines/jdk1.8.0_65.jdk/Contents/Home/jre/lib/resources.jar:/Library/Java/JavaVirtualMachines/jdk1.8.0_65.jdk/Contents/Home/jre/lib/rt.jar:/Library/Java/JavaVirtualMachines/jdk1.8.0_65.jdk/Contents/Home/jre/lib/sunrsasign.jar:/Library/Java/JavaVirtualMachines/jdk1.8.0_65.jdk/Contents/Home/jre/lib/jsse.jar:/Library/Java/JavaVirtualMachines/jdk1.8.0_65.jdk/Contents/Home/jre/lib/jce.jar:/Library/Java/JavaVirtualMachines/jdk1.8.0_65.jdk/Contents/Home/jre/lib/charsets.jar:/Library/Java/JavaVirtualMachines/jdk1.8.0_65.jdk/Contents/Home/jre/lib/jfr.jar:/Library/Java/JavaVirtualMachines/jdk1.8.0_65.jdk/Contents/Home/jre/classes"/>
    <property name="java.vendor" value="Oracle Corporation"/>
    <property name="maven.home" value="/usr/local/Cellar/maven/3.3.9/libexec"/>
    <property name="file.separator" value="/"/>
    <property name="java.vendor.url.bug" value="http://bugreport.sun.com/bugreport/"/>
    <property name="sun.cpu.endian" value="little"/>
    <property name="sun.io.unicode.encoding" value="UnicodeBig"/>
    <property name="socksNonProxyHosts" value="local|*.local|169.254/16|*.169.254/16"/>
    <property name="ftp.nonProxyHosts" value="local|*.local|169.254/16|*.169.254/16"/>
    <property name="sun.cpu.isalist" value=""/>
  </properties>
  <testcase name="test6" classname="com.rickhanberryfinal.webservices.BakedGoodWebService_ESTest" time="0.001"/>
  <testcase name="test2" classname="com.rickhanberryfinal.webservices.BakedGoodWebService_ESTest" time="0.001">
    <error message="org/springframework/http/HttpStatus" type="java.lang.NoClassDefFoundError">java.lang.NoClassDefFoundError: org/springframework/http/HttpStatus
	at java.lang.ClassLoader.defineClass1(Native Method)
	at java.lang.ClassLoader.defineClass(ClassLoader.java:760)
	at java.lang.ClassLoader.defineClass(ClassLoader.java:642)
	at org.evosuite.runtime.instrumentation.EvoClassLoader.instrumentClass(EvoClassLoader.java:116)
	at org.evosuite.runtime.instrumentation.EvoClassLoader.loadClass(EvoClassLoader.java:92)
	at org.springframework.http.ResponseEntity.badRequest(ResponseEntity.java:239)
	at com.rickhanberryfinal.webservices.BakedGoodWebService.createBakedGood(BakedGoodWebService.java:39)
	at com.rickhanberryfinal.webservices.BakedGoodWebService_ESTest.test2(BakedGoodWebService_ESTest.java:64)
</error>
    <system-out><![CDATA[23:36:16.510 [Time-limited test] INFO  o.e.r.instrumentation.EvoClassLoader - Seeing class for first time: org.springframework.http.ResponseEntity
23:36:16.510 [Time-limited test] INFO  o.e.r.instrumentation.EvoClassLoader - Instrumenting class 'org.springframework.http.ResponseEntity'.
23:36:16.511 [Time-limited test] INFO  o.e.r.i.MethodCallReplacementClassAdapter - Adding mock interface to class org/springframework/http/ResponseEntity
23:36:16.511 [Time-limited test] INFO  o.e.r.i.CreateClassResetClassAdapter - Creating brand-new static initializer in class org/springframework/http/ResponseEntity
23:36:16.511 [Time-limited test] DEBUG o.e.r.agent.TransformerForTests - Going to instrument: org.springframework.http.ResponseEntity
23:36:16.512 [Time-limited test] INFO  o.e.r.instrumentation.EvoClassLoader - Keeping class: org.springframework.http.ResponseEntity
23:36:16.513 [Time-limited test] INFO  o.e.r.instrumentation.EvoClassLoader - Seeing class for first time: org.springframework.http.HttpStatus
23:36:16.513 [Time-limited test] INFO  o.e.r.instrumentation.EvoClassLoader - Instrumenting class 'org.springframework.http.HttpStatus'.
23:36:16.513 [Time-limited test] INFO  o.e.r.i.MethodCallReplacementClassAdapter - Adding mock interface to class org/springframework/http/HttpStatus
23:36:16.514 [Time-limited test] INFO  o.e.r.i.CreateClassResetClassAdapter - Found static initializer in class org/springframework/http/HttpStatus
23:36:16.515 [Time-limited test] INFO  o.e.r.i.MethodCallReplacementClassAdapter - No hashCode defined for: org/springframework/http/HttpStatus, superclass = java.lang.Enum
23:36:16.515 [Time-limited test] DEBUG o.e.r.agent.TransformerForTests - Going to instrument: org.springframework.http.HttpStatus
23:36:16.516 [Time-limited test] INFO  o.e.r.i.CreateClassResetClassAdapter - Found static initializer in class org/springframework/http/HttpStatus
23:36:16.517 [Time-limited test] INFO  o.e.r.i.MethodCallReplacementClassAdapter - No hashCode defined for: org/springframework/http/HttpStatus, superclass = java.lang.Enum
23:36:16.517 [Time-limited test] INFO  o.e.r.instrumentation.EvoClassLoader - Error while loading class: java.lang.ClassFormatError: Duplicate method name&signature in class file org/springframework/http/HttpStatus
23:36:16.518 [main] INFO  o.e.r.instrumentation.EvoClassLoader - Seeing class for first time: org.springframework.web.bind.annotation.RequestMethod
23:36:16.518 [main] INFO  o.e.r.instrumentation.EvoClassLoader - Instrumenting class 'org.springframework.web.bind.annotation.RequestMethod'.
23:36:16.518 [main] INFO  o.e.r.i.MethodCallReplacementClassAdapter - Adding mock interface to class org/springframework/web/bind/annotation/RequestMethod
23:36:16.518 [main] INFO  o.e.r.i.CreateClassResetClassAdapter - Found static initializer in class org/springframework/web/bind/annotation/RequestMethod
23:36:16.518 [main] INFO  o.e.r.i.MethodCallReplacementClassAdapter - No hashCode defined for: org/springframework/web/bind/annotation/RequestMethod, superclass = java.lang.Enum
23:36:16.518 [main] DEBUG o.e.r.agent.TransformerForTests - Going to instrument: org.springframework.web.bind.annotation.RequestMethod
23:36:16.518 [main] INFO  o.e.r.i.CreateClassResetClassAdapter - Found static initializer in class org/springframework/web/bind/annotation/RequestMethod
23:36:16.518 [main] INFO  o.e.r.i.MethodCallReplacementClassAdapter - No hashCode defined for: org/springframework/web/bind/annotation/RequestMethod, superclass = java.lang.Enum
23:36:16.519 [main] INFO  o.e.r.instrumentation.EvoClassLoader - Error while loading class: java.lang.ClassFormatError: Duplicate method name&signature in class file org/springframework/web/bind/annotation/RequestMethod
23:36:16.519 [main] INFO  o.e.r.instrumentation.EvoClassLoader - Seeing class for first time: org.springframework.http.HttpStatus
23:36:16.519 [main] INFO  o.e.r.instrumentation.EvoClassLoader - Instrumenting class 'org.springframework.http.HttpStatus'.
23:36:16.519 [main] INFO  o.e.r.i.MethodCallReplacementClassAdapter - Adding mock interface to class org/springframework/http/HttpStatus
23:36:16.520 [main] INFO  o.e.r.i.CreateClassResetClassAdapter - Found static initializer in class org/springframework/http/HttpStatus
23:36:16.521 [main] INFO  o.e.r.i.MethodCallReplacementClassAdapter - No hashCode defined for: org/springframework/http/HttpStatus, superclass = java.lang.Enum
23:36:16.521 [main] DEBUG o.e.r.agent.TransformerForTests - Going to instrument: org.springframework.http.HttpStatus
23:36:16.522 [main] INFO  o.e.r.i.CreateClassResetClassAdapter - Found static initializer in class org/springframework/http/HttpStatus
23:36:16.523 [main] INFO  o.e.r.i.MethodCallReplacementClassAdapter - No hashCode defined for: org/springframework/http/HttpStatus, superclass = java.lang.Enum
23:36:16.523 [main] INFO  o.e.r.instrumentation.EvoClassLoader - Error while loading class: java.lang.ClassFormatError: Duplicate method name&signature in class file org/springframework/http/HttpStatus
]]></system-out>
  </testcase>
  <testcase name="test3" classname="com.rickhanberryfinal.webservices.BakedGoodWebService_ESTest" time="0.001"/>
  <testcase name="test4" classname="com.rickhanberryfinal.webservices.BakedGoodWebService_ESTest" time="0.001"/>
  <testcase name="test5" classname="com.rickhanberryfinal.webservices.BakedGoodWebService_ESTest" time="0"/>
  <testcase name="test0" classname="com.rickhanberryfinal.webservices.BakedGoodWebService_ESTest" time="0.001"/>
  <testcase name="test1" classname="com.rickhanberryfinal.webservices.BakedGoodWebService_ESTest" time="0.001"/>
</testsuite>