<?xml version="1.0" encoding="UTF-8"?>
<testsuite name="com.rickhanberryfinal.HanberryFinalProjectApplication_ESTest" time="0.012" tests="8" errors="8" skipped="0" failures="0">
  <properties>
    <property name="java.runtime.name" value="Java(TM) SE Runtime Environment"/>
    <property name="sun.boot.library.path" value="/Library/Java/JavaVirtualMachines/jdk1.8.0_65.jdk/Contents/Home/jre/lib"/>
    <property name="java.vm.version" value="25.65-b01"/>
    <property name="gopherProxySet" value="false"/>
    <property name="cores" value="2"/>
    <property name="java.vm.vendor" value="Oracle Corporation"/>
    <property name="maven.multiModuleProjectDirectory" value="/Users/rhanberry/Desktop/rickhfinprojblank/hanberryfinalexpresso"/>
    <property name="java.vendor.url" value="http://java.oracle.com/"/>
    <property name="path.separator" value=":"/>
    <property name="guice.disable.misplaced.annotation.check" value="true"/>
    <property name="java.vm.name" value="Java HotSpot(TM) 64-Bit Server VM"/>
    <property name="file.encoding.pkg" value="sun.io"/>
    <property name="user.country" value="US"/>
    <property name="sun.java.launcher" value="SUN_STANDARD"/>
    <property name="sun.os.patch.level" value="unknown"/>
    <property name="java.vm.specification.name" value="Java Virtual Machine Specification"/>
    <property name="user.dir" value="/Users/rhanberry/Desktop/rickhfinprojblank/hanberryfinalexpresso"/>
    <property name="java.runtime.version" value="1.8.0_65-b17"/>
    <property name="java.awt.graphicsenv" value="sun.awt.CGraphicsEnvironment"/>
    <property name="java.endorsed.dirs" value="/Library/Java/JavaVirtualMachines/jdk1.8.0_65.jdk/Contents/Home/jre/lib/endorsed"/>
    <property name="os.arch" value="x86_64"/>
    <property name="java.io.tmpdir" value="/var/folders/rx/tf_0j07j3lxgm_pk03cb4zbc0000gn/T/"/>
    <property name="line.separator" value="&#10;"/>
    <property name="java.vm.specification.vendor" value="Oracle Corporation"/>
    <property name="os.name" value="Mac OS X"/>
    <property name="classworlds.conf" value="/usr/local/Cellar/maven/3.3.9/libexec/bin/m2.conf"/>
    <property name="sun.jnu.encoding" value="UTF-8"/>
    <property name="java.library.path" value="/Users/rhanberry/Library/Java/Extensions:/Library/Java/Extensions:/Network/Library/Java/Extensions:/System/Library/Java/Extensions:/usr/lib/java:."/>
    <property name="java.specification.name" value="Java Platform API Specification"/>
    <property name="java.class.version" value="52.0"/>
    <property name="sun.management.compiler" value="HotSpot 64-Bit Tiered Compilers"/>
    <property name="os.version" value="10.11.2"/>
    <property name="http.nonProxyHosts" value="local|*.local|169.254/16|*.169.254/16"/>
    <property name="user.home" value="/Users/rhanberry"/>
    <property name="user.timezone" value="America/Los_Angeles"/>
    <property name="java.awt.printerjob" value="sun.lwawt.macosx.CPrinterJob"/>
    <property name="memoryInMB" value="2000"/>
    <property name="java.specification.version" value="1.8"/>
    <property name="file.encoding" value="UTF-8"/>
    <property name="user.name" value="rhanberry"/>
    <property name="java.class.path" value="/usr/local/Cellar/maven/3.3.9/libexec/boot/plexus-classworlds-2.5.2.jar"/>
    <property name="java.vm.specification.version" value="1.8"/>
    <property name="sun.arch.data.model" value="64"/>
    <property name="java.home" value="/Library/Java/JavaVirtualMachines/jdk1.8.0_65.jdk/Contents/Home/jre"/>
    <property name="sun.java.command" value="org.codehaus.plexus.classworlds.launcher.Launcher -DmemoryInMB=2000 -Dcores=2 evosuite:generate evosuite:export test"/>
    <property name="java.specification.vendor" value="Oracle Corporation"/>
    <property name="user.language" value="en"/>
    <property name="awt.toolkit" value="sun.lwawt.macosx.LWCToolkit"/>
    <property name="java.vm.info" value="mixed mode"/>
    <property name="java.version" value="1.8.0_65"/>
    <property name="java.ext.dirs" value="/Users/rhanberry/Library/Java/Extensions:/Library/Java/JavaVirtualMachines/jdk1.8.0_65.jdk/Contents/Home/jre/lib/ext:/Library/Java/Extensions:/Network/Library/Java/Extensions:/System/Library/Java/Extensions:/usr/lib/java"/>
    <property name="sun.boot.class.path" value="/Library/Java/JavaVirtualMachines/jdk1.8.0_65.jdk/Contents/Home/jre/lib/resources.jar:/Library/Java/JavaVirtualMachines/jdk1.8.0_65.jdk/Contents/Home/jre/lib/rt.jar:/Library/Java/JavaVirtualMachines/jdk1.8.0_65.jdk/Contents/Home/jre/lib/sunrsasign.jar:/Library/Java/JavaVirtualMachines/jdk1.8.0_65.jdk/Contents/Home/jre/lib/jsse.jar:/Library/Java/JavaVirtualMachines/jdk1.8.0_65.jdk/Contents/Home/jre/lib/jce.jar:/Library/Java/JavaVirtualMachines/jdk1.8.0_65.jdk/Contents/Home/jre/lib/charsets.jar:/Library/Java/JavaVirtualMachines/jdk1.8.0_65.jdk/Contents/Home/jre/lib/jfr.jar:/Library/Java/JavaVirtualMachines/jdk1.8.0_65.jdk/Contents/Home/jre/classes"/>
    <property name="java.vendor" value="Oracle Corporation"/>
    <property name="maven.home" value="/usr/local/Cellar/maven/3.3.9/libexec"/>
    <property name="file.separator" value="/"/>
    <property name="java.vendor.url.bug" value="http://bugreport.sun.com/bugreport/"/>
    <property name="sun.cpu.endian" value="little"/>
    <property name="sun.io.unicode.encoding" value="UnicodeBig"/>
    <property name="socksNonProxyHosts" value="local|*.local|169.254/16|*.169.254/16"/>
    <property name="ftp.nonProxyHosts" value="local|*.local|169.254/16|*.169.254/16"/>
    <property name="sun.cpu.isalist" value=""/>
  </properties>
  <testcase name="test7" classname="com.rickhanberryfinal.HanberryFinalProjectApplication_ESTest" time="0.002">
    <error message="org/springframework/boot/SpringApplication" type="java.lang.NoClassDefFoundError">java.lang.NoClassDefFoundError: org/springframework/boot/SpringApplication
	at java.lang.ClassLoader.defineClass1(Native Method)
	at java.lang.ClassLoader.defineClass(ClassLoader.java:760)
	at java.lang.ClassLoader.defineClass(ClassLoader.java:642)
	at org.evosuite.runtime.instrumentation.EvoClassLoader.instrumentClass(EvoClassLoader.java:116)
	at org.evosuite.runtime.instrumentation.EvoClassLoader.loadClass(EvoClassLoader.java:92)
	at com.rickhanberryfinal.HanberryFinalProjectApplication.main(HanberryFinalProjectApplication.java:10)
	at com.rickhanberryfinal.HanberryFinalProjectApplication_ESTest.test7(HanberryFinalProjectApplication_ESTest.java:186)
</error>
    <system-out><![CDATA[23:36:13.266 [main] INFO  o.e.r.instrumentation.EvoClassLoader - Seeing class for first time: com.rickhanberryfinal.HanberryFinalProjectApplication_ESTest
23:36:13.266 [main] INFO  o.e.r.instrumentation.EvoClassLoader - Instrumenting class 'com.rickhanberryfinal.HanberryFinalProjectApplication_ESTest'.
23:36:13.268 [main] INFO  o.e.r.instrumentation.EvoClassLoader - Seeing class for first time: com.rickhanberryfinal.HanberryFinalProjectApplication_ESTest_scaffolding
23:36:13.268 [main] INFO  o.e.r.instrumentation.EvoClassLoader - Instrumenting class 'com.rickhanberryfinal.HanberryFinalProjectApplication_ESTest_scaffolding'.
23:36:13.270 [main] INFO  o.e.r.instrumentation.EvoClassLoader - Keeping class: com.rickhanberryfinal.HanberryFinalProjectApplication_ESTest_scaffolding
23:36:13.270 [main] INFO  o.e.r.instrumentation.EvoClassLoader - Keeping class: com.rickhanberryfinal.HanberryFinalProjectApplication_ESTest
23:36:13.274 [main] DEBUG o.e.runtime.sandbox.MSecurityManager - Adding privileged thread: "Reference Handler"
23:36:13.274 [main] DEBUG o.e.runtime.sandbox.MSecurityManager - Adding privileged thread: "Finalizer"
23:36:13.274 [main] DEBUG o.e.runtime.sandbox.MSecurityManager - Adding privileged thread: "Signal Dispatcher"
23:36:13.274 [main] DEBUG o.e.runtime.sandbox.MSecurityManager - Adding privileged thread: "Attach Listener"
23:36:13.274 [main] DEBUG o.e.runtime.sandbox.MSecurityManager - Adding privileged thread: "AppKit Thread"
23:36:13.274 [main] DEBUG o.e.runtime.sandbox.MSecurityManager - Adding privileged thread: "Java2D Queue Flusher"
23:36:13.274 [main] DEBUG o.e.runtime.sandbox.MSecurityManager - Adding privileged thread: "Java2D Disposer"
23:36:13.274 [main] DEBUG o.e.runtime.sandbox.MSecurityManager - Adding privileged thread: "main"
23:36:13.275 [main] INFO  o.e.r.instrumentation.EvoClassLoader - Seeing class for first time: org.springframework.util.ReflectionUtils$FieldFilter
23:36:13.275 [main] INFO  o.e.r.instrumentation.EvoClassLoader - Instrumenting class 'org.springframework.util.ReflectionUtils$FieldFilter'.
23:36:13.276 [main] DEBUG o.e.r.agent.TransformerForTests - Going to instrument: org.springframework.util.ReflectionUtils$FieldFilter
23:36:13.276 [main] INFO  o.e.r.instrumentation.EvoClassLoader - Keeping class: org.springframework.util.ReflectionUtils$FieldFilter
23:36:13.277 [main] INFO  o.e.r.instrumentation.EvoClassLoader - Seeing class for first time: org.springframework.core.convert.support.ObjectToStringConverter
23:36:13.277 [main] INFO  o.e.r.instrumentation.EvoClassLoader - Instrumenting class 'org.springframework.core.convert.support.ObjectToStringConverter'.
23:36:13.277 [main] INFO  o.e.r.i.MethodCallReplacementClassAdapter - Adding mock interface to class org/springframework/core/convert/support/ObjectToStringConverter
23:36:13.277 [main] INFO  o.e.r.i.MethodCallReplacementClassAdapter - No hashCode defined for: org/springframework/core/convert/support/ObjectToStringConverter, superclass = java.lang.Object
23:36:13.277 [main] INFO  o.e.r.i.CreateClassResetClassAdapter - Creating brand-new static initializer in class org/springframework/core/convert/support/ObjectToStringConverter
23:36:13.278 [main] DEBUG o.e.r.agent.TransformerForTests - Going to instrument: org.springframework.core.convert.support.ObjectToStringConverter
23:36:13.278 [main] INFO  o.e.r.instrumentation.EvoClassLoader - Seeing class for first time: org.springframework.core.convert.converter.Converter
23:36:13.278 [main] INFO  o.e.r.instrumentation.EvoClassLoader - Instrumenting class 'org.springframework.core.convert.converter.Converter'.
23:36:13.279 [main] DEBUG o.e.r.agent.TransformerForTests - Going to instrument: org.springframework.core.convert.converter.Converter
23:36:13.279 [main] INFO  o.e.r.instrumentation.EvoClassLoader - Keeping class: org.springframework.core.convert.converter.Converter
23:36:13.279 [main] INFO  o.e.r.instrumentation.EvoClassLoader - Keeping class: org.springframework.core.convert.support.ObjectToStringConverter
23:36:13.279 [main] INFO  o.e.r.instrumentation.EvoClassLoader - Seeing class for first time: org.springframework.boot.SpringBootBanner
23:36:13.279 [main] INFO  o.e.r.instrumentation.EvoClassLoader - Instrumenting class 'org.springframework.boot.SpringBootBanner'.
23:36:13.280 [main] INFO  o.e.r.i.MethodCallReplacementClassAdapter - Adding mock interface to class org/springframework/boot/SpringBootBanner
23:36:13.280 [main] INFO  o.e.r.i.CreateClassResetClassAdapter - Found static initializer in class org/springframework/boot/SpringBootBanner
23:36:13.280 [main] INFO  o.e.r.i.MethodCallReplacementClassAdapter - No hashCode defined for: org/springframework/boot/SpringBootBanner, superclass = java.lang.Object
23:36:13.280 [main] DEBUG o.e.r.agent.TransformerForTests - Going to instrument: org.springframework.boot.SpringBootBanner
23:36:13.281 [main] INFO  o.e.r.i.CreateClassResetClassAdapter - Found static initializer in class org/springframework/boot/SpringBootBanner
23:36:13.281 [main] INFO  o.e.r.instrumentation.EvoClassLoader - Seeing class for first time: org.springframework.boot.Banner
23:36:13.281 [main] INFO  o.e.r.instrumentation.EvoClassLoader - Instrumenting class 'org.springframework.boot.Banner'.
23:36:13.282 [main] DEBUG o.e.r.agent.TransformerForTests - Going to instrument: org.springframework.boot.Banner
23:36:13.282 [main] INFO  o.e.r.instrumentation.EvoClassLoader - Keeping class: org.springframework.boot.Banner
23:36:13.282 [main] INFO  o.e.r.instrumentation.EvoClassLoader - Error while loading class: java.lang.ClassFormatError: Duplicate method name&signature in class file org/springframework/boot/SpringBootBanner
23:36:13.282 [main] ERROR o.e.r.c.ClassStateSupport - Could not initialize org.springframework.boot.SpringBootBanner: Duplicate method name&signature in class file org/springframework/boot/SpringBootBanner
23:36:13.283 [main] INFO  o.e.r.instrumentation.EvoClassLoader - Seeing class for first time: org.springframework.validation.Validator
23:36:13.286 [main] INFO  o.e.r.instrumentation.EvoClassLoader - Instrumenting class 'org.springframework.validation.Validator'.
23:36:13.295 [main] DEBUG o.e.r.agent.TransformerForTests - Going to instrument: org.springframework.validation.Validator
23:36:13.300 [main] INFO  o.e.r.instrumentation.EvoClassLoader - Keeping class: org.springframework.validation.Validator
23:36:13.305 [main] INFO  o.e.r.instrumentation.EvoClassLoader - Seeing class for first time: org.springframework.aop.support.AopUtils
23:36:13.311 [main] INFO  o.e.r.instrumentation.EvoClassLoader - Instrumenting class 'org.springframework.aop.support.AopUtils'.
23:36:13.312 [main] INFO  o.e.r.i.MethodCallReplacementClassAdapter - Adding mock interface to class org/springframework/aop/support/AopUtils
23:36:13.313 [main] INFO  o.e.r.i.MethodCallReplacementClassAdapter - No hashCode defined for: org/springframework/aop/support/AopUtils, superclass = java.lang.Object
23:36:13.313 [main] INFO  o.e.r.i.CreateClassResetClassAdapter - Creating brand-new static initializer in class org/springframework/aop/support/AopUtils
23:36:13.313 [main] DEBUG o.e.r.agent.TransformerForTests - Going to instrument: org.springframework.aop.support.AopUtils
23:36:13.314 [main] INFO  o.e.r.instrumentation.EvoClassLoader - Keeping class: org.springframework.aop.support.AopUtils
23:36:13.315 [main] INFO  o.e.r.instrumentation.EvoClassLoader - Seeing class for first time: org.springframework.aop.AopInvocationException
23:36:13.315 [main] INFO  o.e.r.instrumentation.EvoClassLoader - Instrumenting class 'org.springframework.aop.AopInvocationException'.
23:36:13.316 [main] INFO  o.e.r.i.MethodCallReplacementClassAdapter - Adding mock interface to class org/springframework/aop/AopInvocationException
23:36:13.316 [main] INFO  o.e.r.i.MethodCallReplacementClassAdapter - No hashCode defined for: org/springframework/aop/AopInvocationException, superclass = org.springframework.core.NestedRuntimeException
23:36:13.316 [main] INFO  o.e.r.i.CreateClassResetClassAdapter - Creating brand-new static initializer in class org/springframework/aop/AopInvocationException
23:36:13.316 [main] DEBUG o.e.r.agent.TransformerForTests - Going to instrument: org.springframework.aop.AopInvocationException
23:36:13.316 [main] INFO  o.e.r.i.MethodCallReplacementClassAdapter - No hashCode defined for: org/springframework/aop/AopInvocationException, superclass = org.springframework.core.NestedRuntimeException
23:36:13.316 [main] INFO  o.e.r.instrumentation.EvoClassLoader - Seeing class for first time: org.springframework.core.NestedRuntimeException
23:36:13.316 [main] INFO  o.e.r.instrumentation.EvoClassLoader - Instrumenting class 'org.springframework.core.NestedRuntimeException'.
23:36:13.317 [main] INFO  o.e.r.i.MethodCallReplacementClassAdapter - Adding mock interface to class org/springframework/core/NestedRuntimeException
23:36:13.317 [main] INFO  o.e.r.i.CreateClassResetClassAdapter - Found static initializer in class org/springframework/core/NestedRuntimeException
23:36:13.317 [main] INFO  o.e.r.i.MethodCallReplacementClassAdapter - No hashCode defined for: org/springframework/core/NestedRuntimeException, superclass = java.lang.RuntimeException
23:36:13.317 [main] DEBUG o.e.r.agent.TransformerForTests - Going to instrument: org.springframework.core.NestedRuntimeException
23:36:13.318 [main] INFO  o.e.r.i.CreateClassResetClassAdapter - Found static initializer in class org/springframework/core/NestedRuntimeException
23:36:13.318 [main] INFO  o.e.r.i.MethodCallReplacementClassAdapter - No hashCode defined for: org/springframework/core/NestedRuntimeException, superclass = org.evosuite.runtime.mock.java.lang.MockRuntimeException
23:36:13.319 [main] INFO  o.e.r.instrumentation.EvoClassLoader - Error while loading class: java.lang.ClassFormatError: Duplicate method name&signature in class file org/springframework/core/NestedRuntimeException
23:36:13.319 [main] INFO  o.e.r.instrumentation.EvoClassLoader - Error while loading class: java.lang.NoClassDefFoundError: org/springframework/core/NestedRuntimeException
23:36:13.319 [main] ERROR o.e.r.c.ClassStateSupport - Could not initialize org.springframework.aop.support.AopUtils: org/springframework/aop/AopInvocationException
23:36:13.319 [main] INFO  o.e.r.instrumentation.EvoClassLoader - Seeing class for first time: org.springframework.core.env.PropertySource$ComparisonPropertySource
23:36:13.319 [main] INFO  o.e.r.instrumentation.EvoClassLoader - Instrumenting class 'org.springframework.core.env.PropertySource$ComparisonPropertySource'.
23:36:13.320 [main] INFO  o.e.r.i.MethodCallReplacementClassAdapter - Adding mock interface to class org/springframework/core/env/PropertySource$ComparisonPropertySource
23:36:13.320 [main] INFO  o.e.r.i.MethodCallReplacementClassAdapter - No hashCode defined for: org/springframework/core/env/PropertySource$ComparisonPropertySource, superclass = org.springframework.core.env.PropertySource$StubPropertySource
23:36:13.320 [main] INFO  o.e.r.i.CreateClassResetClassAdapter - Creating brand-new static initializer in class org/springframework/core/env/PropertySource$ComparisonPropertySource
23:36:13.320 [main] INFO  o.e.r.i.CreateClassResetClassAdapter - Adding bytecode for initializing field USAGE_ERROR
23:36:13.320 [main] DEBUG o.e.r.agent.TransformerForTests - Going to instrument: org.springframework.core.env.PropertySource$ComparisonPropertySource
23:36:13.320 [main] INFO  o.e.r.i.MethodCallReplacementClassAdapter - No hashCode defined for: org/springframework/core/env/PropertySource$ComparisonPropertySource, superclass = org.springframework.core.env.PropertySource$StubPropertySource
23:36:13.320 [main] INFO  o.e.r.instrumentation.EvoClassLoader - Seeing class for first time: org.springframework.core.env.PropertySource$StubPropertySource
23:36:13.320 [main] INFO  o.e.r.instrumentation.EvoClassLoader - Instrumenting class 'org.springframework.core.env.PropertySource$StubPropertySource'.
23:36:13.321 [main] INFO  o.e.r.i.MethodCallReplacementClassAdapter - Adding mock interface to class org/springframework/core/env/PropertySource$StubPropertySource
23:36:13.321 [main] INFO  o.e.r.i.MethodCallReplacementClassAdapter - No hashCode defined for: org/springframework/core/env/PropertySource$StubPropertySource, superclass = org.springframework.core.env.PropertySource
23:36:13.321 [main] INFO  o.e.r.i.CreateClassResetClassAdapter - Creating brand-new static initializer in class org/springframework/core/env/PropertySource$StubPropertySource
23:36:13.321 [main] DEBUG o.e.r.agent.TransformerForTests - Going to instrument: org.springframework.core.env.PropertySource$StubPropertySource
23:36:13.321 [main] INFO  o.e.r.i.MethodCallReplacementClassAdapter - No hashCode defined for: org/springframework/core/env/PropertySource$StubPropertySource, superclass = org.springframework.core.env.PropertySource
23:36:13.321 [main] INFO  o.e.r.instrumentation.EvoClassLoader - Seeing class for first time: org.springframework.core.env.PropertySource
23:36:13.321 [main] INFO  o.e.r.instrumentation.EvoClassLoader - Instrumenting class 'org.springframework.core.env.PropertySource'.
23:36:13.322 [main] INFO  o.e.r.i.MethodCallReplacementClassAdapter - Adding mock interface to class org/springframework/core/env/PropertySource
23:36:13.322 [main] INFO  o.e.r.i.CreateClassResetClassAdapter - Creating brand-new static initializer in class org/springframework/core/env/PropertySource
23:36:13.322 [main] DEBUG o.e.r.agent.TransformerForTests - Going to instrument: org.springframework.core.env.PropertySource
23:36:13.323 [main] INFO  o.e.r.instrumentation.EvoClassLoader - Keeping class: org.springframework.core.env.PropertySource
23:36:13.323 [main] INFO  o.e.r.instrumentation.EvoClassLoader - Keeping class: org.springframework.core.env.PropertySource$StubPropertySource
23:36:13.323 [main] INFO  o.e.r.instrumentation.EvoClassLoader - Keeping class: org.springframework.core.env.PropertySource$ComparisonPropertySource
23:36:13.324 [main] INFO  o.e.r.instrumentation.EvoClassLoader - Seeing class for first time: org.springframework.boot.context.event.ApplicationReadyEvent
23:36:13.324 [main] INFO  o.e.r.instrumentation.EvoClassLoader - Instrumenting class 'org.springframework.boot.context.event.ApplicationReadyEvent'.
23:36:13.324 [main] INFO  o.e.r.i.MethodCallReplacementClassAdapter - Adding mock interface to class org/springframework/boot/context/event/ApplicationReadyEvent
23:36:13.324 [main] INFO  o.e.r.i.MethodCallReplacementClassAdapter - No hashCode defined for: org/springframework/boot/context/event/ApplicationReadyEvent, superclass = org.springframework.boot.context.event.SpringApplicationEvent
23:36:13.324 [main] INFO  o.e.r.i.CreateClassResetClassAdapter - Creating brand-new static initializer in class org/springframework/boot/context/event/ApplicationReadyEvent
23:36:13.324 [main] DEBUG o.e.r.agent.TransformerForTests - Going to instrument: org.springframework.boot.context.event.ApplicationReadyEvent
23:36:13.325 [main] INFO  o.e.r.i.MethodCallReplacementClassAdapter - No hashCode defined for: org/springframework/boot/context/event/ApplicationReadyEvent, superclass = org.springframework.boot.context.event.SpringApplicationEvent
23:36:13.325 [main] INFO  o.e.r.instrumentation.EvoClassLoader - Seeing class for first time: org.springframework.boot.context.event.SpringApplicationEvent
23:36:13.325 [main] INFO  o.e.r.instrumentation.EvoClassLoader - Instrumenting class 'org.springframework.boot.context.event.SpringApplicationEvent'.
23:36:13.325 [main] INFO  o.e.r.i.MethodCallReplacementClassAdapter - Adding mock interface to class org/springframework/boot/context/event/SpringApplicationEvent
23:36:13.325 [main] INFO  o.e.r.i.MethodCallReplacementClassAdapter - No hashCode defined for: org/springframework/boot/context/event/SpringApplicationEvent, superclass = org.springframework.context.ApplicationEvent
23:36:13.325 [main] INFO  o.e.r.i.CreateClassResetClassAdapter - Creating brand-new static initializer in class org/springframework/boot/context/event/SpringApplicationEvent
23:36:13.326 [main] DEBUG o.e.r.agent.TransformerForTests - Going to instrument: org.springframework.boot.context.event.SpringApplicationEvent
23:36:13.326 [main] INFO  o.e.r.i.MethodCallReplacementClassAdapter - No hashCode defined for: org/springframework/boot/context/event/SpringApplicationEvent, superclass = org.springframework.context.ApplicationEvent
23:36:13.326 [main] INFO  o.e.r.instrumentation.EvoClassLoader - Seeing class for first time: org.springframework.context.ApplicationEvent
23:36:13.326 [main] INFO  o.e.r.instrumentation.EvoClassLoader - Instrumenting class 'org.springframework.context.ApplicationEvent'.
23:36:13.326 [main] INFO  o.e.r.i.MethodCallReplacementClassAdapter - Adding mock interface to class org/springframework/context/ApplicationEvent
23:36:13.326 [main] INFO  o.e.r.i.MethodCallReplacementClassAdapter - No hashCode defined for: org/springframework/context/ApplicationEvent, superclass = java.util.EventObject
23:36:13.326 [main] INFO  o.e.r.i.CreateClassResetClassAdapter - Creating brand-new static initializer in class org/springframework/context/ApplicationEvent
23:36:13.326 [main] DEBUG o.e.r.agent.TransformerForTests - Going to instrument: org.springframework.context.ApplicationEvent
23:36:13.327 [main] INFO  o.e.r.i.MethodCallReplacementClassAdapter - No hashCode defined for: org/springframework/context/ApplicationEvent, superclass = java.util.EventObject
23:36:13.327 [main] INFO  o.e.r.instrumentation.EvoClassLoader - Keeping class: org.springframework.context.ApplicationEvent
23:36:13.327 [main] INFO  o.e.r.instrumentation.EvoClassLoader - Keeping class: org.springframework.boot.context.event.SpringApplicationEvent
23:36:13.327 [main] INFO  o.e.r.instrumentation.EvoClassLoader - Keeping class: org.springframework.boot.context.event.ApplicationReadyEvent
23:36:13.327 [main] INFO  o.e.r.instrumentation.EvoClassLoader - Seeing class for first time: org.springframework.boot.json.JsonParser
23:36:13.327 [main] INFO  o.e.r.instrumentation.EvoClassLoader - Instrumenting class 'org.springframework.boot.json.JsonParser'.
23:36:13.328 [main] DEBUG o.e.r.agent.TransformerForTests - Going to instrument: org.springframework.boot.json.JsonParser
23:36:13.328 [main] INFO  o.e.r.instrumentation.EvoClassLoader - Keeping class: org.springframework.boot.json.JsonParser
23:36:13.328 [main] INFO  o.e.r.instrumentation.EvoClassLoader - Seeing class for first time: org.springframework.context.ApplicationContextException
23:36:13.328 [main] INFO  o.e.r.instrumentation.EvoClassLoader - Instrumenting class 'org.springframework.context.ApplicationContextException'.
23:36:13.329 [main] INFO  o.e.r.i.MethodCallReplacementClassAdapter - Adding mock interface to class org/springframework/context/ApplicationContextException
23:36:13.329 [main] INFO  o.e.r.i.MethodCallReplacementClassAdapter - No hashCode defined for: org/springframework/context/ApplicationContextException, superclass = org.springframework.beans.FatalBeanException
23:36:13.329 [main] INFO  o.e.r.i.CreateClassResetClassAdapter - Creating brand-new static initializer in class org/springframework/context/ApplicationContextException
23:36:13.329 [main] DEBUG o.e.r.agent.TransformerForTests - Going to instrument: org.springframework.context.ApplicationContextException
23:36:13.329 [main] INFO  o.e.r.i.MethodCallReplacementClassAdapter - No hashCode defined for: org/springframework/context/ApplicationContextException, superclass = org.springframework.beans.FatalBeanException
23:36:13.330 [main] INFO  o.e.r.instrumentation.EvoClassLoader - Seeing class for first time: org.springframework.beans.FatalBeanException
23:36:13.330 [main] INFO  o.e.r.instrumentation.EvoClassLoader - Instrumenting class 'org.springframework.beans.FatalBeanException'.
23:36:13.330 [main] INFO  o.e.r.i.MethodCallReplacementClassAdapter - Adding mock interface to class org/springframework/beans/FatalBeanException
23:36:13.330 [main] INFO  o.e.r.i.MethodCallReplacementClassAdapter - No hashCode defined for: org/springframework/beans/FatalBeanException, superclass = org.springframework.beans.BeansException
23:36:13.330 [main] INFO  o.e.r.i.CreateClassResetClassAdapter - Creating brand-new static initializer in class org/springframework/beans/FatalBeanException
23:36:13.330 [main] DEBUG o.e.r.agent.TransformerForTests - Going to instrument: org.springframework.beans.FatalBeanException
23:36:13.330 [main] INFO  o.e.r.i.MethodCallReplacementClassAdapter - No hashCode defined for: org/springframework/beans/FatalBeanException, superclass = org.springframework.beans.BeansException
23:36:13.330 [main] INFO  o.e.r.instrumentation.EvoClassLoader - Seeing class for first time: org.springframework.beans.BeansException
23:36:13.330 [main] INFO  o.e.r.instrumentation.EvoClassLoader - Instrumenting class 'org.springframework.beans.BeansException'.
23:36:13.331 [main] INFO  o.e.r.i.MethodCallReplacementClassAdapter - Adding mock interface to class org/springframework/beans/BeansException
23:36:13.360 [main] INFO  o.e.r.i.CreateClassResetClassAdapter - Creating brand-new static initializer in class org/springframework/beans/BeansException
23:36:13.361 [main] DEBUG o.e.r.agent.TransformerForTests - Going to instrument: org.springframework.beans.BeansException
23:36:13.361 [main] INFO  o.e.r.instrumentation.EvoClassLoader - Seeing class for first time: org.springframework.core.NestedRuntimeException
23:36:13.361 [main] INFO  o.e.r.instrumentation.EvoClassLoader - Instrumenting class 'org.springframework.core.NestedRuntimeException'.
23:36:13.362 [main] INFO  o.e.r.i.MethodCallReplacementClassAdapter - Adding mock interface to class org/springframework/core/NestedRuntimeException
23:36:13.362 [main] INFO  o.e.r.i.CreateClassResetClassAdapter - Found static initializer in class org/springframework/core/NestedRuntimeException
23:36:13.362 [main] INFO  o.e.r.i.MethodCallReplacementClassAdapter - No hashCode defined for: org/springframework/core/NestedRuntimeException, superclass = java.lang.RuntimeException
23:36:13.362 [main] DEBUG o.e.r.agent.TransformerForTests - Going to instrument: org.springframework.core.NestedRuntimeException
23:36:13.363 [main] INFO  o.e.r.i.CreateClassResetClassAdapter - Found static initializer in class org/springframework/core/NestedRuntimeException
23:36:13.363 [main] INFO  o.e.r.i.MethodCallReplacementClassAdapter - No hashCode defined for: org/springframework/core/NestedRuntimeException, superclass = org.evosuite.runtime.mock.java.lang.MockRuntimeException
23:36:13.363 [main] INFO  o.e.r.instrumentation.EvoClassLoader - Error while loading class: java.lang.ClassFormatError: Duplicate method name&signature in class file org/springframework/core/NestedRuntimeException
23:36:13.364 [main] INFO  o.e.r.instrumentation.EvoClassLoader - Error while loading class: java.lang.NoClassDefFoundError: org/springframework/core/NestedRuntimeException
23:36:13.364 [main] INFO  o.e.r.instrumentation.EvoClassLoader - Error while loading class: java.lang.NoClassDefFoundError: org/springframework/beans/BeansException
23:36:13.364 [main] INFO  o.e.r.instrumentation.EvoClassLoader - Error while loading class: java.lang.NoClassDefFoundError: org/springframework/beans/FatalBeanException
23:36:13.364 [main] INFO  o.e.r.instrumentation.EvoClassLoader - Seeing class for first time: org.springframework.context.event.SimpleApplicationEventMulticaster
23:36:13.364 [main] INFO  o.e.r.instrumentation.EvoClassLoader - Instrumenting class 'org.springframework.context.event.SimpleApplicationEventMulticaster'.
23:36:13.364 [main] INFO  o.e.r.i.MethodCallReplacementClassAdapter - Adding mock interface to class org/springframework/context/event/SimpleApplicationEventMulticaster
23:36:13.365 [main] INFO  o.e.r.i.MethodCallReplacementClassAdapter - No hashCode defined for: org/springframework/context/event/SimpleApplicationEventMulticaster, superclass = org.springframework.context.event.AbstractApplicationEventMulticaster
23:36:13.365 [main] INFO  o.e.r.i.CreateClassResetClassAdapter - Creating brand-new static initializer in class org/springframework/context/event/SimpleApplicationEventMulticaster
23:36:13.365 [main] DEBUG o.e.r.agent.TransformerForTests - Going to instrument: org.springframework.context.event.SimpleApplicationEventMulticaster
23:36:13.365 [main] INFO  o.e.r.i.MethodCallReplacementClassAdapter - No hashCode defined for: org/springframework/context/event/SimpleApplicationEventMulticaster, superclass = org.springframework.context.event.AbstractApplicationEventMulticaster
23:36:13.365 [main] INFO  o.e.r.instrumentation.EvoClassLoader - Seeing class for first time: org.springframework.context.event.AbstractApplicationEventMulticaster
23:36:13.365 [main] INFO  o.e.r.instrumentation.EvoClassLoader - Instrumenting class 'org.springframework.context.event.AbstractApplicationEventMulticaster'.
23:36:13.366 [main] INFO  o.e.r.i.MethodCallReplacementClassAdapter - Adding mock interface to class org/springframework/context/event/AbstractApplicationEventMulticaster
23:36:13.371 [main] INFO  o.e.r.i.MethodCallReplacementClassAdapter - No hashCode defined for: org/springframework/context/event/AbstractApplicationEventMulticaster, superclass = java.lang.Object
23:36:13.371 [main] INFO  o.e.r.i.CreateClassResetClassAdapter - Creating brand-new static initializer in class org/springframework/context/event/AbstractApplicationEventMulticaster
23:36:13.371 [main] DEBUG o.e.r.agent.TransformerForTests - Going to instrument: org.springframework.context.event.AbstractApplicationEventMulticaster
23:36:13.374 [main] INFO  o.e.r.instrumentation.EvoClassLoader - Seeing class for first time: org.springframework.context.event.ApplicationEventMulticaster
23:36:13.374 [main] INFO  o.e.r.instrumentation.EvoClassLoader - Instrumenting class 'org.springframework.context.event.ApplicationEventMulticaster'.
23:36:13.375 [main] DEBUG o.e.r.agent.TransformerForTests - Going to instrument: org.springframework.context.event.ApplicationEventMulticaster
23:36:13.375 [main] INFO  o.e.r.instrumentation.EvoClassLoader - Keeping class: org.springframework.context.event.ApplicationEventMulticaster
23:36:13.375 [main] INFO  o.e.r.instrumentation.EvoClassLoader - Seeing class for first time: org.springframework.beans.factory.BeanClassLoaderAware
23:36:13.375 [main] INFO  o.e.r.instrumentation.EvoClassLoader - Instrumenting class 'org.springframework.beans.factory.BeanClassLoaderAware'.
23:36:13.376 [main] DEBUG o.e.r.agent.TransformerForTests - Going to instrument: org.springframework.beans.factory.BeanClassLoaderAware
23:36:13.376 [main] INFO  o.e.r.instrumentation.EvoClassLoader - Seeing class for first time: org.springframework.beans.factory.Aware
23:36:13.376 [main] INFO  o.e.r.instrumentation.EvoClassLoader - Instrumenting class 'org.springframework.beans.factory.Aware'.
23:36:13.377 [main] DEBUG o.e.r.agent.TransformerForTests - Going to instrument: org.springframework.beans.factory.Aware
23:36:13.377 [main] INFO  o.e.r.instrumentation.EvoClassLoader - Keeping class: org.springframework.beans.factory.Aware
23:36:13.377 [main] INFO  o.e.r.instrumentation.EvoClassLoader - Keeping class: org.springframework.beans.factory.BeanClassLoaderAware
23:36:13.377 [main] INFO  o.e.r.instrumentation.EvoClassLoader - Seeing class for first time: org.springframework.beans.factory.BeanFactoryAware
23:36:13.377 [main] INFO  o.e.r.instrumentation.EvoClassLoader - Instrumenting class 'org.springframework.beans.factory.BeanFactoryAware'.
23:36:13.378 [main] DEBUG o.e.r.agent.TransformerForTests - Going to instrument: org.springframework.beans.factory.BeanFactoryAware
23:36:13.378 [main] INFO  o.e.r.instrumentation.EvoClassLoader - Keeping class: org.springframework.beans.factory.BeanFactoryAware
23:36:13.378 [main] INFO  o.e.r.instrumentation.EvoClassLoader - Keeping class: org.springframework.context.event.AbstractApplicationEventMulticaster
23:36:13.378 [main] INFO  o.e.r.instrumentation.EvoClassLoader - Keeping class: org.springframework.context.event.SimpleApplicationEventMulticaster
23:36:13.378 [main] INFO  o.e.r.instrumentation.EvoClassLoader - Seeing class for first time: org.springframework.beans.factory.NoSuchBeanDefinitionException
23:36:13.378 [main] INFO  o.e.r.instrumentation.EvoClassLoader - Instrumenting class 'org.springframework.beans.factory.NoSuchBeanDefinitionException'.
23:36:13.379 [main] INFO  o.e.r.i.MethodCallReplacementClassAdapter - Adding mock interface to class org/springframework/beans/factory/NoSuchBeanDefinitionException
23:36:13.379 [main] INFO  o.e.r.i.MethodCallReplacementClassAdapter - No hashCode defined for: org/springframework/beans/factory/NoSuchBeanDefinitionException, superclass = org.springframework.beans.BeansException
23:36:13.379 [main] INFO  o.e.r.i.CreateClassResetClassAdapter - Creating brand-new static initializer in class org/springframework/beans/factory/NoSuchBeanDefinitionException
23:36:13.379 [main] DEBUG o.e.r.agent.TransformerForTests - Going to instrument: org.springframework.beans.factory.NoSuchBeanDefinitionException
23:36:13.380 [main] INFO  o.e.r.i.MethodCallReplacementClassAdapter - No hashCode defined for: org/springframework/beans/factory/NoSuchBeanDefinitionException, superclass = org.springframework.beans.BeansException
23:36:13.380 [main] INFO  o.e.r.instrumentation.EvoClassLoader - Seeing class for first time: org.springframework.beans.BeansException
23:36:13.380 [main] INFO  o.e.r.instrumentation.EvoClassLoader - Instrumenting class 'org.springframework.beans.BeansException'.
23:36:13.380 [main] INFO  o.e.r.i.MethodCallReplacementClassAdapter - Adding mock interface to class org/springframework/beans/BeansException
23:36:13.380 [main] INFO  o.e.r.i.CreateClassResetClassAdapter - Creating brand-new static initializer in class org/springframework/beans/BeansException
23:36:13.380 [main] DEBUG o.e.r.agent.TransformerForTests - Going to instrument: org.springframework.beans.BeansException
23:36:13.381 [main] INFO  o.e.r.instrumentation.EvoClassLoader - Seeing class for first time: org.springframework.core.NestedRuntimeException
23:36:13.381 [main] INFO  o.e.r.instrumentation.EvoClassLoader - Instrumenting class 'org.springframework.core.NestedRuntimeException'.
23:36:13.381 [main] INFO  o.e.r.i.MethodCallReplacementClassAdapter - Adding mock interface to class org/springframework/core/NestedRuntimeException
23:36:13.382 [main] INFO  o.e.r.i.CreateClassResetClassAdapter - Found static initializer in class org/springframework/core/NestedRuntimeException
23:36:13.382 [main] INFO  o.e.r.i.MethodCallReplacementClassAdapter - No hashCode defined for: org/springframework/core/NestedRuntimeException, superclass = java.lang.RuntimeException
23:36:13.382 [main] DEBUG o.e.r.agent.TransformerForTests - Going to instrument: org.springframework.core.NestedRuntimeException
23:36:13.383 [main] INFO  o.e.r.i.CreateClassResetClassAdapter - Found static initializer in class org/springframework/core/NestedRuntimeException
23:36:13.383 [main] INFO  o.e.r.i.MethodCallReplacementClassAdapter - No hashCode defined for: org/springframework/core/NestedRuntimeException, superclass = org.evosuite.runtime.mock.java.lang.MockRuntimeException
23:36:13.383 [main] INFO  o.e.r.instrumentation.EvoClassLoader - Error while loading class: java.lang.ClassFormatError: Duplicate method name&signature in class file org/springframework/core/NestedRuntimeException
23:36:13.383 [main] INFO  o.e.r.instrumentation.EvoClassLoader - Error while loading class: java.lang.NoClassDefFoundError: org/springframework/core/NestedRuntimeException
23:36:13.383 [main] INFO  o.e.r.instrumentation.EvoClassLoader - Error while loading class: java.lang.NoClassDefFoundError: org/springframework/beans/BeansException
23:36:13.383 [main] ERROR o.e.r.c.ClassStateSupport - Could not initialize org.springframework.context.event.SimpleApplicationEventMulticaster: org/springframework/beans/factory/NoSuchBeanDefinitionException
23:36:13.383 [main] INFO  o.e.r.instrumentation.EvoClassLoader - Seeing class for first time: org.springframework.validation.BindingErrorProcessor
23:36:13.383 [main] INFO  o.e.r.instrumentation.EvoClassLoader - Instrumenting class 'org.springframework.validation.BindingErrorProcessor'.
23:36:13.384 [main] DEBUG o.e.r.agent.TransformerForTests - Going to instrument: org.springframework.validation.BindingErrorProcessor
23:36:13.384 [main] INFO  o.e.r.instrumentation.EvoClassLoader - Keeping class: org.springframework.validation.BindingErrorProcessor
23:36:13.384 [main] INFO  o.e.r.instrumentation.EvoClassLoader - Seeing class for first time: org.springframework.boot.bind.PropertySourcesPropertyValues
23:36:13.384 [main] INFO  o.e.r.instrumentation.EvoClassLoader - Instrumenting class 'org.springframework.boot.bind.PropertySourcesPropertyValues'.
23:36:13.385 [main] INFO  o.e.r.i.MethodCallReplacementClassAdapter - Adding mock interface to class org/springframework/boot/bind/PropertySourcesPropertyValues
23:36:13.385 [main] INFO  o.e.r.i.CreateClassResetClassAdapter - Found static initializer in class org/springframework/boot/bind/PropertySourcesPropertyValues
23:36:13.386 [main] INFO  o.e.r.i.MethodCallReplacementClassAdapter - No hashCode defined for: org/springframework/boot/bind/PropertySourcesPropertyValues, superclass = java.lang.Object
23:36:13.386 [main] DEBUG o.e.r.agent.TransformerForTests - Going to instrument: org.springframework.boot.bind.PropertySourcesPropertyValues
23:36:13.387 [main] INFO  o.e.r.i.CreateClassResetClassAdapter - Found static initializer in class org/springframework/boot/bind/PropertySourcesPropertyValues
23:36:13.391 [main] INFO  o.e.r.instrumentation.EvoClassLoader - Seeing class for first time: org.springframework.beans.PropertyValues
23:36:13.391 [main] INFO  o.e.r.instrumentation.EvoClassLoader - Instrumenting class 'org.springframework.beans.PropertyValues'.
23:36:13.392 [main] DEBUG o.e.r.agent.TransformerForTests - Going to instrument: org.springframework.beans.PropertyValues
23:36:13.392 [main] INFO  o.e.r.instrumentation.EvoClassLoader - Keeping class: org.springframework.beans.PropertyValues
23:36:13.392 [main] INFO  o.e.r.instrumentation.EvoClassLoader - Error while loading class: java.lang.ClassFormatError: Duplicate method name&signature in class file org/springframework/boot/bind/PropertySourcesPropertyValues
23:36:13.392 [main] ERROR o.e.r.c.ClassStateSupport - Could not initialize org.springframework.boot.bind.PropertySourcesPropertyValues: Duplicate method name&signature in class file org/springframework/boot/bind/PropertySourcesPropertyValues
23:36:13.392 [main] INFO  o.e.r.instrumentation.EvoClassLoader - Seeing class for first time: org.springframework.core.env.AbstractPropertyResolver$1
23:36:13.392 [main] INFO  o.e.r.instrumentation.EvoClassLoader - Instrumenting class 'org.springframework.core.env.AbstractPropertyResolver$1'.
23:36:13.393 [main] INFO  o.e.r.i.MethodCallReplacementClassAdapter - Adding mock interface to class org/springframework/core/env/AbstractPropertyResolver$1
23:36:13.393 [main] INFO  o.e.r.i.MethodCallReplacementClassAdapter - No hashCode defined for: org/springframework/core/env/AbstractPropertyResolver$1, superclass = java.lang.Object
23:36:13.393 [main] DEBUG o.e.r.agent.TransformerForTests - Going to instrument: org.springframework.core.env.AbstractPropertyResolver$1
23:36:13.394 [main] INFO  o.e.r.instrumentation.EvoClassLoader - Seeing class for first time: org.springframework.util.PropertyPlaceholderHelper$PlaceholderResolver
23:36:13.394 [main] INFO  o.e.r.instrumentation.EvoClassLoader - Instrumenting class 'org.springframework.util.PropertyPlaceholderHelper$PlaceholderResolver'.
23:36:13.394 [main] DEBUG o.e.r.agent.TransformerForTests - Going to instrument: org.springframework.util.PropertyPlaceholderHelper$PlaceholderResolver
23:36:13.394 [main] INFO  o.e.r.instrumentation.EvoClassLoader - Keeping class: org.springframework.util.PropertyPlaceholderHelper$PlaceholderResolver
23:36:13.394 [main] INFO  o.e.r.instrumentation.EvoClassLoader - Keeping class: org.springframework.core.env.AbstractPropertyResolver$1
23:36:13.395 [main] INFO  o.e.r.instrumentation.EvoClassLoader - Seeing class for first time: org.springframework.context.event.AbstractApplicationEventMulticaster$ListenerRetriever
23:36:13.395 [main] INFO  o.e.r.instrumentation.EvoClassLoader - Instrumenting class 'org.springframework.context.event.AbstractApplicationEventMulticaster$ListenerRetriever'.
23:36:13.395 [main] INFO  o.e.r.i.MethodCallReplacementClassAdapter - Adding mock interface to class org/springframework/context/event/AbstractApplicationEventMulticaster$ListenerRetriever
23:36:13.397 [main] INFO  o.e.r.i.MethodCallReplacementClassAdapter - No hashCode defined for: org/springframework/context/event/AbstractApplicationEventMulticaster$ListenerRetriever, superclass = java.lang.Object
23:36:13.397 [main] INFO  o.e.r.i.CreateClassResetClassAdapter - Creating brand-new static initializer in class org/springframework/context/event/AbstractApplicationEventMulticaster$ListenerRetriever
23:36:13.397 [main] DEBUG o.e.r.agent.TransformerForTests - Going to instrument: org.springframework.context.event.AbstractApplicationEventMulticaster$ListenerRetriever
23:36:13.399 [main] INFO  o.e.r.instrumentation.EvoClassLoader - Keeping class: org.springframework.context.event.AbstractApplicationEventMulticaster$ListenerRetriever
23:36:13.399 [main] INFO  o.e.r.instrumentation.EvoClassLoader - Seeing class for first time: org.springframework.beans.factory.NoSuchBeanDefinitionException
23:36:13.399 [main] INFO  o.e.r.instrumentation.EvoClassLoader - Instrumenting class 'org.springframework.beans.factory.NoSuchBeanDefinitionException'.
23:36:13.399 [main] INFO  o.e.r.i.MethodCallReplacementClassAdapter - Adding mock interface to class org/springframework/beans/factory/NoSuchBeanDefinitionException
23:36:13.400 [main] INFO  o.e.r.i.MethodCallReplacementClassAdapter - No hashCode defined for: org/springframework/beans/factory/NoSuchBeanDefinitionException, superclass = org.springframework.beans.BeansException
23:36:13.400 [main] INFO  o.e.r.i.CreateClassResetClassAdapter - Creating brand-new static initializer in class org/springframework/beans/factory/NoSuchBeanDefinitionException
23:36:13.400 [main] DEBUG o.e.r.agent.TransformerForTests - Going to instrument: org.springframework.beans.factory.NoSuchBeanDefinitionException
23:36:13.400 [main] INFO  o.e.r.i.MethodCallReplacementClassAdapter - No hashCode defined for: org/springframework/beans/factory/NoSuchBeanDefinitionException, superclass = org.springframework.beans.BeansException
23:36:13.401 [main] INFO  o.e.r.instrumentation.EvoClassLoader - Seeing class for first time: org.springframework.beans.BeansException
23:36:13.401 [main] INFO  o.e.r.instrumentation.EvoClassLoader - Instrumenting class 'org.springframework.beans.BeansException'.
23:36:13.401 [main] INFO  o.e.r.i.MethodCallReplacementClassAdapter - Adding mock interface to class org/springframework/beans/BeansException
23:36:13.401 [main] INFO  o.e.r.i.CreateClassResetClassAdapter - Creating brand-new static initializer in class org/springframework/beans/BeansException
23:36:13.401 [main] DEBUG o.e.r.agent.TransformerForTests - Going to instrument: org.springframework.beans.BeansException
23:36:13.402 [main] INFO  o.e.r.instrumentation.EvoClassLoader - Seeing class for first time: org.springframework.core.NestedRuntimeException
23:36:13.402 [main] INFO  o.e.r.instrumentation.EvoClassLoader - Instrumenting class 'org.springframework.core.NestedRuntimeException'.
23:36:13.402 [main] INFO  o.e.r.i.MethodCallReplacementClassAdapter - Adding mock interface to class org/springframework/core/NestedRuntimeException
23:36:13.403 [main] INFO  o.e.r.i.CreateClassResetClassAdapter - Found static initializer in class org/springframework/core/NestedRuntimeException
23:36:13.403 [main] INFO  o.e.r.i.MethodCallReplacementClassAdapter - No hashCode defined for: org/springframework/core/NestedRuntimeException, superclass = java.lang.RuntimeException
23:36:13.403 [main] DEBUG o.e.r.agent.TransformerForTests - Going to instrument: org.springframework.core.NestedRuntimeException
23:36:13.404 [main] INFO  o.e.r.i.CreateClassResetClassAdapter - Found static initializer in class org/springframework/core/NestedRuntimeException
23:36:13.404 [main] INFO  o.e.r.i.MethodCallReplacementClassAdapter - No hashCode defined for: org/springframework/core/NestedRuntimeException, superclass = org.evosuite.runtime.mock.java.lang.MockRuntimeException
23:36:13.404 [main] INFO  o.e.r.instrumentation.EvoClassLoader - Error while loading class: java.lang.ClassFormatError: Duplicate method name&signature in class file org/springframework/core/NestedRuntimeException
23:36:13.404 [main] INFO  o.e.r.instrumentation.EvoClassLoader - Error while loading class: java.lang.NoClassDefFoundError: org/springframework/core/NestedRuntimeException
23:36:13.404 [main] INFO  o.e.r.instrumentation.EvoClassLoader - Error while loading class: java.lang.NoClassDefFoundError: org/springframework/beans/BeansException
23:36:13.404 [main] ERROR o.e.r.c.ClassStateSupport - Could not initialize org.springframework.context.event.AbstractApplicationEventMulticaster$ListenerRetriever: org/springframework/beans/factory/NoSuchBeanDefinitionException
23:36:13.404 [main] INFO  o.e.r.instrumentation.EvoClassLoader - Seeing class for first time: org.springframework.boot.context.event.ApplicationStartedEvent
23:36:13.404 [main] INFO  o.e.r.instrumentation.EvoClassLoader - Instrumenting class 'org.springframework.boot.context.event.ApplicationStartedEvent'.
23:36:13.405 [main] INFO  o.e.r.i.MethodCallReplacementClassAdapter - Adding mock interface to class org/springframework/boot/context/event/ApplicationStartedEvent
23:36:13.405 [main] INFO  o.e.r.i.MethodCallReplacementClassAdapter - No hashCode defined for: org/springframework/boot/context/event/ApplicationStartedEvent, superclass = org.springframework.boot.context.event.SpringApplicationEvent
23:36:13.405 [main] INFO  o.e.r.i.CreateClassResetClassAdapter - Creating brand-new static initializer in class org/springframework/boot/context/event/ApplicationStartedEvent
23:36:13.405 [main] DEBUG o.e.r.agent.TransformerForTests - Going to instrument: org.springframework.boot.context.event.ApplicationStartedEvent
23:36:13.405 [main] INFO  o.e.r.i.MethodCallReplacementClassAdapter - No hashCode defined for: org/springframework/boot/context/event/ApplicationStartedEvent, superclass = org.springframework.boot.context.event.SpringApplicationEvent
23:36:13.405 [main] INFO  o.e.r.instrumentation.EvoClassLoader - Keeping class: org.springframework.boot.context.event.ApplicationStartedEvent
23:36:13.406 [main] INFO  o.e.r.instrumentation.EvoClassLoader - Seeing class for first time: org.springframework.context.ApplicationEventPublisher
23:36:13.406 [main] INFO  o.e.r.instrumentation.EvoClassLoader - Instrumenting class 'org.springframework.context.ApplicationEventPublisher'.
23:36:13.406 [main] DEBUG o.e.r.agent.TransformerForTests - Going to instrument: org.springframework.context.ApplicationEventPublisher
23:36:13.407 [main] INFO  o.e.r.instrumentation.EvoClassLoader - Keeping class: org.springframework.context.ApplicationEventPublisher
23:36:13.407 [main] INFO  o.e.r.instrumentation.EvoClassLoader - Seeing class for first time: org.springframework.core.convert.support.NumberToNumberConverterFactory
23:36:13.407 [main] INFO  o.e.r.instrumentation.EvoClassLoader - Instrumenting class 'org.springframework.core.convert.support.NumberToNumberConverterFactory'.
23:36:13.407 [main] INFO  o.e.r.i.MethodCallReplacementClassAdapter - Adding mock interface to class org/springframework/core/convert/support/NumberToNumberConverterFactory
23:36:13.408 [main] INFO  o.e.r.i.MethodCallReplacementClassAdapter - No hashCode defined for: org/springframework/core/convert/support/NumberToNumberConverterFactory, superclass = java.lang.Object
23:36:13.408 [main] INFO  o.e.r.i.CreateClassResetClassAdapter - Creating brand-new static initializer in class org/springframework/core/convert/support/NumberToNumberConverterFactory
23:36:13.408 [main] DEBUG o.e.r.agent.TransformerForTests - Going to instrument: org.springframework.core.convert.support.NumberToNumberConverterFactory
23:36:13.408 [main] INFO  o.e.r.instrumentation.EvoClassLoader - Seeing class for first time: org.springframework.core.convert.converter.ConverterFactory
23:36:13.408 [main] INFO  o.e.r.instrumentation.EvoClassLoader - Instrumenting class 'org.springframework.core.convert.converter.ConverterFactory'.
23:36:13.409 [main] DEBUG o.e.r.agent.TransformerForTests - Going to instrument: org.springframework.core.convert.converter.ConverterFactory
23:36:13.409 [main] INFO  o.e.r.instrumentation.EvoClassLoader - Keeping class: org.springframework.core.convert.converter.ConverterFactory
23:36:13.409 [main] INFO  o.e.r.instrumentation.EvoClassLoader - Seeing class for first time: org.springframework.core.convert.converter.ConditionalConverter
23:36:13.409 [main] INFO  o.e.r.instrumentation.EvoClassLoader - Instrumenting class 'org.springframework.core.convert.converter.ConditionalConverter'.
23:36:13.410 [main] DEBUG o.e.r.agent.TransformerForTests - Going to instrument: org.springframework.core.convert.converter.ConditionalConverter
23:36:13.410 [main] INFO  o.e.r.instrumentation.EvoClassLoader - Keeping class: org.springframework.core.convert.converter.ConditionalConverter
23:36:13.410 [main] INFO  o.e.r.instrumentation.EvoClassLoader - Keeping class: org.springframework.core.convert.support.NumberToNumberConverterFactory
23:36:13.415 [main] INFO  o.e.r.instrumentation.EvoClassLoader - Seeing class for first time: org.springframework.util.ConcurrentReferenceHashMap$Segment$1
23:36:13.417 [main] INFO  o.e.r.instrumentation.EvoClassLoader - Instrumenting class 'org.springframework.util.ConcurrentReferenceHashMap$Segment$1'.
23:36:13.419 [main] INFO  o.e.r.i.MethodCallReplacementClassAdapter - Adding mock interface to class org/springframework/util/ConcurrentReferenceHashMap$Segment$1
23:36:13.419 [main] INFO  o.e.r.i.MethodCallReplacementClassAdapter - No hashCode defined for: org/springframework/util/ConcurrentReferenceHashMap$Segment$1, superclass = org.springframework.util.ConcurrentReferenceHashMap$Entries
23:36:13.419 [main] DEBUG o.e.r.agent.TransformerForTests - Going to instrument: org.springframework.util.ConcurrentReferenceHashMap$Segment$1
23:36:13.419 [main] INFO  o.e.r.i.MethodCallReplacementClassAdapter - No hashCode defined for: org/springframework/util/ConcurrentReferenceHashMap$Segment$1, superclass = org.springframework.util.ConcurrentReferenceHashMap$Entries
23:36:13.420 [main] INFO  o.e.r.instrumentation.EvoClassLoader - Seeing class for first time: org.springframework.util.ConcurrentReferenceHashMap$Entries
23:36:13.420 [main] INFO  o.e.r.instrumentation.EvoClassLoader - Instrumenting class 'org.springframework.util.ConcurrentReferenceHashMap$Entries'.
23:36:13.420 [main] INFO  o.e.r.i.MethodCallReplacementClassAdapter - Adding mock interface to class org/springframework/util/ConcurrentReferenceHashMap$Entries
23:36:13.420 [main] INFO  o.e.r.i.MethodCallReplacementClassAdapter - No hashCode defined for: org/springframework/util/ConcurrentReferenceHashMap$Entries, superclass = java.lang.Object
23:36:13.420 [main] INFO  o.e.r.i.CreateClassResetClassAdapter - Creating brand-new static initializer in class org/springframework/util/ConcurrentReferenceHashMap$Entries
23:36:13.421 [main] DEBUG o.e.r.agent.TransformerForTests - Going to instrument: org.springframework.util.ConcurrentReferenceHashMap$Entries
23:36:13.421 [main] INFO  o.e.r.instrumentation.EvoClassLoader - Keeping class: org.springframework.util.ConcurrentReferenceHashMap$Entries
23:36:13.421 [main] INFO  o.e.r.instrumentation.EvoClassLoader - Keeping class: org.springframework.util.ConcurrentReferenceHashMap$Segment$1
23:36:13.421 [main] INFO  o.e.r.instrumentation.EvoClassLoader - Seeing class for first time: org.springframework.boot.logging.logback.LogbackLoggingSystem
23:36:13.422 [main] INFO  o.e.r.instrumentation.EvoClassLoader - Instrumenting class 'org.springframework.boot.logging.logback.LogbackLoggingSystem'.
23:36:13.423 [main] INFO  o.e.r.i.MethodCallReplacementClassAdapter - Adding mock interface to class org/springframework/boot/logging/logback/LogbackLoggingSystem
23:36:13.424 [main] INFO  o.e.r.i.CreateClassResetClassAdapter - Found static initializer in class org/springframework/boot/logging/logback/LogbackLoggingSystem
23:36:13.424 [main] INFO  o.e.r.i.MethodCallReplacementClassAdapter - No hashCode defined for: org/springframework/boot/logging/logback/LogbackLoggingSystem, superclass = org.springframework.boot.logging.Slf4JLoggingSystem
23:36:13.424 [main] DEBUG o.e.r.agent.TransformerForTests - Going to instrument: org.springframework.boot.logging.logback.LogbackLoggingSystem
23:36:13.426 [main] INFO  o.e.r.i.CreateClassResetClassAdapter - Found static initializer in class org/springframework/boot/logging/logback/LogbackLoggingSystem
23:36:13.427 [main] INFO  o.e.r.i.MethodCallReplacementClassAdapter - No hashCode defined for: org/springframework/boot/logging/logback/LogbackLoggingSystem, superclass = org.springframework.boot.logging.Slf4JLoggingSystem
23:36:13.427 [main] INFO  o.e.r.instrumentation.EvoClassLoader - Error while loading class: java.lang.ClassFormatError: Duplicate method name&signature in class file org/springframework/boot/logging/logback/LogbackLoggingSystem
23:36:13.427 [main] ERROR o.e.r.c.ClassStateSupport - Could not initialize org.springframework.boot.logging.logback.LogbackLoggingSystem: Duplicate method name&signature in class file org/springframework/boot/logging/logback/LogbackLoggingSystem
23:36:13.427 [main] INFO  o.e.r.instrumentation.EvoClassLoader - Seeing class for first time: org.springframework.core.io.Resource
23:36:13.427 [main] INFO  o.e.r.instrumentation.EvoClassLoader - Instrumenting class 'org.springframework.core.io.Resource'.
23:36:13.428 [main] DEBUG o.e.r.agent.TransformerForTests - Going to instrument: org.springframework.core.io.Resource
23:36:13.428 [main] INFO  o.e.r.instrumentation.EvoClassLoader - Seeing class for first time: org.springframework.core.io.InputStreamSource
23:36:13.428 [main] INFO  o.e.r.instrumentation.EvoClassLoader - Instrumenting class 'org.springframework.core.io.InputStreamSource'.
23:36:13.434 [main] DEBUG o.e.r.agent.TransformerForTests - Going to instrument: org.springframework.core.io.InputStreamSource
23:36:13.437 [main] INFO  o.e.r.instrumentation.EvoClassLoader - Keeping class: org.springframework.core.io.InputStreamSource
23:36:13.438 [main] INFO  o.e.r.instrumentation.EvoClassLoader - Keeping class: org.springframework.core.io.Resource
23:36:13.438 [main] INFO  o.e.r.instrumentation.EvoClassLoader - Seeing class for first time: org.springframework.util.PropertyPlaceholderHelper
23:36:13.438 [main] INFO  o.e.r.instrumentation.EvoClassLoader - Instrumenting class 'org.springframework.util.PropertyPlaceholderHelper'.
23:36:13.439 [main] INFO  o.e.r.i.MethodCallReplacementClassAdapter - Adding mock interface to class org/springframework/util/PropertyPlaceholderHelper
23:36:13.441 [main] INFO  o.e.r.i.CreateClassResetClassAdapter - Found static initializer in class org/springframework/util/PropertyPlaceholderHelper
23:36:13.441 [main] INFO  o.e.r.i.MethodCallReplacementClassAdapter - No hashCode defined for: org/springframework/util/PropertyPlaceholderHelper, superclass = java.lang.Object
23:36:13.441 [main] DEBUG o.e.r.agent.TransformerForTests - Going to instrument: org.springframework.util.PropertyPlaceholderHelper
23:36:13.443 [main] INFO  o.e.r.i.CreateClassResetClassAdapter - Found static initializer in class org/springframework/util/PropertyPlaceholderHelper
23:36:13.443 [main] INFO  o.e.r.instrumentation.EvoClassLoader - Error while loading class: java.lang.ClassFormatError: Duplicate method name&signature in class file org/springframework/util/PropertyPlaceholderHelper
23:36:13.443 [main] ERROR o.e.r.c.ClassStateSupport - Could not initialize org.springframework.util.PropertyPlaceholderHelper: Duplicate method name&signature in class file org/springframework/util/PropertyPlaceholderHelper
23:36:13.443 [main] INFO  o.e.r.instrumentation.EvoClassLoader - Seeing class for first time: org.springframework.util.ClassUtils
23:36:13.443 [main] INFO  o.e.r.instrumentation.EvoClassLoader - Instrumenting class 'org.springframework.util.ClassUtils'.
23:36:13.445 [main] INFO  o.e.r.i.MethodCallReplacementClassAdapter - Adding mock interface to class org/springframework/util/ClassUtils
23:36:13.448 [main] INFO  o.e.r.i.CreateClassResetClassAdapter - Found static initializer in class org/springframework/util/ClassUtils
23:36:13.449 [main] INFO  o.e.r.i.MethodCallReplacementClassAdapter - No hashCode defined for: org/springframework/util/ClassUtils, superclass = java.lang.Object
23:36:13.449 [main] DEBUG o.e.r.agent.TransformerForTests - Going to instrument: org.springframework.util.ClassUtils
23:36:13.454 [main] INFO  o.e.r.i.CreateClassResetClassAdapter - Found static initializer in class org/springframework/util/ClassUtils
23:36:13.455 [main] INFO  o.e.r.instrumentation.EvoClassLoader - Error while loading class: java.lang.ClassFormatError: Duplicate method name&signature in class file org/springframework/util/ClassUtils
23:36:13.456 [main] INFO  o.e.r.instrumentation.EvoClassLoader - Seeing class for first time: org.springframework.core.SerializableTypeWrapper$DefaultTypeProvider
23:36:13.456 [main] INFO  o.e.r.instrumentation.EvoClassLoader - Instrumenting class 'org.springframework.core.SerializableTypeWrapper$DefaultTypeProvider'.
23:36:13.456 [main] INFO  o.e.r.i.MethodCallReplacementClassAdapter - Adding mock interface to class org/springframework/core/SerializableTypeWrapper$DefaultTypeProvider
23:36:13.456 [main] INFO  o.e.r.i.MethodCallReplacementClassAdapter - No hashCode defined for: org/springframework/core/SerializableTypeWrapper$DefaultTypeProvider, superclass = java.lang.Object
23:36:13.457 [main] INFO  o.e.r.i.CreateClassResetClassAdapter - Creating brand-new static initializer in class org/springframework/core/SerializableTypeWrapper$DefaultTypeProvider
23:36:13.457 [main] DEBUG o.e.r.agent.TransformerForTests - Going to instrument: org.springframework.core.SerializableTypeWrapper$DefaultTypeProvider
23:36:13.457 [main] INFO  o.e.r.instrumentation.EvoClassLoader - Seeing class for first time: org.springframework.core.SerializableTypeWrapper$TypeProvider
23:36:13.457 [main] INFO  o.e.r.instrumentation.EvoClassLoader - Instrumenting class 'org.springframework.core.SerializableTypeWrapper$TypeProvider'.
23:36:13.457 [main] DEBUG o.e.r.agent.TransformerForTests - Going to instrument: org.springframework.core.SerializableTypeWrapper$TypeProvider
23:36:13.458 [main] INFO  o.e.r.instrumentation.EvoClassLoader - Keeping class: org.springframework.core.SerializableTypeWrapper$TypeProvider
23:36:13.458 [main] INFO  o.e.r.instrumentation.EvoClassLoader - Keeping class: org.springframework.core.SerializableTypeWrapper$DefaultTypeProvider
23:36:13.458 [main] INFO  o.e.r.instrumentation.EvoClassLoader - Seeing class for first time: org.springframework.core.convert.support.ArrayToObjectConverter
23:36:13.458 [main] INFO  o.e.r.instrumentation.EvoClassLoader - Instrumenting class 'org.springframework.core.convert.support.ArrayToObjectConverter'.
23:36:13.462 [main] INFO  o.e.r.i.MethodCallReplacementClassAdapter - Adding mock interface to class org/springframework/core/convert/support/ArrayToObjectConverter
23:36:13.462 [main] INFO  o.e.r.i.MethodCallReplacementClassAdapter - No hashCode defined for: org/springframework/core/convert/support/ArrayToObjectConverter, superclass = java.lang.Object
23:36:13.462 [main] INFO  o.e.r.i.CreateClassResetClassAdapter - Creating brand-new static initializer in class org/springframework/core/convert/support/ArrayToObjectConverter
23:36:13.462 [main] DEBUG o.e.r.agent.TransformerForTests - Going to instrument: org.springframework.core.convert.support.ArrayToObjectConverter
23:36:13.463 [main] INFO  o.e.r.instrumentation.EvoClassLoader - Seeing class for first time: org.springframework.core.convert.converter.ConditionalGenericConverter
23:36:13.463 [main] INFO  o.e.r.instrumentation.EvoClassLoader - Instrumenting class 'org.springframework.core.convert.converter.ConditionalGenericConverter'.
23:36:13.463 [main] DEBUG o.e.r.agent.TransformerForTests - Going to instrument: org.springframework.core.convert.converter.ConditionalGenericConverter
23:36:13.464 [main] INFO  o.e.r.instrumentation.EvoClassLoader - Seeing class for first time: org.springframework.core.convert.converter.GenericConverter
23:36:13.464 [main] INFO  o.e.r.instrumentation.EvoClassLoader - Instrumenting class 'org.springframework.core.convert.converter.GenericConverter'.
23:36:13.464 [main] DEBUG o.e.r.agent.TransformerForTests - Going to instrument: org.springframework.core.convert.converter.GenericConverter
23:36:13.465 [main] INFO  o.e.r.instrumentation.EvoClassLoader - Keeping class: org.springframework.core.convert.converter.GenericConverter
23:36:13.465 [main] INFO  o.e.r.instrumentation.EvoClassLoader - Keeping class: org.springframework.core.convert.converter.ConditionalGenericConverter
23:36:13.465 [main] INFO  o.e.r.instrumentation.EvoClassLoader - Keeping class: org.springframework.core.convert.support.ArrayToObjectConverter
23:36:13.465 [main] INFO  o.e.r.instrumentation.EvoClassLoader - Seeing class for first time: org.springframework.format.Parser
23:36:13.465 [main] INFO  o.e.r.instrumentation.EvoClassLoader - Instrumenting class 'org.springframework.format.Parser'.
23:36:13.466 [main] DEBUG o.e.r.agent.TransformerForTests - Going to instrument: org.springframework.format.Parser
23:36:13.466 [main] INFO  o.e.r.instrumentation.EvoClassLoader - Keeping class: org.springframework.format.Parser
23:36:13.466 [main] INFO  o.e.r.instrumentation.EvoClassLoader - Seeing class for first time: org.springframework.core.convert.support.StringToBooleanConverter
23:36:13.466 [main] INFO  o.e.r.instrumentation.EvoClassLoader - Instrumenting class 'org.springframework.core.convert.support.StringToBooleanConverter'.
23:36:13.466 [main] INFO  o.e.r.i.MethodCallReplacementClassAdapter - Adding mock interface to class org/springframework/core/convert/support/StringToBooleanConverter
23:36:13.467 [main] INFO  o.e.r.i.CreateClassResetClassAdapter - Found static initializer in class org/springframework/core/convert/support/StringToBooleanConverter
23:36:13.468 [main] INFO  o.e.r.i.MethodCallReplacementClassAdapter - No hashCode defined for: org/springframework/core/convert/support/StringToBooleanConverter, superclass = java.lang.Object
23:36:13.468 [main] DEBUG o.e.r.agent.TransformerForTests - Going to instrument: org.springframework.core.convert.support.StringToBooleanConverter
23:36:13.469 [main] INFO  o.e.r.i.CreateClassResetClassAdapter - Found static initializer in class org/springframework/core/convert/support/StringToBooleanConverter
23:36:13.469 [main] INFO  o.e.r.instrumentation.EvoClassLoader - Error while loading class: java.lang.ClassFormatError: Duplicate method name&signature in class file org/springframework/core/convert/support/StringToBooleanConverter
23:36:13.469 [main] INFO  o.e.r.instrumentation.EvoClassLoader - Seeing class for first time: org.springframework.core.annotation.AnnotationUtils
23:36:13.469 [main] INFO  o.e.r.instrumentation.EvoClassLoader - Instrumenting class 'org.springframework.core.annotation.AnnotationUtils'.
23:36:13.472 [main] INFO  o.e.r.i.MethodCallReplacementClassAdapter - Adding mock interface to class org/springframework/core/annotation/AnnotationUtils
23:36:13.483 [main] INFO  o.e.r.i.CreateClassResetClassAdapter - Found static initializer in class org/springframework/core/annotation/AnnotationUtils
23:36:13.483 [main] INFO  o.e.r.i.MethodCallReplacementClassAdapter - No hashCode defined for: org/springframework/core/annotation/AnnotationUtils, superclass = java.lang.Object
23:36:13.483 [main] DEBUG o.e.r.agent.TransformerForTests - Going to instrument: org.springframework.core.annotation.AnnotationUtils
23:36:13.491 [main] INFO  o.e.r.i.CreateClassResetClassAdapter - Found static initializer in class org/springframework/core/annotation/AnnotationUtils
23:36:13.492 [main] INFO  o.e.r.instrumentation.EvoClassLoader - Error while loading class: java.lang.ClassFormatError: Duplicate method name&signature in class file org/springframework/core/annotation/AnnotationUtils
23:36:13.492 [main] ERROR o.e.r.c.ClassStateSupport - Could not initialize org.springframework.core.annotation.AnnotationUtils: Duplicate method name&signature in class file org/springframework/core/annotation/AnnotationUtils
23:36:13.492 [main] INFO  o.e.r.instrumentation.EvoClassLoader - Seeing class for first time: org.springframework.core.SerializableTypeWrapper$FieldTypeProvider
23:36:13.492 [main] INFO  o.e.r.instrumentation.EvoClassLoader - Instrumenting class 'org.springframework.core.SerializableTypeWrapper$FieldTypeProvider'.
23:36:13.493 [main] INFO  o.e.r.i.MethodCallReplacementClassAdapter - Adding mock interface to class org/springframework/core/SerializableTypeWrapper$FieldTypeProvider
23:36:13.494 [main] INFO  o.e.r.i.MethodCallReplacementClassAdapter - No hashCode defined for: org/springframework/core/SerializableTypeWrapper$FieldTypeProvider, superclass = java.lang.Object
23:36:13.495 [main] INFO  o.e.r.i.CreateClassResetClassAdapter - Creating brand-new static initializer in class org/springframework/core/SerializableTypeWrapper$FieldTypeProvider
23:36:13.495 [main] DEBUG o.e.r.agent.TransformerForTests - Going to instrument: org.springframework.core.SerializableTypeWrapper$FieldTypeProvider
23:36:13.497 [main] INFO  o.e.r.instrumentation.EvoClassLoader - Keeping class: org.springframework.core.SerializableTypeWrapper$FieldTypeProvider
23:36:13.497 [main] INFO  o.e.r.instrumentation.EvoClassLoader - Seeing class for first time: org.springframework.validation.DirectFieldBindingResult
23:36:13.497 [main] INFO  o.e.r.instrumentation.EvoClassLoader - Instrumenting class 'org.springframework.validation.DirectFieldBindingResult'.
23:36:13.498 [main] INFO  o.e.r.i.MethodCallReplacementClassAdapter - Adding mock interface to class org/springframework/validation/DirectFieldBindingResult
23:36:13.498 [main] INFO  o.e.r.i.MethodCallReplacementClassAdapter - No hashCode defined for: org/springframework/validation/DirectFieldBindingResult, superclass = org.springframework.validation.AbstractPropertyBindingResult
23:36:13.498 [main] INFO  o.e.r.i.CreateClassResetClassAdapter - Creating brand-new static initializer in class org/springframework/validation/DirectFieldBindingResult
23:36:13.498 [main] DEBUG o.e.r.agent.TransformerForTests - Going to instrument: org.springframework.validation.DirectFieldBindingResult
23:36:13.498 [main] INFO  o.e.r.i.MethodCallReplacementClassAdapter - No hashCode defined for: org/springframework/validation/DirectFieldBindingResult, superclass = org.springframework.validation.AbstractPropertyBindingResult
23:36:13.498 [main] INFO  o.e.r.instrumentation.EvoClassLoader - Seeing class for first time: org.springframework.validation.AbstractPropertyBindingResult
23:36:13.498 [main] INFO  o.e.r.instrumentation.EvoClassLoader - Instrumenting class 'org.springframework.validation.AbstractPropertyBindingResult'.
23:36:13.499 [main] INFO  o.e.r.i.MethodCallReplacementClassAdapter - Adding mock interface to class org/springframework/validation/AbstractPropertyBindingResult
23:36:13.500 [main] INFO  o.e.r.i.MethodCallReplacementClassAdapter - No hashCode defined for: org/springframework/validation/AbstractPropertyBindingResult, superclass = org.springframework.validation.AbstractBindingResult
23:36:13.500 [main] INFO  o.e.r.i.CreateClassResetClassAdapter - Creating brand-new static initializer in class org/springframework/validation/AbstractPropertyBindingResult
23:36:13.500 [main] DEBUG o.e.r.agent.TransformerForTests - Going to instrument: org.springframework.validation.AbstractPropertyBindingResult
23:36:13.501 [main] INFO  o.e.r.i.MethodCallReplacementClassAdapter - No hashCode defined for: org/springframework/validation/AbstractPropertyBindingResult, superclass = org.springframework.validation.AbstractBindingResult
23:36:13.501 [main] INFO  o.e.r.instrumentation.EvoClassLoader - Seeing class for first time: org.springframework.validation.AbstractBindingResult
23:36:13.501 [main] INFO  o.e.r.instrumentation.EvoClassLoader - Instrumenting class 'org.springframework.validation.AbstractBindingResult'.
23:36:13.502 [main] INFO  o.e.r.i.MethodCallReplacementClassAdapter - Adding mock interface to class org/springframework/validation/AbstractBindingResult
23:36:13.504 [main] INFO  o.e.r.i.CreateClassResetClassAdapter - Creating brand-new static initializer in class org/springframework/validation/AbstractBindingResult
23:36:13.504 [main] DEBUG o.e.r.agent.TransformerForTests - Going to instrument: org.springframework.validation.AbstractBindingResult
23:36:13.506 [main] INFO  o.e.r.instrumentation.EvoClassLoader - Seeing class for first time: org.springframework.validation.BindingResult
23:36:13.511 [main] INFO  o.e.r.instrumentation.EvoClassLoader - Instrumenting class 'org.springframework.validation.BindingResult'.
23:36:13.513 [main] DEBUG o.e.r.agent.TransformerForTests - Going to instrument: org.springframework.validation.BindingResult
23:36:13.513 [main] INFO  o.e.r.instrumentation.EvoClassLoader - Seeing class for first time: org.springframework.validation.Errors
23:36:13.513 [main] INFO  o.e.r.instrumentation.EvoClassLoader - Instrumenting class 'org.springframework.validation.Errors'.
23:36:13.514 [main] DEBUG o.e.r.agent.TransformerForTests - Going to instrument: org.springframework.validation.Errors
23:36:13.514 [main] INFO  o.e.r.instrumentation.EvoClassLoader - Keeping class: org.springframework.validation.Errors
23:36:13.514 [main] INFO  o.e.r.instrumentation.EvoClassLoader - Keeping class: org.springframework.validation.BindingResult
23:36:13.514 [main] INFO  o.e.r.instrumentation.EvoClassLoader - Seeing class for first time: org.springframework.validation.AbstractErrors
23:36:13.514 [main] INFO  o.e.r.instrumentation.EvoClassLoader - Instrumenting class 'org.springframework.validation.AbstractErrors'.
23:36:13.515 [main] INFO  o.e.r.i.MethodCallReplacementClassAdapter - Adding mock interface to class org/springframework/validation/AbstractErrors
23:36:13.516 [main] INFO  o.e.r.i.MethodCallReplacementClassAdapter - No hashCode defined for: org/springframework/validation/AbstractErrors, superclass = java.lang.Object
23:36:13.516 [main] INFO  o.e.r.i.CreateClassResetClassAdapter - Creating brand-new static initializer in class org/springframework/validation/AbstractErrors
23:36:13.517 [main] DEBUG o.e.r.agent.TransformerForTests - Going to instrument: org.springframework.validation.AbstractErrors
23:36:13.519 [main] INFO  o.e.r.instrumentation.EvoClassLoader - Keeping class: org.springframework.validation.AbstractErrors
23:36:13.519 [main] INFO  o.e.r.instrumentation.EvoClassLoader - Keeping class: org.springframework.validation.AbstractBindingResult
23:36:13.519 [main] INFO  o.e.r.instrumentation.EvoClassLoader - Keeping class: org.springframework.validation.AbstractPropertyBindingResult
23:36:13.519 [main] INFO  o.e.r.instrumentation.EvoClassLoader - Keeping class: org.springframework.validation.DirectFieldBindingResult
23:36:13.520 [main] INFO  o.e.r.instrumentation.EvoClassLoader - Seeing class for first time: org.springframework.validation.MessageCodesResolver
23:36:13.520 [main] INFO  o.e.r.instrumentation.EvoClassLoader - Instrumenting class 'org.springframework.validation.MessageCodesResolver'.
23:36:13.520 [main] DEBUG o.e.r.agent.TransformerForTests - Going to instrument: org.springframework.validation.MessageCodesResolver
23:36:13.521 [main] INFO  o.e.r.instrumentation.EvoClassLoader - Keeping class: org.springframework.validation.MessageCodesResolver
23:36:13.521 [main] INFO  o.e.r.instrumentation.EvoClassLoader - Seeing class for first time: org.springframework.validation.ObjectError
23:36:13.521 [main] INFO  o.e.r.instrumentation.EvoClassLoader - Instrumenting class 'org.springframework.validation.ObjectError'.
23:36:13.521 [main] INFO  o.e.r.i.MethodCallReplacementClassAdapter - Adding mock interface to class org/springframework/validation/ObjectError
23:36:13.522 [main] INFO  o.e.r.i.CreateClassResetClassAdapter - Creating brand-new static initializer in class org/springframework/validation/ObjectError
23:36:13.522 [main] DEBUG o.e.r.agent.TransformerForTests - Going to instrument: org.springframework.validation.ObjectError
23:36:13.522 [main] INFO  o.e.r.instrumentation.EvoClassLoader - Seeing class for first time: org.springframework.context.support.DefaultMessageSourceResolvable
23:36:13.522 [main] INFO  o.e.r.instrumentation.EvoClassLoader - Instrumenting class 'org.springframework.context.support.DefaultMessageSourceResolvable'.
23:36:13.529 [main] INFO  o.e.r.i.MethodCallReplacementClassAdapter - Adding mock interface to class org/springframework/context/support/DefaultMessageSourceResolvable
23:36:13.529 [main] INFO  o.e.r.i.CreateClassResetClassAdapter - Creating brand-new static initializer in class org/springframework/context/support/DefaultMessageSourceResolvable
23:36:13.529 [main] DEBUG o.e.r.agent.TransformerForTests - Going to instrument: org.springframework.context.support.DefaultMessageSourceResolvable
23:36:13.530 [main] INFO  o.e.r.instrumentation.EvoClassLoader - Seeing class for first time: org.springframework.context.MessageSourceResolvable
23:36:13.530 [main] INFO  o.e.r.instrumentation.EvoClassLoader - Instrumenting class 'org.springframework.context.MessageSourceResolvable'.
23:36:13.531 [main] DEBUG o.e.r.agent.TransformerForTests - Going to instrument: org.springframework.context.MessageSourceResolvable
23:36:13.531 [main] INFO  o.e.r.instrumentation.EvoClassLoader - Keeping class: org.springframework.context.MessageSourceResolvable
23:36:13.531 [main] INFO  o.e.r.instrumentation.EvoClassLoader - Keeping class: org.springframework.context.support.DefaultMessageSourceResolvable
23:36:13.531 [main] INFO  o.e.r.instrumentation.EvoClassLoader - Keeping class: org.springframework.validation.ObjectError
23:36:13.531 [main] INFO  o.e.r.instrumentation.EvoClassLoader - Seeing class for first time: org.springframework.validation.FieldError
23:36:13.531 [main] INFO  o.e.r.instrumentation.EvoClassLoader - Instrumenting class 'org.springframework.validation.FieldError'.
23:36:13.532 [main] INFO  o.e.r.i.MethodCallReplacementClassAdapter - Adding mock interface to class org/springframework/validation/FieldError
23:36:13.532 [main] INFO  o.e.r.i.CreateClassResetClassAdapter - Creating brand-new static initializer in class org/springframework/validation/FieldError
23:36:13.532 [main] DEBUG o.e.r.agent.TransformerForTests - Going to instrument: org.springframework.validation.FieldError
23:36:13.533 [main] INFO  o.e.r.instrumentation.EvoClassLoader - Keeping class: org.springframework.validation.FieldError
23:36:13.534 [main] INFO  o.e.r.instrumentation.EvoClassLoader - Seeing class for first time: org.springframework.beans.PropertyEditorRegistry
23:36:13.534 [main] INFO  o.e.r.instrumentation.EvoClassLoader - Instrumenting class 'org.springframework.beans.PropertyEditorRegistry'.
23:36:13.535 [main] DEBUG o.e.r.agent.TransformerForTests - Going to instrument: org.springframework.beans.PropertyEditorRegistry
23:36:13.535 [main] INFO  o.e.r.instrumentation.EvoClassLoader - Keeping class: org.springframework.beans.PropertyEditorRegistry
23:36:13.535 [main] INFO  o.e.r.instrumentation.EvoClassLoader - Seeing class for first time: org.springframework.util.StopWatch
23:36:13.535 [main] INFO  o.e.r.instrumentation.EvoClassLoader - Instrumenting class 'org.springframework.util.StopWatch'.
23:36:13.536 [main] INFO  o.e.r.i.MethodCallReplacementClassAdapter - Adding mock interface to class org/springframework/util/StopWatch
23:36:13.538 [main] INFO  o.e.r.i.MethodCallReplacementClassAdapter - No hashCode defined for: org/springframework/util/StopWatch, superclass = java.lang.Object
23:36:13.540 [main] INFO  o.e.r.i.CreateClassResetClassAdapter - Creating brand-new static initializer in class org/springframework/util/StopWatch
23:36:13.543 [main] DEBUG o.e.r.agent.TransformerForTests - Going to instrument: org.springframework.util.StopWatch
23:36:13.546 [main] INFO  o.e.r.instrumentation.EvoClassLoader - Keeping class: org.springframework.util.StopWatch
23:36:13.547 [main] INFO  o.e.r.instrumentation.EvoClassLoader - Seeing class for first time: org.springframework.core.PriorityOrdered
23:36:13.547 [main] INFO  o.e.r.instrumentation.EvoClassLoader - Instrumenting class 'org.springframework.core.PriorityOrdered'.
23:36:13.548 [main] DEBUG o.e.r.agent.TransformerForTests - Going to instrument: org.springframework.core.PriorityOrdered
23:36:13.548 [main] INFO  o.e.r.instrumentation.EvoClassLoader - Seeing class for first time: org.springframework.core.Ordered
23:36:13.548 [main] INFO  o.e.r.instrumentation.EvoClassLoader - Instrumenting class 'org.springframework.core.Ordered'.
23:36:13.549 [main] DEBUG o.e.r.agent.TransformerForTests - Going to instrument: org.springframework.core.Ordered
23:36:13.549 [main] INFO  o.e.r.instrumentation.EvoClassLoader - Keeping class: org.springframework.core.Ordered
23:36:13.549 [main] INFO  o.e.r.instrumentation.EvoClassLoader - Keeping class: org.springframework.core.PriorityOrdered
23:36:13.549 [main] INFO  o.e.r.instrumentation.EvoClassLoader - Seeing class for first time: org.springframework.core.convert.support.DefaultConversionService$Jsr310ConverterRegistrar
23:36:13.549 [main] INFO  o.e.r.instrumentation.EvoClassLoader - Instrumenting class 'org.springframework.core.convert.support.DefaultConversionService$Jsr310ConverterRegistrar'.
23:36:13.550 [main] INFO  o.e.r.i.MethodCallReplacementClassAdapter - Adding mock interface to class org/springframework/core/convert/support/DefaultConversionService$Jsr310ConverterRegistrar
23:36:13.550 [main] INFO  o.e.r.i.MethodCallReplacementClassAdapter - No hashCode defined for: org/springframework/core/convert/support/DefaultConversionService$Jsr310ConverterRegistrar, superclass = java.lang.Object
23:36:13.550 [main] INFO  o.e.r.i.CreateClassResetClassAdapter - Creating brand-new static initializer in class org/springframework/core/convert/support/DefaultConversionService$Jsr310ConverterRegistrar
23:36:13.550 [main] DEBUG o.e.r.agent.TransformerForTests - Going to instrument: org.springframework.core.convert.support.DefaultConversionService$Jsr310ConverterRegistrar
23:36:13.550 [main] INFO  o.e.r.instrumentation.EvoClassLoader - Keeping class: org.springframework.core.convert.support.DefaultConversionService$Jsr310ConverterRegistrar
23:36:13.551 [main] INFO  o.e.r.instrumentation.EvoClassLoader - Seeing class for first time: org.springframework.core.AttributeAccessor
23:36:13.551 [main] INFO  o.e.r.instrumentation.EvoClassLoader - Instrumenting class 'org.springframework.core.AttributeAccessor'.
23:36:13.551 [main] DEBUG o.e.r.agent.TransformerForTests - Going to instrument: org.springframework.core.AttributeAccessor
23:36:13.551 [main] INFO  o.e.r.instrumentation.EvoClassLoader - Keeping class: org.springframework.core.AttributeAccessor
23:36:13.552 [main] INFO  o.e.r.instrumentation.EvoClassLoader - Seeing class for first time: org.springframework.boot.SpringApplicationRunListeners
23:36:13.552 [main] INFO  o.e.r.instrumentation.EvoClassLoader - Instrumenting class 'org.springframework.boot.SpringApplicationRunListeners'.
23:36:13.552 [main] INFO  o.e.r.i.MethodCallReplacementClassAdapter - Adding mock interface to class org/springframework/boot/SpringApplicationRunListeners
23:36:13.553 [main] INFO  o.e.r.i.MethodCallReplacementClassAdapter - No hashCode defined for: org/springframework/boot/SpringApplicationRunListeners, superclass = java.lang.Object
23:36:13.553 [main] INFO  o.e.r.i.CreateClassResetClassAdapter - Creating brand-new static initializer in class org/springframework/boot/SpringApplicationRunListeners
23:36:13.553 [main] DEBUG o.e.r.agent.TransformerForTests - Going to instrument: org.springframework.boot.SpringApplicationRunListeners
23:36:13.553 [main] INFO  o.e.r.instrumentation.EvoClassLoader - Keeping class: org.springframework.boot.SpringApplicationRunListeners
23:36:13.554 [main] INFO  o.e.r.instrumentation.EvoClassLoader - Seeing class for first time: org.springframework.core.env.CommandLineArgs
23:36:13.554 [main] INFO  o.e.r.instrumentation.EvoClassLoader - Instrumenting class 'org.springframework.core.env.CommandLineArgs'.
23:36:13.555 [main] INFO  o.e.r.i.MethodCallReplacementClassAdapter - Adding mock interface to class org/springframework/core/env/CommandLineArgs
23:36:13.555 [main] INFO  o.e.r.i.MethodCallReplacementClassAdapter - No hashCode defined for: org/springframework/core/env/CommandLineArgs, superclass = java.lang.Object
23:36:13.555 [main] INFO  o.e.r.i.CreateClassResetClassAdapter - Creating brand-new static initializer in class org/springframework/core/env/CommandLineArgs
23:36:13.555 [main] DEBUG o.e.r.agent.TransformerForTests - Going to instrument: org.springframework.core.env.CommandLineArgs
23:36:13.556 [main] INFO  o.e.r.instrumentation.EvoClassLoader - Keeping class: org.springframework.core.env.CommandLineArgs
23:36:13.556 [main] INFO  o.e.r.instrumentation.EvoClassLoader - Seeing class for first time: org.springframework.beans.factory.support.BeanNameGenerator
23:36:13.556 [main] INFO  o.e.r.instrumentation.EvoClassLoader - Instrumenting class 'org.springframework.beans.factory.support.BeanNameGenerator'.
23:36:13.559 [main] DEBUG o.e.r.agent.TransformerForTests - Going to instrument: org.springframework.beans.factory.support.BeanNameGenerator
23:36:13.560 [main] INFO  o.e.r.instrumentation.EvoClassLoader - Keeping class: org.springframework.beans.factory.support.BeanNameGenerator
23:36:13.560 [main] INFO  o.e.r.instrumentation.EvoClassLoader - Seeing class for first time: org.springframework.boot.bind.RelaxedNames$Manipulation
23:36:13.560 [main] INFO  o.e.r.instrumentation.EvoClassLoader - Instrumenting class 'org.springframework.boot.bind.RelaxedNames$Manipulation'.
23:36:13.560 [main] INFO  o.e.r.i.MethodCallReplacementClassAdapter - Adding mock interface to class org/springframework/boot/bind/RelaxedNames$Manipulation
23:36:13.561 [main] INFO  o.e.r.i.CreateClassResetClassAdapter - Found static initializer in class org/springframework/boot/bind/RelaxedNames$Manipulation
23:36:13.561 [main] INFO  o.e.r.i.MethodCallReplacementClassAdapter - No hashCode defined for: org/springframework/boot/bind/RelaxedNames$Manipulation, superclass = java.lang.Enum
23:36:13.561 [main] DEBUG o.e.r.agent.TransformerForTests - Going to instrument: org.springframework.boot.bind.RelaxedNames$Manipulation
23:36:13.561 [main] INFO  o.e.r.i.CreateClassResetClassAdapter - Found static initializer in class org/springframework/boot/bind/RelaxedNames$Manipulation
23:36:13.561 [main] INFO  o.e.r.i.MethodCallReplacementClassAdapter - No hashCode defined for: org/springframework/boot/bind/RelaxedNames$Manipulation, superclass = java.lang.Enum
23:36:13.562 [main] INFO  o.e.r.instrumentation.EvoClassLoader - Error while loading class: java.lang.ClassFormatError: Duplicate method name&signature in class file org/springframework/boot/bind/RelaxedNames$Manipulation
23:36:13.562 [main] ERROR o.e.r.c.ClassStateSupport - Could not initialize org.springframework.boot.bind.RelaxedNames$Manipulation: Duplicate method name&signature in class file org/springframework/boot/bind/RelaxedNames$Manipulation
23:36:13.562 [main] INFO  o.e.r.instrumentation.EvoClassLoader - Seeing class for first time: org.springframework.boot.autoconfigure.BackgroundPreinitializer$1
23:36:13.562 [main] INFO  o.e.r.instrumentation.EvoClassLoader - Instrumenting class 'org.springframework.boot.autoconfigure.BackgroundPreinitializer$1'.
23:36:13.563 [main] INFO  o.e.r.i.MethodCallReplacementClassAdapter - Adding mock interface to class org/springframework/boot/autoconfigure/BackgroundPreinitializer$1
23:36:13.563 [main] INFO  o.e.r.i.MethodCallReplacementClassAdapter - No hashCode defined for: org/springframework/boot/autoconfigure/BackgroundPreinitializer$1, superclass = java.lang.Object
23:36:13.563 [main] DEBUG o.e.r.agent.TransformerForTests - Going to instrument: org.springframework.boot.autoconfigure.BackgroundPreinitializer$1
23:36:13.563 [main] INFO  o.e.r.instrumentation.EvoClassLoader - Keeping class: org.springframework.boot.autoconfigure.BackgroundPreinitializer$1
23:36:13.563 [main] INFO  o.e.r.instrumentation.EvoClassLoader - Seeing class for first time: org.springframework.boot.ExitCodeGenerator
23:36:13.563 [main] INFO  o.e.r.instrumentation.EvoClassLoader - Instrumenting class 'org.springframework.boot.ExitCodeGenerator'.
23:36:13.564 [main] DEBUG o.e.r.agent.TransformerForTests - Going to instrument: org.springframework.boot.ExitCodeGenerator
23:36:13.564 [main] INFO  o.e.r.instrumentation.EvoClassLoader - Keeping class: org.springframework.boot.ExitCodeGenerator
23:36:13.564 [main] INFO  o.e.r.instrumentation.EvoClassLoader - Seeing class for first time: org.springframework.core.annotation.AnnotationAwareOrderComparator
23:36:13.564 [main] INFO  o.e.r.instrumentation.EvoClassLoader - Instrumenting class 'org.springframework.core.annotation.AnnotationAwareOrderComparator'.
23:36:13.565 [main] INFO  o.e.r.i.MethodCallReplacementClassAdapter - Adding mock interface to class org/springframework/core/annotation/AnnotationAwareOrderComparator
23:36:13.565 [main] INFO  o.e.r.i.CreateClassResetClassAdapter - Found static initializer in class org/springframework/core/annotation/AnnotationAwareOrderComparator
23:36:13.565 [main] INFO  o.e.r.i.MethodCallReplacementClassAdapter - No hashCode defined for: org/springframework/core/annotation/AnnotationAwareOrderComparator, superclass = org.springframework.core.OrderComparator
23:36:13.565 [main] DEBUG o.e.r.agent.TransformerForTests - Going to instrument: org.springframework.core.annotation.AnnotationAwareOrderComparator
23:36:13.566 [main] INFO  o.e.r.i.CreateClassResetClassAdapter - Found static initializer in class org/springframework/core/annotation/AnnotationAwareOrderComparator
23:36:13.566 [main] INFO  o.e.r.i.MethodCallReplacementClassAdapter - No hashCode defined for: org/springframework/core/annotation/AnnotationAwareOrderComparator, superclass = org.springframework.core.OrderComparator
23:36:13.566 [main] INFO  o.e.r.instrumentation.EvoClassLoader - Error while loading class: java.lang.ClassFormatError: Duplicate method name&signature in class file org/springframework/core/annotation/AnnotationAwareOrderComparator
23:36:13.566 [main] ERROR o.e.r.c.ClassStateSupport - Could not initialize org.springframework.core.annotation.AnnotationAwareOrderComparator: Duplicate method name&signature in class file org/springframework/core/annotation/AnnotationAwareOrderComparator
23:36:13.566 [main] INFO  o.e.r.instrumentation.EvoClassLoader - Seeing class for first time: org.springframework.context.ApplicationContextAware
23:36:13.566 [main] INFO  o.e.r.instrumentation.EvoClassLoader - Instrumenting class 'org.springframework.context.ApplicationContextAware'.
23:36:13.567 [main] DEBUG o.e.r.agent.TransformerForTests - Going to instrument: org.springframework.context.ApplicationContextAware
23:36:13.567 [main] INFO  o.e.r.instrumentation.EvoClassLoader - Keeping class: org.springframework.context.ApplicationContextAware
23:36:13.567 [main] INFO  o.e.r.instrumentation.EvoClassLoader - Seeing class for first time: org.springframework.core.env.CommandLinePropertySource
23:36:13.567 [main] INFO  o.e.r.instrumentation.EvoClassLoader - Instrumenting class 'org.springframework.core.env.CommandLinePropertySource'.
23:36:13.568 [main] INFO  o.e.r.i.MethodCallReplacementClassAdapter - Adding mock interface to class org/springframework/core/env/CommandLinePropertySource
23:36:13.568 [main] INFO  o.e.r.i.MethodCallReplacementClassAdapter - No hashCode defined for: org/springframework/core/env/CommandLinePropertySource, superclass = org.springframework.core.env.EnumerablePropertySource
23:36:13.568 [main] INFO  o.e.r.i.CreateClassResetClassAdapter - Creating brand-new static initializer in class org/springframework/core/env/CommandLinePropertySource
23:36:13.568 [main] INFO  o.e.r.i.CreateClassResetClassAdapter - Adding bytecode for initializing field COMMAND_LINE_PROPERTY_SOURCE_NAME
23:36:13.568 [main] INFO  o.e.r.i.CreateClassResetClassAdapter - Adding bytecode for initializing field DEFAULT_NON_OPTION_ARGS_PROPERTY_NAME
23:36:13.568 [main] DEBUG o.e.r.agent.TransformerForTests - Going to instrument: org.springframework.core.env.CommandLinePropertySource
23:36:13.572 [main] INFO  o.e.r.i.MethodCallReplacementClassAdapter - No hashCode defined for: org/springframework/core/env/CommandLinePropertySource, superclass = org.springframework.core.env.EnumerablePropertySource
23:36:13.573 [main] INFO  o.e.r.instrumentation.EvoClassLoader - Seeing class for first time: org.springframework.core.env.EnumerablePropertySource
23:36:13.573 [main] INFO  o.e.r.instrumentation.EvoClassLoader - Instrumenting class 'org.springframework.core.env.EnumerablePropertySource'.
23:36:13.573 [main] INFO  o.e.r.i.MethodCallReplacementClassAdapter - Adding mock interface to class org/springframework/core/env/EnumerablePropertySource
23:36:13.573 [main] INFO  o.e.r.i.MethodCallReplacementClassAdapter - No hashCode defined for: org/springframework/core/env/EnumerablePropertySource, superclass = org.springframework.core.env.PropertySource
23:36:13.573 [main] INFO  o.e.r.i.CreateClassResetClassAdapter - Creating brand-new static initializer in class org/springframework/core/env/EnumerablePropertySource
23:36:13.574 [main] DEBUG o.e.r.agent.TransformerForTests - Going to instrument: org.springframework.core.env.EnumerablePropertySource
23:36:13.574 [main] INFO  o.e.r.i.MethodCallReplacementClassAdapter - No hashCode defined for: org/springframework/core/env/EnumerablePropertySource, superclass = org.springframework.core.env.PropertySource
23:36:13.574 [main] INFO  o.e.r.instrumentation.EvoClassLoader - Keeping class: org.springframework.core.env.EnumerablePropertySource
23:36:13.574 [main] INFO  o.e.r.instrumentation.EvoClassLoader - Keeping class: org.springframework.core.env.CommandLinePropertySource
23:36:13.574 [main] INFO  o.e.r.instrumentation.EvoClassLoader - Seeing class for first time: org.springframework.util.ConcurrentReferenceHashMap$EntrySet
23:36:13.574 [main] INFO  o.e.r.instrumentation.EvoClassLoader - Instrumenting class 'org.springframework.util.ConcurrentReferenceHashMap$EntrySet'.
23:36:13.575 [main] INFO  o.e.r.i.MethodCallReplacementClassAdapter - Adding mock interface to class org/springframework/util/ConcurrentReferenceHashMap$EntrySet
23:36:13.575 [main] INFO  o.e.r.i.MethodCallReplacementClassAdapter - No hashCode defined for: org/springframework/util/ConcurrentReferenceHashMap$EntrySet, superclass = java.util.AbstractSet
23:36:13.575 [main] INFO  o.e.r.i.CreateClassResetClassAdapter - Creating brand-new static initializer in class org/springframework/util/ConcurrentReferenceHashMap$EntrySet
23:36:13.575 [main] DEBUG o.e.r.agent.TransformerForTests - Going to instrument: org.springframework.util.ConcurrentReferenceHashMap$EntrySet
23:36:13.575 [main] INFO  o.e.r.i.MethodCallReplacementClassAdapter - No hashCode defined for: org/springframework/util/ConcurrentReferenceHashMap$EntrySet, superclass = java.util.AbstractSet
23:36:13.576 [main] INFO  o.e.r.instrumentation.EvoClassLoader - Keeping class: org.springframework.util.ConcurrentReferenceHashMap$EntrySet
23:36:13.576 [main] INFO  o.e.r.instrumentation.EvoClassLoader - Seeing class for first time: org.springframework.util.ConcurrentReferenceHashMap$Entry
23:36:13.576 [main] INFO  o.e.r.instrumentation.EvoClassLoader - Instrumenting class 'org.springframework.util.ConcurrentReferenceHashMap$Entry'.
23:36:13.577 [main] INFO  o.e.r.i.MethodCallReplacementClassAdapter - Adding mock interface to class org/springframework/util/ConcurrentReferenceHashMap$Entry
23:36:13.577 [main] INFO  o.e.r.i.CreateClassResetClassAdapter - Creating brand-new static initializer in class org/springframework/util/ConcurrentReferenceHashMap$Entry
23:36:13.577 [main] DEBUG o.e.r.agent.TransformerForTests - Going to instrument: org.springframework.util.ConcurrentReferenceHashMap$Entry
23:36:13.577 [main] INFO  o.e.r.instrumentation.EvoClassLoader - Keeping class: org.springframework.util.ConcurrentReferenceHashMap$Entry
23:36:13.578 [main] INFO  o.e.r.instrumentation.EvoClassLoader - Seeing class for first time: org.springframework.core.convert.support.StringToUUIDConverter
23:36:13.578 [main] INFO  o.e.r.instrumentation.EvoClassLoader - Instrumenting class 'org.springframework.core.convert.support.StringToUUIDConverter'.
23:36:13.578 [main] INFO  o.e.r.i.MethodCallReplacementClassAdapter - Adding mock interface to class org/springframework/core/convert/support/StringToUUIDConverter
23:36:13.579 [main] INFO  o.e.r.i.MethodCallReplacementClassAdapter - No hashCode defined for: org/springframework/core/convert/support/StringToUUIDConverter, superclass = java.lang.Object
23:36:13.579 [main] INFO  o.e.r.i.CreateClassResetClassAdapter - Creating brand-new static initializer in class org/springframework/core/convert/support/StringToUUIDConverter
23:36:13.579 [main] DEBUG o.e.r.agent.TransformerForTests - Going to instrument: org.springframework.core.convert.support.StringToUUIDConverter
23:36:13.579 [main] INFO  o.e.r.instrumentation.EvoClassLoader - Keeping class: org.springframework.core.convert.support.StringToUUIDConverter
23:36:13.579 [main] INFO  o.e.r.instrumentation.EvoClassLoader - Seeing class for first time: org.springframework.boot.ApplicationArguments
23:36:13.579 [main] INFO  o.e.r.instrumentation.EvoClassLoader - Instrumenting class 'org.springframework.boot.ApplicationArguments'.
23:36:13.580 [main] DEBUG o.e.r.agent.TransformerForTests - Going to instrument: org.springframework.boot.ApplicationArguments
23:36:13.580 [main] INFO  o.e.r.instrumentation.EvoClassLoader - Keeping class: org.springframework.boot.ApplicationArguments
23:36:13.580 [main] INFO  o.e.r.instrumentation.EvoClassLoader - Seeing class for first time: org.springframework.boot.context.config.DelegatingApplicationContextInitializer
23:36:13.580 [main] INFO  o.e.r.instrumentation.EvoClassLoader - Instrumenting class 'org.springframework.boot.context.config.DelegatingApplicationContextInitializer'.
23:36:13.581 [main] INFO  o.e.r.i.MethodCallReplacementClassAdapter - Adding mock interface to class org/springframework/boot/context/config/DelegatingApplicationContextInitializer
23:36:13.581 [main] INFO  o.e.r.i.MethodCallReplacementClassAdapter - No hashCode defined for: org/springframework/boot/context/config/DelegatingApplicationContextInitializer, superclass = java.lang.Object
23:36:13.581 [main] INFO  o.e.r.i.CreateClassResetClassAdapter - Creating brand-new static initializer in class org/springframework/boot/context/config/DelegatingApplicationContextInitializer
23:36:13.581 [main] INFO  o.e.r.i.CreateClassResetClassAdapter - Adding bytecode for initializing field PROPERTY_NAME
23:36:13.582 [main] DEBUG o.e.r.agent.TransformerForTests - Going to instrument: org.springframework.boot.context.config.DelegatingApplicationContextInitializer
23:36:13.582 [main] INFO  o.e.r.instrumentation.EvoClassLoader - Seeing class for first time: org.springframework.context.ApplicationContextInitializer
23:36:13.582 [main] INFO  o.e.r.instrumentation.EvoClassLoader - Instrumenting class 'org.springframework.context.ApplicationContextInitializer'.
23:36:13.583 [main] DEBUG o.e.r.agent.TransformerForTests - Going to instrument: org.springframework.context.ApplicationContextInitializer
23:36:13.583 [main] INFO  o.e.r.instrumentation.EvoClassLoader - Keeping class: org.springframework.context.ApplicationContextInitializer
23:36:13.583 [main] INFO  o.e.r.instrumentation.EvoClassLoader - Keeping class: org.springframework.boot.context.config.DelegatingApplicationContextInitializer
23:36:13.584 [main] INFO  o.e.r.instrumentation.EvoClassLoader - Seeing class for first time: org.springframework.context.ApplicationContextException
23:36:13.584 [main] INFO  o.e.r.instrumentation.EvoClassLoader - Instrumenting class 'org.springframework.context.ApplicationContextException'.
23:36:13.584 [main] INFO  o.e.r.i.MethodCallReplacementClassAdapter - Adding mock interface to class org/springframework/context/ApplicationContextException
23:36:13.584 [main] INFO  o.e.r.i.MethodCallReplacementClassAdapter - No hashCode defined for: org/springframework/context/ApplicationContextException, superclass = org.springframework.beans.FatalBeanException
23:36:13.584 [main] INFO  o.e.r.i.CreateClassResetClassAdapter - Creating brand-new static initializer in class org/springframework/context/ApplicationContextException
23:36:13.584 [main] DEBUG o.e.r.agent.TransformerForTests - Going to instrument: org.springframework.context.ApplicationContextException
23:36:13.584 [main] INFO  o.e.r.i.MethodCallReplacementClassAdapter - No hashCode defined for: org/springframework/context/ApplicationContextException, superclass = org.springframework.beans.FatalBeanException
23:36:13.584 [main] INFO  o.e.r.instrumentation.EvoClassLoader - Seeing class for first time: org.springframework.beans.FatalBeanException
23:36:13.584 [main] INFO  o.e.r.instrumentation.EvoClassLoader - Instrumenting class 'org.springframework.beans.FatalBeanException'.
23:36:13.585 [main] INFO  o.e.r.i.MethodCallReplacementClassAdapter - Adding mock interface to class org/springframework/beans/FatalBeanException
23:36:13.585 [main] INFO  o.e.r.i.MethodCallReplacementClassAdapter - No hashCode defined for: org/springframework/beans/FatalBeanException, superclass = org.springframework.beans.BeansException
23:36:13.585 [main] INFO  o.e.r.i.CreateClassResetClassAdapter - Creating brand-new static initializer in class org/springframework/beans/FatalBeanException
23:36:13.585 [main] DEBUG o.e.r.agent.TransformerForTests - Going to instrument: org.springframework.beans.FatalBeanException
23:36:13.585 [main] INFO  o.e.r.i.MethodCallReplacementClassAdapter - No hashCode defined for: org/springframework/beans/FatalBeanException, superclass = org.springframework.beans.BeansException
23:36:13.585 [main] INFO  o.e.r.instrumentation.EvoClassLoader - Seeing class for first time: org.springframework.beans.BeansException
23:36:13.585 [main] INFO  o.e.r.instrumentation.EvoClassLoader - Instrumenting class 'org.springframework.beans.BeansException'.
23:36:13.585 [main] INFO  o.e.r.i.MethodCallReplacementClassAdapter - Adding mock interface to class org/springframework/beans/BeansException
23:36:13.586 [main] INFO  o.e.r.i.CreateClassResetClassAdapter - Creating brand-new static initializer in class org/springframework/beans/BeansException
23:36:13.586 [main] DEBUG o.e.r.agent.TransformerForTests - Going to instrument: org.springframework.beans.BeansException
23:36:13.586 [main] INFO  o.e.r.instrumentation.EvoClassLoader - Seeing class for first time: org.springframework.core.NestedRuntimeException
23:36:13.586 [main] INFO  o.e.r.instrumentation.EvoClassLoader - Instrumenting class 'org.springframework.core.NestedRuntimeException'.
23:36:13.589 [main] INFO  o.e.r.i.MethodCallReplacementClassAdapter - Adding mock interface to class org/springframework/core/NestedRuntimeException
23:36:13.590 [main] INFO  o.e.r.i.CreateClassResetClassAdapter - Found static initializer in class org/springframework/core/NestedRuntimeException
23:36:13.590 [main] INFO  o.e.r.i.MethodCallReplacementClassAdapter - No hashCode defined for: org/springframework/core/NestedRuntimeException, superclass = java.lang.RuntimeException
23:36:13.590 [main] DEBUG o.e.r.agent.TransformerForTests - Going to instrument: org.springframework.core.NestedRuntimeException
23:36:13.591 [main] INFO  o.e.r.i.CreateClassResetClassAdapter - Found static initializer in class org/springframework/core/NestedRuntimeException
23:36:13.591 [main] INFO  o.e.r.i.MethodCallReplacementClassAdapter - No hashCode defined for: org/springframework/core/NestedRuntimeException, superclass = org.evosuite.runtime.mock.java.lang.MockRuntimeException
23:36:13.591 [main] INFO  o.e.r.instrumentation.EvoClassLoader - Error while loading class: java.lang.ClassFormatError: Duplicate method name&signature in class file org/springframework/core/NestedRuntimeException
23:36:13.591 [main] INFO  o.e.r.instrumentation.EvoClassLoader - Error while loading class: java.lang.NoClassDefFoundError: org/springframework/core/NestedRuntimeException
23:36:13.591 [main] INFO  o.e.r.instrumentation.EvoClassLoader - Error while loading class: java.lang.NoClassDefFoundError: org/springframework/beans/BeansException
23:36:13.591 [main] INFO  o.e.r.instrumentation.EvoClassLoader - Error while loading class: java.lang.NoClassDefFoundError: org/springframework/beans/FatalBeanException
23:36:13.591 [main] ERROR o.e.r.c.ClassStateSupport - Could not initialize org.springframework.boot.context.config.DelegatingApplicationContextInitializer: org/springframework/context/ApplicationContextException
23:36:13.591 [main] INFO  o.e.r.instrumentation.EvoClassLoader - Seeing class for first time: org.springframework.core.env.ConfigurablePropertyResolver
23:36:13.591 [main] INFO  o.e.r.instrumentation.EvoClassLoader - Instrumenting class 'org.springframework.core.env.ConfigurablePropertyResolver'.
23:36:13.592 [main] DEBUG o.e.r.agent.TransformerForTests - Going to instrument: org.springframework.core.env.ConfigurablePropertyResolver
23:36:13.592 [main] INFO  o.e.r.instrumentation.EvoClassLoader - Seeing class for first time: org.springframework.core.env.PropertyResolver
23:36:13.592 [main] INFO  o.e.r.instrumentation.EvoClassLoader - Instrumenting class 'org.springframework.core.env.PropertyResolver'.
23:36:13.593 [main] DEBUG o.e.r.agent.TransformerForTests - Going to instrument: org.springframework.core.env.PropertyResolver
23:36:13.593 [main] INFO  o.e.r.instrumentation.EvoClassLoader - Keeping class: org.springframework.core.env.PropertyResolver
23:36:13.593 [main] INFO  o.e.r.instrumentation.EvoClassLoader - Keeping class: org.springframework.core.env.ConfigurablePropertyResolver
23:36:13.593 [main] INFO  o.e.r.instrumentation.EvoClassLoader - Seeing class for first time: org.springframework.util.ConcurrentReferenceHashMap$TaskOption
23:36:13.593 [main] INFO  o.e.r.instrumentation.EvoClassLoader - Instrumenting class 'org.springframework.util.ConcurrentReferenceHashMap$TaskOption'.
23:36:13.594 [main] INFO  o.e.r.i.MethodCallReplacementClassAdapter - Adding mock interface to class org/springframework/util/ConcurrentReferenceHashMap$TaskOption
23:36:13.594 [main] INFO  o.e.r.i.CreateClassResetClassAdapter - Found static initializer in class org/springframework/util/ConcurrentReferenceHashMap$TaskOption
23:36:13.594 [main] INFO  o.e.r.i.MethodCallReplacementClassAdapter - No hashCode defined for: org/springframework/util/ConcurrentReferenceHashMap$TaskOption, superclass = java.lang.Enum
23:36:13.594 [main] DEBUG o.e.r.agent.TransformerForTests - Going to instrument: org.springframework.util.ConcurrentReferenceHashMap$TaskOption
23:36:13.594 [main] INFO  o.e.r.i.CreateClassResetClassAdapter - Found static initializer in class org/springframework/util/ConcurrentReferenceHashMap$TaskOption
23:36:13.595 [main] INFO  o.e.r.i.MethodCallReplacementClassAdapter - No hashCode defined for: org/springframework/util/ConcurrentReferenceHashMap$TaskOption, superclass = java.lang.Enum
23:36:13.595 [main] INFO  o.e.r.instrumentation.EvoClassLoader - Error while loading class: java.lang.ClassFormatError: Duplicate method name&signature in class file org/springframework/util/ConcurrentReferenceHashMap$TaskOption
23:36:13.595 [main] INFO  o.e.r.instrumentation.EvoClassLoader - Seeing class for first time: org.springframework.core.convert.support.CollectionToObjectConverter
23:36:13.595 [main] INFO  o.e.r.instrumentation.EvoClassLoader - Instrumenting class 'org.springframework.core.convert.support.CollectionToObjectConverter'.
23:36:13.596 [main] INFO  o.e.r.i.MethodCallReplacementClassAdapter - Adding mock interface to class org/springframework/core/convert/support/CollectionToObjectConverter
23:36:13.596 [main] INFO  o.e.r.i.MethodCallReplacementClassAdapter - No hashCode defined for: org/springframework/core/convert/support/CollectionToObjectConverter, superclass = java.lang.Object
23:36:13.596 [main] INFO  o.e.r.i.CreateClassResetClassAdapter - Creating brand-new static initializer in class org/springframework/core/convert/support/CollectionToObjectConverter
23:36:13.596 [main] DEBUG o.e.r.agent.TransformerForTests - Going to instrument: org.springframework.core.convert.support.CollectionToObjectConverter
23:36:13.597 [main] INFO  o.e.r.instrumentation.EvoClassLoader - Keeping class: org.springframework.core.convert.support.CollectionToObjectConverter
23:36:13.597 [main] INFO  o.e.r.instrumentation.EvoClassLoader - Seeing class for first time: com.fasterxml.jackson.core.ObjectCodec
23:36:13.597 [main] INFO  o.e.r.instrumentation.EvoClassLoader - Instrumenting class 'com.fasterxml.jackson.core.ObjectCodec'.
23:36:13.598 [main] INFO  o.e.r.i.MethodCallReplacementClassAdapter - Adding mock interface to class com/fasterxml/jackson/core/ObjectCodec
23:36:13.598 [main] INFO  o.e.r.i.MethodCallReplacementClassAdapter - No hashCode defined for: com/fasterxml/jackson/core/ObjectCodec, superclass = com.fasterxml.jackson.core.TreeCodec
23:36:13.598 [main] INFO  o.e.r.i.CreateClassResetClassAdapter - Creating brand-new static initializer in class com/fasterxml/jackson/core/ObjectCodec
23:36:13.598 [main] DEBUG o.e.r.agent.TransformerForTests - Going to instrument: com.fasterxml.jackson.core.ObjectCodec
23:36:13.598 [main] INFO  o.e.r.i.MethodCallReplacementClassAdapter - No hashCode defined for: com/fasterxml/jackson/core/ObjectCodec, superclass = com.fasterxml.jackson.core.TreeCodec
23:36:13.598 [main] INFO  o.e.r.instrumentation.EvoClassLoader - Seeing class for first time: com.fasterxml.jackson.core.Versioned
23:36:13.598 [main] INFO  o.e.r.instrumentation.EvoClassLoader - Instrumenting class 'com.fasterxml.jackson.core.Versioned'.
23:36:13.599 [main] DEBUG o.e.r.agent.TransformerForTests - Going to instrument: com.fasterxml.jackson.core.Versioned
23:36:13.599 [main] INFO  o.e.r.instrumentation.EvoClassLoader - Keeping class: com.fasterxml.jackson.core.Versioned
23:36:13.599 [main] INFO  o.e.r.instrumentation.EvoClassLoader - Seeing class for first time: com.fasterxml.jackson.core.TreeCodec
23:36:13.599 [main] INFO  o.e.r.instrumentation.EvoClassLoader - Instrumenting class 'com.fasterxml.jackson.core.TreeCodec'.
23:36:13.600 [main] INFO  o.e.r.i.MethodCallReplacementClassAdapter - Adding mock interface to class com/fasterxml/jackson/core/TreeCodec
23:36:13.600 [main] INFO  o.e.r.i.MethodCallReplacementClassAdapter - No hashCode defined for: com/fasterxml/jackson/core/TreeCodec, superclass = java.lang.Object
23:36:13.600 [main] INFO  o.e.r.i.CreateClassResetClassAdapter - Creating brand-new static initializer in class com/fasterxml/jackson/core/TreeCodec
23:36:13.600 [main] DEBUG o.e.r.agent.TransformerForTests - Going to instrument: com.fasterxml.jackson.core.TreeCodec
23:36:13.600 [main] INFO  o.e.r.instrumentation.EvoClassLoader - Keeping class: com.fasterxml.jackson.core.TreeCodec
23:36:13.600 [main] INFO  o.e.r.instrumentation.EvoClassLoader - Keeping class: com.fasterxml.jackson.core.ObjectCodec
23:36:13.600 [main] INFO  o.e.r.instrumentation.EvoClassLoader - Seeing class for first time: org.springframework.format.Printer
23:36:13.600 [main] INFO  o.e.r.instrumentation.EvoClassLoader - Instrumenting class 'org.springframework.format.Printer'.
23:36:13.601 [main] DEBUG o.e.r.agent.TransformerForTests - Going to instrument: org.springframework.format.Printer
23:36:13.601 [main] INFO  o.e.r.instrumentation.EvoClassLoader - Keeping class: org.springframework.format.Printer
23:36:13.601 [main] INFO  o.e.r.instrumentation.EvoClassLoader - Seeing class for first time: org.springframework.core.ResolvableTypeProvider
23:36:13.601 [main] INFO  o.e.r.instrumentation.EvoClassLoader - Instrumenting class 'org.springframework.core.ResolvableTypeProvider'.
23:36:13.602 [main] DEBUG o.e.r.agent.TransformerForTests - Going to instrument: org.springframework.core.ResolvableTypeProvider
23:36:13.602 [main] INFO  o.e.r.instrumentation.EvoClassLoader - Keeping class: org.springframework.core.ResolvableTypeProvider
23:36:13.602 [main] INFO  o.e.r.instrumentation.EvoClassLoader - Seeing class for first time: org.springframework.util.ReflectionUtils$MethodCallback
23:36:13.602 [main] INFO  o.e.r.instrumentation.EvoClassLoader - Instrumenting class 'org.springframework.util.ReflectionUtils$MethodCallback'.
23:36:13.603 [main] DEBUG o.e.r.agent.TransformerForTests - Going to instrument: org.springframework.util.ReflectionUtils$MethodCallback
23:36:13.603 [main] INFO  o.e.r.instrumentation.EvoClassLoader - Keeping class: org.springframework.util.ReflectionUtils$MethodCallback
23:36:13.603 [main] INFO  o.e.r.instrumentation.EvoClassLoader - Seeing class for first time: org.springframework.util.ConcurrentReferenceHashMap
23:36:13.603 [main] INFO  o.e.r.instrumentation.EvoClassLoader - Instrumenting class 'org.springframework.util.ConcurrentReferenceHashMap'.
23:36:13.604 [main] INFO  o.e.r.i.MethodCallReplacementClassAdapter - Adding mock interface to class org/springframework/util/ConcurrentReferenceHashMap
23:36:13.612 [main] INFO  o.e.r.i.CreateClassResetClassAdapter - Found static initializer in class org/springframework/util/ConcurrentReferenceHashMap
23:36:13.612 [main] INFO  o.e.r.i.MethodCallReplacementClassAdapter - No hashCode defined for: org/springframework/util/ConcurrentReferenceHashMap, superclass = java.util.AbstractMap
23:36:13.612 [main] DEBUG o.e.r.agent.TransformerForTests - Going to instrument: org.springframework.util.ConcurrentReferenceHashMap
23:36:13.613 [main] INFO  o.e.r.i.CreateClassResetClassAdapter - Found static initializer in class org/springframework/util/ConcurrentReferenceHashMap
23:36:13.613 [main] INFO  o.e.r.i.MethodCallReplacementClassAdapter - No hashCode defined for: org/springframework/util/ConcurrentReferenceHashMap, superclass = java.util.AbstractMap
23:36:13.614 [main] INFO  o.e.r.instrumentation.EvoClassLoader - Error while loading class: java.lang.ClassFormatError: Duplicate method name&signature in class file org/springframework/util/ConcurrentReferenceHashMap
23:36:13.614 [main] INFO  o.e.r.instrumentation.EvoClassLoader - Seeing class for first time: org.springframework.beans.factory.FactoryBean
23:36:13.614 [main] INFO  o.e.r.instrumentation.EvoClassLoader - Instrumenting class 'org.springframework.beans.factory.FactoryBean'.
23:36:13.615 [main] DEBUG o.e.r.agent.TransformerForTests - Going to instrument: org.springframework.beans.factory.FactoryBean
23:36:13.615 [main] INFO  o.e.r.instrumentation.EvoClassLoader - Keeping class: org.springframework.beans.factory.FactoryBean
23:36:13.615 [main] INFO  o.e.r.instrumentation.EvoClassLoader - Seeing class for first time: org.springframework.beans.BeanMetadataAttributeAccessor
23:36:13.615 [main] INFO  o.e.r.instrumentation.EvoClassLoader - Instrumenting class 'org.springframework.beans.BeanMetadataAttributeAccessor'.
23:36:13.616 [main] INFO  o.e.r.i.MethodCallReplacementClassAdapter - Adding mock interface to class org/springframework/beans/BeanMetadataAttributeAccessor
23:36:13.616 [main] INFO  o.e.r.i.MethodCallReplacementClassAdapter - No hashCode defined for: org/springframework/beans/BeanMetadataAttributeAccessor, superclass = org.springframework.core.AttributeAccessorSupport
23:36:13.616 [main] INFO  o.e.r.i.CreateClassResetClassAdapter - Creating brand-new static initializer in class org/springframework/beans/BeanMetadataAttributeAccessor
23:36:13.616 [main] DEBUG o.e.r.agent.TransformerForTests - Going to instrument: org.springframework.beans.BeanMetadataAttributeAccessor
23:36:13.616 [main] INFO  o.e.r.i.MethodCallReplacementClassAdapter - No hashCode defined for: org/springframework/beans/BeanMetadataAttributeAccessor, superclass = org.springframework.core.AttributeAccessorSupport
23:36:13.616 [main] INFO  o.e.r.instrumentation.EvoClassLoader - Seeing class for first time: org.springframework.beans.BeanMetadataElement
23:36:13.616 [main] INFO  o.e.r.instrumentation.EvoClassLoader - Instrumenting class 'org.springframework.beans.BeanMetadataElement'.
23:36:13.617 [main] DEBUG o.e.r.agent.TransformerForTests - Going to instrument: org.springframework.beans.BeanMetadataElement
23:36:13.617 [main] INFO  o.e.r.instrumentation.EvoClassLoader - Keeping class: org.springframework.beans.BeanMetadataElement
23:36:13.617 [main] INFO  o.e.r.instrumentation.EvoClassLoader - Seeing class for first time: org.springframework.core.AttributeAccessorSupport
23:36:13.617 [main] INFO  o.e.r.instrumentation.EvoClassLoader - Instrumenting class 'org.springframework.core.AttributeAccessorSupport'.
23:36:13.618 [main] INFO  o.e.r.i.MethodCallReplacementClassAdapter - Adding mock interface to class org/springframework/core/AttributeAccessorSupport
23:36:13.618 [main] INFO  o.e.r.i.CreateClassResetClassAdapter - Creating brand-new static initializer in class org/springframework/core/AttributeAccessorSupport
23:36:13.618 [main] DEBUG o.e.r.agent.TransformerForTests - Going to instrument: org.springframework.core.AttributeAccessorSupport
23:36:13.619 [main] INFO  o.e.r.instrumentation.EvoClassLoader - Keeping class: org.springframework.core.AttributeAccessorSupport
23:36:13.619 [main] INFO  o.e.r.instrumentation.EvoClassLoader - Keeping class: org.springframework.beans.BeanMetadataAttributeAccessor
23:36:13.619 [main] INFO  o.e.r.instrumentation.EvoClassLoader - Seeing class for first time: org.springframework.boot.BeanDefinitionLoader
23:36:13.619 [main] INFO  o.e.r.instrumentation.EvoClassLoader - Instrumenting class 'org.springframework.boot.BeanDefinitionLoader'.
23:36:13.620 [main] INFO  o.e.r.i.MethodCallReplacementClassAdapter - Adding mock interface to class org/springframework/boot/BeanDefinitionLoader
23:36:13.626 [main] INFO  o.e.r.i.MethodCallReplacementClassAdapter - No hashCode defined for: org/springframework/boot/BeanDefinitionLoader, superclass = java.lang.Object
23:36:13.626 [main] INFO  o.e.r.i.CreateClassResetClassAdapter - Creating brand-new static initializer in class org/springframework/boot/BeanDefinitionLoader
23:36:13.626 [main] DEBUG o.e.r.agent.TransformerForTests - Going to instrument: org.springframework.boot.BeanDefinitionLoader
23:36:13.630 [main] INFO  o.e.r.instrumentation.EvoClassLoader - Keeping class: org.springframework.boot.BeanDefinitionLoader
23:36:13.631 [main] INFO  o.e.r.instrumentation.EvoClassLoader - Seeing class for first time: org.springframework.core.type.filter.TypeFilter
23:36:13.631 [main] INFO  o.e.r.instrumentation.EvoClassLoader - Instrumenting class 'org.springframework.core.type.filter.TypeFilter'.
23:36:13.636 [main] DEBUG o.e.r.agent.TransformerForTests - Going to instrument: org.springframework.core.type.filter.TypeFilter
23:36:13.636 [main] INFO  o.e.r.instrumentation.EvoClassLoader - Keeping class: org.springframework.core.type.filter.TypeFilter
23:36:13.636 [main] INFO  o.e.r.instrumentation.EvoClassLoader - Seeing class for first time: org.springframework.core.io.ResourceLoader
23:36:13.637 [main] INFO  o.e.r.instrumentation.EvoClassLoader - Instrumenting class 'org.springframework.core.io.ResourceLoader'.
23:36:13.637 [main] DEBUG o.e.r.agent.TransformerForTests - Going to instrument: org.springframework.core.io.ResourceLoader
23:36:13.637 [main] INFO  o.e.r.instrumentation.EvoClassLoader - Keeping class: org.springframework.core.io.ResourceLoader
23:36:13.637 [main] INFO  o.e.r.instrumentation.EvoClassLoader - Seeing class for first time: org.springframework.beans.factory.BeanDefinitionStoreException
23:36:13.637 [main] INFO  o.e.r.instrumentation.EvoClassLoader - Instrumenting class 'org.springframework.beans.factory.BeanDefinitionStoreException'.
23:36:13.638 [main] INFO  o.e.r.i.MethodCallReplacementClassAdapter - Adding mock interface to class org/springframework/beans/factory/BeanDefinitionStoreException
23:36:13.638 [main] INFO  o.e.r.i.MethodCallReplacementClassAdapter - No hashCode defined for: org/springframework/beans/factory/BeanDefinitionStoreException, superclass = org.springframework.beans.FatalBeanException
23:36:13.638 [main] INFO  o.e.r.i.CreateClassResetClassAdapter - Creating brand-new static initializer in class org/springframework/beans/factory/BeanDefinitionStoreException
23:36:13.638 [main] DEBUG o.e.r.agent.TransformerForTests - Going to instrument: org.springframework.beans.factory.BeanDefinitionStoreException
23:36:13.638 [main] INFO  o.e.r.i.MethodCallReplacementClassAdapter - No hashCode defined for: org/springframework/beans/factory/BeanDefinitionStoreException, superclass = org.springframework.beans.FatalBeanException
23:36:13.639 [main] INFO  o.e.r.instrumentation.EvoClassLoader - Seeing class for first time: org.springframework.beans.FatalBeanException
23:36:13.639 [main] INFO  o.e.r.instrumentation.EvoClassLoader - Instrumenting class 'org.springframework.beans.FatalBeanException'.
23:36:13.639 [main] INFO  o.e.r.i.MethodCallReplacementClassAdapter - Adding mock interface to class org/springframework/beans/FatalBeanException
23:36:13.639 [main] INFO  o.e.r.i.MethodCallReplacementClassAdapter - No hashCode defined for: org/springframework/beans/FatalBeanException, superclass = org.springframework.beans.BeansException
23:36:13.639 [main] INFO  o.e.r.i.CreateClassResetClassAdapter - Creating brand-new static initializer in class org/springframework/beans/FatalBeanException
23:36:13.639 [main] DEBUG o.e.r.agent.TransformerForTests - Going to instrument: org.springframework.beans.FatalBeanException
23:36:13.640 [main] INFO  o.e.r.i.MethodCallReplacementClassAdapter - No hashCode defined for: org/springframework/beans/FatalBeanException, superclass = org.springframework.beans.BeansException
23:36:13.640 [main] INFO  o.e.r.instrumentation.EvoClassLoader - Seeing class for first time: org.springframework.beans.BeansException
23:36:13.640 [main] INFO  o.e.r.instrumentation.EvoClassLoader - Instrumenting class 'org.springframework.beans.BeansException'.
23:36:13.640 [main] INFO  o.e.r.i.MethodCallReplacementClassAdapter - Adding mock interface to class org/springframework/beans/BeansException
23:36:13.640 [main] INFO  o.e.r.i.CreateClassResetClassAdapter - Creating brand-new static initializer in class org/springframework/beans/BeansException
23:36:13.640 [main] DEBUG o.e.r.agent.TransformerForTests - Going to instrument: org.springframework.beans.BeansException
23:36:13.641 [main] INFO  o.e.r.instrumentation.EvoClassLoader - Seeing class for first time: org.springframework.core.NestedRuntimeException
23:36:13.641 [main] INFO  o.e.r.instrumentation.EvoClassLoader - Instrumenting class 'org.springframework.core.NestedRuntimeException'.
23:36:13.641 [main] INFO  o.e.r.i.MethodCallReplacementClassAdapter - Adding mock interface to class org/springframework/core/NestedRuntimeException
23:36:13.642 [main] INFO  o.e.r.i.CreateClassResetClassAdapter - Found static initializer in class org/springframework/core/NestedRuntimeException
23:36:13.642 [main] INFO  o.e.r.i.MethodCallReplacementClassAdapter - No hashCode defined for: org/springframework/core/NestedRuntimeException, superclass = java.lang.RuntimeException
23:36:13.642 [main] DEBUG o.e.r.agent.TransformerForTests - Going to instrument: org.springframework.core.NestedRuntimeException
23:36:13.643 [main] INFO  o.e.r.i.CreateClassResetClassAdapter - Found static initializer in class org/springframework/core/NestedRuntimeException
23:36:13.643 [main] INFO  o.e.r.i.MethodCallReplacementClassAdapter - No hashCode defined for: org/springframework/core/NestedRuntimeException, superclass = org.evosuite.runtime.mock.java.lang.MockRuntimeException
23:36:13.643 [main] INFO  o.e.r.instrumentation.EvoClassLoader - Error while loading class: java.lang.ClassFormatError: Duplicate method name&signature in class file org/springframework/core/NestedRuntimeException
23:36:13.643 [main] INFO  o.e.r.instrumentation.EvoClassLoader - Error while loading class: java.lang.NoClassDefFoundError: org/springframework/core/NestedRuntimeException
23:36:13.643 [main] INFO  o.e.r.instrumentation.EvoClassLoader - Error while loading class: java.lang.NoClassDefFoundError: org/springframework/beans/BeansException
23:36:13.644 [main] INFO  o.e.r.instrumentation.EvoClassLoader - Error while loading class: java.lang.NoClassDefFoundError: org/springframework/beans/FatalBeanException
23:36:13.644 [main] ERROR o.e.r.c.ClassStateSupport - Could not initialize org.springframework.boot.BeanDefinitionLoader: org/springframework/beans/factory/BeanDefinitionStoreException
23:36:13.644 [main] INFO  o.e.r.instrumentation.EvoClassLoader - Seeing class for first time: org.springframework.core.io.support.EncodedResource
23:36:13.644 [main] INFO  o.e.r.instrumentation.EvoClassLoader - Instrumenting class 'org.springframework.core.io.support.EncodedResource'.
23:36:13.644 [main] INFO  o.e.r.i.MethodCallReplacementClassAdapter - Adding mock interface to class org/springframework/core/io/support/EncodedResource
23:36:13.645 [main] INFO  o.e.r.i.CreateClassResetClassAdapter - Creating brand-new static initializer in class org/springframework/core/io/support/EncodedResource
23:36:13.645 [main] DEBUG o.e.r.agent.TransformerForTests - Going to instrument: org.springframework.core.io.support.EncodedResource
23:36:13.647 [main] INFO  o.e.r.instrumentation.EvoClassLoader - Keeping class: org.springframework.core.io.support.EncodedResource
23:36:13.647 [main] INFO  o.e.r.instrumentation.EvoClassLoader - Seeing class for first time: org.springframework.core.env.EnvironmentCapable
23:36:13.647 [main] INFO  o.e.r.instrumentation.EvoClassLoader - Instrumenting class 'org.springframework.core.env.EnvironmentCapable'.
23:36:13.648 [main] DEBUG o.e.r.agent.TransformerForTests - Going to instrument: org.springframework.core.env.EnvironmentCapable
23:36:13.648 [main] INFO  o.e.r.instrumentation.EvoClassLoader - Keeping class: org.springframework.core.env.EnvironmentCapable
23:36:13.649 [main] INFO  o.e.r.instrumentation.EvoClassLoader - Seeing class for first time: org.springframework.boot.autoconfigure.BackgroundPreinitializer
23:36:13.649 [main] INFO  o.e.r.instrumentation.EvoClassLoader - Instrumenting class 'org.springframework.boot.autoconfigure.BackgroundPreinitializer'.
23:36:13.649 [main] INFO  o.e.r.i.MethodCallReplacementClassAdapter - Adding mock interface to class org/springframework/boot/autoconfigure/BackgroundPreinitializer
23:36:13.651 [main] INFO  o.e.r.i.MethodCallReplacementClassAdapter - No hashCode defined for: org/springframework/boot/autoconfigure/BackgroundPreinitializer, superclass = java.lang.Object
23:36:13.651 [main] INFO  o.e.r.i.CreateClassResetClassAdapter - Creating brand-new static initializer in class org/springframework/boot/autoconfigure/BackgroundPreinitializer
23:36:13.651 [main] DEBUG o.e.r.agent.TransformerForTests - Going to instrument: org.springframework.boot.autoconfigure.BackgroundPreinitializer
23:36:13.652 [main] INFO  o.e.r.instrumentation.EvoClassLoader - Seeing class for first time: org.springframework.context.ApplicationListener
23:36:13.652 [main] INFO  o.e.r.instrumentation.EvoClassLoader - Instrumenting class 'org.springframework.context.ApplicationListener'.
23:36:13.653 [main] DEBUG o.e.r.agent.TransformerForTests - Going to instrument: org.springframework.context.ApplicationListener
23:36:13.653 [main] INFO  o.e.r.instrumentation.EvoClassLoader - Keeping class: org.springframework.context.ApplicationListener
23:36:13.653 [main] INFO  o.e.r.instrumentation.EvoClassLoader - Keeping class: org.springframework.boot.autoconfigure.BackgroundPreinitializer
23:36:13.654 [main] INFO  o.e.r.instrumentation.EvoClassLoader - Seeing class for first time: org.springframework.core.convert.support.MapToMapConverter
23:36:13.654 [main] INFO  o.e.r.instrumentation.EvoClassLoader - Instrumenting class 'org.springframework.core.convert.support.MapToMapConverter'.
23:36:13.655 [main] INFO  o.e.r.i.MethodCallReplacementClassAdapter - Adding mock interface to class org/springframework/core/convert/support/MapToMapConverter
23:36:13.655 [main] INFO  o.e.r.i.MethodCallReplacementClassAdapter - No hashCode defined for: org/springframework/core/convert/support/MapToMapConverter, superclass = java.lang.Object
23:36:13.655 [main] INFO  o.e.r.i.CreateClassResetClassAdapter - Creating brand-new static initializer in class org/springframework/core/convert/support/MapToMapConverter
23:36:13.655 [main] DEBUG o.e.r.agent.TransformerForTests - Going to instrument: org.springframework.core.convert.support.MapToMapConverter
23:36:13.656 [main] INFO  o.e.r.instrumentation.EvoClassLoader - Keeping class: org.springframework.core.convert.support.MapToMapConverter
23:36:13.656 [main] INFO  o.e.r.instrumentation.EvoClassLoader - Seeing class for first time: org.springframework.boot.CommandLineRunner
23:36:13.657 [main] INFO  o.e.r.instrumentation.EvoClassLoader - Instrumenting class 'org.springframework.boot.CommandLineRunner'.
23:36:13.657 [main] DEBUG o.e.r.agent.TransformerForTests - Going to instrument: org.springframework.boot.CommandLineRunner
23:36:13.657 [main] INFO  o.e.r.instrumentation.EvoClassLoader - Keeping class: org.springframework.boot.CommandLineRunner
23:36:13.658 [main] INFO  o.e.r.instrumentation.EvoClassLoader - Seeing class for first time: org.springframework.boot.context.ContextIdApplicationContextInitializer
23:36:13.658 [main] INFO  o.e.r.instrumentation.EvoClassLoader - Instrumenting class 'org.springframework.boot.context.ContextIdApplicationContextInitializer'.
23:36:13.658 [main] INFO  o.e.r.i.MethodCallReplacementClassAdapter - Adding mock interface to class org/springframework/boot/context/ContextIdApplicationContextInitializer
23:36:13.659 [main] INFO  o.e.r.i.MethodCallReplacementClassAdapter - No hashCode defined for: org/springframework/boot/context/ContextIdApplicationContextInitializer, superclass = java.lang.Object
23:36:13.659 [main] INFO  o.e.r.i.CreateClassResetClassAdapter - Creating brand-new static initializer in class org/springframework/boot/context/ContextIdApplicationContextInitializer
23:36:13.659 [main] INFO  o.e.r.i.CreateClassResetClassAdapter - Adding bytecode for initializing field NAME_PATTERN
23:36:13.659 [main] INFO  o.e.r.i.CreateClassResetClassAdapter - Adding bytecode for initializing field INDEX_PATTERN
23:36:13.659 [main] DEBUG o.e.r.agent.TransformerForTests - Going to instrument: org.springframework.boot.context.ContextIdApplicationContextInitializer
23:36:13.659 [main] INFO  o.e.r.instrumentation.EvoClassLoader - Keeping class: org.springframework.boot.context.ContextIdApplicationContextInitializer
23:36:13.659 [main] INFO  o.e.r.instrumentation.EvoClassLoader - Seeing class for first time: org.springframework.core.convert.ConversionService
23:36:13.659 [main] INFO  o.e.r.instrumentation.EvoClassLoader - Instrumenting class 'org.springframework.core.convert.ConversionService'.
23:36:13.660 [main] DEBUG o.e.r.agent.TransformerForTests - Going to instrument: org.springframework.core.convert.ConversionService
23:36:13.660 [main] INFO  o.e.r.instrumentation.EvoClassLoader - Keeping class: org.springframework.core.convert.ConversionService
23:36:13.661 [main] INFO  o.e.r.instrumentation.EvoClassLoader - Seeing class for first time: org.springframework.validation.DefaultBindingErrorProcessor
23:36:13.661 [main] INFO  o.e.r.instrumentation.EvoClassLoader - Instrumenting class 'org.springframework.validation.DefaultBindingErrorProcessor'.
23:36:13.661 [main] INFO  o.e.r.i.MethodCallReplacementClassAdapter - Adding mock interface to class org/springframework/validation/DefaultBindingErrorProcessor
23:36:13.662 [main] INFO  o.e.r.i.MethodCallReplacementClassAdapter - No hashCode defined for: org/springframework/validation/DefaultBindingErrorProcessor, superclass = java.lang.Object
23:36:13.662 [main] INFO  o.e.r.i.CreateClassResetClassAdapter - Creating brand-new static initializer in class org/springframework/validation/DefaultBindingErrorProcessor
23:36:13.662 [main] INFO  o.e.r.i.CreateClassResetClassAdapter - Adding bytecode for initializing field MISSING_FIELD_ERROR_CODE
23:36:13.662 [main] DEBUG o.e.r.agent.TransformerForTests - Going to instrument: org.springframework.validation.DefaultBindingErrorProcessor
23:36:13.662 [main] INFO  o.e.r.instrumentation.EvoClassLoader - Keeping class: org.springframework.validation.DefaultBindingErrorProcessor
23:36:13.663 [main] INFO  o.e.r.instrumentation.EvoClassLoader - Seeing class for first time: org.springframework.context.MessageSource
23:36:13.663 [main] INFO  o.e.r.instrumentation.EvoClassLoader - Instrumenting class 'org.springframework.context.MessageSource'.
23:36:13.663 [main] DEBUG o.e.r.agent.TransformerForTests - Going to instrument: org.springframework.context.MessageSource
23:36:13.664 [main] INFO  o.e.r.instrumentation.EvoClassLoader - Keeping class: org.springframework.context.MessageSource
23:36:13.664 [main] INFO  o.e.r.instrumentation.EvoClassLoader - Seeing class for first time: org.springframework.boot.autoconfigure.EnableAutoConfiguration
23:36:13.664 [main] INFO  o.e.r.instrumentation.EvoClassLoader - Instrumenting class 'org.springframework.boot.autoconfigure.EnableAutoConfiguration'.
23:36:13.664 [main] DEBUG o.e.r.agent.TransformerForTests - Going to instrument: org.springframework.boot.autoconfigure.EnableAutoConfiguration
23:36:13.665 [main] INFO  o.e.r.instrumentation.EvoClassLoader - Keeping class: org.springframework.boot.autoconfigure.EnableAutoConfiguration
23:36:13.665 [main] INFO  o.e.r.instrumentation.EvoClassLoader - Seeing class for first time: org.springframework.beans.BeansException
23:36:13.665 [main] INFO  o.e.r.instrumentation.EvoClassLoader - Instrumenting class 'org.springframework.beans.BeansException'.
23:36:13.665 [main] INFO  o.e.r.i.MethodCallReplacementClassAdapter - Adding mock interface to class org/springframework/beans/BeansException
23:36:13.665 [main] INFO  o.e.r.i.CreateClassResetClassAdapter - Creating brand-new static initializer in class org/springframework/beans/BeansException
23:36:13.665 [main] DEBUG o.e.r.agent.TransformerForTests - Going to instrument: org.springframework.beans.BeansException
23:36:13.666 [main] INFO  o.e.r.instrumentation.EvoClassLoader - Seeing class for first time: org.springframework.core.NestedRuntimeException
23:36:13.666 [main] INFO  o.e.r.instrumentation.EvoClassLoader - Instrumenting class 'org.springframework.core.NestedRuntimeException'.
23:36:13.666 [main] INFO  o.e.r.i.MethodCallReplacementClassAdapter - Adding mock interface to class org/springframework/core/NestedRuntimeException
23:36:13.669 [main] INFO  o.e.r.i.CreateClassResetClassAdapter - Found static initializer in class org/springframework/core/NestedRuntimeException
23:36:13.669 [main] INFO  o.e.r.i.MethodCallReplacementClassAdapter - No hashCode defined for: org/springframework/core/NestedRuntimeException, superclass = java.lang.RuntimeException
23:36:13.676 [main] DEBUG o.e.r.agent.TransformerForTests - Going to instrument: org.springframework.core.NestedRuntimeException
23:36:13.678 [main] INFO  o.e.r.i.CreateClassResetClassAdapter - Found static initializer in class org/springframework/core/NestedRuntimeException
23:36:13.678 [main] INFO  o.e.r.i.MethodCallReplacementClassAdapter - No hashCode defined for: org/springframework/core/NestedRuntimeException, superclass = org.evosuite.runtime.mock.java.lang.MockRuntimeException
23:36:13.678 [main] INFO  o.e.r.instrumentation.EvoClassLoader - Error while loading class: java.lang.ClassFormatError: Duplicate method name&signature in class file org/springframework/core/NestedRuntimeException
23:36:13.678 [main] INFO  o.e.r.instrumentation.EvoClassLoader - Error while loading class: java.lang.NoClassDefFoundError: org/springframework/core/NestedRuntimeException
23:36:13.678 [main] INFO  o.e.r.instrumentation.EvoClassLoader - Seeing class for first time: org.springframework.beans.MutablePropertyValues
23:36:13.678 [main] INFO  o.e.r.instrumentation.EvoClassLoader - Instrumenting class 'org.springframework.beans.MutablePropertyValues'.
23:36:13.679 [main] INFO  o.e.r.i.MethodCallReplacementClassAdapter - Adding mock interface to class org/springframework/beans/MutablePropertyValues
23:36:13.680 [main] INFO  o.e.r.i.CreateClassResetClassAdapter - Creating brand-new static initializer in class org/springframework/beans/MutablePropertyValues
23:36:13.680 [main] DEBUG o.e.r.agent.TransformerForTests - Going to instrument: org.springframework.beans.MutablePropertyValues
23:36:13.682 [main] INFO  o.e.r.instrumentation.EvoClassLoader - Keeping class: org.springframework.beans.MutablePropertyValues
23:36:13.682 [main] INFO  o.e.r.instrumentation.EvoClassLoader - Seeing class for first time: org.springframework.context.annotation.ComponentScan
23:36:13.682 [main] INFO  o.e.r.instrumentation.EvoClassLoader - Instrumenting class 'org.springframework.context.annotation.ComponentScan'.
23:36:13.683 [main] DEBUG o.e.r.agent.TransformerForTests - Going to instrument: org.springframework.context.annotation.ComponentScan
23:36:13.684 [main] INFO  o.e.r.instrumentation.EvoClassLoader - Keeping class: org.springframework.context.annotation.ComponentScan
23:36:13.684 [main] INFO  o.e.r.instrumentation.EvoClassLoader - Seeing class for first time: org.springframework.core.convert.support.GenericConversionService$ConvertersForPair
23:36:13.684 [main] INFO  o.e.r.instrumentation.EvoClassLoader - Instrumenting class 'org.springframework.core.convert.support.GenericConversionService$ConvertersForPair'.
23:36:13.685 [main] INFO  o.e.r.i.MethodCallReplacementClassAdapter - Adding mock interface to class org/springframework/core/convert/support/GenericConversionService$ConvertersForPair
23:36:13.685 [main] INFO  o.e.r.i.MethodCallReplacementClassAdapter - No hashCode defined for: org/springframework/core/convert/support/GenericConversionService$ConvertersForPair, superclass = java.lang.Object
23:36:13.685 [main] INFO  o.e.r.i.CreateClassResetClassAdapter - Creating brand-new static initializer in class org/springframework/core/convert/support/GenericConversionService$ConvertersForPair
23:36:13.685 [main] DEBUG o.e.r.agent.TransformerForTests - Going to instrument: org.springframework.core.convert.support.GenericConversionService$ConvertersForPair
23:36:13.686 [main] INFO  o.e.r.instrumentation.EvoClassLoader - Keeping class: org.springframework.core.convert.support.GenericConversionService$ConvertersForPair
23:36:13.686 [main] INFO  o.e.r.instrumentation.EvoClassLoader - Seeing class for first time: org.springframework.context.Lifecycle
23:36:13.686 [main] INFO  o.e.r.instrumentation.EvoClassLoader - Instrumenting class 'org.springframework.context.Lifecycle'.
23:36:13.687 [main] DEBUG o.e.r.agent.TransformerForTests - Going to instrument: org.springframework.context.Lifecycle
23:36:13.689 [main] INFO  o.e.r.instrumentation.EvoClassLoader - Keeping class: org.springframework.context.Lifecycle
23:36:13.689 [main] INFO  o.e.r.instrumentation.EvoClassLoader - Seeing class for first time: org.springframework.core.env.SimpleCommandLineArgsParser
23:36:13.689 [main] INFO  o.e.r.instrumentation.EvoClassLoader - Instrumenting class 'org.springframework.core.env.SimpleCommandLineArgsParser'.
23:36:13.690 [main] INFO  o.e.r.i.MethodCallReplacementClassAdapter - Adding mock interface to class org/springframework/core/env/SimpleCommandLineArgsParser
23:36:13.691 [main] INFO  o.e.r.i.MethodCallReplacementClassAdapter - No hashCode defined for: org/springframework/core/env/SimpleCommandLineArgsParser, superclass = java.lang.Object
23:36:13.691 [main] INFO  o.e.r.i.CreateClassResetClassAdapter - Creating brand-new static initializer in class org/springframework/core/env/SimpleCommandLineArgsParser
23:36:13.691 [main] DEBUG o.e.r.agent.TransformerForTests - Going to instrument: org.springframework.core.env.SimpleCommandLineArgsParser
23:36:13.692 [main] INFO  o.e.r.instrumentation.EvoClassLoader - Keeping class: org.springframework.core.env.SimpleCommandLineArgsParser
23:36:13.693 [main] INFO  o.e.r.instrumentation.EvoClassLoader - Seeing class for first time: org.springframework.core.ResolvableType$1
23:36:13.693 [main] INFO  o.e.r.instrumentation.EvoClassLoader - Instrumenting class 'org.springframework.core.ResolvableType$1'.
23:36:13.693 [main] INFO  o.e.r.i.MethodCallReplacementClassAdapter - Adding mock interface to class org/springframework/core/ResolvableType$1
23:36:13.693 [main] INFO  o.e.r.i.MethodCallReplacementClassAdapter - No hashCode defined for: org/springframework/core/ResolvableType$1, superclass = org.springframework.core.ResolvableType
23:36:13.693 [main] DEBUG o.e.r.agent.TransformerForTests - Going to instrument: org.springframework.core.ResolvableType$1
23:36:13.694 [main] INFO  o.e.r.i.MethodCallReplacementClassAdapter - No hashCode defined for: org/springframework/core/ResolvableType$1, superclass = org.springframework.core.ResolvableType
23:36:13.694 [main] INFO  o.e.r.instrumentation.EvoClassLoader - Seeing class for first time: org.springframework.core.ResolvableType
23:36:13.694 [main] INFO  o.e.r.instrumentation.EvoClassLoader - Instrumenting class 'org.springframework.core.ResolvableType'.
23:36:13.696 [main] INFO  o.e.r.i.MethodCallReplacementClassAdapter - Adding mock interface to class org/springframework/core/ResolvableType
23:36:13.698 [main] INFO  o.e.r.i.CreateClassResetClassAdapter - Found static initializer in class org/springframework/core/ResolvableType
23:36:13.698 [main] DEBUG o.e.r.agent.TransformerForTests - Going to instrument: org.springframework.core.ResolvableType
23:36:13.705 [main] INFO  o.e.r.i.CreateClassResetClassAdapter - Found static initializer in class org/springframework/core/ResolvableType
23:36:13.706 [main] INFO  o.e.r.instrumentation.EvoClassLoader - Error while loading class: java.lang.ClassFormatError: Duplicate method name&signature in class file org/springframework/core/ResolvableType
23:36:13.706 [main] INFO  o.e.r.instrumentation.EvoClassLoader - Error while loading class: java.lang.NoClassDefFoundError: org/springframework/core/ResolvableType
23:36:13.706 [main] INFO  o.e.r.instrumentation.EvoClassLoader - Seeing class for first time: org.springframework.beans.factory.BeanFactory
23:36:13.706 [main] INFO  o.e.r.instrumentation.EvoClassLoader - Instrumenting class 'org.springframework.beans.factory.BeanFactory'.
23:36:13.707 [main] DEBUG o.e.r.agent.TransformerForTests - Going to instrument: org.springframework.beans.factory.BeanFactory
23:36:13.707 [main] INFO  o.e.r.instrumentation.EvoClassLoader - Keeping class: org.springframework.beans.factory.BeanFactory
23:36:13.707 [main] INFO  o.e.r.instrumentation.EvoClassLoader - Seeing class for first time: org.springframework.core.annotation.AnnotationAttributes
23:36:13.707 [main] INFO  o.e.r.instrumentation.EvoClassLoader - Instrumenting class 'org.springframework.core.annotation.AnnotationAttributes'.
23:36:13.709 [main] INFO  o.e.r.i.MethodCallReplacementClassAdapter - Adding mock interface to class org/springframework/core/annotation/AnnotationAttributes
23:36:13.710 [main] INFO  o.e.r.i.MethodCallReplacementClassAdapter - No hashCode defined for: org/springframework/core/annotation/AnnotationAttributes, superclass = java.util.LinkedHashMap
23:36:13.710 [main] INFO  o.e.r.i.CreateClassResetClassAdapter - Creating brand-new static initializer in class org/springframework/core/annotation/AnnotationAttributes
23:36:13.711 [main] DEBUG o.e.r.agent.TransformerForTests - Going to instrument: org.springframework.core.annotation.AnnotationAttributes
23:36:13.714 [main] INFO  o.e.r.i.MethodCallReplacementClassAdapter - No hashCode defined for: org/springframework/core/annotation/AnnotationAttributes, superclass = java.util.LinkedHashMap
23:36:13.714 [main] INFO  o.e.r.instrumentation.EvoClassLoader - Keeping class: org.springframework.core.annotation.AnnotationAttributes
23:36:13.715 [main] INFO  o.e.r.instrumentation.EvoClassLoader - Seeing class for first time: org.springframework.core.annotation.AnnotationConfigurationException
23:36:13.715 [main] INFO  o.e.r.instrumentation.EvoClassLoader - Instrumenting class 'org.springframework.core.annotation.AnnotationConfigurationException'.
23:36:13.715 [main] INFO  o.e.r.i.MethodCallReplacementClassAdapter - Adding mock interface to class org/springframework/core/annotation/AnnotationConfigurationException
23:36:13.715 [main] INFO  o.e.r.i.MethodCallReplacementClassAdapter - No hashCode defined for: org/springframework/core/annotation/AnnotationConfigurationException, superclass = org.springframework.core.NestedRuntimeException
23:36:13.715 [main] INFO  o.e.r.i.CreateClassResetClassAdapter - Creating brand-new static initializer in class org/springframework/core/annotation/AnnotationConfigurationException
23:36:13.716 [main] DEBUG o.e.r.agent.TransformerForTests - Going to instrument: org.springframework.core.annotation.AnnotationConfigurationException
23:36:13.716 [main] INFO  o.e.r.i.MethodCallReplacementClassAdapter - No hashCode defined for: org/springframework/core/annotation/AnnotationConfigurationException, superclass = org.springframework.core.NestedRuntimeException
23:36:13.716 [main] INFO  o.e.r.instrumentation.EvoClassLoader - Seeing class for first time: org.springframework.core.NestedRuntimeException
23:36:13.716 [main] INFO  o.e.r.instrumentation.EvoClassLoader - Instrumenting class 'org.springframework.core.NestedRuntimeException'.
23:36:13.716 [main] INFO  o.e.r.i.MethodCallReplacementClassAdapter - Adding mock interface to class org/springframework/core/NestedRuntimeException
23:36:13.717 [main] INFO  o.e.r.i.CreateClassResetClassAdapter - Found static initializer in class org/springframework/core/NestedRuntimeException
23:36:13.717 [main] INFO  o.e.r.i.MethodCallReplacementClassAdapter - No hashCode defined for: org/springframework/core/NestedRuntimeException, superclass = java.lang.RuntimeException
23:36:13.717 [main] DEBUG o.e.r.agent.TransformerForTests - Going to instrument: org.springframework.core.NestedRuntimeException
23:36:13.718 [main] INFO  o.e.r.i.CreateClassResetClassAdapter - Found static initializer in class org/springframework/core/NestedRuntimeException
23:36:13.718 [main] INFO  o.e.r.i.MethodCallReplacementClassAdapter - No hashCode defined for: org/springframework/core/NestedRuntimeException, superclass = org.evosuite.runtime.mock.java.lang.MockRuntimeException
23:36:13.718 [main] INFO  o.e.r.instrumentation.EvoClassLoader - Error while loading class: java.lang.ClassFormatError: Duplicate method name&signature in class file org/springframework/core/NestedRuntimeException
23:36:13.718 [main] INFO  o.e.r.instrumentation.EvoClassLoader - Error while loading class: java.lang.NoClassDefFoundError: org/springframework/core/NestedRuntimeException
23:36:13.718 [main] ERROR o.e.r.c.ClassStateSupport - Could not initialize org.springframework.core.annotation.AnnotationAttributes: org/springframework/core/annotation/AnnotationConfigurationException
23:36:13.718 [main] INFO  o.e.r.instrumentation.EvoClassLoader - Seeing class for first time: org.springframework.boot.cloud.CloudPlatform
23:36:13.718 [main] INFO  o.e.r.instrumentation.EvoClassLoader - Instrumenting class 'org.springframework.boot.cloud.CloudPlatform'.
23:36:13.719 [main] INFO  o.e.r.i.MethodCallReplacementClassAdapter - Adding mock interface to class org/springframework/boot/cloud/CloudPlatform
23:36:13.719 [main] INFO  o.e.r.i.CreateClassResetClassAdapter - Found static initializer in class org/springframework/boot/cloud/CloudPlatform
23:36:13.719 [main] INFO  o.e.r.i.MethodCallReplacementClassAdapter - No hashCode defined for: org/springframework/boot/cloud/CloudPlatform, superclass = java.lang.Enum
23:36:13.719 [main] DEBUG o.e.r.agent.TransformerForTests - Going to instrument: org.springframework.boot.cloud.CloudPlatform
23:36:13.720 [main] INFO  o.e.r.i.CreateClassResetClassAdapter - Found static initializer in class org/springframework/boot/cloud/CloudPlatform
23:36:13.720 [main] INFO  o.e.r.i.MethodCallReplacementClassAdapter - No hashCode defined for: org/springframework/boot/cloud/CloudPlatform, superclass = java.lang.Enum
23:36:13.720 [main] INFO  o.e.r.instrumentation.EvoClassLoader - Error while loading class: java.lang.ClassFormatError: Duplicate method name&signature in class file org/springframework/boot/cloud/CloudPlatform
23:36:13.720 [main] ERROR o.e.r.c.ClassStateSupport - Could not initialize org.springframework.boot.cloud.CloudPlatform: Duplicate method name&signature in class file org/springframework/boot/cloud/CloudPlatform
23:36:13.720 [main] INFO  o.e.r.instrumentation.EvoClassLoader - Seeing class for first time: org.springframework.boot.context.event.ApplicationPreparedEvent
23:36:13.720 [main] INFO  o.e.r.instrumentation.EvoClassLoader - Instrumenting class 'org.springframework.boot.context.event.ApplicationPreparedEvent'.
23:36:13.721 [main] INFO  o.e.r.i.MethodCallReplacementClassAdapter - Adding mock interface to class org/springframework/boot/context/event/ApplicationPreparedEvent
23:36:13.721 [main] INFO  o.e.r.i.MethodCallReplacementClassAdapter - No hashCode defined for: org/springframework/boot/context/event/ApplicationPreparedEvent, superclass = org.springframework.boot.context.event.SpringApplicationEvent
23:36:13.721 [main] INFO  o.e.r.i.CreateClassResetClassAdapter - Creating brand-new static initializer in class org/springframework/boot/context/event/ApplicationPreparedEvent
23:36:13.721 [main] DEBUG o.e.r.agent.TransformerForTests - Going to instrument: org.springframework.boot.context.event.ApplicationPreparedEvent
23:36:13.721 [main] INFO  o.e.r.i.MethodCallReplacementClassAdapter - No hashCode defined for: org/springframework/boot/context/event/ApplicationPreparedEvent, superclass = org.springframework.boot.context.event.SpringApplicationEvent
23:36:13.721 [main] INFO  o.e.r.instrumentation.EvoClassLoader - Keeping class: org.springframework.boot.context.event.ApplicationPreparedEvent
23:36:13.721 [main] INFO  o.e.r.instrumentation.EvoClassLoader - Seeing class for first time: org.springframework.util.DefaultPropertiesPersister
23:36:13.721 [main] INFO  o.e.r.instrumentation.EvoClassLoader - Instrumenting class 'org.springframework.util.DefaultPropertiesPersister'.
23:36:13.722 [main] INFO  o.e.r.i.MethodCallReplacementClassAdapter - Adding mock interface to class org/springframework/util/DefaultPropertiesPersister
23:36:13.722 [main] INFO  o.e.r.i.MethodCallReplacementClassAdapter - No hashCode defined for: org/springframework/util/DefaultPropertiesPersister, superclass = java.lang.Object
23:36:13.722 [main] INFO  o.e.r.i.CreateClassResetClassAdapter - Creating brand-new static initializer in class org/springframework/util/DefaultPropertiesPersister
23:36:13.722 [main] DEBUG o.e.r.agent.TransformerForTests - Going to instrument: org.springframework.util.DefaultPropertiesPersister
23:36:13.729 [main] INFO  o.e.r.instrumentation.EvoClassLoader - Seeing class for first time: org.springframework.util.PropertiesPersister
23:36:13.730 [main] INFO  o.e.r.instrumentation.EvoClassLoader - Instrumenting class 'org.springframework.util.PropertiesPersister'.
23:36:13.730 [main] DEBUG o.e.r.agent.TransformerForTests - Going to instrument: org.springframework.util.PropertiesPersister
23:36:13.731 [main] INFO  o.e.r.instrumentation.EvoClassLoader - Keeping class: org.springframework.util.PropertiesPersister
23:36:13.731 [main] INFO  o.e.r.instrumentation.EvoClassLoader - Keeping class: org.springframework.util.DefaultPropertiesPersister
23:36:13.731 [main] INFO  o.e.r.instrumentation.EvoClassLoader - Seeing class for first time: org.springframework.core.convert.support.StringToCharacterConverter
23:36:13.731 [main] INFO  o.e.r.instrumentation.EvoClassLoader - Instrumenting class 'org.springframework.core.convert.support.StringToCharacterConverter'.
23:36:13.731 [main] INFO  o.e.r.i.MethodCallReplacementClassAdapter - Adding mock interface to class org/springframework/core/convert/support/StringToCharacterConverter
23:36:13.732 [main] INFO  o.e.r.i.MethodCallReplacementClassAdapter - No hashCode defined for: org/springframework/core/convert/support/StringToCharacterConverter, superclass = java.lang.Object
23:36:13.732 [main] INFO  o.e.r.i.CreateClassResetClassAdapter - Creating brand-new static initializer in class org/springframework/core/convert/support/StringToCharacterConverter
23:36:13.732 [main] DEBUG o.e.r.agent.TransformerForTests - Going to instrument: org.springframework.core.convert.support.StringToCharacterConverter
23:36:13.736 [main] INFO  o.e.r.instrumentation.EvoClassLoader - Keeping class: org.springframework.core.convert.support.StringToCharacterConverter
23:36:13.737 [main] INFO  o.e.r.instrumentation.EvoClassLoader - Seeing class for first time: org.springframework.boot.json.JsonParserFactory
23:36:13.737 [main] INFO  o.e.r.instrumentation.EvoClassLoader - Instrumenting class 'org.springframework.boot.json.JsonParserFactory'.
23:36:13.737 [main] INFO  o.e.r.i.MethodCallReplacementClassAdapter - Adding mock interface to class org/springframework/boot/json/JsonParserFactory
23:36:13.738 [main] INFO  o.e.r.i.MethodCallReplacementClassAdapter - No hashCode defined for: org/springframework/boot/json/JsonParserFactory, superclass = java.lang.Object
23:36:13.738 [main] INFO  o.e.r.i.CreateClassResetClassAdapter - Creating brand-new static initializer in class org/springframework/boot/json/JsonParserFactory
23:36:13.738 [main] DEBUG o.e.r.agent.TransformerForTests - Going to instrument: org.springframework.boot.json.JsonParserFactory
23:36:13.738 [main] INFO  o.e.r.instrumentation.EvoClassLoader - Keeping class: org.springframework.boot.json.JsonParserFactory
23:36:13.738 [main] INFO  o.e.r.instrumentation.EvoClassLoader - Seeing class for first time: org.springframework.core.env.SimpleCommandLinePropertySource
23:36:13.738 [main] INFO  o.e.r.instrumentation.EvoClassLoader - Instrumenting class 'org.springframework.core.env.SimpleCommandLinePropertySource'.
23:36:13.739 [main] INFO  o.e.r.i.MethodCallReplacementClassAdapter - Adding mock interface to class org/springframework/core/env/SimpleCommandLinePropertySource
23:36:13.739 [main] INFO  o.e.r.i.MethodCallReplacementClassAdapter - No hashCode defined for: org/springframework/core/env/SimpleCommandLinePropertySource, superclass = org.springframework.core.env.CommandLinePropertySource
23:36:13.739 [main] INFO  o.e.r.i.CreateClassResetClassAdapter - Creating brand-new static initializer in class org/springframework/core/env/SimpleCommandLinePropertySource
23:36:13.739 [main] DEBUG o.e.r.agent.TransformerForTests - Going to instrument: org.springframework.core.env.SimpleCommandLinePropertySource
23:36:13.743 [main] INFO  o.e.r.i.MethodCallReplacementClassAdapter - No hashCode defined for: org/springframework/core/env/SimpleCommandLinePropertySource, superclass = org.springframework.core.env.CommandLinePropertySource
23:36:13.743 [main] INFO  o.e.r.instrumentation.EvoClassLoader - Keeping class: org.springframework.core.env.SimpleCommandLinePropertySource
23:36:13.743 [main] INFO  o.e.r.instrumentation.EvoClassLoader - Seeing class for first time: org.springframework.boot.cloud.CloudPlatform$1
23:36:13.743 [main] INFO  o.e.r.instrumentation.EvoClassLoader - Instrumenting class 'org.springframework.boot.cloud.CloudPlatform$1'.
23:36:13.744 [main] INFO  o.e.r.i.MethodCallReplacementClassAdapter - Adding mock interface to class org/springframework/boot/cloud/CloudPlatform$1
23:36:13.744 [main] INFO  o.e.r.i.MethodCallReplacementClassAdapter - No hashCode defined for: org/springframework/boot/cloud/CloudPlatform$1, superclass = org.springframework.boot.cloud.CloudPlatform
23:36:13.744 [main] DEBUG o.e.r.agent.TransformerForTests - Going to instrument: org.springframework.boot.cloud.CloudPlatform$1
23:36:13.744 [main] INFO  o.e.r.i.MethodCallReplacementClassAdapter - No hashCode defined for: org/springframework/boot/cloud/CloudPlatform$1, superclass = org.springframework.boot.cloud.CloudPlatform
23:36:13.744 [main] INFO  o.e.r.instrumentation.EvoClassLoader - Seeing class for first time: org.springframework.boot.cloud.CloudPlatform
23:36:13.744 [main] INFO  o.e.r.instrumentation.EvoClassLoader - Instrumenting class 'org.springframework.boot.cloud.CloudPlatform'.
23:36:13.745 [main] INFO  o.e.r.i.MethodCallReplacementClassAdapter - Adding mock interface to class org/springframework/boot/cloud/CloudPlatform
23:36:13.745 [main] INFO  o.e.r.i.CreateClassResetClassAdapter - Found static initializer in class org/springframework/boot/cloud/CloudPlatform
23:36:13.745 [main] INFO  o.e.r.i.MethodCallReplacementClassAdapter - No hashCode defined for: org/springframework/boot/cloud/CloudPlatform, superclass = java.lang.Enum
23:36:13.745 [main] DEBUG o.e.r.agent.TransformerForTests - Going to instrument: org.springframework.boot.cloud.CloudPlatform
23:36:13.745 [main] INFO  o.e.r.i.CreateClassResetClassAdapter - Found static initializer in class org/springframework/boot/cloud/CloudPlatform
23:36:13.745 [main] INFO  o.e.r.i.MethodCallReplacementClassAdapter - No hashCode defined for: org/springframework/boot/cloud/CloudPlatform, superclass = java.lang.Enum
23:36:13.745 [main] INFO  o.e.r.instrumentation.EvoClassLoader - Error while loading class: java.lang.ClassFormatError: Duplicate method name&signature in class file org/springframework/boot/cloud/CloudPlatform
23:36:13.746 [main] INFO  o.e.r.instrumentation.EvoClassLoader - Error while loading class: java.lang.NoClassDefFoundError: org/springframework/boot/cloud/CloudPlatform
23:36:13.746 [main] ERROR o.e.r.c.ClassStateSupport - Could not initialize org.springframework.boot.cloud.CloudPlatform$1: org/springframework/boot/cloud/CloudPlatform
23:36:13.746 [main] INFO  o.e.r.instrumentation.EvoClassLoader - Seeing class for first time: com.rickhanberryfinal.HanberryFinalProjectApplication
23:36:13.746 [main] INFO  o.e.r.instrumentation.EvoClassLoader - Instrumenting class 'com.rickhanberryfinal.HanberryFinalProjectApplication'.
23:36:13.746 [main] INFO  o.e.r.i.MethodCallReplacementClassAdapter - Adding mock interface to class com/rickhanberryfinal/HanberryFinalProjectApplication
23:36:13.746 [main] INFO  o.e.r.i.MethodCallReplacementClassAdapter - No hashCode defined for: com/rickhanberryfinal/HanberryFinalProjectApplication, superclass = java.lang.Object
23:36:13.746 [main] INFO  o.e.r.i.CreateClassResetClassAdapter - Creating brand-new static initializer in class com/rickhanberryfinal/HanberryFinalProjectApplication
23:36:13.746 [main] DEBUG o.e.r.agent.TransformerForTests - Going to instrument: com.rickhanberryfinal.HanberryFinalProjectApplication
23:36:13.751 [main] INFO  o.e.r.instrumentation.EvoClassLoader - Keeping class: com.rickhanberryfinal.HanberryFinalProjectApplication
23:36:13.751 [main] INFO  o.e.r.instrumentation.EvoClassLoader - Seeing class for first time: org.springframework.boot.SpringApplication
23:36:13.751 [main] INFO  o.e.r.instrumentation.EvoClassLoader - Instrumenting class 'org.springframework.boot.SpringApplication'.
23:36:13.754 [main] INFO  o.e.r.i.MethodCallReplacementClassAdapter - Adding mock interface to class org/springframework/boot/SpringApplication
23:36:13.766 [main] INFO  o.e.r.i.CreateClassResetClassAdapter - Found static initializer in class org/springframework/boot/SpringApplication
23:36:13.766 [main] INFO  o.e.r.i.MethodCallReplacementClassAdapter - No hashCode defined for: org/springframework/boot/SpringApplication, superclass = java.lang.Object
23:36:13.767 [main] DEBUG o.e.r.agent.TransformerForTests - Going to instrument: org.springframework.boot.SpringApplication
23:36:13.780 [main] INFO  o.e.r.i.CreateClassResetClassAdapter - Found static initializer in class org/springframework/boot/SpringApplication
23:36:13.782 [main] INFO  o.e.r.instrumentation.EvoClassLoader - Error while loading class: java.lang.ClassFormatError: Duplicate method name&signature in class file org/springframework/boot/SpringApplication
23:36:13.782 [main] ERROR o.e.r.c.ClassStateSupport - Could not initialize org.springframework.boot.SpringApplication: Duplicate method name&signature in class file org/springframework/boot/SpringApplication
23:36:13.782 [main] INFO  o.e.r.instrumentation.EvoClassLoader - Seeing class for first time: org.springframework.core.io.support.PropertiesLoaderUtils
23:36:13.782 [main] INFO  o.e.r.instrumentation.EvoClassLoader - Instrumenting class 'org.springframework.core.io.support.PropertiesLoaderUtils'.
23:36:13.783 [main] INFO  o.e.r.i.MethodCallReplacementClassAdapter - Adding mock interface to class org/springframework/core/io/support/PropertiesLoaderUtils
23:36:13.783 [main] INFO  o.e.r.i.MethodCallReplacementClassAdapter - No hashCode defined for: org/springframework/core/io/support/PropertiesLoaderUtils, superclass = java.lang.Object
23:36:13.783 [main] INFO  o.e.r.i.CreateClassResetClassAdapter - Creating brand-new static initializer in class org/springframework/core/io/support/PropertiesLoaderUtils
23:36:13.783 [main] INFO  o.e.r.i.CreateClassResetClassAdapter - Adding bytecode for initializing field XML_FILE_EXTENSION
23:36:13.783 [main] DEBUG o.e.r.agent.TransformerForTests - Going to instrument: org.springframework.core.io.support.PropertiesLoaderUtils
23:36:13.784 [main] INFO  o.e.r.instrumentation.EvoClassLoader - Keeping class: org.springframework.core.io.support.PropertiesLoaderUtils
23:36:13.785 [main] INFO  o.e.r.instrumentation.EvoClassLoader - Seeing class for first time: org.springframework.core.convert.support.ByteBufferConverter
23:36:13.785 [main] INFO  o.e.r.instrumentation.EvoClassLoader - Instrumenting class 'org.springframework.core.convert.support.ByteBufferConverter'.
23:36:13.786 [main] INFO  o.e.r.i.MethodCallReplacementClassAdapter - Adding mock interface to class org/springframework/core/convert/support/ByteBufferConverter
23:36:13.790 [main] INFO  o.e.r.i.CreateClassResetClassAdapter - Found static initializer in class org/springframework/core/convert/support/ByteBufferConverter
23:36:13.790 [main] INFO  o.e.r.i.MethodCallReplacementClassAdapter - No hashCode defined for: org/springframework/core/convert/support/ByteBufferConverter, superclass = java.lang.Object
23:36:13.790 [main] DEBUG o.e.r.agent.TransformerForTests - Going to instrument: org.springframework.core.convert.support.ByteBufferConverter
23:36:13.792 [main] INFO  o.e.r.i.CreateClassResetClassAdapter - Found static initializer in class org/springframework/core/convert/support/ByteBufferConverter
23:36:13.792 [main] INFO  o.e.r.instrumentation.EvoClassLoader - Error while loading class: java.lang.ClassFormatError: Duplicate method name&signature in class file org/springframework/core/convert/support/ByteBufferConverter
23:36:13.793 [main] INFO  o.e.r.instrumentation.EvoClassLoader - Seeing class for first time: org.springframework.beans.PropertyBatchUpdateException
23:36:13.793 [main] INFO  o.e.r.instrumentation.EvoClassLoader - Instrumenting class 'org.springframework.beans.PropertyBatchUpdateException'.
23:36:13.794 [main] INFO  o.e.r.i.MethodCallReplacementClassAdapter - Adding mock interface to class org/springframework/beans/PropertyBatchUpdateException
23:36:13.794 [main] INFO  o.e.r.i.MethodCallReplacementClassAdapter - No hashCode defined for: org/springframework/beans/PropertyBatchUpdateException, superclass = org.springframework.beans.BeansException
23:36:13.794 [main] INFO  o.e.r.i.CreateClassResetClassAdapter - Creating brand-new static initializer in class org/springframework/beans/PropertyBatchUpdateException
23:36:13.794 [main] DEBUG o.e.r.agent.TransformerForTests - Going to instrument: org.springframework.beans.PropertyBatchUpdateException
23:36:13.795 [main] INFO  o.e.r.i.MethodCallReplacementClassAdapter - No hashCode defined for: org/springframework/beans/PropertyBatchUpdateException, superclass = org.springframework.beans.BeansException
23:36:13.795 [main] INFO  o.e.r.instrumentation.EvoClassLoader - Seeing class for first time: org.springframework.beans.BeansException
23:36:13.795 [main] INFO  o.e.r.instrumentation.EvoClassLoader - Instrumenting class 'org.springframework.beans.BeansException'.
23:36:13.796 [main] INFO  o.e.r.i.MethodCallReplacementClassAdapter - Adding mock interface to class org/springframework/beans/BeansException
23:36:13.796 [main] INFO  o.e.r.i.CreateClassResetClassAdapter - Creating brand-new static initializer in class org/springframework/beans/BeansException
23:36:13.796 [main] DEBUG o.e.r.agent.TransformerForTests - Going to instrument: org.springframework.beans.BeansException
23:36:13.796 [main] INFO  o.e.r.instrumentation.EvoClassLoader - Seeing class for first time: org.springframework.core.NestedRuntimeException
23:36:13.796 [main] INFO  o.e.r.instrumentation.EvoClassLoader - Instrumenting class 'org.springframework.core.NestedRuntimeException'.
23:36:13.797 [main] INFO  o.e.r.i.MethodCallReplacementClassAdapter - Adding mock interface to class org/springframework/core/NestedRuntimeException
23:36:13.797 [main] INFO  o.e.r.i.CreateClassResetClassAdapter - Found static initializer in class org/springframework/core/NestedRuntimeException
23:36:13.797 [main] INFO  o.e.r.i.MethodCallReplacementClassAdapter - No hashCode defined for: org/springframework/core/NestedRuntimeException, superclass = java.lang.RuntimeException
23:36:13.798 [main] DEBUG o.e.r.agent.TransformerForTests - Going to instrument: org.springframework.core.NestedRuntimeException
23:36:13.798 [main] INFO  o.e.r.i.CreateClassResetClassAdapter - Found static initializer in class org/springframework/core/NestedRuntimeException
23:36:13.798 [main] INFO  o.e.r.i.MethodCallReplacementClassAdapter - No hashCode defined for: org/springframework/core/NestedRuntimeException, superclass = org.evosuite.runtime.mock.java.lang.MockRuntimeException
23:36:13.799 [main] INFO  o.e.r.instrumentation.EvoClassLoader - Error while loading class: java.lang.ClassFormatError: Duplicate method name&signature in class file org/springframework/core/NestedRuntimeException
23:36:13.799 [main] INFO  o.e.r.instrumentation.EvoClassLoader - Error while loading class: java.lang.NoClassDefFoundError: org/springframework/core/NestedRuntimeException
23:36:13.799 [main] INFO  o.e.r.instrumentation.EvoClassLoader - Error while loading class: java.lang.NoClassDefFoundError: org/springframework/beans/BeansException
23:36:13.799 [main] ERROR o.e.r.c.ClassStateSupport - Could not initialize org.springframework.beans.PropertyBatchUpdateException: org/springframework/beans/BeansException
23:36:13.799 [main] INFO  o.e.r.instrumentation.EvoClassLoader - Seeing class for first time: org.springframework.context.ConfigurableApplicationContext
23:36:13.799 [main] INFO  o.e.r.instrumentation.EvoClassLoader - Instrumenting class 'org.springframework.context.ConfigurableApplicationContext'.
23:36:13.799 [main] DEBUG o.e.r.agent.TransformerForTests - Going to instrument: org.springframework.context.ConfigurableApplicationContext
23:36:13.800 [main] INFO  o.e.r.instrumentation.EvoClassLoader - Seeing class for first time: org.springframework.context.ApplicationContext
23:36:13.800 [main] INFO  o.e.r.instrumentation.EvoClassLoader - Instrumenting class 'org.springframework.context.ApplicationContext'.
23:36:13.803 [main] DEBUG o.e.r.agent.TransformerForTests - Going to instrument: org.springframework.context.ApplicationContext
23:36:13.803 [main] INFO  o.e.r.instrumentation.EvoClassLoader - Seeing class for first time: org.springframework.beans.factory.ListableBeanFactory
23:36:13.803 [main] INFO  o.e.r.instrumentation.EvoClassLoader - Instrumenting class 'org.springframework.beans.factory.ListableBeanFactory'.
23:36:13.804 [main] DEBUG o.e.r.agent.TransformerForTests - Going to instrument: org.springframework.beans.factory.ListableBeanFactory
23:36:13.804 [main] INFO  o.e.r.instrumentation.EvoClassLoader - Keeping class: org.springframework.beans.factory.ListableBeanFactory
23:36:13.804 [main] INFO  o.e.r.instrumentation.EvoClassLoader - Seeing class for first time: org.springframework.beans.factory.HierarchicalBeanFactory
23:36:13.804 [main] INFO  o.e.r.instrumentation.EvoClassLoader - Instrumenting class 'org.springframework.beans.factory.HierarchicalBeanFactory'.
23:36:13.805 [main] DEBUG o.e.r.agent.TransformerForTests - Going to instrument: org.springframework.beans.factory.HierarchicalBeanFactory
23:36:13.805 [main] INFO  o.e.r.instrumentation.EvoClassLoader - Keeping class: org.springframework.beans.factory.HierarchicalBeanFactory
23:36:13.805 [main] INFO  o.e.r.instrumentation.EvoClassLoader - Seeing class for first time: org.springframework.core.io.support.ResourcePatternResolver
23:36:13.805 [main] INFO  o.e.r.instrumentation.EvoClassLoader - Instrumenting class 'org.springframework.core.io.support.ResourcePatternResolver'.
23:36:13.805 [main] DEBUG o.e.r.agent.TransformerForTests - Going to instrument: org.springframework.core.io.support.ResourcePatternResolver
23:36:13.805 [main] INFO  o.e.r.instrumentation.EvoClassLoader - Keeping class: org.springframework.core.io.support.ResourcePatternResolver
23:36:13.805 [main] INFO  o.e.r.instrumentation.EvoClassLoader - Keeping class: org.springframework.context.ApplicationContext
23:36:13.806 [main] INFO  o.e.r.instrumentation.EvoClassLoader - Keeping class: org.springframework.context.ConfigurableApplicationContext
23:36:13.807 [main] INFO  o.e.r.instrumentation.EvoClassLoader - Seeing class for first time: org.springframework.core.MethodParameter
23:36:13.807 [main] INFO  o.e.r.instrumentation.EvoClassLoader - Instrumenting class 'org.springframework.core.MethodParameter'.
23:36:13.808 [main] INFO  o.e.r.i.MethodCallReplacementClassAdapter - Adding mock interface to class org/springframework/core/MethodParameter
23:36:13.809 [main] INFO  o.e.r.i.CreateClassResetClassAdapter - Creating brand-new static initializer in class org/springframework/core/MethodParameter
23:36:13.810 [main] DEBUG o.e.r.agent.TransformerForTests - Going to instrument: org.springframework.core.MethodParameter
23:36:13.812 [main] INFO  o.e.r.instrumentation.EvoClassLoader - Keeping class: org.springframework.core.MethodParameter
23:36:13.813 [main] INFO  o.e.r.instrumentation.EvoClassLoader - Seeing class for first time: org.springframework.boot.bind.RelaxedDataBinder
23:36:13.813 [main] INFO  o.e.r.instrumentation.EvoClassLoader - Instrumenting class 'org.springframework.boot.bind.RelaxedDataBinder'.
23:36:13.815 [main] INFO  o.e.r.i.MethodCallReplacementClassAdapter - Adding mock interface to class org/springframework/boot/bind/RelaxedDataBinder
23:36:13.818 [main] INFO  o.e.r.i.CreateClassResetClassAdapter - Found static initializer in class org/springframework/boot/bind/RelaxedDataBinder
23:36:13.818 [main] INFO  o.e.r.i.MethodCallReplacementClassAdapter - No hashCode defined for: org/springframework/boot/bind/RelaxedDataBinder, superclass = org.springframework.validation.DataBinder
23:36:13.818 [main] DEBUG o.e.r.agent.TransformerForTests - Going to instrument: org.springframework.boot.bind.RelaxedDataBinder
23:36:13.821 [main] INFO  o.e.r.i.CreateClassResetClassAdapter - Found static initializer in class org/springframework/boot/bind/RelaxedDataBinder
23:36:13.828 [main] INFO  o.e.r.i.MethodCallReplacementClassAdapter - No hashCode defined for: org/springframework/boot/bind/RelaxedDataBinder, superclass = org.springframework.validation.DataBinder
23:36:13.829 [main] INFO  o.e.r.instrumentation.EvoClassLoader - Error while loading class: java.lang.ClassFormatError: Duplicate method name&signature in class file org/springframework/boot/bind/RelaxedDataBinder
23:36:13.829 [main] ERROR o.e.r.c.ClassStateSupport - Could not initialize org.springframework.boot.bind.RelaxedDataBinder: Duplicate method name&signature in class file org/springframework/boot/bind/RelaxedDataBinder
23:36:13.829 [main] INFO  o.e.r.instrumentation.EvoClassLoader - Seeing class for first time: org.springframework.core.SpringProperties
23:36:13.829 [main] INFO  o.e.r.instrumentation.EvoClassLoader - Instrumenting class 'org.springframework.core.SpringProperties'.
23:36:13.830 [main] INFO  o.e.r.i.MethodCallReplacementClassAdapter - Adding mock interface to class org/springframework/core/SpringProperties
23:36:13.830 [main] INFO  o.e.r.i.CreateClassResetClassAdapter - Found static initializer in class org/springframework/core/SpringProperties
23:36:13.831 [main] INFO  o.e.r.i.MethodCallReplacementClassAdapter - No hashCode defined for: org/springframework/core/SpringProperties, superclass = java.lang.Object
23:36:13.831 [main] DEBUG o.e.r.agent.TransformerForTests - Going to instrument: org.springframework.core.SpringProperties
23:36:13.832 [main] INFO  o.e.r.i.CreateClassResetClassAdapter - Found static initializer in class org/springframework/core/SpringProperties
23:36:13.833 [main] INFO  o.e.r.instrumentation.EvoClassLoader - Error while loading class: java.lang.ClassFormatError: Duplicate method name&signature in class file org/springframework/core/SpringProperties
23:36:13.833 [main] INFO  o.e.r.instrumentation.EvoClassLoader - Seeing class for first time: org.springframework.boot.cloud.CloudPlatform$2
23:36:13.833 [main] INFO  o.e.r.instrumentation.EvoClassLoader - Instrumenting class 'org.springframework.boot.cloud.CloudPlatform$2'.
23:36:13.833 [main] INFO  o.e.r.i.MethodCallReplacementClassAdapter - Adding mock interface to class org/springframework/boot/cloud/CloudPlatform$2
23:36:13.833 [main] INFO  o.e.r.i.MethodCallReplacementClassAdapter - No hashCode defined for: org/springframework/boot/cloud/CloudPlatform$2, superclass = org.springframework.boot.cloud.CloudPlatform
23:36:13.834 [main] DEBUG o.e.r.agent.TransformerForTests - Going to instrument: org.springframework.boot.cloud.CloudPlatform$2
23:36:13.834 [main] INFO  o.e.r.i.MethodCallReplacementClassAdapter - No hashCode defined for: org/springframework/boot/cloud/CloudPlatform$2, superclass = org.springframework.boot.cloud.CloudPlatform
23:36:13.834 [main] INFO  o.e.r.instrumentation.EvoClassLoader - Seeing class for first time: org.springframework.boot.cloud.CloudPlatform
23:36:13.834 [main] INFO  o.e.r.instrumentation.EvoClassLoader - Instrumenting class 'org.springframework.boot.cloud.CloudPlatform'.
23:36:13.834 [main] INFO  o.e.r.i.MethodCallReplacementClassAdapter - Adding mock interface to class org/springframework/boot/cloud/CloudPlatform
23:36:13.834 [main] INFO  o.e.r.i.CreateClassResetClassAdapter - Found static initializer in class org/springframework/boot/cloud/CloudPlatform
23:36:13.834 [main] INFO  o.e.r.i.MethodCallReplacementClassAdapter - No hashCode defined for: org/springframework/boot/cloud/CloudPlatform, superclass = java.lang.Enum
23:36:13.834 [main] DEBUG o.e.r.agent.TransformerForTests - Going to instrument: org.springframework.boot.cloud.CloudPlatform
23:36:13.835 [main] INFO  o.e.r.i.CreateClassResetClassAdapter - Found static initializer in class org/springframework/boot/cloud/CloudPlatform
23:36:13.835 [main] INFO  o.e.r.i.MethodCallReplacementClassAdapter - No hashCode defined for: org/springframework/boot/cloud/CloudPlatform, superclass = java.lang.Enum
23:36:13.835 [main] INFO  o.e.r.instrumentation.EvoClassLoader - Error while loading class: java.lang.ClassFormatError: Duplicate method name&signature in class file org/springframework/boot/cloud/CloudPlatform
23:36:13.835 [main] INFO  o.e.r.instrumentation.EvoClassLoader - Error while loading class: java.lang.NoClassDefFoundError: org/springframework/boot/cloud/CloudPlatform
23:36:13.835 [main] ERROR o.e.r.c.ClassStateSupport - Could not initialize org.springframework.boot.cloud.CloudPlatform$2: org/springframework/boot/cloud/CloudPlatform
23:36:13.835 [main] INFO  o.e.r.instrumentation.EvoClassLoader - Seeing class for first time: org.springframework.boot.cloud.CloudFoundryVcapEnvironmentPostProcessor
23:36:13.835 [main] INFO  o.e.r.instrumentation.EvoClassLoader - Instrumenting class 'org.springframework.boot.cloud.CloudFoundryVcapEnvironmentPostProcessor'.
23:36:13.836 [main] INFO  o.e.r.i.MethodCallReplacementClassAdapter - Adding mock interface to class org/springframework/boot/cloud/CloudFoundryVcapEnvironmentPostProcessor
23:36:13.837 [main] INFO  o.e.r.i.CreateClassResetClassAdapter - Found static initializer in class org/springframework/boot/cloud/CloudFoundryVcapEnvironmentPostProcessor
23:36:13.837 [main] INFO  o.e.r.i.MethodCallReplacementClassAdapter - No hashCode defined for: org/springframework/boot/cloud/CloudFoundryVcapEnvironmentPostProcessor, superclass = java.lang.Object
23:36:13.837 [main] DEBUG o.e.r.agent.TransformerForTests - Going to instrument: org.springframework.boot.cloud.CloudFoundryVcapEnvironmentPostProcessor
23:36:13.840 [main] INFO  o.e.r.i.CreateClassResetClassAdapter - Found static initializer in class org/springframework/boot/cloud/CloudFoundryVcapEnvironmentPostProcessor
23:36:13.840 [main] INFO  o.e.r.instrumentation.EvoClassLoader - Seeing class for first time: org.springframework.boot.env.EnvironmentPostProcessor
23:36:13.840 [main] INFO  o.e.r.instrumentation.EvoClassLoader - Instrumenting class 'org.springframework.boot.env.EnvironmentPostProcessor'.
23:36:13.841 [main] DEBUG o.e.r.agent.TransformerForTests - Going to instrument: org.springframework.boot.env.EnvironmentPostProcessor
23:36:13.841 [main] INFO  o.e.r.instrumentation.EvoClassLoader - Keeping class: org.springframework.boot.env.EnvironmentPostProcessor
23:36:13.841 [main] INFO  o.e.r.instrumentation.EvoClassLoader - Error while loading class: java.lang.ClassFormatError: Duplicate method name&signature in class file org/springframework/boot/cloud/CloudFoundryVcapEnvironmentPostProcessor
23:36:13.841 [main] ERROR o.e.r.c.ClassStateSupport - Could not initialize org.springframework.boot.cloud.CloudFoundryVcapEnvironmentPostProcessor: Duplicate method name&signature in class file org/springframework/boot/cloud/CloudFoundryVcapEnvironmentPostProcessor
23:36:13.841 [main] INFO  o.e.r.instrumentation.EvoClassLoader - Seeing class for first time: org.springframework.aop.AopInvocationException
23:36:13.841 [main] INFO  o.e.r.instrumentation.EvoClassLoader - Instrumenting class 'org.springframework.aop.AopInvocationException'.
23:36:13.842 [main] INFO  o.e.r.i.MethodCallReplacementClassAdapter - Adding mock interface to class org/springframework/aop/AopInvocationException
23:36:13.842 [main] INFO  o.e.r.i.MethodCallReplacementClassAdapter - No hashCode defined for: org/springframework/aop/AopInvocationException, superclass = org.springframework.core.NestedRuntimeException
23:36:13.842 [main] INFO  o.e.r.i.CreateClassResetClassAdapter - Creating brand-new static initializer in class org/springframework/aop/AopInvocationException
23:36:13.842 [main] DEBUG o.e.r.agent.TransformerForTests - Going to instrument: org.springframework.aop.AopInvocationException
23:36:13.842 [main] INFO  o.e.r.i.MethodCallReplacementClassAdapter - No hashCode defined for: org/springframework/aop/AopInvocationException, superclass = org.springframework.core.NestedRuntimeException
23:36:13.842 [main] INFO  o.e.r.instrumentation.EvoClassLoader - Seeing class for first time: org.springframework.core.NestedRuntimeException
23:36:13.842 [main] INFO  o.e.r.instrumentation.EvoClassLoader - Instrumenting class 'org.springframework.core.NestedRuntimeException'.
23:36:13.843 [main] INFO  o.e.r.i.MethodCallReplacementClassAdapter - Adding mock interface to class org/springframework/core/NestedRuntimeException
23:36:13.843 [main] INFO  o.e.r.i.CreateClassResetClassAdapter - Found static initializer in class org/springframework/core/NestedRuntimeException
23:36:13.844 [main] INFO  o.e.r.i.MethodCallReplacementClassAdapter - No hashCode defined for: org/springframework/core/NestedRuntimeException, superclass = java.lang.RuntimeException
23:36:13.844 [main] DEBUG o.e.r.agent.TransformerForTests - Going to instrument: org.springframework.core.NestedRuntimeException
23:36:13.845 [main] INFO  o.e.r.i.CreateClassResetClassAdapter - Found static initializer in class org/springframework/core/NestedRuntimeException
23:36:13.845 [main] INFO  o.e.r.i.MethodCallReplacementClassAdapter - No hashCode defined for: org/springframework/core/NestedRuntimeException, superclass = org.evosuite.runtime.mock.java.lang.MockRuntimeException
23:36:13.845 [main] INFO  o.e.r.instrumentation.EvoClassLoader - Error while loading class: java.lang.ClassFormatError: Duplicate method name&signature in class file org/springframework/core/NestedRuntimeException
23:36:13.845 [main] INFO  o.e.r.instrumentation.EvoClassLoader - Error while loading class: java.lang.NoClassDefFoundError: org/springframework/core/NestedRuntimeException
23:36:13.845 [main] ERROR o.e.r.c.ClassStateSupport - Could not initialize org.springframework.aop.AopInvocationException: org/springframework/core/NestedRuntimeException
23:36:13.845 [main] INFO  o.e.r.instrumentation.EvoClassLoader - Seeing class for first time: org.springframework.core.NestedRuntimeException
23:36:13.845 [main] INFO  o.e.r.instrumentation.EvoClassLoader - Instrumenting class 'org.springframework.core.NestedRuntimeException'.
23:36:13.849 [main] INFO  o.e.r.i.MethodCallReplacementClassAdapter - Adding mock interface to class org/springframework/core/NestedRuntimeException
23:36:13.850 [main] INFO  o.e.r.i.CreateClassResetClassAdapter - Found static initializer in class org/springframework/core/NestedRuntimeException
23:36:13.850 [main] INFO  o.e.r.i.MethodCallReplacementClassAdapter - No hashCode defined for: org/springframework/core/NestedRuntimeException, superclass = java.lang.RuntimeException
23:36:13.850 [main] DEBUG o.e.r.agent.TransformerForTests - Going to instrument: org.springframework.core.NestedRuntimeException
23:36:13.851 [main] INFO  o.e.r.i.CreateClassResetClassAdapter - Found static initializer in class org/springframework/core/NestedRuntimeException
23:36:13.851 [main] INFO  o.e.r.i.MethodCallReplacementClassAdapter - No hashCode defined for: org/springframework/core/NestedRuntimeException, superclass = org.evosuite.runtime.mock.java.lang.MockRuntimeException
23:36:13.852 [main] INFO  o.e.r.instrumentation.EvoClassLoader - Error while loading class: java.lang.ClassFormatError: Duplicate method name&signature in class file org/springframework/core/NestedRuntimeException
23:36:13.852 [main] INFO  o.e.r.instrumentation.EvoClassLoader - Seeing class for first time: org.springframework.boot.ApplicationRunner
23:36:13.852 [main] INFO  o.e.r.instrumentation.EvoClassLoader - Instrumenting class 'org.springframework.boot.ApplicationRunner'.
23:36:13.853 [main] DEBUG o.e.r.agent.TransformerForTests - Going to instrument: org.springframework.boot.ApplicationRunner
23:36:13.853 [main] INFO  o.e.r.instrumentation.EvoClassLoader - Keeping class: org.springframework.boot.ApplicationRunner
23:36:13.853 [main] INFO  o.e.r.instrumentation.EvoClassLoader - Seeing class for first time: org.springframework.core.convert.support.ArrayToArrayConverter
23:36:13.853 [main] INFO  o.e.r.instrumentation.EvoClassLoader - Instrumenting class 'org.springframework.core.convert.support.ArrayToArrayConverter'.
23:36:13.854 [main] INFO  o.e.r.i.MethodCallReplacementClassAdapter - Adding mock interface to class org/springframework/core/convert/support/ArrayToArrayConverter
23:36:13.854 [main] INFO  o.e.r.i.MethodCallReplacementClassAdapter - No hashCode defined for: org/springframework/core/convert/support/ArrayToArrayConverter, superclass = java.lang.Object
23:36:13.854 [main] INFO  o.e.r.i.CreateClassResetClassAdapter - Creating brand-new static initializer in class org/springframework/core/convert/support/ArrayToArrayConverter
23:36:13.854 [main] DEBUG o.e.r.agent.TransformerForTests - Going to instrument: org.springframework.core.convert.support.ArrayToArrayConverter
23:36:13.855 [main] INFO  o.e.r.instrumentation.EvoClassLoader - Keeping class: org.springframework.core.convert.support.ArrayToArrayConverter
23:36:13.855 [main] INFO  o.e.r.instrumentation.EvoClassLoader - Seeing class for first time: org.springframework.validation.DataBinder
23:36:13.855 [main] INFO  o.e.r.instrumentation.EvoClassLoader - Instrumenting class 'org.springframework.validation.DataBinder'.
23:36:13.856 [main] INFO  o.e.r.i.MethodCallReplacementClassAdapter - Adding mock interface to class org/springframework/validation/DataBinder
23:36:13.858 [main] INFO  o.e.r.i.CreateClassResetClassAdapter - Found static initializer in class org/springframework/validation/DataBinder
23:36:13.858 [main] INFO  o.e.r.i.MethodCallReplacementClassAdapter - No hashCode defined for: org/springframework/validation/DataBinder, superclass = java.lang.Object
23:36:13.858 [main] DEBUG o.e.r.agent.TransformerForTests - Going to instrument: org.springframework.validation.DataBinder
23:36:13.868 [main] INFO  o.e.r.i.CreateClassResetClassAdapter - Found static initializer in class org/springframework/validation/DataBinder
23:36:13.868 [main] INFO  o.e.r.instrumentation.EvoClassLoader - Seeing class for first time: org.springframework.beans.TypeConverter
23:36:13.869 [main] INFO  o.e.r.instrumentation.EvoClassLoader - Instrumenting class 'org.springframework.beans.TypeConverter'.
23:36:13.869 [main] DEBUG o.e.r.agent.TransformerForTests - Going to instrument: org.springframework.beans.TypeConverter
23:36:13.870 [main] INFO  o.e.r.instrumentation.EvoClassLoader - Keeping class: org.springframework.beans.TypeConverter
23:36:13.870 [main] INFO  o.e.r.instrumentation.EvoClassLoader - Error while loading class: java.lang.ClassFormatError: Duplicate method name&signature in class file org/springframework/validation/DataBinder
23:36:13.870 [main] ERROR o.e.r.c.ClassStateSupport - Could not initialize org.springframework.validation.DataBinder: Duplicate method name&signature in class file org/springframework/validation/DataBinder
23:36:13.870 [main] INFO  o.e.r.instrumentation.EvoClassLoader - Seeing class for first time: org.springframework.core.convert.support.ObjectToCollectionConverter
23:36:13.870 [main] INFO  o.e.r.instrumentation.EvoClassLoader - Instrumenting class 'org.springframework.core.convert.support.ObjectToCollectionConverter'.
23:36:13.871 [main] INFO  o.e.r.i.MethodCallReplacementClassAdapter - Adding mock interface to class org/springframework/core/convert/support/ObjectToCollectionConverter
23:36:13.871 [main] INFO  o.e.r.i.MethodCallReplacementClassAdapter - No hashCode defined for: org/springframework/core/convert/support/ObjectToCollectionConverter, superclass = java.lang.Object
23:36:13.871 [main] INFO  o.e.r.i.CreateClassResetClassAdapter - Creating brand-new static initializer in class org/springframework/core/convert/support/ObjectToCollectionConverter
23:36:13.871 [main] DEBUG o.e.r.agent.TransformerForTests - Going to instrument: org.springframework.core.convert.support.ObjectToCollectionConverter
23:36:13.872 [main] INFO  o.e.r.instrumentation.EvoClassLoader - Keeping class: org.springframework.core.convert.support.ObjectToCollectionConverter
23:36:13.872 [main] INFO  o.e.r.instrumentation.EvoClassLoader - Seeing class for first time: org.springframework.boot.bind.DefaultPropertyNamePatternsMatcher
23:36:13.872 [main] INFO  o.e.r.instrumentation.EvoClassLoader - Instrumenting class 'org.springframework.boot.bind.DefaultPropertyNamePatternsMatcher'.
23:36:13.873 [main] INFO  o.e.r.i.MethodCallReplacementClassAdapter - Adding mock interface to class org/springframework/boot/bind/DefaultPropertyNamePatternsMatcher
23:36:13.873 [main] INFO  o.e.r.i.MethodCallReplacementClassAdapter - No hashCode defined for: org/springframework/boot/bind/DefaultPropertyNamePatternsMatcher, superclass = java.lang.Object
23:36:13.873 [main] INFO  o.e.r.i.CreateClassResetClassAdapter - Creating brand-new static initializer in class org/springframework/boot/bind/DefaultPropertyNamePatternsMatcher
23:36:13.873 [main] DEBUG o.e.r.agent.TransformerForTests - Going to instrument: org.springframework.boot.bind.DefaultPropertyNamePatternsMatcher
23:36:13.874 [main] INFO  o.e.r.instrumentation.EvoClassLoader - Seeing class for first time: org.springframework.boot.bind.PropertyNamePatternsMatcher
23:36:13.874 [main] INFO  o.e.r.instrumentation.EvoClassLoader - Instrumenting class 'org.springframework.boot.bind.PropertyNamePatternsMatcher'.
23:36:13.875 [main] DEBUG o.e.r.agent.TransformerForTests - Going to instrument: org.springframework.boot.bind.PropertyNamePatternsMatcher
23:36:13.875 [main] INFO  o.e.r.instrumentation.EvoClassLoader - Keeping class: org.springframework.boot.bind.PropertyNamePatternsMatcher
23:36:13.875 [main] INFO  o.e.r.instrumentation.EvoClassLoader - Keeping class: org.springframework.boot.bind.DefaultPropertyNamePatternsMatcher
23:36:13.875 [main] INFO  o.e.r.instrumentation.EvoClassLoader - Seeing class for first time: org.springframework.core.env.PropertySources
23:36:13.875 [main] INFO  o.e.r.instrumentation.EvoClassLoader - Instrumenting class 'org.springframework.core.env.PropertySources'.
23:36:13.876 [main] DEBUG o.e.r.agent.TransformerForTests - Going to instrument: org.springframework.core.env.PropertySources
23:36:13.876 [main] INFO  o.e.r.instrumentation.EvoClassLoader - Keeping class: org.springframework.core.env.PropertySources
23:36:13.876 [main] INFO  o.e.r.instrumentation.EvoClassLoader - Seeing class for first time: org.springframework.core.convert.support.PropertiesToStringConverter
23:36:13.876 [main] INFO  o.e.r.instrumentation.EvoClassLoader - Instrumenting class 'org.springframework.core.convert.support.PropertiesToStringConverter'.
23:36:13.877 [main] INFO  o.e.r.i.MethodCallReplacementClassAdapter - Adding mock interface to class org/springframework/core/convert/support/PropertiesToStringConverter
23:36:13.879 [main] INFO  o.e.r.i.MethodCallReplacementClassAdapter - No hashCode defined for: org/springframework/core/convert/support/PropertiesToStringConverter, superclass = java.lang.Object
23:36:13.879 [main] INFO  o.e.r.i.CreateClassResetClassAdapter - Creating brand-new static initializer in class org/springframework/core/convert/support/PropertiesToStringConverter
23:36:13.879 [main] DEBUG o.e.r.agent.TransformerForTests - Going to instrument: org.springframework.core.convert.support.PropertiesToStringConverter
23:36:13.881 [main] INFO  o.e.r.instrumentation.EvoClassLoader - Keeping class: org.springframework.core.convert.support.PropertiesToStringConverter
23:36:13.881 [main] INFO  o.e.r.instrumentation.EvoClassLoader - Seeing class for first time: org.springframework.boot.env.PropertySourceLoader
23:36:13.881 [main] INFO  o.e.r.instrumentation.EvoClassLoader - Instrumenting class 'org.springframework.boot.env.PropertySourceLoader'.
23:36:13.882 [main] DEBUG o.e.r.agent.TransformerForTests - Going to instrument: org.springframework.boot.env.PropertySourceLoader
23:36:13.882 [main] INFO  o.e.r.instrumentation.EvoClassLoader - Keeping class: org.springframework.boot.env.PropertySourceLoader
23:36:13.882 [main] INFO  o.e.r.instrumentation.EvoClassLoader - Seeing class for first time: org.springframework.core.convert.support.CollectionToArrayConverter
23:36:13.882 [main] INFO  o.e.r.instrumentation.EvoClassLoader - Instrumenting class 'org.springframework.core.convert.support.CollectionToArrayConverter'.
23:36:13.883 [main] INFO  o.e.r.i.MethodCallReplacementClassAdapter - Adding mock interface to class org/springframework/core/convert/support/CollectionToArrayConverter
23:36:13.883 [main] INFO  o.e.r.i.MethodCallReplacementClassAdapter - No hashCode defined for: org/springframework/core/convert/support/CollectionToArrayConverter, superclass = java.lang.Object
23:36:13.883 [main] INFO  o.e.r.i.CreateClassResetClassAdapter - Creating brand-new static initializer in class org/springframework/core/convert/support/CollectionToArrayConverter
23:36:13.883 [main] DEBUG o.e.r.agent.TransformerForTests - Going to instrument: org.springframework.core.convert.support.CollectionToArrayConverter
23:36:13.883 [main] INFO  o.e.r.instrumentation.EvoClassLoader - Keeping class: org.springframework.core.convert.support.CollectionToArrayConverter
23:36:13.884 [main] INFO  o.e.r.instrumentation.EvoClassLoader - Seeing class for first time: org.springframework.core.convert.Property
23:36:13.884 [main] INFO  o.e.r.instrumentation.EvoClassLoader - Instrumenting class 'org.springframework.core.convert.Property'.
23:36:13.885 [main] INFO  o.e.r.i.MethodCallReplacementClassAdapter - Adding mock interface to class org/springframework/core/convert/Property
23:36:13.886 [main] INFO  o.e.r.i.CreateClassResetClassAdapter - Found static initializer in class org/springframework/core/convert/Property
23:36:13.887 [main] DEBUG o.e.r.agent.TransformerForTests - Going to instrument: org.springframework.core.convert.Property
23:36:13.890 [main] INFO  o.e.r.i.CreateClassResetClassAdapter - Found static initializer in class org/springframework/core/convert/Property
23:36:13.892 [main] INFO  o.e.r.instrumentation.EvoClassLoader - Error while loading class: java.lang.ClassFormatError: Duplicate method name&signature in class file org/springframework/core/convert/Property
23:36:13.892 [main] INFO  o.e.r.instrumentation.EvoClassLoader - Seeing class for first time: org.springframework.core.convert.support.ObjectToObjectConverter
23:36:13.892 [main] INFO  o.e.r.instrumentation.EvoClassLoader - Instrumenting class 'org.springframework.core.convert.support.ObjectToObjectConverter'.
23:36:13.893 [main] INFO  o.e.r.i.MethodCallReplacementClassAdapter - Adding mock interface to class org/springframework/core/convert/support/ObjectToObjectConverter
23:36:13.894 [main] INFO  o.e.r.i.CreateClassResetClassAdapter - Found static initializer in class org/springframework/core/convert/support/ObjectToObjectConverter
23:36:13.894 [main] INFO  o.e.r.i.MethodCallReplacementClassAdapter - No hashCode defined for: org/springframework/core/convert/support/ObjectToObjectConverter, superclass = java.lang.Object
23:36:13.894 [main] DEBUG o.e.r.agent.TransformerForTests - Going to instrument: org.springframework.core.convert.support.ObjectToObjectConverter
23:36:13.896 [main] INFO  o.e.r.i.CreateClassResetClassAdapter - Found static initializer in class org/springframework/core/convert/support/ObjectToObjectConverter
23:36:13.897 [main] INFO  o.e.r.instrumentation.EvoClassLoader - Error while loading class: java.lang.ClassFormatError: Duplicate method name&signature in class file org/springframework/core/convert/support/ObjectToObjectConverter
23:36:13.897 [main] INFO  o.e.r.instrumentation.EvoClassLoader - Seeing class for first time: org.springframework.beans.TypeConverterSupport
23:36:13.897 [main] INFO  o.e.r.instrumentation.EvoClassLoader - Instrumenting class 'org.springframework.beans.TypeConverterSupport'.
23:36:13.898 [main] INFO  o.e.r.i.MethodCallReplacementClassAdapter - Adding mock interface to class org/springframework/beans/TypeConverterSupport
23:36:13.898 [main] INFO  o.e.r.i.MethodCallReplacementClassAdapter - No hashCode defined for: org/springframework/beans/TypeConverterSupport, superclass = org.springframework.beans.PropertyEditorRegistrySupport
23:36:13.898 [main] INFO  o.e.r.i.CreateClassResetClassAdapter - Creating brand-new static initializer in class org/springframework/beans/TypeConverterSupport
23:36:13.898 [main] DEBUG o.e.r.agent.TransformerForTests - Going to instrument: org.springframework.beans.TypeConverterSupport
23:36:13.898 [main] INFO  o.e.r.i.MethodCallReplacementClassAdapter - No hashCode defined for: org/springframework/beans/TypeConverterSupport, superclass = org.springframework.beans.PropertyEditorRegistrySupport
23:36:13.899 [main] INFO  o.e.r.instrumentation.EvoClassLoader - Seeing class for first time: org.springframework.beans.PropertyEditorRegistrySupport
23:36:13.899 [main] INFO  o.e.r.instrumentation.EvoClassLoader - Instrumenting class 'org.springframework.beans.PropertyEditorRegistrySupport'.
23:36:13.900 [main] INFO  o.e.r.i.MethodCallReplacementClassAdapter - Adding mock interface to class org/springframework/beans/PropertyEditorRegistrySupport
23:36:13.905 [main] INFO  o.e.r.i.CreateClassResetClassAdapter - Found static initializer in class org/springframework/beans/PropertyEditorRegistrySupport
23:36:13.905 [main] INFO  o.e.r.i.MethodCallReplacementClassAdapter - No hashCode defined for: org/springframework/beans/PropertyEditorRegistrySupport, superclass = java.lang.Object
23:36:13.905 [main] DEBUG o.e.r.agent.TransformerForTests - Going to instrument: org.springframework.beans.PropertyEditorRegistrySupport
23:36:13.907 [main] INFO  o.e.r.i.CreateClassResetClassAdapter - Found static initializer in class org/springframework/beans/PropertyEditorRegistrySupport
23:36:13.909 [main] INFO  o.e.r.instrumentation.EvoClassLoader - Error while loading class: java.lang.ClassFormatError: Duplicate method name&signature in class file org/springframework/beans/PropertyEditorRegistrySupport
23:36:13.910 [main] INFO  o.e.r.instrumentation.EvoClassLoader - Error while loading class: java.lang.NoClassDefFoundError: org/springframework/beans/PropertyEditorRegistrySupport
23:36:13.910 [main] ERROR o.e.r.c.ClassStateSupport - Could not initialize org.springframework.beans.TypeConverterSupport: org/springframework/beans/PropertyEditorRegistrySupport
23:36:13.910 [main] INFO  o.e.r.instrumentation.EvoClassLoader - Seeing class for first time: org.springframework.beans.ExtendedBeanInfo$SimpleIndexedPropertyDescriptor
23:36:13.910 [main] INFO  o.e.r.instrumentation.EvoClassLoader - Instrumenting class 'org.springframework.beans.ExtendedBeanInfo$SimpleIndexedPropertyDescriptor'.
23:36:13.911 [main] INFO  o.e.r.i.MethodCallReplacementClassAdapter - Adding mock interface to class org/springframework/beans/ExtendedBeanInfo$SimpleIndexedPropertyDescriptor
23:36:13.913 [main] INFO  o.e.r.i.CreateClassResetClassAdapter - Creating brand-new static initializer in class org/springframework/beans/ExtendedBeanInfo$SimpleIndexedPropertyDescriptor
23:36:13.913 [main] DEBUG o.e.r.agent.TransformerForTests - Going to instrument: org.springframework.beans.ExtendedBeanInfo$SimpleIndexedPropertyDescriptor
23:36:13.914 [main] INFO  o.e.r.instrumentation.EvoClassLoader - Keeping class: org.springframework.beans.ExtendedBeanInfo$SimpleIndexedPropertyDescriptor
23:36:13.915 [main] INFO  o.e.r.instrumentation.EvoClassLoader - Seeing class for first time: org.springframework.core.env.Environment
23:36:13.915 [main] INFO  o.e.r.instrumentation.EvoClassLoader - Instrumenting class 'org.springframework.core.env.Environment'.
23:36:13.916 [main] DEBUG o.e.r.agent.TransformerForTests - Going to instrument: org.springframework.core.env.Environment
23:36:13.916 [main] INFO  o.e.r.instrumentation.EvoClassLoader - Keeping class: org.springframework.core.env.Environment
23:36:13.916 [main] INFO  o.e.r.instrumentation.EvoClassLoader - Seeing class for first time: org.springframework.core.ResolvableType$VariableResolver
23:36:13.916 [main] INFO  o.e.r.instrumentation.EvoClassLoader - Instrumenting class 'org.springframework.core.ResolvableType$VariableResolver'.
23:36:13.917 [main] DEBUG o.e.r.agent.TransformerForTests - Going to instrument: org.springframework.core.ResolvableType$VariableResolver
23:36:13.917 [main] INFO  o.e.r.instrumentation.EvoClassLoader - Keeping class: org.springframework.core.ResolvableType$VariableResolver
23:36:13.917 [main] INFO  o.e.r.instrumentation.EvoClassLoader - Seeing class for first time: org.springframework.core.ErrorCoded
23:36:13.917 [main] INFO  o.e.r.instrumentation.EvoClassLoader - Instrumenting class 'org.springframework.core.ErrorCoded'.
23:36:13.918 [main] DEBUG o.e.r.agent.TransformerForTests - Going to instrument: org.springframework.core.ErrorCoded
23:36:13.918 [main] INFO  o.e.r.instrumentation.EvoClassLoader - Keeping class: org.springframework.core.ErrorCoded
23:36:13.918 [main] INFO  o.e.r.instrumentation.EvoClassLoader - Seeing class for first time: org.springframework.boot.bind.OriginCapablePropertyValue
23:36:13.918 [main] INFO  o.e.r.instrumentation.EvoClassLoader - Instrumenting class 'org.springframework.boot.bind.OriginCapablePropertyValue'.
23:36:13.919 [main] INFO  o.e.r.i.MethodCallReplacementClassAdapter - Adding mock interface to class org/springframework/boot/bind/OriginCapablePropertyValue
23:36:13.919 [main] INFO  o.e.r.i.MethodCallReplacementClassAdapter - No hashCode defined for: org/springframework/boot/bind/OriginCapablePropertyValue, superclass = org.springframework.beans.PropertyValue
23:36:13.919 [main] INFO  o.e.r.i.CreateClassResetClassAdapter - Creating brand-new static initializer in class org/springframework/boot/bind/OriginCapablePropertyValue
23:36:13.919 [main] INFO  o.e.r.i.CreateClassResetClassAdapter - Adding bytecode for initializing field ATTRIBUTE_PROPERTY_ORIGIN
23:36:13.919 [main] DEBUG o.e.r.agent.TransformerForTests - Going to instrument: org.springframework.boot.bind.OriginCapablePropertyValue
23:36:13.919 [main] INFO  o.e.r.i.MethodCallReplacementClassAdapter - No hashCode defined for: org/springframework/boot/bind/OriginCapablePropertyValue, superclass = org.springframework.beans.PropertyValue
23:36:13.919 [main] INFO  o.e.r.instrumentation.EvoClassLoader - Seeing class for first time: org.springframework.beans.PropertyValue
23:36:13.919 [main] INFO  o.e.r.instrumentation.EvoClassLoader - Instrumenting class 'org.springframework.beans.PropertyValue'.
23:36:13.920 [main] INFO  o.e.r.i.MethodCallReplacementClassAdapter - Adding mock interface to class org/springframework/beans/PropertyValue
23:36:13.920 [main] INFO  o.e.r.i.CreateClassResetClassAdapter - Creating brand-new static initializer in class org/springframework/beans/PropertyValue
23:36:13.921 [main] DEBUG o.e.r.agent.TransformerForTests - Going to instrument: org.springframework.beans.PropertyValue
23:36:13.921 [main] INFO  o.e.r.instrumentation.EvoClassLoader - Keeping class: org.springframework.beans.PropertyValue
23:36:13.921 [main] INFO  o.e.r.instrumentation.EvoClassLoader - Keeping class: org.springframework.boot.bind.OriginCapablePropertyValue
23:36:13.922 [main] INFO  o.e.r.instrumentation.EvoClassLoader - Seeing class for first time: org.springframework.core.env.MutablePropertySources
23:36:13.922 [main] INFO  o.e.r.instrumentation.EvoClassLoader - Instrumenting class 'org.springframework.core.env.MutablePropertySources'.
23:36:13.923 [main] INFO  o.e.r.i.MethodCallReplacementClassAdapter - Adding mock interface to class org/springframework/core/env/MutablePropertySources
23:36:13.924 [main] INFO  o.e.r.i.MethodCallReplacementClassAdapter - No hashCode defined for: org/springframework/core/env/MutablePropertySources, superclass = java.lang.Object
23:36:13.924 [main] INFO  o.e.r.i.CreateClassResetClassAdapter - Creating brand-new static initializer in class org/springframework/core/env/MutablePropertySources
23:36:13.924 [main] DEBUG o.e.r.agent.TransformerForTests - Going to instrument: org.springframework.core.env.MutablePropertySources
23:36:13.926 [main] INFO  o.e.r.instrumentation.EvoClassLoader - Keeping class: org.springframework.core.env.MutablePropertySources
23:36:13.927 [main] INFO  o.e.r.instrumentation.EvoClassLoader - Seeing class for first time: org.apache.commons.logging.impl.SLF4JLog
23:36:13.927 [main] INFO  o.e.r.instrumentation.EvoClassLoader - Instrumenting class 'org.apache.commons.logging.impl.SLF4JLog'.
23:36:13.928 [main] INFO  o.e.r.i.MethodCallReplacementClassAdapter - Adding mock interface to class org/apache/commons/logging/impl/SLF4JLog
23:36:13.928 [main] INFO  o.e.r.i.MethodCallReplacementClassAdapter - No hashCode defined for: org/apache/commons/logging/impl/SLF4JLog, superclass = java.lang.Object
23:36:13.928 [main] INFO  o.e.r.i.CreateClassResetClassAdapter - Creating brand-new static initializer in class org/apache/commons/logging/impl/SLF4JLog
23:36:13.928 [main] DEBUG o.e.r.agent.TransformerForTests - Going to instrument: org.apache.commons.logging.impl.SLF4JLog
23:36:13.929 [main] INFO  o.e.r.instrumentation.EvoClassLoader - Seeing class for first time: org.apache.commons.logging.Log
23:36:13.929 [main] INFO  o.e.r.instrumentation.EvoClassLoader - Instrumenting class 'org.apache.commons.logging.Log'.
23:36:13.930 [main] DEBUG o.e.r.agent.TransformerForTests - Going to instrument: org.apache.commons.logging.Log
23:36:13.930 [main] INFO  o.e.r.instrumentation.EvoClassLoader - Keeping class: org.apache.commons.logging.Log
23:36:13.930 [main] INFO  o.e.r.instrumentation.EvoClassLoader - Keeping class: org.apache.commons.logging.impl.SLF4JLog
23:36:13.930 [main] INFO  o.e.r.instrumentation.EvoClassLoader - Seeing class for first time: org.springframework.boot.json.JacksonJsonParser
23:36:13.930 [main] INFO  o.e.r.instrumentation.EvoClassLoader - Instrumenting class 'org.springframework.boot.json.JacksonJsonParser'.
23:36:13.931 [main] INFO  o.e.r.i.MethodCallReplacementClassAdapter - Adding mock interface to class org/springframework/boot/json/JacksonJsonParser
23:36:13.932 [main] INFO  o.e.r.i.MethodCallReplacementClassAdapter - No hashCode defined for: org/springframework/boot/json/JacksonJsonParser, superclass = java.lang.Object
23:36:13.932 [main] INFO  o.e.r.i.CreateClassResetClassAdapter - Creating brand-new static initializer in class org/springframework/boot/json/JacksonJsonParser
23:36:13.932 [main] DEBUG o.e.r.agent.TransformerForTests - Going to instrument: org.springframework.boot.json.JacksonJsonParser
23:36:13.933 [main] INFO  o.e.r.instrumentation.EvoClassLoader - Keeping class: org.springframework.boot.json.JacksonJsonParser
23:36:13.933 [main] INFO  o.e.r.instrumentation.EvoClassLoader - Seeing class for first time: org.springframework.util.ConcurrentReferenceHashMap$SoftEntryReference
23:36:13.933 [main] INFO  o.e.r.instrumentation.EvoClassLoader - Instrumenting class 'org.springframework.util.ConcurrentReferenceHashMap$SoftEntryReference'.
23:36:13.934 [main] INFO  o.e.r.i.MethodCallReplacementClassAdapter - Adding mock interface to class org/springframework/util/ConcurrentReferenceHashMap$SoftEntryReference
23:36:13.934 [main] INFO  o.e.r.i.MethodCallReplacementClassAdapter - No hashCode defined for: org/springframework/util/ConcurrentReferenceHashMap$SoftEntryReference, superclass = java.lang.ref.SoftReference
23:36:13.934 [main] INFO  o.e.r.i.CreateClassResetClassAdapter - Creating brand-new static initializer in class org/springframework/util/ConcurrentReferenceHashMap$SoftEntryReference
23:36:13.934 [main] DEBUG o.e.r.agent.TransformerForTests - Going to instrument: org.springframework.util.ConcurrentReferenceHashMap$SoftEntryReference
23:36:13.934 [main] INFO  o.e.r.i.MethodCallReplacementClassAdapter - No hashCode defined for: org/springframework/util/ConcurrentReferenceHashMap$SoftEntryReference, superclass = java.lang.ref.SoftReference
23:36:13.935 [main] INFO  o.e.r.instrumentation.EvoClassLoader - Seeing class for first time: org.springframework.util.ConcurrentReferenceHashMap$Reference
23:36:13.935 [main] INFO  o.e.r.instrumentation.EvoClassLoader - Instrumenting class 'org.springframework.util.ConcurrentReferenceHashMap$Reference'.
23:36:13.935 [main] DEBUG o.e.r.agent.TransformerForTests - Going to instrument: org.springframework.util.ConcurrentReferenceHashMap$Reference
23:36:13.936 [main] INFO  o.e.r.instrumentation.EvoClassLoader - Keeping class: org.springframework.util.ConcurrentReferenceHashMap$Reference
23:36:13.936 [main] INFO  o.e.r.instrumentation.EvoClassLoader - Keeping class: org.springframework.util.ConcurrentReferenceHashMap$SoftEntryReference
23:36:13.936 [main] INFO  o.e.r.instrumentation.EvoClassLoader - Seeing class for first time: org.springframework.beans.BeanUtils
23:36:13.936 [main] INFO  o.e.r.instrumentation.EvoClassLoader - Instrumenting class 'org.springframework.beans.BeanUtils'.
23:36:13.937 [main] INFO  o.e.r.i.MethodCallReplacementClassAdapter - Adding mock interface to class org/springframework/beans/BeanUtils
23:36:13.939 [main] INFO  o.e.r.i.CreateClassResetClassAdapter - Found static initializer in class org/springframework/beans/BeanUtils
23:36:13.939 [main] INFO  o.e.r.i.MethodCallReplacementClassAdapter - No hashCode defined for: org/springframework/beans/BeanUtils, superclass = java.lang.Object
23:36:13.939 [main] DEBUG o.e.r.agent.TransformerForTests - Going to instrument: org.springframework.beans.BeanUtils
23:36:13.942 [main] INFO  o.e.r.i.CreateClassResetClassAdapter - Found static initializer in class org/springframework/beans/BeanUtils
23:36:13.943 [main] INFO  o.e.r.instrumentation.EvoClassLoader - Error while loading class: java.lang.ClassFormatError: Duplicate method name&signature in class file org/springframework/beans/BeanUtils
23:36:13.943 [main] INFO  o.e.r.instrumentation.EvoClassLoader - Seeing class for first time: org.springframework.beans.BeanInstantiationException
23:36:13.943 [main] INFO  o.e.r.instrumentation.EvoClassLoader - Instrumenting class 'org.springframework.beans.BeanInstantiationException'.
23:36:13.944 [main] INFO  o.e.r.i.MethodCallReplacementClassAdapter - Adding mock interface to class org/springframework/beans/BeanInstantiationException
23:36:13.944 [main] INFO  o.e.r.i.MethodCallReplacementClassAdapter - No hashCode defined for: org/springframework/beans/BeanInstantiationException, superclass = org.springframework.beans.FatalBeanException
23:36:13.944 [main] INFO  o.e.r.i.CreateClassResetClassAdapter - Creating brand-new static initializer in class org/springframework/beans/BeanInstantiationException
23:36:13.944 [main] DEBUG o.e.r.agent.TransformerForTests - Going to instrument: org.springframework.beans.BeanInstantiationException
23:36:13.944 [main] INFO  o.e.r.i.MethodCallReplacementClassAdapter - No hashCode defined for: org/springframework/beans/BeanInstantiationException, superclass = org.springframework.beans.FatalBeanException
23:36:13.944 [main] INFO  o.e.r.instrumentation.EvoClassLoader - Seeing class for first time: org.springframework.beans.FatalBeanException
23:36:13.944 [main] INFO  o.e.r.instrumentation.EvoClassLoader - Instrumenting class 'org.springframework.beans.FatalBeanException'.
23:36:13.945 [main] INFO  o.e.r.i.MethodCallReplacementClassAdapter - Adding mock interface to class org/springframework/beans/FatalBeanException
23:36:13.945 [main] INFO  o.e.r.i.MethodCallReplacementClassAdapter - No hashCode defined for: org/springframework/beans/FatalBeanException, superclass = org.springframework.beans.BeansException
23:36:13.945 [main] INFO  o.e.r.i.CreateClassResetClassAdapter - Creating brand-new static initializer in class org/springframework/beans/FatalBeanException
23:36:13.945 [main] DEBUG o.e.r.agent.TransformerForTests - Going to instrument: org.springframework.beans.FatalBeanException
23:36:13.945 [main] INFO  o.e.r.i.MethodCallReplacementClassAdapter - No hashCode defined for: org/springframework/beans/FatalBeanException, superclass = org.springframework.beans.BeansException
23:36:13.945 [main] INFO  o.e.r.instrumentation.EvoClassLoader - Seeing class for first time: org.springframework.beans.BeansException
23:36:13.945 [main] INFO  o.e.r.instrumentation.EvoClassLoader - Instrumenting class 'org.springframework.beans.BeansException'.
23:36:13.945 [main] INFO  o.e.r.i.MethodCallReplacementClassAdapter - Adding mock interface to class org/springframework/beans/BeansException
23:36:13.945 [main] INFO  o.e.r.i.CreateClassResetClassAdapter - Creating brand-new static initializer in class org/springframework/beans/BeansException
23:36:13.945 [main] DEBUG o.e.r.agent.TransformerForTests - Going to instrument: org.springframework.beans.BeansException
23:36:13.946 [main] INFO  o.e.r.instrumentation.EvoClassLoader - Seeing class for first time: org.springframework.core.NestedRuntimeException
23:36:13.946 [main] INFO  o.e.r.instrumentation.EvoClassLoader - Instrumenting class 'org.springframework.core.NestedRuntimeException'.
23:36:13.946 [main] INFO  o.e.r.i.MethodCallReplacementClassAdapter - Adding mock interface to class org/springframework/core/NestedRuntimeException
23:36:13.947 [main] INFO  o.e.r.i.CreateClassResetClassAdapter - Found static initializer in class org/springframework/core/NestedRuntimeException
23:36:13.947 [main] INFO  o.e.r.i.MethodCallReplacementClassAdapter - No hashCode defined for: org/springframework/core/NestedRuntimeException, superclass = java.lang.RuntimeException
23:36:13.947 [main] DEBUG o.e.r.agent.TransformerForTests - Going to instrument: org.springframework.core.NestedRuntimeException
23:36:13.948 [main] INFO  o.e.r.i.CreateClassResetClassAdapter - Found static initializer in class org/springframework/core/NestedRuntimeException
23:36:13.948 [main] INFO  o.e.r.i.MethodCallReplacementClassAdapter - No hashCode defined for: org/springframework/core/NestedRuntimeException, superclass = org.evosuite.runtime.mock.java.lang.MockRuntimeException
23:36:13.948 [main] INFO  o.e.r.instrumentation.EvoClassLoader - Error while loading class: java.lang.ClassFormatError: Duplicate method name&signature in class file org/springframework/core/NestedRuntimeException
23:36:13.948 [main] INFO  o.e.r.instrumentation.EvoClassLoader - Error while loading class: java.lang.NoClassDefFoundError: org/springframework/core/NestedRuntimeException
23:36:13.948 [main] INFO  o.e.r.instrumentation.EvoClassLoader - Error while loading class: java.lang.NoClassDefFoundError: org/springframework/beans/BeansException
23:36:13.948 [main] INFO  o.e.r.instrumentation.EvoClassLoader - Error while loading class: java.lang.NoClassDefFoundError: org/springframework/beans/FatalBeanException
23:36:13.949 [main] INFO  o.e.r.instrumentation.EvoClassLoader - Seeing class for first time: org.springframework.core.convert.support.NumberToCharacterConverter
23:36:13.949 [main] INFO  o.e.r.instrumentation.EvoClassLoader - Instrumenting class 'org.springframework.core.convert.support.NumberToCharacterConverter'.
23:36:13.949 [main] INFO  o.e.r.i.MethodCallReplacementClassAdapter - Adding mock interface to class org/springframework/core/convert/support/NumberToCharacterConverter
23:36:13.949 [main] INFO  o.e.r.i.MethodCallReplacementClassAdapter - No hashCode defined for: org/springframework/core/convert/support/NumberToCharacterConverter, superclass = java.lang.Object
23:36:13.949 [main] INFO  o.e.r.i.CreateClassResetClassAdapter - Creating brand-new static initializer in class org/springframework/core/convert/support/NumberToCharacterConverter
23:36:13.949 [main] DEBUG o.e.r.agent.TransformerForTests - Going to instrument: org.springframework.core.convert.support.NumberToCharacterConverter
23:36:13.950 [main] INFO  o.e.r.instrumentation.EvoClassLoader - Keeping class: org.springframework.core.convert.support.NumberToCharacterConverter
23:36:13.950 [main] INFO  o.e.r.instrumentation.EvoClassLoader - Seeing class for first time: org.springframework.core.io.UrlResource
23:36:13.950 [main] INFO  o.e.r.instrumentation.EvoClassLoader - Instrumenting class 'org.springframework.core.io.UrlResource'.
23:36:13.951 [main] INFO  o.e.r.i.MethodCallReplacementClassAdapter - Adding mock interface to class org/springframework/core/io/UrlResource
23:36:13.953 [main] INFO  o.e.r.i.CreateClassResetClassAdapter - Creating brand-new static initializer in class org/springframework/core/io/UrlResource
23:36:13.953 [main] DEBUG o.e.r.agent.TransformerForTests - Going to instrument: org.springframework.core.io.UrlResource
23:36:13.955 [main] INFO  o.e.r.instrumentation.EvoClassLoader - Seeing class for first time: org.springframework.core.io.AbstractFileResolvingResource
23:36:13.955 [main] INFO  o.e.r.instrumentation.EvoClassLoader - Instrumenting class 'org.springframework.core.io.AbstractFileResolvingResource'.
23:36:13.956 [main] INFO  o.e.r.i.MethodCallReplacementClassAdapter - Adding mock interface to class org/springframework/core/io/AbstractFileResolvingResource
23:36:13.956 [main] INFO  o.e.r.i.MethodCallReplacementClassAdapter - No hashCode defined for: org/springframework/core/io/AbstractFileResolvingResource, superclass = org.springframework.core.io.AbstractResource
23:36:13.956 [main] INFO  o.e.r.i.CreateClassResetClassAdapter - Creating brand-new static initializer in class org/springframework/core/io/AbstractFileResolvingResource
23:36:13.956 [main] DEBUG o.e.r.agent.TransformerForTests - Going to instrument: org.springframework.core.io.AbstractFileResolvingResource
23:36:13.957 [main] INFO  o.e.r.i.MethodCallReplacementClassAdapter - No hashCode defined for: org/springframework/core/io/AbstractFileResolvingResource, superclass = org.springframework.core.io.AbstractResource
23:36:13.959 [main] INFO  o.e.r.instrumentation.EvoClassLoader - Seeing class for first time: org.springframework.core.io.AbstractResource
23:36:13.959 [main] INFO  o.e.r.instrumentation.EvoClassLoader - Instrumenting class 'org.springframework.core.io.AbstractResource'.
23:36:13.960 [main] INFO  o.e.r.i.MethodCallReplacementClassAdapter - Adding mock interface to class org/springframework/core/io/AbstractResource
23:36:13.960 [main] INFO  o.e.r.i.CreateClassResetClassAdapter - Creating brand-new static initializer in class org/springframework/core/io/AbstractResource
23:36:13.960 [main] DEBUG o.e.r.agent.TransformerForTests - Going to instrument: org.springframework.core.io.AbstractResource
23:36:13.961 [main] INFO  o.e.r.instrumentation.EvoClassLoader - Keeping class: org.springframework.core.io.AbstractResource
23:36:13.961 [main] INFO  o.e.r.instrumentation.EvoClassLoader - Keeping class: org.springframework.core.io.AbstractFileResolvingResource
23:36:13.961 [main] INFO  o.e.r.instrumentation.EvoClassLoader - Keeping class: org.springframework.core.io.UrlResource
23:36:13.961 [main] INFO  o.e.r.instrumentation.EvoClassLoader - Seeing class for first time: org.springframework.core.NestedIOException
23:36:13.961 [main] INFO  o.e.r.instrumentation.EvoClassLoader - Instrumenting class 'org.springframework.core.NestedIOException'.
23:36:13.962 [main] INFO  o.e.r.i.MethodCallReplacementClassAdapter - Adding mock interface to class org/springframework/core/NestedIOException
23:36:13.962 [main] INFO  o.e.r.i.CreateClassResetClassAdapter - Found static initializer in class org/springframework/core/NestedIOException
23:36:13.962 [main] INFO  o.e.r.i.MethodCallReplacementClassAdapter - No hashCode defined for: org/springframework/core/NestedIOException, superclass = java.io.IOException
23:36:13.962 [main] DEBUG o.e.r.agent.TransformerForTests - Going to instrument: org.springframework.core.NestedIOException
23:36:13.962 [main] INFO  o.e.r.i.CreateClassResetClassAdapter - Found static initializer in class org/springframework/core/NestedIOException
23:36:13.962 [main] INFO  o.e.r.i.MethodCallReplacementClassAdapter - No hashCode defined for: org/springframework/core/NestedIOException, superclass = org.evosuite.runtime.mock.java.io.MockIOException
23:36:13.963 [main] INFO  o.e.r.instrumentation.EvoClassLoader - Error while loading class: java.lang.ClassFormatError: Duplicate method name&signature in class file org/springframework/core/NestedIOException
23:36:13.963 [main] ERROR o.e.r.c.ClassStateSupport - Could not initialize org.springframework.core.io.UrlResource: org/springframework/core/NestedIOException
23:36:13.963 [main] INFO  o.e.r.instrumentation.EvoClassLoader - Seeing class for first time: org.springframework.core.convert.support.GenericConversionService$ConverterAdapter
23:36:13.963 [main] INFO  o.e.r.instrumentation.EvoClassLoader - Instrumenting class 'org.springframework.core.convert.support.GenericConversionService$ConverterAdapter'.
23:36:13.964 [main] INFO  o.e.r.i.MethodCallReplacementClassAdapter - Adding mock interface to class org/springframework/core/convert/support/GenericConversionService$ConverterAdapter
23:36:13.964 [main] INFO  o.e.r.i.MethodCallReplacementClassAdapter - No hashCode defined for: org/springframework/core/convert/support/GenericConversionService$ConverterAdapter, superclass = java.lang.Object
23:36:13.964 [main] INFO  o.e.r.i.CreateClassResetClassAdapter - Creating brand-new static initializer in class org/springframework/core/convert/support/GenericConversionService$ConverterAdapter
23:36:13.964 [main] DEBUG o.e.r.agent.TransformerForTests - Going to instrument: org.springframework.core.convert.support.GenericConversionService$ConverterAdapter
23:36:13.965 [main] INFO  o.e.r.instrumentation.EvoClassLoader - Keeping class: org.springframework.core.convert.support.GenericConversionService$ConverterAdapter
23:36:13.965 [main] INFO  o.e.r.instrumentation.EvoClassLoader - Seeing class for first time: org.springframework.core.convert.support.CharacterToNumberFactory
23:36:13.965 [main] INFO  o.e.r.instrumentation.EvoClassLoader - Instrumenting class 'org.springframework.core.convert.support.CharacterToNumberFactory'.
23:36:13.966 [main] INFO  o.e.r.i.MethodCallReplacementClassAdapter - Adding mock interface to class org/springframework/core/convert/support/CharacterToNumberFactory
23:36:13.966 [main] INFO  o.e.r.i.MethodCallReplacementClassAdapter - No hashCode defined for: org/springframework/core/convert/support/CharacterToNumberFactory, superclass = java.lang.Object
23:36:13.966 [main] INFO  o.e.r.i.CreateClassResetClassAdapter - Creating brand-new static initializer in class org/springframework/core/convert/support/CharacterToNumberFactory
23:36:13.966 [main] DEBUG o.e.r.agent.TransformerForTests - Going to instrument: org.springframework.core.convert.support.CharacterToNumberFactory
23:36:13.966 [main] INFO  o.e.r.instrumentation.EvoClassLoader - Keeping class: org.springframework.core.convert.support.CharacterToNumberFactory
23:36:13.966 [main] INFO  o.e.r.instrumentation.EvoClassLoader - Seeing class for first time: org.springframework.core.io.ClassPathResource
23:36:13.966 [main] INFO  o.e.r.instrumentation.EvoClassLoader - Instrumenting class 'org.springframework.core.io.ClassPathResource'.
23:36:13.967 [main] INFO  o.e.r.i.MethodCallReplacementClassAdapter - Adding mock interface to class org/springframework/core/io/ClassPathResource
23:36:13.968 [main] INFO  o.e.r.i.CreateClassResetClassAdapter - Creating brand-new static initializer in class org/springframework/core/io/ClassPathResource
23:36:13.968 [main] DEBUG o.e.r.agent.TransformerForTests - Going to instrument: org.springframework.core.io.ClassPathResource
23:36:13.970 [main] INFO  o.e.r.instrumentation.EvoClassLoader - Keeping class: org.springframework.core.io.ClassPathResource
23:36:13.971 [main] INFO  o.e.r.instrumentation.EvoClassLoader - Seeing class for first time: org.springframework.core.NestedIOException
23:36:13.971 [main] INFO  o.e.r.instrumentation.EvoClassLoader - Instrumenting class 'org.springframework.core.NestedIOException'.
23:36:13.971 [main] INFO  o.e.r.i.MethodCallReplacementClassAdapter - Adding mock interface to class org/springframework/core/NestedIOException
23:36:13.971 [main] INFO  o.e.r.i.CreateClassResetClassAdapter - Found static initializer in class org/springframework/core/NestedIOException
23:36:13.971 [main] INFO  o.e.r.i.MethodCallReplacementClassAdapter - No hashCode defined for: org/springframework/core/NestedIOException, superclass = java.io.IOException
23:36:13.971 [main] DEBUG o.e.r.agent.TransformerForTests - Going to instrument: org.springframework.core.NestedIOException
23:36:13.972 [main] INFO  o.e.r.i.CreateClassResetClassAdapter - Found static initializer in class org/springframework/core/NestedIOException
23:36:13.972 [main] INFO  o.e.r.i.MethodCallReplacementClassAdapter - No hashCode defined for: org/springframework/core/NestedIOException, superclass = org.evosuite.runtime.mock.java.io.MockIOException
23:36:13.972 [main] INFO  o.e.r.instrumentation.EvoClassLoader - Error while loading class: java.lang.ClassFormatError: Duplicate method name&signature in class file org/springframework/core/NestedIOException
23:36:13.972 [main] ERROR o.e.r.c.ClassStateSupport - Could not initialize org.springframework.core.io.ClassPathResource: org/springframework/core/NestedIOException
23:36:13.972 [main] INFO  o.e.r.instrumentation.EvoClassLoader - Seeing class for first time: org.springframework.core.env.AbstractPropertyResolver
23:36:13.972 [main] INFO  o.e.r.instrumentation.EvoClassLoader - Instrumenting class 'org.springframework.core.env.AbstractPropertyResolver'.
23:36:13.973 [main] INFO  o.e.r.i.MethodCallReplacementClassAdapter - Adding mock interface to class org/springframework/core/env/AbstractPropertyResolver
23:36:13.974 [main] INFO  o.e.r.i.MethodCallReplacementClassAdapter - No hashCode defined for: org/springframework/core/env/AbstractPropertyResolver, superclass = java.lang.Object
23:36:13.974 [main] INFO  o.e.r.i.CreateClassResetClassAdapter - Creating brand-new static initializer in class org/springframework/core/env/AbstractPropertyResolver
23:36:13.974 [main] DEBUG o.e.r.agent.TransformerForTests - Going to instrument: org.springframework.core.env.AbstractPropertyResolver
23:36:13.976 [main] INFO  o.e.r.instrumentation.EvoClassLoader - Keeping class: org.springframework.core.env.AbstractPropertyResolver
23:36:13.976 [main] INFO  o.e.r.instrumentation.EvoClassLoader - Seeing class for first time: org.springframework.core.convert.support.ConfigurableConversionService
23:36:13.976 [main] INFO  o.e.r.instrumentation.EvoClassLoader - Instrumenting class 'org.springframework.core.convert.support.ConfigurableConversionService'.
23:36:13.977 [main] DEBUG o.e.r.agent.TransformerForTests - Going to instrument: org.springframework.core.convert.support.ConfigurableConversionService
23:36:13.977 [main] INFO  o.e.r.instrumentation.EvoClassLoader - Seeing class for first time: org.springframework.core.convert.converter.ConverterRegistry
23:36:13.977 [main] INFO  o.e.r.instrumentation.EvoClassLoader - Instrumenting class 'org.springframework.core.convert.converter.ConverterRegistry'.
23:36:13.978 [main] DEBUG o.e.r.agent.TransformerForTests - Going to instrument: org.springframework.core.convert.converter.ConverterRegistry
23:36:13.978 [main] INFO  o.e.r.instrumentation.EvoClassLoader - Keeping class: org.springframework.core.convert.converter.ConverterRegistry
23:36:13.978 [main] INFO  o.e.r.instrumentation.EvoClassLoader - Keeping class: org.springframework.core.convert.support.ConfigurableConversionService
23:36:13.979 [main] INFO  o.e.r.instrumentation.EvoClassLoader - Seeing class for first time: org.springframework.core.env.MissingRequiredPropertiesException
23:36:13.979 [main] INFO  o.e.r.instrumentation.EvoClassLoader - Instrumenting class 'org.springframework.core.env.MissingRequiredPropertiesException'.
23:36:13.979 [main] INFO  o.e.r.i.MethodCallReplacementClassAdapter - Adding mock interface to class org/springframework/core/env/MissingRequiredPropertiesException
23:36:13.979 [main] INFO  o.e.r.i.MethodCallReplacementClassAdapter - No hashCode defined for: org/springframework/core/env/MissingRequiredPropertiesException, superclass = java.lang.IllegalStateException
23:36:13.979 [main] INFO  o.e.r.i.CreateClassResetClassAdapter - Creating brand-new static initializer in class org/springframework/core/env/MissingRequiredPropertiesException
23:36:13.979 [main] DEBUG o.e.r.agent.TransformerForTests - Going to instrument: org.springframework.core.env.MissingRequiredPropertiesException
23:36:13.980 [main] INFO  o.e.r.i.MethodCallReplacementClassAdapter - No hashCode defined for: org/springframework/core/env/MissingRequiredPropertiesException, superclass = org.evosuite.runtime.mock.java.lang.MockIllegalStateException
23:36:13.980 [main] INFO  o.e.r.instrumentation.EvoClassLoader - Keeping class: org.springframework.core.env.MissingRequiredPropertiesException
23:36:13.980 [main] INFO  o.e.r.instrumentation.EvoClassLoader - Seeing class for first time: org.springframework.boot.logging.ClasspathLoggingApplicationListener
23:36:13.980 [main] INFO  o.e.r.instrumentation.EvoClassLoader - Instrumenting class 'org.springframework.boot.logging.ClasspathLoggingApplicationListener'.
23:36:13.985 [main] INFO  o.e.r.i.MethodCallReplacementClassAdapter - Adding mock interface to class org/springframework/boot/logging/ClasspathLoggingApplicationListener
23:36:13.986 [main] INFO  o.e.r.i.MethodCallReplacementClassAdapter - No hashCode defined for: org/springframework/boot/logging/ClasspathLoggingApplicationListener, superclass = java.lang.Object
23:36:13.986 [main] INFO  o.e.r.i.CreateClassResetClassAdapter - Creating brand-new static initializer in class org/springframework/boot/logging/ClasspathLoggingApplicationListener
23:36:13.986 [main] INFO  o.e.r.i.CreateClassResetClassAdapter - Adding bytecode for initializing field ORDER
23:36:13.986 [main] DEBUG o.e.r.agent.TransformerForTests - Going to instrument: org.springframework.boot.logging.ClasspathLoggingApplicationListener
23:36:13.987 [main] INFO  o.e.r.instrumentation.EvoClassLoader - Seeing class for first time: org.springframework.context.event.GenericApplicationListener
23:36:13.987 [main] INFO  o.e.r.instrumentation.EvoClassLoader - Instrumenting class 'org.springframework.context.event.GenericApplicationListener'.
23:36:13.988 [main] DEBUG o.e.r.agent.TransformerForTests - Going to instrument: org.springframework.context.event.GenericApplicationListener
23:36:13.988 [main] INFO  o.e.r.instrumentation.EvoClassLoader - Keeping class: org.springframework.context.event.GenericApplicationListener
23:36:13.988 [main] INFO  o.e.r.instrumentation.EvoClassLoader - Keeping class: org.springframework.boot.logging.ClasspathLoggingApplicationListener
23:36:13.988 [main] INFO  o.e.r.instrumentation.EvoClassLoader - Seeing class for first time: org.springframework.boot.env.YamlPropertySourceLoader
23:36:13.988 [main] INFO  o.e.r.instrumentation.EvoClassLoader - Instrumenting class 'org.springframework.boot.env.YamlPropertySourceLoader'.
23:36:13.989 [main] INFO  o.e.r.i.MethodCallReplacementClassAdapter - Adding mock interface to class org/springframework/boot/env/YamlPropertySourceLoader
23:36:13.989 [main] INFO  o.e.r.i.MethodCallReplacementClassAdapter - No hashCode defined for: org/springframework/boot/env/YamlPropertySourceLoader, superclass = java.lang.Object
23:36:13.989 [main] INFO  o.e.r.i.CreateClassResetClassAdapter - Creating brand-new static initializer in class org/springframework/boot/env/YamlPropertySourceLoader
23:36:13.989 [main] DEBUG o.e.r.agent.TransformerForTests - Going to instrument: org.springframework.boot.env.YamlPropertySourceLoader
23:36:13.990 [main] INFO  o.e.r.instrumentation.EvoClassLoader - Keeping class: org.springframework.boot.env.YamlPropertySourceLoader
23:36:13.990 [main] INFO  o.e.r.instrumentation.EvoClassLoader - Seeing class for first time: org.springframework.core.env.MapPropertySource
23:36:13.990 [main] INFO  o.e.r.instrumentation.EvoClassLoader - Instrumenting class 'org.springframework.core.env.MapPropertySource'.
23:36:13.990 [main] INFO  o.e.r.i.MethodCallReplacementClassAdapter - Adding mock interface to class org/springframework/core/env/MapPropertySource
23:36:13.990 [main] INFO  o.e.r.i.MethodCallReplacementClassAdapter - No hashCode defined for: org/springframework/core/env/MapPropertySource, superclass = org.springframework.core.env.EnumerablePropertySource
23:36:13.990 [main] INFO  o.e.r.i.CreateClassResetClassAdapter - Creating brand-new static initializer in class org/springframework/core/env/MapPropertySource
23:36:13.990 [main] DEBUG o.e.r.agent.TransformerForTests - Going to instrument: org.springframework.core.env.MapPropertySource
23:36:13.991 [main] INFO  o.e.r.i.MethodCallReplacementClassAdapter - No hashCode defined for: org/springframework/core/env/MapPropertySource, superclass = org.springframework.core.env.EnumerablePropertySource
23:36:13.991 [main] INFO  o.e.r.instrumentation.EvoClassLoader - Keeping class: org.springframework.core.env.MapPropertySource
23:36:13.991 [main] INFO  o.e.r.instrumentation.EvoClassLoader - Seeing class for first time: org.springframework.core.SerializableTypeWrapper$2
23:36:13.991 [main] INFO  o.e.r.instrumentation.EvoClassLoader - Instrumenting class 'org.springframework.core.SerializableTypeWrapper$2'.
23:36:13.991 [main] INFO  o.e.r.i.MethodCallReplacementClassAdapter - Adding mock interface to class org/springframework/core/SerializableTypeWrapper$2
23:36:13.992 [main] INFO  o.e.r.i.MethodCallReplacementClassAdapter - No hashCode defined for: org/springframework/core/SerializableTypeWrapper$2, superclass = org.springframework.core.SerializableTypeWrapper$DefaultTypeProvider
23:36:13.992 [main] DEBUG o.e.r.agent.TransformerForTests - Going to instrument: org.springframework.core.SerializableTypeWrapper$2
23:36:13.992 [main] INFO  o.e.r.i.MethodCallReplacementClassAdapter - No hashCode defined for: org/springframework/core/SerializableTypeWrapper$2, superclass = org.springframework.core.SerializableTypeWrapper$DefaultTypeProvider
23:36:13.992 [main] INFO  o.e.r.instrumentation.EvoClassLoader - Keeping class: org.springframework.core.SerializableTypeWrapper$2
23:36:13.992 [main] INFO  o.e.r.instrumentation.EvoClassLoader - Seeing class for first time: org.springframework.boot.builder.ParentContextCloserApplicationListener
23:36:13.992 [main] INFO  o.e.r.instrumentation.EvoClassLoader - Instrumenting class 'org.springframework.boot.builder.ParentContextCloserApplicationListener'.
23:36:13.993 [main] INFO  o.e.r.i.MethodCallReplacementClassAdapter - Adding mock interface to class org/springframework/boot/builder/ParentContextCloserApplicationListener
23:36:13.993 [main] INFO  o.e.r.i.MethodCallReplacementClassAdapter - No hashCode defined for: org/springframework/boot/builder/ParentContextCloserApplicationListener, superclass = java.lang.Object
23:36:13.993 [main] INFO  o.e.r.i.CreateClassResetClassAdapter - Creating brand-new static initializer in class org/springframework/boot/builder/ParentContextCloserApplicationListener
23:36:13.993 [main] DEBUG o.e.r.agent.TransformerForTests - Going to instrument: org.springframework.boot.builder.ParentContextCloserApplicationListener
23:36:13.993 [main] INFO  o.e.r.instrumentation.EvoClassLoader - Keeping class: org.springframework.boot.builder.ParentContextCloserApplicationListener
23:36:13.993 [main] INFO  o.e.r.instrumentation.EvoClassLoader - Seeing class for first time: org.springframework.beans.PropertyAccessor
23:36:13.993 [main] INFO  o.e.r.instrumentation.EvoClassLoader - Instrumenting class 'org.springframework.beans.PropertyAccessor'.
23:36:13.994 [main] DEBUG o.e.r.agent.TransformerForTests - Going to instrument: org.springframework.beans.PropertyAccessor
23:36:13.994 [main] INFO  o.e.r.instrumentation.EvoClassLoader - Keeping class: org.springframework.beans.PropertyAccessor
23:36:13.994 [main] INFO  o.e.r.instrumentation.EvoClassLoader - Seeing class for first time: org.springframework.core.annotation.AnnotationUtils$AnnotationCacheKey
23:36:13.994 [main] INFO  o.e.r.instrumentation.EvoClassLoader - Instrumenting class 'org.springframework.core.annotation.AnnotationUtils$AnnotationCacheKey'.
23:36:13.995 [main] INFO  o.e.r.i.MethodCallReplacementClassAdapter - Adding mock interface to class org/springframework/core/annotation/AnnotationUtils$AnnotationCacheKey
23:36:13.995 [main] INFO  o.e.r.i.CreateClassResetClassAdapter - Creating brand-new static initializer in class org/springframework/core/annotation/AnnotationUtils$AnnotationCacheKey
23:36:13.997 [main] DEBUG o.e.r.agent.TransformerForTests - Going to instrument: org.springframework.core.annotation.AnnotationUtils$AnnotationCacheKey
23:36:13.997 [main] INFO  o.e.r.instrumentation.EvoClassLoader - Keeping class: org.springframework.core.annotation.AnnotationUtils$AnnotationCacheKey
23:36:13.997 [main] INFO  o.e.r.instrumentation.EvoClassLoader - Seeing class for first time: org.springframework.aop.TargetClassAware
23:36:13.997 [main] INFO  o.e.r.instrumentation.EvoClassLoader - Instrumenting class 'org.springframework.aop.TargetClassAware'.
23:36:13.998 [main] DEBUG o.e.r.agent.TransformerForTests - Going to instrument: org.springframework.aop.TargetClassAware
23:36:13.998 [main] INFO  o.e.r.instrumentation.EvoClassLoader - Keeping class: org.springframework.aop.TargetClassAware
23:36:13.998 [main] INFO  o.e.r.instrumentation.EvoClassLoader - Seeing class for first time: org.springframework.context.event.AbstractApplicationEventMulticaster$ListenerCacheKey
23:36:13.998 [main] INFO  o.e.r.instrumentation.EvoClassLoader - Instrumenting class 'org.springframework.context.event.AbstractApplicationEventMulticaster$ListenerCacheKey'.
23:36:13.999 [main] INFO  o.e.r.i.MethodCallReplacementClassAdapter - Adding mock interface to class org/springframework/context/event/AbstractApplicationEventMulticaster$ListenerCacheKey
23:36:13.999 [main] INFO  o.e.r.i.CreateClassResetClassAdapter - Creating brand-new static initializer in class org/springframework/context/event/AbstractApplicationEventMulticaster$ListenerCacheKey
23:36:13.999 [main] DEBUG o.e.r.agent.TransformerForTests - Going to instrument: org.springframework.context.event.AbstractApplicationEventMulticaster$ListenerCacheKey
23:36:14.000 [main] INFO  o.e.r.instrumentation.EvoClassLoader - Keeping class: org.springframework.context.event.AbstractApplicationEventMulticaster$ListenerCacheKey
23:36:14.000 [main] INFO  o.e.r.instrumentation.EvoClassLoader - Seeing class for first time: org.springframework.core.convert.support.ArrayToStringConverter
23:36:14.000 [main] INFO  o.e.r.instrumentation.EvoClassLoader - Instrumenting class 'org.springframework.core.convert.support.ArrayToStringConverter'.
23:36:14.001 [main] INFO  o.e.r.i.MethodCallReplacementClassAdapter - Adding mock interface to class org/springframework/core/convert/support/ArrayToStringConverter
23:36:14.001 [main] INFO  o.e.r.i.MethodCallReplacementClassAdapter - No hashCode defined for: org/springframework/core/convert/support/ArrayToStringConverter, superclass = java.lang.Object
23:36:14.001 [main] INFO  o.e.r.i.CreateClassResetClassAdapter - Creating brand-new static initializer in class org/springframework/core/convert/support/ArrayToStringConverter
23:36:14.001 [main] DEBUG o.e.r.agent.TransformerForTests - Going to instrument: org.springframework.core.convert.support.ArrayToStringConverter
23:36:14.001 [main] INFO  o.e.r.instrumentation.EvoClassLoader - Keeping class: org.springframework.core.convert.support.ArrayToStringConverter
23:36:14.002 [main] INFO  o.e.r.instrumentation.EvoClassLoader - Seeing class for first time: org.springframework.boot.logging.Slf4JLoggingSystem
23:36:14.002 [main] INFO  o.e.r.instrumentation.EvoClassLoader - Instrumenting class 'org.springframework.boot.logging.Slf4JLoggingSystem'.
23:36:14.002 [main] INFO  o.e.r.i.MethodCallReplacementClassAdapter - Adding mock interface to class org/springframework/boot/logging/Slf4JLoggingSystem
23:36:14.003 [main] INFO  o.e.r.i.MethodCallReplacementClassAdapter - No hashCode defined for: org/springframework/boot/logging/Slf4JLoggingSystem, superclass = org.springframework.boot.logging.AbstractLoggingSystem
23:36:14.003 [main] INFO  o.e.r.i.CreateClassResetClassAdapter - Creating brand-new static initializer in class org/springframework/boot/logging/Slf4JLoggingSystem
23:36:14.003 [main] INFO  o.e.r.i.CreateClassResetClassAdapter - Adding bytecode for initializing field BRIDGE_HANDLER
23:36:14.003 [main] DEBUG o.e.r.agent.TransformerForTests - Going to instrument: org.springframework.boot.logging.Slf4JLoggingSystem
23:36:14.003 [main] INFO  o.e.r.i.MethodCallReplacementClassAdapter - No hashCode defined for: org/springframework/boot/logging/Slf4JLoggingSystem, superclass = org.springframework.boot.logging.AbstractLoggingSystem
23:36:14.003 [main] INFO  o.e.r.instrumentation.EvoClassLoader - Seeing class for first time: org.springframework.boot.logging.AbstractLoggingSystem
23:36:14.003 [main] INFO  o.e.r.instrumentation.EvoClassLoader - Instrumenting class 'org.springframework.boot.logging.AbstractLoggingSystem'.
23:36:14.004 [main] INFO  o.e.r.i.MethodCallReplacementClassAdapter - Adding mock interface to class org/springframework/boot/logging/AbstractLoggingSystem
23:36:14.004 [main] INFO  o.e.r.i.MethodCallReplacementClassAdapter - No hashCode defined for: org/springframework/boot/logging/AbstractLoggingSystem, superclass = org.springframework.boot.logging.LoggingSystem
23:36:14.004 [main] INFO  o.e.r.i.CreateClassResetClassAdapter - Creating brand-new static initializer in class org/springframework/boot/logging/AbstractLoggingSystem
23:36:14.004 [main] DEBUG o.e.r.agent.TransformerForTests - Going to instrument: org.springframework.boot.logging.AbstractLoggingSystem
23:36:14.005 [main] INFO  o.e.r.i.MethodCallReplacementClassAdapter - No hashCode defined for: org/springframework/boot/logging/AbstractLoggingSystem, superclass = org.springframework.boot.logging.LoggingSystem
23:36:14.005 [main] INFO  o.e.r.instrumentation.EvoClassLoader - Seeing class for first time: org.springframework.boot.logging.LoggingSystem
23:36:14.005 [main] INFO  o.e.r.instrumentation.EvoClassLoader - Instrumenting class 'org.springframework.boot.logging.LoggingSystem'.
23:36:14.006 [main] INFO  o.e.r.i.MethodCallReplacementClassAdapter - Adding mock interface to class org/springframework/boot/logging/LoggingSystem
23:36:14.009 [main] INFO  o.e.r.i.CreateClassResetClassAdapter - Found static initializer in class org/springframework/boot/logging/LoggingSystem
23:36:14.009 [main] INFO  o.e.r.i.MethodCallReplacementClassAdapter - No hashCode defined for: org/springframework/boot/logging/LoggingSystem, superclass = java.lang.Object
23:36:14.009 [main] DEBUG o.e.r.agent.TransformerForTests - Going to instrument: org.springframework.boot.logging.LoggingSystem
23:36:14.010 [main] INFO  o.e.r.i.CreateClassResetClassAdapter - Found static initializer in class org/springframework/boot/logging/LoggingSystem
23:36:14.011 [main] INFO  o.e.r.instrumentation.EvoClassLoader - Error while loading class: java.lang.ClassFormatError: Duplicate method name&signature in class file org/springframework/boot/logging/LoggingSystem
23:36:14.011 [main] INFO  o.e.r.instrumentation.EvoClassLoader - Error while loading class: java.lang.NoClassDefFoundError: org/springframework/boot/logging/LoggingSystem
23:36:14.011 [main] INFO  o.e.r.instrumentation.EvoClassLoader - Error while loading class: java.lang.NoClassDefFoundError: org/springframework/boot/logging/AbstractLoggingSystem
23:36:14.011 [main] ERROR o.e.r.c.ClassStateSupport - Could not initialize org.springframework.boot.logging.Slf4JLoggingSystem: org/springframework/boot/logging/AbstractLoggingSystem
23:36:14.011 [main] INFO  o.e.r.instrumentation.EvoClassLoader - Seeing class for first time: org.springframework.validation.BeanPropertyBindingResult
23:36:14.011 [main] INFO  o.e.r.instrumentation.EvoClassLoader - Instrumenting class 'org.springframework.validation.BeanPropertyBindingResult'.
23:36:14.012 [main] INFO  o.e.r.i.MethodCallReplacementClassAdapter - Adding mock interface to class org/springframework/validation/BeanPropertyBindingResult
23:36:14.012 [main] INFO  o.e.r.i.MethodCallReplacementClassAdapter - No hashCode defined for: org/springframework/validation/BeanPropertyBindingResult, superclass = org.springframework.validation.AbstractPropertyBindingResult
23:36:14.012 [main] INFO  o.e.r.i.CreateClassResetClassAdapter - Creating brand-new static initializer in class org/springframework/validation/BeanPropertyBindingResult
23:36:14.012 [main] DEBUG o.e.r.agent.TransformerForTests - Going to instrument: org.springframework.validation.BeanPropertyBindingResult
23:36:14.013 [main] INFO  o.e.r.i.MethodCallReplacementClassAdapter - No hashCode defined for: org/springframework/validation/BeanPropertyBindingResult, superclass = org.springframework.validation.AbstractPropertyBindingResult
23:36:14.014 [main] INFO  o.e.r.instrumentation.EvoClassLoader - Keeping class: org.springframework.validation.BeanPropertyBindingResult
23:36:14.014 [main] INFO  o.e.r.instrumentation.EvoClassLoader - Seeing class for first time: org.springframework.beans.ConfigurablePropertyAccessor
23:36:14.014 [main] INFO  o.e.r.instrumentation.EvoClassLoader - Instrumenting class 'org.springframework.beans.ConfigurablePropertyAccessor'.
23:36:14.015 [main] DEBUG o.e.r.agent.TransformerForTests - Going to instrument: org.springframework.beans.ConfigurablePropertyAccessor
23:36:14.015 [main] INFO  o.e.r.instrumentation.EvoClassLoader - Keeping class: org.springframework.beans.ConfigurablePropertyAccessor
23:36:14.015 [main] INFO  o.e.r.instrumentation.EvoClassLoader - Seeing class for first time: org.springframework.boot.liquibase.LiquibaseServiceLocatorApplicationListener
23:36:14.015 [main] INFO  o.e.r.instrumentation.EvoClassLoader - Instrumenting class 'org.springframework.boot.liquibase.LiquibaseServiceLocatorApplicationListener'.
23:36:14.016 [main] INFO  o.e.r.i.MethodCallReplacementClassAdapter - Adding mock interface to class org/springframework/boot/liquibase/LiquibaseServiceLocatorApplicationListener
23:36:14.016 [main] INFO  o.e.r.i.CreateClassResetClassAdapter - Found static initializer in class org/springframework/boot/liquibase/LiquibaseServiceLocatorApplicationListener
23:36:14.016 [main] INFO  o.e.r.i.MethodCallReplacementClassAdapter - No hashCode defined for: org/springframework/boot/liquibase/LiquibaseServiceLocatorApplicationListener, superclass = java.lang.Object
23:36:14.016 [main] DEBUG o.e.r.agent.TransformerForTests - Going to instrument: org.springframework.boot.liquibase.LiquibaseServiceLocatorApplicationListener
23:36:14.016 [main] INFO  o.e.r.i.CreateClassResetClassAdapter - Found static initializer in class org/springframework/boot/liquibase/LiquibaseServiceLocatorApplicationListener
23:36:14.016 [main] INFO  o.e.r.instrumentation.EvoClassLoader - Error while loading class: java.lang.ClassFormatError: Duplicate method name&signature in class file org/springframework/boot/liquibase/LiquibaseServiceLocatorApplicationListener
23:36:14.016 [main] ERROR o.e.r.c.ClassStateSupport - Could not initialize org.springframework.boot.liquibase.LiquibaseServiceLocatorApplicationListener: Duplicate method name&signature in class file org/springframework/boot/liquibase/LiquibaseServiceLocatorApplicationListener
23:36:14.017 [main] INFO  o.e.r.instrumentation.EvoClassLoader - Seeing class for first time: org.springframework.context.event.ApplicationContextEvent
23:36:14.017 [main] INFO  o.e.r.instrumentation.EvoClassLoader - Instrumenting class 'org.springframework.context.event.ApplicationContextEvent'.
23:36:14.017 [main] INFO  o.e.r.i.MethodCallReplacementClassAdapter - Adding mock interface to class org/springframework/context/event/ApplicationContextEvent
23:36:14.017 [main] INFO  o.e.r.i.MethodCallReplacementClassAdapter - No hashCode defined for: org/springframework/context/event/ApplicationContextEvent, superclass = org.springframework.context.ApplicationEvent
23:36:14.017 [main] INFO  o.e.r.i.CreateClassResetClassAdapter - Creating brand-new static initializer in class org/springframework/context/event/ApplicationContextEvent
23:36:14.017 [main] DEBUG o.e.r.agent.TransformerForTests - Going to instrument: org.springframework.context.event.ApplicationContextEvent
23:36:14.018 [main] INFO  o.e.r.i.MethodCallReplacementClassAdapter - No hashCode defined for: org/springframework/context/event/ApplicationContextEvent, superclass = org.springframework.context.ApplicationEvent
23:36:14.018 [main] INFO  o.e.r.instrumentation.EvoClassLoader - Keeping class: org.springframework.context.event.ApplicationContextEvent
23:36:14.018 [main] INFO  o.e.r.instrumentation.EvoClassLoader - Seeing class for first time: org.springframework.boot.logging.LoggingInitializationContext
23:36:14.018 [main] INFO  o.e.r.instrumentation.EvoClassLoader - Instrumenting class 'org.springframework.boot.logging.LoggingInitializationContext'.
23:36:14.019 [main] INFO  o.e.r.i.MethodCallReplacementClassAdapter - Adding mock interface to class org/springframework/boot/logging/LoggingInitializationContext
23:36:14.019 [main] INFO  o.e.r.i.MethodCallReplacementClassAdapter - No hashCode defined for: org/springframework/boot/logging/LoggingInitializationContext, superclass = java.lang.Object
23:36:14.019 [main] INFO  o.e.r.i.CreateClassResetClassAdapter - Creating brand-new static initializer in class org/springframework/boot/logging/LoggingInitializationContext
23:36:14.019 [main] DEBUG o.e.r.agent.TransformerForTests - Going to instrument: org.springframework.boot.logging.LoggingInitializationContext
23:36:14.019 [main] INFO  o.e.r.instrumentation.EvoClassLoader - Keeping class: org.springframework.boot.logging.LoggingInitializationContext
23:36:14.019 [main] INFO  o.e.r.instrumentation.EvoClassLoader - Seeing class for first time: org.springframework.boot.env.EnumerableCompositePropertySource
23:36:14.019 [main] INFO  o.e.r.instrumentation.EvoClassLoader - Instrumenting class 'org.springframework.boot.env.EnumerableCompositePropertySource'.
23:36:14.020 [main] INFO  o.e.r.i.MethodCallReplacementClassAdapter - Adding mock interface to class org/springframework/boot/env/EnumerableCompositePropertySource
23:36:14.023 [main] INFO  o.e.r.i.MethodCallReplacementClassAdapter - No hashCode defined for: org/springframework/boot/env/EnumerableCompositePropertySource, superclass = org.springframework.core.env.EnumerablePropertySource
23:36:14.023 [main] INFO  o.e.r.i.CreateClassResetClassAdapter - Creating brand-new static initializer in class org/springframework/boot/env/EnumerableCompositePropertySource
23:36:14.023 [main] DEBUG o.e.r.agent.TransformerForTests - Going to instrument: org.springframework.boot.env.EnumerableCompositePropertySource
23:36:14.023 [main] INFO  o.e.r.i.MethodCallReplacementClassAdapter - No hashCode defined for: org/springframework/boot/env/EnumerableCompositePropertySource, superclass = org.springframework.core.env.EnumerablePropertySource
23:36:14.024 [main] INFO  o.e.r.instrumentation.EvoClassLoader - Keeping class: org.springframework.boot.env.EnumerableCompositePropertySource
23:36:14.024 [main] INFO  o.e.r.instrumentation.EvoClassLoader - Seeing class for first time: org.springframework.boot.logging.logback.LogbackLoggingSystem$1
23:36:14.024 [main] INFO  o.e.r.instrumentation.EvoClassLoader - Instrumenting class 'org.springframework.boot.logging.logback.LogbackLoggingSystem$1'.
23:36:14.025 [main] INFO  o.e.r.i.MethodCallReplacementClassAdapter - Adding mock interface to class org/springframework/boot/logging/logback/LogbackLoggingSystem$1
23:36:14.025 [main] INFO  o.e.r.i.MethodCallReplacementClassAdapter - No hashCode defined for: org/springframework/boot/logging/logback/LogbackLoggingSystem$1, superclass = ch.qos.logback.classic.turbo.TurboFilter
23:36:14.025 [main] DEBUG o.e.r.agent.TransformerForTests - Going to instrument: org.springframework.boot.logging.logback.LogbackLoggingSystem$1
23:36:14.025 [main] INFO  o.e.r.i.MethodCallReplacementClassAdapter - No hashCode defined for: org/springframework/boot/logging/logback/LogbackLoggingSystem$1, superclass = ch.qos.logback.classic.turbo.TurboFilter
23:36:14.025 [main] INFO  o.e.r.instrumentation.EvoClassLoader - Keeping class: org.springframework.boot.logging.logback.LogbackLoggingSystem$1
23:36:14.025 [main] INFO  o.e.r.instrumentation.EvoClassLoader - Seeing class for first time: org.springframework.core.annotation.AliasFor
23:36:14.025 [main] INFO  o.e.r.instrumentation.EvoClassLoader - Instrumenting class 'org.springframework.core.annotation.AliasFor'.
23:36:14.026 [main] DEBUG o.e.r.agent.TransformerForTests - Going to instrument: org.springframework.core.annotation.AliasFor
23:36:14.026 [main] INFO  o.e.r.instrumentation.EvoClassLoader - Keeping class: org.springframework.core.annotation.AliasFor
23:36:14.026 [main] INFO  o.e.r.instrumentation.EvoClassLoader - Seeing class for first time: org.springframework.beans.FatalBeanException
23:36:14.026 [main] INFO  o.e.r.instrumentation.EvoClassLoader - Instrumenting class 'org.springframework.beans.FatalBeanException'.
23:36:14.027 [main] INFO  o.e.r.i.MethodCallReplacementClassAdapter - Adding mock interface to class org/springframework/beans/FatalBeanException
23:36:14.027 [main] INFO  o.e.r.i.MethodCallReplacementClassAdapter - No hashCode defined for: org/springframework/beans/FatalBeanException, superclass = org.springframework.beans.BeansException
23:36:14.027 [main] INFO  o.e.r.i.CreateClassResetClassAdapter - Creating brand-new static initializer in class org/springframework/beans/FatalBeanException
23:36:14.027 [main] DEBUG o.e.r.agent.TransformerForTests - Going to instrument: org.springframework.beans.FatalBeanException
23:36:14.027 [main] INFO  o.e.r.i.MethodCallReplacementClassAdapter - No hashCode defined for: org/springframework/beans/FatalBeanException, superclass = org.springframework.beans.BeansException
23:36:14.027 [main] INFO  o.e.r.instrumentation.EvoClassLoader - Seeing class for first time: org.springframework.beans.BeansException
23:36:14.027 [main] INFO  o.e.r.instrumentation.EvoClassLoader - Instrumenting class 'org.springframework.beans.BeansException'.
23:36:14.028 [main] INFO  o.e.r.i.MethodCallReplacementClassAdapter - Adding mock interface to class org/springframework/beans/BeansException
23:36:14.028 [main] INFO  o.e.r.i.CreateClassResetClassAdapter - Creating brand-new static initializer in class org/springframework/beans/BeansException
23:36:14.028 [main] DEBUG o.e.r.agent.TransformerForTests - Going to instrument: org.springframework.beans.BeansException
23:36:14.028 [main] INFO  o.e.r.instrumentation.EvoClassLoader - Seeing class for first time: org.springframework.core.NestedRuntimeException
23:36:14.028 [main] INFO  o.e.r.instrumentation.EvoClassLoader - Instrumenting class 'org.springframework.core.NestedRuntimeException'.
23:36:14.029 [main] INFO  o.e.r.i.MethodCallReplacementClassAdapter - Adding mock interface to class org/springframework/core/NestedRuntimeException
23:36:14.029 [main] INFO  o.e.r.i.CreateClassResetClassAdapter - Found static initializer in class org/springframework/core/NestedRuntimeException
23:36:14.029 [main] INFO  o.e.r.i.MethodCallReplacementClassAdapter - No hashCode defined for: org/springframework/core/NestedRuntimeException, superclass = java.lang.RuntimeException
23:36:14.030 [main] DEBUG o.e.r.agent.TransformerForTests - Going to instrument: org.springframework.core.NestedRuntimeException
23:36:14.030 [main] INFO  o.e.r.i.CreateClassResetClassAdapter - Found static initializer in class org/springframework/core/NestedRuntimeException
23:36:14.030 [main] INFO  o.e.r.i.MethodCallReplacementClassAdapter - No hashCode defined for: org/springframework/core/NestedRuntimeException, superclass = org.evosuite.runtime.mock.java.lang.MockRuntimeException
23:36:14.031 [main] INFO  o.e.r.instrumentation.EvoClassLoader - Error while loading class: java.lang.ClassFormatError: Duplicate method name&signature in class file org/springframework/core/NestedRuntimeException
23:36:14.031 [main] INFO  o.e.r.instrumentation.EvoClassLoader - Error while loading class: java.lang.NoClassDefFoundError: org/springframework/core/NestedRuntimeException
23:36:14.031 [main] INFO  o.e.r.instrumentation.EvoClassLoader - Error while loading class: java.lang.NoClassDefFoundError: org/springframework/beans/BeansException
23:36:14.031 [main] INFO  o.e.r.instrumentation.EvoClassLoader - Seeing class for first time: org.springframework.core.ResolvableType$DefaultVariableResolver
23:36:14.031 [main] INFO  o.e.r.instrumentation.EvoClassLoader - Instrumenting class 'org.springframework.core.ResolvableType$DefaultVariableResolver'.
23:36:14.032 [main] INFO  o.e.r.i.MethodCallReplacementClassAdapter - Adding mock interface to class org/springframework/core/ResolvableType$DefaultVariableResolver
23:36:14.032 [main] INFO  o.e.r.i.MethodCallReplacementClassAdapter - No hashCode defined for: org/springframework/core/ResolvableType$DefaultVariableResolver, superclass = java.lang.Object
23:36:14.032 [main] INFO  o.e.r.i.CreateClassResetClassAdapter - Creating brand-new static initializer in class org/springframework/core/ResolvableType$DefaultVariableResolver
23:36:14.032 [main] DEBUG o.e.r.agent.TransformerForTests - Going to instrument: org.springframework.core.ResolvableType$DefaultVariableResolver
23:36:14.032 [main] INFO  o.e.r.instrumentation.EvoClassLoader - Keeping class: org.springframework.core.ResolvableType$DefaultVariableResolver
23:36:14.032 [main] INFO  o.e.r.instrumentation.EvoClassLoader - Seeing class for first time: org.springframework.core.convert.support.ZonedDateTimeToCalendarConverter
23:36:14.032 [main] INFO  o.e.r.instrumentation.EvoClassLoader - Instrumenting class 'org.springframework.core.convert.support.ZonedDateTimeToCalendarConverter'.
23:36:14.035 [main] INFO  o.e.r.i.MethodCallReplacementClassAdapter - Adding mock interface to class org/springframework/core/convert/support/ZonedDateTimeToCalendarConverter
23:36:14.035 [main] INFO  o.e.r.i.MethodCallReplacementClassAdapter - No hashCode defined for: org/springframework/core/convert/support/ZonedDateTimeToCalendarConverter, superclass = java.lang.Object
23:36:14.035 [main] INFO  o.e.r.i.CreateClassResetClassAdapter - Creating brand-new static initializer in class org/springframework/core/convert/support/ZonedDateTimeToCalendarConverter
23:36:14.035 [main] DEBUG o.e.r.agent.TransformerForTests - Going to instrument: org.springframework.core.convert.support.ZonedDateTimeToCalendarConverter
23:36:14.035 [main] INFO  o.e.r.instrumentation.EvoClassLoader - Keeping class: org.springframework.core.convert.support.ZonedDateTimeToCalendarConverter
23:36:14.036 [main] INFO  o.e.r.instrumentation.EvoClassLoader - Seeing class for first time: org.springframework.boot.SpringApplicationRunListener
23:36:14.036 [main] INFO  o.e.r.instrumentation.EvoClassLoader - Instrumenting class 'org.springframework.boot.SpringApplicationRunListener'.
23:36:14.036 [main] DEBUG o.e.r.agent.TransformerForTests - Going to instrument: org.springframework.boot.SpringApplicationRunListener
23:36:14.036 [main] INFO  o.e.r.instrumentation.EvoClassLoader - Keeping class: org.springframework.boot.SpringApplicationRunListener
23:36:14.037 [main] INFO  o.e.r.instrumentation.EvoClassLoader - Seeing class for first time: org.springframework.core.env.StandardEnvironment
23:36:14.037 [main] INFO  o.e.r.instrumentation.EvoClassLoader - Instrumenting class 'org.springframework.core.env.StandardEnvironment'.
23:36:14.038 [main] INFO  o.e.r.i.MethodCallReplacementClassAdapter - Adding mock interface to class org/springframework/core/env/StandardEnvironment
23:36:14.038 [main] INFO  o.e.r.i.MethodCallReplacementClassAdapter - No hashCode defined for: org/springframework/core/env/StandardEnvironment, superclass = org.springframework.core.env.AbstractEnvironment
23:36:14.038 [main] INFO  o.e.r.i.CreateClassResetClassAdapter - Creating brand-new static initializer in class org/springframework/core/env/StandardEnvironment
23:36:14.038 [main] INFO  o.e.r.i.CreateClassResetClassAdapter - Adding bytecode for initializing field SYSTEM_ENVIRONMENT_PROPERTY_SOURCE_NAME
23:36:14.038 [main] INFO  o.e.r.i.CreateClassResetClassAdapter - Adding bytecode for initializing field SYSTEM_PROPERTIES_PROPERTY_SOURCE_NAME
23:36:14.038 [main] DEBUG o.e.r.agent.TransformerForTests - Going to instrument: org.springframework.core.env.StandardEnvironment
23:36:14.038 [main] INFO  o.e.r.i.MethodCallReplacementClassAdapter - No hashCode defined for: org/springframework/core/env/StandardEnvironment, superclass = org.springframework.core.env.AbstractEnvironment
23:36:14.039 [main] INFO  o.e.r.instrumentation.EvoClassLoader - Seeing class for first time: org.springframework.core.env.AbstractEnvironment
23:36:14.039 [main] INFO  o.e.r.instrumentation.EvoClassLoader - Instrumenting class 'org.springframework.core.env.AbstractEnvironment'.
23:36:14.040 [main] INFO  o.e.r.i.MethodCallReplacementClassAdapter - Adding mock interface to class org/springframework/core/env/AbstractEnvironment
23:36:14.041 [main] INFO  o.e.r.i.MethodCallReplacementClassAdapter - No hashCode defined for: org/springframework/core/env/AbstractEnvironment, superclass = java.lang.Object
23:36:14.041 [main] INFO  o.e.r.i.CreateClassResetClassAdapter - Creating brand-new static initializer in class org/springframework/core/env/AbstractEnvironment
23:36:14.041 [main] INFO  o.e.r.i.CreateClassResetClassAdapter - Adding bytecode for initializing field IGNORE_GETENV_PROPERTY_NAME
23:36:14.041 [main] INFO  o.e.r.i.CreateClassResetClassAdapter - Adding bytecode for initializing field ACTIVE_PROFILES_PROPERTY_NAME
23:36:14.041 [main] INFO  o.e.r.i.CreateClassResetClassAdapter - Adding bytecode for initializing field DEFAULT_PROFILES_PROPERTY_NAME
23:36:14.041 [main] INFO  o.e.r.i.CreateClassResetClassAdapter - Adding bytecode for initializing field RESERVED_DEFAULT_PROFILE_NAME
23:36:14.041 [main] DEBUG o.e.r.agent.TransformerForTests - Going to instrument: org.springframework.core.env.AbstractEnvironment
23:36:14.044 [main] INFO  o.e.r.instrumentation.EvoClassLoader - Seeing class for first time: org.springframework.core.env.ConfigurableEnvironment
23:36:14.044 [main] INFO  o.e.r.instrumentation.EvoClassLoader - Instrumenting class 'org.springframework.core.env.ConfigurableEnvironment'.
23:36:14.044 [main] DEBUG o.e.r.agent.TransformerForTests - Going to instrument: org.springframework.core.env.ConfigurableEnvironment
23:36:14.045 [main] INFO  o.e.r.instrumentation.EvoClassLoader - Keeping class: org.springframework.core.env.ConfigurableEnvironment
23:36:14.045 [main] INFO  o.e.r.instrumentation.EvoClassLoader - Keeping class: org.springframework.core.env.AbstractEnvironment
23:36:14.045 [main] INFO  o.e.r.instrumentation.EvoClassLoader - Keeping class: org.springframework.core.env.StandardEnvironment
23:36:14.046 [main] INFO  o.e.r.instrumentation.EvoClassLoader - Seeing class for first time: org.springframework.core.env.SystemEnvironmentPropertySource
23:36:14.046 [main] INFO  o.e.r.instrumentation.EvoClassLoader - Instrumenting class 'org.springframework.core.env.SystemEnvironmentPropertySource'.
23:36:14.047 [main] INFO  o.e.r.i.MethodCallReplacementClassAdapter - Adding mock interface to class org/springframework/core/env/SystemEnvironmentPropertySource
23:36:14.047 [main] INFO  o.e.r.i.MethodCallReplacementClassAdapter - No hashCode defined for: org/springframework/core/env/SystemEnvironmentPropertySource, superclass = org.springframework.core.env.MapPropertySource
23:36:14.047 [main] INFO  o.e.r.i.CreateClassResetClassAdapter - Creating brand-new static initializer in class org/springframework/core/env/SystemEnvironmentPropertySource
23:36:14.047 [main] DEBUG o.e.r.agent.TransformerForTests - Going to instrument: org.springframework.core.env.SystemEnvironmentPropertySource
23:36:14.048 [main] INFO  o.e.r.i.MethodCallReplacementClassAdapter - No hashCode defined for: org/springframework/core/env/SystemEnvironmentPropertySource, superclass = org.springframework.core.env.MapPropertySource
23:36:14.048 [main] INFO  o.e.r.instrumentation.EvoClassLoader - Keeping class: org.springframework.core.env.SystemEnvironmentPropertySource
23:36:14.048 [main] INFO  o.e.r.instrumentation.EvoClassLoader - Seeing class for first time: org.springframework.core.convert.support.StringToCollectionConverter
23:36:14.048 [main] INFO  o.e.r.instrumentation.EvoClassLoader - Instrumenting class 'org.springframework.core.convert.support.StringToCollectionConverter'.
23:36:14.049 [main] INFO  o.e.r.i.MethodCallReplacementClassAdapter - Adding mock interface to class org/springframework/core/convert/support/StringToCollectionConverter
23:36:14.049 [main] INFO  o.e.r.i.MethodCallReplacementClassAdapter - No hashCode defined for: org/springframework/core/convert/support/StringToCollectionConverter, superclass = java.lang.Object
23:36:14.049 [main] INFO  o.e.r.i.CreateClassResetClassAdapter - Creating brand-new static initializer in class org/springframework/core/convert/support/StringToCollectionConverter
23:36:14.049 [main] DEBUG o.e.r.agent.TransformerForTests - Going to instrument: org.springframework.core.convert.support.StringToCollectionConverter
23:36:14.050 [main] INFO  o.e.r.instrumentation.EvoClassLoader - Keeping class: org.springframework.core.convert.support.StringToCollectionConverter
23:36:14.050 [main] INFO  o.e.r.instrumentation.EvoClassLoader - Seeing class for first time: org.springframework.core.SerializableTypeWrapper
23:36:14.050 [main] INFO  o.e.r.instrumentation.EvoClassLoader - Instrumenting class 'org.springframework.core.SerializableTypeWrapper'.
23:36:14.051 [main] INFO  o.e.r.i.MethodCallReplacementClassAdapter - Adding mock interface to class org/springframework/core/SerializableTypeWrapper
23:36:14.052 [main] INFO  o.e.r.i.CreateClassResetClassAdapter - Found static initializer in class org/springframework/core/SerializableTypeWrapper
23:36:14.052 [main] INFO  o.e.r.i.MethodCallReplacementClassAdapter - No hashCode defined for: org/springframework/core/SerializableTypeWrapper, superclass = java.lang.Object
23:36:14.052 [main] DEBUG o.e.r.agent.TransformerForTests - Going to instrument: org.springframework.core.SerializableTypeWrapper
23:36:14.053 [main] INFO  o.e.r.i.CreateClassResetClassAdapter - Found static initializer in class org/springframework/core/SerializableTypeWrapper
23:36:14.054 [main] INFO  o.e.r.instrumentation.EvoClassLoader - Error while loading class: java.lang.ClassFormatError: Duplicate method name&signature in class file org/springframework/core/SerializableTypeWrapper
23:36:14.054 [main] INFO  o.e.r.instrumentation.EvoClassLoader - Seeing class for first time: org.springframework.core.SerializableTypeWrapper$TypeProxyInvocationHandler
23:36:14.054 [main] INFO  o.e.r.instrumentation.EvoClassLoader - Instrumenting class 'org.springframework.core.SerializableTypeWrapper$TypeProxyInvocationHandler'.
23:36:14.055 [main] INFO  o.e.r.i.MethodCallReplacementClassAdapter - Adding mock interface to class org/springframework/core/SerializableTypeWrapper$TypeProxyInvocationHandler
23:36:14.055 [main] INFO  o.e.r.i.MethodCallReplacementClassAdapter - No hashCode defined for: org/springframework/core/SerializableTypeWrapper$TypeProxyInvocationHandler, superclass = java.lang.Object
23:36:14.055 [main] INFO  o.e.r.i.CreateClassResetClassAdapter - Creating brand-new static initializer in class org/springframework/core/SerializableTypeWrapper$TypeProxyInvocationHandler
23:36:14.056 [main] DEBUG o.e.r.agent.TransformerForTests - Going to instrument: org.springframework.core.SerializableTypeWrapper$TypeProxyInvocationHandler
23:36:14.056 [main] INFO  o.e.r.instrumentation.EvoClassLoader - Keeping class: org.springframework.core.SerializableTypeWrapper$TypeProxyInvocationHandler
23:36:14.057 [main] INFO  o.e.r.instrumentation.EvoClassLoader - Seeing class for first time: org.springframework.core.ResolvableType$TypeVariablesVariableResolver
23:36:14.057 [main] INFO  o.e.r.instrumentation.EvoClassLoader - Instrumenting class 'org.springframework.core.ResolvableType$TypeVariablesVariableResolver'.
23:36:14.057 [main] INFO  o.e.r.i.MethodCallReplacementClassAdapter - Adding mock interface to class org/springframework/core/ResolvableType$TypeVariablesVariableResolver
23:36:14.057 [main] INFO  o.e.r.i.MethodCallReplacementClassAdapter - No hashCode defined for: org/springframework/core/ResolvableType$TypeVariablesVariableResolver, superclass = java.lang.Object
23:36:14.057 [main] INFO  o.e.r.i.CreateClassResetClassAdapter - Creating brand-new static initializer in class org/springframework/core/ResolvableType$TypeVariablesVariableResolver
23:36:14.058 [main] DEBUG o.e.r.agent.TransformerForTests - Going to instrument: org.springframework.core.ResolvableType$TypeVariablesVariableResolver
23:36:14.058 [main] INFO  o.e.r.instrumentation.EvoClassLoader - Keeping class: org.springframework.core.ResolvableType$TypeVariablesVariableResolver
23:36:14.058 [main] INFO  o.e.r.instrumentation.EvoClassLoader - Seeing class for first time: org.springframework.jndi.JndiLocatorSupport
23:36:14.058 [main] INFO  o.e.r.instrumentation.EvoClassLoader - Instrumenting class 'org.springframework.jndi.JndiLocatorSupport'.
23:36:14.059 [main] INFO  o.e.r.i.MethodCallReplacementClassAdapter - Adding mock interface to class org/springframework/jndi/JndiLocatorSupport
23:36:14.059 [main] INFO  o.e.r.i.MethodCallReplacementClassAdapter - No hashCode defined for: org/springframework/jndi/JndiLocatorSupport, superclass = org.springframework.jndi.JndiAccessor
23:36:14.059 [main] INFO  o.e.r.i.CreateClassResetClassAdapter - Creating brand-new static initializer in class org/springframework/jndi/JndiLocatorSupport
23:36:14.059 [main] INFO  o.e.r.i.CreateClassResetClassAdapter - Adding bytecode for initializing field CONTAINER_PREFIX
23:36:14.059 [main] DEBUG o.e.r.agent.TransformerForTests - Going to instrument: org.springframework.jndi.JndiLocatorSupport
23:36:14.060 [main] INFO  o.e.r.i.MethodCallReplacementClassAdapter - No hashCode defined for: org/springframework/jndi/JndiLocatorSupport, superclass = org.springframework.jndi.JndiAccessor
23:36:14.060 [main] INFO  o.e.r.instrumentation.EvoClassLoader - Seeing class for first time: org.springframework.jndi.JndiAccessor
23:36:14.060 [main] INFO  o.e.r.instrumentation.EvoClassLoader - Instrumenting class 'org.springframework.jndi.JndiAccessor'.
23:36:14.061 [main] INFO  o.e.r.i.MethodCallReplacementClassAdapter - Adding mock interface to class org/springframework/jndi/JndiAccessor
23:36:14.061 [main] INFO  o.e.r.i.MethodCallReplacementClassAdapter - No hashCode defined for: org/springframework/jndi/JndiAccessor, superclass = java.lang.Object
23:36:14.061 [main] INFO  o.e.r.i.CreateClassResetClassAdapter - Creating brand-new static initializer in class org/springframework/jndi/JndiAccessor
23:36:14.061 [main] DEBUG o.e.r.agent.TransformerForTests - Going to instrument: org.springframework.jndi.JndiAccessor
23:36:14.062 [main] INFO  o.e.r.instrumentation.EvoClassLoader - Keeping class: org.springframework.jndi.JndiAccessor
23:36:14.062 [main] INFO  o.e.r.instrumentation.EvoClassLoader - Keeping class: org.springframework.jndi.JndiLocatorSupport
23:36:14.062 [main] INFO  o.e.r.instrumentation.EvoClassLoader - Seeing class for first time: org.springframework.core.SerializableTypeWrapper$1
23:36:14.062 [main] INFO  o.e.r.instrumentation.EvoClassLoader - Instrumenting class 'org.springframework.core.SerializableTypeWrapper$1'.
23:36:14.063 [main] INFO  o.e.r.i.MethodCallReplacementClassAdapter - Adding mock interface to class org/springframework/core/SerializableTypeWrapper$1
23:36:14.063 [main] INFO  o.e.r.i.MethodCallReplacementClassAdapter - No hashCode defined for: org/springframework/core/SerializableTypeWrapper$1, superclass = org.springframework.core.SerializableTypeWrapper$DefaultTypeProvider
23:36:14.063 [main] DEBUG o.e.r.agent.TransformerForTests - Going to instrument: org.springframework.core.SerializableTypeWrapper$1
23:36:14.063 [main] INFO  o.e.r.i.MethodCallReplacementClassAdapter - No hashCode defined for: org/springframework/core/SerializableTypeWrapper$1, superclass = org.springframework.core.SerializableTypeWrapper$DefaultTypeProvider
23:36:14.063 [main] INFO  o.e.r.instrumentation.EvoClassLoader - Keeping class: org.springframework.core.SerializableTypeWrapper$1
23:36:14.063 [main] INFO  o.e.r.instrumentation.EvoClassLoader - Seeing class for first time: org.springframework.context.event.ContextRefreshedEvent
23:36:14.063 [main] INFO  o.e.r.instrumentation.EvoClassLoader - Instrumenting class 'org.springframework.context.event.ContextRefreshedEvent'.
23:36:14.064 [main] INFO  o.e.r.i.MethodCallReplacementClassAdapter - Adding mock interface to class org/springframework/context/event/ContextRefreshedEvent
23:36:14.064 [main] INFO  o.e.r.i.MethodCallReplacementClassAdapter - No hashCode defined for: org/springframework/context/event/ContextRefreshedEvent, superclass = org.springframework.context.event.ApplicationContextEvent
23:36:14.064 [main] INFO  o.e.r.i.CreateClassResetClassAdapter - Creating brand-new static initializer in class org/springframework/context/event/ContextRefreshedEvent
23:36:14.064 [main] DEBUG o.e.r.agent.TransformerForTests - Going to instrument: org.springframework.context.event.ContextRefreshedEvent
23:36:14.064 [main] INFO  o.e.r.i.MethodCallReplacementClassAdapter - No hashCode defined for: org/springframework/context/event/ContextRefreshedEvent, superclass = org.springframework.context.event.ApplicationContextEvent
23:36:14.064 [main] INFO  o.e.r.instrumentation.EvoClassLoader - Keeping class: org.springframework.context.event.ContextRefreshedEvent
23:36:14.064 [main] INFO  o.e.r.instrumentation.EvoClassLoader - Seeing class for first time: org.springframework.core.OrderComparator$OrderSourceProvider
23:36:14.064 [main] INFO  o.e.r.instrumentation.EvoClassLoader - Instrumenting class 'org.springframework.core.OrderComparator$OrderSourceProvider'.
23:36:14.065 [main] DEBUG o.e.r.agent.TransformerForTests - Going to instrument: org.springframework.core.OrderComparator$OrderSourceProvider
23:36:14.065 [main] INFO  o.e.r.instrumentation.EvoClassLoader - Keeping class: org.springframework.core.OrderComparator$OrderSourceProvider
23:36:14.065 [main] INFO  o.e.r.instrumentation.EvoClassLoader - Seeing class for first time: org.springframework.util.ReflectionUtils
23:36:14.065 [main] INFO  o.e.r.instrumentation.EvoClassLoader - Instrumenting class 'org.springframework.util.ReflectionUtils'.
23:36:14.071 [main] INFO  o.e.r.i.MethodCallReplacementClassAdapter - Adding mock interface to class org/springframework/util/ReflectionUtils
23:36:14.076 [main] INFO  o.e.r.i.CreateClassResetClassAdapter - Found static initializer in class org/springframework/util/ReflectionUtils
23:36:14.076 [main] INFO  o.e.r.i.MethodCallReplacementClassAdapter - No hashCode defined for: org/springframework/util/ReflectionUtils, superclass = java.lang.Object
23:36:14.076 [main] DEBUG o.e.r.agent.TransformerForTests - Going to instrument: org.springframework.util.ReflectionUtils
23:36:14.082 [main] INFO  o.e.r.i.CreateClassResetClassAdapter - Found static initializer in class org/springframework/util/ReflectionUtils
23:36:14.083 [main] INFO  o.e.r.instrumentation.EvoClassLoader - Error while loading class: java.lang.ClassFormatError: Duplicate method name&signature in class file org/springframework/util/ReflectionUtils
23:36:14.083 [main] INFO  o.e.r.instrumentation.EvoClassLoader - Seeing class for first time: org.springframework.boot.autoconfigure.logging.AutoConfigurationReportLoggingInitializer
23:36:14.083 [main] INFO  o.e.r.instrumentation.EvoClassLoader - Instrumenting class 'org.springframework.boot.autoconfigure.logging.AutoConfigurationReportLoggingInitializer'.
23:36:14.084 [main] INFO  o.e.r.i.MethodCallReplacementClassAdapter - Adding mock interface to class org/springframework/boot/autoconfigure/logging/AutoConfigurationReportLoggingInitializer
23:36:14.085 [main] INFO  o.e.r.i.MethodCallReplacementClassAdapter - No hashCode defined for: org/springframework/boot/autoconfigure/logging/AutoConfigurationReportLoggingInitializer, superclass = java.lang.Object
23:36:14.090 [main] INFO  o.e.r.i.CreateClassResetClassAdapter - Creating brand-new static initializer in class org/springframework/boot/autoconfigure/logging/AutoConfigurationReportLoggingInitializer
23:36:14.090 [main] DEBUG o.e.r.agent.TransformerForTests - Going to instrument: org.springframework.boot.autoconfigure.logging.AutoConfigurationReportLoggingInitializer
23:36:14.091 [main] INFO  o.e.r.instrumentation.EvoClassLoader - Keeping class: org.springframework.boot.autoconfigure.logging.AutoConfigurationReportLoggingInitializer
23:36:14.092 [main] INFO  o.e.r.instrumentation.EvoClassLoader - Seeing class for first time: org.springframework.boot.bind.PropertiesConfigurationFactory
23:36:14.092 [main] INFO  o.e.r.instrumentation.EvoClassLoader - Instrumenting class 'org.springframework.boot.bind.PropertiesConfigurationFactory'.
23:36:14.093 [main] INFO  o.e.r.i.MethodCallReplacementClassAdapter - Adding mock interface to class org/springframework/boot/bind/PropertiesConfigurationFactory
23:36:14.095 [main] INFO  o.e.r.i.CreateClassResetClassAdapter - Found static initializer in class org/springframework/boot/bind/PropertiesConfigurationFactory
23:36:14.098 [main] INFO  o.e.r.i.MethodCallReplacementClassAdapter - No hashCode defined for: org/springframework/boot/bind/PropertiesConfigurationFactory, superclass = java.lang.Object
23:36:14.098 [main] DEBUG o.e.r.agent.TransformerForTests - Going to instrument: org.springframework.boot.bind.PropertiesConfigurationFactory
23:36:14.100 [main] INFO  o.e.r.i.CreateClassResetClassAdapter - Found static initializer in class org/springframework/boot/bind/PropertiesConfigurationFactory
23:36:14.101 [main] INFO  o.e.r.instrumentation.EvoClassLoader - Seeing class for first time: org.springframework.context.MessageSourceAware
23:36:14.101 [main] INFO  o.e.r.instrumentation.EvoClassLoader - Instrumenting class 'org.springframework.context.MessageSourceAware'.
23:36:14.102 [main] DEBUG o.e.r.agent.TransformerForTests - Going to instrument: org.springframework.context.MessageSourceAware
23:36:14.102 [main] INFO  o.e.r.instrumentation.EvoClassLoader - Keeping class: org.springframework.context.MessageSourceAware
23:36:14.102 [main] INFO  o.e.r.instrumentation.EvoClassLoader - Seeing class for first time: org.springframework.beans.factory.InitializingBean
23:36:14.102 [main] INFO  o.e.r.instrumentation.EvoClassLoader - Instrumenting class 'org.springframework.beans.factory.InitializingBean'.
23:36:14.102 [main] DEBUG o.e.r.agent.TransformerForTests - Going to instrument: org.springframework.beans.factory.InitializingBean
23:36:14.102 [main] INFO  o.e.r.instrumentation.EvoClassLoader - Keeping class: org.springframework.beans.factory.InitializingBean
23:36:14.103 [main] INFO  o.e.r.instrumentation.EvoClassLoader - Error while loading class: java.lang.ClassFormatError: Duplicate method name&signature in class file org/springframework/boot/bind/PropertiesConfigurationFactory
23:36:14.103 [main] ERROR o.e.r.c.ClassStateSupport - Could not initialize org.springframework.boot.bind.PropertiesConfigurationFactory: Duplicate method name&signature in class file org/springframework/boot/bind/PropertiesConfigurationFactory
23:36:14.103 [main] INFO  o.e.r.instrumentation.EvoClassLoader - Seeing class for first time: org.springframework.util.Assert
23:36:14.103 [main] INFO  o.e.r.instrumentation.EvoClassLoader - Instrumenting class 'org.springframework.util.Assert'.
23:36:14.104 [main] INFO  o.e.r.i.MethodCallReplacementClassAdapter - Adding mock interface to class org/springframework/util/Assert
23:36:14.106 [main] INFO  o.e.r.i.MethodCallReplacementClassAdapter - No hashCode defined for: org/springframework/util/Assert, superclass = java.lang.Object
23:36:14.106 [main] INFO  o.e.r.i.CreateClassResetClassAdapter - Creating brand-new static initializer in class org/springframework/util/Assert
23:36:14.106 [main] DEBUG o.e.r.agent.TransformerForTests - Going to instrument: org.springframework.util.Assert
23:36:14.113 [main] INFO  o.e.r.instrumentation.EvoClassLoader - Keeping class: org.springframework.util.Assert
23:36:14.114 [main] INFO  o.e.r.instrumentation.EvoClassLoader - Seeing class for first time: org.springframework.core.convert.support.StringToCharsetConverter
23:36:14.114 [main] INFO  o.e.r.instrumentation.EvoClassLoader - Instrumenting class 'org.springframework.core.convert.support.StringToCharsetConverter'.
23:36:14.115 [main] INFO  o.e.r.i.MethodCallReplacementClassAdapter - Adding mock interface to class org/springframework/core/convert/support/StringToCharsetConverter
23:36:14.115 [main] INFO  o.e.r.i.MethodCallReplacementClassAdapter - No hashCode defined for: org/springframework/core/convert/support/StringToCharsetConverter, superclass = java.lang.Object
23:36:14.115 [main] INFO  o.e.r.i.CreateClassResetClassAdapter - Creating brand-new static initializer in class org/springframework/core/convert/support/StringToCharsetConverter
23:36:14.115 [main] DEBUG o.e.r.agent.TransformerForTests - Going to instrument: org.springframework.core.convert.support.StringToCharsetConverter
23:36:14.115 [main] INFO  o.e.r.instrumentation.EvoClassLoader - Keeping class: org.springframework.core.convert.support.StringToCharsetConverter
23:36:14.116 [main] INFO  o.e.r.instrumentation.EvoClassLoader - Seeing class for first time: org.springframework.util.ReflectionUtils$FieldCallback
23:36:14.116 [main] INFO  o.e.r.instrumentation.EvoClassLoader - Instrumenting class 'org.springframework.util.ReflectionUtils$FieldCallback'.
23:36:14.116 [main] DEBUG o.e.r.agent.TransformerForTests - Going to instrument: org.springframework.util.ReflectionUtils$FieldCallback
23:36:14.117 [main] INFO  o.e.r.instrumentation.EvoClassLoader - Keeping class: org.springframework.util.ReflectionUtils$FieldCallback
23:36:14.117 [main] INFO  o.e.r.instrumentation.EvoClassLoader - Seeing class for first time: org.springframework.core.convert.support.StringToNumberConverterFactory
23:36:14.117 [main] INFO  o.e.r.instrumentation.EvoClassLoader - Instrumenting class 'org.springframework.core.convert.support.StringToNumberConverterFactory'.
23:36:14.117 [main] INFO  o.e.r.i.MethodCallReplacementClassAdapter - Adding mock interface to class org/springframework/core/convert/support/StringToNumberConverterFactory
23:36:14.118 [main] INFO  o.e.r.i.MethodCallReplacementClassAdapter - No hashCode defined for: org/springframework/core/convert/support/StringToNumberConverterFactory, superclass = java.lang.Object
23:36:14.118 [main] INFO  o.e.r.i.CreateClassResetClassAdapter - Creating brand-new static initializer in class org/springframework/core/convert/support/StringToNumberConverterFactory
23:36:14.118 [main] DEBUG o.e.r.agent.TransformerForTests - Going to instrument: org.springframework.core.convert.support.StringToNumberConverterFactory
23:36:14.118 [main] INFO  o.e.r.instrumentation.EvoClassLoader - Keeping class: org.springframework.core.convert.support.StringToNumberConverterFactory
23:36:14.118 [main] INFO  o.e.r.instrumentation.EvoClassLoader - Seeing class for first time: org.springframework.boot.env.PropertySourcesLoader
23:36:14.118 [main] INFO  o.e.r.instrumentation.EvoClassLoader - Instrumenting class 'org.springframework.boot.env.PropertySourcesLoader'.
23:36:14.119 [main] INFO  o.e.r.i.MethodCallReplacementClassAdapter - Adding mock interface to class org/springframework/boot/env/PropertySourcesLoader
23:36:14.120 [main] INFO  o.e.r.i.CreateClassResetClassAdapter - Found static initializer in class org/springframework/boot/env/PropertySourcesLoader
23:36:14.120 [main] INFO  o.e.r.i.MethodCallReplacementClassAdapter - No hashCode defined for: org/springframework/boot/env/PropertySourcesLoader, superclass = java.lang.Object
23:36:14.120 [main] DEBUG o.e.r.agent.TransformerForTests - Going to instrument: org.springframework.boot.env.PropertySourcesLoader
23:36:14.121 [main] INFO  o.e.r.i.CreateClassResetClassAdapter - Found static initializer in class org/springframework/boot/env/PropertySourcesLoader
23:36:14.121 [main] INFO  o.e.r.instrumentation.EvoClassLoader - Error while loading class: java.lang.ClassFormatError: Duplicate method name&signature in class file org/springframework/boot/env/PropertySourcesLoader
23:36:14.121 [main] ERROR o.e.r.c.ClassStateSupport - Could not initialize org.springframework.boot.env.PropertySourcesLoader: Duplicate method name&signature in class file org/springframework/boot/env/PropertySourcesLoader
23:36:14.121 [main] INFO  o.e.r.instrumentation.EvoClassLoader - Seeing class for first time: org.springframework.boot.env.PropertiesPropertySourceLoader
23:36:14.121 [main] INFO  o.e.r.instrumentation.EvoClassLoader - Instrumenting class 'org.springframework.boot.env.PropertiesPropertySourceLoader'.
23:36:14.122 [main] INFO  o.e.r.i.MethodCallReplacementClassAdapter - Adding mock interface to class org/springframework/boot/env/PropertiesPropertySourceLoader
23:36:14.122 [main] INFO  o.e.r.i.MethodCallReplacementClassAdapter - No hashCode defined for: org/springframework/boot/env/PropertiesPropertySourceLoader, superclass = java.lang.Object
23:36:14.122 [main] INFO  o.e.r.i.CreateClassResetClassAdapter - Creating brand-new static initializer in class org/springframework/boot/env/PropertiesPropertySourceLoader
23:36:14.122 [main] DEBUG o.e.r.agent.TransformerForTests - Going to instrument: org.springframework.boot.env.PropertiesPropertySourceLoader
23:36:14.124 [main] INFO  o.e.r.instrumentation.EvoClassLoader - Keeping class: org.springframework.boot.env.PropertiesPropertySourceLoader
23:36:14.124 [main] INFO  o.e.r.instrumentation.EvoClassLoader - Seeing class for first time: org.springframework.core.env.PropertiesPropertySource
23:36:14.124 [main] INFO  o.e.r.instrumentation.EvoClassLoader - Instrumenting class 'org.springframework.core.env.PropertiesPropertySource'.
23:36:14.124 [main] INFO  o.e.r.i.MethodCallReplacementClassAdapter - Adding mock interface to class org/springframework/core/env/PropertiesPropertySource
23:36:14.125 [main] INFO  o.e.r.i.MethodCallReplacementClassAdapter - No hashCode defined for: org/springframework/core/env/PropertiesPropertySource, superclass = org.springframework.core.env.MapPropertySource
23:36:14.125 [main] INFO  o.e.r.i.CreateClassResetClassAdapter - Creating brand-new static initializer in class org/springframework/core/env/PropertiesPropertySource
23:36:14.125 [main] DEBUG o.e.r.agent.TransformerForTests - Going to instrument: org.springframework.core.env.PropertiesPropertySource
23:36:14.125 [main] INFO  o.e.r.i.MethodCallReplacementClassAdapter - No hashCode defined for: org/springframework/core/env/PropertiesPropertySource, superclass = org.springframework.core.env.MapPropertySource
23:36:14.125 [main] INFO  o.e.r.instrumentation.EvoClassLoader - Keeping class: org.springframework.core.env.PropertiesPropertySource
23:36:14.125 [main] INFO  o.e.r.instrumentation.EvoClassLoader - Seeing class for first time: org.springframework.core.convert.support.GenericConversionService$ConverterFactoryAdapter
23:36:14.125 [main] INFO  o.e.r.instrumentation.EvoClassLoader - Instrumenting class 'org.springframework.core.convert.support.GenericConversionService$ConverterFactoryAdapter'.
23:36:14.126 [main] INFO  o.e.r.i.MethodCallReplacementClassAdapter - Adding mock interface to class org/springframework/core/convert/support/GenericConversionService$ConverterFactoryAdapter
23:36:14.126 [main] INFO  o.e.r.i.MethodCallReplacementClassAdapter - No hashCode defined for: org/springframework/core/convert/support/GenericConversionService$ConverterFactoryAdapter, superclass = java.lang.Object
23:36:14.126 [main] INFO  o.e.r.i.CreateClassResetClassAdapter - Creating brand-new static initializer in class org/springframework/core/convert/support/GenericConversionService$ConverterFactoryAdapter
23:36:14.126 [main] DEBUG o.e.r.agent.TransformerForTests - Going to instrument: org.springframework.core.convert.support.GenericConversionService$ConverterFactoryAdapter
23:36:14.127 [main] INFO  o.e.r.instrumentation.EvoClassLoader - Keeping class: org.springframework.core.convert.support.GenericConversionService$ConverterFactoryAdapter
23:36:14.127 [main] INFO  o.e.r.instrumentation.EvoClassLoader - Seeing class for first time: org.springframework.core.annotation.SynthesizedAnnotationInvocationHandler
23:36:14.127 [main] INFO  o.e.r.instrumentation.EvoClassLoader - Instrumenting class 'org.springframework.core.annotation.SynthesizedAnnotationInvocationHandler'.
23:36:14.128 [main] INFO  o.e.r.i.MethodCallReplacementClassAdapter - Adding mock interface to class org/springframework/core/annotation/SynthesizedAnnotationInvocationHandler
23:36:14.129 [main] INFO  o.e.r.i.MethodCallReplacementClassAdapter - No hashCode defined for: org/springframework/core/annotation/SynthesizedAnnotationInvocationHandler, superclass = java.lang.Object
23:36:14.129 [main] INFO  o.e.r.i.CreateClassResetClassAdapter - Creating brand-new static initializer in class org/springframework/core/annotation/SynthesizedAnnotationInvocationHandler
23:36:14.129 [main] DEBUG o.e.r.agent.TransformerForTests - Going to instrument: org.springframework.core.annotation.SynthesizedAnnotationInvocationHandler
23:36:14.131 [main] INFO  o.e.r.instrumentation.EvoClassLoader - Keeping class: org.springframework.core.annotation.SynthesizedAnnotationInvocationHandler
23:36:14.132 [main] INFO  o.e.r.instrumentation.EvoClassLoader - Seeing class for first time: org.springframework.core.annotation.AnnotationConfigurationException
23:36:14.132 [main] INFO  o.e.r.instrumentation.EvoClassLoader - Instrumenting class 'org.springframework.core.annotation.AnnotationConfigurationException'.
23:36:14.132 [main] INFO  o.e.r.i.MethodCallReplacementClassAdapter - Adding mock interface to class org/springframework/core/annotation/AnnotationConfigurationException
23:36:14.133 [main] INFO  o.e.r.i.MethodCallReplacementClassAdapter - No hashCode defined for: org/springframework/core/annotation/AnnotationConfigurationException, superclass = org.springframework.core.NestedRuntimeException
23:36:14.133 [main] INFO  o.e.r.i.CreateClassResetClassAdapter - Creating brand-new static initializer in class org/springframework/core/annotation/AnnotationConfigurationException
23:36:14.133 [main] DEBUG o.e.r.agent.TransformerForTests - Going to instrument: org.springframework.core.annotation.AnnotationConfigurationException
23:36:14.133 [main] INFO  o.e.r.i.MethodCallReplacementClassAdapter - No hashCode defined for: org/springframework/core/annotation/AnnotationConfigurationException, superclass = org.springframework.core.NestedRuntimeException
23:36:14.133 [main] INFO  o.e.r.instrumentation.EvoClassLoader - Seeing class for first time: org.springframework.core.NestedRuntimeException
23:36:14.133 [main] INFO  o.e.r.instrumentation.EvoClassLoader - Instrumenting class 'org.springframework.core.NestedRuntimeException'.
23:36:14.133 [main] INFO  o.e.r.i.MethodCallReplacementClassAdapter - Adding mock interface to class org/springframework/core/NestedRuntimeException
23:36:14.134 [main] INFO  o.e.r.i.CreateClassResetClassAdapter - Found static initializer in class org/springframework/core/NestedRuntimeException
23:36:14.134 [main] INFO  o.e.r.i.MethodCallReplacementClassAdapter - No hashCode defined for: org/springframework/core/NestedRuntimeException, superclass = java.lang.RuntimeException
23:36:14.134 [main] DEBUG o.e.r.agent.TransformerForTests - Going to instrument: org.springframework.core.NestedRuntimeException
23:36:14.135 [main] INFO  o.e.r.i.CreateClassResetClassAdapter - Found static initializer in class org/springframework/core/NestedRuntimeException
23:36:14.135 [main] INFO  o.e.r.i.MethodCallReplacementClassAdapter - No hashCode defined for: org/springframework/core/NestedRuntimeException, superclass = org.evosuite.runtime.mock.java.lang.MockRuntimeException
23:36:14.135 [main] INFO  o.e.r.instrumentation.EvoClassLoader - Error while loading class: java.lang.ClassFormatError: Duplicate method name&signature in class file org/springframework/core/NestedRuntimeException
23:36:14.135 [main] INFO  o.e.r.instrumentation.EvoClassLoader - Error while loading class: java.lang.NoClassDefFoundError: org/springframework/core/NestedRuntimeException
23:36:14.136 [main] ERROR o.e.r.c.ClassStateSupport - Could not initialize org.springframework.core.annotation.SynthesizedAnnotationInvocationHandler: org/springframework/core/annotation/AnnotationConfigurationException
23:36:14.136 [main] INFO  o.e.r.instrumentation.EvoClassLoader - Seeing class for first time: org.springframework.boot.bind.PropertyNamePatternsMatcher$1
23:36:14.136 [main] INFO  o.e.r.instrumentation.EvoClassLoader - Instrumenting class 'org.springframework.boot.bind.PropertyNamePatternsMatcher$1'.
23:36:14.139 [main] INFO  o.e.r.i.MethodCallReplacementClassAdapter - Adding mock interface to class org/springframework/boot/bind/PropertyNamePatternsMatcher$1
23:36:14.146 [main] INFO  o.e.r.i.MethodCallReplacementClassAdapter - No hashCode defined for: org/springframework/boot/bind/PropertyNamePatternsMatcher$1, superclass = java.lang.Object
23:36:14.148 [main] DEBUG o.e.r.agent.TransformerForTests - Going to instrument: org.springframework.boot.bind.PropertyNamePatternsMatcher$1
23:36:14.148 [main] INFO  o.e.r.instrumentation.EvoClassLoader - Keeping class: org.springframework.boot.bind.PropertyNamePatternsMatcher$1
23:36:14.148 [main] INFO  o.e.r.instrumentation.EvoClassLoader - Seeing class for first time: org.springframework.boot.bind.PropertyNamePatternsMatcher$2
23:36:14.148 [main] INFO  o.e.r.instrumentation.EvoClassLoader - Instrumenting class 'org.springframework.boot.bind.PropertyNamePatternsMatcher$2'.
23:36:14.149 [main] INFO  o.e.r.i.MethodCallReplacementClassAdapter - Adding mock interface to class org/springframework/boot/bind/PropertyNamePatternsMatcher$2
23:36:14.150 [main] INFO  o.e.r.i.MethodCallReplacementClassAdapter - No hashCode defined for: org/springframework/boot/bind/PropertyNamePatternsMatcher$2, superclass = java.lang.Object
23:36:14.150 [main] DEBUG o.e.r.agent.TransformerForTests - Going to instrument: org.springframework.boot.bind.PropertyNamePatternsMatcher$2
23:36:14.150 [main] INFO  o.e.r.instrumentation.EvoClassLoader - Keeping class: org.springframework.boot.bind.PropertyNamePatternsMatcher$2
23:36:14.150 [main] INFO  o.e.r.instrumentation.EvoClassLoader - Seeing class for first time: org.springframework.core.io.support.SpringFactoriesLoader
23:36:14.150 [main] INFO  o.e.r.instrumentation.EvoClassLoader - Instrumenting class 'org.springframework.core.io.support.SpringFactoriesLoader'.
23:36:14.151 [main] INFO  o.e.r.i.MethodCallReplacementClassAdapter - Adding mock interface to class org/springframework/core/io/support/SpringFactoriesLoader
23:36:14.152 [main] INFO  o.e.r.i.CreateClassResetClassAdapter - Found static initializer in class org/springframework/core/io/support/SpringFactoriesLoader
23:36:14.153 [main] INFO  o.e.r.i.MethodCallReplacementClassAdapter - No hashCode defined for: org/springframework/core/io/support/SpringFactoriesLoader, superclass = java.lang.Object
23:36:14.153 [main] DEBUG o.e.r.agent.TransformerForTests - Going to instrument: org.springframework.core.io.support.SpringFactoriesLoader
23:36:14.154 [main] INFO  o.e.r.i.CreateClassResetClassAdapter - Found static initializer in class org/springframework/core/io/support/SpringFactoriesLoader
23:36:14.154 [main] INFO  o.e.r.instrumentation.EvoClassLoader - Error while loading class: java.lang.ClassFormatError: Duplicate method name&signature in class file org/springframework/core/io/support/SpringFactoriesLoader
23:36:14.154 [main] ERROR o.e.r.c.ClassStateSupport - Could not initialize org.springframework.core.io.support.SpringFactoriesLoader: Duplicate method name&signature in class file org/springframework/core/io/support/SpringFactoriesLoader
23:36:14.155 [main] INFO  o.e.r.instrumentation.EvoClassLoader - Seeing class for first time: org.springframework.util.ConcurrentReferenceHashMap$WeakEntryReference
23:36:14.155 [main] INFO  o.e.r.instrumentation.EvoClassLoader - Instrumenting class 'org.springframework.util.ConcurrentReferenceHashMap$WeakEntryReference'.
23:36:14.155 [main] INFO  o.e.r.i.MethodCallReplacementClassAdapter - Adding mock interface to class org/springframework/util/ConcurrentReferenceHashMap$WeakEntryReference
23:36:14.155 [main] INFO  o.e.r.i.MethodCallReplacementClassAdapter - No hashCode defined for: org/springframework/util/ConcurrentReferenceHashMap$WeakEntryReference, superclass = java.lang.ref.WeakReference
23:36:14.156 [main] INFO  o.e.r.i.CreateClassResetClassAdapter - Creating brand-new static initializer in class org/springframework/util/ConcurrentReferenceHashMap$WeakEntryReference
23:36:14.156 [main] DEBUG o.e.r.agent.TransformerForTests - Going to instrument: org.springframework.util.ConcurrentReferenceHashMap$WeakEntryReference
23:36:14.156 [main] INFO  o.e.r.i.MethodCallReplacementClassAdapter - No hashCode defined for: org/springframework/util/ConcurrentReferenceHashMap$WeakEntryReference, superclass = java.lang.ref.WeakReference
23:36:14.156 [main] INFO  o.e.r.instrumentation.EvoClassLoader - Keeping class: org.springframework.util.ConcurrentReferenceHashMap$WeakEntryReference
23:36:14.156 [main] INFO  o.e.r.instrumentation.EvoClassLoader - Seeing class for first time: org.springframework.core.GenericTypeResolver
23:36:14.156 [main] INFO  o.e.r.instrumentation.EvoClassLoader - Instrumenting class 'org.springframework.core.GenericTypeResolver'.
23:36:14.157 [main] INFO  o.e.r.i.MethodCallReplacementClassAdapter - Adding mock interface to class org/springframework/core/GenericTypeResolver
23:36:14.163 [main] INFO  o.e.r.i.CreateClassResetClassAdapter - Found static initializer in class org/springframework/core/GenericTypeResolver
23:36:14.163 [main] INFO  o.e.r.i.MethodCallReplacementClassAdapter - No hashCode defined for: org/springframework/core/GenericTypeResolver, superclass = java.lang.Object
23:36:14.163 [main] DEBUG o.e.r.agent.TransformerForTests - Going to instrument: org.springframework.core.GenericTypeResolver
23:36:14.166 [main] INFO  o.e.r.i.CreateClassResetClassAdapter - Found static initializer in class org/springframework/core/GenericTypeResolver
23:36:14.166 [main] INFO  o.e.r.instrumentation.EvoClassLoader - Error while loading class: java.lang.ClassFormatError: Duplicate method name&signature in class file org/springframework/core/GenericTypeResolver
23:36:14.167 [main] INFO  o.e.r.instrumentation.EvoClassLoader - Seeing class for first time: org.springframework.core.annotation.AnnotationConfigurationException
23:36:14.167 [main] INFO  o.e.r.instrumentation.EvoClassLoader - Instrumenting class 'org.springframework.core.annotation.AnnotationConfigurationException'.
23:36:14.167 [main] INFO  o.e.r.i.MethodCallReplacementClassAdapter - Adding mock interface to class org/springframework/core/annotation/AnnotationConfigurationException
23:36:14.167 [main] INFO  o.e.r.i.MethodCallReplacementClassAdapter - No hashCode defined for: org/springframework/core/annotation/AnnotationConfigurationException, superclass = org.springframework.core.NestedRuntimeException
23:36:14.167 [main] INFO  o.e.r.i.CreateClassResetClassAdapter - Creating brand-new static initializer in class org/springframework/core/annotation/AnnotationConfigurationException
23:36:14.167 [main] DEBUG o.e.r.agent.TransformerForTests - Going to instrument: org.springframework.core.annotation.AnnotationConfigurationException
23:36:14.167 [main] INFO  o.e.r.i.MethodCallReplacementClassAdapter - No hashCode defined for: org/springframework/core/annotation/AnnotationConfigurationException, superclass = org.springframework.core.NestedRuntimeException
23:36:14.167 [main] INFO  o.e.r.instrumentation.EvoClassLoader - Seeing class for first time: org.springframework.core.NestedRuntimeException
23:36:14.167 [main] INFO  o.e.r.instrumentation.EvoClassLoader - Instrumenting class 'org.springframework.core.NestedRuntimeException'.
23:36:14.168 [main] INFO  o.e.r.i.MethodCallReplacementClassAdapter - Adding mock interface to class org/springframework/core/NestedRuntimeException
23:36:14.168 [main] INFO  o.e.r.i.CreateClassResetClassAdapter - Found static initializer in class org/springframework/core/NestedRuntimeException
23:36:14.168 [main] INFO  o.e.r.i.MethodCallReplacementClassAdapter - No hashCode defined for: org/springframework/core/NestedRuntimeException, superclass = java.lang.RuntimeException
23:36:14.168 [main] DEBUG o.e.r.agent.TransformerForTests - Going to instrument: org.springframework.core.NestedRuntimeException
23:36:14.169 [main] INFO  o.e.r.i.CreateClassResetClassAdapter - Found static initializer in class org/springframework/core/NestedRuntimeException
23:36:14.169 [main] INFO  o.e.r.i.MethodCallReplacementClassAdapter - No hashCode defined for: org/springframework/core/NestedRuntimeException, superclass = org.evosuite.runtime.mock.java.lang.MockRuntimeException
23:36:14.170 [main] INFO  o.e.r.instrumentation.EvoClassLoader - Error while loading class: java.lang.ClassFormatError: Duplicate method name&signature in class file org/springframework/core/NestedRuntimeException
23:36:14.170 [main] INFO  o.e.r.instrumentation.EvoClassLoader - Error while loading class: java.lang.NoClassDefFoundError: org/springframework/core/NestedRuntimeException
23:36:14.170 [main] ERROR o.e.r.c.ClassStateSupport - Could not initialize org.springframework.core.annotation.AnnotationConfigurationException: org/springframework/core/NestedRuntimeException
23:36:14.170 [main] INFO  o.e.r.instrumentation.EvoClassLoader - Seeing class for first time: org.springframework.core.convert.support.StringToEnumConverterFactory
23:36:14.170 [main] INFO  o.e.r.instrumentation.EvoClassLoader - Instrumenting class 'org.springframework.core.convert.support.StringToEnumConverterFactory'.
23:36:14.171 [main] INFO  o.e.r.i.MethodCallReplacementClassAdapter - Adding mock interface to class org/springframework/core/convert/support/StringToEnumConverterFactory
23:36:14.172 [main] INFO  o.e.r.i.MethodCallReplacementClassAdapter - No hashCode defined for: org/springframework/core/convert/support/StringToEnumConverterFactory, superclass = java.lang.Object
23:36:14.172 [main] INFO  o.e.r.i.CreateClassResetClassAdapter - Creating brand-new static initializer in class org/springframework/core/convert/support/StringToEnumConverterFactory
23:36:14.172 [main] DEBUG o.e.r.agent.TransformerForTests - Going to instrument: org.springframework.core.convert.support.StringToEnumConverterFactory
23:36:14.180 [main] INFO  o.e.r.instrumentation.EvoClassLoader - Keeping class: org.springframework.core.convert.support.StringToEnumConverterFactory
23:36:14.181 [main] INFO  o.e.r.instrumentation.EvoClassLoader - Seeing class for first time: org.springframework.beans.CachedIntrospectionResults
23:36:14.181 [main] INFO  o.e.r.instrumentation.EvoClassLoader - Instrumenting class 'org.springframework.beans.CachedIntrospectionResults'.
23:36:14.182 [main] INFO  o.e.r.i.MethodCallReplacementClassAdapter - Adding mock interface to class org/springframework/beans/CachedIntrospectionResults
23:36:14.182 [main] INFO  o.e.r.i.CreateClassResetClassAdapter - Found static initializer in class org/springframework/beans/CachedIntrospectionResults
23:36:14.183 [main] INFO  o.e.r.i.MethodCallReplacementClassAdapter - No hashCode defined for: org/springframework/beans/CachedIntrospectionResults, superclass = java.lang.Object
23:36:14.183 [main] DEBUG o.e.r.agent.TransformerForTests - Going to instrument: org.springframework.beans.CachedIntrospectionResults
23:36:14.184 [main] INFO  o.e.r.i.CreateClassResetClassAdapter - Found static initializer in class org/springframework/beans/CachedIntrospectionResults
23:36:14.184 [main] INFO  o.e.r.instrumentation.EvoClassLoader - Error while loading class: java.lang.ClassFormatError: Duplicate method name&signature in class file org/springframework/beans/CachedIntrospectionResults
23:36:14.185 [main] ERROR o.e.r.c.ClassStateSupport - Could not initialize org.springframework.beans.CachedIntrospectionResults: Duplicate method name&signature in class file org/springframework/beans/CachedIntrospectionResults
23:36:14.185 [main] INFO  o.e.r.instrumentation.EvoClassLoader - Seeing class for first time: org.springframework.beans.BeanInfoFactory
23:36:14.185 [main] INFO  o.e.r.instrumentation.EvoClassLoader - Instrumenting class 'org.springframework.beans.BeanInfoFactory'.
23:36:14.185 [main] DEBUG o.e.r.agent.TransformerForTests - Going to instrument: org.springframework.beans.BeanInfoFactory
23:36:14.185 [main] INFO  o.e.r.instrumentation.EvoClassLoader - Keeping class: org.springframework.beans.BeanInfoFactory
23:36:14.186 [main] INFO  o.e.r.instrumentation.EvoClassLoader - Seeing class for first time: org.springframework.beans.TypeMismatchException
23:36:14.186 [main] INFO  o.e.r.instrumentation.EvoClassLoader - Instrumenting class 'org.springframework.beans.TypeMismatchException'.
23:36:14.186 [main] INFO  o.e.r.i.MethodCallReplacementClassAdapter - Adding mock interface to class org/springframework/beans/TypeMismatchException
23:36:14.186 [main] INFO  o.e.r.i.MethodCallReplacementClassAdapter - No hashCode defined for: org/springframework/beans/TypeMismatchException, superclass = org.springframework.beans.PropertyAccessException
23:36:14.187 [main] INFO  o.e.r.i.CreateClassResetClassAdapter - Creating brand-new static initializer in class org/springframework/beans/TypeMismatchException
23:36:14.187 [main] INFO  o.e.r.i.CreateClassResetClassAdapter - Adding bytecode for initializing field ERROR_CODE
23:36:14.187 [main] DEBUG o.e.r.agent.TransformerForTests - Going to instrument: org.springframework.beans.TypeMismatchException
23:36:14.187 [main] INFO  o.e.r.i.MethodCallReplacementClassAdapter - No hashCode defined for: org/springframework/beans/TypeMismatchException, superclass = org.springframework.beans.PropertyAccessException
23:36:14.187 [main] INFO  o.e.r.instrumentation.EvoClassLoader - Seeing class for first time: org.springframework.beans.PropertyAccessException
23:36:14.187 [main] INFO  o.e.r.instrumentation.EvoClassLoader - Instrumenting class 'org.springframework.beans.PropertyAccessException'.
23:36:14.188 [main] INFO  o.e.r.i.MethodCallReplacementClassAdapter - Adding mock interface to class org/springframework/beans/PropertyAccessException
23:36:14.188 [main] INFO  o.e.r.i.MethodCallReplacementClassAdapter - No hashCode defined for: org/springframework/beans/PropertyAccessException, superclass = org.springframework.beans.BeansException
23:36:14.188 [main] INFO  o.e.r.i.CreateClassResetClassAdapter - Creating brand-new static initializer in class org/springframework/beans/PropertyAccessException
23:36:14.188 [main] DEBUG o.e.r.agent.TransformerForTests - Going to instrument: org.springframework.beans.PropertyAccessException
23:36:14.188 [main] INFO  o.e.r.i.MethodCallReplacementClassAdapter - No hashCode defined for: org/springframework/beans/PropertyAccessException, superclass = org.springframework.beans.BeansException
23:36:14.188 [main] INFO  o.e.r.instrumentation.EvoClassLoader - Seeing class for first time: org.springframework.beans.BeansException
23:36:14.188 [main] INFO  o.e.r.instrumentation.EvoClassLoader - Instrumenting class 'org.springframework.beans.BeansException'.
23:36:14.189 [main] INFO  o.e.r.i.MethodCallReplacementClassAdapter - Adding mock interface to class org/springframework/beans/BeansException
23:36:14.189 [main] INFO  o.e.r.i.CreateClassResetClassAdapter - Creating brand-new static initializer in class org/springframework/beans/BeansException
23:36:14.189 [main] DEBUG o.e.r.agent.TransformerForTests - Going to instrument: org.springframework.beans.BeansException
23:36:14.189 [main] INFO  o.e.r.instrumentation.EvoClassLoader - Seeing class for first time: org.springframework.core.NestedRuntimeException
23:36:14.189 [main] INFO  o.e.r.instrumentation.EvoClassLoader - Instrumenting class 'org.springframework.core.NestedRuntimeException'.
23:36:14.189 [main] INFO  o.e.r.i.MethodCallReplacementClassAdapter - Adding mock interface to class org/springframework/core/NestedRuntimeException
23:36:14.191 [main] INFO  o.e.r.i.CreateClassResetClassAdapter - Found static initializer in class org/springframework/core/NestedRuntimeException
23:36:14.191 [main] INFO  o.e.r.i.MethodCallReplacementClassAdapter - No hashCode defined for: org/springframework/core/NestedRuntimeException, superclass = java.lang.RuntimeException
23:36:14.191 [main] DEBUG o.e.r.agent.TransformerForTests - Going to instrument: org.springframework.core.NestedRuntimeException
23:36:14.192 [main] INFO  o.e.r.i.CreateClassResetClassAdapter - Found static initializer in class org/springframework/core/NestedRuntimeException
23:36:14.192 [main] INFO  o.e.r.i.MethodCallReplacementClassAdapter - No hashCode defined for: org/springframework/core/NestedRuntimeException, superclass = org.evosuite.runtime.mock.java.lang.MockRuntimeException
23:36:14.193 [main] INFO  o.e.r.instrumentation.EvoClassLoader - Error while loading class: java.lang.ClassFormatError: Duplicate method name&signature in class file org/springframework/core/NestedRuntimeException
23:36:14.193 [main] INFO  o.e.r.instrumentation.EvoClassLoader - Error while loading class: java.lang.NoClassDefFoundError: org/springframework/core/NestedRuntimeException
23:36:14.193 [main] INFO  o.e.r.instrumentation.EvoClassLoader - Error while loading class: java.lang.NoClassDefFoundError: org/springframework/beans/BeansException
23:36:14.193 [main] INFO  o.e.r.instrumentation.EvoClassLoader - Error while loading class: java.lang.NoClassDefFoundError: org/springframework/beans/PropertyAccessException
23:36:14.193 [main] ERROR o.e.r.c.ClassStateSupport - Could not initialize org.springframework.beans.TypeMismatchException: org/springframework/beans/PropertyAccessException
23:36:14.193 [main] INFO  o.e.r.instrumentation.EvoClassLoader - Seeing class for first time: org.springframework.boot.context.config.RandomValuePropertySource
23:36:14.193 [main] INFO  o.e.r.instrumentation.EvoClassLoader - Instrumenting class 'org.springframework.boot.context.config.RandomValuePropertySource'.
23:36:14.194 [main] INFO  o.e.r.i.MethodCallReplacementClassAdapter - Adding mock interface to class org/springframework/boot/context/config/RandomValuePropertySource
23:36:14.195 [main] INFO  o.e.r.i.CreateClassResetClassAdapter - Found static initializer in class org/springframework/boot/context/config/RandomValuePropertySource
23:36:14.195 [main] INFO  o.e.r.i.MethodCallReplacementClassAdapter - No hashCode defined for: org/springframework/boot/context/config/RandomValuePropertySource, superclass = org.springframework.core.env.PropertySource
23:36:14.195 [main] DEBUG o.e.r.agent.TransformerForTests - Going to instrument: org.springframework.boot.context.config.RandomValuePropertySource
23:36:14.196 [main] INFO  o.e.r.i.CreateClassResetClassAdapter - Found static initializer in class org/springframework/boot/context/config/RandomValuePropertySource
23:36:14.196 [main] INFO  o.e.r.i.MethodCallReplacementClassAdapter - No hashCode defined for: org/springframework/boot/context/config/RandomValuePropertySource, superclass = org.springframework.core.env.PropertySource
23:36:14.196 [main] INFO  o.e.r.instrumentation.EvoClassLoader - Error while loading class: java.lang.ClassFormatError: Duplicate method name&signature in class file org/springframework/boot/context/config/RandomValuePropertySource
23:36:14.196 [main] ERROR o.e.r.c.ClassStateSupport - Could not initialize org.springframework.boot.context.config.RandomValuePropertySource: Duplicate method name&signature in class file org/springframework/boot/context/config/RandomValuePropertySource
23:36:14.196 [main] INFO  o.e.r.instrumentation.EvoClassLoader - Seeing class for first time: org.springframework.core.env.CompositePropertySource
23:36:14.196 [main] INFO  o.e.r.instrumentation.EvoClassLoader - Instrumenting class 'org.springframework.core.env.CompositePropertySource'.
23:36:14.197 [main] INFO  o.e.r.i.MethodCallReplacementClassAdapter - Adding mock interface to class org/springframework/core/env/CompositePropertySource
23:36:14.198 [main] INFO  o.e.r.i.MethodCallReplacementClassAdapter - No hashCode defined for: org/springframework/core/env/CompositePropertySource, superclass = org.springframework.core.env.EnumerablePropertySource
23:36:14.198 [main] INFO  o.e.r.i.CreateClassResetClassAdapter - Creating brand-new static initializer in class org/springframework/core/env/CompositePropertySource
23:36:14.198 [main] DEBUG o.e.r.agent.TransformerForTests - Going to instrument: org.springframework.core.env.CompositePropertySource
23:36:14.199 [main] INFO  o.e.r.i.MethodCallReplacementClassAdapter - No hashCode defined for: org/springframework/core/env/CompositePropertySource, superclass = org.springframework.core.env.EnumerablePropertySource
23:36:14.199 [main] INFO  o.e.r.instrumentation.EvoClassLoader - Keeping class: org.springframework.core.env.CompositePropertySource
23:36:14.200 [main] INFO  o.e.r.instrumentation.EvoClassLoader - Seeing class for first time: org.springframework.boot.SpringBootExceptionHandler
23:36:14.200 [main] INFO  o.e.r.instrumentation.EvoClassLoader - Instrumenting class 'org.springframework.boot.SpringBootExceptionHandler'.
23:36:14.200 [main] INFO  o.e.r.i.MethodCallReplacementClassAdapter - Adding mock interface to class org/springframework/boot/SpringBootExceptionHandler
23:36:14.201 [main] INFO  o.e.r.i.CreateClassResetClassAdapter - Found static initializer in class org/springframework/boot/SpringBootExceptionHandler
23:36:14.201 [main] INFO  o.e.r.i.MethodCallReplacementClassAdapter - No hashCode defined for: org/springframework/boot/SpringBootExceptionHandler, superclass = java.lang.Object
23:36:14.203 [main] DEBUG o.e.r.agent.TransformerForTests - Going to instrument: org.springframework.boot.SpringBootExceptionHandler
23:36:14.204 [main] INFO  o.e.r.i.CreateClassResetClassAdapter - Found static initializer in class org/springframework/boot/SpringBootExceptionHandler
23:36:14.204 [main] INFO  o.e.r.instrumentation.EvoClassLoader - Error while loading class: java.lang.ClassFormatError: Duplicate method name&signature in class file org/springframework/boot/SpringBootExceptionHandler
23:36:14.204 [main] ERROR o.e.r.c.ClassStateSupport - Could not initialize org.springframework.boot.SpringBootExceptionHandler: Duplicate method name&signature in class file org/springframework/boot/SpringBootExceptionHandler
23:36:14.204 [main] INFO  o.e.r.instrumentation.EvoClassLoader - Seeing class for first time: org.springframework.core.convert.support.GenericConversionService$NoOpConverter
23:36:14.204 [main] INFO  o.e.r.instrumentation.EvoClassLoader - Instrumenting class 'org.springframework.core.convert.support.GenericConversionService$NoOpConverter'.
23:36:14.205 [main] INFO  o.e.r.i.MethodCallReplacementClassAdapter - Adding mock interface to class org/springframework/core/convert/support/GenericConversionService$NoOpConverter
23:36:14.205 [main] INFO  o.e.r.i.MethodCallReplacementClassAdapter - No hashCode defined for: org/springframework/core/convert/support/GenericConversionService$NoOpConverter, superclass = java.lang.Object
23:36:14.205 [main] INFO  o.e.r.i.CreateClassResetClassAdapter - Creating brand-new static initializer in class org/springframework/core/convert/support/GenericConversionService$NoOpConverter
23:36:14.205 [main] DEBUG o.e.r.agent.TransformerForTests - Going to instrument: org.springframework.core.convert.support.GenericConversionService$NoOpConverter
23:36:14.206 [main] INFO  o.e.r.instrumentation.EvoClassLoader - Keeping class: org.springframework.core.convert.support.GenericConversionService$NoOpConverter
23:36:14.206 [main] INFO  o.e.r.instrumentation.EvoClassLoader - Seeing class for first time: org.springframework.boot.bind.RelaxedDataBinder$BeanPath
23:36:14.206 [main] INFO  o.e.r.instrumentation.EvoClassLoader - Instrumenting class 'org.springframework.boot.bind.RelaxedDataBinder$BeanPath'.
23:36:14.206 [main] INFO  o.e.r.i.MethodCallReplacementClassAdapter - Adding mock interface to class org/springframework/boot/bind/RelaxedDataBinder$BeanPath
23:36:14.208 [main] INFO  o.e.r.i.MethodCallReplacementClassAdapter - No hashCode defined for: org/springframework/boot/bind/RelaxedDataBinder$BeanPath, superclass = java.lang.Object
23:36:14.208 [main] INFO  o.e.r.i.CreateClassResetClassAdapter - Creating brand-new static initializer in class org/springframework/boot/bind/RelaxedDataBinder$BeanPath
23:36:14.208 [main] DEBUG o.e.r.agent.TransformerForTests - Going to instrument: org.springframework.boot.bind.RelaxedDataBinder$BeanPath
23:36:14.210 [main] INFO  o.e.r.instrumentation.EvoClassLoader - Keeping class: org.springframework.boot.bind.RelaxedDataBinder$BeanPath
23:36:14.210 [main] INFO  o.e.r.instrumentation.EvoClassLoader - Seeing class for first time: org.springframework.boot.bind.RelaxedDataBinder$BeanPath$PathNode
23:36:14.210 [main] INFO  o.e.r.instrumentation.EvoClassLoader - Instrumenting class 'org.springframework.boot.bind.RelaxedDataBinder$BeanPath$PathNode'.
23:36:14.210 [main] INFO  o.e.r.i.MethodCallReplacementClassAdapter - Adding mock interface to class org/springframework/boot/bind/RelaxedDataBinder$BeanPath$PathNode
23:36:14.210 [main] INFO  o.e.r.i.MethodCallReplacementClassAdapter - No hashCode defined for: org/springframework/boot/bind/RelaxedDataBinder$BeanPath$PathNode, superclass = java.lang.Object
23:36:14.210 [main] INFO  o.e.r.i.CreateClassResetClassAdapter - Creating brand-new static initializer in class org/springframework/boot/bind/RelaxedDataBinder$BeanPath$PathNode
23:36:14.210 [main] DEBUG o.e.r.agent.TransformerForTests - Going to instrument: org.springframework.boot.bind.RelaxedDataBinder$BeanPath$PathNode
23:36:14.211 [main] INFO  o.e.r.instrumentation.EvoClassLoader - Keeping class: org.springframework.boot.bind.RelaxedDataBinder$BeanPath$PathNode
23:36:14.211 [main] INFO  o.e.r.instrumentation.EvoClassLoader - Seeing class for first time: org.springframework.boot.bind.RelaxedDataBinder$BeanPath$MapIndexNode
23:36:14.211 [main] INFO  o.e.r.instrumentation.EvoClassLoader - Instrumenting class 'org.springframework.boot.bind.RelaxedDataBinder$BeanPath$MapIndexNode'.
23:36:14.211 [main] INFO  o.e.r.i.MethodCallReplacementClassAdapter - Adding mock interface to class org/springframework/boot/bind/RelaxedDataBinder$BeanPath$MapIndexNode
23:36:14.211 [main] INFO  o.e.r.i.MethodCallReplacementClassAdapter - No hashCode defined for: org/springframework/boot/bind/RelaxedDataBinder$BeanPath$MapIndexNode, superclass = org.springframework.boot.bind.RelaxedDataBinder$BeanPath$PathNode
23:36:14.211 [main] INFO  o.e.r.i.CreateClassResetClassAdapter - Creating brand-new static initializer in class org/springframework/boot/bind/RelaxedDataBinder$BeanPath$MapIndexNode
23:36:14.211 [main] DEBUG o.e.r.agent.TransformerForTests - Going to instrument: org.springframework.boot.bind.RelaxedDataBinder$BeanPath$MapIndexNode
23:36:14.211 [main] INFO  o.e.r.i.MethodCallReplacementClassAdapter - No hashCode defined for: org/springframework/boot/bind/RelaxedDataBinder$BeanPath$MapIndexNode, superclass = org.springframework.boot.bind.RelaxedDataBinder$BeanPath$PathNode
23:36:14.211 [main] INFO  o.e.r.instrumentation.EvoClassLoader - Keeping class: org.springframework.boot.bind.RelaxedDataBinder$BeanPath$MapIndexNode
23:36:14.211 [main] INFO  o.e.r.instrumentation.EvoClassLoader - Seeing class for first time: org.springframework.core.convert.support.ObjectToArrayConverter
23:36:14.211 [main] INFO  o.e.r.instrumentation.EvoClassLoader - Instrumenting class 'org.springframework.core.convert.support.ObjectToArrayConverter'.
23:36:14.212 [main] INFO  o.e.r.i.MethodCallReplacementClassAdapter - Adding mock interface to class org/springframework/core/convert/support/ObjectToArrayConverter
23:36:14.212 [main] INFO  o.e.r.i.MethodCallReplacementClassAdapter - No hashCode defined for: org/springframework/core/convert/support/ObjectToArrayConverter, superclass = java.lang.Object
23:36:14.212 [main] INFO  o.e.r.i.CreateClassResetClassAdapter - Creating brand-new static initializer in class org/springframework/core/convert/support/ObjectToArrayConverter
23:36:14.212 [main] DEBUG o.e.r.agent.TransformerForTests - Going to instrument: org.springframework.core.convert.support.ObjectToArrayConverter
23:36:14.213 [main] INFO  o.e.r.instrumentation.EvoClassLoader - Keeping class: org.springframework.core.convert.support.ObjectToArrayConverter
23:36:14.213 [main] INFO  o.e.r.instrumentation.EvoClassLoader - Seeing class for first time: org.springframework.util.CollectionUtils
23:36:14.213 [main] INFO  o.e.r.instrumentation.EvoClassLoader - Instrumenting class 'org.springframework.util.CollectionUtils'.
23:36:14.215 [main] INFO  o.e.r.i.MethodCallReplacementClassAdapter - Adding mock interface to class org/springframework/util/CollectionUtils
23:36:14.217 [main] INFO  o.e.r.i.MethodCallReplacementClassAdapter - No hashCode defined for: org/springframework/util/CollectionUtils, superclass = java.lang.Object
23:36:14.217 [main] INFO  o.e.r.i.CreateClassResetClassAdapter - Creating brand-new static initializer in class org/springframework/util/CollectionUtils
23:36:14.217 [main] DEBUG o.e.r.agent.TransformerForTests - Going to instrument: org.springframework.util.CollectionUtils
23:36:14.220 [main] INFO  o.e.r.instrumentation.EvoClassLoader - Keeping class: org.springframework.util.CollectionUtils
23:36:14.221 [main] INFO  o.e.r.instrumentation.EvoClassLoader - Seeing class for first time: org.springframework.util.MultiValueMap
23:36:14.221 [main] INFO  o.e.r.instrumentation.EvoClassLoader - Instrumenting class 'org.springframework.util.MultiValueMap'.
23:36:14.222 [main] DEBUG o.e.r.agent.TransformerForTests - Going to instrument: org.springframework.util.MultiValueMap
23:36:14.222 [main] INFO  o.e.r.instrumentation.EvoClassLoader - Keeping class: org.springframework.util.MultiValueMap
23:36:14.222 [main] INFO  o.e.r.instrumentation.EvoClassLoader - Seeing class for first time: org.springframework.boot.bind.RelaxedNames$Manipulation$4
23:36:14.222 [main] INFO  o.e.r.instrumentation.EvoClassLoader - Instrumenting class 'org.springframework.boot.bind.RelaxedNames$Manipulation$4'.
23:36:14.223 [main] INFO  o.e.r.i.MethodCallReplacementClassAdapter - Adding mock interface to class org/springframework/boot/bind/RelaxedNames$Manipulation$4
23:36:14.223 [main] INFO  o.e.r.i.MethodCallReplacementClassAdapter - No hashCode defined for: org/springframework/boot/bind/RelaxedNames$Manipulation$4, superclass = org.springframework.boot.bind.RelaxedNames$Manipulation
23:36:14.223 [main] DEBUG o.e.r.agent.TransformerForTests - Going to instrument: org.springframework.boot.bind.RelaxedNames$Manipulation$4
23:36:14.223 [main] INFO  o.e.r.i.MethodCallReplacementClassAdapter - No hashCode defined for: org/springframework/boot/bind/RelaxedNames$Manipulation$4, superclass = org.springframework.boot.bind.RelaxedNames$Manipulation
23:36:14.223 [main] INFO  o.e.r.instrumentation.EvoClassLoader - Seeing class for first time: org.springframework.boot.bind.RelaxedNames$Manipulation
23:36:14.223 [main] INFO  o.e.r.instrumentation.EvoClassLoader - Instrumenting class 'org.springframework.boot.bind.RelaxedNames$Manipulation'.
23:36:14.224 [main] INFO  o.e.r.i.MethodCallReplacementClassAdapter - Adding mock interface to class org/springframework/boot/bind/RelaxedNames$Manipulation
23:36:14.224 [main] INFO  o.e.r.i.CreateClassResetClassAdapter - Found static initializer in class org/springframework/boot/bind/RelaxedNames$Manipulation
23:36:14.224 [main] INFO  o.e.r.i.MethodCallReplacementClassAdapter - No hashCode defined for: org/springframework/boot/bind/RelaxedNames$Manipulation, superclass = java.lang.Enum
23:36:14.224 [main] DEBUG o.e.r.agent.TransformerForTests - Going to instrument: org.springframework.boot.bind.RelaxedNames$Manipulation
23:36:14.225 [main] INFO  o.e.r.i.CreateClassResetClassAdapter - Found static initializer in class org/springframework/boot/bind/RelaxedNames$Manipulation
23:36:14.225 [main] INFO  o.e.r.i.MethodCallReplacementClassAdapter - No hashCode defined for: org/springframework/boot/bind/RelaxedNames$Manipulation, superclass = java.lang.Enum
23:36:14.225 [main] INFO  o.e.r.instrumentation.EvoClassLoader - Error while loading class: java.lang.ClassFormatError: Duplicate method name&signature in class file org/springframework/boot/bind/RelaxedNames$Manipulation
23:36:14.225 [main] INFO  o.e.r.instrumentation.EvoClassLoader - Error while loading class: java.lang.NoClassDefFoundError: org/springframework/boot/bind/RelaxedNames$Manipulation
23:36:14.227 [main] ERROR o.e.r.c.ClassStateSupport - Could not initialize org.springframework.boot.bind.RelaxedNames$Manipulation$4: org/springframework/boot/bind/RelaxedNames$Manipulation
23:36:14.227 [main] INFO  o.e.r.instrumentation.EvoClassLoader - Seeing class for first time: org.springframework.boot.bind.RelaxedNames$Manipulation$5
23:36:14.227 [main] INFO  o.e.r.instrumentation.EvoClassLoader - Instrumenting class 'org.springframework.boot.bind.RelaxedNames$Manipulation$5'.
23:36:14.228 [main] INFO  o.e.r.i.MethodCallReplacementClassAdapter - Adding mock interface to class org/springframework/boot/bind/RelaxedNames$Manipulation$5
23:36:14.228 [main] INFO  o.e.r.i.MethodCallReplacementClassAdapter - No hashCode defined for: org/springframework/boot/bind/RelaxedNames$Manipulation$5, superclass = org.springframework.boot.bind.RelaxedNames$Manipulation
23:36:14.228 [main] DEBUG o.e.r.agent.TransformerForTests - Going to instrument: org.springframework.boot.bind.RelaxedNames$Manipulation$5
23:36:14.228 [main] INFO  o.e.r.i.MethodCallReplacementClassAdapter - No hashCode defined for: org/springframework/boot/bind/RelaxedNames$Manipulation$5, superclass = org.springframework.boot.bind.RelaxedNames$Manipulation
23:36:14.228 [main] INFO  o.e.r.instrumentation.EvoClassLoader - Seeing class for first time: org.springframework.boot.bind.RelaxedNames$Manipulation
23:36:14.228 [main] INFO  o.e.r.instrumentation.EvoClassLoader - Instrumenting class 'org.springframework.boot.bind.RelaxedNames$Manipulation'.
23:36:14.229 [main] INFO  o.e.r.i.MethodCallReplacementClassAdapter - Adding mock interface to class org/springframework/boot/bind/RelaxedNames$Manipulation
23:36:14.229 [main] INFO  o.e.r.i.CreateClassResetClassAdapter - Found static initializer in class org/springframework/boot/bind/RelaxedNames$Manipulation
23:36:14.229 [main] INFO  o.e.r.i.MethodCallReplacementClassAdapter - No hashCode defined for: org/springframework/boot/bind/RelaxedNames$Manipulation, superclass = java.lang.Enum
23:36:14.229 [main] DEBUG o.e.r.agent.TransformerForTests - Going to instrument: org.springframework.boot.bind.RelaxedNames$Manipulation
23:36:14.230 [main] INFO  o.e.r.i.CreateClassResetClassAdapter - Found static initializer in class org/springframework/boot/bind/RelaxedNames$Manipulation
23:36:14.230 [main] INFO  o.e.r.i.MethodCallReplacementClassAdapter - No hashCode defined for: org/springframework/boot/bind/RelaxedNames$Manipulation, superclass = java.lang.Enum
23:36:14.230 [main] INFO  o.e.r.instrumentation.EvoClassLoader - Error while loading class: java.lang.ClassFormatError: Duplicate method name&signature in class file org/springframework/boot/bind/RelaxedNames$Manipulation
23:36:14.230 [main] INFO  o.e.r.instrumentation.EvoClassLoader - Error while loading class: java.lang.NoClassDefFoundError: org/springframework/boot/bind/RelaxedNames$Manipulation
23:36:14.230 [main] ERROR o.e.r.c.ClassStateSupport - Could not initialize org.springframework.boot.bind.RelaxedNames$Manipulation$5: org/springframework/boot/bind/RelaxedNames$Manipulation
23:36:14.230 [main] INFO  o.e.r.instrumentation.EvoClassLoader - Seeing class for first time: org.springframework.boot.bind.RelaxedNames$Manipulation$6
23:36:14.230 [main] INFO  o.e.r.instrumentation.EvoClassLoader - Instrumenting class 'org.springframework.boot.bind.RelaxedNames$Manipulation$6'.
23:36:14.231 [main] INFO  o.e.r.i.MethodCallReplacementClassAdapter - Adding mock interface to class org/springframework/boot/bind/RelaxedNames$Manipulation$6
23:36:14.231 [main] INFO  o.e.r.i.MethodCallReplacementClassAdapter - No hashCode defined for: org/springframework/boot/bind/RelaxedNames$Manipulation$6, superclass = org.springframework.boot.bind.RelaxedNames$Manipulation
23:36:14.231 [main] DEBUG o.e.r.agent.TransformerForTests - Going to instrument: org.springframework.boot.bind.RelaxedNames$Manipulation$6
23:36:14.231 [main] INFO  o.e.r.i.MethodCallReplacementClassAdapter - No hashCode defined for: org/springframework/boot/bind/RelaxedNames$Manipulation$6, superclass = org.springframework.boot.bind.RelaxedNames$Manipulation
23:36:14.232 [main] INFO  o.e.r.instrumentation.EvoClassLoader - Seeing class for first time: org.springframework.boot.bind.RelaxedNames$Manipulation
23:36:14.232 [main] INFO  o.e.r.instrumentation.EvoClassLoader - Instrumenting class 'org.springframework.boot.bind.RelaxedNames$Manipulation'.
23:36:14.233 [main] INFO  o.e.r.i.MethodCallReplacementClassAdapter - Adding mock interface to class org/springframework/boot/bind/RelaxedNames$Manipulation
23:36:14.233 [main] INFO  o.e.r.i.CreateClassResetClassAdapter - Found static initializer in class org/springframework/boot/bind/RelaxedNames$Manipulation
23:36:14.233 [main] INFO  o.e.r.i.MethodCallReplacementClassAdapter - No hashCode defined for: org/springframework/boot/bind/RelaxedNames$Manipulation, superclass = java.lang.Enum
23:36:14.233 [main] DEBUG o.e.r.agent.TransformerForTests - Going to instrument: org.springframework.boot.bind.RelaxedNames$Manipulation
23:36:14.234 [main] INFO  o.e.r.i.CreateClassResetClassAdapter - Found static initializer in class org/springframework/boot/bind/RelaxedNames$Manipulation
23:36:14.234 [main] INFO  o.e.r.i.MethodCallReplacementClassAdapter - No hashCode defined for: org/springframework/boot/bind/RelaxedNames$Manipulation, superclass = java.lang.Enum
23:36:14.234 [main] INFO  o.e.r.instrumentation.EvoClassLoader - Error while loading class: java.lang.ClassFormatError: Duplicate method name&signature in class file org/springframework/boot/bind/RelaxedNames$Manipulation
23:36:14.234 [main] INFO  o.e.r.instrumentation.EvoClassLoader - Error while loading class: java.lang.NoClassDefFoundError: org/springframework/boot/bind/RelaxedNames$Manipulation
23:36:14.234 [main] ERROR o.e.r.c.ClassStateSupport - Could not initialize org.springframework.boot.bind.RelaxedNames$Manipulation$6: org/springframework/boot/bind/RelaxedNames$Manipulation
23:36:14.234 [main] INFO  o.e.r.instrumentation.EvoClassLoader - Seeing class for first time: org.springframework.core.convert.support.EnumToStringConverter
23:36:14.234 [main] INFO  o.e.r.instrumentation.EvoClassLoader - Instrumenting class 'org.springframework.core.convert.support.EnumToStringConverter'.
23:36:14.235 [main] INFO  o.e.r.i.MethodCallReplacementClassAdapter - Adding mock interface to class org/springframework/core/convert/support/EnumToStringConverter
23:36:14.236 [main] INFO  o.e.r.i.MethodCallReplacementClassAdapter - No hashCode defined for: org/springframework/core/convert/support/EnumToStringConverter, superclass = java.lang.Object
23:36:14.236 [main] INFO  o.e.r.i.CreateClassResetClassAdapter - Creating brand-new static initializer in class org/springframework/core/convert/support/EnumToStringConverter
23:36:14.236 [main] DEBUG o.e.r.agent.TransformerForTests - Going to instrument: org.springframework.core.convert.support.EnumToStringConverter
23:36:14.236 [main] INFO  o.e.r.instrumentation.EvoClassLoader - Keeping class: org.springframework.core.convert.support.EnumToStringConverter
23:36:14.237 [main] INFO  o.e.r.instrumentation.EvoClassLoader - Seeing class for first time: org.apache.commons.logging.LogFactory
23:36:14.237 [main] INFO  o.e.r.instrumentation.EvoClassLoader - Instrumenting class 'org.apache.commons.logging.LogFactory'.
23:36:14.241 [main] INFO  o.e.r.i.MethodCallReplacementClassAdapter - Adding mock interface to class org/apache/commons/logging/LogFactory
23:36:14.242 [main] INFO  o.e.r.i.CreateClassResetClassAdapter - Found static initializer in class org/apache/commons/logging/LogFactory
23:36:14.242 [main] INFO  o.e.r.i.MethodCallReplacementClassAdapter - No hashCode defined for: org/apache/commons/logging/LogFactory, superclass = java.lang.Object
23:36:14.242 [main] DEBUG o.e.r.agent.TransformerForTests - Going to instrument: org.apache.commons.logging.LogFactory
23:36:14.243 [main] INFO  o.e.r.i.CreateClassResetClassAdapter - Found static initializer in class org/apache/commons/logging/LogFactory
23:36:14.243 [main] INFO  o.e.r.instrumentation.EvoClassLoader - Error while loading class: java.lang.ClassFormatError: Duplicate method name&signature in class file org/apache/commons/logging/LogFactory
23:36:14.243 [main] INFO  o.e.r.instrumentation.EvoClassLoader - Seeing class for first time: org.springframework.boot.bind.RelaxedNames$Manipulation$7
23:36:14.243 [main] INFO  o.e.r.instrumentation.EvoClassLoader - Instrumenting class 'org.springframework.boot.bind.RelaxedNames$Manipulation$7'.
23:36:14.244 [main] INFO  o.e.r.i.MethodCallReplacementClassAdapter - Adding mock interface to class org/springframework/boot/bind/RelaxedNames$Manipulation$7
23:36:14.244 [main] INFO  o.e.r.i.MethodCallReplacementClassAdapter - No hashCode defined for: org/springframework/boot/bind/RelaxedNames$Manipulation$7, superclass = org.springframework.boot.bind.RelaxedNames$Manipulation
23:36:14.244 [main] DEBUG o.e.r.agent.TransformerForTests - Going to instrument: org.springframework.boot.bind.RelaxedNames$Manipulation$7
23:36:14.244 [main] INFO  o.e.r.i.MethodCallReplacementClassAdapter - No hashCode defined for: org/springframework/boot/bind/RelaxedNames$Manipulation$7, superclass = org.springframework.boot.bind.RelaxedNames$Manipulation
23:36:14.244 [main] INFO  o.e.r.instrumentation.EvoClassLoader - Seeing class for first time: org.springframework.boot.bind.RelaxedNames$Manipulation
23:36:14.244 [main] INFO  o.e.r.instrumentation.EvoClassLoader - Instrumenting class 'org.springframework.boot.bind.RelaxedNames$Manipulation'.
23:36:14.245 [main] INFO  o.e.r.i.MethodCallReplacementClassAdapter - Adding mock interface to class org/springframework/boot/bind/RelaxedNames$Manipulation
23:36:14.245 [main] INFO  o.e.r.i.CreateClassResetClassAdapter - Found static initializer in class org/springframework/boot/bind/RelaxedNames$Manipulation
23:36:14.245 [main] INFO  o.e.r.i.MethodCallReplacementClassAdapter - No hashCode defined for: org/springframework/boot/bind/RelaxedNames$Manipulation, superclass = java.lang.Enum
23:36:14.245 [main] DEBUG o.e.r.agent.TransformerForTests - Going to instrument: org.springframework.boot.bind.RelaxedNames$Manipulation
23:36:14.246 [main] INFO  o.e.r.i.CreateClassResetClassAdapter - Found static initializer in class org/springframework/boot/bind/RelaxedNames$Manipulation
23:36:14.247 [main] INFO  o.e.r.i.MethodCallReplacementClassAdapter - No hashCode defined for: org/springframework/boot/bind/RelaxedNames$Manipulation, superclass = java.lang.Enum
23:36:14.247 [main] INFO  o.e.r.instrumentation.EvoClassLoader - Error while loading class: java.lang.ClassFormatError: Duplicate method name&signature in class file org/springframework/boot/bind/RelaxedNames$Manipulation
23:36:14.247 [main] INFO  o.e.r.instrumentation.EvoClassLoader - Error while loading class: java.lang.NoClassDefFoundError: org/springframework/boot/bind/RelaxedNames$Manipulation
23:36:14.247 [main] ERROR o.e.r.c.ClassStateSupport - Could not initialize org.springframework.boot.bind.RelaxedNames$Manipulation$7: org/springframework/boot/bind/RelaxedNames$Manipulation
23:36:14.247 [main] INFO  o.e.r.instrumentation.EvoClassLoader - Seeing class for first time: org.springframework.util.ConcurrentReferenceHashMap$Task
23:36:14.247 [main] INFO  o.e.r.instrumentation.EvoClassLoader - Instrumenting class 'org.springframework.util.ConcurrentReferenceHashMap$Task'.
23:36:14.248 [main] INFO  o.e.r.i.MethodCallReplacementClassAdapter - Adding mock interface to class org/springframework/util/ConcurrentReferenceHashMap$Task
23:36:14.248 [main] INFO  o.e.r.i.MethodCallReplacementClassAdapter - No hashCode defined for: org/springframework/util/ConcurrentReferenceHashMap$Task, superclass = java.lang.Object
23:36:14.248 [main] INFO  o.e.r.i.CreateClassResetClassAdapter - Creating brand-new static initializer in class org/springframework/util/ConcurrentReferenceHashMap$Task
23:36:14.248 [main] DEBUG o.e.r.agent.TransformerForTests - Going to instrument: org.springframework.util.ConcurrentReferenceHashMap$Task
23:36:14.249 [main] INFO  o.e.r.instrumentation.EvoClassLoader - Keeping class: org.springframework.util.ConcurrentReferenceHashMap$Task
23:36:14.249 [main] INFO  o.e.r.instrumentation.EvoClassLoader - Seeing class for first time: org.springframework.util.ConcurrentReferenceHashMap$TaskOption
23:36:14.249 [main] INFO  o.e.r.instrumentation.EvoClassLoader - Instrumenting class 'org.springframework.util.ConcurrentReferenceHashMap$TaskOption'.
23:36:14.250 [main] INFO  o.e.r.i.MethodCallReplacementClassAdapter - Adding mock interface to class org/springframework/util/ConcurrentReferenceHashMap$TaskOption
23:36:14.250 [main] INFO  o.e.r.i.CreateClassResetClassAdapter - Found static initializer in class org/springframework/util/ConcurrentReferenceHashMap$TaskOption
23:36:14.250 [main] INFO  o.e.r.i.MethodCallReplacementClassAdapter - No hashCode defined for: org/springframework/util/ConcurrentReferenceHashMap$TaskOption, superclass = java.lang.Enum
23:36:14.250 [main] DEBUG o.e.r.agent.TransformerForTests - Going to instrument: org.springframework.util.ConcurrentReferenceHashMap$TaskOption
23:36:14.250 [main] INFO  o.e.r.i.CreateClassResetClassAdapter - Found static initializer in class org/springframework/util/ConcurrentReferenceHashMap$TaskOption
23:36:14.251 [main] INFO  o.e.r.i.MethodCallReplacementClassAdapter - No hashCode defined for: org/springframework/util/ConcurrentReferenceHashMap$TaskOption, superclass = java.lang.Enum
23:36:14.251 [main] INFO  o.e.r.instrumentation.EvoClassLoader - Error while loading class: java.lang.ClassFormatError: Duplicate method name&signature in class file org/springframework/util/ConcurrentReferenceHashMap$TaskOption
23:36:14.251 [main] INFO  o.e.r.instrumentation.EvoClassLoader - Seeing class for first time: org.springframework.core.env.PropertySourcesPropertyResolver
23:36:14.251 [main] INFO  o.e.r.instrumentation.EvoClassLoader - Instrumenting class 'org.springframework.core.env.PropertySourcesPropertyResolver'.
23:36:14.252 [main] INFO  o.e.r.i.MethodCallReplacementClassAdapter - Adding mock interface to class org/springframework/core/env/PropertySourcesPropertyResolver
23:36:14.254 [main] INFO  o.e.r.i.MethodCallReplacementClassAdapter - No hashCode defined for: org/springframework/core/env/PropertySourcesPropertyResolver, superclass = org.springframework.core.env.AbstractPropertyResolver
23:36:14.254 [main] INFO  o.e.r.i.CreateClassResetClassAdapter - Creating brand-new static initializer in class org/springframework/core/env/PropertySourcesPropertyResolver
23:36:14.254 [main] DEBUG o.e.r.agent.TransformerForTests - Going to instrument: org.springframework.core.env.PropertySourcesPropertyResolver
23:36:14.256 [main] INFO  o.e.r.i.MethodCallReplacementClassAdapter - No hashCode defined for: org/springframework/core/env/PropertySourcesPropertyResolver, superclass = org.springframework.core.env.AbstractPropertyResolver
23:36:14.256 [main] INFO  o.e.r.instrumentation.EvoClassLoader - Keeping class: org.springframework.core.env.PropertySourcesPropertyResolver
23:36:14.257 [main] INFO  o.e.r.instrumentation.EvoClassLoader - Seeing class for first time: org.springframework.core.env.PropertySourcesPropertyResolver$ClassConversionException
23:36:14.257 [main] INFO  o.e.r.instrumentation.EvoClassLoader - Instrumenting class 'org.springframework.core.env.PropertySourcesPropertyResolver$ClassConversionException'.
23:36:14.258 [main] INFO  o.e.r.i.MethodCallReplacementClassAdapter - Adding mock interface to class org/springframework/core/env/PropertySourcesPropertyResolver$ClassConversionException
23:36:14.258 [main] INFO  o.e.r.i.MethodCallReplacementClassAdapter - No hashCode defined for: org/springframework/core/env/PropertySourcesPropertyResolver$ClassConversionException, superclass = org.springframework.core.convert.ConversionException
23:36:14.258 [main] INFO  o.e.r.i.CreateClassResetClassAdapter - Creating brand-new static initializer in class org/springframework/core/env/PropertySourcesPropertyResolver$ClassConversionException
23:36:14.258 [main] DEBUG o.e.r.agent.TransformerForTests - Going to instrument: org.springframework.core.env.PropertySourcesPropertyResolver$ClassConversionException
23:36:14.258 [main] INFO  o.e.r.i.MethodCallReplacementClassAdapter - No hashCode defined for: org/springframework/core/env/PropertySourcesPropertyResolver$ClassConversionException, superclass = org.springframework.core.convert.ConversionException
23:36:14.258 [main] INFO  o.e.r.instrumentation.EvoClassLoader - Seeing class for first time: org.springframework.core.convert.ConversionException
23:36:14.258 [main] INFO  o.e.r.instrumentation.EvoClassLoader - Instrumenting class 'org.springframework.core.convert.ConversionException'.
23:36:14.259 [main] INFO  o.e.r.i.MethodCallReplacementClassAdapter - Adding mock interface to class org/springframework/core/convert/ConversionException
23:36:14.259 [main] INFO  o.e.r.i.MethodCallReplacementClassAdapter - No hashCode defined for: org/springframework/core/convert/ConversionException, superclass = org.springframework.core.NestedRuntimeException
23:36:14.259 [main] INFO  o.e.r.i.CreateClassResetClassAdapter - Creating brand-new static initializer in class org/springframework/core/convert/ConversionException
23:36:14.259 [main] DEBUG o.e.r.agent.TransformerForTests - Going to instrument: org.springframework.core.convert.ConversionException
23:36:14.259 [main] INFO  o.e.r.i.MethodCallReplacementClassAdapter - No hashCode defined for: org/springframework/core/convert/ConversionException, superclass = org.springframework.core.NestedRuntimeException
23:36:14.259 [main] INFO  o.e.r.instrumentation.EvoClassLoader - Seeing class for first time: org.springframework.core.NestedRuntimeException
23:36:14.259 [main] INFO  o.e.r.instrumentation.EvoClassLoader - Instrumenting class 'org.springframework.core.NestedRuntimeException'.
23:36:14.260 [main] INFO  o.e.r.i.MethodCallReplacementClassAdapter - Adding mock interface to class org/springframework/core/NestedRuntimeException
23:36:14.264 [main] INFO  o.e.r.i.CreateClassResetClassAdapter - Found static initializer in class org/springframework/core/NestedRuntimeException
23:36:14.264 [main] INFO  o.e.r.i.MethodCallReplacementClassAdapter - No hashCode defined for: org/springframework/core/NestedRuntimeException, superclass = java.lang.RuntimeException
23:36:14.265 [main] DEBUG o.e.r.agent.TransformerForTests - Going to instrument: org.springframework.core.NestedRuntimeException
23:36:14.266 [main] INFO  o.e.r.i.CreateClassResetClassAdapter - Found static initializer in class org/springframework/core/NestedRuntimeException
23:36:14.266 [main] INFO  o.e.r.i.MethodCallReplacementClassAdapter - No hashCode defined for: org/springframework/core/NestedRuntimeException, superclass = org.evosuite.runtime.mock.java.lang.MockRuntimeException
23:36:14.266 [main] INFO  o.e.r.instrumentation.EvoClassLoader - Error while loading class: java.lang.ClassFormatError: Duplicate method name&signature in class file org/springframework/core/NestedRuntimeException
23:36:14.266 [main] INFO  o.e.r.instrumentation.EvoClassLoader - Error while loading class: java.lang.NoClassDefFoundError: org/springframework/core/NestedRuntimeException
23:36:14.266 [main] INFO  o.e.r.instrumentation.EvoClassLoader - Error while loading class: java.lang.NoClassDefFoundError: org/springframework/core/convert/ConversionException
23:36:14.266 [main] ERROR o.e.r.c.ClassStateSupport - Could not initialize org.springframework.core.env.PropertySourcesPropertyResolver: org/springframework/core/env/PropertySourcesPropertyResolver$ClassConversionException
23:36:14.266 [main] INFO  o.e.r.instrumentation.EvoClassLoader - Seeing class for first time: org.springframework.boot.bind.RelaxedNames$Manipulation$1
23:36:14.266 [main] INFO  o.e.r.instrumentation.EvoClassLoader - Instrumenting class 'org.springframework.boot.bind.RelaxedNames$Manipulation$1'.
23:36:14.267 [main] INFO  o.e.r.i.MethodCallReplacementClassAdapter - Adding mock interface to class org/springframework/boot/bind/RelaxedNames$Manipulation$1
23:36:14.267 [main] INFO  o.e.r.i.MethodCallReplacementClassAdapter - No hashCode defined for: org/springframework/boot/bind/RelaxedNames$Manipulation$1, superclass = org.springframework.boot.bind.RelaxedNames$Manipulation
23:36:14.267 [main] DEBUG o.e.r.agent.TransformerForTests - Going to instrument: org.springframework.boot.bind.RelaxedNames$Manipulation$1
23:36:14.267 [main] INFO  o.e.r.i.MethodCallReplacementClassAdapter - No hashCode defined for: org/springframework/boot/bind/RelaxedNames$Manipulation$1, superclass = org.springframework.boot.bind.RelaxedNames$Manipulation
23:36:14.267 [main] INFO  o.e.r.instrumentation.EvoClassLoader - Seeing class for first time: org.springframework.boot.bind.RelaxedNames$Manipulation
23:36:14.267 [main] INFO  o.e.r.instrumentation.EvoClassLoader - Instrumenting class 'org.springframework.boot.bind.RelaxedNames$Manipulation'.
23:36:14.268 [main] INFO  o.e.r.i.MethodCallReplacementClassAdapter - Adding mock interface to class org/springframework/boot/bind/RelaxedNames$Manipulation
23:36:14.268 [main] INFO  o.e.r.i.CreateClassResetClassAdapter - Found static initializer in class org/springframework/boot/bind/RelaxedNames$Manipulation
23:36:14.268 [main] INFO  o.e.r.i.MethodCallReplacementClassAdapter - No hashCode defined for: org/springframework/boot/bind/RelaxedNames$Manipulation, superclass = java.lang.Enum
23:36:14.269 [main] DEBUG o.e.r.agent.TransformerForTests - Going to instrument: org.springframework.boot.bind.RelaxedNames$Manipulation
23:36:14.269 [main] INFO  o.e.r.i.CreateClassResetClassAdapter - Found static initializer in class org/springframework/boot/bind/RelaxedNames$Manipulation
23:36:14.269 [main] INFO  o.e.r.i.MethodCallReplacementClassAdapter - No hashCode defined for: org/springframework/boot/bind/RelaxedNames$Manipulation, superclass = java.lang.Enum
23:36:14.271 [main] INFO  o.e.r.instrumentation.EvoClassLoader - Error while loading class: java.lang.ClassFormatError: Duplicate method name&signature in class file org/springframework/boot/bind/RelaxedNames$Manipulation
23:36:14.271 [main] INFO  o.e.r.instrumentation.EvoClassLoader - Error while loading class: java.lang.NoClassDefFoundError: org/springframework/boot/bind/RelaxedNames$Manipulation
23:36:14.271 [main] ERROR o.e.r.c.ClassStateSupport - Could not initialize org.springframework.boot.bind.RelaxedNames$Manipulation$1: org/springframework/boot/bind/RelaxedNames$Manipulation
23:36:14.272 [main] INFO  o.e.r.instrumentation.EvoClassLoader - Seeing class for first time: org.springframework.core.convert.support.DefaultConversionService
23:36:14.272 [main] INFO  o.e.r.instrumentation.EvoClassLoader - Instrumenting class 'org.springframework.core.convert.support.DefaultConversionService'.
23:36:14.273 [main] INFO  o.e.r.i.MethodCallReplacementClassAdapter - Adding mock interface to class org/springframework/core/convert/support/DefaultConversionService
23:36:14.273 [main] INFO  o.e.r.i.CreateClassResetClassAdapter - Found static initializer in class org/springframework/core/convert/support/DefaultConversionService
23:36:14.273 [main] INFO  o.e.r.i.MethodCallReplacementClassAdapter - No hashCode defined for: org/springframework/core/convert/support/DefaultConversionService, superclass = org.springframework.core.convert.support.GenericConversionService
23:36:14.273 [main] DEBUG o.e.r.agent.TransformerForTests - Going to instrument: org.springframework.core.convert.support.DefaultConversionService
23:36:14.274 [main] INFO  o.e.r.i.CreateClassResetClassAdapter - Found static initializer in class org/springframework/core/convert/support/DefaultConversionService
23:36:14.274 [main] INFO  o.e.r.i.MethodCallReplacementClassAdapter - No hashCode defined for: org/springframework/core/convert/support/DefaultConversionService, superclass = org.springframework.core.convert.support.GenericConversionService
23:36:14.274 [main] INFO  o.e.r.instrumentation.EvoClassLoader - Error while loading class: java.lang.ClassFormatError: Duplicate method name&signature in class file org/springframework/core/convert/support/DefaultConversionService
23:36:14.274 [main] INFO  o.e.r.instrumentation.EvoClassLoader - Seeing class for first time: org.springframework.boot.bind.RelaxedNames$Manipulation$2
23:36:14.274 [main] INFO  o.e.r.instrumentation.EvoClassLoader - Instrumenting class 'org.springframework.boot.bind.RelaxedNames$Manipulation$2'.
23:36:14.275 [main] INFO  o.e.r.i.MethodCallReplacementClassAdapter - Adding mock interface to class org/springframework/boot/bind/RelaxedNames$Manipulation$2
23:36:14.275 [main] INFO  o.e.r.i.MethodCallReplacementClassAdapter - No hashCode defined for: org/springframework/boot/bind/RelaxedNames$Manipulation$2, superclass = org.springframework.boot.bind.RelaxedNames$Manipulation
23:36:14.275 [main] DEBUG o.e.r.agent.TransformerForTests - Going to instrument: org.springframework.boot.bind.RelaxedNames$Manipulation$2
23:36:14.275 [main] INFO  o.e.r.i.MethodCallReplacementClassAdapter - No hashCode defined for: org/springframework/boot/bind/RelaxedNames$Manipulation$2, superclass = org.springframework.boot.bind.RelaxedNames$Manipulation
23:36:14.275 [main] INFO  o.e.r.instrumentation.EvoClassLoader - Seeing class for first time: org.springframework.boot.bind.RelaxedNames$Manipulation
23:36:14.275 [main] INFO  o.e.r.instrumentation.EvoClassLoader - Instrumenting class 'org.springframework.boot.bind.RelaxedNames$Manipulation'.
23:36:14.276 [main] INFO  o.e.r.i.MethodCallReplacementClassAdapter - Adding mock interface to class org/springframework/boot/bind/RelaxedNames$Manipulation
23:36:14.286 [main] INFO  o.e.r.i.CreateClassResetClassAdapter - Found static initializer in class org/springframework/boot/bind/RelaxedNames$Manipulation
23:36:14.286 [main] INFO  o.e.r.i.MethodCallReplacementClassAdapter - No hashCode defined for: org/springframework/boot/bind/RelaxedNames$Manipulation, superclass = java.lang.Enum
23:36:14.286 [main] DEBUG o.e.r.agent.TransformerForTests - Going to instrument: org.springframework.boot.bind.RelaxedNames$Manipulation
23:36:14.287 [main] INFO  o.e.r.i.CreateClassResetClassAdapter - Found static initializer in class org/springframework/boot/bind/RelaxedNames$Manipulation
23:36:14.287 [main] INFO  o.e.r.i.MethodCallReplacementClassAdapter - No hashCode defined for: org/springframework/boot/bind/RelaxedNames$Manipulation, superclass = java.lang.Enum
23:36:14.292 [main] INFO  o.e.r.instrumentation.EvoClassLoader - Error while loading class: java.lang.ClassFormatError: Duplicate method name&signature in class file org/springframework/boot/bind/RelaxedNames$Manipulation
23:36:14.292 [main] INFO  o.e.r.instrumentation.EvoClassLoader - Error while loading class: java.lang.NoClassDefFoundError: org/springframework/boot/bind/RelaxedNames$Manipulation
23:36:14.292 [main] ERROR o.e.r.c.ClassStateSupport - Could not initialize org.springframework.boot.bind.RelaxedNames$Manipulation$2: org/springframework/boot/bind/RelaxedNames$Manipulation
23:36:14.292 [main] INFO  o.e.r.instrumentation.EvoClassLoader - Seeing class for first time: org.springframework.boot.bind.RelaxedNames$Manipulation$3
23:36:14.292 [main] INFO  o.e.r.instrumentation.EvoClassLoader - Instrumenting class 'org.springframework.boot.bind.RelaxedNames$Manipulation$3'.
23:36:14.293 [main] INFO  o.e.r.i.MethodCallReplacementClassAdapter - Adding mock interface to class org/springframework/boot/bind/RelaxedNames$Manipulation$3
23:36:14.293 [main] INFO  o.e.r.i.MethodCallReplacementClassAdapter - No hashCode defined for: org/springframework/boot/bind/RelaxedNames$Manipulation$3, superclass = org.springframework.boot.bind.RelaxedNames$Manipulation
23:36:14.293 [main] DEBUG o.e.r.agent.TransformerForTests - Going to instrument: org.springframework.boot.bind.RelaxedNames$Manipulation$3
23:36:14.293 [main] INFO  o.e.r.i.MethodCallReplacementClassAdapter - No hashCode defined for: org/springframework/boot/bind/RelaxedNames$Manipulation$3, superclass = org.springframework.boot.bind.RelaxedNames$Manipulation
23:36:14.293 [main] INFO  o.e.r.instrumentation.EvoClassLoader - Seeing class for first time: org.springframework.boot.bind.RelaxedNames$Manipulation
23:36:14.293 [main] INFO  o.e.r.instrumentation.EvoClassLoader - Instrumenting class 'org.springframework.boot.bind.RelaxedNames$Manipulation'.
23:36:14.294 [main] INFO  o.e.r.i.MethodCallReplacementClassAdapter - Adding mock interface to class org/springframework/boot/bind/RelaxedNames$Manipulation
23:36:14.294 [main] INFO  o.e.r.i.CreateClassResetClassAdapter - Found static initializer in class org/springframework/boot/bind/RelaxedNames$Manipulation
23:36:14.294 [main] INFO  o.e.r.i.MethodCallReplacementClassAdapter - No hashCode defined for: org/springframework/boot/bind/RelaxedNames$Manipulation, superclass = java.lang.Enum
23:36:14.294 [main] DEBUG o.e.r.agent.TransformerForTests - Going to instrument: org.springframework.boot.bind.RelaxedNames$Manipulation
23:36:14.295 [main] INFO  o.e.r.i.CreateClassResetClassAdapter - Found static initializer in class org/springframework/boot/bind/RelaxedNames$Manipulation
23:36:14.295 [main] INFO  o.e.r.i.MethodCallReplacementClassAdapter - No hashCode defined for: org/springframework/boot/bind/RelaxedNames$Manipulation, superclass = java.lang.Enum
23:36:14.295 [main] INFO  o.e.r.instrumentation.EvoClassLoader - Error while loading class: java.lang.ClassFormatError: Duplicate method name&signature in class file org/springframework/boot/bind/RelaxedNames$Manipulation
23:36:14.295 [main] INFO  o.e.r.instrumentation.EvoClassLoader - Error while loading class: java.lang.NoClassDefFoundError: org/springframework/boot/bind/RelaxedNames$Manipulation
23:36:14.295 [main] ERROR o.e.r.c.ClassStateSupport - Could not initialize org.springframework.boot.bind.RelaxedNames$Manipulation$3: org/springframework/boot/bind/RelaxedNames$Manipulation
23:36:14.295 [main] INFO  o.e.r.instrumentation.EvoClassLoader - Seeing class for first time: org.springframework.boot.bind.RelaxedNames$Variation
23:36:14.295 [main] INFO  o.e.r.instrumentation.EvoClassLoader - Instrumenting class 'org.springframework.boot.bind.RelaxedNames$Variation'.
23:36:14.296 [main] INFO  o.e.r.i.MethodCallReplacementClassAdapter - Adding mock interface to class org/springframework/boot/bind/RelaxedNames$Variation
23:36:14.296 [main] INFO  o.e.r.i.CreateClassResetClassAdapter - Found static initializer in class org/springframework/boot/bind/RelaxedNames$Variation
23:36:14.296 [main] INFO  o.e.r.i.MethodCallReplacementClassAdapter - No hashCode defined for: org/springframework/boot/bind/RelaxedNames$Variation, superclass = java.lang.Enum
23:36:14.296 [main] DEBUG o.e.r.agent.TransformerForTests - Going to instrument: org.springframework.boot.bind.RelaxedNames$Variation
23:36:14.297 [main] INFO  o.e.r.i.CreateClassResetClassAdapter - Found static initializer in class org/springframework/boot/bind/RelaxedNames$Variation
23:36:14.297 [main] INFO  o.e.r.i.MethodCallReplacementClassAdapter - No hashCode defined for: org/springframework/boot/bind/RelaxedNames$Variation, superclass = java.lang.Enum
23:36:14.297 [main] INFO  o.e.r.instrumentation.EvoClassLoader - Error while loading class: java.lang.ClassFormatError: Duplicate method name&signature in class file org/springframework/boot/bind/RelaxedNames$Variation
23:36:14.297 [main] ERROR o.e.r.c.ClassStateSupport - Could not initialize org.springframework.boot.bind.RelaxedNames$Variation: Duplicate method name&signature in class file org/springframework/boot/bind/RelaxedNames$Variation
23:36:14.297 [main] INFO  o.e.r.instrumentation.EvoClassLoader - Seeing class for first time: org.springframework.boot.bind.RelaxedNames$Manipulation$8
23:36:14.297 [main] INFO  o.e.r.instrumentation.EvoClassLoader - Instrumenting class 'org.springframework.boot.bind.RelaxedNames$Manipulation$8'.
23:36:14.298 [main] INFO  o.e.r.i.MethodCallReplacementClassAdapter - Adding mock interface to class org/springframework/boot/bind/RelaxedNames$Manipulation$8
23:36:14.298 [main] INFO  o.e.r.i.MethodCallReplacementClassAdapter - No hashCode defined for: org/springframework/boot/bind/RelaxedNames$Manipulation$8, superclass = org.springframework.boot.bind.RelaxedNames$Manipulation
23:36:14.298 [main] DEBUG o.e.r.agent.TransformerForTests - Going to instrument: org.springframework.boot.bind.RelaxedNames$Manipulation$8
23:36:14.298 [main] INFO  o.e.r.i.MethodCallReplacementClassAdapter - No hashCode defined for: org/springframework/boot/bind/RelaxedNames$Manipulation$8, superclass = org.springframework.boot.bind.RelaxedNames$Manipulation
23:36:14.298 [main] INFO  o.e.r.instrumentation.EvoClassLoader - Seeing class for first time: org.springframework.boot.bind.RelaxedNames$Manipulation
23:36:14.298 [main] INFO  o.e.r.instrumentation.EvoClassLoader - Instrumenting class 'org.springframework.boot.bind.RelaxedNames$Manipulation'.
23:36:14.299 [main] INFO  o.e.r.i.MethodCallReplacementClassAdapter - Adding mock interface to class org/springframework/boot/bind/RelaxedNames$Manipulation
23:36:14.299 [main] INFO  o.e.r.i.CreateClassResetClassAdapter - Found static initializer in class org/springframework/boot/bind/RelaxedNames$Manipulation
23:36:14.299 [main] INFO  o.e.r.i.MethodCallReplacementClassAdapter - No hashCode defined for: org/springframework/boot/bind/RelaxedNames$Manipulation, superclass = java.lang.Enum
23:36:14.299 [main] DEBUG o.e.r.agent.TransformerForTests - Going to instrument: org.springframework.boot.bind.RelaxedNames$Manipulation
23:36:14.300 [main] INFO  o.e.r.i.CreateClassResetClassAdapter - Found static initializer in class org/springframework/boot/bind/RelaxedNames$Manipulation
23:36:14.300 [main] INFO  o.e.r.i.MethodCallReplacementClassAdapter - No hashCode defined for: org/springframework/boot/bind/RelaxedNames$Manipulation, superclass = java.lang.Enum
23:36:14.300 [main] INFO  o.e.r.instrumentation.EvoClassLoader - Error while loading class: java.lang.ClassFormatError: Duplicate method name&signature in class file org/springframework/boot/bind/RelaxedNames$Manipulation
23:36:14.300 [main] INFO  o.e.r.instrumentation.EvoClassLoader - Error while loading class: java.lang.NoClassDefFoundError: org/springframework/boot/bind/RelaxedNames$Manipulation
23:36:14.300 [main] ERROR o.e.r.c.ClassStateSupport - Could not initialize org.springframework.boot.bind.RelaxedNames$Manipulation$8: org/springframework/boot/bind/RelaxedNames$Manipulation
23:36:14.300 [main] INFO  o.e.r.instrumentation.EvoClassLoader - Seeing class for first time: org.springframework.context.event.GenericApplicationListenerAdapter
23:36:14.300 [main] INFO  o.e.r.instrumentation.EvoClassLoader - Instrumenting class 'org.springframework.context.event.GenericApplicationListenerAdapter'.
23:36:14.301 [main] INFO  o.e.r.i.MethodCallReplacementClassAdapter - Adding mock interface to class org/springframework/context/event/GenericApplicationListenerAdapter
23:36:14.301 [main] INFO  o.e.r.i.MethodCallReplacementClassAdapter - No hashCode defined for: org/springframework/context/event/GenericApplicationListenerAdapter, superclass = java.lang.Object
23:36:14.307 [main] INFO  o.e.r.i.CreateClassResetClassAdapter - Creating brand-new static initializer in class org/springframework/context/event/GenericApplicationListenerAdapter
23:36:14.307 [main] DEBUG o.e.r.agent.TransformerForTests - Going to instrument: org.springframework.context.event.GenericApplicationListenerAdapter
23:36:14.308 [main] INFO  o.e.r.instrumentation.EvoClassLoader - Seeing class for first time: org.springframework.context.event.SmartApplicationListener
23:36:14.308 [main] INFO  o.e.r.instrumentation.EvoClassLoader - Instrumenting class 'org.springframework.context.event.SmartApplicationListener'.
23:36:14.309 [main] DEBUG o.e.r.agent.TransformerForTests - Going to instrument: org.springframework.context.event.SmartApplicationListener
23:36:14.309 [main] INFO  o.e.r.instrumentation.EvoClassLoader - Keeping class: org.springframework.context.event.SmartApplicationListener
23:36:14.309 [main] INFO  o.e.r.instrumentation.EvoClassLoader - Keeping class: org.springframework.context.event.GenericApplicationListenerAdapter
23:36:14.310 [main] INFO  o.e.r.instrumentation.EvoClassLoader - Seeing class for first time: org.springframework.jndi.JndiLocatorDelegate
23:36:14.310 [main] INFO  o.e.r.instrumentation.EvoClassLoader - Instrumenting class 'org.springframework.jndi.JndiLocatorDelegate'.
23:36:14.310 [main] INFO  o.e.r.i.MethodCallReplacementClassAdapter - Adding mock interface to class org/springframework/jndi/JndiLocatorDelegate
23:36:14.311 [main] INFO  o.e.r.i.MethodCallReplacementClassAdapter - No hashCode defined for: org/springframework/jndi/JndiLocatorDelegate, superclass = org.springframework.jndi.JndiLocatorSupport
23:36:14.311 [main] INFO  o.e.r.i.CreateClassResetClassAdapter - Creating brand-new static initializer in class org/springframework/jndi/JndiLocatorDelegate
23:36:14.311 [main] DEBUG o.e.r.agent.TransformerForTests - Going to instrument: org.springframework.jndi.JndiLocatorDelegate
23:36:14.311 [main] INFO  o.e.r.i.MethodCallReplacementClassAdapter - No hashCode defined for: org/springframework/jndi/JndiLocatorDelegate, superclass = org.springframework.jndi.JndiLocatorSupport
23:36:14.311 [main] INFO  o.e.r.instrumentation.EvoClassLoader - Keeping class: org.springframework.jndi.JndiLocatorDelegate
23:36:14.311 [main] INFO  o.e.r.instrumentation.EvoClassLoader - Seeing class for first time: org.springframework.boot.env.SpringApplicationJsonEnvironmentPostProcessor
23:36:14.311 [main] INFO  o.e.r.instrumentation.EvoClassLoader - Instrumenting class 'org.springframework.boot.env.SpringApplicationJsonEnvironmentPostProcessor'.
23:36:14.312 [main] INFO  o.e.r.i.MethodCallReplacementClassAdapter - Adding mock interface to class org/springframework/boot/env/SpringApplicationJsonEnvironmentPostProcessor
23:36:14.314 [main] INFO  o.e.r.i.CreateClassResetClassAdapter - Found static initializer in class org/springframework/boot/env/SpringApplicationJsonEnvironmentPostProcessor
23:36:14.314 [main] INFO  o.e.r.i.MethodCallReplacementClassAdapter - No hashCode defined for: org/springframework/boot/env/SpringApplicationJsonEnvironmentPostProcessor, superclass = java.lang.Object
23:36:14.314 [main] DEBUG o.e.r.agent.TransformerForTests - Going to instrument: org.springframework.boot.env.SpringApplicationJsonEnvironmentPostProcessor
23:36:14.315 [main] INFO  o.e.r.i.CreateClassResetClassAdapter - Found static initializer in class org/springframework/boot/env/SpringApplicationJsonEnvironmentPostProcessor
23:36:14.315 [main] INFO  o.e.r.instrumentation.EvoClassLoader - Error while loading class: java.lang.ClassFormatError: Duplicate method name&signature in class file org/springframework/boot/env/SpringApplicationJsonEnvironmentPostProcessor
23:36:14.316 [main] ERROR o.e.r.c.ClassStateSupport - Could not initialize org.springframework.boot.env.SpringApplicationJsonEnvironmentPostProcessor: Duplicate method name&signature in class file org/springframework/boot/env/SpringApplicationJsonEnvironmentPostProcessor
23:36:14.316 [main] INFO  o.e.r.instrumentation.EvoClassLoader - Seeing class for first time: org.springframework.core.convert.support.CollectionToCollectionConverter
23:36:14.316 [main] INFO  o.e.r.instrumentation.EvoClassLoader - Instrumenting class 'org.springframework.core.convert.support.CollectionToCollectionConverter'.
23:36:14.317 [main] INFO  o.e.r.i.MethodCallReplacementClassAdapter - Adding mock interface to class org/springframework/core/convert/support/CollectionToCollectionConverter
23:36:14.317 [main] INFO  o.e.r.i.MethodCallReplacementClassAdapter - No hashCode defined for: org/springframework/core/convert/support/CollectionToCollectionConverter, superclass = java.lang.Object
23:36:14.317 [main] INFO  o.e.r.i.CreateClassResetClassAdapter - Creating brand-new static initializer in class org/springframework/core/convert/support/CollectionToCollectionConverter
23:36:14.317 [main] DEBUG o.e.r.agent.TransformerForTests - Going to instrument: org.springframework.core.convert.support.CollectionToCollectionConverter
23:36:14.318 [main] INFO  o.e.r.instrumentation.EvoClassLoader - Keeping class: org.springframework.core.convert.support.CollectionToCollectionConverter
23:36:14.319 [main] INFO  o.e.r.instrumentation.EvoClassLoader - Seeing class for first time: org.springframework.beans.BeanWrapper
23:36:14.319 [main] INFO  o.e.r.instrumentation.EvoClassLoader - Instrumenting class 'org.springframework.beans.BeanWrapper'.
23:36:14.320 [main] DEBUG o.e.r.agent.TransformerForTests - Going to instrument: org.springframework.beans.BeanWrapper
23:36:14.320 [main] INFO  o.e.r.instrumentation.EvoClassLoader - Keeping class: org.springframework.beans.BeanWrapper
23:36:14.320 [main] INFO  o.e.r.instrumentation.EvoClassLoader - Seeing class for first time: org.springframework.boot.context.ConfigurationWarningsApplicationContextInitializer
23:36:14.320 [main] INFO  o.e.r.instrumentation.EvoClassLoader - Instrumenting class 'org.springframework.boot.context.ConfigurationWarningsApplicationContextInitializer'.
23:36:14.321 [main] INFO  o.e.r.i.MethodCallReplacementClassAdapter - Adding mock interface to class org/springframework/boot/context/ConfigurationWarningsApplicationContextInitializer
23:36:14.321 [main] INFO  o.e.r.i.CreateClassResetClassAdapter - Found static initializer in class org/springframework/boot/context/ConfigurationWarningsApplicationContextInitializer
23:36:14.321 [main] INFO  o.e.r.i.MethodCallReplacementClassAdapter - No hashCode defined for: org/springframework/boot/context/ConfigurationWarningsApplicationContextInitializer, superclass = java.lang.Object
23:36:14.321 [main] DEBUG o.e.r.agent.TransformerForTests - Going to instrument: org.springframework.boot.context.ConfigurationWarningsApplicationContextInitializer
23:36:14.321 [main] INFO  o.e.r.i.CreateClassResetClassAdapter - Found static initializer in class org/springframework/boot/context/ConfigurationWarningsApplicationContextInitializer
23:36:14.322 [main] INFO  o.e.r.instrumentation.EvoClassLoader - Error while loading class: java.lang.ClassFormatError: Duplicate method name&signature in class file org/springframework/boot/context/ConfigurationWarningsApplicationContextInitializer
23:36:14.322 [main] ERROR o.e.r.c.ClassStateSupport - Could not initialize org.springframework.boot.context.ConfigurationWarningsApplicationContextInitializer: Duplicate method name&signature in class file org/springframework/boot/context/ConfigurationWarningsApplicationContextInitializer
23:36:14.322 [main] INFO  o.e.r.instrumentation.EvoClassLoader - Seeing class for first time: org.springframework.core.env.PropertySourcesPropertyResolver$ClassConversionException
23:36:14.322 [main] INFO  o.e.r.instrumentation.EvoClassLoader - Instrumenting class 'org.springframework.core.env.PropertySourcesPropertyResolver$ClassConversionException'.
23:36:14.322 [main] INFO  o.e.r.i.MethodCallReplacementClassAdapter - Adding mock interface to class org/springframework/core/env/PropertySourcesPropertyResolver$ClassConversionException
23:36:14.322 [main] INFO  o.e.r.i.MethodCallReplacementClassAdapter - No hashCode defined for: org/springframework/core/env/PropertySourcesPropertyResolver$ClassConversionException, superclass = org.springframework.core.convert.ConversionException
23:36:14.323 [main] INFO  o.e.r.i.CreateClassResetClassAdapter - Creating brand-new static initializer in class org/springframework/core/env/PropertySourcesPropertyResolver$ClassConversionException
23:36:14.323 [main] DEBUG o.e.r.agent.TransformerForTests - Going to instrument: org.springframework.core.env.PropertySourcesPropertyResolver$ClassConversionException
23:36:14.323 [main] INFO  o.e.r.i.MethodCallReplacementClassAdapter - No hashCode defined for: org/springframework/core/env/PropertySourcesPropertyResolver$ClassConversionException, superclass = org.springframework.core.convert.ConversionException
23:36:14.323 [main] INFO  o.e.r.instrumentation.EvoClassLoader - Seeing class for first time: org.springframework.core.convert.ConversionException
23:36:14.323 [main] INFO  o.e.r.instrumentation.EvoClassLoader - Instrumenting class 'org.springframework.core.convert.ConversionException'.
23:36:14.323 [main] INFO  o.e.r.i.MethodCallReplacementClassAdapter - Adding mock interface to class org/springframework/core/convert/ConversionException
23:36:14.324 [main] INFO  o.e.r.i.MethodCallReplacementClassAdapter - No hashCode defined for: org/springframework/core/convert/ConversionException, superclass = org.springframework.core.NestedRuntimeException
23:36:14.324 [main] INFO  o.e.r.i.CreateClassResetClassAdapter - Creating brand-new static initializer in class org/springframework/core/convert/ConversionException
23:36:14.324 [main] DEBUG o.e.r.agent.TransformerForTests - Going to instrument: org.springframework.core.convert.ConversionException
23:36:14.324 [main] INFO  o.e.r.i.MethodCallReplacementClassAdapter - No hashCode defined for: org/springframework/core/convert/ConversionException, superclass = org.springframework.core.NestedRuntimeException
23:36:14.324 [main] INFO  o.e.r.instrumentation.EvoClassLoader - Seeing class for first time: org.springframework.core.NestedRuntimeException
23:36:14.324 [main] INFO  o.e.r.instrumentation.EvoClassLoader - Instrumenting class 'org.springframework.core.NestedRuntimeException'.
23:36:14.325 [main] INFO  o.e.r.i.MethodCallReplacementClassAdapter - Adding mock interface to class org/springframework/core/NestedRuntimeException
23:36:14.326 [main] INFO  o.e.r.i.CreateClassResetClassAdapter - Found static initializer in class org/springframework/core/NestedRuntimeException
23:36:14.326 [main] INFO  o.e.r.i.MethodCallReplacementClassAdapter - No hashCode defined for: org/springframework/core/NestedRuntimeException, superclass = java.lang.RuntimeException
23:36:14.326 [main] DEBUG o.e.r.agent.TransformerForTests - Going to instrument: org.springframework.core.NestedRuntimeException
23:36:14.327 [main] INFO  o.e.r.i.CreateClassResetClassAdapter - Found static initializer in class org/springframework/core/NestedRuntimeException
23:36:14.327 [main] INFO  o.e.r.i.MethodCallReplacementClassAdapter - No hashCode defined for: org/springframework/core/NestedRuntimeException, superclass = org.evosuite.runtime.mock.java.lang.MockRuntimeException
23:36:14.327 [main] INFO  o.e.r.instrumentation.EvoClassLoader - Error while loading class: java.lang.ClassFormatError: Duplicate method name&signature in class file org/springframework/core/NestedRuntimeException
23:36:14.327 [main] INFO  o.e.r.instrumentation.EvoClassLoader - Error while loading class: java.lang.NoClassDefFoundError: org/springframework/core/NestedRuntimeException
23:36:14.332 [main] INFO  o.e.r.instrumentation.EvoClassLoader - Error while loading class: java.lang.NoClassDefFoundError: org/springframework/core/convert/ConversionException
23:36:14.336 [main] ERROR o.e.r.c.ClassStateSupport - Could not initialize org.springframework.core.env.PropertySourcesPropertyResolver$ClassConversionException: org/springframework/core/convert/ConversionException
23:36:14.336 [main] INFO  o.e.r.instrumentation.EvoClassLoader - Seeing class for first time: org.springframework.util.ConcurrentReferenceHashMap$ReferenceManager
23:36:14.336 [main] INFO  o.e.r.instrumentation.EvoClassLoader - Instrumenting class 'org.springframework.util.ConcurrentReferenceHashMap$ReferenceManager'.
23:36:14.337 [main] INFO  o.e.r.i.MethodCallReplacementClassAdapter - Adding mock interface to class org/springframework/util/ConcurrentReferenceHashMap$ReferenceManager
23:36:14.337 [main] INFO  o.e.r.i.MethodCallReplacementClassAdapter - No hashCode defined for: org/springframework/util/ConcurrentReferenceHashMap$ReferenceManager, superclass = java.lang.Object
23:36:14.337 [main] INFO  o.e.r.i.CreateClassResetClassAdapter - Creating brand-new static initializer in class org/springframework/util/ConcurrentReferenceHashMap$ReferenceManager
23:36:14.337 [main] DEBUG o.e.r.agent.TransformerForTests - Going to instrument: org.springframework.util.ConcurrentReferenceHashMap$ReferenceManager
23:36:14.338 [main] INFO  o.e.r.instrumentation.EvoClassLoader - Keeping class: org.springframework.util.ConcurrentReferenceHashMap$ReferenceManager
23:36:14.338 [main] INFO  o.e.r.instrumentation.EvoClassLoader - Seeing class for first time: org.springframework.core.convert.ConverterNotFoundException
23:36:14.338 [main] INFO  o.e.r.instrumentation.EvoClassLoader - Instrumenting class 'org.springframework.core.convert.ConverterNotFoundException'.
23:36:14.339 [main] INFO  o.e.r.i.MethodCallReplacementClassAdapter - Adding mock interface to class org/springframework/core/convert/ConverterNotFoundException
23:36:14.339 [main] INFO  o.e.r.i.MethodCallReplacementClassAdapter - No hashCode defined for: org/springframework/core/convert/ConverterNotFoundException, superclass = org.springframework.core.convert.ConversionException
23:36:14.339 [main] INFO  o.e.r.i.CreateClassResetClassAdapter - Creating brand-new static initializer in class org/springframework/core/convert/ConverterNotFoundException
23:36:14.339 [main] DEBUG o.e.r.agent.TransformerForTests - Going to instrument: org.springframework.core.convert.ConverterNotFoundException
23:36:14.339 [main] INFO  o.e.r.i.MethodCallReplacementClassAdapter - No hashCode defined for: org/springframework/core/convert/ConverterNotFoundException, superclass = org.springframework.core.convert.ConversionException
23:36:14.340 [main] INFO  o.e.r.instrumentation.EvoClassLoader - Seeing class for first time: org.springframework.core.convert.ConversionException
23:36:14.340 [main] INFO  o.e.r.instrumentation.EvoClassLoader - Instrumenting class 'org.springframework.core.convert.ConversionException'.
23:36:14.340 [main] INFO  o.e.r.i.MethodCallReplacementClassAdapter - Adding mock interface to class org/springframework/core/convert/ConversionException
23:36:14.340 [main] INFO  o.e.r.i.MethodCallReplacementClassAdapter - No hashCode defined for: org/springframework/core/convert/ConversionException, superclass = org.springframework.core.NestedRuntimeException
23:36:14.340 [main] INFO  o.e.r.i.CreateClassResetClassAdapter - Creating brand-new static initializer in class org/springframework/core/convert/ConversionException
23:36:14.340 [main] DEBUG o.e.r.agent.TransformerForTests - Going to instrument: org.springframework.core.convert.ConversionException
23:36:14.340 [main] INFO  o.e.r.i.MethodCallReplacementClassAdapter - No hashCode defined for: org/springframework/core/convert/ConversionException, superclass = org.springframework.core.NestedRuntimeException
23:36:14.341 [main] INFO  o.e.r.instrumentation.EvoClassLoader - Seeing class for first time: org.springframework.core.NestedRuntimeException
23:36:14.341 [main] INFO  o.e.r.instrumentation.EvoClassLoader - Instrumenting class 'org.springframework.core.NestedRuntimeException'.
23:36:14.341 [main] INFO  o.e.r.i.MethodCallReplacementClassAdapter - Adding mock interface to class org/springframework/core/NestedRuntimeException
23:36:14.342 [main] INFO  o.e.r.i.CreateClassResetClassAdapter - Found static initializer in class org/springframework/core/NestedRuntimeException
23:36:14.342 [main] INFO  o.e.r.i.MethodCallReplacementClassAdapter - No hashCode defined for: org/springframework/core/NestedRuntimeException, superclass = java.lang.RuntimeException
23:36:14.342 [main] DEBUG o.e.r.agent.TransformerForTests - Going to instrument: org.springframework.core.NestedRuntimeException
23:36:14.343 [main] INFO  o.e.r.i.CreateClassResetClassAdapter - Found static initializer in class org/springframework/core/NestedRuntimeException
23:36:14.343 [main] INFO  o.e.r.i.MethodCallReplacementClassAdapter - No hashCode defined for: org/springframework/core/NestedRuntimeException, superclass = org.evosuite.runtime.mock.java.lang.MockRuntimeException
23:36:14.343 [main] INFO  o.e.r.instrumentation.EvoClassLoader - Error while loading class: java.lang.ClassFormatError: Duplicate method name&signature in class file org/springframework/core/NestedRuntimeException
23:36:14.343 [main] INFO  o.e.r.instrumentation.EvoClassLoader - Error while loading class: java.lang.NoClassDefFoundError: org/springframework/core/NestedRuntimeException
23:36:14.344 [main] INFO  o.e.r.instrumentation.EvoClassLoader - Error while loading class: java.lang.NoClassDefFoundError: org/springframework/core/convert/ConversionException
23:36:14.344 [main] INFO  o.e.r.instrumentation.EvoClassLoader - Seeing class for first time: org.springframework.context.event.ContextClosedEvent
23:36:14.344 [main] INFO  o.e.r.instrumentation.EvoClassLoader - Instrumenting class 'org.springframework.context.event.ContextClosedEvent'.
23:36:14.344 [main] INFO  o.e.r.i.MethodCallReplacementClassAdapter - Adding mock interface to class org/springframework/context/event/ContextClosedEvent
23:36:14.345 [main] INFO  o.e.r.i.MethodCallReplacementClassAdapter - No hashCode defined for: org/springframework/context/event/ContextClosedEvent, superclass = org.springframework.context.event.ApplicationContextEvent
23:36:14.345 [main] INFO  o.e.r.i.CreateClassResetClassAdapter - Creating brand-new static initializer in class org/springframework/context/event/ContextClosedEvent
23:36:14.345 [main] DEBUG o.e.r.agent.TransformerForTests - Going to instrument: org.springframework.context.event.ContextClosedEvent
23:36:14.345 [main] INFO  o.e.r.i.MethodCallReplacementClassAdapter - No hashCode defined for: org/springframework/context/event/ContextClosedEvent, superclass = org.springframework.context.event.ApplicationContextEvent
23:36:14.345 [main] INFO  o.e.r.instrumentation.EvoClassLoader - Keeping class: org.springframework.context.event.ContextClosedEvent
23:36:14.345 [main] INFO  o.e.r.instrumentation.EvoClassLoader - Seeing class for first time: org.springframework.util.ConcurrentReferenceHashMap$ReferenceType
23:36:14.345 [main] INFO  o.e.r.instrumentation.EvoClassLoader - Instrumenting class 'org.springframework.util.ConcurrentReferenceHashMap$ReferenceType'.
23:36:14.346 [main] INFO  o.e.r.i.MethodCallReplacementClassAdapter - Adding mock interface to class org/springframework/util/ConcurrentReferenceHashMap$ReferenceType
23:36:14.347 [main] INFO  o.e.r.i.CreateClassResetClassAdapter - Found static initializer in class org/springframework/util/ConcurrentReferenceHashMap$ReferenceType
23:36:14.348 [main] INFO  o.e.r.i.MethodCallReplacementClassAdapter - No hashCode defined for: org/springframework/util/ConcurrentReferenceHashMap$ReferenceType, superclass = java.lang.Enum
23:36:14.348 [main] DEBUG o.e.r.agent.TransformerForTests - Going to instrument: org.springframework.util.ConcurrentReferenceHashMap$ReferenceType
23:36:14.348 [main] INFO  o.e.r.i.CreateClassResetClassAdapter - Found static initializer in class org/springframework/util/ConcurrentReferenceHashMap$ReferenceType
23:36:14.348 [main] INFO  o.e.r.i.MethodCallReplacementClassAdapter - No hashCode defined for: org/springframework/util/ConcurrentReferenceHashMap$ReferenceType, superclass = java.lang.Enum
23:36:14.348 [main] INFO  o.e.r.instrumentation.EvoClassLoader - Error while loading class: java.lang.ClassFormatError: Duplicate method name&signature in class file org/springframework/util/ConcurrentReferenceHashMap$ReferenceType
23:36:14.348 [main] INFO  o.e.r.instrumentation.EvoClassLoader - Seeing class for first time: org.springframework.beans.ExtendedBeanInfo$SimplePropertyDescriptor
23:36:14.348 [main] INFO  o.e.r.instrumentation.EvoClassLoader - Instrumenting class 'org.springframework.beans.ExtendedBeanInfo$SimplePropertyDescriptor'.
23:36:14.349 [main] INFO  o.e.r.i.MethodCallReplacementClassAdapter - Adding mock interface to class org/springframework/beans/ExtendedBeanInfo$SimplePropertyDescriptor
23:36:14.349 [main] INFO  o.e.r.i.CreateClassResetClassAdapter - Creating brand-new static initializer in class org/springframework/beans/ExtendedBeanInfo$SimplePropertyDescriptor
23:36:14.350 [main] DEBUG o.e.r.agent.TransformerForTests - Going to instrument: org.springframework.beans.ExtendedBeanInfo$SimplePropertyDescriptor
23:36:14.350 [main] INFO  o.e.r.instrumentation.EvoClassLoader - Keeping class: org.springframework.beans.ExtendedBeanInfo$SimplePropertyDescriptor
23:36:14.351 [main] INFO  o.e.r.instrumentation.EvoClassLoader - Seeing class for first time: org.springframework.boot.context.event.ApplicationEnvironmentPreparedEvent
23:36:14.351 [main] INFO  o.e.r.instrumentation.EvoClassLoader - Instrumenting class 'org.springframework.boot.context.event.ApplicationEnvironmentPreparedEvent'.
23:36:14.351 [main] INFO  o.e.r.i.MethodCallReplacementClassAdapter - Adding mock interface to class org/springframework/boot/context/event/ApplicationEnvironmentPreparedEvent
23:36:14.351 [main] INFO  o.e.r.i.MethodCallReplacementClassAdapter - No hashCode defined for: org/springframework/boot/context/event/ApplicationEnvironmentPreparedEvent, superclass = org.springframework.boot.context.event.SpringApplicationEvent
23:36:14.351 [main] INFO  o.e.r.i.CreateClassResetClassAdapter - Creating brand-new static initializer in class org/springframework/boot/context/event/ApplicationEnvironmentPreparedEvent
23:36:14.351 [main] DEBUG o.e.r.agent.TransformerForTests - Going to instrument: org.springframework.boot.context.event.ApplicationEnvironmentPreparedEvent
23:36:14.352 [main] INFO  o.e.r.i.MethodCallReplacementClassAdapter - No hashCode defined for: org/springframework/boot/context/event/ApplicationEnvironmentPreparedEvent, superclass = org.springframework.boot.context.event.SpringApplicationEvent
23:36:14.352 [main] INFO  o.e.r.instrumentation.EvoClassLoader - Keeping class: org.springframework.boot.context.event.ApplicationEnvironmentPreparedEvent
23:36:14.352 [main] INFO  o.e.r.instrumentation.EvoClassLoader - Seeing class for first time: org.springframework.boot.bind.RelaxedDataBinder$RelaxedBeanPropertyBindingResult
23:36:14.352 [main] INFO  o.e.r.instrumentation.EvoClassLoader - Instrumenting class 'org.springframework.boot.bind.RelaxedDataBinder$RelaxedBeanPropertyBindingResult'.
23:36:14.353 [main] INFO  o.e.r.i.MethodCallReplacementClassAdapter - Adding mock interface to class org/springframework/boot/bind/RelaxedDataBinder$RelaxedBeanPropertyBindingResult
23:36:14.353 [main] INFO  o.e.r.i.MethodCallReplacementClassAdapter - No hashCode defined for: org/springframework/boot/bind/RelaxedDataBinder$RelaxedBeanPropertyBindingResult, superclass = org.springframework.validation.BeanPropertyBindingResult
23:36:14.353 [main] INFO  o.e.r.i.CreateClassResetClassAdapter - Creating brand-new static initializer in class org/springframework/boot/bind/RelaxedDataBinder$RelaxedBeanPropertyBindingResult
23:36:14.353 [main] DEBUG o.e.r.agent.TransformerForTests - Going to instrument: org.springframework.boot.bind.RelaxedDataBinder$RelaxedBeanPropertyBindingResult
23:36:14.353 [main] INFO  o.e.r.i.MethodCallReplacementClassAdapter - No hashCode defined for: org/springframework/boot/bind/RelaxedDataBinder$RelaxedBeanPropertyBindingResult, superclass = org.springframework.validation.BeanPropertyBindingResult
23:36:14.353 [main] INFO  o.e.r.instrumentation.EvoClassLoader - Keeping class: org.springframework.boot.bind.RelaxedDataBinder$RelaxedBeanPropertyBindingResult
23:36:14.353 [main] INFO  o.e.r.instrumentation.EvoClassLoader - Seeing class for first time: org.springframework.core.convert.support.StringToLocaleConverter
23:36:14.353 [main] INFO  o.e.r.instrumentation.EvoClassLoader - Instrumenting class 'org.springframework.core.convert.support.StringToLocaleConverter'.
23:36:14.354 [main] INFO  o.e.r.i.MethodCallReplacementClassAdapter - Adding mock interface to class org/springframework/core/convert/support/StringToLocaleConverter
23:36:14.355 [main] INFO  o.e.r.i.MethodCallReplacementClassAdapter - No hashCode defined for: org/springframework/core/convert/support/StringToLocaleConverter, superclass = java.lang.Object
23:36:14.355 [main] INFO  o.e.r.i.CreateClassResetClassAdapter - Creating brand-new static initializer in class org/springframework/core/convert/support/StringToLocaleConverter
23:36:14.355 [main] DEBUG o.e.r.agent.TransformerForTests - Going to instrument: org.springframework.core.convert.support.StringToLocaleConverter
23:36:14.355 [main] INFO  o.e.r.instrumentation.EvoClassLoader - Keeping class: org.springframework.core.convert.support.StringToLocaleConverter
23:36:14.355 [main] INFO  o.e.r.instrumentation.EvoClassLoader - Seeing class for first time: org.springframework.format.Formatter
23:36:14.355 [main] INFO  o.e.r.instrumentation.EvoClassLoader - Instrumenting class 'org.springframework.format.Formatter'.
23:36:14.356 [main] DEBUG o.e.r.agent.TransformerForTests - Going to instrument: org.springframework.format.Formatter
23:36:14.356 [main] INFO  o.e.r.instrumentation.EvoClassLoader - Keeping class: org.springframework.format.Formatter
23:36:14.356 [main] INFO  o.e.r.instrumentation.EvoClassLoader - Seeing class for first time: org.springframework.core.convert.support.FallbackObjectToStringConverter
23:36:14.356 [main] INFO  o.e.r.instrumentation.EvoClassLoader - Instrumenting class 'org.springframework.core.convert.support.FallbackObjectToStringConverter'.
23:36:14.357 [main] INFO  o.e.r.i.MethodCallReplacementClassAdapter - Adding mock interface to class org/springframework/core/convert/support/FallbackObjectToStringConverter
23:36:14.357 [main] INFO  o.e.r.i.MethodCallReplacementClassAdapter - No hashCode defined for: org/springframework/core/convert/support/FallbackObjectToStringConverter, superclass = java.lang.Object
23:36:14.357 [main] INFO  o.e.r.i.CreateClassResetClassAdapter - Creating brand-new static initializer in class org/springframework/core/convert/support/FallbackObjectToStringConverter
23:36:14.357 [main] DEBUG o.e.r.agent.TransformerForTests - Going to instrument: org.springframework.core.convert.support.FallbackObjectToStringConverter
23:36:14.358 [main] INFO  o.e.r.instrumentation.EvoClassLoader - Keeping class: org.springframework.core.convert.support.FallbackObjectToStringConverter
23:36:14.358 [main] INFO  o.e.r.instrumentation.EvoClassLoader - Seeing class for first time: org.springframework.boot.context.FileEncodingApplicationListener
23:36:14.358 [main] INFO  o.e.r.instrumentation.EvoClassLoader - Instrumenting class 'org.springframework.boot.context.FileEncodingApplicationListener'.
23:36:14.359 [main] INFO  o.e.r.i.MethodCallReplacementClassAdapter - Adding mock interface to class org/springframework/boot/context/FileEncodingApplicationListener
23:36:14.360 [main] INFO  o.e.r.i.CreateClassResetClassAdapter - Found static initializer in class org/springframework/boot/context/FileEncodingApplicationListener
23:36:14.360 [main] INFO  o.e.r.i.MethodCallReplacementClassAdapter - No hashCode defined for: org/springframework/boot/context/FileEncodingApplicationListener, superclass = java.lang.Object
23:36:14.360 [main] DEBUG o.e.r.agent.TransformerForTests - Going to instrument: org.springframework.boot.context.FileEncodingApplicationListener
23:36:14.361 [main] INFO  o.e.r.i.CreateClassResetClassAdapter - Found static initializer in class org/springframework/boot/context/FileEncodingApplicationListener
23:36:14.362 [main] INFO  o.e.r.instrumentation.EvoClassLoader - Error while loading class: java.lang.ClassFormatError: Duplicate method name&signature in class file org/springframework/boot/context/FileEncodingApplicationListener
23:36:14.362 [main] ERROR o.e.r.c.ClassStateSupport - Could not initialize org.springframework.boot.context.FileEncodingApplicationListener: Duplicate method name&signature in class file org/springframework/boot/context/FileEncodingApplicationListener
23:36:14.362 [main] INFO  o.e.r.instrumentation.EvoClassLoader - Seeing class for first time: org.springframework.util.ConcurrentReferenceHashMap$1
23:36:14.362 [main] INFO  o.e.r.instrumentation.EvoClassLoader - Instrumenting class 'org.springframework.util.ConcurrentReferenceHashMap$1'.
23:36:14.363 [main] INFO  o.e.r.i.MethodCallReplacementClassAdapter - Adding mock interface to class org/springframework/util/ConcurrentReferenceHashMap$1
23:36:14.363 [main] INFO  o.e.r.i.MethodCallReplacementClassAdapter - No hashCode defined for: org/springframework/util/ConcurrentReferenceHashMap$1, superclass = org.springframework.util.ConcurrentReferenceHashMap$Task
23:36:14.363 [main] DEBUG o.e.r.agent.TransformerForTests - Going to instrument: org.springframework.util.ConcurrentReferenceHashMap$1
23:36:14.363 [main] INFO  o.e.r.i.MethodCallReplacementClassAdapter - No hashCode defined for: org/springframework/util/ConcurrentReferenceHashMap$1, superclass = org.springframework.util.ConcurrentReferenceHashMap$Task
23:36:14.364 [main] INFO  o.e.r.instrumentation.EvoClassLoader - Keeping class: org.springframework.util.ConcurrentReferenceHashMap$1
23:36:14.364 [main] INFO  o.e.r.instrumentation.EvoClassLoader - Seeing class for first time: org.springframework.util.ConcurrentReferenceHashMap$TaskOption
23:36:14.364 [main] INFO  o.e.r.instrumentation.EvoClassLoader - Instrumenting class 'org.springframework.util.ConcurrentReferenceHashMap$TaskOption'.
23:36:14.364 [main] INFO  o.e.r.i.MethodCallReplacementClassAdapter - Adding mock interface to class org/springframework/util/ConcurrentReferenceHashMap$TaskOption
23:36:14.364 [main] INFO  o.e.r.i.CreateClassResetClassAdapter - Found static initializer in class org/springframework/util/ConcurrentReferenceHashMap$TaskOption
23:36:14.364 [main] INFO  o.e.r.i.MethodCallReplacementClassAdapter - No hashCode defined for: org/springframework/util/ConcurrentReferenceHashMap$TaskOption, superclass = java.lang.Enum
23:36:14.364 [main] DEBUG o.e.r.agent.TransformerForTests - Going to instrument: org.springframework.util.ConcurrentReferenceHashMap$TaskOption
23:36:14.365 [main] INFO  o.e.r.i.CreateClassResetClassAdapter - Found static initializer in class org/springframework/util/ConcurrentReferenceHashMap$TaskOption
23:36:14.365 [main] INFO  o.e.r.i.MethodCallReplacementClassAdapter - No hashCode defined for: org/springframework/util/ConcurrentReferenceHashMap$TaskOption, superclass = java.lang.Enum
23:36:14.365 [main] INFO  o.e.r.instrumentation.EvoClassLoader - Error while loading class: java.lang.ClassFormatError: Duplicate method name&signature in class file org/springframework/util/ConcurrentReferenceHashMap$TaskOption
23:36:14.365 [main] INFO  o.e.r.instrumentation.EvoClassLoader - Seeing class for first time: org.springframework.util.ConcurrentReferenceHashMap$2
23:36:14.365 [main] INFO  o.e.r.instrumentation.EvoClassLoader - Instrumenting class 'org.springframework.util.ConcurrentReferenceHashMap$2'.
23:36:14.366 [main] INFO  o.e.r.i.MethodCallReplacementClassAdapter - Adding mock interface to class org/springframework/util/ConcurrentReferenceHashMap$2
23:36:14.366 [main] INFO  o.e.r.i.MethodCallReplacementClassAdapter - No hashCode defined for: org/springframework/util/ConcurrentReferenceHashMap$2, superclass = org.springframework.util.ConcurrentReferenceHashMap$Task
23:36:14.366 [main] DEBUG o.e.r.agent.TransformerForTests - Going to instrument: org.springframework.util.ConcurrentReferenceHashMap$2
23:36:14.366 [main] INFO  o.e.r.i.MethodCallReplacementClassAdapter - No hashCode defined for: org/springframework/util/ConcurrentReferenceHashMap$2, superclass = org.springframework.util.ConcurrentReferenceHashMap$Task
23:36:14.367 [main] INFO  o.e.r.instrumentation.EvoClassLoader - Keeping class: org.springframework.util.ConcurrentReferenceHashMap$2
23:36:14.367 [main] INFO  o.e.r.instrumentation.EvoClassLoader - Seeing class for first time: org.springframework.util.ConcurrentReferenceHashMap$TaskOption
23:36:14.367 [main] INFO  o.e.r.instrumentation.EvoClassLoader - Instrumenting class 'org.springframework.util.ConcurrentReferenceHashMap$TaskOption'.
23:36:14.367 [main] INFO  o.e.r.i.MethodCallReplacementClassAdapter - Adding mock interface to class org/springframework/util/ConcurrentReferenceHashMap$TaskOption
23:36:14.367 [main] INFO  o.e.r.i.CreateClassResetClassAdapter - Found static initializer in class org/springframework/util/ConcurrentReferenceHashMap$TaskOption
23:36:14.367 [main] INFO  o.e.r.i.MethodCallReplacementClassAdapter - No hashCode defined for: org/springframework/util/ConcurrentReferenceHashMap$TaskOption, superclass = java.lang.Enum
23:36:14.367 [main] DEBUG o.e.r.agent.TransformerForTests - Going to instrument: org.springframework.util.ConcurrentReferenceHashMap$TaskOption
23:36:14.368 [main] INFO  o.e.r.i.CreateClassResetClassAdapter - Found static initializer in class org/springframework/util/ConcurrentReferenceHashMap$TaskOption
23:36:14.368 [main] INFO  o.e.r.i.MethodCallReplacementClassAdapter - No hashCode defined for: org/springframework/util/ConcurrentReferenceHashMap$TaskOption, superclass = java.lang.Enum
23:36:14.368 [main] INFO  o.e.r.instrumentation.EvoClassLoader - Error while loading class: java.lang.ClassFormatError: Duplicate method name&signature in class file org/springframework/util/ConcurrentReferenceHashMap$TaskOption
23:36:14.368 [main] INFO  o.e.r.instrumentation.EvoClassLoader - Seeing class for first time: org.springframework.util.ConcurrentReferenceHashMap$3
23:36:14.368 [main] INFO  o.e.r.instrumentation.EvoClassLoader - Instrumenting class 'org.springframework.util.ConcurrentReferenceHashMap$3'.
23:36:14.369 [main] INFO  o.e.r.i.MethodCallReplacementClassAdapter - Adding mock interface to class org/springframework/util/ConcurrentReferenceHashMap$3
23:36:14.369 [main] INFO  o.e.r.i.MethodCallReplacementClassAdapter - No hashCode defined for: org/springframework/util/ConcurrentReferenceHashMap$3, superclass = org.springframework.util.ConcurrentReferenceHashMap$Task
23:36:14.369 [main] DEBUG o.e.r.agent.TransformerForTests - Going to instrument: org.springframework.util.ConcurrentReferenceHashMap$3
23:36:14.369 [main] INFO  o.e.r.i.MethodCallReplacementClassAdapter - No hashCode defined for: org/springframework/util/ConcurrentReferenceHashMap$3, superclass = org.springframework.util.ConcurrentReferenceHashMap$Task
23:36:14.370 [main] INFO  o.e.r.instrumentation.EvoClassLoader - Keeping class: org.springframework.util.ConcurrentReferenceHashMap$3
23:36:14.370 [main] INFO  o.e.r.instrumentation.EvoClassLoader - Seeing class for first time: org.springframework.util.ConcurrentReferenceHashMap$TaskOption
23:36:14.370 [main] INFO  o.e.r.instrumentation.EvoClassLoader - Instrumenting class 'org.springframework.util.ConcurrentReferenceHashMap$TaskOption'.
23:36:14.370 [main] INFO  o.e.r.i.MethodCallReplacementClassAdapter - Adding mock interface to class org/springframework/util/ConcurrentReferenceHashMap$TaskOption
23:36:14.370 [main] INFO  o.e.r.i.CreateClassResetClassAdapter - Found static initializer in class org/springframework/util/ConcurrentReferenceHashMap$TaskOption
23:36:14.370 [main] INFO  o.e.r.i.MethodCallReplacementClassAdapter - No hashCode defined for: org/springframework/util/ConcurrentReferenceHashMap$TaskOption, superclass = java.lang.Enum
23:36:14.371 [main] DEBUG o.e.r.agent.TransformerForTests - Going to instrument: org.springframework.util.ConcurrentReferenceHashMap$TaskOption
23:36:14.371 [main] INFO  o.e.r.i.CreateClassResetClassAdapter - Found static initializer in class org/springframework/util/ConcurrentReferenceHashMap$TaskOption
23:36:14.371 [main] INFO  o.e.r.i.MethodCallReplacementClassAdapter - No hashCode defined for: org/springframework/util/ConcurrentReferenceHashMap$TaskOption, superclass = java.lang.Enum
23:36:14.371 [main] INFO  o.e.r.instrumentation.EvoClassLoader - Error while loading class: java.lang.ClassFormatError: Duplicate method name&signature in class file org/springframework/util/ConcurrentReferenceHashMap$TaskOption
23:36:14.371 [main] INFO  o.e.r.instrumentation.EvoClassLoader - Seeing class for first time: org.springframework.boot.DefaultApplicationArguments$Source
23:36:14.371 [main] INFO  o.e.r.instrumentation.EvoClassLoader - Instrumenting class 'org.springframework.boot.DefaultApplicationArguments$Source'.
23:36:14.372 [main] INFO  o.e.r.i.MethodCallReplacementClassAdapter - Adding mock interface to class org/springframework/boot/DefaultApplicationArguments$Source
23:36:14.372 [main] INFO  o.e.r.i.MethodCallReplacementClassAdapter - No hashCode defined for: org/springframework/boot/DefaultApplicationArguments$Source, superclass = org.springframework.core.env.SimpleCommandLinePropertySource
23:36:14.372 [main] INFO  o.e.r.i.CreateClassResetClassAdapter - Creating brand-new static initializer in class org/springframework/boot/DefaultApplicationArguments$Source
23:36:14.372 [main] DEBUG o.e.r.agent.TransformerForTests - Going to instrument: org.springframework.boot.DefaultApplicationArguments$Source
23:36:14.372 [main] INFO  o.e.r.i.MethodCallReplacementClassAdapter - No hashCode defined for: org/springframework/boot/DefaultApplicationArguments$Source, superclass = org.springframework.core.env.SimpleCommandLinePropertySource
23:36:14.372 [main] INFO  o.e.r.instrumentation.EvoClassLoader - Keeping class: org.springframework.boot.DefaultApplicationArguments$Source
23:36:14.373 [main] INFO  o.e.r.instrumentation.EvoClassLoader - Seeing class for first time: org.springframework.boot.autoconfigure.SpringBootApplication
23:36:14.373 [main] INFO  o.e.r.instrumentation.EvoClassLoader - Instrumenting class 'org.springframework.boot.autoconfigure.SpringBootApplication'.
23:36:14.373 [main] DEBUG o.e.r.agent.TransformerForTests - Going to instrument: org.springframework.boot.autoconfigure.SpringBootApplication
23:36:14.374 [main] INFO  o.e.r.instrumentation.EvoClassLoader - Keeping class: org.springframework.boot.autoconfigure.SpringBootApplication
23:36:14.374 [main] INFO  o.e.r.instrumentation.EvoClassLoader - Seeing class for first time: org.springframework.util.ConcurrentReferenceHashMap$4
23:36:14.374 [main] INFO  o.e.r.instrumentation.EvoClassLoader - Instrumenting class 'org.springframework.util.ConcurrentReferenceHashMap$4'.
23:36:14.375 [main] INFO  o.e.r.i.MethodCallReplacementClassAdapter - Adding mock interface to class org/springframework/util/ConcurrentReferenceHashMap$4
23:36:14.375 [main] INFO  o.e.r.i.MethodCallReplacementClassAdapter - No hashCode defined for: org/springframework/util/ConcurrentReferenceHashMap$4, superclass = org.springframework.util.ConcurrentReferenceHashMap$Task
23:36:14.375 [main] DEBUG o.e.r.agent.TransformerForTests - Going to instrument: org.springframework.util.ConcurrentReferenceHashMap$4
23:36:14.375 [main] INFO  o.e.r.i.MethodCallReplacementClassAdapter - No hashCode defined for: org/springframework/util/ConcurrentReferenceHashMap$4, superclass = org.springframework.util.ConcurrentReferenceHashMap$Task
23:36:14.375 [main] INFO  o.e.r.instrumentation.EvoClassLoader - Keeping class: org.springframework.util.ConcurrentReferenceHashMap$4
23:36:14.375 [main] INFO  o.e.r.instrumentation.EvoClassLoader - Seeing class for first time: org.springframework.util.ConcurrentReferenceHashMap$TaskOption
23:36:14.375 [main] INFO  o.e.r.instrumentation.EvoClassLoader - Instrumenting class 'org.springframework.util.ConcurrentReferenceHashMap$TaskOption'.
23:36:14.376 [main] INFO  o.e.r.i.MethodCallReplacementClassAdapter - Adding mock interface to class org/springframework/util/ConcurrentReferenceHashMap$TaskOption
23:36:14.376 [main] INFO  o.e.r.i.CreateClassResetClassAdapter - Found static initializer in class org/springframework/util/ConcurrentReferenceHashMap$TaskOption
23:36:14.376 [main] INFO  o.e.r.i.MethodCallReplacementClassAdapter - No hashCode defined for: org/springframework/util/ConcurrentReferenceHashMap$TaskOption, superclass = java.lang.Enum
23:36:14.376 [main] DEBUG o.e.r.agent.TransformerForTests - Going to instrument: org.springframework.util.ConcurrentReferenceHashMap$TaskOption
23:36:14.376 [main] INFO  o.e.r.i.CreateClassResetClassAdapter - Found static initializer in class org/springframework/util/ConcurrentReferenceHashMap$TaskOption
23:36:14.376 [main] INFO  o.e.r.i.MethodCallReplacementClassAdapter - No hashCode defined for: org/springframework/util/ConcurrentReferenceHashMap$TaskOption, superclass = java.lang.Enum
23:36:14.377 [main] INFO  o.e.r.instrumentation.EvoClassLoader - Error while loading class: java.lang.ClassFormatError: Duplicate method name&signature in class file org/springframework/util/ConcurrentReferenceHashMap$TaskOption
23:36:14.377 [main] INFO  o.e.r.instrumentation.EvoClassLoader - Seeing class for first time: org.springframework.aop.SpringProxy
23:36:14.377 [main] INFO  o.e.r.instrumentation.EvoClassLoader - Instrumenting class 'org.springframework.aop.SpringProxy'.
23:36:14.378 [main] DEBUG o.e.r.agent.TransformerForTests - Going to instrument: org.springframework.aop.SpringProxy
23:36:14.378 [main] INFO  o.e.r.instrumentation.EvoClassLoader - Keeping class: org.springframework.aop.SpringProxy
23:36:14.378 [main] INFO  o.e.r.instrumentation.EvoClassLoader - Seeing class for first time: org.springframework.beans.PropertyAccessException
23:36:14.378 [main] INFO  o.e.r.instrumentation.EvoClassLoader - Instrumenting class 'org.springframework.beans.PropertyAccessException'.
23:36:14.378 [main] INFO  o.e.r.i.MethodCallReplacementClassAdapter - Adding mock interface to class org/springframework/beans/PropertyAccessException
23:36:14.378 [main] INFO  o.e.r.i.MethodCallReplacementClassAdapter - No hashCode defined for: org/springframework/beans/PropertyAccessException, superclass = org.springframework.beans.BeansException
23:36:14.378 [main] INFO  o.e.r.i.CreateClassResetClassAdapter - Creating brand-new static initializer in class org/springframework/beans/PropertyAccessException
23:36:14.378 [main] DEBUG o.e.r.agent.TransformerForTests - Going to instrument: org.springframework.beans.PropertyAccessException
23:36:14.379 [main] INFO  o.e.r.i.MethodCallReplacementClassAdapter - No hashCode defined for: org/springframework/beans/PropertyAccessException, superclass = org.springframework.beans.BeansException
23:36:14.379 [main] INFO  o.e.r.instrumentation.EvoClassLoader - Seeing class for first time: org.springframework.beans.BeansException
23:36:14.379 [main] INFO  o.e.r.instrumentation.EvoClassLoader - Instrumenting class 'org.springframework.beans.BeansException'.
23:36:14.379 [main] INFO  o.e.r.i.MethodCallReplacementClassAdapter - Adding mock interface to class org/springframework/beans/BeansException
23:36:14.380 [main] INFO  o.e.r.i.CreateClassResetClassAdapter - Creating brand-new static initializer in class org/springframework/beans/BeansException
23:36:14.380 [main] DEBUG o.e.r.agent.TransformerForTests - Going to instrument: org.springframework.beans.BeansException
23:36:14.380 [main] INFO  o.e.r.instrumentation.EvoClassLoader - Seeing class for first time: org.springframework.core.NestedRuntimeException
23:36:14.380 [main] INFO  o.e.r.instrumentation.EvoClassLoader - Instrumenting class 'org.springframework.core.NestedRuntimeException'.
23:36:14.381 [main] INFO  o.e.r.i.MethodCallReplacementClassAdapter - Adding mock interface to class org/springframework/core/NestedRuntimeException
23:36:14.384 [main] INFO  o.e.r.i.CreateClassResetClassAdapter - Found static initializer in class org/springframework/core/NestedRuntimeException
23:36:14.384 [main] INFO  o.e.r.i.MethodCallReplacementClassAdapter - No hashCode defined for: org/springframework/core/NestedRuntimeException, superclass = java.lang.RuntimeException
23:36:14.384 [main] DEBUG o.e.r.agent.TransformerForTests - Going to instrument: org.springframework.core.NestedRuntimeException
23:36:14.386 [main] INFO  o.e.r.i.CreateClassResetClassAdapter - Found static initializer in class org/springframework/core/NestedRuntimeException
23:36:14.386 [main] INFO  o.e.r.i.MethodCallReplacementClassAdapter - No hashCode defined for: org/springframework/core/NestedRuntimeException, superclass = org.evosuite.runtime.mock.java.lang.MockRuntimeException
23:36:14.386 [main] INFO  o.e.r.instrumentation.EvoClassLoader - Error while loading class: java.lang.ClassFormatError: Duplicate method name&signature in class file org/springframework/core/NestedRuntimeException
23:36:14.386 [main] INFO  o.e.r.instrumentation.EvoClassLoader - Error while loading class: java.lang.NoClassDefFoundError: org/springframework/core/NestedRuntimeException
23:36:14.386 [main] INFO  o.e.r.instrumentation.EvoClassLoader - Error while loading class: java.lang.NoClassDefFoundError: org/springframework/beans/BeansException
23:36:14.386 [main] ERROR o.e.r.c.ClassStateSupport - Could not initialize org.springframework.beans.PropertyAccessException: org/springframework/beans/BeansException
23:36:14.388 [main] INFO  o.e.r.instrumentation.EvoClassLoader - Seeing class for first time: org.apache.commons.logging.impl.SLF4JLocationAwareLog
23:36:14.388 [main] INFO  o.e.r.instrumentation.EvoClassLoader - Instrumenting class 'org.apache.commons.logging.impl.SLF4JLocationAwareLog'.
23:36:14.389 [main] INFO  o.e.r.i.MethodCallReplacementClassAdapter - Adding mock interface to class org/apache/commons/logging/impl/SLF4JLocationAwareLog
23:36:14.389 [main] INFO  o.e.r.i.CreateClassResetClassAdapter - Found static initializer in class org/apache/commons/logging/impl/SLF4JLocationAwareLog
23:36:14.389 [main] INFO  o.e.r.i.MethodCallReplacementClassAdapter - No hashCode defined for: org/apache/commons/logging/impl/SLF4JLocationAwareLog, superclass = java.lang.Object
23:36:14.389 [main] DEBUG o.e.r.agent.TransformerForTests - Going to instrument: org.apache.commons.logging.impl.SLF4JLocationAwareLog
23:36:14.390 [main] INFO  o.e.r.i.CreateClassResetClassAdapter - Found static initializer in class org/apache/commons/logging/impl/SLF4JLocationAwareLog
23:36:14.390 [main] INFO  o.e.r.instrumentation.EvoClassLoader - Error while loading class: java.lang.ClassFormatError: Duplicate method name&signature in class file org/apache/commons/logging/impl/SLF4JLocationAwareLog
23:36:14.391 [main] INFO  o.e.r.instrumentation.EvoClassLoader - Seeing class for first time: org.springframework.boot.ExitCodeEvent
23:36:14.391 [main] INFO  o.e.r.instrumentation.EvoClassLoader - Instrumenting class 'org.springframework.boot.ExitCodeEvent'.
23:36:14.391 [main] INFO  o.e.r.i.MethodCallReplacementClassAdapter - Adding mock interface to class org/springframework/boot/ExitCodeEvent
23:36:14.392 [main] INFO  o.e.r.i.MethodCallReplacementClassAdapter - No hashCode defined for: org/springframework/boot/ExitCodeEvent, superclass = org.springframework.context.ApplicationEvent
23:36:14.392 [main] INFO  o.e.r.i.CreateClassResetClassAdapter - Creating brand-new static initializer in class org/springframework/boot/ExitCodeEvent
23:36:14.392 [main] DEBUG o.e.r.agent.TransformerForTests - Going to instrument: org.springframework.boot.ExitCodeEvent
23:36:14.392 [main] INFO  o.e.r.i.MethodCallReplacementClassAdapter - No hashCode defined for: org/springframework/boot/ExitCodeEvent, superclass = org.springframework.context.ApplicationEvent
23:36:14.392 [main] INFO  o.e.r.instrumentation.EvoClassLoader - Keeping class: org.springframework.boot.ExitCodeEvent
23:36:14.392 [main] INFO  o.e.r.instrumentation.EvoClassLoader - Seeing class for first time: org.springframework.beans.factory.config.BeanFactoryPostProcessor
23:36:14.392 [main] INFO  o.e.r.instrumentation.EvoClassLoader - Instrumenting class 'org.springframework.beans.factory.config.BeanFactoryPostProcessor'.
23:36:14.393 [main] DEBUG o.e.r.agent.TransformerForTests - Going to instrument: org.springframework.beans.factory.config.BeanFactoryPostProcessor
23:36:14.393 [main] INFO  o.e.r.instrumentation.EvoClassLoader - Keeping class: org.springframework.beans.factory.config.BeanFactoryPostProcessor
23:36:14.394 [main] INFO  o.e.r.instrumentation.EvoClassLoader - Seeing class for first time: org.springframework.util.ObjectUtils
23:36:14.394 [main] INFO  o.e.r.instrumentation.EvoClassLoader - Instrumenting class 'org.springframework.util.ObjectUtils'.
23:36:14.395 [main] INFO  o.e.r.i.MethodCallReplacementClassAdapter - Adding mock interface to class org/springframework/util/ObjectUtils
23:36:14.398 [main] INFO  o.e.r.i.CreateClassResetClassAdapter - Creating brand-new static initializer in class org/springframework/util/ObjectUtils
23:36:14.398 [main] INFO  o.e.r.i.CreateClassResetClassAdapter - Adding bytecode for initializing field INITIAL_HASH
23:36:14.398 [main] INFO  o.e.r.i.CreateClassResetClassAdapter - Adding bytecode for initializing field MULTIPLIER
23:36:14.398 [main] INFO  o.e.r.i.CreateClassResetClassAdapter - Adding bytecode for initializing field EMPTY_STRING
23:36:14.398 [main] INFO  o.e.r.i.CreateClassResetClassAdapter - Adding bytecode for initializing field NULL_STRING
23:36:14.398 [main] INFO  o.e.r.i.CreateClassResetClassAdapter - Adding bytecode for initializing field ARRAY_START
23:36:14.398 [main] INFO  o.e.r.i.CreateClassResetClassAdapter - Adding bytecode for initializing field ARRAY_END
23:36:14.403 [main] INFO  o.e.r.i.CreateClassResetClassAdapter - Adding bytecode for initializing field EMPTY_ARRAY
23:36:14.403 [main] INFO  o.e.r.i.CreateClassResetClassAdapter - Adding bytecode for initializing field ARRAY_ELEMENT_SEPARATOR
23:36:14.403 [main] DEBUG o.e.r.agent.TransformerForTests - Going to instrument: org.springframework.util.ObjectUtils
23:36:14.409 [main] INFO  o.e.r.instrumentation.EvoClassLoader - Keeping class: org.springframework.util.ObjectUtils
23:36:14.411 [main] INFO  o.e.r.instrumentation.EvoClassLoader - Seeing class for first time: org.springframework.boot.logging.logback.SpringBootJoranConfigurator
23:36:14.411 [main] INFO  o.e.r.instrumentation.EvoClassLoader - Instrumenting class 'org.springframework.boot.logging.logback.SpringBootJoranConfigurator'.
23:36:14.412 [main] INFO  o.e.r.i.MethodCallReplacementClassAdapter - Adding mock interface to class org/springframework/boot/logging/logback/SpringBootJoranConfigurator
23:36:14.412 [main] INFO  o.e.r.i.MethodCallReplacementClassAdapter - No hashCode defined for: org/springframework/boot/logging/logback/SpringBootJoranConfigurator, superclass = ch.qos.logback.classic.joran.JoranConfigurator
23:36:14.412 [main] INFO  o.e.r.i.CreateClassResetClassAdapter - Creating brand-new static initializer in class org/springframework/boot/logging/logback/SpringBootJoranConfigurator
23:36:14.412 [main] DEBUG o.e.r.agent.TransformerForTests - Going to instrument: org.springframework.boot.logging.logback.SpringBootJoranConfigurator
23:36:14.412 [main] INFO  o.e.r.i.MethodCallReplacementClassAdapter - No hashCode defined for: org/springframework/boot/logging/logback/SpringBootJoranConfigurator, superclass = ch.qos.logback.classic.joran.JoranConfigurator
23:36:14.413 [main] INFO  o.e.r.instrumentation.EvoClassLoader - Keeping class: org.springframework.boot.logging.logback.SpringBootJoranConfigurator
23:36:14.413 [main] INFO  o.e.r.instrumentation.EvoClassLoader - Seeing class for first time: org.springframework.boot.logging.logback.SpringPropertyAction
23:36:14.413 [main] INFO  o.e.r.instrumentation.EvoClassLoader - Instrumenting class 'org.springframework.boot.logging.logback.SpringPropertyAction'.
23:36:14.414 [main] INFO  o.e.r.i.MethodCallReplacementClassAdapter - Adding mock interface to class org/springframework/boot/logging/logback/SpringPropertyAction
23:36:14.414 [main] INFO  o.e.r.i.MethodCallReplacementClassAdapter - No hashCode defined for: org/springframework/boot/logging/logback/SpringPropertyAction, superclass = ch.qos.logback.core.joran.action.Action
23:36:14.414 [main] INFO  o.e.r.i.CreateClassResetClassAdapter - Creating brand-new static initializer in class org/springframework/boot/logging/logback/SpringPropertyAction
23:36:14.414 [main] INFO  o.e.r.i.CreateClassResetClassAdapter - Adding bytecode for initializing field SOURCE_ATTRIBUTE
23:36:14.414 [main] DEBUG o.e.r.agent.TransformerForTests - Going to instrument: org.springframework.boot.logging.logback.SpringPropertyAction
23:36:14.414 [main] INFO  o.e.r.i.MethodCallReplacementClassAdapter - No hashCode defined for: org/springframework/boot/logging/logback/SpringPropertyAction, superclass = ch.qos.logback.core.joran.action.Action
23:36:14.415 [main] INFO  o.e.r.instrumentation.EvoClassLoader - Keeping class: org.springframework.boot.logging.logback.SpringPropertyAction
23:36:14.415 [main] INFO  o.e.r.instrumentation.EvoClassLoader - Seeing class for first time: org.springframework.boot.logging.logback.SpringProfileAction
23:36:14.415 [main] INFO  o.e.r.instrumentation.EvoClassLoader - Instrumenting class 'org.springframework.boot.logging.logback.SpringProfileAction'.
23:36:14.416 [main] INFO  o.e.r.i.MethodCallReplacementClassAdapter - Adding mock interface to class org/springframework/boot/logging/logback/SpringProfileAction
23:36:14.416 [main] INFO  o.e.r.i.MethodCallReplacementClassAdapter - No hashCode defined for: org/springframework/boot/logging/logback/SpringProfileAction, superclass = ch.qos.logback.core.joran.action.Action
23:36:14.416 [main] INFO  o.e.r.i.CreateClassResetClassAdapter - Creating brand-new static initializer in class org/springframework/boot/logging/logback/SpringProfileAction
23:36:14.416 [main] DEBUG o.e.r.agent.TransformerForTests - Going to instrument: org.springframework.boot.logging.logback.SpringProfileAction
23:36:14.417 [main] INFO  o.e.r.i.MethodCallReplacementClassAdapter - No hashCode defined for: org/springframework/boot/logging/logback/SpringProfileAction, superclass = ch.qos.logback.core.joran.action.Action
23:36:14.417 [main] INFO  o.e.r.instrumentation.EvoClassLoader - Keeping class: org.springframework.boot.logging.logback.SpringProfileAction
23:36:14.418 [main] INFO  o.e.r.instrumentation.EvoClassLoader - Seeing class for first time: org.springframework.beans.InvalidPropertyException
23:36:14.418 [main] INFO  o.e.r.instrumentation.EvoClassLoader - Instrumenting class 'org.springframework.beans.InvalidPropertyException'.
23:36:14.418 [main] INFO  o.e.r.i.MethodCallReplacementClassAdapter - Adding mock interface to class org/springframework/beans/InvalidPropertyException
23:36:14.419 [main] INFO  o.e.r.i.MethodCallReplacementClassAdapter - No hashCode defined for: org/springframework/beans/InvalidPropertyException, superclass = org.springframework.beans.FatalBeanException
23:36:14.419 [main] INFO  o.e.r.i.CreateClassResetClassAdapter - Creating brand-new static initializer in class org/springframework/beans/InvalidPropertyException
23:36:14.419 [main] DEBUG o.e.r.agent.TransformerForTests - Going to instrument: org.springframework.beans.InvalidPropertyException
23:36:14.419 [main] INFO  o.e.r.i.MethodCallReplacementClassAdapter - No hashCode defined for: org/springframework/beans/InvalidPropertyException, superclass = org.springframework.beans.FatalBeanException
23:36:14.419 [main] INFO  o.e.r.instrumentation.EvoClassLoader - Seeing class for first time: org.springframework.beans.FatalBeanException
23:36:14.419 [main] INFO  o.e.r.instrumentation.EvoClassLoader - Instrumenting class 'org.springframework.beans.FatalBeanException'.
23:36:14.420 [main] INFO  o.e.r.i.MethodCallReplacementClassAdapter - Adding mock interface to class org/springframework/beans/FatalBeanException
23:36:14.420 [main] INFO  o.e.r.i.MethodCallReplacementClassAdapter - No hashCode defined for: org/springframework/beans/FatalBeanException, superclass = org.springframework.beans.BeansException
23:36:14.420 [main] INFO  o.e.r.i.CreateClassResetClassAdapter - Creating brand-new static initializer in class org/springframework/beans/FatalBeanException
23:36:14.420 [main] DEBUG o.e.r.agent.TransformerForTests - Going to instrument: org.springframework.beans.FatalBeanException
23:36:14.420 [main] INFO  o.e.r.i.MethodCallReplacementClassAdapter - No hashCode defined for: org/springframework/beans/FatalBeanException, superclass = org.springframework.beans.BeansException
23:36:14.421 [main] INFO  o.e.r.instrumentation.EvoClassLoader - Seeing class for first time: org.springframework.beans.BeansException
23:36:14.421 [main] INFO  o.e.r.instrumentation.EvoClassLoader - Instrumenting class 'org.springframework.beans.BeansException'.
23:36:14.421 [main] INFO  o.e.r.i.MethodCallReplacementClassAdapter - Adding mock interface to class org/springframework/beans/BeansException
23:36:14.421 [main] INFO  o.e.r.i.CreateClassResetClassAdapter - Creating brand-new static initializer in class org/springframework/beans/BeansException
23:36:14.422 [main] DEBUG o.e.r.agent.TransformerForTests - Going to instrument: org.springframework.beans.BeansException
23:36:14.422 [main] INFO  o.e.r.instrumentation.EvoClassLoader - Seeing class for first time: org.springframework.core.NestedRuntimeException
23:36:14.422 [main] INFO  o.e.r.instrumentation.EvoClassLoader - Instrumenting class 'org.springframework.core.NestedRuntimeException'.
23:36:14.422 [main] INFO  o.e.r.i.MethodCallReplacementClassAdapter - Adding mock interface to class org/springframework/core/NestedRuntimeException
23:36:14.423 [main] INFO  o.e.r.i.CreateClassResetClassAdapter - Found static initializer in class org/springframework/core/NestedRuntimeException
23:36:14.423 [main] INFO  o.e.r.i.MethodCallReplacementClassAdapter - No hashCode defined for: org/springframework/core/NestedRuntimeException, superclass = java.lang.RuntimeException
23:36:14.424 [main] DEBUG o.e.r.agent.TransformerForTests - Going to instrument: org.springframework.core.NestedRuntimeException
23:36:14.425 [main] INFO  o.e.r.i.CreateClassResetClassAdapter - Found static initializer in class org/springframework/core/NestedRuntimeException
23:36:14.425 [main] INFO  o.e.r.i.MethodCallReplacementClassAdapter - No hashCode defined for: org/springframework/core/NestedRuntimeException, superclass = org.evosuite.runtime.mock.java.lang.MockRuntimeException
23:36:14.425 [main] INFO  o.e.r.instrumentation.EvoClassLoader - Error while loading class: java.lang.ClassFormatError: Duplicate method name&signature in class file org/springframework/core/NestedRuntimeException
23:36:14.425 [main] INFO  o.e.r.instrumentation.EvoClassLoader - Error while loading class: java.lang.NoClassDefFoundError: org/springframework/core/NestedRuntimeException
23:36:14.425 [main] INFO  o.e.r.instrumentation.EvoClassLoader - Error while loading class: java.lang.NoClassDefFoundError: org/springframework/beans/BeansException
23:36:14.425 [main] INFO  o.e.r.instrumentation.EvoClassLoader - Error while loading class: java.lang.NoClassDefFoundError: org/springframework/beans/FatalBeanException
23:36:14.425 [main] INFO  o.e.r.instrumentation.EvoClassLoader - Seeing class for first time: org.springframework.core.convert.support.GenericConversionService
23:36:14.425 [main] INFO  o.e.r.instrumentation.EvoClassLoader - Instrumenting class 'org.springframework.core.convert.support.GenericConversionService'.
23:36:14.427 [main] INFO  o.e.r.i.MethodCallReplacementClassAdapter - Adding mock interface to class org/springframework/core/convert/support/GenericConversionService
23:36:14.428 [main] INFO  o.e.r.i.CreateClassResetClassAdapter - Found static initializer in class org/springframework/core/convert/support/GenericConversionService
23:36:14.429 [main] INFO  o.e.r.i.MethodCallReplacementClassAdapter - No hashCode defined for: org/springframework/core/convert/support/GenericConversionService, superclass = java.lang.Object
23:36:14.429 [main] DEBUG o.e.r.agent.TransformerForTests - Going to instrument: org.springframework.core.convert.support.GenericConversionService
23:36:14.431 [main] INFO  o.e.r.i.CreateClassResetClassAdapter - Found static initializer in class org/springframework/core/convert/support/GenericConversionService
23:36:14.432 [main] INFO  o.e.r.instrumentation.EvoClassLoader - Error while loading class: java.lang.ClassFormatError: Duplicate method name&signature in class file org/springframework/core/convert/support/GenericConversionService
23:36:14.433 [main] INFO  o.e.r.instrumentation.EvoClassLoader - Seeing class for first time: org.springframework.boot.logging.LogLevel
23:36:14.433 [main] INFO  o.e.r.instrumentation.EvoClassLoader - Instrumenting class 'org.springframework.boot.logging.LogLevel'.
23:36:14.433 [main] INFO  o.e.r.i.MethodCallReplacementClassAdapter - Adding mock interface to class org/springframework/boot/logging/LogLevel
23:36:14.435 [main] INFO  o.e.r.i.CreateClassResetClassAdapter - Found static initializer in class org/springframework/boot/logging/LogLevel
23:36:14.436 [main] INFO  o.e.r.i.MethodCallReplacementClassAdapter - No hashCode defined for: org/springframework/boot/logging/LogLevel, superclass = java.lang.Enum
23:36:14.436 [main] DEBUG o.e.r.agent.TransformerForTests - Going to instrument: org.springframework.boot.logging.LogLevel
23:36:14.436 [main] INFO  o.e.r.i.CreateClassResetClassAdapter - Found static initializer in class org/springframework/boot/logging/LogLevel
23:36:14.436 [main] INFO  o.e.r.i.MethodCallReplacementClassAdapter - No hashCode defined for: org/springframework/boot/logging/LogLevel, superclass = java.lang.Enum
23:36:14.436 [main] INFO  o.e.r.instrumentation.EvoClassLoader - Error while loading class: java.lang.ClassFormatError: Duplicate method name&signature in class file org/springframework/boot/logging/LogLevel
23:36:14.436 [main] ERROR o.e.r.c.ClassStateSupport - Could not initialize org.springframework.boot.logging.LogLevel: Duplicate method name&signature in class file org/springframework/boot/logging/LogLevel
23:36:14.436 [main] INFO  o.e.r.instrumentation.EvoClassLoader - Seeing class for first time: org.springframework.core.OrderComparator
23:36:14.436 [main] INFO  o.e.r.instrumentation.EvoClassLoader - Instrumenting class 'org.springframework.core.OrderComparator'.
23:36:14.437 [main] INFO  o.e.r.i.MethodCallReplacementClassAdapter - Adding mock interface to class org/springframework/core/OrderComparator
23:36:14.438 [main] INFO  o.e.r.i.CreateClassResetClassAdapter - Found static initializer in class org/springframework/core/OrderComparator
23:36:14.438 [main] INFO  o.e.r.i.MethodCallReplacementClassAdapter - No hashCode defined for: org/springframework/core/OrderComparator, superclass = java.lang.Object
23:36:14.438 [main] DEBUG o.e.r.agent.TransformerForTests - Going to instrument: org.springframework.core.OrderComparator
23:36:14.439 [main] INFO  o.e.r.i.CreateClassResetClassAdapter - Found static initializer in class org/springframework/core/OrderComparator
23:36:14.440 [main] INFO  o.e.r.instrumentation.EvoClassLoader - Error while loading class: java.lang.ClassFormatError: Duplicate method name&signature in class file org/springframework/core/OrderComparator
23:36:14.440 [main] ERROR o.e.r.c.ClassStateSupport - Could not initialize org.springframework.core.OrderComparator: Duplicate method name&signature in class file org/springframework/core/OrderComparator
23:36:14.440 [main] INFO  o.e.r.instrumentation.EvoClassLoader - Seeing class for first time: org.springframework.util.ResourceUtils
23:36:14.440 [main] INFO  o.e.r.instrumentation.EvoClassLoader - Instrumenting class 'org.springframework.util.ResourceUtils'.
23:36:14.441 [main] INFO  o.e.r.i.MethodCallReplacementClassAdapter - Adding mock interface to class org/springframework/util/ResourceUtils
23:36:14.443 [main] INFO  o.e.r.i.MethodCallReplacementClassAdapter - No hashCode defined for: org/springframework/util/ResourceUtils, superclass = java.lang.Object
23:36:14.443 [main] INFO  o.e.r.i.CreateClassResetClassAdapter - Creating brand-new static initializer in class org/springframework/util/ResourceUtils
23:36:14.443 [main] INFO  o.e.r.i.CreateClassResetClassAdapter - Adding bytecode for initializing field CLASSPATH_URL_PREFIX
23:36:14.443 [main] INFO  o.e.r.i.CreateClassResetClassAdapter - Adding bytecode for initializing field FILE_URL_PREFIX
23:36:14.443 [main] INFO  o.e.r.i.CreateClassResetClassAdapter - Adding bytecode for initializing field JAR_URL_PREFIX
23:36:14.443 [main] INFO  o.e.r.i.CreateClassResetClassAdapter - Adding bytecode for initializing field WAR_URL_PREFIX
23:36:14.443 [main] INFO  o.e.r.i.CreateClassResetClassAdapter - Adding bytecode for initializing field URL_PROTOCOL_FILE
23:36:14.443 [main] INFO  o.e.r.i.CreateClassResetClassAdapter - Adding bytecode for initializing field URL_PROTOCOL_JAR
23:36:14.443 [main] INFO  o.e.r.i.CreateClassResetClassAdapter - Adding bytecode for initializing field URL_PROTOCOL_ZIP
23:36:14.443 [main] INFO  o.e.r.i.CreateClassResetClassAdapter - Adding bytecode for initializing field URL_PROTOCOL_WSJAR
23:36:14.443 [main] INFO  o.e.r.i.CreateClassResetClassAdapter - Adding bytecode for initializing field URL_PROTOCOL_VFSZIP
23:36:14.443 [main] INFO  o.e.r.i.CreateClassResetClassAdapter - Adding bytecode for initializing field URL_PROTOCOL_VFSFILE
23:36:14.443 [main] INFO  o.e.r.i.CreateClassResetClassAdapter - Adding bytecode for initializing field URL_PROTOCOL_VFS
23:36:14.443 [main] INFO  o.e.r.i.CreateClassResetClassAdapter - Adding bytecode for initializing field JAR_FILE_EXTENSION
23:36:14.443 [main] INFO  o.e.r.i.CreateClassResetClassAdapter - Adding bytecode for initializing field JAR_URL_SEPARATOR
23:36:14.443 [main] INFO  o.e.r.i.CreateClassResetClassAdapter - Adding bytecode for initializing field WAR_URL_SEPARATOR
23:36:14.443 [main] DEBUG o.e.r.agent.TransformerForTests - Going to instrument: org.springframework.util.ResourceUtils
23:36:14.450 [main] INFO  o.e.r.instrumentation.EvoClassLoader - Keeping class: org.springframework.util.ResourceUtils
23:36:14.452 [main] INFO  o.e.r.instrumentation.EvoClassLoader - Seeing class for first time: org.springframework.web.context.ConfigurableWebEnvironment
23:36:14.452 [main] INFO  o.e.r.instrumentation.EvoClassLoader - Instrumenting class 'org.springframework.web.context.ConfigurableWebEnvironment'.
23:36:14.452 [main] DEBUG o.e.r.agent.TransformerForTests - Going to instrument: org.springframework.web.context.ConfigurableWebEnvironment
23:36:14.453 [main] INFO  o.e.r.instrumentation.EvoClassLoader - Keeping class: org.springframework.web.context.ConfigurableWebEnvironment
23:36:14.453 [main] INFO  o.e.r.instrumentation.EvoClassLoader - Seeing class for first time: org.springframework.util.ReflectionUtils$MethodFilter
23:36:14.453 [main] INFO  o.e.r.instrumentation.EvoClassLoader - Instrumenting class 'org.springframework.util.ReflectionUtils$MethodFilter'.
23:36:14.453 [main] DEBUG o.e.r.agent.TransformerForTests - Going to instrument: org.springframework.util.ReflectionUtils$MethodFilter
23:36:14.454 [main] INFO  o.e.r.instrumentation.EvoClassLoader - Keeping class: org.springframework.util.ReflectionUtils$MethodFilter
23:36:14.454 [main] INFO  o.e.r.instrumentation.EvoClassLoader - Seeing class for first time: org.springframework.core.convert.support.IdToEntityConverter
23:36:14.454 [main] INFO  o.e.r.instrumentation.EvoClassLoader - Instrumenting class 'org.springframework.core.convert.support.IdToEntityConverter'.
23:36:14.455 [main] INFO  o.e.r.i.MethodCallReplacementClassAdapter - Adding mock interface to class org/springframework/core/convert/support/IdToEntityConverter
23:36:14.455 [main] INFO  o.e.r.i.MethodCallReplacementClassAdapter - No hashCode defined for: org/springframework/core/convert/support/IdToEntityConverter, superclass = java.lang.Object
23:36:14.455 [main] INFO  o.e.r.i.CreateClassResetClassAdapter - Creating brand-new static initializer in class org/springframework/core/convert/support/IdToEntityConverter
23:36:14.455 [main] DEBUG o.e.r.agent.TransformerForTests - Going to instrument: org.springframework.core.convert.support.IdToEntityConverter
23:36:14.457 [main] INFO  o.e.r.instrumentation.EvoClassLoader - Keeping class: org.springframework.core.convert.support.IdToEntityConverter
23:36:14.457 [main] INFO  o.e.r.instrumentation.EvoClassLoader - Seeing class for first time: org.springframework.util.ConcurrentReferenceHashMap$5
23:36:14.457 [main] INFO  o.e.r.instrumentation.EvoClassLoader - Instrumenting class 'org.springframework.util.ConcurrentReferenceHashMap$5'.
23:36:14.458 [main] INFO  o.e.r.i.MethodCallReplacementClassAdapter - Adding mock interface to class org/springframework/util/ConcurrentReferenceHashMap$5
23:36:14.458 [main] INFO  o.e.r.i.MethodCallReplacementClassAdapter - No hashCode defined for: org/springframework/util/ConcurrentReferenceHashMap$5, superclass = org.springframework.util.ConcurrentReferenceHashMap$Task
23:36:14.458 [main] DEBUG o.e.r.agent.TransformerForTests - Going to instrument: org.springframework.util.ConcurrentReferenceHashMap$5
23:36:14.459 [main] INFO  o.e.r.i.MethodCallReplacementClassAdapter - No hashCode defined for: org/springframework/util/ConcurrentReferenceHashMap$5, superclass = org.springframework.util.ConcurrentReferenceHashMap$Task
23:36:14.459 [main] INFO  o.e.r.instrumentation.EvoClassLoader - Keeping class: org.springframework.util.ConcurrentReferenceHashMap$5
23:36:14.459 [main] INFO  o.e.r.instrumentation.EvoClassLoader - Seeing class for first time: org.springframework.util.ConcurrentReferenceHashMap$TaskOption
23:36:14.459 [main] INFO  o.e.r.instrumentation.EvoClassLoader - Instrumenting class 'org.springframework.util.ConcurrentReferenceHashMap$TaskOption'.
23:36:14.459 [main] INFO  o.e.r.i.MethodCallReplacementClassAdapter - Adding mock interface to class org/springframework/util/ConcurrentReferenceHashMap$TaskOption
23:36:14.460 [main] INFO  o.e.r.i.CreateClassResetClassAdapter - Found static initializer in class org/springframework/util/ConcurrentReferenceHashMap$TaskOption
23:36:14.460 [main] INFO  o.e.r.i.MethodCallReplacementClassAdapter - No hashCode defined for: org/springframework/util/ConcurrentReferenceHashMap$TaskOption, superclass = java.lang.Enum
23:36:14.460 [main] DEBUG o.e.r.agent.TransformerForTests - Going to instrument: org.springframework.util.ConcurrentReferenceHashMap$TaskOption
23:36:14.460 [main] INFO  o.e.r.i.CreateClassResetClassAdapter - Found static initializer in class org/springframework/util/ConcurrentReferenceHashMap$TaskOption
23:36:14.460 [main] INFO  o.e.r.i.MethodCallReplacementClassAdapter - No hashCode defined for: org/springframework/util/ConcurrentReferenceHashMap$TaskOption, superclass = java.lang.Enum
23:36:14.460 [main] INFO  o.e.r.instrumentation.EvoClassLoader - Error while loading class: java.lang.ClassFormatError: Duplicate method name&signature in class file org/springframework/util/ConcurrentReferenceHashMap$TaskOption
23:36:14.460 [main] INFO  o.e.r.instrumentation.EvoClassLoader - Seeing class for first time: org.apache.commons.logging.LogConfigurationException
23:36:14.460 [main] INFO  o.e.r.instrumentation.EvoClassLoader - Instrumenting class 'org.apache.commons.logging.LogConfigurationException'.
23:36:14.463 [main] INFO  o.e.r.i.MethodCallReplacementClassAdapter - Adding mock interface to class org/apache/commons/logging/LogConfigurationException
23:36:14.464 [main] INFO  o.e.r.i.MethodCallReplacementClassAdapter - No hashCode defined for: org/apache/commons/logging/LogConfigurationException, superclass = java.lang.RuntimeException
23:36:14.464 [main] INFO  o.e.r.i.CreateClassResetClassAdapter - Creating brand-new static initializer in class org/apache/commons/logging/LogConfigurationException
23:36:14.464 [main] DEBUG o.e.r.agent.TransformerForTests - Going to instrument: org.apache.commons.logging.LogConfigurationException
23:36:14.464 [main] INFO  o.e.r.i.MethodCallReplacementClassAdapter - No hashCode defined for: org/apache/commons/logging/LogConfigurationException, superclass = org.evosuite.runtime.mock.java.lang.MockRuntimeException
23:36:14.465 [main] INFO  o.e.r.instrumentation.EvoClassLoader - Keeping class: org.apache.commons.logging.LogConfigurationException
23:36:14.465 [main] INFO  o.e.r.instrumentation.EvoClassLoader - Seeing class for first time: org.springframework.util.LinkedMultiValueMap
23:36:14.465 [main] INFO  o.e.r.instrumentation.EvoClassLoader - Instrumenting class 'org.springframework.util.LinkedMultiValueMap'.
23:36:14.466 [main] INFO  o.e.r.i.MethodCallReplacementClassAdapter - Adding mock interface to class org/springframework/util/LinkedMultiValueMap
23:36:14.467 [main] INFO  o.e.r.i.CreateClassResetClassAdapter - Creating brand-new static initializer in class org/springframework/util/LinkedMultiValueMap
23:36:14.467 [main] DEBUG o.e.r.agent.TransformerForTests - Going to instrument: org.springframework.util.LinkedMultiValueMap
23:36:14.469 [main] INFO  o.e.r.instrumentation.EvoClassLoader - Keeping class: org.springframework.util.LinkedMultiValueMap
23:36:14.469 [main] INFO  o.e.r.instrumentation.EvoClassLoader - Seeing class for first time: org.springframework.boot.logging.LoggingApplicationListener
23:36:14.470 [main] INFO  o.e.r.instrumentation.EvoClassLoader - Instrumenting class 'org.springframework.boot.logging.LoggingApplicationListener'.
23:36:14.471 [main] INFO  o.e.r.i.MethodCallReplacementClassAdapter - Adding mock interface to class org/springframework/boot/logging/LoggingApplicationListener
23:36:14.477 [main] INFO  o.e.r.i.CreateClassResetClassAdapter - Found static initializer in class org/springframework/boot/logging/LoggingApplicationListener
23:36:14.477 [main] INFO  o.e.r.i.MethodCallReplacementClassAdapter - No hashCode defined for: org/springframework/boot/logging/LoggingApplicationListener, superclass = java.lang.Object
23:36:14.478 [main] DEBUG o.e.r.agent.TransformerForTests - Going to instrument: org.springframework.boot.logging.LoggingApplicationListener
23:36:14.481 [main] INFO  o.e.r.i.CreateClassResetClassAdapter - Found static initializer in class org/springframework/boot/logging/LoggingApplicationListener
23:36:14.482 [main] INFO  o.e.r.instrumentation.EvoClassLoader - Error while loading class: java.lang.ClassFormatError: Duplicate method name&signature in class file org/springframework/boot/logging/LoggingApplicationListener
23:36:14.482 [main] ERROR o.e.r.c.ClassStateSupport - Could not initialize org.springframework.boot.logging.LoggingApplicationListener: Duplicate method name&signature in class file org/springframework/boot/logging/LoggingApplicationListener
23:36:14.482 [main] INFO  o.e.r.instrumentation.EvoClassLoader - Seeing class for first time: org.springframework.beans.SimpleTypeConverter
23:36:14.482 [main] INFO  o.e.r.instrumentation.EvoClassLoader - Instrumenting class 'org.springframework.beans.SimpleTypeConverter'.
23:36:14.483 [main] INFO  o.e.r.i.MethodCallReplacementClassAdapter - Adding mock interface to class org/springframework/beans/SimpleTypeConverter
23:36:14.483 [main] INFO  o.e.r.i.MethodCallReplacementClassAdapter - No hashCode defined for: org/springframework/beans/SimpleTypeConverter, superclass = org.springframework.beans.TypeConverterSupport
23:36:14.483 [main] INFO  o.e.r.i.CreateClassResetClassAdapter - Creating brand-new static initializer in class org/springframework/beans/SimpleTypeConverter
23:36:14.483 [main] DEBUG o.e.r.agent.TransformerForTests - Going to instrument: org.springframework.beans.SimpleTypeConverter
23:36:14.483 [main] INFO  o.e.r.i.MethodCallReplacementClassAdapter - No hashCode defined for: org/springframework/beans/SimpleTypeConverter, superclass = org.springframework.beans.TypeConverterSupport
23:36:14.483 [main] INFO  o.e.r.instrumentation.EvoClassLoader - Seeing class for first time: org.springframework.beans.TypeConverterSupport
23:36:14.483 [main] INFO  o.e.r.instrumentation.EvoClassLoader - Instrumenting class 'org.springframework.beans.TypeConverterSupport'.
23:36:14.484 [main] INFO  o.e.r.i.MethodCallReplacementClassAdapter - Adding mock interface to class org/springframework/beans/TypeConverterSupport
23:36:14.484 [main] INFO  o.e.r.i.MethodCallReplacementClassAdapter - No hashCode defined for: org/springframework/beans/TypeConverterSupport, superclass = org.springframework.beans.PropertyEditorRegistrySupport
23:36:14.484 [main] INFO  o.e.r.i.CreateClassResetClassAdapter - Creating brand-new static initializer in class org/springframework/beans/TypeConverterSupport
23:36:14.484 [main] DEBUG o.e.r.agent.TransformerForTests - Going to instrument: org.springframework.beans.TypeConverterSupport
23:36:14.485 [main] INFO  o.e.r.i.MethodCallReplacementClassAdapter - No hashCode defined for: org/springframework/beans/TypeConverterSupport, superclass = org.springframework.beans.PropertyEditorRegistrySupport
23:36:14.485 [main] INFO  o.e.r.instrumentation.EvoClassLoader - Seeing class for first time: org.springframework.beans.PropertyEditorRegistrySupport
23:36:14.485 [main] INFO  o.e.r.instrumentation.EvoClassLoader - Instrumenting class 'org.springframework.beans.PropertyEditorRegistrySupport'.
23:36:14.486 [main] INFO  o.e.r.i.MethodCallReplacementClassAdapter - Adding mock interface to class org/springframework/beans/PropertyEditorRegistrySupport
23:36:14.492 [main] INFO  o.e.r.i.CreateClassResetClassAdapter - Found static initializer in class org/springframework/beans/PropertyEditorRegistrySupport
23:36:14.492 [main] INFO  o.e.r.i.MethodCallReplacementClassAdapter - No hashCode defined for: org/springframework/beans/PropertyEditorRegistrySupport, superclass = java.lang.Object
23:36:14.493 [main] DEBUG o.e.r.agent.TransformerForTests - Going to instrument: org.springframework.beans.PropertyEditorRegistrySupport
23:36:14.496 [main] INFO  o.e.r.i.CreateClassResetClassAdapter - Found static initializer in class org/springframework/beans/PropertyEditorRegistrySupport
23:36:14.497 [main] INFO  o.e.r.instrumentation.EvoClassLoader - Error while loading class: java.lang.ClassFormatError: Duplicate method name&signature in class file org/springframework/beans/PropertyEditorRegistrySupport
23:36:14.497 [main] INFO  o.e.r.instrumentation.EvoClassLoader - Error while loading class: java.lang.NoClassDefFoundError: org/springframework/beans/PropertyEditorRegistrySupport
23:36:14.497 [main] INFO  o.e.r.instrumentation.EvoClassLoader - Error while loading class: java.lang.NoClassDefFoundError: org/springframework/beans/TypeConverterSupport
23:36:14.497 [main] ERROR o.e.r.c.ClassStateSupport - Could not initialize org.springframework.beans.SimpleTypeConverter: org/springframework/beans/TypeConverterSupport
23:36:14.497 [main] INFO  o.e.r.instrumentation.EvoClassLoader - Seeing class for first time: org.springframework.core.convert.ConversionFailedException
23:36:14.497 [main] INFO  o.e.r.instrumentation.EvoClassLoader - Instrumenting class 'org.springframework.core.convert.ConversionFailedException'.
23:36:14.498 [main] INFO  o.e.r.i.MethodCallReplacementClassAdapter - Adding mock interface to class org/springframework/core/convert/ConversionFailedException
23:36:14.498 [main] INFO  o.e.r.i.MethodCallReplacementClassAdapter - No hashCode defined for: org/springframework/core/convert/ConversionFailedException, superclass = org.springframework.core.convert.ConversionException
23:36:14.498 [main] INFO  o.e.r.i.CreateClassResetClassAdapter - Creating brand-new static initializer in class org/springframework/core/convert/ConversionFailedException
23:36:14.498 [main] DEBUG o.e.r.agent.TransformerForTests - Going to instrument: org.springframework.core.convert.ConversionFailedException
23:36:14.498 [main] INFO  o.e.r.i.MethodCallReplacementClassAdapter - No hashCode defined for: org/springframework/core/convert/ConversionFailedException, superclass = org.springframework.core.convert.ConversionException
23:36:14.499 [main] INFO  o.e.r.instrumentation.EvoClassLoader - Seeing class for first time: org.springframework.core.convert.ConversionException
23:36:14.499 [main] INFO  o.e.r.instrumentation.EvoClassLoader - Instrumenting class 'org.springframework.core.convert.ConversionException'.
23:36:14.499 [main] INFO  o.e.r.i.MethodCallReplacementClassAdapter - Adding mock interface to class org/springframework/core/convert/ConversionException
23:36:14.499 [main] INFO  o.e.r.i.MethodCallReplacementClassAdapter - No hashCode defined for: org/springframework/core/convert/ConversionException, superclass = org.springframework.core.NestedRuntimeException
23:36:14.499 [main] INFO  o.e.r.i.CreateClassResetClassAdapter - Creating brand-new static initializer in class org/springframework/core/convert/ConversionException
23:36:14.499 [main] DEBUG o.e.r.agent.TransformerForTests - Going to instrument: org.springframework.core.convert.ConversionException
23:36:14.499 [main] INFO  o.e.r.i.MethodCallReplacementClassAdapter - No hashCode defined for: org/springframework/core/convert/ConversionException, superclass = org.springframework.core.NestedRuntimeException
23:36:14.499 [main] INFO  o.e.r.instrumentation.EvoClassLoader - Seeing class for first time: org.springframework.core.NestedRuntimeException
23:36:14.500 [main] INFO  o.e.r.instrumentation.EvoClassLoader - Instrumenting class 'org.springframework.core.NestedRuntimeException'.
23:36:14.500 [main] INFO  o.e.r.i.MethodCallReplacementClassAdapter - Adding mock interface to class org/springframework/core/NestedRuntimeException
23:36:14.501 [main] INFO  o.e.r.i.CreateClassResetClassAdapter - Found static initializer in class org/springframework/core/NestedRuntimeException
23:36:14.501 [main] INFO  o.e.r.i.MethodCallReplacementClassAdapter - No hashCode defined for: org/springframework/core/NestedRuntimeException, superclass = java.lang.RuntimeException
23:36:14.501 [main] DEBUG o.e.r.agent.TransformerForTests - Going to instrument: org.springframework.core.NestedRuntimeException
23:36:14.502 [main] INFO  o.e.r.i.CreateClassResetClassAdapter - Found static initializer in class org/springframework/core/NestedRuntimeException
23:36:14.502 [main] INFO  o.e.r.i.MethodCallReplacementClassAdapter - No hashCode defined for: org/springframework/core/NestedRuntimeException, superclass = org.evosuite.runtime.mock.java.lang.MockRuntimeException
23:36:14.505 [main] INFO  o.e.r.instrumentation.EvoClassLoader - Error while loading class: java.lang.ClassFormatError: Duplicate method name&signature in class file org/springframework/core/NestedRuntimeException
23:36:14.505 [main] INFO  o.e.r.instrumentation.EvoClassLoader - Error while loading class: java.lang.NoClassDefFoundError: org/springframework/core/NestedRuntimeException
23:36:14.505 [main] INFO  o.e.r.instrumentation.EvoClassLoader - Error while loading class: java.lang.NoClassDefFoundError: org/springframework/core/convert/ConversionException
23:36:14.505 [main] INFO  o.e.r.instrumentation.EvoClassLoader - Seeing class for first time: org.springframework.beans.PropertyEditorRegistrySupport
23:36:14.505 [main] INFO  o.e.r.instrumentation.EvoClassLoader - Instrumenting class 'org.springframework.beans.PropertyEditorRegistrySupport'.
23:36:14.507 [main] INFO  o.e.r.i.MethodCallReplacementClassAdapter - Adding mock interface to class org/springframework/beans/PropertyEditorRegistrySupport
23:36:14.509 [main] INFO  o.e.r.i.CreateClassResetClassAdapter - Found static initializer in class org/springframework/beans/PropertyEditorRegistrySupport
23:36:14.509 [main] INFO  o.e.r.i.MethodCallReplacementClassAdapter - No hashCode defined for: org/springframework/beans/PropertyEditorRegistrySupport, superclass = java.lang.Object
23:36:14.509 [main] DEBUG o.e.r.agent.TransformerForTests - Going to instrument: org.springframework.beans.PropertyEditorRegistrySupport
23:36:14.513 [main] INFO  o.e.r.i.CreateClassResetClassAdapter - Found static initializer in class org/springframework/beans/PropertyEditorRegistrySupport
23:36:14.514 [main] INFO  o.e.r.instrumentation.EvoClassLoader - Error while loading class: java.lang.ClassFormatError: Duplicate method name&signature in class file org/springframework/beans/PropertyEditorRegistrySupport
23:36:14.514 [main] ERROR o.e.r.c.ClassStateSupport - Could not initialize org.springframework.beans.PropertyEditorRegistrySupport: Duplicate method name&signature in class file org/springframework/beans/PropertyEditorRegistrySupport
23:36:14.514 [main] INFO  o.e.r.instrumentation.EvoClassLoader - Seeing class for first time: org.springframework.boot.context.config.DelegatingApplicationListener
23:36:14.514 [main] INFO  o.e.r.instrumentation.EvoClassLoader - Instrumenting class 'org.springframework.boot.context.config.DelegatingApplicationListener'.
23:36:14.517 [main] INFO  o.e.r.i.MethodCallReplacementClassAdapter - Adding mock interface to class org/springframework/boot/context/config/DelegatingApplicationListener
23:36:14.519 [main] INFO  o.e.r.i.MethodCallReplacementClassAdapter - No hashCode defined for: org/springframework/boot/context/config/DelegatingApplicationListener, superclass = java.lang.Object
23:36:14.519 [main] INFO  o.e.r.i.CreateClassResetClassAdapter - Creating brand-new static initializer in class org/springframework/boot/context/config/DelegatingApplicationListener
23:36:14.519 [main] INFO  o.e.r.i.CreateClassResetClassAdapter - Adding bytecode for initializing field PROPERTY_NAME
23:36:14.520 [main] DEBUG o.e.r.agent.TransformerForTests - Going to instrument: org.springframework.boot.context.config.DelegatingApplicationListener
23:36:14.521 [main] INFO  o.e.r.instrumentation.EvoClassLoader - Keeping class: org.springframework.boot.context.config.DelegatingApplicationListener
23:36:14.521 [main] INFO  o.e.r.instrumentation.EvoClassLoader - Seeing class for first time: org.springframework.context.ApplicationContextException
23:36:14.521 [main] INFO  o.e.r.instrumentation.EvoClassLoader - Instrumenting class 'org.springframework.context.ApplicationContextException'.
23:36:14.522 [main] INFO  o.e.r.i.MethodCallReplacementClassAdapter - Adding mock interface to class org/springframework/context/ApplicationContextException
23:36:14.522 [main] INFO  o.e.r.i.MethodCallReplacementClassAdapter - No hashCode defined for: org/springframework/context/ApplicationContextException, superclass = org.springframework.beans.FatalBeanException
23:36:14.522 [main] INFO  o.e.r.i.CreateClassResetClassAdapter - Creating brand-new static initializer in class org/springframework/context/ApplicationContextException
23:36:14.522 [main] DEBUG o.e.r.agent.TransformerForTests - Going to instrument: org.springframework.context.ApplicationContextException
23:36:14.522 [main] INFO  o.e.r.i.MethodCallReplacementClassAdapter - No hashCode defined for: org/springframework/context/ApplicationContextException, superclass = org.springframework.beans.FatalBeanException
23:36:14.522 [main] INFO  o.e.r.instrumentation.EvoClassLoader - Seeing class for first time: org.springframework.beans.FatalBeanException
23:36:14.522 [main] INFO  o.e.r.instrumentation.EvoClassLoader - Instrumenting class 'org.springframework.beans.FatalBeanException'.
23:36:14.523 [main] INFO  o.e.r.i.MethodCallReplacementClassAdapter - Adding mock interface to class org/springframework/beans/FatalBeanException
23:36:14.523 [main] INFO  o.e.r.i.MethodCallReplacementClassAdapter - No hashCode defined for: org/springframework/beans/FatalBeanException, superclass = org.springframework.beans.BeansException
23:36:14.523 [main] INFO  o.e.r.i.CreateClassResetClassAdapter - Creating brand-new static initializer in class org/springframework/beans/FatalBeanException
23:36:14.523 [main] DEBUG o.e.r.agent.TransformerForTests - Going to instrument: org.springframework.beans.FatalBeanException
23:36:14.523 [main] INFO  o.e.r.i.MethodCallReplacementClassAdapter - No hashCode defined for: org/springframework/beans/FatalBeanException, superclass = org.springframework.beans.BeansException
23:36:14.523 [main] INFO  o.e.r.instrumentation.EvoClassLoader - Seeing class for first time: org.springframework.beans.BeansException
23:36:14.523 [main] INFO  o.e.r.instrumentation.EvoClassLoader - Instrumenting class 'org.springframework.beans.BeansException'.
23:36:14.523 [main] INFO  o.e.r.i.MethodCallReplacementClassAdapter - Adding mock interface to class org/springframework/beans/BeansException
23:36:14.524 [main] INFO  o.e.r.i.CreateClassResetClassAdapter - Creating brand-new static initializer in class org/springframework/beans/BeansException
23:36:14.524 [main] DEBUG o.e.r.agent.TransformerForTests - Going to instrument: org.springframework.beans.BeansException
23:36:14.524 [main] INFO  o.e.r.instrumentation.EvoClassLoader - Seeing class for first time: org.springframework.core.NestedRuntimeException
23:36:14.524 [main] INFO  o.e.r.instrumentation.EvoClassLoader - Instrumenting class 'org.springframework.core.NestedRuntimeException'.
23:36:14.525 [main] INFO  o.e.r.i.MethodCallReplacementClassAdapter - Adding mock interface to class org/springframework/core/NestedRuntimeException
23:36:14.525 [main] INFO  o.e.r.i.CreateClassResetClassAdapter - Found static initializer in class org/springframework/core/NestedRuntimeException
23:36:14.526 [main] INFO  o.e.r.i.MethodCallReplacementClassAdapter - No hashCode defined for: org/springframework/core/NestedRuntimeException, superclass = java.lang.RuntimeException
23:36:14.526 [main] DEBUG o.e.r.agent.TransformerForTests - Going to instrument: org.springframework.core.NestedRuntimeException
23:36:14.527 [main] INFO  o.e.r.i.CreateClassResetClassAdapter - Found static initializer in class org/springframework/core/NestedRuntimeException
23:36:14.527 [main] INFO  o.e.r.i.MethodCallReplacementClassAdapter - No hashCode defined for: org/springframework/core/NestedRuntimeException, superclass = org.evosuite.runtime.mock.java.lang.MockRuntimeException
23:36:14.527 [main] INFO  o.e.r.instrumentation.EvoClassLoader - Error while loading class: java.lang.ClassFormatError: Duplicate method name&signature in class file org/springframework/core/NestedRuntimeException
23:36:14.527 [main] INFO  o.e.r.instrumentation.EvoClassLoader - Error while loading class: java.lang.NoClassDefFoundError: org/springframework/core/NestedRuntimeException
23:36:14.527 [main] INFO  o.e.r.instrumentation.EvoClassLoader - Error while loading class: java.lang.NoClassDefFoundError: org/springframework/beans/BeansException
23:36:14.527 [main] INFO  o.e.r.instrumentation.EvoClassLoader - Error while loading class: java.lang.NoClassDefFoundError: org/springframework/beans/FatalBeanException
23:36:14.527 [main] ERROR o.e.r.c.ClassStateSupport - Could not initialize org.springframework.boot.context.config.DelegatingApplicationListener: org/springframework/context/ApplicationContextException
23:36:14.528 [main] INFO  o.e.r.instrumentation.EvoClassLoader - Seeing class for first time: org.springframework.core.convert.support.StringToPropertiesConverter
23:36:14.528 [main] INFO  o.e.r.instrumentation.EvoClassLoader - Instrumenting class 'org.springframework.core.convert.support.StringToPropertiesConverter'.
23:36:14.528 [main] INFO  o.e.r.i.MethodCallReplacementClassAdapter - Adding mock interface to class org/springframework/core/convert/support/StringToPropertiesConverter
23:36:14.536 [main] INFO  o.e.r.i.MethodCallReplacementClassAdapter - No hashCode defined for: org/springframework/core/convert/support/StringToPropertiesConverter, superclass = java.lang.Object
23:36:14.536 [main] INFO  o.e.r.i.CreateClassResetClassAdapter - Creating brand-new static initializer in class org/springframework/core/convert/support/StringToPropertiesConverter
23:36:14.537 [main] DEBUG o.e.r.agent.TransformerForTests - Going to instrument: org.springframework.core.convert.support.StringToPropertiesConverter
23:36:14.547 [main] INFO  o.e.r.instrumentation.EvoClassLoader - Keeping class: org.springframework.core.convert.support.StringToPropertiesConverter
23:36:14.548 [main] INFO  o.e.r.instrumentation.EvoClassLoader - Seeing class for first time: org.springframework.util.ConcurrentReferenceHashMap$Segment
23:36:14.548 [main] INFO  o.e.r.instrumentation.EvoClassLoader - Instrumenting class 'org.springframework.util.ConcurrentReferenceHashMap$Segment'.
23:36:14.549 [main] INFO  o.e.r.i.MethodCallReplacementClassAdapter - Adding mock interface to class org/springframework/util/ConcurrentReferenceHashMap$Segment
23:36:14.550 [main] INFO  o.e.r.i.MethodCallReplacementClassAdapter - No hashCode defined for: org/springframework/util/ConcurrentReferenceHashMap$Segment, superclass = java.util.concurrent.locks.ReentrantLock
23:36:14.550 [main] INFO  o.e.r.i.CreateClassResetClassAdapter - Creating brand-new static initializer in class org/springframework/util/ConcurrentReferenceHashMap$Segment
23:36:14.550 [main] DEBUG o.e.r.agent.TransformerForTests - Going to instrument: org.springframework.util.ConcurrentReferenceHashMap$Segment
23:36:14.551 [main] INFO  o.e.r.i.MethodCallReplacementClassAdapter - No hashCode defined for: org/springframework/util/ConcurrentReferenceHashMap$Segment, superclass = java.util.concurrent.locks.ReentrantLock
23:36:14.552 [main] INFO  o.e.r.instrumentation.EvoClassLoader - Keeping class: org.springframework.util.ConcurrentReferenceHashMap$Segment
23:36:14.552 [main] INFO  o.e.r.instrumentation.EvoClassLoader - Seeing class for first time: org.springframework.boot.Banner$Mode
23:36:14.552 [main] INFO  o.e.r.instrumentation.EvoClassLoader - Instrumenting class 'org.springframework.boot.Banner$Mode'.
23:36:14.553 [main] INFO  o.e.r.i.MethodCallReplacementClassAdapter - Adding mock interface to class org/springframework/boot/Banner$Mode
23:36:14.553 [main] INFO  o.e.r.i.CreateClassResetClassAdapter - Found static initializer in class org/springframework/boot/Banner$Mode
23:36:14.553 [main] INFO  o.e.r.i.MethodCallReplacementClassAdapter - No hashCode defined for: org/springframework/boot/Banner$Mode, superclass = java.lang.Enum
23:36:14.553 [main] DEBUG o.e.r.agent.TransformerForTests - Going to instrument: org.springframework.boot.Banner$Mode
23:36:14.553 [main] INFO  o.e.r.i.CreateClassResetClassAdapter - Found static initializer in class org/springframework/boot/Banner$Mode
23:36:14.553 [main] INFO  o.e.r.i.MethodCallReplacementClassAdapter - No hashCode defined for: org/springframework/boot/Banner$Mode, superclass = java.lang.Enum
23:36:14.554 [main] INFO  o.e.r.instrumentation.EvoClassLoader - Error while loading class: java.lang.ClassFormatError: Duplicate method name&signature in class file org/springframework/boot/Banner$Mode
23:36:14.554 [main] ERROR o.e.r.c.ClassStateSupport - Could not initialize org.springframework.boot.Banner$Mode: Duplicate method name&signature in class file org/springframework/boot/Banner$Mode
23:36:14.554 [main] INFO  o.e.r.instrumentation.EvoClassLoader - Seeing class for first time: org.springframework.beans.factory.support.BeanDefinitionRegistry
23:36:14.554 [main] INFO  o.e.r.instrumentation.EvoClassLoader - Instrumenting class 'org.springframework.beans.factory.support.BeanDefinitionRegistry'.
23:36:14.554 [main] DEBUG o.e.r.agent.TransformerForTests - Going to instrument: org.springframework.beans.factory.support.BeanDefinitionRegistry
23:36:14.555 [main] INFO  o.e.r.instrumentation.EvoClassLoader - Seeing class for first time: org.springframework.core.AliasRegistry
23:36:14.555 [main] INFO  o.e.r.instrumentation.EvoClassLoader - Instrumenting class 'org.springframework.core.AliasRegistry'.
23:36:14.555 [main] DEBUG o.e.r.agent.TransformerForTests - Going to instrument: org.springframework.core.AliasRegistry
23:36:14.558 [main] INFO  o.e.r.instrumentation.EvoClassLoader - Keeping class: org.springframework.core.AliasRegistry
23:36:14.558 [main] INFO  o.e.r.instrumentation.EvoClassLoader - Keeping class: org.springframework.beans.factory.support.BeanDefinitionRegistry
23:36:14.558 [main] INFO  o.e.r.instrumentation.EvoClassLoader - Seeing class for first time: org.springframework.boot.context.config.AnsiOutputApplicationListener
23:36:14.558 [main] INFO  o.e.r.instrumentation.EvoClassLoader - Instrumenting class 'org.springframework.boot.context.config.AnsiOutputApplicationListener'.
23:36:14.559 [main] INFO  o.e.r.i.MethodCallReplacementClassAdapter - Adding mock interface to class org/springframework/boot/context/config/AnsiOutputApplicationListener
23:36:14.559 [main] INFO  o.e.r.i.MethodCallReplacementClassAdapter - No hashCode defined for: org/springframework/boot/context/config/AnsiOutputApplicationListener, superclass = java.lang.Object
23:36:14.559 [main] INFO  o.e.r.i.CreateClassResetClassAdapter - Creating brand-new static initializer in class org/springframework/boot/context/config/AnsiOutputApplicationListener
23:36:14.559 [main] DEBUG o.e.r.agent.TransformerForTests - Going to instrument: org.springframework.boot.context.config.AnsiOutputApplicationListener
23:36:14.560 [main] INFO  o.e.r.instrumentation.EvoClassLoader - Keeping class: org.springframework.boot.context.config.AnsiOutputApplicationListener
23:36:14.560 [main] INFO  o.e.r.instrumentation.EvoClassLoader - Seeing class for first time: org.springframework.core.ResolvableType$SyntheticParameterizedType
23:36:14.560 [main] INFO  o.e.r.instrumentation.EvoClassLoader - Instrumenting class 'org.springframework.core.ResolvableType$SyntheticParameterizedType'.
23:36:14.561 [main] INFO  o.e.r.i.MethodCallReplacementClassAdapter - Adding mock interface to class org/springframework/core/ResolvableType$SyntheticParameterizedType
23:36:14.561 [main] INFO  o.e.r.i.CreateClassResetClassAdapter - Creating brand-new static initializer in class org/springframework/core/ResolvableType$SyntheticParameterizedType
23:36:14.561 [main] DEBUG o.e.r.agent.TransformerForTests - Going to instrument: org.springframework.core.ResolvableType$SyntheticParameterizedType
23:36:14.561 [main] INFO  o.e.r.instrumentation.EvoClassLoader - Keeping class: org.springframework.core.ResolvableType$SyntheticParameterizedType
23:36:14.562 [main] INFO  o.e.r.instrumentation.EvoClassLoader - Seeing class for first time: org.springframework.util.ReflectionUtils$4
23:36:14.562 [main] INFO  o.e.r.instrumentation.EvoClassLoader - Instrumenting class 'org.springframework.util.ReflectionUtils$4'.
23:36:14.562 [main] INFO  o.e.r.i.MethodCallReplacementClassAdapter - Adding mock interface to class org/springframework/util/ReflectionUtils$4
23:36:14.562 [main] INFO  o.e.r.i.MethodCallReplacementClassAdapter - No hashCode defined for: org/springframework/util/ReflectionUtils$4, superclass = java.lang.Object
23:36:14.562 [main] DEBUG o.e.r.agent.TransformerForTests - Going to instrument: org.springframework.util.ReflectionUtils$4
23:36:14.563 [main] INFO  o.e.r.instrumentation.EvoClassLoader - Keeping class: org.springframework.util.ReflectionUtils$4
23:36:14.563 [main] INFO  o.e.r.instrumentation.EvoClassLoader - Seeing class for first time: org.springframework.boot.logging.DeferredLog
23:36:14.563 [main] INFO  o.e.r.instrumentation.EvoClassLoader - Instrumenting class 'org.springframework.boot.logging.DeferredLog'.
23:36:14.564 [main] INFO  o.e.r.i.MethodCallReplacementClassAdapter - Adding mock interface to class org/springframework/boot/logging/DeferredLog
23:36:14.564 [main] INFO  o.e.r.i.MethodCallReplacementClassAdapter - No hashCode defined for: org/springframework/boot/logging/DeferredLog, superclass = java.lang.Object
23:36:14.564 [main] INFO  o.e.r.i.CreateClassResetClassAdapter - Creating brand-new static initializer in class org/springframework/boot/logging/DeferredLog
23:36:14.564 [main] DEBUG o.e.r.agent.TransformerForTests - Going to instrument: org.springframework.boot.logging.DeferredLog
23:36:14.565 [main] INFO  o.e.r.instrumentation.EvoClassLoader - Keeping class: org.springframework.boot.logging.DeferredLog
23:36:14.565 [main] INFO  o.e.r.instrumentation.EvoClassLoader - Seeing class for first time: org.springframework.util.ReflectionUtils$6
23:36:14.565 [main] INFO  o.e.r.instrumentation.EvoClassLoader - Instrumenting class 'org.springframework.util.ReflectionUtils$6'.
23:36:14.566 [main] INFO  o.e.r.i.MethodCallReplacementClassAdapter - Adding mock interface to class org/springframework/util/ReflectionUtils$6
23:36:14.566 [main] INFO  o.e.r.i.MethodCallReplacementClassAdapter - No hashCode defined for: org/springframework/util/ReflectionUtils$6, superclass = java.lang.Object
23:36:14.566 [main] DEBUG o.e.r.agent.TransformerForTests - Going to instrument: org.springframework.util.ReflectionUtils$6
23:36:14.566 [main] INFO  o.e.r.instrumentation.EvoClassLoader - Keeping class: org.springframework.util.ReflectionUtils$6
23:36:14.567 [main] INFO  o.e.r.instrumentation.EvoClassLoader - Seeing class for first time: org.springframework.boot.context.event.EventPublishingRunListener
23:36:14.567 [main] INFO  o.e.r.instrumentation.EvoClassLoader - Instrumenting class 'org.springframework.boot.context.event.EventPublishingRunListener'.
23:36:14.567 [main] INFO  o.e.r.i.MethodCallReplacementClassAdapter - Adding mock interface to class org/springframework/boot/context/event/EventPublishingRunListener
23:36:14.568 [main] INFO  o.e.r.i.MethodCallReplacementClassAdapter - No hashCode defined for: org/springframework/boot/context/event/EventPublishingRunListener, superclass = java.lang.Object
23:36:14.568 [main] INFO  o.e.r.i.CreateClassResetClassAdapter - Creating brand-new static initializer in class org/springframework/boot/context/event/EventPublishingRunListener
23:36:14.568 [main] DEBUG o.e.r.agent.TransformerForTests - Going to instrument: org.springframework.boot.context.event.EventPublishingRunListener
23:36:14.569 [main] INFO  o.e.r.instrumentation.EvoClassLoader - Keeping class: org.springframework.boot.context.event.EventPublishingRunListener
23:36:14.569 [main] INFO  o.e.r.instrumentation.EvoClassLoader - Seeing class for first time: org.springframework.boot.context.event.ApplicationFailedEvent
23:36:14.569 [main] INFO  o.e.r.instrumentation.EvoClassLoader - Instrumenting class 'org.springframework.boot.context.event.ApplicationFailedEvent'.
23:36:14.570 [main] INFO  o.e.r.i.MethodCallReplacementClassAdapter - Adding mock interface to class org/springframework/boot/context/event/ApplicationFailedEvent
23:36:14.570 [main] INFO  o.e.r.i.MethodCallReplacementClassAdapter - No hashCode defined for: org/springframework/boot/context/event/ApplicationFailedEvent, superclass = org.springframework.boot.context.event.SpringApplicationEvent
23:36:14.570 [main] INFO  o.e.r.i.CreateClassResetClassAdapter - Creating brand-new static initializer in class org/springframework/boot/context/event/ApplicationFailedEvent
23:36:14.570 [main] DEBUG o.e.r.agent.TransformerForTests - Going to instrument: org.springframework.boot.context.event.ApplicationFailedEvent
23:36:14.570 [main] INFO  o.e.r.i.MethodCallReplacementClassAdapter - No hashCode defined for: org/springframework/boot/context/event/ApplicationFailedEvent, superclass = org.springframework.boot.context.event.SpringApplicationEvent
23:36:14.570 [main] INFO  o.e.r.instrumentation.EvoClassLoader - Keeping class: org.springframework.boot.context.event.ApplicationFailedEvent
23:36:14.570 [main] INFO  o.e.r.instrumentation.EvoClassLoader - Seeing class for first time: org.springframework.core.ResolvableType
23:36:14.570 [main] INFO  o.e.r.instrumentation.EvoClassLoader - Instrumenting class 'org.springframework.core.ResolvableType'.
23:36:14.573 [main] INFO  o.e.r.i.MethodCallReplacementClassAdapter - Adding mock interface to class org/springframework/core/ResolvableType
23:36:14.577 [main] INFO  o.e.r.i.CreateClassResetClassAdapter - Found static initializer in class org/springframework/core/ResolvableType
23:36:14.581 [main] DEBUG o.e.r.agent.TransformerForTests - Going to instrument: org.springframework.core.ResolvableType
23:36:14.585 [main] INFO  o.e.r.i.CreateClassResetClassAdapter - Found static initializer in class org/springframework/core/ResolvableType
23:36:14.586 [main] INFO  o.e.r.instrumentation.EvoClassLoader - Error while loading class: java.lang.ClassFormatError: Duplicate method name&signature in class file org/springframework/core/ResolvableType
23:36:14.587 [main] INFO  o.e.r.instrumentation.EvoClassLoader - Seeing class for first time: org.springframework.util.ReflectionUtils$5
23:36:14.587 [main] INFO  o.e.r.instrumentation.EvoClassLoader - Instrumenting class 'org.springframework.util.ReflectionUtils$5'.
23:36:14.587 [main] INFO  o.e.r.i.MethodCallReplacementClassAdapter - Adding mock interface to class org/springframework/util/ReflectionUtils$5
23:36:14.588 [main] INFO  o.e.r.i.MethodCallReplacementClassAdapter - No hashCode defined for: org/springframework/util/ReflectionUtils$5, superclass = java.lang.Object
23:36:14.588 [main] DEBUG o.e.r.agent.TransformerForTests - Going to instrument: org.springframework.util.ReflectionUtils$5
23:36:14.588 [main] INFO  o.e.r.instrumentation.EvoClassLoader - Keeping class: org.springframework.util.ReflectionUtils$5
23:36:14.588 [main] INFO  o.e.r.instrumentation.EvoClassLoader - Seeing class for first time: org.springframework.core.annotation.SynthesizedAnnotation
23:36:14.588 [main] INFO  o.e.r.instrumentation.EvoClassLoader - Instrumenting class 'org.springframework.core.annotation.SynthesizedAnnotation'.
23:36:14.589 [main] DEBUG o.e.r.agent.TransformerForTests - Going to instrument: org.springframework.core.annotation.SynthesizedAnnotation
23:36:14.589 [main] INFO  o.e.r.instrumentation.EvoClassLoader - Keeping class: org.springframework.core.annotation.SynthesizedAnnotation
23:36:14.589 [main] INFO  o.e.r.instrumentation.EvoClassLoader - Seeing class for first time: org.springframework.core.convert.support.GenericConversionService$Converters
23:36:14.589 [main] INFO  o.e.r.instrumentation.EvoClassLoader - Instrumenting class 'org.springframework.core.convert.support.GenericConversionService$Converters'.
23:36:14.590 [main] INFO  o.e.r.i.MethodCallReplacementClassAdapter - Adding mock interface to class org/springframework/core/convert/support/GenericConversionService$Converters
23:36:14.591 [main] INFO  o.e.r.i.MethodCallReplacementClassAdapter - No hashCode defined for: org/springframework/core/convert/support/GenericConversionService$Converters, superclass = java.lang.Object
23:36:14.591 [main] INFO  o.e.r.i.CreateClassResetClassAdapter - Creating brand-new static initializer in class org/springframework/core/convert/support/GenericConversionService$Converters
23:36:14.591 [main] DEBUG o.e.r.agent.TransformerForTests - Going to instrument: org.springframework.core.convert.support.GenericConversionService$Converters
23:36:14.593 [main] INFO  o.e.r.instrumentation.EvoClassLoader - Keeping class: org.springframework.core.convert.support.GenericConversionService$Converters
23:36:14.593 [main] INFO  o.e.r.instrumentation.EvoClassLoader - Seeing class for first time: org.springframework.core.convert.support.StringToTimeZoneConverter
23:36:14.593 [main] INFO  o.e.r.instrumentation.EvoClassLoader - Instrumenting class 'org.springframework.core.convert.support.StringToTimeZoneConverter'.
23:36:14.594 [main] INFO  o.e.r.i.MethodCallReplacementClassAdapter - Adding mock interface to class org/springframework/core/convert/support/StringToTimeZoneConverter
23:36:14.594 [main] INFO  o.e.r.i.MethodCallReplacementClassAdapter - No hashCode defined for: org/springframework/core/convert/support/StringToTimeZoneConverter, superclass = java.lang.Object
23:36:14.594 [main] INFO  o.e.r.i.CreateClassResetClassAdapter - Creating brand-new static initializer in class org/springframework/core/convert/support/StringToTimeZoneConverter
23:36:14.594 [main] DEBUG o.e.r.agent.TransformerForTests - Going to instrument: org.springframework.core.convert.support.StringToTimeZoneConverter
23:36:14.595 [main] INFO  o.e.r.instrumentation.EvoClassLoader - Keeping class: org.springframework.core.convert.support.StringToTimeZoneConverter
23:36:14.595 [main] INFO  o.e.r.instrumentation.EvoClassLoader - Seeing class for first time: org.springframework.beans.ExtendedBeanInfoFactory
23:36:14.595 [main] INFO  o.e.r.instrumentation.EvoClassLoader - Instrumenting class 'org.springframework.beans.ExtendedBeanInfoFactory'.
23:36:14.595 [main] INFO  o.e.r.i.MethodCallReplacementClassAdapter - Adding mock interface to class org/springframework/beans/ExtendedBeanInfoFactory
23:36:14.596 [main] INFO  o.e.r.i.MethodCallReplacementClassAdapter - No hashCode defined for: org/springframework/beans/ExtendedBeanInfoFactory, superclass = java.lang.Object
23:36:14.596 [main] INFO  o.e.r.i.CreateClassResetClassAdapter - Creating brand-new static initializer in class org/springframework/beans/ExtendedBeanInfoFactory
23:36:14.596 [main] DEBUG o.e.r.agent.TransformerForTests - Going to instrument: org.springframework.beans.ExtendedBeanInfoFactory
23:36:14.596 [main] INFO  o.e.r.instrumentation.EvoClassLoader - Keeping class: org.springframework.beans.ExtendedBeanInfoFactory
23:36:14.596 [main] INFO  o.e.r.instrumentation.EvoClassLoader - Seeing class for first time: org.springframework.core.convert.support.ZoneIdToTimeZoneConverter
23:36:14.596 [main] INFO  o.e.r.instrumentation.EvoClassLoader - Instrumenting class 'org.springframework.core.convert.support.ZoneIdToTimeZoneConverter'.
23:36:14.597 [main] INFO  o.e.r.i.MethodCallReplacementClassAdapter - Adding mock interface to class org/springframework/core/convert/support/ZoneIdToTimeZoneConverter
23:36:14.597 [main] INFO  o.e.r.i.MethodCallReplacementClassAdapter - No hashCode defined for: org/springframework/core/convert/support/ZoneIdToTimeZoneConverter, superclass = java.lang.Object
23:36:14.597 [main] INFO  o.e.r.i.CreateClassResetClassAdapter - Creating brand-new static initializer in class org/springframework/core/convert/support/ZoneIdToTimeZoneConverter
23:36:14.597 [main] DEBUG o.e.r.agent.TransformerForTests - Going to instrument: org.springframework.core.convert.support.ZoneIdToTimeZoneConverter
23:36:14.597 [main] INFO  o.e.r.instrumentation.EvoClassLoader - Keeping class: org.springframework.core.convert.support.ZoneIdToTimeZoneConverter
23:36:14.598 [main] INFO  o.e.r.instrumentation.EvoClassLoader - Seeing class for first time: org.springframework.web.context.support.StandardServletEnvironment
23:36:14.598 [main] INFO  o.e.r.instrumentation.EvoClassLoader - Instrumenting class 'org.springframework.web.context.support.StandardServletEnvironment'.
23:36:14.598 [main] INFO  o.e.r.i.MethodCallReplacementClassAdapter - Adding mock interface to class org/springframework/web/context/support/StandardServletEnvironment
23:36:14.598 [main] INFO  o.e.r.i.MethodCallReplacementClassAdapter - No hashCode defined for: org/springframework/web/context/support/StandardServletEnvironment, superclass = org.springframework.core.env.StandardEnvironment
23:36:14.598 [main] INFO  o.e.r.i.CreateClassResetClassAdapter - Creating brand-new static initializer in class org/springframework/web/context/support/StandardServletEnvironment
23:36:14.598 [main] INFO  o.e.r.i.CreateClassResetClassAdapter - Adding bytecode for initializing field SERVLET_CONTEXT_PROPERTY_SOURCE_NAME
23:36:14.598 [main] INFO  o.e.r.i.CreateClassResetClassAdapter - Adding bytecode for initializing field SERVLET_CONFIG_PROPERTY_SOURCE_NAME
23:36:14.598 [main] INFO  o.e.r.i.CreateClassResetClassAdapter - Adding bytecode for initializing field JNDI_PROPERTY_SOURCE_NAME
23:36:14.598 [main] DEBUG o.e.r.agent.TransformerForTests - Going to instrument: org.springframework.web.context.support.StandardServletEnvironment
23:36:14.599 [main] INFO  o.e.r.i.MethodCallReplacementClassAdapter - No hashCode defined for: org/springframework/web/context/support/StandardServletEnvironment, superclass = org.springframework.core.env.StandardEnvironment
23:36:14.599 [main] INFO  o.e.r.instrumentation.EvoClassLoader - Keeping class: org.springframework.web.context.support.StandardServletEnvironment
23:36:14.599 [main] INFO  o.e.r.instrumentation.EvoClassLoader - Seeing class for first time: org.springframework.jndi.JndiPropertySource
23:36:14.599 [main] INFO  o.e.r.instrumentation.EvoClassLoader - Instrumenting class 'org.springframework.jndi.JndiPropertySource'.
23:36:14.599 [main] INFO  o.e.r.i.MethodCallReplacementClassAdapter - Adding mock interface to class org/springframework/jndi/JndiPropertySource
23:36:14.600 [main] INFO  o.e.r.i.MethodCallReplacementClassAdapter - No hashCode defined for: org/springframework/jndi/JndiPropertySource, superclass = org.springframework.core.env.PropertySource
23:36:14.600 [main] INFO  o.e.r.i.CreateClassResetClassAdapter - Creating brand-new static initializer in class org/springframework/jndi/JndiPropertySource
23:36:14.600 [main] DEBUG o.e.r.agent.TransformerForTests - Going to instrument: org.springframework.jndi.JndiPropertySource
23:36:14.600 [main] INFO  o.e.r.i.MethodCallReplacementClassAdapter - No hashCode defined for: org/springframework/jndi/JndiPropertySource, superclass = org.springframework.core.env.PropertySource
23:36:14.600 [main] INFO  o.e.r.instrumentation.EvoClassLoader - Keeping class: org.springframework.jndi.JndiPropertySource
23:36:14.600 [main] INFO  o.e.r.instrumentation.EvoClassLoader - Seeing class for first time: org.springframework.core.convert.support.ArrayToCollectionConverter
23:36:14.600 [main] INFO  o.e.r.instrumentation.EvoClassLoader - Instrumenting class 'org.springframework.core.convert.support.ArrayToCollectionConverter'.
23:36:14.601 [main] INFO  o.e.r.i.MethodCallReplacementClassAdapter - Adding mock interface to class org/springframework/core/convert/support/ArrayToCollectionConverter
23:36:14.602 [main] INFO  o.e.r.i.MethodCallReplacementClassAdapter - No hashCode defined for: org/springframework/core/convert/support/ArrayToCollectionConverter, superclass = java.lang.Object
23:36:14.602 [main] INFO  o.e.r.i.CreateClassResetClassAdapter - Creating brand-new static initializer in class org/springframework/core/convert/support/ArrayToCollectionConverter
23:36:14.602 [main] DEBUG o.e.r.agent.TransformerForTests - Going to instrument: org.springframework.core.convert.support.ArrayToCollectionConverter
23:36:14.602 [main] INFO  o.e.r.instrumentation.EvoClassLoader - Keeping class: org.springframework.core.convert.support.ArrayToCollectionConverter
23:36:14.602 [main] INFO  o.e.r.instrumentation.EvoClassLoader - Seeing class for first time: org.springframework.web.context.WebApplicationContext
23:36:14.602 [main] INFO  o.e.r.instrumentation.EvoClassLoader - Instrumenting class 'org.springframework.web.context.WebApplicationContext'.
23:36:14.603 [main] DEBUG o.e.r.agent.TransformerForTests - Going to instrument: org.springframework.web.context.WebApplicationContext
23:36:14.603 [main] INFO  o.e.r.instrumentation.EvoClassLoader - Keeping class: org.springframework.web.context.WebApplicationContext
23:36:14.604 [main] INFO  o.e.r.instrumentation.EvoClassLoader - Seeing class for first time: org.springframework.util.ConcurrentReferenceHashMap$EntryIterator
23:36:14.604 [main] INFO  o.e.r.instrumentation.EvoClassLoader - Instrumenting class 'org.springframework.util.ConcurrentReferenceHashMap$EntryIterator'.
23:36:14.605 [main] INFO  o.e.r.i.MethodCallReplacementClassAdapter - Adding mock interface to class org/springframework/util/ConcurrentReferenceHashMap$EntryIterator
23:36:14.605 [main] INFO  o.e.r.i.MethodCallReplacementClassAdapter - No hashCode defined for: org/springframework/util/ConcurrentReferenceHashMap$EntryIterator, superclass = java.lang.Object
23:36:14.605 [main] INFO  o.e.r.i.CreateClassResetClassAdapter - Creating brand-new static initializer in class org/springframework/util/ConcurrentReferenceHashMap$EntryIterator
23:36:14.606 [main] DEBUG o.e.r.agent.TransformerForTests - Going to instrument: org.springframework.util.ConcurrentReferenceHashMap$EntryIterator
23:36:14.607 [main] INFO  o.e.r.instrumentation.EvoClassLoader - Keeping class: org.springframework.util.ConcurrentReferenceHashMap$EntryIterator
23:36:14.608 [main] INFO  o.e.r.instrumentation.EvoClassLoader - Seeing class for first time: org.springframework.core.convert.ConversionException
23:36:14.608 [main] INFO  o.e.r.instrumentation.EvoClassLoader - Instrumenting class 'org.springframework.core.convert.ConversionException'.
23:36:14.608 [main] INFO  o.e.r.i.MethodCallReplacementClassAdapter - Adding mock interface to class org/springframework/core/convert/ConversionException
23:36:14.608 [main] INFO  o.e.r.i.MethodCallReplacementClassAdapter - No hashCode defined for: org/springframework/core/convert/ConversionException, superclass = org.springframework.core.NestedRuntimeException
23:36:14.608 [main] INFO  o.e.r.i.CreateClassResetClassAdapter - Creating brand-new static initializer in class org/springframework/core/convert/ConversionException
23:36:14.608 [main] DEBUG o.e.r.agent.TransformerForTests - Going to instrument: org.springframework.core.convert.ConversionException
23:36:14.609 [main] INFO  o.e.r.i.MethodCallReplacementClassAdapter - No hashCode defined for: org/springframework/core/convert/ConversionException, superclass = org.springframework.core.NestedRuntimeException
23:36:14.609 [main] INFO  o.e.r.instrumentation.EvoClassLoader - Seeing class for first time: org.springframework.core.NestedRuntimeException
23:36:14.609 [main] INFO  o.e.r.instrumentation.EvoClassLoader - Instrumenting class 'org.springframework.core.NestedRuntimeException'.
23:36:14.609 [main] INFO  o.e.r.i.MethodCallReplacementClassAdapter - Adding mock interface to class org/springframework/core/NestedRuntimeException
23:36:14.610 [main] INFO  o.e.r.i.CreateClassResetClassAdapter - Found static initializer in class org/springframework/core/NestedRuntimeException
23:36:14.610 [main] INFO  o.e.r.i.MethodCallReplacementClassAdapter - No hashCode defined for: org/springframework/core/NestedRuntimeException, superclass = java.lang.RuntimeException
23:36:14.610 [main] DEBUG o.e.r.agent.TransformerForTests - Going to instrument: org.springframework.core.NestedRuntimeException
23:36:14.611 [main] INFO  o.e.r.i.CreateClassResetClassAdapter - Found static initializer in class org/springframework/core/NestedRuntimeException
23:36:14.611 [main] INFO  o.e.r.i.MethodCallReplacementClassAdapter - No hashCode defined for: org/springframework/core/NestedRuntimeException, superclass = org.evosuite.runtime.mock.java.lang.MockRuntimeException
23:36:14.611 [main] INFO  o.e.r.instrumentation.EvoClassLoader - Error while loading class: java.lang.ClassFormatError: Duplicate method name&signature in class file org/springframework/core/NestedRuntimeException
23:36:14.611 [main] INFO  o.e.r.instrumentation.EvoClassLoader - Error while loading class: java.lang.NoClassDefFoundError: org/springframework/core/NestedRuntimeException
23:36:14.611 [main] INFO  o.e.r.instrumentation.EvoClassLoader - Seeing class for first time: org.springframework.boot.logging.LogFile
23:36:14.611 [main] INFO  o.e.r.instrumentation.EvoClassLoader - Instrumenting class 'org.springframework.boot.logging.LogFile'.
23:36:14.612 [main] INFO  o.e.r.i.MethodCallReplacementClassAdapter - Adding mock interface to class org/springframework/boot/logging/LogFile
23:36:14.612 [main] INFO  o.e.r.i.MethodCallReplacementClassAdapter - No hashCode defined for: org/springframework/boot/logging/LogFile, superclass = java.lang.Object
23:36:14.612 [main] INFO  o.e.r.i.CreateClassResetClassAdapter - Creating brand-new static initializer in class org/springframework/boot/logging/LogFile
23:36:14.612 [main] INFO  o.e.r.i.CreateClassResetClassAdapter - Adding bytecode for initializing field FILE_PROPERTY
23:36:14.612 [main] INFO  o.e.r.i.CreateClassResetClassAdapter - Adding bytecode for initializing field PATH_PROPERTY
23:36:14.612 [main] DEBUG o.e.r.agent.TransformerForTests - Going to instrument: org.springframework.boot.logging.LogFile
23:36:14.613 [main] INFO  o.e.r.instrumentation.EvoClassLoader - Keeping class: org.springframework.boot.logging.LogFile
23:36:14.613 [main] INFO  o.e.r.instrumentation.EvoClassLoader - Seeing class for first time: org.springframework.boot.bind.RelaxedNames$Variation$3
23:36:14.613 [main] INFO  o.e.r.instrumentation.EvoClassLoader - Instrumenting class 'org.springframework.boot.bind.RelaxedNames$Variation$3'.
23:36:14.614 [main] INFO  o.e.r.i.MethodCallReplacementClassAdapter - Adding mock interface to class org/springframework/boot/bind/RelaxedNames$Variation$3
23:36:14.614 [main] INFO  o.e.r.i.MethodCallReplacementClassAdapter - No hashCode defined for: org/springframework/boot/bind/RelaxedNames$Variation$3, superclass = org.springframework.boot.bind.RelaxedNames$Variation
23:36:14.614 [main] DEBUG o.e.r.agent.TransformerForTests - Going to instrument: org.springframework.boot.bind.RelaxedNames$Variation$3
23:36:14.614 [main] INFO  o.e.r.i.MethodCallReplacementClassAdapter - No hashCode defined for: org/springframework/boot/bind/RelaxedNames$Variation$3, superclass = org.springframework.boot.bind.RelaxedNames$Variation
23:36:14.615 [main] INFO  o.e.r.instrumentation.EvoClassLoader - Seeing class for first time: org.springframework.boot.bind.RelaxedNames$Variation
23:36:14.615 [main] INFO  o.e.r.instrumentation.EvoClassLoader - Instrumenting class 'org.springframework.boot.bind.RelaxedNames$Variation'.
23:36:14.615 [main] INFO  o.e.r.i.MethodCallReplacementClassAdapter - Adding mock interface to class org/springframework/boot/bind/RelaxedNames$Variation
23:36:14.615 [main] INFO  o.e.r.i.CreateClassResetClassAdapter - Found static initializer in class org/springframework/boot/bind/RelaxedNames$Variation
23:36:14.615 [main] INFO  o.e.r.i.MethodCallReplacementClassAdapter - No hashCode defined for: org/springframework/boot/bind/RelaxedNames$Variation, superclass = java.lang.Enum
23:36:14.615 [main] DEBUG o.e.r.agent.TransformerForTests - Going to instrument: org.springframework.boot.bind.RelaxedNames$Variation
23:36:14.615 [main] INFO  o.e.r.i.CreateClassResetClassAdapter - Found static initializer in class org/springframework/boot/bind/RelaxedNames$Variation
23:36:14.615 [main] INFO  o.e.r.i.MethodCallReplacementClassAdapter - No hashCode defined for: org/springframework/boot/bind/RelaxedNames$Variation, superclass = java.lang.Enum
23:36:14.616 [main] INFO  o.e.r.instrumentation.EvoClassLoader - Error while loading class: java.lang.ClassFormatError: Duplicate method name&signature in class file org/springframework/boot/bind/RelaxedNames$Variation
23:36:14.616 [main] INFO  o.e.r.instrumentation.EvoClassLoader - Error while loading class: java.lang.NoClassDefFoundError: org/springframework/boot/bind/RelaxedNames$Variation
23:36:14.616 [main] ERROR o.e.r.c.ClassStateSupport - Could not initialize org.springframework.boot.bind.RelaxedNames$Variation$3: org/springframework/boot/bind/RelaxedNames$Variation
23:36:14.616 [main] INFO  o.e.r.instrumentation.EvoClassLoader - Seeing class for first time: org.springframework.boot.bind.RelaxedNames$Variation$2
23:36:14.616 [main] INFO  o.e.r.instrumentation.EvoClassLoader - Instrumenting class 'org.springframework.boot.bind.RelaxedNames$Variation$2'.
23:36:14.617 [main] INFO  o.e.r.i.MethodCallReplacementClassAdapter - Adding mock interface to class org/springframework/boot/bind/RelaxedNames$Variation$2
23:36:14.617 [main] INFO  o.e.r.i.MethodCallReplacementClassAdapter - No hashCode defined for: org/springframework/boot/bind/RelaxedNames$Variation$2, superclass = org.springframework.boot.bind.RelaxedNames$Variation
23:36:14.617 [main] DEBUG o.e.r.agent.TransformerForTests - Going to instrument: org.springframework.boot.bind.RelaxedNames$Variation$2
23:36:14.617 [main] INFO  o.e.r.i.MethodCallReplacementClassAdapter - No hashCode defined for: org/springframework/boot/bind/RelaxedNames$Variation$2, superclass = org.springframework.boot.bind.RelaxedNames$Variation
23:36:14.617 [main] INFO  o.e.r.instrumentation.EvoClassLoader - Seeing class for first time: org.springframework.boot.bind.RelaxedNames$Variation
23:36:14.617 [main] INFO  o.e.r.instrumentation.EvoClassLoader - Instrumenting class 'org.springframework.boot.bind.RelaxedNames$Variation'.
23:36:14.617 [main] INFO  o.e.r.i.MethodCallReplacementClassAdapter - Adding mock interface to class org/springframework/boot/bind/RelaxedNames$Variation
23:36:14.617 [main] INFO  o.e.r.i.CreateClassResetClassAdapter - Found static initializer in class org/springframework/boot/bind/RelaxedNames$Variation
23:36:14.617 [main] INFO  o.e.r.i.MethodCallReplacementClassAdapter - No hashCode defined for: org/springframework/boot/bind/RelaxedNames$Variation, superclass = java.lang.Enum
23:36:14.617 [main] DEBUG o.e.r.agent.TransformerForTests - Going to instrument: org.springframework.boot.bind.RelaxedNames$Variation
23:36:14.618 [main] INFO  o.e.r.i.CreateClassResetClassAdapter - Found static initializer in class org/springframework/boot/bind/RelaxedNames$Variation
23:36:14.618 [main] INFO  o.e.r.i.MethodCallReplacementClassAdapter - No hashCode defined for: org/springframework/boot/bind/RelaxedNames$Variation, superclass = java.lang.Enum
23:36:14.618 [main] INFO  o.e.r.instrumentation.EvoClassLoader - Error while loading class: java.lang.ClassFormatError: Duplicate method name&signature in class file org/springframework/boot/bind/RelaxedNames$Variation
23:36:14.618 [main] INFO  o.e.r.instrumentation.EvoClassLoader - Error while loading class: java.lang.NoClassDefFoundError: org/springframework/boot/bind/RelaxedNames$Variation
23:36:14.618 [main] ERROR o.e.r.c.ClassStateSupport - Could not initialize org.springframework.boot.bind.RelaxedNames$Variation$2: org/springframework/boot/bind/RelaxedNames$Variation
23:36:14.618 [main] INFO  o.e.r.instrumentation.EvoClassLoader - Seeing class for first time: org.springframework.boot.bind.RelaxedNames$Variation$1
23:36:14.618 [main] INFO  o.e.r.instrumentation.EvoClassLoader - Instrumenting class 'org.springframework.boot.bind.RelaxedNames$Variation$1'.
23:36:14.619 [main] INFO  o.e.r.i.MethodCallReplacementClassAdapter - Adding mock interface to class org/springframework/boot/bind/RelaxedNames$Variation$1
23:36:14.619 [main] INFO  o.e.r.i.MethodCallReplacementClassAdapter - No hashCode defined for: org/springframework/boot/bind/RelaxedNames$Variation$1, superclass = org.springframework.boot.bind.RelaxedNames$Variation
23:36:14.619 [main] DEBUG o.e.r.agent.TransformerForTests - Going to instrument: org.springframework.boot.bind.RelaxedNames$Variation$1
23:36:14.619 [main] INFO  o.e.r.i.MethodCallReplacementClassAdapter - No hashCode defined for: org/springframework/boot/bind/RelaxedNames$Variation$1, superclass = org.springframework.boot.bind.RelaxedNames$Variation
23:36:14.619 [main] INFO  o.e.r.instrumentation.EvoClassLoader - Seeing class for first time: org.springframework.boot.bind.RelaxedNames$Variation
23:36:14.619 [main] INFO  o.e.r.instrumentation.EvoClassLoader - Instrumenting class 'org.springframework.boot.bind.RelaxedNames$Variation'.
23:36:14.619 [main] INFO  o.e.r.i.MethodCallReplacementClassAdapter - Adding mock interface to class org/springframework/boot/bind/RelaxedNames$Variation
23:36:14.619 [main] INFO  o.e.r.i.CreateClassResetClassAdapter - Found static initializer in class org/springframework/boot/bind/RelaxedNames$Variation
23:36:14.619 [main] INFO  o.e.r.i.MethodCallReplacementClassAdapter - No hashCode defined for: org/springframework/boot/bind/RelaxedNames$Variation, superclass = java.lang.Enum
23:36:14.619 [main] DEBUG o.e.r.agent.TransformerForTests - Going to instrument: org.springframework.boot.bind.RelaxedNames$Variation
23:36:14.620 [main] INFO  o.e.r.i.CreateClassResetClassAdapter - Found static initializer in class org/springframework/boot/bind/RelaxedNames$Variation
23:36:14.620 [main] INFO  o.e.r.i.MethodCallReplacementClassAdapter - No hashCode defined for: org/springframework/boot/bind/RelaxedNames$Variation, superclass = java.lang.Enum
23:36:14.620 [main] INFO  o.e.r.instrumentation.EvoClassLoader - Error while loading class: java.lang.ClassFormatError: Duplicate method name&signature in class file org/springframework/boot/bind/RelaxedNames$Variation
23:36:14.620 [main] INFO  o.e.r.instrumentation.EvoClassLoader - Error while loading class: java.lang.NoClassDefFoundError: org/springframework/boot/bind/RelaxedNames$Variation
23:36:14.621 [main] ERROR o.e.r.c.ClassStateSupport - Could not initialize org.springframework.boot.bind.RelaxedNames$Variation$1: org/springframework/boot/bind/RelaxedNames$Variation
23:36:14.621 [main] INFO  o.e.r.instrumentation.EvoClassLoader - Seeing class for first time: org.springframework.context.annotation.Configuration
23:36:14.621 [main] INFO  o.e.r.instrumentation.EvoClassLoader - Instrumenting class 'org.springframework.context.annotation.Configuration'.
23:36:14.621 [main] DEBUG o.e.r.agent.TransformerForTests - Going to instrument: org.springframework.context.annotation.Configuration
23:36:14.622 [main] INFO  o.e.r.instrumentation.EvoClassLoader - Keeping class: org.springframework.context.annotation.Configuration
23:36:14.622 [main] INFO  o.e.r.instrumentation.EvoClassLoader - Seeing class for first time: org.springframework.core.convert.support.StringToArrayConverter
23:36:14.622 [main] INFO  o.e.r.instrumentation.EvoClassLoader - Instrumenting class 'org.springframework.core.convert.support.StringToArrayConverter'.
23:36:14.623 [main] INFO  o.e.r.i.MethodCallReplacementClassAdapter - Adding mock interface to class org/springframework/core/convert/support/StringToArrayConverter
23:36:14.623 [main] INFO  o.e.r.i.MethodCallReplacementClassAdapter - No hashCode defined for: org/springframework/core/convert/support/StringToArrayConverter, superclass = java.lang.Object
23:36:14.623 [main] INFO  o.e.r.i.CreateClassResetClassAdapter - Creating brand-new static initializer in class org/springframework/core/convert/support/StringToArrayConverter
23:36:14.623 [main] DEBUG o.e.r.agent.TransformerForTests - Going to instrument: org.springframework.core.convert.support.StringToArrayConverter
23:36:14.624 [main] INFO  o.e.r.instrumentation.EvoClassLoader - Keeping class: org.springframework.core.convert.support.StringToArrayConverter
23:36:14.624 [main] INFO  o.e.r.instrumentation.EvoClassLoader - Seeing class for first time: org.springframework.core.convert.support.ObjectToOptionalConverter
23:36:14.624 [main] INFO  o.e.r.instrumentation.EvoClassLoader - Instrumenting class 'org.springframework.core.convert.support.ObjectToOptionalConverter'.
23:36:14.625 [main] INFO  o.e.r.i.MethodCallReplacementClassAdapter - Adding mock interface to class org/springframework/core/convert/support/ObjectToOptionalConverter
23:36:14.625 [main] INFO  o.e.r.i.MethodCallReplacementClassAdapter - No hashCode defined for: org/springframework/core/convert/support/ObjectToOptionalConverter, superclass = java.lang.Object
23:36:14.625 [main] INFO  o.e.r.i.CreateClassResetClassAdapter - Creating brand-new static initializer in class org/springframework/core/convert/support/ObjectToOptionalConverter
23:36:14.625 [main] DEBUG o.e.r.agent.TransformerForTests - Going to instrument: org.springframework.core.convert.support.ObjectToOptionalConverter
23:36:14.625 [main] INFO  o.e.r.instrumentation.EvoClassLoader - Keeping class: org.springframework.core.convert.support.ObjectToOptionalConverter
23:36:14.626 [main] INFO  o.e.r.instrumentation.EvoClassLoader - Seeing class for first time: org.springframework.core.convert.TypeDescriptor
23:36:14.626 [main] INFO  o.e.r.instrumentation.EvoClassLoader - Instrumenting class 'org.springframework.core.convert.TypeDescriptor'.
23:36:14.627 [main] INFO  o.e.r.i.MethodCallReplacementClassAdapter - Adding mock interface to class org/springframework/core/convert/TypeDescriptor
23:36:14.629 [main] INFO  o.e.r.i.CreateClassResetClassAdapter - Found static initializer in class org/springframework/core/convert/TypeDescriptor
23:36:14.629 [main] DEBUG o.e.r.agent.TransformerForTests - Going to instrument: org.springframework.core.convert.TypeDescriptor
23:36:14.632 [main] INFO  o.e.r.i.CreateClassResetClassAdapter - Found static initializer in class org/springframework/core/convert/TypeDescriptor
23:36:14.632 [main] INFO  o.e.r.instrumentation.EvoClassLoader - Error while loading class: java.lang.ClassFormatError: Duplicate method name&signature in class file org/springframework/core/convert/TypeDescriptor
23:36:14.632 [main] ERROR o.e.r.c.ClassStateSupport - Could not initialize org.springframework.core.convert.support.ObjectToOptionalConverter: org/springframework/core/convert/TypeDescriptor
23:36:14.633 [main] INFO  o.e.r.instrumentation.EvoClassLoader - Seeing class for first time: org.springframework.boot.bind.RelaxedPropertyResolver
23:36:14.633 [main] INFO  o.e.r.instrumentation.EvoClassLoader - Instrumenting class 'org.springframework.boot.bind.RelaxedPropertyResolver'.
23:36:14.634 [main] INFO  o.e.r.i.MethodCallReplacementClassAdapter - Adding mock interface to class org/springframework/boot/bind/RelaxedPropertyResolver
23:36:14.634 [main] INFO  o.e.r.i.MethodCallReplacementClassAdapter - No hashCode defined for: org/springframework/boot/bind/RelaxedPropertyResolver, superclass = java.lang.Object
23:36:14.634 [main] INFO  o.e.r.i.CreateClassResetClassAdapter - Creating brand-new static initializer in class org/springframework/boot/bind/RelaxedPropertyResolver
23:36:14.634 [main] DEBUG o.e.r.agent.TransformerForTests - Going to instrument: org.springframework.boot.bind.RelaxedPropertyResolver
23:36:14.636 [main] INFO  o.e.r.instrumentation.EvoClassLoader - Keeping class: org.springframework.boot.bind.RelaxedPropertyResolver
23:36:14.639 [main] INFO  o.e.r.instrumentation.EvoClassLoader - Seeing class for first time: org.springframework.core.annotation.AnnotationAttributeExtractor
23:36:14.642 [main] INFO  o.e.r.instrumentation.EvoClassLoader - Instrumenting class 'org.springframework.core.annotation.AnnotationAttributeExtractor'.
23:36:14.643 [main] DEBUG o.e.r.agent.TransformerForTests - Going to instrument: org.springframework.core.annotation.AnnotationAttributeExtractor
23:36:14.643 [main] INFO  o.e.r.instrumentation.EvoClassLoader - Keeping class: org.springframework.core.annotation.AnnotationAttributeExtractor
23:36:14.643 [main] INFO  o.e.r.instrumentation.EvoClassLoader - Seeing class for first time: org.springframework.beans.GenericTypeAwarePropertyDescriptor
23:36:14.643 [main] INFO  o.e.r.instrumentation.EvoClassLoader - Instrumenting class 'org.springframework.beans.GenericTypeAwarePropertyDescriptor'.
23:36:14.644 [main] INFO  o.e.r.i.MethodCallReplacementClassAdapter - Adding mock interface to class org/springframework/beans/GenericTypeAwarePropertyDescriptor
23:36:14.644 [main] INFO  o.e.r.i.CreateClassResetClassAdapter - Creating brand-new static initializer in class org/springframework/beans/GenericTypeAwarePropertyDescriptor
23:36:14.644 [main] DEBUG o.e.r.agent.TransformerForTests - Going to instrument: org.springframework.beans.GenericTypeAwarePropertyDescriptor
23:36:14.645 [main] INFO  o.e.r.instrumentation.EvoClassLoader - Keeping class: org.springframework.beans.GenericTypeAwarePropertyDescriptor
23:36:14.646 [main] INFO  o.e.r.instrumentation.EvoClassLoader - Seeing class for first time: org.springframework.util.ConcurrentReferenceHashMap$Restructure
23:36:14.646 [main] INFO  o.e.r.instrumentation.EvoClassLoader - Instrumenting class 'org.springframework.util.ConcurrentReferenceHashMap$Restructure'.
23:36:14.646 [main] INFO  o.e.r.i.MethodCallReplacementClassAdapter - Adding mock interface to class org/springframework/util/ConcurrentReferenceHashMap$Restructure
23:36:14.647 [main] INFO  o.e.r.i.CreateClassResetClassAdapter - Found static initializer in class org/springframework/util/ConcurrentReferenceHashMap$Restructure
23:36:14.647 [main] INFO  o.e.r.i.MethodCallReplacementClassAdapter - No hashCode defined for: org/springframework/util/ConcurrentReferenceHashMap$Restructure, superclass = java.lang.Enum
23:36:14.647 [main] DEBUG o.e.r.agent.TransformerForTests - Going to instrument: org.springframework.util.ConcurrentReferenceHashMap$Restructure
23:36:14.647 [main] INFO  o.e.r.i.CreateClassResetClassAdapter - Found static initializer in class org/springframework/util/ConcurrentReferenceHashMap$Restructure
23:36:14.647 [main] INFO  o.e.r.i.MethodCallReplacementClassAdapter - No hashCode defined for: org/springframework/util/ConcurrentReferenceHashMap$Restructure, superclass = java.lang.Enum
23:36:14.647 [main] INFO  o.e.r.instrumentation.EvoClassLoader - Error while loading class: java.lang.ClassFormatError: Duplicate method name&signature in class file org/springframework/util/ConcurrentReferenceHashMap$Restructure
23:36:14.647 [main] INFO  o.e.r.instrumentation.EvoClassLoader - Seeing class for first time: org.springframework.beans.ExtendedBeanInfo
23:36:14.647 [main] INFO  o.e.r.instrumentation.EvoClassLoader - Instrumenting class 'org.springframework.beans.ExtendedBeanInfo'.
23:36:14.648 [main] INFO  o.e.r.i.MethodCallReplacementClassAdapter - Adding mock interface to class org/springframework/beans/ExtendedBeanInfo
23:36:14.651 [main] INFO  o.e.r.i.CreateClassResetClassAdapter - Found static initializer in class org/springframework/beans/ExtendedBeanInfo
23:36:14.654 [main] INFO  o.e.r.i.MethodCallReplacementClassAdapter - No hashCode defined for: org/springframework/beans/ExtendedBeanInfo, superclass = java.lang.Object
23:36:14.655 [main] DEBUG o.e.r.agent.TransformerForTests - Going to instrument: org.springframework.beans.ExtendedBeanInfo
23:36:14.657 [main] INFO  o.e.r.i.CreateClassResetClassAdapter - Found static initializer in class org/springframework/beans/ExtendedBeanInfo
23:36:14.658 [main] INFO  o.e.r.instrumentation.EvoClassLoader - Error while loading class: java.lang.ClassFormatError: Duplicate method name&signature in class file org/springframework/beans/ExtendedBeanInfo
23:36:14.658 [main] ERROR o.e.r.c.ClassStateSupport - Could not initialize org.springframework.beans.ExtendedBeanInfo: Duplicate method name&signature in class file org/springframework/beans/ExtendedBeanInfo
23:36:14.658 [main] INFO  o.e.r.instrumentation.EvoClassLoader - Seeing class for first time: org.springframework.core.annotation.OrderUtils
23:36:14.658 [main] INFO  o.e.r.instrumentation.EvoClassLoader - Instrumenting class 'org.springframework.core.annotation.OrderUtils'.
23:36:14.659 [main] INFO  o.e.r.i.MethodCallReplacementClassAdapter - Adding mock interface to class org/springframework/core/annotation/OrderUtils
23:36:14.659 [main] INFO  o.e.r.i.CreateClassResetClassAdapter - Found static initializer in class org/springframework/core/annotation/OrderUtils
23:36:14.659 [main] INFO  o.e.r.i.MethodCallReplacementClassAdapter - No hashCode defined for: org/springframework/core/annotation/OrderUtils, superclass = java.lang.Object
23:36:14.659 [main] DEBUG o.e.r.agent.TransformerForTests - Going to instrument: org.springframework.core.annotation.OrderUtils
23:36:14.660 [main] INFO  o.e.r.i.CreateClassResetClassAdapter - Found static initializer in class org/springframework/core/annotation/OrderUtils
23:36:14.660 [main] INFO  o.e.r.instrumentation.EvoClassLoader - Error while loading class: java.lang.ClassFormatError: Duplicate method name&signature in class file org/springframework/core/annotation/OrderUtils
23:36:14.660 [main] ERROR o.e.r.c.ClassStateSupport - Could not initialize org.springframework.core.annotation.OrderUtils: Duplicate method name&signature in class file org/springframework/core/annotation/OrderUtils
23:36:14.660 [main] INFO  o.e.r.instrumentation.EvoClassLoader - Seeing class for first time: org.springframework.core.SerializableTypeWrapper$MethodParameterTypeProvider
23:36:14.660 [main] INFO  o.e.r.instrumentation.EvoClassLoader - Instrumenting class 'org.springframework.core.SerializableTypeWrapper$MethodParameterTypeProvider'.
23:36:14.661 [main] INFO  o.e.r.i.MethodCallReplacementClassAdapter - Adding mock interface to class org/springframework/core/SerializableTypeWrapper$MethodParameterTypeProvider
23:36:14.661 [main] INFO  o.e.r.i.MethodCallReplacementClassAdapter - No hashCode defined for: org/springframework/core/SerializableTypeWrapper$MethodParameterTypeProvider, superclass = java.lang.Object
23:36:14.662 [main] INFO  o.e.r.i.CreateClassResetClassAdapter - Creating brand-new static initializer in class org/springframework/core/SerializableTypeWrapper$MethodParameterTypeProvider
23:36:14.662 [main] DEBUG o.e.r.agent.TransformerForTests - Going to instrument: org.springframework.core.SerializableTypeWrapper$MethodParameterTypeProvider
23:36:14.663 [main] INFO  o.e.r.instrumentation.EvoClassLoader - Keeping class: org.springframework.core.SerializableTypeWrapper$MethodParameterTypeProvider
23:36:14.663 [main] INFO  o.e.r.instrumentation.EvoClassLoader - Seeing class for first time: org.springframework.core.convert.support.ObjectToOptionalConverter$GenericTypeDescriptor
23:36:14.663 [main] INFO  o.e.r.instrumentation.EvoClassLoader - Instrumenting class 'org.springframework.core.convert.support.ObjectToOptionalConverter$GenericTypeDescriptor'.
23:36:14.664 [main] INFO  o.e.r.i.MethodCallReplacementClassAdapter - Adding mock interface to class org/springframework/core/convert/support/ObjectToOptionalConverter$GenericTypeDescriptor
23:36:14.664 [main] INFO  o.e.r.i.MethodCallReplacementClassAdapter - No hashCode defined for: org/springframework/core/convert/support/ObjectToOptionalConverter$GenericTypeDescriptor, superclass = org.springframework.core.convert.TypeDescriptor
23:36:14.664 [main] INFO  o.e.r.i.CreateClassResetClassAdapter - Creating brand-new static initializer in class org/springframework/core/convert/support/ObjectToOptionalConverter$GenericTypeDescriptor
23:36:14.664 [main] DEBUG o.e.r.agent.TransformerForTests - Going to instrument: org.springframework.core.convert.support.ObjectToOptionalConverter$GenericTypeDescriptor
23:36:14.664 [main] INFO  o.e.r.i.MethodCallReplacementClassAdapter - No hashCode defined for: org/springframework/core/convert/support/ObjectToOptionalConverter$GenericTypeDescriptor, superclass = org.springframework.core.convert.TypeDescriptor
23:36:14.664 [main] INFO  o.e.r.instrumentation.EvoClassLoader - Seeing class for first time: org.springframework.core.convert.TypeDescriptor
23:36:14.664 [main] INFO  o.e.r.instrumentation.EvoClassLoader - Instrumenting class 'org.springframework.core.convert.TypeDescriptor'.
23:36:14.665 [main] INFO  o.e.r.i.MethodCallReplacementClassAdapter - Adding mock interface to class org/springframework/core/convert/TypeDescriptor
23:36:14.668 [main] INFO  o.e.r.i.CreateClassResetClassAdapter - Found static initializer in class org/springframework/core/convert/TypeDescriptor
23:36:14.668 [main] DEBUG o.e.r.agent.TransformerForTests - Going to instrument: org.springframework.core.convert.TypeDescriptor
23:36:14.671 [main] INFO  o.e.r.i.CreateClassResetClassAdapter - Found static initializer in class org/springframework/core/convert/TypeDescriptor
23:36:14.672 [main] INFO  o.e.r.instrumentation.EvoClassLoader - Error while loading class: java.lang.ClassFormatError: Duplicate method name&signature in class file org/springframework/core/convert/TypeDescriptor
23:36:14.672 [main] INFO  o.e.r.instrumentation.EvoClassLoader - Error while loading class: java.lang.NoClassDefFoundError: org/springframework/core/convert/TypeDescriptor
23:36:14.672 [main] ERROR o.e.r.c.ClassStateSupport - Could not initialize org.springframework.core.convert.support.ObjectToOptionalConverter$GenericTypeDescriptor: org/springframework/core/convert/TypeDescriptor
23:36:14.673 [main] INFO  o.e.r.instrumentation.EvoClassLoader - Seeing class for first time: org.springframework.boot.context.config.ConfigFileApplicationListener$ConfigurationPropertySources
23:36:14.673 [main] INFO  o.e.r.instrumentation.EvoClassLoader - Instrumenting class 'org.springframework.boot.context.config.ConfigFileApplicationListener$ConfigurationPropertySources'.
23:36:14.673 [main] INFO  o.e.r.i.MethodCallReplacementClassAdapter - Adding mock interface to class org/springframework/boot/context/config/ConfigFileApplicationListener$ConfigurationPropertySources
23:36:14.674 [main] INFO  o.e.r.i.MethodCallReplacementClassAdapter - No hashCode defined for: org/springframework/boot/context/config/ConfigFileApplicationListener$ConfigurationPropertySources, superclass = org.springframework.core.env.EnumerablePropertySource
23:36:14.674 [main] INFO  o.e.r.i.CreateClassResetClassAdapter - Creating brand-new static initializer in class org/springframework/boot/context/config/ConfigFileApplicationListener$ConfigurationPropertySources
23:36:14.674 [main] DEBUG o.e.r.agent.TransformerForTests - Going to instrument: org.springframework.boot.context.config.ConfigFileApplicationListener$ConfigurationPropertySources
23:36:14.674 [main] INFO  o.e.r.i.MethodCallReplacementClassAdapter - No hashCode defined for: org/springframework/boot/context/config/ConfigFileApplicationListener$ConfigurationPropertySources, superclass = org.springframework.core.env.EnumerablePropertySource
23:36:14.674 [main] INFO  o.e.r.instrumentation.EvoClassLoader - Keeping class: org.springframework.boot.context.config.ConfigFileApplicationListener$ConfigurationPropertySources
23:36:14.675 [main] INFO  o.e.r.instrumentation.EvoClassLoader - Seeing class for first time: org.springframework.core.ResolvableType$WildcardBounds
23:36:14.675 [main] INFO  o.e.r.instrumentation.EvoClassLoader - Instrumenting class 'org.springframework.core.ResolvableType$WildcardBounds'.
23:36:14.678 [main] INFO  o.e.r.i.MethodCallReplacementClassAdapter - Adding mock interface to class org/springframework/core/ResolvableType$WildcardBounds
23:36:14.678 [main] INFO  o.e.r.i.MethodCallReplacementClassAdapter - No hashCode defined for: org/springframework/core/ResolvableType$WildcardBounds, superclass = java.lang.Object
23:36:14.678 [main] INFO  o.e.r.i.CreateClassResetClassAdapter - Creating brand-new static initializer in class org/springframework/core/ResolvableType$WildcardBounds
23:36:14.678 [main] DEBUG o.e.r.agent.TransformerForTests - Going to instrument: org.springframework.core.ResolvableType$WildcardBounds
23:36:14.679 [main] INFO  o.e.r.instrumentation.EvoClassLoader - Keeping class: org.springframework.core.ResolvableType$WildcardBounds
23:36:14.679 [main] INFO  o.e.r.instrumentation.EvoClassLoader - Seeing class for first time: org.springframework.core.SerializableTypeWrapper$MethodInvokeTypeProvider
23:36:14.679 [main] INFO  o.e.r.instrumentation.EvoClassLoader - Instrumenting class 'org.springframework.core.SerializableTypeWrapper$MethodInvokeTypeProvider'.
23:36:14.680 [main] INFO  o.e.r.i.MethodCallReplacementClassAdapter - Adding mock interface to class org/springframework/core/SerializableTypeWrapper$MethodInvokeTypeProvider
23:36:14.680 [main] INFO  o.e.r.i.MethodCallReplacementClassAdapter - No hashCode defined for: org/springframework/core/SerializableTypeWrapper$MethodInvokeTypeProvider, superclass = java.lang.Object
23:36:14.680 [main] INFO  o.e.r.i.CreateClassResetClassAdapter - Creating brand-new static initializer in class org/springframework/core/SerializableTypeWrapper$MethodInvokeTypeProvider
23:36:14.680 [main] DEBUG o.e.r.agent.TransformerForTests - Going to instrument: org.springframework.core.SerializableTypeWrapper$MethodInvokeTypeProvider
23:36:14.681 [main] INFO  o.e.r.instrumentation.EvoClassLoader - Keeping class: org.springframework.core.SerializableTypeWrapper$MethodInvokeTypeProvider
23:36:14.681 [main] INFO  o.e.r.instrumentation.EvoClassLoader - Seeing class for first time: org.springframework.boot.logging.LoggingSystem
23:36:14.681 [main] INFO  o.e.r.instrumentation.EvoClassLoader - Instrumenting class 'org.springframework.boot.logging.LoggingSystem'.
23:36:14.682 [main] INFO  o.e.r.i.MethodCallReplacementClassAdapter - Adding mock interface to class org/springframework/boot/logging/LoggingSystem
23:36:14.683 [main] INFO  o.e.r.i.CreateClassResetClassAdapter - Found static initializer in class org/springframework/boot/logging/LoggingSystem
23:36:14.683 [main] INFO  o.e.r.i.MethodCallReplacementClassAdapter - No hashCode defined for: org/springframework/boot/logging/LoggingSystem, superclass = java.lang.Object
23:36:14.683 [main] DEBUG o.e.r.agent.TransformerForTests - Going to instrument: org.springframework.boot.logging.LoggingSystem
23:36:14.684 [main] INFO  o.e.r.i.CreateClassResetClassAdapter - Found static initializer in class org/springframework/boot/logging/LoggingSystem
23:36:14.685 [main] INFO  o.e.r.instrumentation.EvoClassLoader - Error while loading class: java.lang.ClassFormatError: Duplicate method name&signature in class file org/springframework/boot/logging/LoggingSystem
23:36:14.685 [main] ERROR o.e.r.c.ClassStateSupport - Could not initialize org.springframework.boot.logging.LoggingSystem: Duplicate method name&signature in class file org/springframework/boot/logging/LoggingSystem
23:36:14.685 [main] INFO  o.e.r.instrumentation.EvoClassLoader - Seeing class for first time: org.springframework.beans.factory.NoSuchBeanDefinitionException
23:36:14.685 [main] INFO  o.e.r.instrumentation.EvoClassLoader - Instrumenting class 'org.springframework.beans.factory.NoSuchBeanDefinitionException'.
23:36:14.686 [main] INFO  o.e.r.i.MethodCallReplacementClassAdapter - Adding mock interface to class org/springframework/beans/factory/NoSuchBeanDefinitionException
23:36:14.686 [main] INFO  o.e.r.i.MethodCallReplacementClassAdapter - No hashCode defined for: org/springframework/beans/factory/NoSuchBeanDefinitionException, superclass = org.springframework.beans.BeansException
23:36:14.686 [main] INFO  o.e.r.i.CreateClassResetClassAdapter - Creating brand-new static initializer in class org/springframework/beans/factory/NoSuchBeanDefinitionException
23:36:14.686 [main] DEBUG o.e.r.agent.TransformerForTests - Going to instrument: org.springframework.beans.factory.NoSuchBeanDefinitionException
23:36:14.687 [main] INFO  o.e.r.i.MethodCallReplacementClassAdapter - No hashCode defined for: org/springframework/beans/factory/NoSuchBeanDefinitionException, superclass = org.springframework.beans.BeansException
23:36:14.687 [main] INFO  o.e.r.instrumentation.EvoClassLoader - Seeing class for first time: org.springframework.beans.BeansException
23:36:14.687 [main] INFO  o.e.r.instrumentation.EvoClassLoader - Instrumenting class 'org.springframework.beans.BeansException'.
23:36:14.687 [main] INFO  o.e.r.i.MethodCallReplacementClassAdapter - Adding mock interface to class org/springframework/beans/BeansException
23:36:14.687 [main] INFO  o.e.r.i.CreateClassResetClassAdapter - Creating brand-new static initializer in class org/springframework/beans/BeansException
23:36:14.687 [main] DEBUG o.e.r.agent.TransformerForTests - Going to instrument: org.springframework.beans.BeansException
23:36:14.688 [main] INFO  o.e.r.instrumentation.EvoClassLoader - Seeing class for first time: org.springframework.core.NestedRuntimeException
23:36:14.688 [main] INFO  o.e.r.instrumentation.EvoClassLoader - Instrumenting class 'org.springframework.core.NestedRuntimeException'.
23:36:14.688 [main] INFO  o.e.r.i.MethodCallReplacementClassAdapter - Adding mock interface to class org/springframework/core/NestedRuntimeException
23:36:14.689 [main] INFO  o.e.r.i.CreateClassResetClassAdapter - Found static initializer in class org/springframework/core/NestedRuntimeException
23:36:14.689 [main] INFO  o.e.r.i.MethodCallReplacementClassAdapter - No hashCode defined for: org/springframework/core/NestedRuntimeException, superclass = java.lang.RuntimeException
23:36:14.689 [main] DEBUG o.e.r.agent.TransformerForTests - Going to instrument: org.springframework.core.NestedRuntimeException
23:36:14.690 [main] INFO  o.e.r.i.CreateClassResetClassAdapter - Found static initializer in class org/springframework/core/NestedRuntimeException
23:36:14.690 [main] INFO  o.e.r.i.MethodCallReplacementClassAdapter - No hashCode defined for: org/springframework/core/NestedRuntimeException, superclass = org.evosuite.runtime.mock.java.lang.MockRuntimeException
23:36:14.690 [main] INFO  o.e.r.instrumentation.EvoClassLoader - Error while loading class: java.lang.ClassFormatError: Duplicate method name&signature in class file org/springframework/core/NestedRuntimeException
23:36:14.690 [main] INFO  o.e.r.instrumentation.EvoClassLoader - Error while loading class: java.lang.NoClassDefFoundError: org/springframework/core/NestedRuntimeException
23:36:14.690 [main] INFO  o.e.r.instrumentation.EvoClassLoader - Error while loading class: java.lang.NoClassDefFoundError: org/springframework/beans/BeansException
23:36:14.690 [main] ERROR o.e.r.c.ClassStateSupport - Could not initialize org.springframework.context.event.AbstractApplicationEventMulticaster: org/springframework/beans/factory/NoSuchBeanDefinitionException
23:36:14.690 [main] INFO  o.e.r.instrumentation.EvoClassLoader - Seeing class for first time: org.springframework.core.BridgeMethodResolver
23:36:14.690 [main] INFO  o.e.r.instrumentation.EvoClassLoader - Instrumenting class 'org.springframework.core.BridgeMethodResolver'.
23:36:14.691 [main] INFO  o.e.r.i.MethodCallReplacementClassAdapter - Adding mock interface to class org/springframework/core/BridgeMethodResolver
23:36:14.692 [main] INFO  o.e.r.i.MethodCallReplacementClassAdapter - No hashCode defined for: org/springframework/core/BridgeMethodResolver, superclass = java.lang.Object
23:36:14.692 [main] INFO  o.e.r.i.CreateClassResetClassAdapter - Creating brand-new static initializer in class org/springframework/core/BridgeMethodResolver
23:36:14.692 [main] DEBUG o.e.r.agent.TransformerForTests - Going to instrument: org.springframework.core.BridgeMethodResolver
23:36:14.693 [main] INFO  o.e.r.instrumentation.EvoClassLoader - Keeping class: org.springframework.core.BridgeMethodResolver
23:36:14.694 [main] INFO  o.e.r.instrumentation.EvoClassLoader - Seeing class for first time: org.springframework.core.convert.support.StringToCurrencyConverter
23:36:14.694 [main] INFO  o.e.r.instrumentation.EvoClassLoader - Instrumenting class 'org.springframework.core.convert.support.StringToCurrencyConverter'.
23:36:14.694 [main] INFO  o.e.r.i.MethodCallReplacementClassAdapter - Adding mock interface to class org/springframework/core/convert/support/StringToCurrencyConverter
23:36:14.694 [main] INFO  o.e.r.i.MethodCallReplacementClassAdapter - No hashCode defined for: org/springframework/core/convert/support/StringToCurrencyConverter, superclass = java.lang.Object
23:36:14.694 [main] INFO  o.e.r.i.CreateClassResetClassAdapter - Creating brand-new static initializer in class org/springframework/core/convert/support/StringToCurrencyConverter
23:36:14.695 [main] DEBUG o.e.r.agent.TransformerForTests - Going to instrument: org.springframework.core.convert.support.StringToCurrencyConverter
23:36:14.695 [main] INFO  o.e.r.instrumentation.EvoClassLoader - Keeping class: org.springframework.core.convert.support.StringToCurrencyConverter
23:36:14.695 [main] INFO  o.e.r.instrumentation.EvoClassLoader - Seeing class for first time: org.springframework.core.convert.converter.GenericConverter$ConvertiblePair
23:36:14.695 [main] INFO  o.e.r.instrumentation.EvoClassLoader - Instrumenting class 'org.springframework.core.convert.converter.GenericConverter$ConvertiblePair'.
23:36:14.696 [main] INFO  o.e.r.i.MethodCallReplacementClassAdapter - Adding mock interface to class org/springframework/core/convert/converter/GenericConverter$ConvertiblePair
23:36:14.698 [main] INFO  o.e.r.i.CreateClassResetClassAdapter - Creating brand-new static initializer in class org/springframework/core/convert/converter/GenericConverter$ConvertiblePair
23:36:14.698 [main] DEBUG o.e.r.agent.TransformerForTests - Going to instrument: org.springframework.core.convert.converter.GenericConverter$ConvertiblePair
23:36:14.699 [main] INFO  o.e.r.instrumentation.EvoClassLoader - Keeping class: org.springframework.core.convert.converter.GenericConverter$ConvertiblePair
23:36:14.699 [main] INFO  o.e.r.instrumentation.EvoClassLoader - Seeing class for first time: org.springframework.core.NestedIOException
23:36:14.699 [main] INFO  o.e.r.instrumentation.EvoClassLoader - Instrumenting class 'org.springframework.core.NestedIOException'.
23:36:14.700 [main] INFO  o.e.r.i.MethodCallReplacementClassAdapter - Adding mock interface to class org/springframework/core/NestedIOException
23:36:14.700 [main] INFO  o.e.r.i.CreateClassResetClassAdapter - Found static initializer in class org/springframework/core/NestedIOException
23:36:14.700 [main] INFO  o.e.r.i.MethodCallReplacementClassAdapter - No hashCode defined for: org/springframework/core/NestedIOException, superclass = java.io.IOException
23:36:14.700 [main] DEBUG o.e.r.agent.TransformerForTests - Going to instrument: org.springframework.core.NestedIOException
23:36:14.700 [main] INFO  o.e.r.i.CreateClassResetClassAdapter - Found static initializer in class org/springframework/core/NestedIOException
23:36:14.700 [main] INFO  o.e.r.i.MethodCallReplacementClassAdapter - No hashCode defined for: org/springframework/core/NestedIOException, superclass = org.evosuite.runtime.mock.java.io.MockIOException
23:36:14.700 [main] INFO  o.e.r.instrumentation.EvoClassLoader - Error while loading class: java.lang.ClassFormatError: Duplicate method name&signature in class file org/springframework/core/NestedIOException
23:36:14.701 [main] ERROR o.e.r.c.ClassStateSupport - Could not initialize org.springframework.core.io.AbstractFileResolvingResource: org/springframework/core/NestedIOException
23:36:14.701 [main] INFO  o.e.r.instrumentation.EvoClassLoader - Seeing class for first time: org.springframework.boot.context.ConfigurationWarningsApplicationContextInitializer$Check
23:36:14.701 [main] INFO  o.e.r.instrumentation.EvoClassLoader - Instrumenting class 'org.springframework.boot.context.ConfigurationWarningsApplicationContextInitializer$Check'.
23:36:14.701 [main] DEBUG o.e.r.agent.TransformerForTests - Going to instrument: org.springframework.boot.context.ConfigurationWarningsApplicationContextInitializer$Check
23:36:14.701 [main] INFO  o.e.r.instrumentation.EvoClassLoader - Keeping class: org.springframework.boot.context.ConfigurationWarningsApplicationContextInitializer$Check
23:36:14.701 [main] INFO  o.e.r.instrumentation.EvoClassLoader - Seeing class for first time: org.springframework.core.io.DefaultResourceLoader
23:36:14.701 [main] INFO  o.e.r.instrumentation.EvoClassLoader - Instrumenting class 'org.springframework.core.io.DefaultResourceLoader'.
23:36:14.702 [main] INFO  o.e.r.i.MethodCallReplacementClassAdapter - Adding mock interface to class org/springframework/core/io/DefaultResourceLoader
23:36:14.702 [main] INFO  o.e.r.i.MethodCallReplacementClassAdapter - No hashCode defined for: org/springframework/core/io/DefaultResourceLoader, superclass = java.lang.Object
23:36:14.702 [main] INFO  o.e.r.i.CreateClassResetClassAdapter - Creating brand-new static initializer in class org/springframework/core/io/DefaultResourceLoader
23:36:14.702 [main] DEBUG o.e.r.agent.TransformerForTests - Going to instrument: org.springframework.core.io.DefaultResourceLoader
23:36:14.703 [main] INFO  o.e.r.instrumentation.EvoClassLoader - Keeping class: org.springframework.core.io.DefaultResourceLoader
23:36:14.703 [main] INFO  o.e.r.instrumentation.EvoClassLoader - Seeing class for first time: org.springframework.core.convert.TypeDescriptor
23:36:14.703 [main] INFO  o.e.r.instrumentation.EvoClassLoader - Instrumenting class 'org.springframework.core.convert.TypeDescriptor'.
23:36:14.704 [main] INFO  o.e.r.i.MethodCallReplacementClassAdapter - Adding mock interface to class org/springframework/core/convert/TypeDescriptor
23:36:14.706 [main] INFO  o.e.r.i.CreateClassResetClassAdapter - Found static initializer in class org/springframework/core/convert/TypeDescriptor
23:36:14.706 [main] DEBUG o.e.r.agent.TransformerForTests - Going to instrument: org.springframework.core.convert.TypeDescriptor
23:36:14.716 [main] INFO  o.e.r.i.CreateClassResetClassAdapter - Found static initializer in class org/springframework/core/convert/TypeDescriptor
23:36:14.717 [main] INFO  o.e.r.instrumentation.EvoClassLoader - Error while loading class: java.lang.ClassFormatError: Duplicate method name&signature in class file org/springframework/core/convert/TypeDescriptor
23:36:14.717 [main] INFO  o.e.r.instrumentation.EvoClassLoader - Seeing class for first time: org.springframework.core.annotation.AnnotationUtils$AliasDescriptor
23:36:14.717 [main] INFO  o.e.r.instrumentation.EvoClassLoader - Instrumenting class 'org.springframework.core.annotation.AnnotationUtils$AliasDescriptor'.
23:36:14.718 [main] INFO  o.e.r.i.MethodCallReplacementClassAdapter - Adding mock interface to class org/springframework/core/annotation/AnnotationUtils$AliasDescriptor
23:36:14.719 [main] INFO  o.e.r.i.MethodCallReplacementClassAdapter - No hashCode defined for: org/springframework/core/annotation/AnnotationUtils$AliasDescriptor, superclass = java.lang.Object
23:36:14.719 [main] INFO  o.e.r.i.CreateClassResetClassAdapter - Creating brand-new static initializer in class org/springframework/core/annotation/AnnotationUtils$AliasDescriptor
23:36:14.719 [main] DEBUG o.e.r.agent.TransformerForTests - Going to instrument: org.springframework.core.annotation.AnnotationUtils$AliasDescriptor
23:36:14.720 [main] INFO  o.e.r.instrumentation.EvoClassLoader - Keeping class: org.springframework.core.annotation.AnnotationUtils$AliasDescriptor
23:36:14.721 [main] INFO  o.e.r.instrumentation.EvoClassLoader - Seeing class for first time: org.springframework.core.annotation.AnnotationConfigurationException
23:36:14.721 [main] INFO  o.e.r.instrumentation.EvoClassLoader - Instrumenting class 'org.springframework.core.annotation.AnnotationConfigurationException'.
23:36:14.721 [main] INFO  o.e.r.i.MethodCallReplacementClassAdapter - Adding mock interface to class org/springframework/core/annotation/AnnotationConfigurationException
23:36:14.721 [main] INFO  o.e.r.i.MethodCallReplacementClassAdapter - No hashCode defined for: org/springframework/core/annotation/AnnotationConfigurationException, superclass = org.springframework.core.NestedRuntimeException
23:36:14.721 [main] INFO  o.e.r.i.CreateClassResetClassAdapter - Creating brand-new static initializer in class org/springframework/core/annotation/AnnotationConfigurationException
23:36:14.721 [main] DEBUG o.e.r.agent.TransformerForTests - Going to instrument: org.springframework.core.annotation.AnnotationConfigurationException
23:36:14.722 [main] INFO  o.e.r.i.MethodCallReplacementClassAdapter - No hashCode defined for: org/springframework/core/annotation/AnnotationConfigurationException, superclass = org.springframework.core.NestedRuntimeException
23:36:14.722 [main] INFO  o.e.r.instrumentation.EvoClassLoader - Seeing class for first time: org.springframework.core.NestedRuntimeException
23:36:14.722 [main] INFO  o.e.r.instrumentation.EvoClassLoader - Instrumenting class 'org.springframework.core.NestedRuntimeException'.
23:36:14.722 [main] INFO  o.e.r.i.MethodCallReplacementClassAdapter - Adding mock interface to class org/springframework/core/NestedRuntimeException
23:36:14.723 [main] INFO  o.e.r.i.CreateClassResetClassAdapter - Found static initializer in class org/springframework/core/NestedRuntimeException
23:36:14.723 [main] INFO  o.e.r.i.MethodCallReplacementClassAdapter - No hashCode defined for: org/springframework/core/NestedRuntimeException, superclass = java.lang.RuntimeException
23:36:14.723 [main] DEBUG o.e.r.agent.TransformerForTests - Going to instrument: org.springframework.core.NestedRuntimeException
23:36:14.724 [main] INFO  o.e.r.i.CreateClassResetClassAdapter - Found static initializer in class org/springframework/core/NestedRuntimeException
23:36:14.724 [main] INFO  o.e.r.i.MethodCallReplacementClassAdapter - No hashCode defined for: org/springframework/core/NestedRuntimeException, superclass = org.evosuite.runtime.mock.java.lang.MockRuntimeException
23:36:14.724 [main] INFO  o.e.r.instrumentation.EvoClassLoader - Error while loading class: java.lang.ClassFormatError: Duplicate method name&signature in class file org/springframework/core/NestedRuntimeException
23:36:14.725 [main] INFO  o.e.r.instrumentation.EvoClassLoader - Error while loading class: java.lang.NoClassDefFoundError: org/springframework/core/NestedRuntimeException
23:36:14.725 [main] ERROR o.e.r.c.ClassStateSupport - Could not initialize org.springframework.core.annotation.AnnotationUtils$AliasDescriptor: org/springframework/core/annotation/AnnotationConfigurationException
23:36:14.725 [main] INFO  o.e.r.instrumentation.EvoClassLoader - Seeing class for first time: org.springframework.core.SerializableTypeWrapper$SerializableTypeProxy
23:36:14.725 [main] INFO  o.e.r.instrumentation.EvoClassLoader - Instrumenting class 'org.springframework.core.SerializableTypeWrapper$SerializableTypeProxy'.
23:36:14.725 [main] DEBUG o.e.r.agent.TransformerForTests - Going to instrument: org.springframework.core.SerializableTypeWrapper$SerializableTypeProxy
23:36:14.726 [main] INFO  o.e.r.instrumentation.EvoClassLoader - Keeping class: org.springframework.core.SerializableTypeWrapper$SerializableTypeProxy
23:36:14.726 [main] INFO  o.e.r.instrumentation.EvoClassLoader - Seeing class for first time: org.springframework.validation.BindException
23:36:14.726 [main] INFO  o.e.r.instrumentation.EvoClassLoader - Instrumenting class 'org.springframework.validation.BindException'.
23:36:14.727 [main] INFO  o.e.r.i.MethodCallReplacementClassAdapter - Adding mock interface to class org/springframework/validation/BindException
23:36:14.727 [main] INFO  o.e.r.i.CreateClassResetClassAdapter - Creating brand-new static initializer in class org/springframework/validation/BindException
23:36:14.727 [main] DEBUG o.e.r.agent.TransformerForTests - Going to instrument: org.springframework.validation.BindException
23:36:14.729 [main] INFO  o.e.r.instrumentation.EvoClassLoader - Keeping class: org.springframework.validation.BindException
23:36:14.729 [main] INFO  o.e.r.instrumentation.EvoClassLoader - Seeing class for first time: org.springframework.boot.context.config.ConfigFileApplicationListener
23:36:14.729 [main] INFO  o.e.r.instrumentation.EvoClassLoader - Instrumenting class 'org.springframework.boot.context.config.ConfigFileApplicationListener'.
23:36:14.730 [main] INFO  o.e.r.i.MethodCallReplacementClassAdapter - Adding mock interface to class org/springframework/boot/context/config/ConfigFileApplicationListener
23:36:14.731 [main] INFO  o.e.r.i.MethodCallReplacementClassAdapter - No hashCode defined for: org/springframework/boot/context/config/ConfigFileApplicationListener, superclass = java.lang.Object
23:36:14.731 [main] INFO  o.e.r.i.CreateClassResetClassAdapter - Creating brand-new static initializer in class org/springframework/boot/context/config/ConfigFileApplicationListener
23:36:14.731 [main] INFO  o.e.r.i.CreateClassResetClassAdapter - Adding bytecode for initializing field DEFAULT_PROPERTIES
23:36:14.731 [main] INFO  o.e.r.i.CreateClassResetClassAdapter - Adding bytecode for initializing field DEFAULT_SEARCH_LOCATIONS
23:36:14.732 [main] INFO  o.e.r.i.CreateClassResetClassAdapter - Adding bytecode for initializing field DEFAULT_NAMES
23:36:14.732 [main] INFO  o.e.r.i.CreateClassResetClassAdapter - Adding bytecode for initializing field ACTIVE_PROFILES_PROPERTY
23:36:14.732 [main] INFO  o.e.r.i.CreateClassResetClassAdapter - Adding bytecode for initializing field INCLUDE_PROFILES_PROPERTY
23:36:14.732 [main] INFO  o.e.r.i.CreateClassResetClassAdapter - Adding bytecode for initializing field CONFIG_NAME_PROPERTY
23:36:14.732 [main] INFO  o.e.r.i.CreateClassResetClassAdapter - Adding bytecode for initializing field CONFIG_LOCATION_PROPERTY
23:36:14.732 [main] INFO  o.e.r.i.CreateClassResetClassAdapter - Adding bytecode for initializing field DEFAULT_ORDER
23:36:14.732 [main] INFO  o.e.r.i.CreateClassResetClassAdapter - Adding bytecode for initializing field APPLICATION_CONFIGURATION_PROPERTY_SOURCE_NAME
23:36:14.732 [main] DEBUG o.e.r.agent.TransformerForTests - Going to instrument: org.springframework.boot.context.config.ConfigFileApplicationListener
23:36:14.733 [main] INFO  o.e.r.instrumentation.EvoClassLoader - Keeping class: org.springframework.boot.context.config.ConfigFileApplicationListener
23:36:14.734 [main] INFO  o.e.r.instrumentation.EvoClassLoader - Seeing class for first time: org.springframework.boot.bind.RelaxedNames
23:36:14.734 [main] INFO  o.e.r.instrumentation.EvoClassLoader - Instrumenting class 'org.springframework.boot.bind.RelaxedNames'.
23:36:14.735 [main] INFO  o.e.r.i.MethodCallReplacementClassAdapter - Adding mock interface to class org/springframework/boot/bind/RelaxedNames
23:36:14.735 [main] INFO  o.e.r.i.CreateClassResetClassAdapter - Found static initializer in class org/springframework/boot/bind/RelaxedNames
23:36:14.735 [main] INFO  o.e.r.i.MethodCallReplacementClassAdapter - No hashCode defined for: org/springframework/boot/bind/RelaxedNames, superclass = java.lang.Object
23:36:14.735 [main] DEBUG o.e.r.agent.TransformerForTests - Going to instrument: org.springframework.boot.bind.RelaxedNames
23:36:14.736 [main] INFO  o.e.r.i.CreateClassResetClassAdapter - Found static initializer in class org/springframework/boot/bind/RelaxedNames
23:36:14.736 [main] INFO  o.e.r.instrumentation.EvoClassLoader - Error while loading class: java.lang.ClassFormatError: Duplicate method name&signature in class file org/springframework/boot/bind/RelaxedNames
23:36:14.736 [main] ERROR o.e.r.c.ClassStateSupport - Could not initialize org.springframework.boot.bind.RelaxedNames: Duplicate method name&signature in class file org/springframework/boot/bind/RelaxedNames
23:36:14.736 [main] INFO  o.e.r.instrumentation.EvoClassLoader - Seeing class for first time: org.springframework.boot.context.web.ServerPortInfoApplicationContextInitializer
23:36:14.736 [main] INFO  o.e.r.instrumentation.EvoClassLoader - Instrumenting class 'org.springframework.boot.context.web.ServerPortInfoApplicationContextInitializer'.
23:36:14.737 [main] INFO  o.e.r.i.MethodCallReplacementClassAdapter - Adding mock interface to class org/springframework/boot/context/web/ServerPortInfoApplicationContextInitializer
23:36:14.739 [main] INFO  o.e.r.i.MethodCallReplacementClassAdapter - No hashCode defined for: org/springframework/boot/context/web/ServerPortInfoApplicationContextInitializer, superclass = java.lang.Object
23:36:14.739 [main] INFO  o.e.r.i.CreateClassResetClassAdapter - Creating brand-new static initializer in class org/springframework/boot/context/web/ServerPortInfoApplicationContextInitializer
23:36:14.739 [main] DEBUG o.e.r.agent.TransformerForTests - Going to instrument: org.springframework.boot.context.web.ServerPortInfoApplicationContextInitializer
23:36:14.740 [main] INFO  o.e.r.instrumentation.EvoClassLoader - Keeping class: org.springframework.boot.context.web.ServerPortInfoApplicationContextInitializer
23:36:14.740 [main] INFO  o.e.r.instrumentation.EvoClassLoader - Seeing class for first time: org.springframework.core.annotation.Order
23:36:14.741 [main] INFO  o.e.r.instrumentation.EvoClassLoader - Instrumenting class 'org.springframework.core.annotation.Order'.
23:36:14.741 [main] DEBUG o.e.r.agent.TransformerForTests - Going to instrument: org.springframework.core.annotation.Order
23:36:14.741 [main] INFO  o.e.r.instrumentation.EvoClassLoader - Keeping class: org.springframework.core.annotation.Order
23:36:14.741 [main] INFO  o.e.r.instrumentation.EvoClassLoader - Seeing class for first time: org.springframework.boot.builder.ParentContextApplicationContextInitializer$ParentContextAvailableEvent
23:36:14.741 [main] INFO  o.e.r.instrumentation.EvoClassLoader - Instrumenting class 'org.springframework.boot.builder.ParentContextApplicationContextInitializer$ParentContextAvailableEvent'.
23:36:14.742 [main] INFO  o.e.r.i.MethodCallReplacementClassAdapter - Adding mock interface to class org/springframework/boot/builder/ParentContextApplicationContextInitializer$ParentContextAvailableEvent
23:36:14.742 [main] INFO  o.e.r.i.MethodCallReplacementClassAdapter - No hashCode defined for: org/springframework/boot/builder/ParentContextApplicationContextInitializer$ParentContextAvailableEvent, superclass = org.springframework.context.ApplicationEvent
23:36:14.742 [main] INFO  o.e.r.i.CreateClassResetClassAdapter - Creating brand-new static initializer in class org/springframework/boot/builder/ParentContextApplicationContextInitializer$ParentContextAvailableEvent
23:36:14.742 [main] DEBUG o.e.r.agent.TransformerForTests - Going to instrument: org.springframework.boot.builder.ParentContextApplicationContextInitializer$ParentContextAvailableEvent
23:36:14.742 [main] INFO  o.e.r.i.MethodCallReplacementClassAdapter - No hashCode defined for: org/springframework/boot/builder/ParentContextApplicationContextInitializer$ParentContextAvailableEvent, superclass = org.springframework.context.ApplicationEvent
23:36:14.742 [main] INFO  o.e.r.instrumentation.EvoClassLoader - Keeping class: org.springframework.boot.builder.ParentContextApplicationContextInitializer$ParentContextAvailableEvent
23:36:14.743 [main] INFO  o.e.r.instrumentation.EvoClassLoader - Seeing class for first time: org.springframework.boot.DefaultApplicationArguments
23:36:14.743 [main] INFO  o.e.r.instrumentation.EvoClassLoader - Instrumenting class 'org.springframework.boot.DefaultApplicationArguments'.
23:36:14.743 [main] INFO  o.e.r.i.MethodCallReplacementClassAdapter - Adding mock interface to class org/springframework/boot/DefaultApplicationArguments
23:36:14.743 [main] INFO  o.e.r.i.MethodCallReplacementClassAdapter - No hashCode defined for: org/springframework/boot/DefaultApplicationArguments, superclass = java.lang.Object
23:36:14.743 [main] INFO  o.e.r.i.CreateClassResetClassAdapter - Creating brand-new static initializer in class org/springframework/boot/DefaultApplicationArguments
23:36:14.743 [main] DEBUG o.e.r.agent.TransformerForTests - Going to instrument: org.springframework.boot.DefaultApplicationArguments
23:36:14.744 [main] INFO  o.e.r.instrumentation.EvoClassLoader - Keeping class: org.springframework.boot.DefaultApplicationArguments
23:36:14.744 [main] INFO  o.e.r.instrumentation.EvoClassLoader - Seeing class for first time: com.fasterxml.jackson.databind.ObjectMapper
23:36:14.744 [main] INFO  o.e.r.instrumentation.EvoClassLoader - Instrumenting class 'com.fasterxml.jackson.databind.ObjectMapper'.
23:36:14.752 [main] INFO  o.e.r.i.MethodCallReplacementClassAdapter - Adding mock interface to class com/fasterxml/jackson/databind/ObjectMapper
23:36:14.772 [main] INFO  o.e.r.i.CreateClassResetClassAdapter - Found static initializer in class com/fasterxml/jackson/databind/ObjectMapper
23:36:14.772 [main] INFO  o.e.r.i.MethodCallReplacementClassAdapter - No hashCode defined for: com/fasterxml/jackson/databind/ObjectMapper, superclass = com.fasterxml.jackson.core.ObjectCodec
23:36:14.772 [main] DEBUG o.e.r.agent.TransformerForTests - Going to instrument: com.fasterxml.jackson.databind.ObjectMapper
23:36:14.792 [main] INFO  o.e.r.i.CreateClassResetClassAdapter - Found static initializer in class com/fasterxml/jackson/databind/ObjectMapper
23:36:14.792 [main] INFO  o.e.r.i.MethodCallReplacementClassAdapter - No hashCode defined for: com/fasterxml/jackson/databind/ObjectMapper, superclass = com.fasterxml.jackson.core.ObjectCodec
23:36:14.794 [main] INFO  o.e.r.instrumentation.EvoClassLoader - Error while loading class: java.lang.ClassFormatError: Duplicate method name&signature in class file com/fasterxml/jackson/databind/ObjectMapper
23:36:14.795 [main] INFO  o.e.r.instrumentation.EvoClassLoader - Seeing class for first time: org.springframework.core.NestedIOException
23:36:14.795 [main] INFO  o.e.r.instrumentation.EvoClassLoader - Instrumenting class 'org.springframework.core.NestedIOException'.
23:36:14.795 [main] INFO  o.e.r.i.MethodCallReplacementClassAdapter - Adding mock interface to class org/springframework/core/NestedIOException
23:36:14.795 [main] INFO  o.e.r.i.CreateClassResetClassAdapter - Found static initializer in class org/springframework/core/NestedIOException
23:36:14.795 [main] INFO  o.e.r.i.MethodCallReplacementClassAdapter - No hashCode defined for: org/springframework/core/NestedIOException, superclass = java.io.IOException
23:36:14.795 [main] DEBUG o.e.r.agent.TransformerForTests - Going to instrument: org.springframework.core.NestedIOException
23:36:14.795 [main] INFO  o.e.r.i.CreateClassResetClassAdapter - Found static initializer in class org/springframework/core/NestedIOException
23:36:14.795 [main] INFO  o.e.r.i.MethodCallReplacementClassAdapter - No hashCode defined for: org/springframework/core/NestedIOException, superclass = org.evosuite.runtime.mock.java.io.MockIOException
23:36:14.796 [main] INFO  o.e.r.instrumentation.EvoClassLoader - Error while loading class: java.lang.ClassFormatError: Duplicate method name&signature in class file org/springframework/core/NestedIOException
23:36:14.796 [main] ERROR o.e.r.c.ClassStateSupport - Could not initialize org.springframework.core.NestedIOException: Duplicate method name&signature in class file org/springframework/core/NestedIOException
23:36:14.796 [main] INFO  o.e.r.instrumentation.EvoClassLoader - Seeing class for first time: org.springframework.boot.context.config.ConfigFileApplicationListener$Loader
23:36:14.796 [main] INFO  o.e.r.instrumentation.EvoClassLoader - Instrumenting class 'org.springframework.boot.context.config.ConfigFileApplicationListener$Loader'.
23:36:14.797 [main] INFO  o.e.r.i.MethodCallReplacementClassAdapter - Adding mock interface to class org/springframework/boot/context/config/ConfigFileApplicationListener$Loader
23:36:14.798 [main] INFO  o.e.r.i.MethodCallReplacementClassAdapter - No hashCode defined for: org/springframework/boot/context/config/ConfigFileApplicationListener$Loader, superclass = java.lang.Object
23:36:14.798 [main] INFO  o.e.r.i.CreateClassResetClassAdapter - Creating brand-new static initializer in class org/springframework/boot/context/config/ConfigFileApplicationListener$Loader
23:36:14.799 [main] DEBUG o.e.r.agent.TransformerForTests - Going to instrument: org.springframework.boot.context.config.ConfigFileApplicationListener$Loader
23:36:14.801 [main] INFO  o.e.r.instrumentation.EvoClassLoader - Keeping class: org.springframework.boot.context.config.ConfigFileApplicationListener$Loader
23:36:14.802 [main] INFO  o.e.r.instrumentation.EvoClassLoader - Seeing class for first time: org.apache.commons.logging.impl.SLF4JLogFactory
23:36:14.802 [main] INFO  o.e.r.instrumentation.EvoClassLoader - Instrumenting class 'org.apache.commons.logging.impl.SLF4JLogFactory'.
23:36:14.803 [main] INFO  o.e.r.i.MethodCallReplacementClassAdapter - Adding mock interface to class org/apache/commons/logging/impl/SLF4JLogFactory
23:36:14.805 [main] INFO  o.e.r.i.MethodCallReplacementClassAdapter - No hashCode defined for: org/apache/commons/logging/impl/SLF4JLogFactory, superclass = org.apache.commons.logging.LogFactory
23:36:14.805 [main] INFO  o.e.r.i.CreateClassResetClassAdapter - Creating brand-new static initializer in class org/apache/commons/logging/impl/SLF4JLogFactory
23:36:14.805 [main] INFO  o.e.r.i.CreateClassResetClassAdapter - Adding bytecode for initializing field LOG_PROPERTY
23:36:14.805 [main] DEBUG o.e.r.agent.TransformerForTests - Going to instrument: org.apache.commons.logging.impl.SLF4JLogFactory
23:36:14.807 [main] INFO  o.e.r.i.MethodCallReplacementClassAdapter - No hashCode defined for: org/apache/commons/logging/impl/SLF4JLogFactory, superclass = org.apache.commons.logging.LogFactory
23:36:14.807 [main] INFO  o.e.r.instrumentation.EvoClassLoader - Seeing class for first time: org.apache.commons.logging.LogFactory
23:36:14.807 [main] INFO  o.e.r.instrumentation.EvoClassLoader - Instrumenting class 'org.apache.commons.logging.LogFactory'.
23:36:14.808 [main] INFO  o.e.r.i.MethodCallReplacementClassAdapter - Adding mock interface to class org/apache/commons/logging/LogFactory
23:36:14.808 [main] INFO  o.e.r.i.CreateClassResetClassAdapter - Found static initializer in class org/apache/commons/logging/LogFactory
23:36:14.808 [main] INFO  o.e.r.i.MethodCallReplacementClassAdapter - No hashCode defined for: org/apache/commons/logging/LogFactory, superclass = java.lang.Object
23:36:14.809 [main] DEBUG o.e.r.agent.TransformerForTests - Going to instrument: org.apache.commons.logging.LogFactory
23:36:14.809 [main] INFO  o.e.r.i.CreateClassResetClassAdapter - Found static initializer in class org/apache/commons/logging/LogFactory
23:36:14.809 [main] INFO  o.e.r.instrumentation.EvoClassLoader - Error while loading class: java.lang.ClassFormatError: Duplicate method name&signature in class file org/apache/commons/logging/LogFactory
23:36:14.809 [main] INFO  o.e.r.instrumentation.EvoClassLoader - Error while loading class: java.lang.NoClassDefFoundError: org/apache/commons/logging/LogFactory
23:36:14.810 [main] INFO  o.e.r.instrumentation.EvoClassLoader - Seeing class for first time: org.springframework.core.convert.support.StreamConverter
23:36:14.810 [main] INFO  o.e.r.instrumentation.EvoClassLoader - Instrumenting class 'org.springframework.core.convert.support.StreamConverter'.
23:36:14.811 [main] INFO  o.e.r.i.MethodCallReplacementClassAdapter - Adding mock interface to class org/springframework/core/convert/support/StreamConverter
23:36:14.812 [main] INFO  o.e.r.i.CreateClassResetClassAdapter - Found static initializer in class org/springframework/core/convert/support/StreamConverter
23:36:14.812 [main] INFO  o.e.r.i.MethodCallReplacementClassAdapter - No hashCode defined for: org/springframework/core/convert/support/StreamConverter, superclass = java.lang.Object
23:36:14.812 [main] DEBUG o.e.r.agent.TransformerForTests - Going to instrument: org.springframework.core.convert.support.StreamConverter
23:36:14.813 [main] INFO  o.e.r.i.CreateClassResetClassAdapter - Found static initializer in class org/springframework/core/convert/support/StreamConverter
23:36:14.813 [main] INFO  o.e.r.instrumentation.EvoClassLoader - Error while loading class: java.lang.ClassFormatError: Duplicate method name&signature in class file org/springframework/core/convert/support/StreamConverter
23:36:14.814 [main] INFO  o.e.r.instrumentation.EvoClassLoader - Seeing class for first time: org.springframework.core.NestedIOException
23:36:14.814 [main] INFO  o.e.r.instrumentation.EvoClassLoader - Instrumenting class 'org.springframework.core.NestedIOException'.
23:36:14.814 [main] INFO  o.e.r.i.MethodCallReplacementClassAdapter - Adding mock interface to class org/springframework/core/NestedIOException
23:36:14.814 [main] INFO  o.e.r.i.CreateClassResetClassAdapter - Found static initializer in class org/springframework/core/NestedIOException
23:36:14.814 [main] INFO  o.e.r.i.MethodCallReplacementClassAdapter - No hashCode defined for: org/springframework/core/NestedIOException, superclass = java.io.IOException
23:36:14.814 [main] DEBUG o.e.r.agent.TransformerForTests - Going to instrument: org.springframework.core.NestedIOException
23:36:14.814 [main] INFO  o.e.r.i.CreateClassResetClassAdapter - Found static initializer in class org/springframework/core/NestedIOException
23:36:14.814 [main] INFO  o.e.r.i.MethodCallReplacementClassAdapter - No hashCode defined for: org/springframework/core/NestedIOException, superclass = org.evosuite.runtime.mock.java.io.MockIOException
23:36:14.815 [main] INFO  o.e.r.instrumentation.EvoClassLoader - Error while loading class: java.lang.ClassFormatError: Duplicate method name&signature in class file org/springframework/core/NestedIOException
23:36:14.815 [main] ERROR o.e.r.c.ClassStateSupport - Could not initialize org.springframework.core.io.AbstractResource: org/springframework/core/NestedIOException
23:36:14.815 [main] INFO  o.e.r.instrumentation.EvoClassLoader - Seeing class for first time: org.springframework.web.context.ConfigurableWebApplicationContext
23:36:14.815 [main] INFO  o.e.r.instrumentation.EvoClassLoader - Instrumenting class 'org.springframework.web.context.ConfigurableWebApplicationContext'.
23:36:14.815 [main] DEBUG o.e.r.agent.TransformerForTests - Going to instrument: org.springframework.web.context.ConfigurableWebApplicationContext
23:36:14.816 [main] INFO  o.e.r.instrumentation.EvoClassLoader - Keeping class: org.springframework.web.context.ConfigurableWebApplicationContext
23:36:14.819 [main] INFO  o.e.r.instrumentation.EvoClassLoader - Seeing class for first time: org.springframework.beans.factory.NoSuchBeanDefinitionException
23:36:14.820 [main] INFO  o.e.r.instrumentation.EvoClassLoader - Instrumenting class 'org.springframework.beans.factory.NoSuchBeanDefinitionException'.
23:36:14.820 [main] INFO  o.e.r.i.MethodCallReplacementClassAdapter - Adding mock interface to class org/springframework/beans/factory/NoSuchBeanDefinitionException
23:36:14.820 [main] INFO  o.e.r.i.MethodCallReplacementClassAdapter - No hashCode defined for: org/springframework/beans/factory/NoSuchBeanDefinitionException, superclass = org.springframework.beans.BeansException
23:36:14.820 [main] INFO  o.e.r.i.CreateClassResetClassAdapter - Creating brand-new static initializer in class org/springframework/beans/factory/NoSuchBeanDefinitionException
23:36:14.821 [main] DEBUG o.e.r.agent.TransformerForTests - Going to instrument: org.springframework.beans.factory.NoSuchBeanDefinitionException
23:36:14.821 [main] INFO  o.e.r.i.MethodCallReplacementClassAdapter - No hashCode defined for: org/springframework/beans/factory/NoSuchBeanDefinitionException, superclass = org.springframework.beans.BeansException
23:36:14.822 [main] INFO  o.e.r.instrumentation.EvoClassLoader - Seeing class for first time: org.springframework.beans.BeansException
23:36:14.822 [main] INFO  o.e.r.instrumentation.EvoClassLoader - Instrumenting class 'org.springframework.beans.BeansException'.
23:36:14.822 [main] INFO  o.e.r.i.MethodCallReplacementClassAdapter - Adding mock interface to class org/springframework/beans/BeansException
23:36:14.822 [main] INFO  o.e.r.i.CreateClassResetClassAdapter - Creating brand-new static initializer in class org/springframework/beans/BeansException
23:36:14.825 [main] DEBUG o.e.r.agent.TransformerForTests - Going to instrument: org.springframework.beans.BeansException
23:36:14.825 [main] INFO  o.e.r.instrumentation.EvoClassLoader - Seeing class for first time: org.springframework.core.NestedRuntimeException
23:36:14.825 [main] INFO  o.e.r.instrumentation.EvoClassLoader - Instrumenting class 'org.springframework.core.NestedRuntimeException'.
23:36:14.826 [main] INFO  o.e.r.i.MethodCallReplacementClassAdapter - Adding mock interface to class org/springframework/core/NestedRuntimeException
23:36:14.827 [main] INFO  o.e.r.i.CreateClassResetClassAdapter - Found static initializer in class org/springframework/core/NestedRuntimeException
23:36:14.827 [main] INFO  o.e.r.i.MethodCallReplacementClassAdapter - No hashCode defined for: org/springframework/core/NestedRuntimeException, superclass = java.lang.RuntimeException
23:36:14.827 [main] DEBUG o.e.r.agent.TransformerForTests - Going to instrument: org.springframework.core.NestedRuntimeException
23:36:14.828 [main] INFO  o.e.r.i.CreateClassResetClassAdapter - Found static initializer in class org/springframework/core/NestedRuntimeException
23:36:14.828 [main] INFO  o.e.r.i.MethodCallReplacementClassAdapter - No hashCode defined for: org/springframework/core/NestedRuntimeException, superclass = org.evosuite.runtime.mock.java.lang.MockRuntimeException
23:36:14.828 [main] INFO  o.e.r.instrumentation.EvoClassLoader - Error while loading class: java.lang.ClassFormatError: Duplicate method name&signature in class file org/springframework/core/NestedRuntimeException
23:36:14.828 [main] INFO  o.e.r.instrumentation.EvoClassLoader - Error while loading class: java.lang.NoClassDefFoundError: org/springframework/core/NestedRuntimeException
23:36:14.828 [main] INFO  o.e.r.instrumentation.EvoClassLoader - Error while loading class: java.lang.NoClassDefFoundError: org/springframework/beans/BeansException
23:36:14.828 [main] INFO  o.e.r.instrumentation.EvoClassLoader - Seeing class for first time: org.springframework.boot.logging.DeferredLog$Line
23:36:14.828 [main] INFO  o.e.r.instrumentation.EvoClassLoader - Instrumenting class 'org.springframework.boot.logging.DeferredLog$Line'.
23:36:14.829 [main] INFO  o.e.r.i.MethodCallReplacementClassAdapter - Adding mock interface to class org/springframework/boot/logging/DeferredLog$Line
23:36:14.829 [main] INFO  o.e.r.i.MethodCallReplacementClassAdapter - No hashCode defined for: org/springframework/boot/logging/DeferredLog$Line, superclass = java.lang.Object
23:36:14.829 [main] INFO  o.e.r.i.CreateClassResetClassAdapter - Creating brand-new static initializer in class org/springframework/boot/logging/DeferredLog$Line
23:36:14.829 [main] DEBUG o.e.r.agent.TransformerForTests - Going to instrument: org.springframework.boot.logging.DeferredLog$Line
23:36:14.830 [main] INFO  o.e.r.instrumentation.EvoClassLoader - Keeping class: org.springframework.boot.logging.DeferredLog$Line
23:36:14.830 [main] INFO  o.e.r.instrumentation.EvoClassLoader - Seeing class for first time: org.springframework.boot.logging.AbstractLoggingSystem
23:36:14.832 [main] INFO  o.e.r.instrumentation.EvoClassLoader - Instrumenting class 'org.springframework.boot.logging.AbstractLoggingSystem'.
23:36:14.833 [main] INFO  o.e.r.i.MethodCallReplacementClassAdapter - Adding mock interface to class org/springframework/boot/logging/AbstractLoggingSystem
23:36:14.833 [main] INFO  o.e.r.i.MethodCallReplacementClassAdapter - No hashCode defined for: org/springframework/boot/logging/AbstractLoggingSystem, superclass = org.springframework.boot.logging.LoggingSystem
23:36:14.833 [main] INFO  o.e.r.i.CreateClassResetClassAdapter - Creating brand-new static initializer in class org/springframework/boot/logging/AbstractLoggingSystem
23:36:14.833 [main] DEBUG o.e.r.agent.TransformerForTests - Going to instrument: org.springframework.boot.logging.AbstractLoggingSystem
23:36:14.834 [main] INFO  o.e.r.i.MethodCallReplacementClassAdapter - No hashCode defined for: org/springframework/boot/logging/AbstractLoggingSystem, superclass = org.springframework.boot.logging.LoggingSystem
23:36:14.834 [main] INFO  o.e.r.instrumentation.EvoClassLoader - Seeing class for first time: org.springframework.boot.logging.LoggingSystem
23:36:14.834 [main] INFO  o.e.r.instrumentation.EvoClassLoader - Instrumenting class 'org.springframework.boot.logging.LoggingSystem'.
23:36:14.835 [main] INFO  o.e.r.i.MethodCallReplacementClassAdapter - Adding mock interface to class org/springframework/boot/logging/LoggingSystem
23:36:14.840 [main] INFO  o.e.r.i.CreateClassResetClassAdapter - Found static initializer in class org/springframework/boot/logging/LoggingSystem
23:36:14.840 [main] INFO  o.e.r.i.MethodCallReplacementClassAdapter - No hashCode defined for: org/springframework/boot/logging/LoggingSystem, superclass = java.lang.Object
23:36:14.840 [main] DEBUG o.e.r.agent.TransformerForTests - Going to instrument: org.springframework.boot.logging.LoggingSystem
23:36:14.842 [main] INFO  o.e.r.i.CreateClassResetClassAdapter - Found static initializer in class org/springframework/boot/logging/LoggingSystem
23:36:14.842 [main] INFO  o.e.r.instrumentation.EvoClassLoader - Error while loading class: java.lang.ClassFormatError: Duplicate method name&signature in class file org/springframework/boot/logging/LoggingSystem
23:36:14.842 [main] INFO  o.e.r.instrumentation.EvoClassLoader - Error while loading class: java.lang.NoClassDefFoundError: org/springframework/boot/logging/LoggingSystem
23:36:14.842 [main] ERROR o.e.r.c.ClassStateSupport - Could not initialize org.springframework.boot.logging.AbstractLoggingSystem: org/springframework/boot/logging/LoggingSystem
23:36:14.842 [main] INFO  o.e.r.instrumentation.EvoClassLoader - Seeing class for first time: org.springframework.core.convert.support.CollectionToStringConverter
23:36:14.842 [main] INFO  o.e.r.instrumentation.EvoClassLoader - Instrumenting class 'org.springframework.core.convert.support.CollectionToStringConverter'.
23:36:14.843 [main] INFO  o.e.r.i.MethodCallReplacementClassAdapter - Adding mock interface to class org/springframework/core/convert/support/CollectionToStringConverter
23:36:14.843 [main] INFO  o.e.r.i.MethodCallReplacementClassAdapter - No hashCode defined for: org/springframework/core/convert/support/CollectionToStringConverter, superclass = java.lang.Object
23:36:14.843 [main] INFO  o.e.r.i.CreateClassResetClassAdapter - Creating brand-new static initializer in class org/springframework/core/convert/support/CollectionToStringConverter
23:36:14.843 [main] INFO  o.e.r.i.CreateClassResetClassAdapter - Adding bytecode for initializing field DELIMITER
23:36:14.843 [main] DEBUG o.e.r.agent.TransformerForTests - Going to instrument: org.springframework.core.convert.support.CollectionToStringConverter
23:36:14.844 [main] INFO  o.e.r.instrumentation.EvoClassLoader - Keeping class: org.springframework.core.convert.support.CollectionToStringConverter
23:36:14.844 [main] INFO  o.e.r.instrumentation.EvoClassLoader - Seeing class for first time: org.springframework.util.StringUtils
23:36:14.844 [main] INFO  o.e.r.instrumentation.EvoClassLoader - Instrumenting class 'org.springframework.util.StringUtils'.
23:36:14.846 [main] INFO  o.e.r.i.MethodCallReplacementClassAdapter - Adding mock interface to class org/springframework/util/StringUtils
23:36:14.849 [main] INFO  o.e.r.i.MethodCallReplacementClassAdapter - No hashCode defined for: org/springframework/util/StringUtils, superclass = java.lang.Object
23:36:14.851 [main] INFO  o.e.r.i.CreateClassResetClassAdapter - Creating brand-new static initializer in class org/springframework/util/StringUtils
23:36:14.853 [main] INFO  o.e.r.i.CreateClassResetClassAdapter - Adding bytecode for initializing field FOLDER_SEPARATOR
23:36:14.854 [main] INFO  o.e.r.i.CreateClassResetClassAdapter - Adding bytecode for initializing field WINDOWS_FOLDER_SEPARATOR
23:36:14.854 [main] INFO  o.e.r.i.CreateClassResetClassAdapter - Adding bytecode for initializing field TOP_PATH
23:36:14.854 [main] INFO  o.e.r.i.CreateClassResetClassAdapter - Adding bytecode for initializing field CURRENT_PATH
23:36:14.854 [main] INFO  o.e.r.i.CreateClassResetClassAdapter - Adding bytecode for initializing field EXTENSION_SEPARATOR
23:36:14.854 [main] DEBUG o.e.r.agent.TransformerForTests - Going to instrument: org.springframework.util.StringUtils
23:36:14.859 [main] INFO  o.e.r.instrumentation.EvoClassLoader - Keeping class: org.springframework.util.StringUtils
23:36:14.863 [Time-limited test] INFO  o.e.r.instrumentation.EvoClassLoader - Seeing class for first time: org.springframework.boot.SpringApplication
23:36:14.863 [Time-limited test] INFO  o.e.r.instrumentation.EvoClassLoader - Instrumenting class 'org.springframework.boot.SpringApplication'.
23:36:14.865 [Time-limited test] INFO  o.e.r.i.MethodCallReplacementClassAdapter - Adding mock interface to class org/springframework/boot/SpringApplication
23:36:14.873 [Time-limited test] INFO  o.e.r.i.CreateClassResetClassAdapter - Found static initializer in class org/springframework/boot/SpringApplication
23:36:14.873 [Time-limited test] INFO  o.e.r.i.MethodCallReplacementClassAdapter - No hashCode defined for: org/springframework/boot/SpringApplication, superclass = java.lang.Object
23:36:14.874 [Time-limited test] DEBUG o.e.r.agent.TransformerForTests - Going to instrument: org.springframework.boot.SpringApplication
23:36:14.880 [Time-limited test] INFO  o.e.r.i.CreateClassResetClassAdapter - Found static initializer in class org/springframework/boot/SpringApplication
23:36:14.881 [Time-limited test] INFO  o.e.r.instrumentation.EvoClassLoader - Error while loading class: java.lang.ClassFormatError: Duplicate method name&signature in class file org/springframework/boot/SpringApplication
23:36:14.882 [main] INFO  o.e.r.instrumentation.EvoClassLoader - Seeing class for first time: org.apache.commons.logging.impl.SLF4JLogFactory
23:36:14.882 [main] INFO  o.e.r.instrumentation.EvoClassLoader - Instrumenting class 'org.apache.commons.logging.impl.SLF4JLogFactory'.
23:36:14.882 [main] INFO  o.e.r.i.MethodCallReplacementClassAdapter - Adding mock interface to class org/apache/commons/logging/impl/SLF4JLogFactory
23:36:14.884 [main] INFO  o.e.r.i.MethodCallReplacementClassAdapter - No hashCode defined for: org/apache/commons/logging/impl/SLF4JLogFactory, superclass = org.apache.commons.logging.LogFactory
23:36:14.884 [main] INFO  o.e.r.i.CreateClassResetClassAdapter - Creating brand-new static initializer in class org/apache/commons/logging/impl/SLF4JLogFactory
23:36:14.884 [main] INFO  o.e.r.i.CreateClassResetClassAdapter - Adding bytecode for initializing field LOG_PROPERTY
23:36:14.886 [main] DEBUG o.e.r.agent.TransformerForTests - Going to instrument: org.apache.commons.logging.impl.SLF4JLogFactory
23:36:14.888 [main] INFO  o.e.r.i.MethodCallReplacementClassAdapter - No hashCode defined for: org/apache/commons/logging/impl/SLF4JLogFactory, superclass = org.apache.commons.logging.LogFactory
23:36:14.888 [main] INFO  o.e.r.instrumentation.EvoClassLoader - Seeing class for first time: org.apache.commons.logging.LogFactory
23:36:14.888 [main] INFO  o.e.r.instrumentation.EvoClassLoader - Instrumenting class 'org.apache.commons.logging.LogFactory'.
23:36:14.888 [main] INFO  o.e.r.i.MethodCallReplacementClassAdapter - Adding mock interface to class org/apache/commons/logging/LogFactory
23:36:14.889 [main] INFO  o.e.r.i.CreateClassResetClassAdapter - Found static initializer in class org/apache/commons/logging/LogFactory
23:36:14.889 [main] INFO  o.e.r.i.MethodCallReplacementClassAdapter - No hashCode defined for: org/apache/commons/logging/LogFactory, superclass = java.lang.Object
23:36:14.889 [main] DEBUG o.e.r.agent.TransformerForTests - Going to instrument: org.apache.commons.logging.LogFactory
23:36:14.889 [main] INFO  o.e.r.i.CreateClassResetClassAdapter - Found static initializer in class org/apache/commons/logging/LogFactory
23:36:14.889 [main] INFO  o.e.r.instrumentation.EvoClassLoader - Error while loading class: java.lang.ClassFormatError: Duplicate method name&signature in class file org/apache/commons/logging/LogFactory
23:36:14.889 [main] INFO  o.e.r.instrumentation.EvoClassLoader - Error while loading class: java.lang.NoClassDefFoundError: org/apache/commons/logging/LogFactory
23:36:14.889 [main] INFO  o.e.r.instrumentation.EvoClassLoader - Seeing class for first time: org.apache.commons.logging.LogFactory
23:36:14.889 [main] INFO  o.e.r.instrumentation.EvoClassLoader - Instrumenting class 'org.apache.commons.logging.LogFactory'.
23:36:14.890 [main] INFO  o.e.r.i.MethodCallReplacementClassAdapter - Adding mock interface to class org/apache/commons/logging/LogFactory
23:36:14.890 [main] INFO  o.e.r.i.CreateClassResetClassAdapter - Found static initializer in class org/apache/commons/logging/LogFactory
23:36:14.890 [main] INFO  o.e.r.i.MethodCallReplacementClassAdapter - No hashCode defined for: org/apache/commons/logging/LogFactory, superclass = java.lang.Object
23:36:14.890 [main] DEBUG o.e.r.agent.TransformerForTests - Going to instrument: org.apache.commons.logging.LogFactory
23:36:14.890 [main] INFO  o.e.r.i.CreateClassResetClassAdapter - Found static initializer in class org/apache/commons/logging/LogFactory
23:36:14.891 [main] INFO  o.e.r.instrumentation.EvoClassLoader - Error while loading class: java.lang.ClassFormatError: Duplicate method name&signature in class file org/apache/commons/logging/LogFactory
23:36:14.891 [main] INFO  o.e.r.instrumentation.EvoClassLoader - Seeing class for first time: org.springframework.boot.SpringBootBanner
23:36:14.891 [main] INFO  o.e.r.instrumentation.EvoClassLoader - Instrumenting class 'org.springframework.boot.SpringBootBanner'.
23:36:14.891 [main] INFO  o.e.r.i.MethodCallReplacementClassAdapter - Adding mock interface to class org/springframework/boot/SpringBootBanner
23:36:14.891 [main] INFO  o.e.r.i.CreateClassResetClassAdapter - Found static initializer in class org/springframework/boot/SpringBootBanner
23:36:14.891 [main] INFO  o.e.r.i.MethodCallReplacementClassAdapter - No hashCode defined for: org/springframework/boot/SpringBootBanner, superclass = java.lang.Object
23:36:14.891 [main] DEBUG o.e.r.agent.TransformerForTests - Going to instrument: org.springframework.boot.SpringBootBanner
23:36:14.892 [main] INFO  o.e.r.i.CreateClassResetClassAdapter - Found static initializer in class org/springframework/boot/SpringBootBanner
23:36:14.892 [main] INFO  o.e.r.instrumentation.EvoClassLoader - Error while loading class: java.lang.ClassFormatError: Duplicate method name&signature in class file org/springframework/boot/SpringBootBanner
23:36:14.892 [main] WARN  o.e.r.classhandling.ClassResetter - class java.lang.ClassNotFoundException thrown while loading method  __STATIC_RESET() for class org.springframework.boot.SpringBootBanner
23:36:14.892 [main] INFO  o.e.r.instrumentation.EvoClassLoader - Seeing class for first time: org.apache.commons.logging.impl.SLF4JLocationAwareLog
23:36:14.892 [main] INFO  o.e.r.instrumentation.EvoClassLoader - Instrumenting class 'org.apache.commons.logging.impl.SLF4JLocationAwareLog'.
23:36:14.892 [main] INFO  o.e.r.i.MethodCallReplacementClassAdapter - Adding mock interface to class org/apache/commons/logging/impl/SLF4JLocationAwareLog
23:36:14.893 [main] INFO  o.e.r.i.CreateClassResetClassAdapter - Found static initializer in class org/apache/commons/logging/impl/SLF4JLocationAwareLog
23:36:14.893 [main] INFO  o.e.r.i.MethodCallReplacementClassAdapter - No hashCode defined for: org/apache/commons/logging/impl/SLF4JLocationAwareLog, superclass = java.lang.Object
23:36:14.893 [main] DEBUG o.e.r.agent.TransformerForTests - Going to instrument: org.apache.commons.logging.impl.SLF4JLocationAwareLog
23:36:14.893 [main] INFO  o.e.r.i.CreateClassResetClassAdapter - Found static initializer in class org/apache/commons/logging/impl/SLF4JLocationAwareLog
23:36:14.893 [main] INFO  o.e.r.instrumentation.EvoClassLoader - Error while loading class: java.lang.ClassFormatError: Duplicate method name&signature in class file org/apache/commons/logging/impl/SLF4JLocationAwareLog
23:36:14.893 [main] INFO  o.e.r.instrumentation.EvoClassLoader - Seeing class for first time: org.springframework.boot.SpringApplication
23:36:14.893 [main] INFO  o.e.r.instrumentation.EvoClassLoader - Instrumenting class 'org.springframework.boot.SpringApplication'.
23:36:14.897 [main] INFO  o.e.r.i.MethodCallReplacementClassAdapter - Adding mock interface to class org/springframework/boot/SpringApplication
23:36:14.903 [main] INFO  o.e.r.i.CreateClassResetClassAdapter - Found static initializer in class org/springframework/boot/SpringApplication
23:36:14.903 [main] INFO  o.e.r.i.MethodCallReplacementClassAdapter - No hashCode defined for: org/springframework/boot/SpringApplication, superclass = java.lang.Object
23:36:14.903 [main] DEBUG o.e.r.agent.TransformerForTests - Going to instrument: org.springframework.boot.SpringApplication
23:36:14.911 [main] INFO  o.e.r.i.CreateClassResetClassAdapter - Found static initializer in class org/springframework/boot/SpringApplication
23:36:14.913 [main] INFO  o.e.r.instrumentation.EvoClassLoader - Error while loading class: java.lang.ClassFormatError: Duplicate method name&signature in class file org/springframework/boot/SpringApplication
23:36:14.913 [main] WARN  o.e.r.classhandling.ClassResetter - class java.lang.ClassNotFoundException thrown while loading method  __STATIC_RESET() for class org.springframework.boot.SpringApplication
23:36:14.913 [main] INFO  o.e.r.instrumentation.EvoClassLoader - Seeing class for first time: org.springframework.boot.Banner$Mode
23:36:14.913 [main] INFO  o.e.r.instrumentation.EvoClassLoader - Instrumenting class 'org.springframework.boot.Banner$Mode'.
23:36:14.913 [main] INFO  o.e.r.i.MethodCallReplacementClassAdapter - Adding mock interface to class org/springframework/boot/Banner$Mode
23:36:14.913 [main] INFO  o.e.r.i.CreateClassResetClassAdapter - Found static initializer in class org/springframework/boot/Banner$Mode
23:36:14.913 [main] INFO  o.e.r.i.MethodCallReplacementClassAdapter - No hashCode defined for: org/springframework/boot/Banner$Mode, superclass = java.lang.Enum
23:36:14.913 [main] DEBUG o.e.r.agent.TransformerForTests - Going to instrument: org.springframework.boot.Banner$Mode
23:36:14.914 [main] INFO  o.e.r.i.CreateClassResetClassAdapter - Found static initializer in class org/springframework/boot/Banner$Mode
23:36:14.914 [main] INFO  o.e.r.i.MethodCallReplacementClassAdapter - No hashCode defined for: org/springframework/boot/Banner$Mode, superclass = java.lang.Enum
23:36:14.914 [main] INFO  o.e.r.instrumentation.EvoClassLoader - Error while loading class: java.lang.ClassFormatError: Duplicate method name&signature in class file org/springframework/boot/Banner$Mode
23:36:14.914 [main] WARN  o.e.r.classhandling.ClassResetter - class java.lang.ClassNotFoundException thrown while loading method  __STATIC_RESET() for class org.springframework.boot.Banner$Mode
23:36:14.914 [main] INFO  o.e.r.instrumentation.EvoClassLoader - Seeing class for first time: org.springframework.util.ClassUtils
23:36:14.914 [main] INFO  o.e.r.instrumentation.EvoClassLoader - Instrumenting class 'org.springframework.util.ClassUtils'.
23:36:14.915 [main] INFO  o.e.r.i.MethodCallReplacementClassAdapter - Adding mock interface to class org/springframework/util/ClassUtils
23:36:14.918 [main] INFO  o.e.r.i.CreateClassResetClassAdapter - Found static initializer in class org/springframework/util/ClassUtils
23:36:14.918 [main] INFO  o.e.r.i.MethodCallReplacementClassAdapter - No hashCode defined for: org/springframework/util/ClassUtils, superclass = java.lang.Object
23:36:14.918 [main] DEBUG o.e.r.agent.TransformerForTests - Going to instrument: org.springframework.util.ClassUtils
23:36:14.922 [main] INFO  o.e.r.i.CreateClassResetClassAdapter - Found static initializer in class org/springframework/util/ClassUtils
23:36:14.923 [main] INFO  o.e.r.instrumentation.EvoClassLoader - Error while loading class: java.lang.ClassFormatError: Duplicate method name&signature in class file org/springframework/util/ClassUtils
23:36:14.923 [main] WARN  o.e.r.classhandling.ClassResetter - class java.lang.ClassNotFoundException thrown while loading method  __STATIC_RESET() for class org.springframework.util.ClassUtils
23:36:14.923 [main] INFO  o.e.r.instrumentation.EvoClassLoader - Seeing class for first time: org.springframework.core.io.support.SpringFactoriesLoader
23:36:14.923 [main] INFO  o.e.r.instrumentation.EvoClassLoader - Instrumenting class 'org.springframework.core.io.support.SpringFactoriesLoader'.
23:36:14.924 [main] INFO  o.e.r.i.MethodCallReplacementClassAdapter - Adding mock interface to class org/springframework/core/io/support/SpringFactoriesLoader
23:36:14.925 [main] INFO  o.e.r.i.CreateClassResetClassAdapter - Found static initializer in class org/springframework/core/io/support/SpringFactoriesLoader
23:36:14.925 [main] INFO  o.e.r.i.MethodCallReplacementClassAdapter - No hashCode defined for: org/springframework/core/io/support/SpringFactoriesLoader, superclass = java.lang.Object
23:36:14.925 [main] DEBUG o.e.r.agent.TransformerForTests - Going to instrument: org.springframework.core.io.support.SpringFactoriesLoader
23:36:14.927 [main] INFO  o.e.r.i.CreateClassResetClassAdapter - Found static initializer in class org/springframework/core/io/support/SpringFactoriesLoader
23:36:14.927 [main] INFO  o.e.r.instrumentation.EvoClassLoader - Error while loading class: java.lang.ClassFormatError: Duplicate method name&signature in class file org/springframework/core/io/support/SpringFactoriesLoader
23:36:14.927 [main] WARN  o.e.r.classhandling.ClassResetter - class java.lang.ClassNotFoundException thrown while loading method  __STATIC_RESET() for class org.springframework.core.io.support.SpringFactoriesLoader
23:36:14.929 [main] INFO  o.e.r.instrumentation.EvoClassLoader - Seeing class for first time: org.springframework.boot.context.ConfigurationWarningsApplicationContextInitializer
23:36:14.929 [main] INFO  o.e.r.instrumentation.EvoClassLoader - Instrumenting class 'org.springframework.boot.context.ConfigurationWarningsApplicationContextInitializer'.
23:36:14.929 [main] INFO  o.e.r.i.MethodCallReplacementClassAdapter - Adding mock interface to class org/springframework/boot/context/ConfigurationWarningsApplicationContextInitializer
23:36:14.929 [main] INFO  o.e.r.i.CreateClassResetClassAdapter - Found static initializer in class org/springframework/boot/context/ConfigurationWarningsApplicationContextInitializer
23:36:14.929 [main] INFO  o.e.r.i.MethodCallReplacementClassAdapter - No hashCode defined for: org/springframework/boot/context/ConfigurationWarningsApplicationContextInitializer, superclass = java.lang.Object
23:36:14.930 [main] INFO  o.e.r.instrumentation.EvoClassLoader - Keeping class: org.springframework.boot.context.ConfigurationWarningsApplicationContextInitializer
23:36:14.930 [main] INFO  o.e.r.instrumentation.EvoClassLoader - Seeing class for first time: org.apache.commons.logging.LogFactory
23:36:14.930 [main] INFO  o.e.r.instrumentation.EvoClassLoader - Instrumenting class 'org.apache.commons.logging.LogFactory'.
23:36:14.930 [main] INFO  o.e.r.i.MethodCallReplacementClassAdapter - Adding mock interface to class org/apache/commons/logging/LogFactory
23:36:14.931 [main] INFO  o.e.r.i.CreateClassResetClassAdapter - Found static initializer in class org/apache/commons/logging/LogFactory
23:36:14.931 [main] INFO  o.e.r.i.MethodCallReplacementClassAdapter - No hashCode defined for: org/apache/commons/logging/LogFactory, superclass = java.lang.Object
23:36:14.931 [main] DEBUG o.e.r.agent.TransformerForTests - Going to instrument: org.apache.commons.logging.LogFactory
23:36:14.931 [main] INFO  o.e.r.i.CreateClassResetClassAdapter - Found static initializer in class org/apache/commons/logging/LogFactory
23:36:14.931 [main] INFO  o.e.r.instrumentation.EvoClassLoader - Error while loading class: java.lang.ClassFormatError: Duplicate method name&signature in class file org/apache/commons/logging/LogFactory
23:36:14.932 [main] INFO  o.e.r.instrumentation.EvoClassLoader - Seeing class for first time: org.springframework.context.ApplicationContextException
23:36:14.932 [main] INFO  o.e.r.instrumentation.EvoClassLoader - Instrumenting class 'org.springframework.context.ApplicationContextException'.
23:36:14.932 [main] INFO  o.e.r.i.MethodCallReplacementClassAdapter - Adding mock interface to class org/springframework/context/ApplicationContextException
23:36:14.933 [main] INFO  o.e.r.i.MethodCallReplacementClassAdapter - No hashCode defined for: org/springframework/context/ApplicationContextException, superclass = org.springframework.beans.FatalBeanException
23:36:14.933 [main] INFO  o.e.r.i.CreateClassResetClassAdapter - Creating brand-new static initializer in class org/springframework/context/ApplicationContextException
23:36:14.933 [main] INFO  o.e.r.instrumentation.EvoClassLoader - Seeing class for first time: org.springframework.beans.FatalBeanException
23:36:14.933 [main] INFO  o.e.r.instrumentation.EvoClassLoader - Instrumenting class 'org.springframework.beans.FatalBeanException'.
23:36:14.933 [main] INFO  o.e.r.i.MethodCallReplacementClassAdapter - Adding mock interface to class org/springframework/beans/FatalBeanException
23:36:14.933 [main] INFO  o.e.r.i.MethodCallReplacementClassAdapter - No hashCode defined for: org/springframework/beans/FatalBeanException, superclass = org.springframework.beans.BeansException
23:36:14.933 [main] INFO  o.e.r.i.CreateClassResetClassAdapter - Creating brand-new static initializer in class org/springframework/beans/FatalBeanException
23:36:14.933 [main] INFO  o.e.r.instrumentation.EvoClassLoader - Seeing class for first time: org.springframework.beans.BeansException
23:36:14.933 [main] INFO  o.e.r.instrumentation.EvoClassLoader - Instrumenting class 'org.springframework.beans.BeansException'.
23:36:14.933 [main] INFO  o.e.r.i.MethodCallReplacementClassAdapter - Adding mock interface to class org/springframework/beans/BeansException
23:36:14.934 [main] INFO  o.e.r.i.CreateClassResetClassAdapter - Creating brand-new static initializer in class org/springframework/beans/BeansException
23:36:14.934 [main] INFO  o.e.r.instrumentation.EvoClassLoader - Seeing class for first time: org.springframework.core.NestedRuntimeException
23:36:14.934 [main] INFO  o.e.r.instrumentation.EvoClassLoader - Instrumenting class 'org.springframework.core.NestedRuntimeException'.
23:36:14.934 [main] INFO  o.e.r.i.MethodCallReplacementClassAdapter - Adding mock interface to class org/springframework/core/NestedRuntimeException
23:36:14.935 [main] INFO  o.e.r.i.CreateClassResetClassAdapter - Found static initializer in class org/springframework/core/NestedRuntimeException
23:36:14.935 [main] INFO  o.e.r.i.MethodCallReplacementClassAdapter - No hashCode defined for: org/springframework/core/NestedRuntimeException, superclass = java.lang.RuntimeException
23:36:14.935 [main] INFO  o.e.r.instrumentation.EvoClassLoader - Keeping class: org.springframework.core.NestedRuntimeException
23:36:14.935 [main] INFO  o.e.r.instrumentation.EvoClassLoader - Keeping class: org.springframework.beans.BeansException
23:36:14.935 [main] INFO  o.e.r.instrumentation.EvoClassLoader - Keeping class: org.springframework.beans.FatalBeanException
23:36:14.935 [main] INFO  o.e.r.instrumentation.EvoClassLoader - Keeping class: org.springframework.context.ApplicationContextException
23:36:14.935 [main] INFO  o.e.r.instrumentation.EvoClassLoader - Seeing class for first time: org.springframework.core.OrderComparator
23:36:14.935 [main] INFO  o.e.r.instrumentation.EvoClassLoader - Instrumenting class 'org.springframework.core.OrderComparator'.
23:36:14.936 [main] INFO  o.e.r.i.MethodCallReplacementClassAdapter - Adding mock interface to class org/springframework/core/OrderComparator
23:36:14.936 [main] INFO  o.e.r.i.CreateClassResetClassAdapter - Found static initializer in class org/springframework/core/OrderComparator
23:36:14.936 [main] INFO  o.e.r.i.MethodCallReplacementClassAdapter - No hashCode defined for: org/springframework/core/OrderComparator, superclass = java.lang.Object
23:36:14.937 [main] INFO  o.e.r.instrumentation.EvoClassLoader - Keeping class: org.springframework.core.OrderComparator
23:36:14.937 [main] INFO  o.e.r.instrumentation.EvoClassLoader - Seeing class for first time: org.springframework.core.annotation.AnnotationAwareOrderComparator
23:36:14.937 [main] INFO  o.e.r.instrumentation.EvoClassLoader - Instrumenting class 'org.springframework.core.annotation.AnnotationAwareOrderComparator'.
23:36:14.938 [main] INFO  o.e.r.i.MethodCallReplacementClassAdapter - Adding mock interface to class org/springframework/core/annotation/AnnotationAwareOrderComparator
23:36:14.938 [main] INFO  o.e.r.i.CreateClassResetClassAdapter - Found static initializer in class org/springframework/core/annotation/AnnotationAwareOrderComparator
23:36:14.938 [main] INFO  o.e.r.i.MethodCallReplacementClassAdapter - No hashCode defined for: org/springframework/core/annotation/AnnotationAwareOrderComparator, superclass = org.springframework.core.OrderComparator
23:36:14.938 [main] INFO  o.e.r.instrumentation.EvoClassLoader - Keeping class: org.springframework.core.annotation.AnnotationAwareOrderComparator
23:36:14.939 [main] INFO  o.e.r.instrumentation.EvoClassLoader - Seeing class for first time: org.springframework.core.annotation.OrderUtils
23:36:14.939 [main] INFO  o.e.r.instrumentation.EvoClassLoader - Instrumenting class 'org.springframework.core.annotation.OrderUtils'.
23:36:14.939 [main] INFO  o.e.r.i.MethodCallReplacementClassAdapter - Adding mock interface to class org/springframework/core/annotation/OrderUtils
23:36:14.940 [main] INFO  o.e.r.i.CreateClassResetClassAdapter - Found static initializer in class org/springframework/core/annotation/OrderUtils
23:36:14.940 [main] INFO  o.e.r.i.MethodCallReplacementClassAdapter - No hashCode defined for: org/springframework/core/annotation/OrderUtils, superclass = java.lang.Object
23:36:14.940 [main] INFO  o.e.r.instrumentation.EvoClassLoader - Keeping class: org.springframework.core.annotation.OrderUtils
23:36:14.940 [main] INFO  o.e.r.instrumentation.EvoClassLoader - Seeing class for first time: org.springframework.util.ClassUtils
23:36:14.940 [main] INFO  o.e.r.instrumentation.EvoClassLoader - Instrumenting class 'org.springframework.util.ClassUtils'.
23:36:14.941 [main] INFO  o.e.r.i.MethodCallReplacementClassAdapter - Adding mock interface to class org/springframework/util/ClassUtils
23:36:14.945 [main] INFO  o.e.r.i.CreateClassResetClassAdapter - Found static initializer in class org/springframework/util/ClassUtils
23:36:14.945 [main] INFO  o.e.r.i.MethodCallReplacementClassAdapter - No hashCode defined for: org/springframework/util/ClassUtils, superclass = java.lang.Object
23:36:14.946 [main] DEBUG o.e.r.agent.TransformerForTests - Going to instrument: org.springframework.util.ClassUtils
23:36:14.949 [main] INFO  o.e.r.i.CreateClassResetClassAdapter - Found static initializer in class org/springframework/util/ClassUtils
23:36:14.951 [main] INFO  o.e.r.instrumentation.EvoClassLoader - Error while loading class: java.lang.ClassFormatError: Duplicate method name&signature in class file org/springframework/util/ClassUtils
23:36:14.951 [main] INFO  o.e.r.instrumentation.EvoClassLoader - Seeing class for first time: org.springframework.util.ConcurrentReferenceHashMap$ReferenceType
23:36:14.951 [main] INFO  o.e.r.instrumentation.EvoClassLoader - Instrumenting class 'org.springframework.util.ConcurrentReferenceHashMap$ReferenceType'.
23:36:14.952 [main] INFO  o.e.r.i.MethodCallReplacementClassAdapter - Adding mock interface to class org/springframework/util/ConcurrentReferenceHashMap$ReferenceType
23:36:14.953 [main] INFO  o.e.r.i.CreateClassResetClassAdapter - Found static initializer in class org/springframework/util/ConcurrentReferenceHashMap$ReferenceType
23:36:14.953 [main] INFO  o.e.r.i.MethodCallReplacementClassAdapter - No hashCode defined for: org/springframework/util/ConcurrentReferenceHashMap$ReferenceType, superclass = java.lang.Enum
23:36:14.953 [main] INFO  o.e.r.instrumentation.EvoClassLoader - Keeping class: org.springframework.util.ConcurrentReferenceHashMap$ReferenceType
23:36:14.953 [main] INFO  o.e.r.instrumentation.EvoClassLoader - Seeing class for first time: org.springframework.util.ConcurrentReferenceHashMap
23:36:14.953 [main] INFO  o.e.r.instrumentation.EvoClassLoader - Instrumenting class 'org.springframework.util.ConcurrentReferenceHashMap'.
23:36:14.954 [main] INFO  o.e.r.i.MethodCallReplacementClassAdapter - Adding mock interface to class org/springframework/util/ConcurrentReferenceHashMap
23:36:14.954 [main] INFO  o.e.r.i.CreateClassResetClassAdapter - Found static initializer in class org/springframework/util/ConcurrentReferenceHashMap
23:36:14.955 [main] INFO  o.e.r.i.MethodCallReplacementClassAdapter - No hashCode defined for: org/springframework/util/ConcurrentReferenceHashMap, superclass = java.util.AbstractMap
23:36:14.955 [main] INFO  o.e.r.instrumentation.EvoClassLoader - Keeping class: org.springframework.util.ConcurrentReferenceHashMap
23:36:14.955 [main] INFO  o.e.r.instrumentation.EvoClassLoader - Seeing class for first time: org.springframework.util.ConcurrentReferenceHashMap$Restructure
23:36:14.955 [main] INFO  o.e.r.instrumentation.EvoClassLoader - Instrumenting class 'org.springframework.util.ConcurrentReferenceHashMap$Restructure'.
23:36:14.955 [main] INFO  o.e.r.i.MethodCallReplacementClassAdapter - Adding mock interface to class org/springframework/util/ConcurrentReferenceHashMap$Restructure
23:36:14.956 [main] INFO  o.e.r.i.CreateClassResetClassAdapter - Found static initializer in class org/springframework/util/ConcurrentReferenceHashMap$Restructure
23:36:14.956 [main] INFO  o.e.r.i.MethodCallReplacementClassAdapter - No hashCode defined for: org/springframework/util/ConcurrentReferenceHashMap$Restructure, superclass = java.lang.Enum
23:36:14.956 [main] INFO  o.e.r.instrumentation.EvoClassLoader - Keeping class: org.springframework.util.ConcurrentReferenceHashMap$Restructure
23:36:14.956 [main] INFO  o.e.r.instrumentation.EvoClassLoader - Seeing class for first time: org.springframework.util.ConcurrentReferenceHashMap$TaskOption
23:36:14.956 [main] INFO  o.e.r.instrumentation.EvoClassLoader - Instrumenting class 'org.springframework.util.ConcurrentReferenceHashMap$TaskOption'.
23:36:14.956 [main] INFO  o.e.r.i.MethodCallReplacementClassAdapter - Adding mock interface to class org/springframework/util/ConcurrentReferenceHashMap$TaskOption
23:36:14.956 [main] INFO  o.e.r.i.CreateClassResetClassAdapter - Found static initializer in class org/springframework/util/ConcurrentReferenceHashMap$TaskOption
23:36:14.956 [main] INFO  o.e.r.i.MethodCallReplacementClassAdapter - No hashCode defined for: org/springframework/util/ConcurrentReferenceHashMap$TaskOption, superclass = java.lang.Enum
23:36:14.957 [main] INFO  o.e.r.instrumentation.EvoClassLoader - Keeping class: org.springframework.util.ConcurrentReferenceHashMap$TaskOption
23:36:14.958 [main] INFO  o.e.r.instrumentation.EvoClassLoader - Seeing class for first time: org.springframework.core.annotation.AnnotationUtils
23:36:14.958 [main] INFO  o.e.r.instrumentation.EvoClassLoader - Instrumenting class 'org.springframework.core.annotation.AnnotationUtils'.
23:36:14.959 [main] INFO  o.e.r.i.MethodCallReplacementClassAdapter - Adding mock interface to class org/springframework/core/annotation/AnnotationUtils
23:36:14.968 [main] INFO  o.e.r.i.CreateClassResetClassAdapter - Found static initializer in class org/springframework/core/annotation/AnnotationUtils
23:36:14.968 [main] INFO  o.e.r.i.MethodCallReplacementClassAdapter - No hashCode defined for: org/springframework/core/annotation/AnnotationUtils, superclass = java.lang.Object
23:36:14.969 [main] INFO  o.e.r.instrumentation.EvoClassLoader - Keeping class: org.springframework.core.annotation.AnnotationUtils
23:36:14.970 [main] INFO  o.e.r.instrumentation.EvoClassLoader - Seeing class for first time: org.springframework.core.annotation.AnnotationConfigurationException
23:36:14.970 [main] INFO  o.e.r.instrumentation.EvoClassLoader - Instrumenting class 'org.springframework.core.annotation.AnnotationConfigurationException'.
23:36:14.970 [main] INFO  o.e.r.i.MethodCallReplacementClassAdapter - Adding mock interface to class org/springframework/core/annotation/AnnotationConfigurationException
23:36:14.971 [main] INFO  o.e.r.i.MethodCallReplacementClassAdapter - No hashCode defined for: org/springframework/core/annotation/AnnotationConfigurationException, superclass = org.springframework.core.NestedRuntimeException
23:36:14.971 [main] INFO  o.e.r.i.CreateClassResetClassAdapter - Creating brand-new static initializer in class org/springframework/core/annotation/AnnotationConfigurationException
23:36:14.971 [main] INFO  o.e.r.instrumentation.EvoClassLoader - Keeping class: org.springframework.core.annotation.AnnotationConfigurationException
23:36:14.974 [main] INFO  o.e.r.instrumentation.EvoClassLoader - Seeing class for first time: org.springframework.boot.context.FileEncodingApplicationListener
23:36:14.974 [main] INFO  o.e.r.instrumentation.EvoClassLoader - Instrumenting class 'org.springframework.boot.context.FileEncodingApplicationListener'.
23:36:14.974 [main] INFO  o.e.r.i.MethodCallReplacementClassAdapter - Adding mock interface to class org/springframework/boot/context/FileEncodingApplicationListener
23:36:14.975 [main] INFO  o.e.r.i.CreateClassResetClassAdapter - Found static initializer in class org/springframework/boot/context/FileEncodingApplicationListener
23:36:14.975 [main] INFO  o.e.r.i.MethodCallReplacementClassAdapter - No hashCode defined for: org/springframework/boot/context/FileEncodingApplicationListener, superclass = java.lang.Object
23:36:14.982 [main] INFO  o.e.r.instrumentation.EvoClassLoader - Keeping class: org.springframework.boot.context.FileEncodingApplicationListener
23:36:14.983 [main] INFO  o.e.r.instrumentation.EvoClassLoader - Seeing class for first time: org.apache.commons.logging.LogFactory
23:36:14.983 [main] INFO  o.e.r.instrumentation.EvoClassLoader - Instrumenting class 'org.apache.commons.logging.LogFactory'.
23:36:14.984 [main] INFO  o.e.r.i.MethodCallReplacementClassAdapter - Adding mock interface to class org/apache/commons/logging/LogFactory
23:36:14.986 [main] INFO  o.e.r.i.CreateClassResetClassAdapter - Found static initializer in class org/apache/commons/logging/LogFactory
23:36:14.986 [main] INFO  o.e.r.i.MethodCallReplacementClassAdapter - No hashCode defined for: org/apache/commons/logging/LogFactory, superclass = java.lang.Object
23:36:14.986 [main] DEBUG o.e.r.agent.TransformerForTests - Going to instrument: org.apache.commons.logging.LogFactory
23:36:14.986 [main] INFO  o.e.r.i.CreateClassResetClassAdapter - Found static initializer in class org/apache/commons/logging/LogFactory
23:36:14.987 [main] INFO  o.e.r.instrumentation.EvoClassLoader - Error while loading class: java.lang.ClassFormatError: Duplicate method name&signature in class file org/apache/commons/logging/LogFactory
23:36:14.987 [main] INFO  o.e.r.instrumentation.EvoClassLoader - Seeing class for first time: org.springframework.boot.SpringApplication
23:36:14.987 [main] INFO  o.e.r.instrumentation.EvoClassLoader - Instrumenting class 'org.springframework.boot.SpringApplication'.
23:36:14.988 [main] INFO  o.e.r.i.MethodCallReplacementClassAdapter - Adding mock interface to class org/springframework/boot/SpringApplication
23:36:14.993 [main] INFO  o.e.r.i.CreateClassResetClassAdapter - Found static initializer in class org/springframework/boot/SpringApplication
23:36:14.993 [main] INFO  o.e.r.i.MethodCallReplacementClassAdapter - No hashCode defined for: org/springframework/boot/SpringApplication, superclass = java.lang.Object
23:36:14.994 [main] INFO  o.e.r.instrumentation.EvoClassLoader - Keeping class: org.springframework.boot.SpringApplication
23:36:14.995 [main] INFO  o.e.r.instrumentation.EvoClassLoader - Seeing class for first time: org.springframework.core.convert.support.GenericConversionService
23:36:14.995 [main] INFO  o.e.r.instrumentation.EvoClassLoader - Instrumenting class 'org.springframework.core.convert.support.GenericConversionService'.
23:36:14.996 [main] INFO  o.e.r.i.MethodCallReplacementClassAdapter - Adding mock interface to class org/springframework/core/convert/support/GenericConversionService
23:36:14.997 [main] INFO  o.e.r.i.CreateClassResetClassAdapter - Found static initializer in class org/springframework/core/convert/support/GenericConversionService
23:36:14.997 [main] INFO  o.e.r.i.MethodCallReplacementClassAdapter - No hashCode defined for: org/springframework/core/convert/support/GenericConversionService, superclass = java.lang.Object
23:36:14.998 [main] INFO  o.e.r.instrumentation.EvoClassLoader - Keeping class: org.springframework.core.convert.support.GenericConversionService
23:36:14.998 [main] INFO  o.e.r.instrumentation.EvoClassLoader - Seeing class for first time: org.springframework.core.convert.ConverterNotFoundException
23:36:14.998 [main] INFO  o.e.r.instrumentation.EvoClassLoader - Instrumenting class 'org.springframework.core.convert.ConverterNotFoundException'.
23:36:14.999 [main] INFO  o.e.r.i.MethodCallReplacementClassAdapter - Adding mock interface to class org/springframework/core/convert/ConverterNotFoundException
23:36:14.999 [main] INFO  o.e.r.i.MethodCallReplacementClassAdapter - No hashCode defined for: org/springframework/core/convert/ConverterNotFoundException, superclass = org.springframework.core.convert.ConversionException
23:36:14.999 [main] INFO  o.e.r.i.CreateClassResetClassAdapter - Creating brand-new static initializer in class org/springframework/core/convert/ConverterNotFoundException
23:36:14.999 [main] INFO  o.e.r.instrumentation.EvoClassLoader - Seeing class for first time: org.springframework.core.convert.ConversionException
23:36:14.999 [main] INFO  o.e.r.instrumentation.EvoClassLoader - Instrumenting class 'org.springframework.core.convert.ConversionException'.
23:36:15.000 [main] INFO  o.e.r.i.MethodCallReplacementClassAdapter - Adding mock interface to class org/springframework/core/convert/ConversionException
23:36:15.000 [main] INFO  o.e.r.i.MethodCallReplacementClassAdapter - No hashCode defined for: org/springframework/core/convert/ConversionException, superclass = org.springframework.core.NestedRuntimeException
23:36:15.000 [main] INFO  o.e.r.i.CreateClassResetClassAdapter - Creating brand-new static initializer in class org/springframework/core/convert/ConversionException
23:36:15.000 [main] INFO  o.e.r.instrumentation.EvoClassLoader - Keeping class: org.springframework.core.convert.ConversionException
23:36:15.000 [main] INFO  o.e.r.instrumentation.EvoClassLoader - Keeping class: org.springframework.core.convert.ConverterNotFoundException
23:36:15.000 [main] INFO  o.e.r.instrumentation.EvoClassLoader - Seeing class for first time: org.springframework.core.convert.ConversionFailedException
23:36:15.000 [main] INFO  o.e.r.instrumentation.EvoClassLoader - Instrumenting class 'org.springframework.core.convert.ConversionFailedException'.
23:36:15.001 [main] INFO  o.e.r.i.MethodCallReplacementClassAdapter - Adding mock interface to class org/springframework/core/convert/ConversionFailedException
23:36:15.001 [main] INFO  o.e.r.i.MethodCallReplacementClassAdapter - No hashCode defined for: org/springframework/core/convert/ConversionFailedException, superclass = org.springframework.core.convert.ConversionException
23:36:15.001 [main] INFO  o.e.r.i.CreateClassResetClassAdapter - Creating brand-new static initializer in class org/springframework/core/convert/ConversionFailedException
23:36:15.001 [main] INFO  o.e.r.instrumentation.EvoClassLoader - Keeping class: org.springframework.core.convert.ConversionFailedException
23:36:15.001 [main] INFO  o.e.r.instrumentation.EvoClassLoader - Seeing class for first time: org.springframework.core.convert.TypeDescriptor
23:36:15.001 [main] INFO  o.e.r.instrumentation.EvoClassLoader - Instrumenting class 'org.springframework.core.convert.TypeDescriptor'.
23:36:15.001 [main] INFO  o.e.r.i.MethodCallReplacementClassAdapter - Adding mock interface to class org/springframework/core/convert/TypeDescriptor
23:36:15.003 [main] INFO  o.e.r.i.CreateClassResetClassAdapter - Found static initializer in class org/springframework/core/convert/TypeDescriptor
23:36:15.008 [main] INFO  o.e.r.instrumentation.EvoClassLoader - Keeping class: org.springframework.core.convert.TypeDescriptor
23:36:15.008 [main] INFO  o.e.r.instrumentation.EvoClassLoader - Seeing class for first time: org.springframework.core.ResolvableType
23:36:15.008 [main] INFO  o.e.r.instrumentation.EvoClassLoader - Instrumenting class 'org.springframework.core.ResolvableType'.
23:36:15.009 [main] INFO  o.e.r.i.MethodCallReplacementClassAdapter - Adding mock interface to class org/springframework/core/ResolvableType
23:36:15.011 [main] INFO  o.e.r.i.CreateClassResetClassAdapter - Found static initializer in class org/springframework/core/ResolvableType
23:36:15.012 [main] INFO  o.e.r.instrumentation.EvoClassLoader - Keeping class: org.springframework.core.ResolvableType
23:36:15.012 [main] INFO  o.e.r.instrumentation.EvoClassLoader - Seeing class for first time: org.springframework.util.ClassUtils
23:36:15.012 [main] INFO  o.e.r.instrumentation.EvoClassLoader - Instrumenting class 'org.springframework.util.ClassUtils'.
23:36:15.013 [main] INFO  o.e.r.i.MethodCallReplacementClassAdapter - Adding mock interface to class org/springframework/util/ClassUtils
23:36:15.016 [main] INFO  o.e.r.i.CreateClassResetClassAdapter - Found static initializer in class org/springframework/util/ClassUtils
23:36:15.016 [main] INFO  o.e.r.i.MethodCallReplacementClassAdapter - No hashCode defined for: org/springframework/util/ClassUtils, superclass = java.lang.Object
23:36:15.017 [main] DEBUG o.e.r.agent.TransformerForTests - Going to instrument: org.springframework.util.ClassUtils
23:36:15.021 [main] INFO  o.e.r.i.CreateClassResetClassAdapter - Found static initializer in class org/springframework/util/ClassUtils
23:36:15.022 [main] INFO  o.e.r.instrumentation.EvoClassLoader - Error while loading class: java.lang.ClassFormatError: Duplicate method name&signature in class file org/springframework/util/ClassUtils
23:36:15.022 [main] ERROR o.e.r.classhandling.ClassResetter - java.lang.NoClassDefFoundError: org/springframework/util/ClassUtils
23:36:15.022 [main] INFO  o.e.r.instrumentation.EvoClassLoader - Seeing class for first time: org.springframework.core.convert.support.DefaultConversionService
23:36:15.022 [main] INFO  o.e.r.instrumentation.EvoClassLoader - Instrumenting class 'org.springframework.core.convert.support.DefaultConversionService'.
23:36:15.023 [main] INFO  o.e.r.i.MethodCallReplacementClassAdapter - Adding mock interface to class org/springframework/core/convert/support/DefaultConversionService
23:36:15.023 [main] INFO  o.e.r.i.CreateClassResetClassAdapter - Found static initializer in class org/springframework/core/convert/support/DefaultConversionService
23:36:15.023 [main] INFO  o.e.r.i.MethodCallReplacementClassAdapter - No hashCode defined for: org/springframework/core/convert/support/DefaultConversionService, superclass = org.springframework.core.convert.support.GenericConversionService
23:36:15.024 [main] INFO  o.e.r.instrumentation.EvoClassLoader - Keeping class: org.springframework.core.convert.support.DefaultConversionService
23:36:15.024 [main] WARN  o.e.r.classhandling.ClassResetter - class java.lang.NoClassDefFoundError thrown while loading method  __STATIC_RESET() for class org.springframework.core.convert.support.DefaultConversionService
23:36:15.025 [main] INFO  o.e.r.instrumentation.EvoClassLoader - Seeing class for first time: org.springframework.core.ResolvableType$1
23:36:15.025 [main] INFO  o.e.r.instrumentation.EvoClassLoader - Instrumenting class 'org.springframework.core.ResolvableType$1'.
23:36:15.026 [main] INFO  o.e.r.i.MethodCallReplacementClassAdapter - Adding mock interface to class org/springframework/core/ResolvableType$1
23:36:15.026 [main] INFO  o.e.r.i.MethodCallReplacementClassAdapter - No hashCode defined for: org/springframework/core/ResolvableType$1, superclass = org.springframework.core.ResolvableType
23:36:15.026 [main] INFO  o.e.r.instrumentation.EvoClassLoader - Keeping class: org.springframework.core.ResolvableType$1
23:36:15.028 [main] INFO  o.e.r.instrumentation.EvoClassLoader - Seeing class for first time: org.springframework.core.SerializableTypeWrapper
23:36:15.028 [main] INFO  o.e.r.instrumentation.EvoClassLoader - Instrumenting class 'org.springframework.core.SerializableTypeWrapper'.
23:36:15.028 [main] INFO  o.e.r.i.MethodCallReplacementClassAdapter - Adding mock interface to class org/springframework/core/SerializableTypeWrapper
23:36:15.029 [main] INFO  o.e.r.i.CreateClassResetClassAdapter - Found static initializer in class org/springframework/core/SerializableTypeWrapper
23:36:15.029 [main] INFO  o.e.r.i.MethodCallReplacementClassAdapter - No hashCode defined for: org/springframework/core/SerializableTypeWrapper, superclass = java.lang.Object
23:36:15.030 [main] INFO  o.e.r.instrumentation.EvoClassLoader - Keeping class: org.springframework.core.SerializableTypeWrapper
23:36:15.033 [main] INFO  o.e.r.instrumentation.EvoClassLoader - Seeing class for first time: org.springframework.util.ReflectionUtils
23:36:15.033 [main] INFO  o.e.r.instrumentation.EvoClassLoader - Instrumenting class 'org.springframework.util.ReflectionUtils'.
23:36:15.034 [main] INFO  o.e.r.i.MethodCallReplacementClassAdapter - Adding mock interface to class org/springframework/util/ReflectionUtils
23:36:15.038 [main] INFO  o.e.r.i.CreateClassResetClassAdapter - Found static initializer in class org/springframework/util/ReflectionUtils
23:36:15.038 [main] INFO  o.e.r.i.MethodCallReplacementClassAdapter - No hashCode defined for: org/springframework/util/ReflectionUtils, superclass = java.lang.Object
23:36:15.039 [main] INFO  o.e.r.instrumentation.EvoClassLoader - Keeping class: org.springframework.util.ReflectionUtils
23:36:15.043 [main] INFO  o.e.r.instrumentation.EvoClassLoader - Seeing class for first time: org.springframework.core.convert.support.StringToBooleanConverter
23:36:15.043 [main] INFO  o.e.r.instrumentation.EvoClassLoader - Instrumenting class 'org.springframework.core.convert.support.StringToBooleanConverter'.
23:36:15.044 [main] INFO  o.e.r.i.MethodCallReplacementClassAdapter - Adding mock interface to class org/springframework/core/convert/support/StringToBooleanConverter
23:36:15.045 [main] INFO  o.e.r.i.CreateClassResetClassAdapter - Found static initializer in class org/springframework/core/convert/support/StringToBooleanConverter
23:36:15.045 [main] INFO  o.e.r.i.MethodCallReplacementClassAdapter - No hashCode defined for: org/springframework/core/convert/support/StringToBooleanConverter, superclass = java.lang.Object
23:36:15.045 [main] INFO  o.e.r.instrumentation.EvoClassLoader - Keeping class: org.springframework.core.convert.support.StringToBooleanConverter
23:36:15.047 [main] INFO  o.e.r.instrumentation.EvoClassLoader - Seeing class for first time: org.springframework.core.convert.Property
23:36:15.047 [main] INFO  o.e.r.instrumentation.EvoClassLoader - Instrumenting class 'org.springframework.core.convert.Property'.
23:36:15.047 [main] INFO  o.e.r.i.MethodCallReplacementClassAdapter - Adding mock interface to class org/springframework/core/convert/Property
23:36:15.049 [main] INFO  o.e.r.i.CreateClassResetClassAdapter - Found static initializer in class org/springframework/core/convert/Property
23:36:15.050 [main] INFO  o.e.r.instrumentation.EvoClassLoader - Keeping class: org.springframework.core.convert.Property
23:36:15.050 [main] INFO  o.e.r.instrumentation.EvoClassLoader - Seeing class for first time: org.springframework.util.ClassUtils
23:36:15.050 [main] INFO  o.e.r.instrumentation.EvoClassLoader - Instrumenting class 'org.springframework.util.ClassUtils'.
23:36:15.053 [main] INFO  o.e.r.i.MethodCallReplacementClassAdapter - Adding mock interface to class org/springframework/util/ClassUtils
23:36:15.065 [main] INFO  o.e.r.i.CreateClassResetClassAdapter - Found static initializer in class org/springframework/util/ClassUtils
23:36:15.066 [main] INFO  o.e.r.i.MethodCallReplacementClassAdapter - No hashCode defined for: org/springframework/util/ClassUtils, superclass = java.lang.Object
23:36:15.066 [main] DEBUG o.e.r.agent.TransformerForTests - Going to instrument: org.springframework.util.ClassUtils
23:36:15.070 [main] INFO  o.e.r.i.CreateClassResetClassAdapter - Found static initializer in class org/springframework/util/ClassUtils
23:36:15.071 [main] INFO  o.e.r.instrumentation.EvoClassLoader - Error while loading class: java.lang.ClassFormatError: Duplicate method name&signature in class file org/springframework/util/ClassUtils
23:36:15.071 [main] INFO  o.e.r.instrumentation.EvoClassLoader - Seeing class for first time: org.springframework.core.convert.support.StreamConverter
23:36:15.071 [main] INFO  o.e.r.instrumentation.EvoClassLoader - Instrumenting class 'org.springframework.core.convert.support.StreamConverter'.
23:36:15.071 [main] INFO  o.e.r.i.MethodCallReplacementClassAdapter - Adding mock interface to class org/springframework/core/convert/support/StreamConverter
23:36:15.072 [main] INFO  o.e.r.i.CreateClassResetClassAdapter - Found static initializer in class org/springframework/core/convert/support/StreamConverter
23:36:15.072 [main] INFO  o.e.r.i.MethodCallReplacementClassAdapter - No hashCode defined for: org/springframework/core/convert/support/StreamConverter, superclass = java.lang.Object
23:36:15.073 [main] INFO  o.e.r.instrumentation.EvoClassLoader - Keeping class: org.springframework.core.convert.support.StreamConverter
23:36:15.075 [main] ERROR o.e.r.classhandling.ClassResetter - java.lang.NoClassDefFoundError: Could not initialize class org.springframework.core.convert.TypeDescriptor
23:36:15.075 [main] INFO  o.e.r.instrumentation.EvoClassLoader - Seeing class for first time: org.springframework.core.convert.support.ByteBufferConverter
23:36:15.075 [main] INFO  o.e.r.instrumentation.EvoClassLoader - Instrumenting class 'org.springframework.core.convert.support.ByteBufferConverter'.
23:36:15.076 [main] INFO  o.e.r.i.MethodCallReplacementClassAdapter - Adding mock interface to class org/springframework/core/convert/support/ByteBufferConverter
23:36:15.077 [main] INFO  o.e.r.i.CreateClassResetClassAdapter - Found static initializer in class org/springframework/core/convert/support/ByteBufferConverter
23:36:15.077 [main] INFO  o.e.r.i.MethodCallReplacementClassAdapter - No hashCode defined for: org/springframework/core/convert/support/ByteBufferConverter, superclass = java.lang.Object
23:36:15.077 [main] INFO  o.e.r.instrumentation.EvoClassLoader - Keeping class: org.springframework.core.convert.support.ByteBufferConverter
23:36:15.078 [main] INFO  o.e.r.instrumentation.EvoClassLoader - Seeing class for first time: org.springframework.core.convert.support.ObjectToObjectConverter
23:36:15.078 [main] INFO  o.e.r.instrumentation.EvoClassLoader - Instrumenting class 'org.springframework.core.convert.support.ObjectToObjectConverter'.
23:36:15.079 [main] INFO  o.e.r.i.MethodCallReplacementClassAdapter - Adding mock interface to class org/springframework/core/convert/support/ObjectToObjectConverter
23:36:15.080 [main] INFO  o.e.r.i.CreateClassResetClassAdapter - Found static initializer in class org/springframework/core/convert/support/ObjectToObjectConverter
23:36:15.080 [main] INFO  o.e.r.i.MethodCallReplacementClassAdapter - No hashCode defined for: org/springframework/core/convert/support/ObjectToObjectConverter, superclass = java.lang.Object
23:36:15.081 [main] INFO  o.e.r.instrumentation.EvoClassLoader - Keeping class: org.springframework.core.convert.support.ObjectToObjectConverter
23:36:15.083 [main] INFO  o.e.r.instrumentation.EvoClassLoader - Seeing class for first time: org.springframework.boot.liquibase.LiquibaseServiceLocatorApplicationListener
23:36:15.083 [main] INFO  o.e.r.instrumentation.EvoClassLoader - Instrumenting class 'org.springframework.boot.liquibase.LiquibaseServiceLocatorApplicationListener'.
23:36:15.083 [main] INFO  o.e.r.i.MethodCallReplacementClassAdapter - Adding mock interface to class org/springframework/boot/liquibase/LiquibaseServiceLocatorApplicationListener
23:36:15.084 [main] INFO  o.e.r.i.CreateClassResetClassAdapter - Found static initializer in class org/springframework/boot/liquibase/LiquibaseServiceLocatorApplicationListener
23:36:15.084 [main] INFO  o.e.r.i.MethodCallReplacementClassAdapter - No hashCode defined for: org/springframework/boot/liquibase/LiquibaseServiceLocatorApplicationListener, superclass = java.lang.Object
23:36:15.084 [main] INFO  o.e.r.instrumentation.EvoClassLoader - Keeping class: org.springframework.boot.liquibase.LiquibaseServiceLocatorApplicationListener
23:36:15.085 [main] INFO  o.e.r.instrumentation.EvoClassLoader - Seeing class for first time: org.apache.commons.logging.LogFactory
23:36:15.085 [main] INFO  o.e.r.instrumentation.EvoClassLoader - Instrumenting class 'org.apache.commons.logging.LogFactory'.
23:36:15.086 [main] INFO  o.e.r.i.MethodCallReplacementClassAdapter - Adding mock interface to class org/apache/commons/logging/LogFactory
23:36:15.086 [main] INFO  o.e.r.i.CreateClassResetClassAdapter - Found static initializer in class org/apache/commons/logging/LogFactory
23:36:15.086 [main] INFO  o.e.r.i.MethodCallReplacementClassAdapter - No hashCode defined for: org/apache/commons/logging/LogFactory, superclass = java.lang.Object
23:36:15.086 [main] DEBUG o.e.r.agent.TransformerForTests - Going to instrument: org.apache.commons.logging.LogFactory
23:36:15.086 [main] INFO  o.e.r.i.CreateClassResetClassAdapter - Found static initializer in class org/apache/commons/logging/LogFactory
23:36:15.087 [main] INFO  o.e.r.instrumentation.EvoClassLoader - Error while loading class: java.lang.ClassFormatError: Duplicate method name&signature in class file org/apache/commons/logging/LogFactory
23:36:15.087 [main] INFO  o.e.r.instrumentation.EvoClassLoader - Seeing class for first time: org.springframework.boot.logging.LogLevel
23:36:15.087 [main] INFO  o.e.r.instrumentation.EvoClassLoader - Instrumenting class 'org.springframework.boot.logging.LogLevel'.
23:36:15.088 [main] INFO  o.e.r.i.MethodCallReplacementClassAdapter - Adding mock interface to class org/springframework/boot/logging/LogLevel
23:36:15.088 [main] INFO  o.e.r.i.CreateClassResetClassAdapter - Found static initializer in class org/springframework/boot/logging/LogLevel
23:36:15.088 [main] INFO  o.e.r.i.MethodCallReplacementClassAdapter - No hashCode defined for: org/springframework/boot/logging/LogLevel, superclass = java.lang.Enum
23:36:15.088 [main] INFO  o.e.r.instrumentation.EvoClassLoader - Keeping class: org.springframework.boot.logging.LogLevel
23:36:15.089 [main] INFO  o.e.r.instrumentation.EvoClassLoader - Seeing class for first time: org.springframework.boot.logging.LoggingApplicationListener
23:36:15.089 [main] INFO  o.e.r.instrumentation.EvoClassLoader - Instrumenting class 'org.springframework.boot.logging.LoggingApplicationListener'.
23:36:15.089 [main] INFO  o.e.r.i.MethodCallReplacementClassAdapter - Adding mock interface to class org/springframework/boot/logging/LoggingApplicationListener
23:36:15.091 [main] INFO  o.e.r.i.CreateClassResetClassAdapter - Found static initializer in class org/springframework/boot/logging/LoggingApplicationListener
23:36:15.092 [main] INFO  o.e.r.i.MethodCallReplacementClassAdapter - No hashCode defined for: org/springframework/boot/logging/LoggingApplicationListener, superclass = java.lang.Object
23:36:15.092 [main] INFO  o.e.r.instrumentation.EvoClassLoader - Keeping class: org.springframework.boot.logging.LoggingApplicationListener
23:36:15.093 [main] INFO  o.e.r.instrumentation.EvoClassLoader - Seeing class for first time: org.springframework.boot.logging.LoggingSystem
23:36:15.093 [main] INFO  o.e.r.instrumentation.EvoClassLoader - Instrumenting class 'org.springframework.boot.logging.LoggingSystem'.
23:36:15.093 [main] INFO  o.e.r.i.MethodCallReplacementClassAdapter - Adding mock interface to class org/springframework/boot/logging/LoggingSystem
23:36:15.094 [main] INFO  o.e.r.i.CreateClassResetClassAdapter - Found static initializer in class org/springframework/boot/logging/LoggingSystem
23:36:15.094 [main] INFO  o.e.r.i.MethodCallReplacementClassAdapter - No hashCode defined for: org/springframework/boot/logging/LoggingSystem, superclass = java.lang.Object
23:36:15.094 [main] INFO  o.e.r.instrumentation.EvoClassLoader - Keeping class: org.springframework.boot.logging.LoggingSystem
23:36:15.098 [main] INFO  o.e.r.instrumentation.EvoClassLoader - Seeing class for first time: org.springframework.boot.logging.Slf4JLoggingSystem
23:36:15.099 [main] INFO  o.e.r.instrumentation.EvoClassLoader - Instrumenting class 'org.springframework.boot.logging.Slf4JLoggingSystem'.
23:36:15.099 [main] INFO  o.e.r.i.MethodCallReplacementClassAdapter - Adding mock interface to class org/springframework/boot/logging/Slf4JLoggingSystem
23:36:15.099 [main] INFO  o.e.r.i.MethodCallReplacementClassAdapter - No hashCode defined for: org/springframework/boot/logging/Slf4JLoggingSystem, superclass = org.springframework.boot.logging.AbstractLoggingSystem
23:36:15.099 [main] INFO  o.e.r.i.CreateClassResetClassAdapter - Creating brand-new static initializer in class org/springframework/boot/logging/Slf4JLoggingSystem
23:36:15.099 [main] INFO  o.e.r.i.CreateClassResetClassAdapter - Adding bytecode for initializing field BRIDGE_HANDLER
23:36:15.100 [main] INFO  o.e.r.instrumentation.EvoClassLoader - Seeing class for first time: org.springframework.boot.logging.AbstractLoggingSystem
23:36:15.100 [main] INFO  o.e.r.instrumentation.EvoClassLoader - Instrumenting class 'org.springframework.boot.logging.AbstractLoggingSystem'.
23:36:15.100 [main] INFO  o.e.r.i.MethodCallReplacementClassAdapter - Adding mock interface to class org/springframework/boot/logging/AbstractLoggingSystem
23:36:15.100 [main] INFO  o.e.r.i.MethodCallReplacementClassAdapter - No hashCode defined for: org/springframework/boot/logging/AbstractLoggingSystem, superclass = org.springframework.boot.logging.LoggingSystem
23:36:15.100 [main] INFO  o.e.r.i.CreateClassResetClassAdapter - Creating brand-new static initializer in class org/springframework/boot/logging/AbstractLoggingSystem
23:36:15.101 [main] INFO  o.e.r.instrumentation.EvoClassLoader - Keeping class: org.springframework.boot.logging.AbstractLoggingSystem
23:36:15.101 [main] INFO  o.e.r.instrumentation.EvoClassLoader - Keeping class: org.springframework.boot.logging.Slf4JLoggingSystem
23:36:15.101 [main] INFO  o.e.r.instrumentation.EvoClassLoader - Seeing class for first time: org.springframework.boot.logging.logback.LogbackLoggingSystem
23:36:15.101 [main] INFO  o.e.r.instrumentation.EvoClassLoader - Instrumenting class 'org.springframework.boot.logging.logback.LogbackLoggingSystem'.
23:36:15.102 [main] INFO  o.e.r.i.MethodCallReplacementClassAdapter - Adding mock interface to class org/springframework/boot/logging/logback/LogbackLoggingSystem
23:36:15.104 [main] INFO  o.e.r.i.CreateClassResetClassAdapter - Found static initializer in class org/springframework/boot/logging/logback/LogbackLoggingSystem
23:36:15.104 [main] INFO  o.e.r.i.MethodCallReplacementClassAdapter - No hashCode defined for: org/springframework/boot/logging/logback/LogbackLoggingSystem, superclass = org.springframework.boot.logging.Slf4JLoggingSystem
23:36:15.104 [main] INFO  o.e.r.instrumentation.EvoClassLoader - Keeping class: org.springframework.boot.logging.logback.LogbackLoggingSystem
23:36:15.107 [main] INFO  o.e.r.instrumentation.EvoClassLoader - Seeing class for first time: org.springframework.core.SpringProperties
23:36:15.107 [main] INFO  o.e.r.instrumentation.EvoClassLoader - Instrumenting class 'org.springframework.core.SpringProperties'.
23:36:15.107 [main] INFO  o.e.r.i.MethodCallReplacementClassAdapter - Adding mock interface to class org/springframework/core/SpringProperties
23:36:15.107 [main] INFO  o.e.r.i.CreateClassResetClassAdapter - Found static initializer in class org/springframework/core/SpringProperties
23:36:15.108 [main] INFO  o.e.r.i.MethodCallReplacementClassAdapter - No hashCode defined for: org/springframework/core/SpringProperties, superclass = java.lang.Object
23:36:15.108 [main] INFO  o.e.r.instrumentation.EvoClassLoader - Keeping class: org.springframework.core.SpringProperties
23:36:15.109 [main] INFO  o.e.r.instrumentation.EvoClassLoader - Seeing class for first time: org.apache.commons.logging.LogFactory
23:36:15.110 [main] INFO  o.e.r.instrumentation.EvoClassLoader - Instrumenting class 'org.apache.commons.logging.LogFactory'.
23:36:15.110 [main] INFO  o.e.r.i.MethodCallReplacementClassAdapter - Adding mock interface to class org/apache/commons/logging/LogFactory
23:36:15.111 [main] INFO  o.e.r.i.CreateClassResetClassAdapter - Found static initializer in class org/apache/commons/logging/LogFactory
23:36:15.111 [main] INFO  o.e.r.i.MethodCallReplacementClassAdapter - No hashCode defined for: org/apache/commons/logging/LogFactory, superclass = java.lang.Object
23:36:15.111 [main] DEBUG o.e.r.agent.TransformerForTests - Going to instrument: org.apache.commons.logging.LogFactory
23:36:15.111 [main] INFO  o.e.r.i.CreateClassResetClassAdapter - Found static initializer in class org/apache/commons/logging/LogFactory
23:36:15.111 [main] INFO  o.e.r.instrumentation.EvoClassLoader - Error while loading class: java.lang.ClassFormatError: Duplicate method name&signature in class file org/apache/commons/logging/LogFactory
23:36:15.112 [main] INFO  o.e.r.instrumentation.EvoClassLoader - Seeing class for first time: org.springframework.boot.cloud.CloudFoundryVcapEnvironmentPostProcessor
23:36:15.112 [main] INFO  o.e.r.instrumentation.EvoClassLoader - Instrumenting class 'org.springframework.boot.cloud.CloudFoundryVcapEnvironmentPostProcessor'.
23:36:15.112 [main] INFO  o.e.r.i.MethodCallReplacementClassAdapter - Adding mock interface to class org/springframework/boot/cloud/CloudFoundryVcapEnvironmentPostProcessor
23:36:15.113 [main] INFO  o.e.r.i.CreateClassResetClassAdapter - Found static initializer in class org/springframework/boot/cloud/CloudFoundryVcapEnvironmentPostProcessor
23:36:15.113 [main] INFO  o.e.r.i.MethodCallReplacementClassAdapter - No hashCode defined for: org/springframework/boot/cloud/CloudFoundryVcapEnvironmentPostProcessor, superclass = java.lang.Object
23:36:15.114 [main] INFO  o.e.r.instrumentation.EvoClassLoader - Keeping class: org.springframework.boot.cloud.CloudFoundryVcapEnvironmentPostProcessor
23:36:15.114 [main] INFO  o.e.r.instrumentation.EvoClassLoader - Seeing class for first time: org.apache.commons.logging.LogFactory
23:36:15.114 [main] INFO  o.e.r.instrumentation.EvoClassLoader - Instrumenting class 'org.apache.commons.logging.LogFactory'.
23:36:15.115 [main] INFO  o.e.r.i.MethodCallReplacementClassAdapter - Adding mock interface to class org/apache/commons/logging/LogFactory
23:36:15.115 [main] INFO  o.e.r.i.CreateClassResetClassAdapter - Found static initializer in class org/apache/commons/logging/LogFactory
23:36:15.115 [main] INFO  o.e.r.i.MethodCallReplacementClassAdapter - No hashCode defined for: org/apache/commons/logging/LogFactory, superclass = java.lang.Object
23:36:15.115 [main] DEBUG o.e.r.agent.TransformerForTests - Going to instrument: org.apache.commons.logging.LogFactory
23:36:15.115 [main] INFO  o.e.r.i.CreateClassResetClassAdapter - Found static initializer in class org/apache/commons/logging/LogFactory
23:36:15.116 [main] INFO  o.e.r.instrumentation.EvoClassLoader - Error while loading class: java.lang.ClassFormatError: Duplicate method name&signature in class file org/apache/commons/logging/LogFactory
23:36:15.116 [main] INFO  o.e.r.instrumentation.EvoClassLoader - Seeing class for first time: org.springframework.boot.env.SpringApplicationJsonEnvironmentPostProcessor
23:36:15.116 [main] INFO  o.e.r.instrumentation.EvoClassLoader - Instrumenting class 'org.springframework.boot.env.SpringApplicationJsonEnvironmentPostProcessor'.
23:36:15.116 [main] INFO  o.e.r.i.MethodCallReplacementClassAdapter - Adding mock interface to class org/springframework/boot/env/SpringApplicationJsonEnvironmentPostProcessor
23:36:15.117 [main] INFO  o.e.r.i.CreateClassResetClassAdapter - Found static initializer in class org/springframework/boot/env/SpringApplicationJsonEnvironmentPostProcessor
23:36:15.117 [main] INFO  o.e.r.i.MethodCallReplacementClassAdapter - No hashCode defined for: org/springframework/boot/env/SpringApplicationJsonEnvironmentPostProcessor, superclass = java.lang.Object
23:36:15.118 [main] INFO  o.e.r.instrumentation.EvoClassLoader - Keeping class: org.springframework.boot.env.SpringApplicationJsonEnvironmentPostProcessor
23:36:15.118 [main] INFO  o.e.r.instrumentation.EvoClassLoader - Seeing class for first time: org.apache.commons.logging.LogFactory
23:36:15.118 [main] INFO  o.e.r.instrumentation.EvoClassLoader - Instrumenting class 'org.apache.commons.logging.LogFactory'.
23:36:15.119 [main] INFO  o.e.r.i.MethodCallReplacementClassAdapter - Adding mock interface to class org/apache/commons/logging/LogFactory
23:36:15.119 [main] INFO  o.e.r.i.CreateClassResetClassAdapter - Found static initializer in class org/apache/commons/logging/LogFactory
23:36:15.119 [main] INFO  o.e.r.i.MethodCallReplacementClassAdapter - No hashCode defined for: org/apache/commons/logging/LogFactory, superclass = java.lang.Object
23:36:15.119 [main] DEBUG o.e.r.agent.TransformerForTests - Going to instrument: org.apache.commons.logging.LogFactory
23:36:15.119 [main] INFO  o.e.r.i.CreateClassResetClassAdapter - Found static initializer in class org/apache/commons/logging/LogFactory
23:36:15.120 [main] INFO  o.e.r.instrumentation.EvoClassLoader - Error while loading class: java.lang.ClassFormatError: Duplicate method name&signature in class file org/apache/commons/logging/LogFactory
23:36:15.120 [main] INFO  o.e.r.instrumentation.EvoClassLoader - Seeing class for first time: org.springframework.util.PropertyPlaceholderHelper
23:36:15.120 [main] INFO  o.e.r.instrumentation.EvoClassLoader - Instrumenting class 'org.springframework.util.PropertyPlaceholderHelper'.
23:36:15.126 [main] INFO  o.e.r.i.MethodCallReplacementClassAdapter - Adding mock interface to class org/springframework/util/PropertyPlaceholderHelper
23:36:15.127 [main] INFO  o.e.r.i.CreateClassResetClassAdapter - Found static initializer in class org/springframework/util/PropertyPlaceholderHelper
23:36:15.127 [main] INFO  o.e.r.i.MethodCallReplacementClassAdapter - No hashCode defined for: org/springframework/util/PropertyPlaceholderHelper, superclass = java.lang.Object
23:36:15.128 [main] INFO  o.e.r.instrumentation.EvoClassLoader - Keeping class: org.springframework.util.PropertyPlaceholderHelper
23:36:15.128 [main] INFO  o.e.r.instrumentation.EvoClassLoader - Seeing class for first time: org.apache.commons.logging.LogFactory
23:36:15.128 [main] INFO  o.e.r.instrumentation.EvoClassLoader - Instrumenting class 'org.apache.commons.logging.LogFactory'.
23:36:15.129 [main] INFO  o.e.r.i.MethodCallReplacementClassAdapter - Adding mock interface to class org/apache/commons/logging/LogFactory
23:36:15.129 [main] INFO  o.e.r.i.CreateClassResetClassAdapter - Found static initializer in class org/apache/commons/logging/LogFactory
23:36:15.129 [main] INFO  o.e.r.i.MethodCallReplacementClassAdapter - No hashCode defined for: org/apache/commons/logging/LogFactory, superclass = java.lang.Object
23:36:15.129 [main] DEBUG o.e.r.agent.TransformerForTests - Going to instrument: org.apache.commons.logging.LogFactory
23:36:15.130 [main] INFO  o.e.r.i.CreateClassResetClassAdapter - Found static initializer in class org/apache/commons/logging/LogFactory
23:36:15.130 [main] INFO  o.e.r.instrumentation.EvoClassLoader - Error while loading class: java.lang.ClassFormatError: Duplicate method name&signature in class file org/apache/commons/logging/LogFactory
23:36:15.130 [main] INFO  o.e.r.instrumentation.EvoClassLoader - Seeing class for first time: org.springframework.boot.cloud.CloudPlatform$1
23:36:15.130 [main] INFO  o.e.r.instrumentation.EvoClassLoader - Instrumenting class 'org.springframework.boot.cloud.CloudPlatform$1'.
23:36:15.130 [main] INFO  o.e.r.i.MethodCallReplacementClassAdapter - Adding mock interface to class org/springframework/boot/cloud/CloudPlatform$1
23:36:15.131 [main] INFO  o.e.r.i.MethodCallReplacementClassAdapter - No hashCode defined for: org/springframework/boot/cloud/CloudPlatform$1, superclass = org.springframework.boot.cloud.CloudPlatform
23:36:15.131 [main] INFO  o.e.r.instrumentation.EvoClassLoader - Seeing class for first time: org.springframework.boot.cloud.CloudPlatform
23:36:15.131 [main] INFO  o.e.r.instrumentation.EvoClassLoader - Instrumenting class 'org.springframework.boot.cloud.CloudPlatform'.
23:36:15.131 [main] INFO  o.e.r.i.MethodCallReplacementClassAdapter - Adding mock interface to class org/springframework/boot/cloud/CloudPlatform
23:36:15.131 [main] INFO  o.e.r.i.CreateClassResetClassAdapter - Found static initializer in class org/springframework/boot/cloud/CloudPlatform
23:36:15.131 [main] INFO  o.e.r.i.MethodCallReplacementClassAdapter - No hashCode defined for: org/springframework/boot/cloud/CloudPlatform, superclass = java.lang.Enum
23:36:15.132 [main] INFO  o.e.r.instrumentation.EvoClassLoader - Keeping class: org.springframework.boot.cloud.CloudPlatform
23:36:15.132 [main] INFO  o.e.r.instrumentation.EvoClassLoader - Keeping class: org.springframework.boot.cloud.CloudPlatform$1
23:36:15.132 [main] INFO  o.e.r.instrumentation.EvoClassLoader - Seeing class for first time: org.springframework.boot.cloud.CloudPlatform$2
23:36:15.132 [main] INFO  o.e.r.instrumentation.EvoClassLoader - Instrumenting class 'org.springframework.boot.cloud.CloudPlatform$2'.
23:36:15.132 [main] INFO  o.e.r.i.MethodCallReplacementClassAdapter - Adding mock interface to class org/springframework/boot/cloud/CloudPlatform$2
23:36:15.132 [main] INFO  o.e.r.i.MethodCallReplacementClassAdapter - No hashCode defined for: org/springframework/boot/cloud/CloudPlatform$2, superclass = org.springframework.boot.cloud.CloudPlatform
23:36:15.132 [main] INFO  o.e.r.instrumentation.EvoClassLoader - Keeping class: org.springframework.boot.cloud.CloudPlatform$2
23:36:15.133 [main] INFO  o.e.r.instrumentation.EvoClassLoader - Seeing class for first time: org.springframework.boot.context.config.RandomValuePropertySource
23:36:15.140 [main] INFO  o.e.r.instrumentation.EvoClassLoader - Instrumenting class 'org.springframework.boot.context.config.RandomValuePropertySource'.
23:36:15.141 [main] INFO  o.e.r.i.MethodCallReplacementClassAdapter - Adding mock interface to class org/springframework/boot/context/config/RandomValuePropertySource
23:36:15.142 [main] INFO  o.e.r.i.CreateClassResetClassAdapter - Found static initializer in class org/springframework/boot/context/config/RandomValuePropertySource
23:36:15.142 [main] INFO  o.e.r.i.MethodCallReplacementClassAdapter - No hashCode defined for: org/springframework/boot/context/config/RandomValuePropertySource, superclass = org.springframework.core.env.PropertySource
23:36:15.143 [main] INFO  o.e.r.instrumentation.EvoClassLoader - Keeping class: org.springframework.boot.context.config.RandomValuePropertySource
23:36:15.144 [main] INFO  o.e.r.instrumentation.EvoClassLoader - Seeing class for first time: org.apache.commons.logging.LogFactory
23:36:15.144 [main] INFO  o.e.r.instrumentation.EvoClassLoader - Instrumenting class 'org.apache.commons.logging.LogFactory'.
23:36:15.145 [main] INFO  o.e.r.i.MethodCallReplacementClassAdapter - Adding mock interface to class org/apache/commons/logging/LogFactory
23:36:15.145 [main] INFO  o.e.r.i.CreateClassResetClassAdapter - Found static initializer in class org/apache/commons/logging/LogFactory
23:36:15.145 [main] INFO  o.e.r.i.MethodCallReplacementClassAdapter - No hashCode defined for: org/apache/commons/logging/LogFactory, superclass = java.lang.Object
23:36:15.145 [main] DEBUG o.e.r.agent.TransformerForTests - Going to instrument: org.apache.commons.logging.LogFactory
23:36:15.145 [main] INFO  o.e.r.i.CreateClassResetClassAdapter - Found static initializer in class org/apache/commons/logging/LogFactory
23:36:15.146 [main] INFO  o.e.r.instrumentation.EvoClassLoader - Error while loading class: java.lang.ClassFormatError: Duplicate method name&signature in class file org/apache/commons/logging/LogFactory
23:36:15.146 [main] INFO  o.e.r.instrumentation.EvoClassLoader - Seeing class for first time: org.springframework.boot.env.PropertySourcesLoader
23:36:15.146 [main] INFO  o.e.r.instrumentation.EvoClassLoader - Instrumenting class 'org.springframework.boot.env.PropertySourcesLoader'.
23:36:15.147 [main] INFO  o.e.r.i.MethodCallReplacementClassAdapter - Adding mock interface to class org/springframework/boot/env/PropertySourcesLoader
23:36:15.147 [main] INFO  o.e.r.i.CreateClassResetClassAdapter - Found static initializer in class org/springframework/boot/env/PropertySourcesLoader
23:36:15.147 [main] INFO  o.e.r.i.MethodCallReplacementClassAdapter - No hashCode defined for: org/springframework/boot/env/PropertySourcesLoader, superclass = java.lang.Object
23:36:15.148 [main] INFO  o.e.r.instrumentation.EvoClassLoader - Keeping class: org.springframework.boot.env.PropertySourcesLoader
23:36:15.149 [main] INFO  o.e.r.instrumentation.EvoClassLoader - Seeing class for first time: org.apache.commons.logging.LogFactory
23:36:15.149 [main] INFO  o.e.r.instrumentation.EvoClassLoader - Instrumenting class 'org.apache.commons.logging.LogFactory'.
23:36:15.149 [main] INFO  o.e.r.i.MethodCallReplacementClassAdapter - Adding mock interface to class org/apache/commons/logging/LogFactory
23:36:15.149 [main] INFO  o.e.r.i.CreateClassResetClassAdapter - Found static initializer in class org/apache/commons/logging/LogFactory
23:36:15.149 [main] INFO  o.e.r.i.MethodCallReplacementClassAdapter - No hashCode defined for: org/apache/commons/logging/LogFactory, superclass = java.lang.Object
23:36:15.149 [main] DEBUG o.e.r.agent.TransformerForTests - Going to instrument: org.apache.commons.logging.LogFactory
23:36:15.150 [main] INFO  o.e.r.i.CreateClassResetClassAdapter - Found static initializer in class org/apache/commons/logging/LogFactory
23:36:15.150 [main] INFO  o.e.r.instrumentation.EvoClassLoader - Error while loading class: java.lang.ClassFormatError: Duplicate method name&signature in class file org/apache/commons/logging/LogFactory
23:36:15.150 [main] INFO  o.e.r.instrumentation.EvoClassLoader - Seeing class for first time: org.springframework.boot.bind.RelaxedNames
23:36:15.150 [main] INFO  o.e.r.instrumentation.EvoClassLoader - Instrumenting class 'org.springframework.boot.bind.RelaxedNames'.
23:36:15.150 [main] INFO  o.e.r.i.MethodCallReplacementClassAdapter - Adding mock interface to class org/springframework/boot/bind/RelaxedNames
23:36:15.151 [main] INFO  o.e.r.i.CreateClassResetClassAdapter - Found static initializer in class org/springframework/boot/bind/RelaxedNames
23:36:15.151 [main] INFO  o.e.r.i.MethodCallReplacementClassAdapter - No hashCode defined for: org/springframework/boot/bind/RelaxedNames, superclass = java.lang.Object
23:36:15.151 [main] INFO  o.e.r.instrumentation.EvoClassLoader - Keeping class: org.springframework.boot.bind.RelaxedNames
23:36:15.152 [main] INFO  o.e.r.instrumentation.EvoClassLoader - Seeing class for first time: org.springframework.boot.bind.RelaxedNames$Variation$1
23:36:15.152 [main] INFO  o.e.r.instrumentation.EvoClassLoader - Instrumenting class 'org.springframework.boot.bind.RelaxedNames$Variation$1'.
23:36:15.153 [main] INFO  o.e.r.i.MethodCallReplacementClassAdapter - Adding mock interface to class org/springframework/boot/bind/RelaxedNames$Variation$1
23:36:15.153 [main] INFO  o.e.r.i.MethodCallReplacementClassAdapter - No hashCode defined for: org/springframework/boot/bind/RelaxedNames$Variation$1, superclass = org.springframework.boot.bind.RelaxedNames$Variation
23:36:15.153 [main] INFO  o.e.r.instrumentation.EvoClassLoader - Seeing class for first time: org.springframework.boot.bind.RelaxedNames$Variation
23:36:15.153 [main] INFO  o.e.r.instrumentation.EvoClassLoader - Instrumenting class 'org.springframework.boot.bind.RelaxedNames$Variation'.
23:36:15.154 [main] INFO  o.e.r.i.MethodCallReplacementClassAdapter - Adding mock interface to class org/springframework/boot/bind/RelaxedNames$Variation
23:36:15.154 [main] INFO  o.e.r.i.CreateClassResetClassAdapter - Found static initializer in class org/springframework/boot/bind/RelaxedNames$Variation
23:36:15.154 [main] INFO  o.e.r.i.MethodCallReplacementClassAdapter - No hashCode defined for: org/springframework/boot/bind/RelaxedNames$Variation, superclass = java.lang.Enum
23:36:15.154 [main] INFO  o.e.r.instrumentation.EvoClassLoader - Keeping class: org.springframework.boot.bind.RelaxedNames$Variation
23:36:15.154 [main] INFO  o.e.r.instrumentation.EvoClassLoader - Keeping class: org.springframework.boot.bind.RelaxedNames$Variation$1
23:36:15.154 [main] INFO  o.e.r.instrumentation.EvoClassLoader - Seeing class for first time: org.springframework.boot.bind.RelaxedNames$Variation$2
23:36:15.154 [main] INFO  o.e.r.instrumentation.EvoClassLoader - Instrumenting class 'org.springframework.boot.bind.RelaxedNames$Variation$2'.
23:36:15.155 [main] INFO  o.e.r.i.MethodCallReplacementClassAdapter - Adding mock interface to class org/springframework/boot/bind/RelaxedNames$Variation$2
23:36:15.155 [main] INFO  o.e.r.i.MethodCallReplacementClassAdapter - No hashCode defined for: org/springframework/boot/bind/RelaxedNames$Variation$2, superclass = org.springframework.boot.bind.RelaxedNames$Variation
23:36:15.155 [main] INFO  o.e.r.instrumentation.EvoClassLoader - Keeping class: org.springframework.boot.bind.RelaxedNames$Variation$2
23:36:15.155 [main] INFO  o.e.r.instrumentation.EvoClassLoader - Seeing class for first time: org.springframework.boot.bind.RelaxedNames$Variation$3
23:36:15.155 [main] INFO  o.e.r.instrumentation.EvoClassLoader - Instrumenting class 'org.springframework.boot.bind.RelaxedNames$Variation$3'.
23:36:15.155 [main] INFO  o.e.r.i.MethodCallReplacementClassAdapter - Adding mock interface to class org/springframework/boot/bind/RelaxedNames$Variation$3
23:36:15.156 [main] INFO  o.e.r.i.MethodCallReplacementClassAdapter - No hashCode defined for: org/springframework/boot/bind/RelaxedNames$Variation$3, superclass = org.springframework.boot.bind.RelaxedNames$Variation
23:36:15.156 [main] INFO  o.e.r.instrumentation.EvoClassLoader - Keeping class: org.springframework.boot.bind.RelaxedNames$Variation$3
23:36:15.156 [main] INFO  o.e.r.instrumentation.EvoClassLoader - Seeing class for first time: org.springframework.boot.bind.RelaxedNames$Manipulation
23:36:15.156 [main] INFO  o.e.r.instrumentation.EvoClassLoader - Instrumenting class 'org.springframework.boot.bind.RelaxedNames$Manipulation'.
23:36:15.156 [main] INFO  o.e.r.i.MethodCallReplacementClassAdapter - Adding mock interface to class org/springframework/boot/bind/RelaxedNames$Manipulation
23:36:15.157 [main] INFO  o.e.r.i.CreateClassResetClassAdapter - Found static initializer in class org/springframework/boot/bind/RelaxedNames$Manipulation
23:36:15.157 [main] INFO  o.e.r.i.MethodCallReplacementClassAdapter - No hashCode defined for: org/springframework/boot/bind/RelaxedNames$Manipulation, superclass = java.lang.Enum
23:36:15.157 [main] INFO  o.e.r.instrumentation.EvoClassLoader - Keeping class: org.springframework.boot.bind.RelaxedNames$Manipulation
23:36:15.159 [main] INFO  o.e.r.instrumentation.EvoClassLoader - Seeing class for first time: org.springframework.boot.bind.RelaxedNames$Manipulation$1
23:36:15.159 [main] INFO  o.e.r.instrumentation.EvoClassLoader - Instrumenting class 'org.springframework.boot.bind.RelaxedNames$Manipulation$1'.
23:36:15.159 [main] INFO  o.e.r.i.MethodCallReplacementClassAdapter - Adding mock interface to class org/springframework/boot/bind/RelaxedNames$Manipulation$1
23:36:15.159 [main] INFO  o.e.r.i.MethodCallReplacementClassAdapter - No hashCode defined for: org/springframework/boot/bind/RelaxedNames$Manipulation$1, superclass = org.springframework.boot.bind.RelaxedNames$Manipulation
23:36:15.160 [main] INFO  o.e.r.instrumentation.EvoClassLoader - Keeping class: org.springframework.boot.bind.RelaxedNames$Manipulation$1
23:36:15.160 [main] INFO  o.e.r.instrumentation.EvoClassLoader - Seeing class for first time: org.springframework.boot.bind.RelaxedNames$Manipulation$2
23:36:15.160 [main] INFO  o.e.r.instrumentation.EvoClassLoader - Instrumenting class 'org.springframework.boot.bind.RelaxedNames$Manipulation$2'.
23:36:15.160 [main] INFO  o.e.r.i.MethodCallReplacementClassAdapter - Adding mock interface to class org/springframework/boot/bind/RelaxedNames$Manipulation$2
23:36:15.160 [main] INFO  o.e.r.i.MethodCallReplacementClassAdapter - No hashCode defined for: org/springframework/boot/bind/RelaxedNames$Manipulation$2, superclass = org.springframework.boot.bind.RelaxedNames$Manipulation
23:36:15.161 [main] INFO  o.e.r.instrumentation.EvoClassLoader - Keeping class: org.springframework.boot.bind.RelaxedNames$Manipulation$2
23:36:15.161 [main] INFO  o.e.r.instrumentation.EvoClassLoader - Seeing class for first time: org.springframework.boot.bind.RelaxedNames$Manipulation$3
23:36:15.161 [main] INFO  o.e.r.instrumentation.EvoClassLoader - Instrumenting class 'org.springframework.boot.bind.RelaxedNames$Manipulation$3'.
23:36:15.161 [main] INFO  o.e.r.i.MethodCallReplacementClassAdapter - Adding mock interface to class org/springframework/boot/bind/RelaxedNames$Manipulation$3
23:36:15.161 [main] INFO  o.e.r.i.MethodCallReplacementClassAdapter - No hashCode defined for: org/springframework/boot/bind/RelaxedNames$Manipulation$3, superclass = org.springframework.boot.bind.RelaxedNames$Manipulation
23:36:15.162 [main] INFO  o.e.r.instrumentation.EvoClassLoader - Keeping class: org.springframework.boot.bind.RelaxedNames$Manipulation$3
23:36:15.162 [main] INFO  o.e.r.instrumentation.EvoClassLoader - Seeing class for first time: org.springframework.boot.bind.RelaxedNames$Manipulation$4
23:36:15.162 [main] INFO  o.e.r.instrumentation.EvoClassLoader - Instrumenting class 'org.springframework.boot.bind.RelaxedNames$Manipulation$4'.
23:36:15.162 [main] INFO  o.e.r.i.MethodCallReplacementClassAdapter - Adding mock interface to class org/springframework/boot/bind/RelaxedNames$Manipulation$4
23:36:15.162 [main] INFO  o.e.r.i.MethodCallReplacementClassAdapter - No hashCode defined for: org/springframework/boot/bind/RelaxedNames$Manipulation$4, superclass = org.springframework.boot.bind.RelaxedNames$Manipulation
23:36:15.163 [main] INFO  o.e.r.instrumentation.EvoClassLoader - Keeping class: org.springframework.boot.bind.RelaxedNames$Manipulation$4
23:36:15.163 [main] INFO  o.e.r.instrumentation.EvoClassLoader - Seeing class for first time: org.springframework.boot.bind.RelaxedNames$Manipulation$5
23:36:15.163 [main] INFO  o.e.r.instrumentation.EvoClassLoader - Instrumenting class 'org.springframework.boot.bind.RelaxedNames$Manipulation$5'.
23:36:15.163 [main] INFO  o.e.r.i.MethodCallReplacementClassAdapter - Adding mock interface to class org/springframework/boot/bind/RelaxedNames$Manipulation$5
23:36:15.164 [main] INFO  o.e.r.i.MethodCallReplacementClassAdapter - No hashCode defined for: org/springframework/boot/bind/RelaxedNames$Manipulation$5, superclass = org.springframework.boot.bind.RelaxedNames$Manipulation
23:36:15.164 [main] INFO  o.e.r.instrumentation.EvoClassLoader - Keeping class: org.springframework.boot.bind.RelaxedNames$Manipulation$5
23:36:15.164 [main] INFO  o.e.r.instrumentation.EvoClassLoader - Seeing class for first time: org.springframework.boot.bind.RelaxedNames$Manipulation$6
23:36:15.164 [main] INFO  o.e.r.instrumentation.EvoClassLoader - Instrumenting class 'org.springframework.boot.bind.RelaxedNames$Manipulation$6'.
23:36:15.165 [main] INFO  o.e.r.i.MethodCallReplacementClassAdapter - Adding mock interface to class org/springframework/boot/bind/RelaxedNames$Manipulation$6
23:36:15.165 [main] INFO  o.e.r.i.MethodCallReplacementClassAdapter - No hashCode defined for: org/springframework/boot/bind/RelaxedNames$Manipulation$6, superclass = org.springframework.boot.bind.RelaxedNames$Manipulation
23:36:15.165 [main] INFO  o.e.r.instrumentation.EvoClassLoader - Keeping class: org.springframework.boot.bind.RelaxedNames$Manipulation$6
23:36:15.165 [main] INFO  o.e.r.instrumentation.EvoClassLoader - Seeing class for first time: org.springframework.boot.bind.RelaxedNames$Manipulation$7
23:36:15.165 [main] INFO  o.e.r.instrumentation.EvoClassLoader - Instrumenting class 'org.springframework.boot.bind.RelaxedNames$Manipulation$7'.
23:36:15.166 [main] INFO  o.e.r.i.MethodCallReplacementClassAdapter - Adding mock interface to class org/springframework/boot/bind/RelaxedNames$Manipulation$7
23:36:15.166 [main] INFO  o.e.r.i.MethodCallReplacementClassAdapter - No hashCode defined for: org/springframework/boot/bind/RelaxedNames$Manipulation$7, superclass = org.springframework.boot.bind.RelaxedNames$Manipulation
23:36:15.166 [main] INFO  o.e.r.instrumentation.EvoClassLoader - Keeping class: org.springframework.boot.bind.RelaxedNames$Manipulation$7
23:36:15.166 [main] INFO  o.e.r.instrumentation.EvoClassLoader - Seeing class for first time: org.springframework.boot.bind.RelaxedNames$Manipulation$8
23:36:15.166 [main] INFO  o.e.r.instrumentation.EvoClassLoader - Instrumenting class 'org.springframework.boot.bind.RelaxedNames$Manipulation$8'.
23:36:15.166 [main] INFO  o.e.r.i.MethodCallReplacementClassAdapter - Adding mock interface to class org/springframework/boot/bind/RelaxedNames$Manipulation$8
23:36:15.166 [main] INFO  o.e.r.i.MethodCallReplacementClassAdapter - No hashCode defined for: org/springframework/boot/bind/RelaxedNames$Manipulation$8, superclass = org.springframework.boot.bind.RelaxedNames$Manipulation
23:36:15.166 [main] INFO  o.e.r.instrumentation.EvoClassLoader - Keeping class: org.springframework.boot.bind.RelaxedNames$Manipulation$8
23:36:15.168 [main] INFO  o.e.r.instrumentation.EvoClassLoader - Seeing class for first time: org.springframework.boot.bind.PropertiesConfigurationFactory
23:36:15.168 [main] INFO  o.e.r.instrumentation.EvoClassLoader - Instrumenting class 'org.springframework.boot.bind.PropertiesConfigurationFactory'.
23:36:15.168 [main] INFO  o.e.r.i.MethodCallReplacementClassAdapter - Adding mock interface to class org/springframework/boot/bind/PropertiesConfigurationFactory
23:36:15.170 [main] INFO  o.e.r.i.CreateClassResetClassAdapter - Found static initializer in class org/springframework/boot/bind/PropertiesConfigurationFactory
23:36:15.170 [main] INFO  o.e.r.i.MethodCallReplacementClassAdapter - No hashCode defined for: org/springframework/boot/bind/PropertiesConfigurationFactory, superclass = java.lang.Object
23:36:15.171 [main] INFO  o.e.r.instrumentation.EvoClassLoader - Keeping class: org.springframework.boot.bind.PropertiesConfigurationFactory
23:36:15.171 [main] INFO  o.e.r.instrumentation.EvoClassLoader - Seeing class for first time: org.springframework.validation.DataBinder
23:36:15.171 [main] INFO  o.e.r.instrumentation.EvoClassLoader - Instrumenting class 'org.springframework.validation.DataBinder'.
23:36:15.172 [main] INFO  o.e.r.i.MethodCallReplacementClassAdapter - Adding mock interface to class org/springframework/validation/DataBinder
23:36:15.174 [main] INFO  o.e.r.i.CreateClassResetClassAdapter - Found static initializer in class org/springframework/validation/DataBinder
23:36:15.174 [main] INFO  o.e.r.i.MethodCallReplacementClassAdapter - No hashCode defined for: org/springframework/validation/DataBinder, superclass = java.lang.Object
23:36:15.174 [main] INFO  o.e.r.instrumentation.EvoClassLoader - Keeping class: org.springframework.validation.DataBinder
23:36:15.174 [main] INFO  o.e.r.instrumentation.EvoClassLoader - Seeing class for first time: org.springframework.boot.bind.RelaxedDataBinder
23:36:15.174 [main] INFO  o.e.r.instrumentation.EvoClassLoader - Instrumenting class 'org.springframework.boot.bind.RelaxedDataBinder'.
23:36:15.175 [main] INFO  o.e.r.i.MethodCallReplacementClassAdapter - Adding mock interface to class org/springframework/boot/bind/RelaxedDataBinder
23:36:15.177 [main] INFO  o.e.r.i.CreateClassResetClassAdapter - Found static initializer in class org/springframework/boot/bind/RelaxedDataBinder
23:36:15.177 [main] INFO  o.e.r.i.MethodCallReplacementClassAdapter - No hashCode defined for: org/springframework/boot/bind/RelaxedDataBinder, superclass = org.springframework.validation.DataBinder
23:36:15.178 [main] INFO  o.e.r.instrumentation.EvoClassLoader - Keeping class: org.springframework.boot.bind.RelaxedDataBinder
23:36:15.179 [main] INFO  o.e.r.instrumentation.EvoClassLoader - Seeing class for first time: org.springframework.beans.PropertyBatchUpdateException
23:36:15.179 [main] INFO  o.e.r.instrumentation.EvoClassLoader - Instrumenting class 'org.springframework.beans.PropertyBatchUpdateException'.
23:36:15.180 [main] INFO  o.e.r.i.MethodCallReplacementClassAdapter - Adding mock interface to class org/springframework/beans/PropertyBatchUpdateException
23:36:15.180 [main] INFO  o.e.r.i.MethodCallReplacementClassAdapter - No hashCode defined for: org/springframework/beans/PropertyBatchUpdateException, superclass = org.springframework.beans.BeansException
23:36:15.180 [main] INFO  o.e.r.i.CreateClassResetClassAdapter - Creating brand-new static initializer in class org/springframework/beans/PropertyBatchUpdateException
23:36:15.181 [main] INFO  o.e.r.instrumentation.EvoClassLoader - Keeping class: org.springframework.beans.PropertyBatchUpdateException
23:36:15.181 [main] INFO  o.e.r.instrumentation.EvoClassLoader - Seeing class for first time: org.springframework.beans.SimpleTypeConverter
23:36:15.181 [main] INFO  o.e.r.instrumentation.EvoClassLoader - Instrumenting class 'org.springframework.beans.SimpleTypeConverter'.
23:36:15.182 [main] INFO  o.e.r.i.MethodCallReplacementClassAdapter - Adding mock interface to class org/springframework/beans/SimpleTypeConverter
23:36:15.182 [main] INFO  o.e.r.i.MethodCallReplacementClassAdapter - No hashCode defined for: org/springframework/beans/SimpleTypeConverter, superclass = org.springframework.beans.TypeConverterSupport
23:36:15.182 [main] INFO  o.e.r.i.CreateClassResetClassAdapter - Creating brand-new static initializer in class org/springframework/beans/SimpleTypeConverter
23:36:15.182 [main] INFO  o.e.r.instrumentation.EvoClassLoader - Seeing class for first time: org.springframework.beans.TypeConverterSupport
23:36:15.182 [main] INFO  o.e.r.instrumentation.EvoClassLoader - Instrumenting class 'org.springframework.beans.TypeConverterSupport'.
23:36:15.182 [main] INFO  o.e.r.i.MethodCallReplacementClassAdapter - Adding mock interface to class org/springframework/beans/TypeConverterSupport
23:36:15.183 [main] INFO  o.e.r.i.MethodCallReplacementClassAdapter - No hashCode defined for: org/springframework/beans/TypeConverterSupport, superclass = org.springframework.beans.PropertyEditorRegistrySupport
23:36:15.183 [main] INFO  o.e.r.i.CreateClassResetClassAdapter - Creating brand-new static initializer in class org/springframework/beans/TypeConverterSupport
23:36:15.183 [main] INFO  o.e.r.instrumentation.EvoClassLoader - Seeing class for first time: org.springframework.beans.PropertyEditorRegistrySupport
23:36:15.183 [main] INFO  o.e.r.instrumentation.EvoClassLoader - Instrumenting class 'org.springframework.beans.PropertyEditorRegistrySupport'.
23:36:15.183 [main] INFO  o.e.r.i.MethodCallReplacementClassAdapter - Adding mock interface to class org/springframework/beans/PropertyEditorRegistrySupport
23:36:15.185 [main] INFO  o.e.r.i.CreateClassResetClassAdapter - Found static initializer in class org/springframework/beans/PropertyEditorRegistrySupport
23:36:15.185 [main] INFO  o.e.r.i.MethodCallReplacementClassAdapter - No hashCode defined for: org/springframework/beans/PropertyEditorRegistrySupport, superclass = java.lang.Object
23:36:15.186 [main] INFO  o.e.r.instrumentation.EvoClassLoader - Keeping class: org.springframework.beans.PropertyEditorRegistrySupport
23:36:15.186 [main] INFO  o.e.r.instrumentation.EvoClassLoader - Keeping class: org.springframework.beans.TypeConverterSupport
23:36:15.186 [main] INFO  o.e.r.instrumentation.EvoClassLoader - Keeping class: org.springframework.beans.SimpleTypeConverter
23:36:15.186 [main] INFO  o.e.r.instrumentation.EvoClassLoader - Seeing class for first time: org.springframework.beans.TypeMismatchException
23:36:15.186 [main] INFO  o.e.r.instrumentation.EvoClassLoader - Instrumenting class 'org.springframework.beans.TypeMismatchException'.
23:36:15.186 [main] INFO  o.e.r.i.MethodCallReplacementClassAdapter - Adding mock interface to class org/springframework/beans/TypeMismatchException
23:36:15.187 [main] INFO  o.e.r.i.MethodCallReplacementClassAdapter - No hashCode defined for: org/springframework/beans/TypeMismatchException, superclass = org.springframework.beans.PropertyAccessException
23:36:15.187 [main] INFO  o.e.r.i.CreateClassResetClassAdapter - Creating brand-new static initializer in class org/springframework/beans/TypeMismatchException
23:36:15.187 [main] INFO  o.e.r.i.CreateClassResetClassAdapter - Adding bytecode for initializing field ERROR_CODE
23:36:15.187 [main] INFO  o.e.r.instrumentation.EvoClassLoader - Seeing class for first time: org.springframework.beans.PropertyAccessException
23:36:15.187 [main] INFO  o.e.r.instrumentation.EvoClassLoader - Instrumenting class 'org.springframework.beans.PropertyAccessException'.
23:36:15.187 [main] INFO  o.e.r.i.MethodCallReplacementClassAdapter - Adding mock interface to class org/springframework/beans/PropertyAccessException
23:36:15.194 [main] INFO  o.e.r.i.MethodCallReplacementClassAdapter - No hashCode defined for: org/springframework/beans/PropertyAccessException, superclass = org.springframework.beans.BeansException
23:36:15.198 [main] INFO  o.e.r.i.CreateClassResetClassAdapter - Creating brand-new static initializer in class org/springframework/beans/PropertyAccessException
23:36:15.198 [main] INFO  o.e.r.instrumentation.EvoClassLoader - Keeping class: org.springframework.beans.PropertyAccessException
23:36:15.198 [main] INFO  o.e.r.instrumentation.EvoClassLoader - Keeping class: org.springframework.beans.TypeMismatchException
23:36:15.198 [main] INFO  o.e.r.instrumentation.EvoClassLoader - Seeing class for first time: org.apache.commons.logging.LogFactory
23:36:15.198 [main] INFO  o.e.r.instrumentation.EvoClassLoader - Instrumenting class 'org.apache.commons.logging.LogFactory'.
23:36:15.199 [main] INFO  o.e.r.i.MethodCallReplacementClassAdapter - Adding mock interface to class org/apache/commons/logging/LogFactory
23:36:15.199 [main] INFO  o.e.r.i.CreateClassResetClassAdapter - Found static initializer in class org/apache/commons/logging/LogFactory
23:36:15.199 [main] INFO  o.e.r.i.MethodCallReplacementClassAdapter - No hashCode defined for: org/apache/commons/logging/LogFactory, superclass = java.lang.Object
23:36:15.199 [main] DEBUG o.e.r.agent.TransformerForTests - Going to instrument: org.apache.commons.logging.LogFactory
23:36:15.199 [main] INFO  o.e.r.i.CreateClassResetClassAdapter - Found static initializer in class org/apache/commons/logging/LogFactory
23:36:15.200 [main] INFO  o.e.r.instrumentation.EvoClassLoader - Error while loading class: java.lang.ClassFormatError: Duplicate method name&signature in class file org/apache/commons/logging/LogFactory
23:36:15.200 [main] WARN  o.e.r.classhandling.ClassResetter - class java.lang.NoClassDefFoundError thrown while loading method  __STATIC_RESET() for class org.springframework.boot.bind.RelaxedDataBinder
23:36:15.200 [main] INFO  o.e.r.instrumentation.EvoClassLoader - Seeing class for first time: org.springframework.beans.BeanUtils
23:36:15.200 [main] INFO  o.e.r.instrumentation.EvoClassLoader - Instrumenting class 'org.springframework.beans.BeanUtils'.
23:36:15.201 [main] INFO  o.e.r.i.MethodCallReplacementClassAdapter - Adding mock interface to class org/springframework/beans/BeanUtils
23:36:15.203 [main] INFO  o.e.r.i.CreateClassResetClassAdapter - Found static initializer in class org/springframework/beans/BeanUtils
23:36:15.203 [main] INFO  o.e.r.i.MethodCallReplacementClassAdapter - No hashCode defined for: org/springframework/beans/BeanUtils, superclass = java.lang.Object
23:36:15.203 [main] INFO  o.e.r.instrumentation.EvoClassLoader - Keeping class: org.springframework.beans.BeanUtils
23:36:15.204 [main] INFO  o.e.r.instrumentation.EvoClassLoader - Seeing class for first time: org.springframework.beans.BeanInstantiationException
23:36:15.204 [main] INFO  o.e.r.instrumentation.EvoClassLoader - Instrumenting class 'org.springframework.beans.BeanInstantiationException'.
23:36:15.204 [main] INFO  o.e.r.i.MethodCallReplacementClassAdapter - Adding mock interface to class org/springframework/beans/BeanInstantiationException
23:36:15.204 [main] INFO  o.e.r.i.MethodCallReplacementClassAdapter - No hashCode defined for: org/springframework/beans/BeanInstantiationException, superclass = org.springframework.beans.FatalBeanException
23:36:15.204 [main] INFO  o.e.r.i.CreateClassResetClassAdapter - Creating brand-new static initializer in class org/springframework/beans/BeanInstantiationException
23:36:15.204 [main] INFO  o.e.r.instrumentation.EvoClassLoader - Keeping class: org.springframework.beans.BeanInstantiationException
23:36:15.205 [main] INFO  o.e.r.instrumentation.EvoClassLoader - Seeing class for first time: org.apache.commons.logging.LogFactory
23:36:15.205 [main] INFO  o.e.r.instrumentation.EvoClassLoader - Instrumenting class 'org.apache.commons.logging.LogFactory'.
23:36:15.206 [main] INFO  o.e.r.i.MethodCallReplacementClassAdapter - Adding mock interface to class org/apache/commons/logging/LogFactory
23:36:15.206 [main] INFO  o.e.r.i.CreateClassResetClassAdapter - Found static initializer in class org/apache/commons/logging/LogFactory
23:36:15.206 [main] INFO  o.e.r.i.MethodCallReplacementClassAdapter - No hashCode defined for: org/apache/commons/logging/LogFactory, superclass = java.lang.Object
23:36:15.206 [main] DEBUG o.e.r.agent.TransformerForTests - Going to instrument: org.apache.commons.logging.LogFactory
23:36:15.207 [main] INFO  o.e.r.i.CreateClassResetClassAdapter - Found static initializer in class org/apache/commons/logging/LogFactory
23:36:15.207 [main] INFO  o.e.r.instrumentation.EvoClassLoader - Error while loading class: java.lang.ClassFormatError: Duplicate method name&signature in class file org/apache/commons/logging/LogFactory
23:36:15.207 [main] INFO  o.e.r.instrumentation.EvoClassLoader - Seeing class for first time: org.springframework.beans.CachedIntrospectionResults
23:36:15.207 [main] INFO  o.e.r.instrumentation.EvoClassLoader - Instrumenting class 'org.springframework.beans.CachedIntrospectionResults'.
23:36:15.209 [main] INFO  o.e.r.i.MethodCallReplacementClassAdapter - Adding mock interface to class org/springframework/beans/CachedIntrospectionResults
23:36:15.211 [main] INFO  o.e.r.i.CreateClassResetClassAdapter - Found static initializer in class org/springframework/beans/CachedIntrospectionResults
23:36:15.211 [main] INFO  o.e.r.i.MethodCallReplacementClassAdapter - No hashCode defined for: org/springframework/beans/CachedIntrospectionResults, superclass = java.lang.Object
23:36:15.212 [main] INFO  o.e.r.instrumentation.EvoClassLoader - Keeping class: org.springframework.beans.CachedIntrospectionResults
23:36:15.212 [main] INFO  o.e.r.instrumentation.EvoClassLoader - Seeing class for first time: org.springframework.beans.ExtendedBeanInfo
23:36:15.213 [main] INFO  o.e.r.instrumentation.EvoClassLoader - Instrumenting class 'org.springframework.beans.ExtendedBeanInfo'.
23:36:15.213 [main] INFO  o.e.r.i.MethodCallReplacementClassAdapter - Adding mock interface to class org/springframework/beans/ExtendedBeanInfo
23:36:15.216 [main] INFO  o.e.r.i.CreateClassResetClassAdapter - Found static initializer in class org/springframework/beans/ExtendedBeanInfo
23:36:15.216 [main] INFO  o.e.r.i.MethodCallReplacementClassAdapter - No hashCode defined for: org/springframework/beans/ExtendedBeanInfo, superclass = java.lang.Object
23:36:15.216 [main] INFO  o.e.r.instrumentation.EvoClassLoader - Keeping class: org.springframework.beans.ExtendedBeanInfo
23:36:15.218 [main] INFO  o.e.r.instrumentation.EvoClassLoader - Seeing class for first time: org.apache.commons.logging.LogFactory
23:36:15.218 [main] INFO  o.e.r.instrumentation.EvoClassLoader - Instrumenting class 'org.apache.commons.logging.LogFactory'.
23:36:15.218 [main] INFO  o.e.r.i.MethodCallReplacementClassAdapter - Adding mock interface to class org/apache/commons/logging/LogFactory
23:36:15.218 [main] INFO  o.e.r.i.CreateClassResetClassAdapter - Found static initializer in class org/apache/commons/logging/LogFactory
23:36:15.218 [main] INFO  o.e.r.i.MethodCallReplacementClassAdapter - No hashCode defined for: org/apache/commons/logging/LogFactory, superclass = java.lang.Object
23:36:15.218 [main] DEBUG o.e.r.agent.TransformerForTests - Going to instrument: org.apache.commons.logging.LogFactory
23:36:15.219 [main] INFO  o.e.r.i.CreateClassResetClassAdapter - Found static initializer in class org/apache/commons/logging/LogFactory
23:36:15.219 [main] INFO  o.e.r.instrumentation.EvoClassLoader - Error while loading class: java.lang.ClassFormatError: Duplicate method name&signature in class file org/apache/commons/logging/LogFactory
23:36:15.219 [main] INFO  o.e.r.instrumentation.EvoClassLoader - Seeing class for first time: org.springframework.core.GenericTypeResolver
23:36:15.219 [main] INFO  o.e.r.instrumentation.EvoClassLoader - Instrumenting class 'org.springframework.core.GenericTypeResolver'.
23:36:15.220 [main] INFO  o.e.r.i.MethodCallReplacementClassAdapter - Adding mock interface to class org/springframework/core/GenericTypeResolver
23:36:15.226 [main] INFO  o.e.r.i.CreateClassResetClassAdapter - Found static initializer in class org/springframework/core/GenericTypeResolver
23:36:15.226 [main] INFO  o.e.r.i.MethodCallReplacementClassAdapter - No hashCode defined for: org/springframework/core/GenericTypeResolver, superclass = java.lang.Object
23:36:15.227 [main] INFO  o.e.r.instrumentation.EvoClassLoader - Keeping class: org.springframework.core.GenericTypeResolver
23:36:15.228 [main] INFO  o.e.r.instrumentation.EvoClassLoader - Seeing class for first time: org.springframework.boot.bind.PropertySourcesPropertyValues
23:36:15.228 [main] INFO  o.e.r.instrumentation.EvoClassLoader - Instrumenting class 'org.springframework.boot.bind.PropertySourcesPropertyValues'.
23:36:15.228 [main] INFO  o.e.r.i.MethodCallReplacementClassAdapter - Adding mock interface to class org/springframework/boot/bind/PropertySourcesPropertyValues
23:36:15.229 [main] INFO  o.e.r.i.CreateClassResetClassAdapter - Found static initializer in class org/springframework/boot/bind/PropertySourcesPropertyValues
23:36:15.229 [main] INFO  o.e.r.i.MethodCallReplacementClassAdapter - No hashCode defined for: org/springframework/boot/bind/PropertySourcesPropertyValues, superclass = java.lang.Object
23:36:15.229 [main] INFO  o.e.r.instrumentation.EvoClassLoader - Keeping class: org.springframework.boot.bind.PropertySourcesPropertyValues
]]></system-out>
  </testcase>
  <testcase name="test6" classname="com.rickhanberryfinal.HanberryFinalProjectApplication_ESTest" time="0">
    <error message="org/springframework/boot/SpringApplication" type="java.lang.NoClassDefFoundError">java.lang.NoClassDefFoundError: org/springframework/boot/SpringApplication
	at com.rickhanberryfinal.HanberryFinalProjectApplication.main(HanberryFinalProjectApplication.java:10)
	at com.rickhanberryfinal.HanberryFinalProjectApplication_ESTest.test6(HanberryFinalProjectApplication_ESTest.java:160)
</error>
    <system-out><![CDATA[23:36:15.233 [main] INFO  o.e.r.instrumentation.EvoClassLoader - Seeing class for first time: org.apache.commons.logging.impl.SLF4JLogFactory
23:36:15.233 [main] INFO  o.e.r.instrumentation.EvoClassLoader - Instrumenting class 'org.apache.commons.logging.impl.SLF4JLogFactory'.
23:36:15.233 [main] INFO  o.e.r.i.MethodCallReplacementClassAdapter - Adding mock interface to class org/apache/commons/logging/impl/SLF4JLogFactory
23:36:15.236 [main] INFO  o.e.r.i.MethodCallReplacementClassAdapter - No hashCode defined for: org/apache/commons/logging/impl/SLF4JLogFactory, superclass = org.apache.commons.logging.LogFactory
23:36:15.236 [main] INFO  o.e.r.i.CreateClassResetClassAdapter - Creating brand-new static initializer in class org/apache/commons/logging/impl/SLF4JLogFactory
23:36:15.236 [main] INFO  o.e.r.i.CreateClassResetClassAdapter - Adding bytecode for initializing field LOG_PROPERTY
23:36:15.236 [main] DEBUG o.e.r.agent.TransformerForTests - Going to instrument: org.apache.commons.logging.impl.SLF4JLogFactory
23:36:15.237 [main] INFO  o.e.r.i.MethodCallReplacementClassAdapter - No hashCode defined for: org/apache/commons/logging/impl/SLF4JLogFactory, superclass = org.apache.commons.logging.LogFactory
23:36:15.238 [main] INFO  o.e.r.instrumentation.EvoClassLoader - Seeing class for first time: org.apache.commons.logging.LogFactory
23:36:15.238 [main] INFO  o.e.r.instrumentation.EvoClassLoader - Instrumenting class 'org.apache.commons.logging.LogFactory'.
23:36:15.239 [main] INFO  o.e.r.i.MethodCallReplacementClassAdapter - Adding mock interface to class org/apache/commons/logging/LogFactory
23:36:15.239 [main] INFO  o.e.r.i.CreateClassResetClassAdapter - Found static initializer in class org/apache/commons/logging/LogFactory
23:36:15.239 [main] INFO  o.e.r.i.MethodCallReplacementClassAdapter - No hashCode defined for: org/apache/commons/logging/LogFactory, superclass = java.lang.Object
23:36:15.239 [main] DEBUG o.e.r.agent.TransformerForTests - Going to instrument: org.apache.commons.logging.LogFactory
23:36:15.240 [main] INFO  o.e.r.i.CreateClassResetClassAdapter - Found static initializer in class org/apache/commons/logging/LogFactory
23:36:15.240 [main] INFO  o.e.r.instrumentation.EvoClassLoader - Error while loading class: java.lang.ClassFormatError: Duplicate method name&signature in class file org/apache/commons/logging/LogFactory
23:36:15.240 [main] INFO  o.e.r.instrumentation.EvoClassLoader - Error while loading class: java.lang.NoClassDefFoundError: org/apache/commons/logging/LogFactory
23:36:15.240 [main] INFO  o.e.r.instrumentation.EvoClassLoader - Seeing class for first time: org.apache.commons.logging.LogFactory
23:36:15.240 [main] INFO  o.e.r.instrumentation.EvoClassLoader - Instrumenting class 'org.apache.commons.logging.LogFactory'.
23:36:15.241 [main] INFO  o.e.r.i.MethodCallReplacementClassAdapter - Adding mock interface to class org/apache/commons/logging/LogFactory
23:36:15.241 [main] INFO  o.e.r.i.CreateClassResetClassAdapter - Found static initializer in class org/apache/commons/logging/LogFactory
23:36:15.241 [main] INFO  o.e.r.i.MethodCallReplacementClassAdapter - No hashCode defined for: org/apache/commons/logging/LogFactory, superclass = java.lang.Object
23:36:15.241 [main] DEBUG o.e.r.agent.TransformerForTests - Going to instrument: org.apache.commons.logging.LogFactory
23:36:15.241 [main] INFO  o.e.r.i.CreateClassResetClassAdapter - Found static initializer in class org/apache/commons/logging/LogFactory
23:36:15.242 [main] INFO  o.e.r.instrumentation.EvoClassLoader - Error while loading class: java.lang.ClassFormatError: Duplicate method name&signature in class file org/apache/commons/logging/LogFactory
23:36:15.242 [main] INFO  o.e.r.instrumentation.EvoClassLoader - Seeing class for first time: org.springframework.boot.SpringBootBanner
23:36:15.242 [main] INFO  o.e.r.instrumentation.EvoClassLoader - Instrumenting class 'org.springframework.boot.SpringBootBanner'.
23:36:15.243 [main] INFO  o.e.r.i.MethodCallReplacementClassAdapter - Adding mock interface to class org/springframework/boot/SpringBootBanner
23:36:15.243 [main] INFO  o.e.r.i.CreateClassResetClassAdapter - Found static initializer in class org/springframework/boot/SpringBootBanner
23:36:15.243 [main] INFO  o.e.r.i.MethodCallReplacementClassAdapter - No hashCode defined for: org/springframework/boot/SpringBootBanner, superclass = java.lang.Object
23:36:15.243 [main] DEBUG o.e.r.agent.TransformerForTests - Going to instrument: org.springframework.boot.SpringBootBanner
23:36:15.243 [main] INFO  o.e.r.i.CreateClassResetClassAdapter - Found static initializer in class org/springframework/boot/SpringBootBanner
23:36:15.244 [main] INFO  o.e.r.instrumentation.EvoClassLoader - Error while loading class: java.lang.ClassFormatError: Duplicate method name&signature in class file org/springframework/boot/SpringBootBanner
23:36:15.244 [main] INFO  o.e.r.instrumentation.EvoClassLoader - Seeing class for first time: org.apache.commons.logging.impl.SLF4JLocationAwareLog
23:36:15.244 [main] INFO  o.e.r.instrumentation.EvoClassLoader - Instrumenting class 'org.apache.commons.logging.impl.SLF4JLocationAwareLog'.
23:36:15.244 [main] INFO  o.e.r.i.MethodCallReplacementClassAdapter - Adding mock interface to class org/apache/commons/logging/impl/SLF4JLocationAwareLog
23:36:15.244 [main] INFO  o.e.r.i.CreateClassResetClassAdapter - Found static initializer in class org/apache/commons/logging/impl/SLF4JLocationAwareLog
23:36:15.244 [main] INFO  o.e.r.i.MethodCallReplacementClassAdapter - No hashCode defined for: org/apache/commons/logging/impl/SLF4JLocationAwareLog, superclass = java.lang.Object
23:36:15.244 [main] DEBUG o.e.r.agent.TransformerForTests - Going to instrument: org.apache.commons.logging.impl.SLF4JLocationAwareLog
23:36:15.245 [main] INFO  o.e.r.i.CreateClassResetClassAdapter - Found static initializer in class org/apache/commons/logging/impl/SLF4JLocationAwareLog
23:36:15.245 [main] INFO  o.e.r.instrumentation.EvoClassLoader - Error while loading class: java.lang.ClassFormatError: Duplicate method name&signature in class file org/apache/commons/logging/impl/SLF4JLocationAwareLog
23:36:15.246 [main] INFO  o.e.r.instrumentation.EvoClassLoader - Seeing class for first time: org.springframework.boot.SpringBootExceptionHandler
23:36:15.247 [main] INFO  o.e.r.instrumentation.EvoClassLoader - Instrumenting class 'org.springframework.boot.SpringBootExceptionHandler'.
23:36:15.247 [main] INFO  o.e.r.i.MethodCallReplacementClassAdapter - Adding mock interface to class org/springframework/boot/SpringBootExceptionHandler
23:36:15.247 [main] INFO  o.e.r.i.CreateClassResetClassAdapter - Found static initializer in class org/springframework/boot/SpringBootExceptionHandler
23:36:15.247 [main] INFO  o.e.r.i.MethodCallReplacementClassAdapter - No hashCode defined for: org/springframework/boot/SpringBootExceptionHandler, superclass = java.lang.Object
23:36:15.247 [main] DEBUG o.e.r.agent.TransformerForTests - Going to instrument: org.springframework.boot.SpringBootExceptionHandler
23:36:15.248 [main] INFO  o.e.r.i.CreateClassResetClassAdapter - Found static initializer in class org/springframework/boot/SpringBootExceptionHandler
23:36:15.248 [main] INFO  o.e.r.instrumentation.EvoClassLoader - Error while loading class: java.lang.ClassFormatError: Duplicate method name&signature in class file org/springframework/boot/SpringBootExceptionHandler
23:36:15.248 [main] WARN  o.e.r.classhandling.ClassResetter - class java.lang.NoClassDefFoundError thrown while loading method  __STATIC_RESET() for class org.springframework.boot.SpringApplication
23:36:15.248 [main] INFO  o.e.r.instrumentation.EvoClassLoader - Seeing class for first time: org.springframework.boot.Banner$Mode
23:36:15.248 [main] INFO  o.e.r.instrumentation.EvoClassLoader - Instrumenting class 'org.springframework.boot.Banner$Mode'.
23:36:15.248 [main] INFO  o.e.r.i.MethodCallReplacementClassAdapter - Adding mock interface to class org/springframework/boot/Banner$Mode
23:36:15.249 [main] INFO  o.e.r.i.CreateClassResetClassAdapter - Found static initializer in class org/springframework/boot/Banner$Mode
23:36:15.249 [main] INFO  o.e.r.i.MethodCallReplacementClassAdapter - No hashCode defined for: org/springframework/boot/Banner$Mode, superclass = java.lang.Enum
23:36:15.249 [main] DEBUG o.e.r.agent.TransformerForTests - Going to instrument: org.springframework.boot.Banner$Mode
23:36:15.249 [main] INFO  o.e.r.i.CreateClassResetClassAdapter - Found static initializer in class org/springframework/boot/Banner$Mode
23:36:15.249 [main] INFO  o.e.r.i.MethodCallReplacementClassAdapter - No hashCode defined for: org/springframework/boot/Banner$Mode, superclass = java.lang.Enum
23:36:15.249 [main] INFO  o.e.r.instrumentation.EvoClassLoader - Error while loading class: java.lang.ClassFormatError: Duplicate method name&signature in class file org/springframework/boot/Banner$Mode
23:36:15.249 [main] INFO  o.e.r.instrumentation.EvoClassLoader - Seeing class for first time: org.springframework.util.ClassUtils
23:36:15.249 [main] INFO  o.e.r.instrumentation.EvoClassLoader - Instrumenting class 'org.springframework.util.ClassUtils'.
23:36:15.253 [main] INFO  o.e.r.i.MethodCallReplacementClassAdapter - Adding mock interface to class org/springframework/util/ClassUtils
23:36:15.257 [main] INFO  o.e.r.i.CreateClassResetClassAdapter - Found static initializer in class org/springframework/util/ClassUtils
23:36:15.257 [main] INFO  o.e.r.i.MethodCallReplacementClassAdapter - No hashCode defined for: org/springframework/util/ClassUtils, superclass = java.lang.Object
23:36:15.258 [main] DEBUG o.e.r.agent.TransformerForTests - Going to instrument: org.springframework.util.ClassUtils
23:36:15.262 [main] INFO  o.e.r.i.CreateClassResetClassAdapter - Found static initializer in class org/springframework/util/ClassUtils
23:36:15.263 [main] INFO  o.e.r.instrumentation.EvoClassLoader - Error while loading class: java.lang.ClassFormatError: Duplicate method name&signature in class file org/springframework/util/ClassUtils
23:36:15.263 [main] INFO  o.e.r.instrumentation.EvoClassLoader - Seeing class for first time: org.springframework.core.io.support.SpringFactoriesLoader
23:36:15.263 [main] INFO  o.e.r.instrumentation.EvoClassLoader - Instrumenting class 'org.springframework.core.io.support.SpringFactoriesLoader'.
23:36:15.268 [main] INFO  o.e.r.i.MethodCallReplacementClassAdapter - Adding mock interface to class org/springframework/core/io/support/SpringFactoriesLoader
23:36:15.269 [main] INFO  o.e.r.i.CreateClassResetClassAdapter - Found static initializer in class org/springframework/core/io/support/SpringFactoriesLoader
23:36:15.269 [main] INFO  o.e.r.i.MethodCallReplacementClassAdapter - No hashCode defined for: org/springframework/core/io/support/SpringFactoriesLoader, superclass = java.lang.Object
23:36:15.269 [main] DEBUG o.e.r.agent.TransformerForTests - Going to instrument: org.springframework.core.io.support.SpringFactoriesLoader
23:36:15.270 [main] INFO  o.e.r.i.CreateClassResetClassAdapter - Found static initializer in class org/springframework/core/io/support/SpringFactoriesLoader
23:36:15.271 [main] INFO  o.e.r.instrumentation.EvoClassLoader - Error while loading class: java.lang.ClassFormatError: Duplicate method name&signature in class file org/springframework/core/io/support/SpringFactoriesLoader
23:36:15.271 [main] ERROR o.e.r.classhandling.ClassResetter - java.lang.NoClassDefFoundError: Could not initialize class org.springframework.boot.context.ConfigurationWarningsApplicationContextInitializer
23:36:15.273 [main] ERROR o.e.r.classhandling.ClassResetter - java.lang.NoClassDefFoundError: Could not initialize class org.springframework.boot.context.FileEncodingApplicationListener
23:36:15.273 [main] ERROR o.e.r.classhandling.ClassResetter - java.lang.NoClassDefFoundError: Could not initialize class org.springframework.core.convert.support.GenericConversionService
23:36:15.275 [main] ERROR o.e.r.classhandling.ClassResetter - java.lang.NoClassDefFoundError: Could not initialize class org.springframework.core.convert.support.StreamConverter
23:36:15.275 [main] ERROR o.e.r.classhandling.ClassResetter - java.lang.NoClassDefFoundError: Could not initialize class org.springframework.core.convert.support.ByteBufferConverter
23:36:15.276 [main] ERROR o.e.r.classhandling.ClassResetter - java.lang.NoClassDefFoundError: Could not initialize class org.springframework.boot.liquibase.LiquibaseServiceLocatorApplicationListener
23:36:15.279 [main] ERROR o.e.r.classhandling.ClassResetter - java.lang.NoClassDefFoundError: Could not initialize class org.springframework.boot.cloud.CloudFoundryVcapEnvironmentPostProcessor
23:36:15.279 [main] ERROR o.e.r.classhandling.ClassResetter - java.lang.NoClassDefFoundError: Could not initialize class org.springframework.boot.env.SpringApplicationJsonEnvironmentPostProcessor
23:36:15.279 [main] ERROR o.e.r.classhandling.ClassResetter - java.lang.NoClassDefFoundError: Could not initialize class org.springframework.util.PropertyPlaceholderHelper
23:36:15.280 [main] ERROR o.e.r.classhandling.ClassResetter - java.lang.NoClassDefFoundError: Could not initialize class org.springframework.boot.context.config.RandomValuePropertySource
23:36:15.280 [main] ERROR o.e.r.classhandling.ClassResetter - java.lang.NoClassDefFoundError: Could not initialize class org.springframework.boot.env.PropertySourcesLoader
23:36:15.281 [main] ERROR o.e.r.classhandling.ClassResetter - java.lang.NoClassDefFoundError: Could not initialize class org.springframework.validation.DataBinder
23:36:15.281 [main] ERROR o.e.r.classhandling.ClassResetter - java.lang.NoClassDefFoundError: Could not initialize class org.springframework.beans.CachedIntrospectionResults
23:36:15.282 [main] ERROR o.e.r.classhandling.ClassResetter - java.lang.NoClassDefFoundError: Could not initialize class org.springframework.beans.ExtendedBeanInfo
]]></system-out>
  </testcase>
  <testcase name="test3" classname="com.rickhanberryfinal.HanberryFinalProjectApplication_ESTest" time="0.009">
    <error message="org/springframework/boot/SpringApplication" type="java.lang.NoClassDefFoundError">java.lang.NoClassDefFoundError: org/springframework/boot/SpringApplication
	at com.rickhanberryfinal.HanberryFinalProjectApplication.main(HanberryFinalProjectApplication.java:10)
	at com.rickhanberryfinal.HanberryFinalProjectApplication_ESTest.test3(HanberryFinalProjectApplication_ESTest.java:78)
</error>
    <system-out><![CDATA[23:36:15.285 [main] INFO  o.e.r.instrumentation.EvoClassLoader - Seeing class for first time: org.apache.commons.logging.impl.SLF4JLogFactory
23:36:15.288 [main] INFO  o.e.r.instrumentation.EvoClassLoader - Instrumenting class 'org.apache.commons.logging.impl.SLF4JLogFactory'.
23:36:15.289 [main] INFO  o.e.r.i.MethodCallReplacementClassAdapter - Adding mock interface to class org/apache/commons/logging/impl/SLF4JLogFactory
23:36:15.294 [main] INFO  o.e.r.i.MethodCallReplacementClassAdapter - No hashCode defined for: org/apache/commons/logging/impl/SLF4JLogFactory, superclass = org.apache.commons.logging.LogFactory
23:36:15.294 [main] INFO  o.e.r.i.CreateClassResetClassAdapter - Creating brand-new static initializer in class org/apache/commons/logging/impl/SLF4JLogFactory
23:36:15.294 [main] INFO  o.e.r.i.CreateClassResetClassAdapter - Adding bytecode for initializing field LOG_PROPERTY
23:36:15.294 [main] DEBUG o.e.r.agent.TransformerForTests - Going to instrument: org.apache.commons.logging.impl.SLF4JLogFactory
23:36:15.296 [main] INFO  o.e.r.i.MethodCallReplacementClassAdapter - No hashCode defined for: org/apache/commons/logging/impl/SLF4JLogFactory, superclass = org.apache.commons.logging.LogFactory
23:36:15.296 [main] INFO  o.e.r.instrumentation.EvoClassLoader - Seeing class for first time: org.apache.commons.logging.LogFactory
23:36:15.296 [main] INFO  o.e.r.instrumentation.EvoClassLoader - Instrumenting class 'org.apache.commons.logging.LogFactory'.
23:36:15.296 [main] INFO  o.e.r.i.MethodCallReplacementClassAdapter - Adding mock interface to class org/apache/commons/logging/LogFactory
23:36:15.296 [main] INFO  o.e.r.i.CreateClassResetClassAdapter - Found static initializer in class org/apache/commons/logging/LogFactory
23:36:15.296 [main] INFO  o.e.r.i.MethodCallReplacementClassAdapter - No hashCode defined for: org/apache/commons/logging/LogFactory, superclass = java.lang.Object
23:36:15.296 [main] DEBUG o.e.r.agent.TransformerForTests - Going to instrument: org.apache.commons.logging.LogFactory
23:36:15.297 [main] INFO  o.e.r.i.CreateClassResetClassAdapter - Found static initializer in class org/apache/commons/logging/LogFactory
23:36:15.297 [main] INFO  o.e.r.instrumentation.EvoClassLoader - Error while loading class: java.lang.ClassFormatError: Duplicate method name&signature in class file org/apache/commons/logging/LogFactory
23:36:15.297 [main] INFO  o.e.r.instrumentation.EvoClassLoader - Error while loading class: java.lang.NoClassDefFoundError: org/apache/commons/logging/LogFactory
23:36:15.297 [main] INFO  o.e.r.instrumentation.EvoClassLoader - Seeing class for first time: org.apache.commons.logging.LogFactory
23:36:15.297 [main] INFO  o.e.r.instrumentation.EvoClassLoader - Instrumenting class 'org.apache.commons.logging.LogFactory'.
23:36:15.297 [main] INFO  o.e.r.i.MethodCallReplacementClassAdapter - Adding mock interface to class org/apache/commons/logging/LogFactory
23:36:15.298 [main] INFO  o.e.r.i.CreateClassResetClassAdapter - Found static initializer in class org/apache/commons/logging/LogFactory
23:36:15.298 [main] INFO  o.e.r.i.MethodCallReplacementClassAdapter - No hashCode defined for: org/apache/commons/logging/LogFactory, superclass = java.lang.Object
23:36:15.298 [main] DEBUG o.e.r.agent.TransformerForTests - Going to instrument: org.apache.commons.logging.LogFactory
23:36:15.298 [main] INFO  o.e.r.i.CreateClassResetClassAdapter - Found static initializer in class org/apache/commons/logging/LogFactory
23:36:15.298 [main] INFO  o.e.r.instrumentation.EvoClassLoader - Error while loading class: java.lang.ClassFormatError: Duplicate method name&signature in class file org/apache/commons/logging/LogFactory
23:36:15.298 [main] INFO  o.e.r.instrumentation.EvoClassLoader - Seeing class for first time: org.springframework.boot.SpringBootBanner
23:36:15.298 [main] INFO  o.e.r.instrumentation.EvoClassLoader - Instrumenting class 'org.springframework.boot.SpringBootBanner'.
23:36:15.298 [main] INFO  o.e.r.i.MethodCallReplacementClassAdapter - Adding mock interface to class org/springframework/boot/SpringBootBanner
23:36:15.299 [main] INFO  o.e.r.i.CreateClassResetClassAdapter - Found static initializer in class org/springframework/boot/SpringBootBanner
23:36:15.299 [main] INFO  o.e.r.i.MethodCallReplacementClassAdapter - No hashCode defined for: org/springframework/boot/SpringBootBanner, superclass = java.lang.Object
23:36:15.299 [main] DEBUG o.e.r.agent.TransformerForTests - Going to instrument: org.springframework.boot.SpringBootBanner
23:36:15.299 [main] INFO  o.e.r.i.CreateClassResetClassAdapter - Found static initializer in class org/springframework/boot/SpringBootBanner
23:36:15.299 [main] INFO  o.e.r.instrumentation.EvoClassLoader - Error while loading class: java.lang.ClassFormatError: Duplicate method name&signature in class file org/springframework/boot/SpringBootBanner
23:36:15.299 [main] INFO  o.e.r.instrumentation.EvoClassLoader - Seeing class for first time: org.apache.commons.logging.impl.SLF4JLocationAwareLog
23:36:15.300 [main] INFO  o.e.r.instrumentation.EvoClassLoader - Instrumenting class 'org.apache.commons.logging.impl.SLF4JLocationAwareLog'.
23:36:15.300 [main] INFO  o.e.r.i.MethodCallReplacementClassAdapter - Adding mock interface to class org/apache/commons/logging/impl/SLF4JLocationAwareLog
23:36:15.300 [main] INFO  o.e.r.i.CreateClassResetClassAdapter - Found static initializer in class org/apache/commons/logging/impl/SLF4JLocationAwareLog
23:36:15.300 [main] INFO  o.e.r.i.MethodCallReplacementClassAdapter - No hashCode defined for: org/apache/commons/logging/impl/SLF4JLocationAwareLog, superclass = java.lang.Object
23:36:15.300 [main] DEBUG o.e.r.agent.TransformerForTests - Going to instrument: org.apache.commons.logging.impl.SLF4JLocationAwareLog
23:36:15.300 [main] INFO  o.e.r.i.CreateClassResetClassAdapter - Found static initializer in class org/apache/commons/logging/impl/SLF4JLocationAwareLog
23:36:15.301 [main] INFO  o.e.r.instrumentation.EvoClassLoader - Error while loading class: java.lang.ClassFormatError: Duplicate method name&signature in class file org/apache/commons/logging/impl/SLF4JLocationAwareLog
23:36:15.301 [main] INFO  o.e.r.instrumentation.EvoClassLoader - Seeing class for first time: org.springframework.boot.SpringBootExceptionHandler
23:36:15.301 [main] INFO  o.e.r.instrumentation.EvoClassLoader - Instrumenting class 'org.springframework.boot.SpringBootExceptionHandler'.
23:36:15.301 [main] INFO  o.e.r.i.MethodCallReplacementClassAdapter - Adding mock interface to class org/springframework/boot/SpringBootExceptionHandler
23:36:15.301 [main] INFO  o.e.r.i.CreateClassResetClassAdapter - Found static initializer in class org/springframework/boot/SpringBootExceptionHandler
23:36:15.302 [main] INFO  o.e.r.i.MethodCallReplacementClassAdapter - No hashCode defined for: org/springframework/boot/SpringBootExceptionHandler, superclass = java.lang.Object
23:36:15.302 [main] DEBUG o.e.r.agent.TransformerForTests - Going to instrument: org.springframework.boot.SpringBootExceptionHandler
23:36:15.302 [main] INFO  o.e.r.i.CreateClassResetClassAdapter - Found static initializer in class org/springframework/boot/SpringBootExceptionHandler
23:36:15.302 [main] INFO  o.e.r.instrumentation.EvoClassLoader - Error while loading class: java.lang.ClassFormatError: Duplicate method name&signature in class file org/springframework/boot/SpringBootExceptionHandler
23:36:15.302 [main] INFO  o.e.r.instrumentation.EvoClassLoader - Seeing class for first time: org.springframework.boot.Banner$Mode
23:36:15.302 [main] INFO  o.e.r.instrumentation.EvoClassLoader - Instrumenting class 'org.springframework.boot.Banner$Mode'.
23:36:15.302 [main] INFO  o.e.r.i.MethodCallReplacementClassAdapter - Adding mock interface to class org/springframework/boot/Banner$Mode
23:36:15.303 [main] INFO  o.e.r.i.CreateClassResetClassAdapter - Found static initializer in class org/springframework/boot/Banner$Mode
23:36:15.303 [main] INFO  o.e.r.i.MethodCallReplacementClassAdapter - No hashCode defined for: org/springframework/boot/Banner$Mode, superclass = java.lang.Enum
23:36:15.303 [main] DEBUG o.e.r.agent.TransformerForTests - Going to instrument: org.springframework.boot.Banner$Mode
23:36:15.303 [main] INFO  o.e.r.i.CreateClassResetClassAdapter - Found static initializer in class org/springframework/boot/Banner$Mode
23:36:15.303 [main] INFO  o.e.r.i.MethodCallReplacementClassAdapter - No hashCode defined for: org/springframework/boot/Banner$Mode, superclass = java.lang.Enum
23:36:15.303 [main] INFO  o.e.r.instrumentation.EvoClassLoader - Error while loading class: java.lang.ClassFormatError: Duplicate method name&signature in class file org/springframework/boot/Banner$Mode
23:36:15.303 [main] INFO  o.e.r.instrumentation.EvoClassLoader - Seeing class for first time: org.springframework.util.ClassUtils
23:36:15.303 [main] INFO  o.e.r.instrumentation.EvoClassLoader - Instrumenting class 'org.springframework.util.ClassUtils'.
23:36:15.304 [main] INFO  o.e.r.i.MethodCallReplacementClassAdapter - Adding mock interface to class org/springframework/util/ClassUtils
23:36:15.312 [main] INFO  o.e.r.i.CreateClassResetClassAdapter - Found static initializer in class org/springframework/util/ClassUtils
23:36:15.312 [main] INFO  o.e.r.i.MethodCallReplacementClassAdapter - No hashCode defined for: org/springframework/util/ClassUtils, superclass = java.lang.Object
23:36:15.312 [main] DEBUG o.e.r.agent.TransformerForTests - Going to instrument: org.springframework.util.ClassUtils
23:36:15.317 [main] INFO  o.e.r.i.CreateClassResetClassAdapter - Found static initializer in class org/springframework/util/ClassUtils
23:36:15.318 [main] INFO  o.e.r.instrumentation.EvoClassLoader - Error while loading class: java.lang.ClassFormatError: Duplicate method name&signature in class file org/springframework/util/ClassUtils
23:36:15.318 [main] INFO  o.e.r.instrumentation.EvoClassLoader - Seeing class for first time: org.springframework.core.io.support.SpringFactoriesLoader
23:36:15.318 [main] INFO  o.e.r.instrumentation.EvoClassLoader - Instrumenting class 'org.springframework.core.io.support.SpringFactoriesLoader'.
23:36:15.318 [main] INFO  o.e.r.i.MethodCallReplacementClassAdapter - Adding mock interface to class org/springframework/core/io/support/SpringFactoriesLoader
23:36:15.319 [main] INFO  o.e.r.i.CreateClassResetClassAdapter - Found static initializer in class org/springframework/core/io/support/SpringFactoriesLoader
23:36:15.319 [main] INFO  o.e.r.i.MethodCallReplacementClassAdapter - No hashCode defined for: org/springframework/core/io/support/SpringFactoriesLoader, superclass = java.lang.Object
23:36:15.319 [main] DEBUG o.e.r.agent.TransformerForTests - Going to instrument: org.springframework.core.io.support.SpringFactoriesLoader
23:36:15.324 [main] INFO  o.e.r.i.CreateClassResetClassAdapter - Found static initializer in class org/springframework/core/io/support/SpringFactoriesLoader
23:36:15.324 [main] INFO  o.e.r.instrumentation.EvoClassLoader - Error while loading class: java.lang.ClassFormatError: Duplicate method name&signature in class file org/springframework/core/io/support/SpringFactoriesLoader
]]></system-out>
  </testcase>
  <testcase name="test2" classname="com.rickhanberryfinal.HanberryFinalProjectApplication_ESTest" time="0">
    <error message="org/springframework/boot/SpringApplication" type="java.lang.NoClassDefFoundError">java.lang.NoClassDefFoundError: org/springframework/boot/SpringApplication
	at com.rickhanberryfinal.HanberryFinalProjectApplication.main(HanberryFinalProjectApplication.java:10)
	at com.rickhanberryfinal.HanberryFinalProjectApplication_ESTest.test2(HanberryFinalProjectApplication_ESTest.java:62)
</error>
    <system-out><![CDATA[23:36:15.340 [main] INFO  o.e.r.instrumentation.EvoClassLoader - Seeing class for first time: org.apache.commons.logging.impl.SLF4JLogFactory
23:36:15.340 [main] INFO  o.e.r.instrumentation.EvoClassLoader - Instrumenting class 'org.apache.commons.logging.impl.SLF4JLogFactory'.
23:36:15.340 [main] INFO  o.e.r.i.MethodCallReplacementClassAdapter - Adding mock interface to class org/apache/commons/logging/impl/SLF4JLogFactory
23:36:15.342 [main] INFO  o.e.r.i.MethodCallReplacementClassAdapter - No hashCode defined for: org/apache/commons/logging/impl/SLF4JLogFactory, superclass = org.apache.commons.logging.LogFactory
23:36:15.342 [main] INFO  o.e.r.i.CreateClassResetClassAdapter - Creating brand-new static initializer in class org/apache/commons/logging/impl/SLF4JLogFactory
23:36:15.342 [main] INFO  o.e.r.i.CreateClassResetClassAdapter - Adding bytecode for initializing field LOG_PROPERTY
23:36:15.342 [main] DEBUG o.e.r.agent.TransformerForTests - Going to instrument: org.apache.commons.logging.impl.SLF4JLogFactory
23:36:15.343 [main] INFO  o.e.r.i.MethodCallReplacementClassAdapter - No hashCode defined for: org/apache/commons/logging/impl/SLF4JLogFactory, superclass = org.apache.commons.logging.LogFactory
23:36:15.343 [main] INFO  o.e.r.instrumentation.EvoClassLoader - Seeing class for first time: org.apache.commons.logging.LogFactory
23:36:15.343 [main] INFO  o.e.r.instrumentation.EvoClassLoader - Instrumenting class 'org.apache.commons.logging.LogFactory'.
23:36:15.344 [main] INFO  o.e.r.i.MethodCallReplacementClassAdapter - Adding mock interface to class org/apache/commons/logging/LogFactory
23:36:15.344 [main] INFO  o.e.r.i.CreateClassResetClassAdapter - Found static initializer in class org/apache/commons/logging/LogFactory
23:36:15.344 [main] INFO  o.e.r.i.MethodCallReplacementClassAdapter - No hashCode defined for: org/apache/commons/logging/LogFactory, superclass = java.lang.Object
23:36:15.344 [main] DEBUG o.e.r.agent.TransformerForTests - Going to instrument: org.apache.commons.logging.LogFactory
23:36:15.345 [main] INFO  o.e.r.i.CreateClassResetClassAdapter - Found static initializer in class org/apache/commons/logging/LogFactory
23:36:15.345 [main] INFO  o.e.r.instrumentation.EvoClassLoader - Error while loading class: java.lang.ClassFormatError: Duplicate method name&signature in class file org/apache/commons/logging/LogFactory
23:36:15.345 [main] INFO  o.e.r.instrumentation.EvoClassLoader - Error while loading class: java.lang.NoClassDefFoundError: org/apache/commons/logging/LogFactory
23:36:15.345 [main] INFO  o.e.r.instrumentation.EvoClassLoader - Seeing class for first time: org.apache.commons.logging.LogFactory
23:36:15.345 [main] INFO  o.e.r.instrumentation.EvoClassLoader - Instrumenting class 'org.apache.commons.logging.LogFactory'.
23:36:15.345 [main] INFO  o.e.r.i.MethodCallReplacementClassAdapter - Adding mock interface to class org/apache/commons/logging/LogFactory
23:36:15.346 [main] INFO  o.e.r.i.CreateClassResetClassAdapter - Found static initializer in class org/apache/commons/logging/LogFactory
23:36:15.346 [main] INFO  o.e.r.i.MethodCallReplacementClassAdapter - No hashCode defined for: org/apache/commons/logging/LogFactory, superclass = java.lang.Object
23:36:15.346 [main] DEBUG o.e.r.agent.TransformerForTests - Going to instrument: org.apache.commons.logging.LogFactory
23:36:15.346 [main] INFO  o.e.r.i.CreateClassResetClassAdapter - Found static initializer in class org/apache/commons/logging/LogFactory
23:36:15.346 [main] INFO  o.e.r.instrumentation.EvoClassLoader - Error while loading class: java.lang.ClassFormatError: Duplicate method name&signature in class file org/apache/commons/logging/LogFactory
23:36:15.346 [main] INFO  o.e.r.instrumentation.EvoClassLoader - Seeing class for first time: org.springframework.boot.SpringBootBanner
23:36:15.346 [main] INFO  o.e.r.instrumentation.EvoClassLoader - Instrumenting class 'org.springframework.boot.SpringBootBanner'.
23:36:15.347 [main] INFO  o.e.r.i.MethodCallReplacementClassAdapter - Adding mock interface to class org/springframework/boot/SpringBootBanner
23:36:15.347 [main] INFO  o.e.r.i.CreateClassResetClassAdapter - Found static initializer in class org/springframework/boot/SpringBootBanner
23:36:15.347 [main] INFO  o.e.r.i.MethodCallReplacementClassAdapter - No hashCode defined for: org/springframework/boot/SpringBootBanner, superclass = java.lang.Object
23:36:15.347 [main] DEBUG o.e.r.agent.TransformerForTests - Going to instrument: org.springframework.boot.SpringBootBanner
23:36:15.347 [main] INFO  o.e.r.i.CreateClassResetClassAdapter - Found static initializer in class org/springframework/boot/SpringBootBanner
23:36:15.347 [main] INFO  o.e.r.instrumentation.EvoClassLoader - Error while loading class: java.lang.ClassFormatError: Duplicate method name&signature in class file org/springframework/boot/SpringBootBanner
23:36:15.347 [main] INFO  o.e.r.instrumentation.EvoClassLoader - Seeing class for first time: org.apache.commons.logging.impl.SLF4JLocationAwareLog
23:36:15.347 [main] INFO  o.e.r.instrumentation.EvoClassLoader - Instrumenting class 'org.apache.commons.logging.impl.SLF4JLocationAwareLog'.
23:36:15.348 [main] INFO  o.e.r.i.MethodCallReplacementClassAdapter - Adding mock interface to class org/apache/commons/logging/impl/SLF4JLocationAwareLog
23:36:15.348 [main] INFO  o.e.r.i.CreateClassResetClassAdapter - Found static initializer in class org/apache/commons/logging/impl/SLF4JLocationAwareLog
23:36:15.348 [main] INFO  o.e.r.i.MethodCallReplacementClassAdapter - No hashCode defined for: org/apache/commons/logging/impl/SLF4JLocationAwareLog, superclass = java.lang.Object
23:36:15.348 [main] DEBUG o.e.r.agent.TransformerForTests - Going to instrument: org.apache.commons.logging.impl.SLF4JLocationAwareLog
23:36:15.348 [main] INFO  o.e.r.i.CreateClassResetClassAdapter - Found static initializer in class org/apache/commons/logging/impl/SLF4JLocationAwareLog
23:36:15.348 [main] INFO  o.e.r.instrumentation.EvoClassLoader - Error while loading class: java.lang.ClassFormatError: Duplicate method name&signature in class file org/apache/commons/logging/impl/SLF4JLocationAwareLog
23:36:15.349 [main] INFO  o.e.r.instrumentation.EvoClassLoader - Seeing class for first time: org.springframework.boot.SpringBootExceptionHandler
23:36:15.349 [main] INFO  o.e.r.instrumentation.EvoClassLoader - Instrumenting class 'org.springframework.boot.SpringBootExceptionHandler'.
23:36:15.349 [main] INFO  o.e.r.i.MethodCallReplacementClassAdapter - Adding mock interface to class org/springframework/boot/SpringBootExceptionHandler
23:36:15.349 [main] INFO  o.e.r.i.CreateClassResetClassAdapter - Found static initializer in class org/springframework/boot/SpringBootExceptionHandler
23:36:15.349 [main] INFO  o.e.r.i.MethodCallReplacementClassAdapter - No hashCode defined for: org/springframework/boot/SpringBootExceptionHandler, superclass = java.lang.Object
23:36:15.349 [main] DEBUG o.e.r.agent.TransformerForTests - Going to instrument: org.springframework.boot.SpringBootExceptionHandler
23:36:15.355 [main] INFO  o.e.r.i.CreateClassResetClassAdapter - Found static initializer in class org/springframework/boot/SpringBootExceptionHandler
23:36:15.355 [main] INFO  o.e.r.instrumentation.EvoClassLoader - Error while loading class: java.lang.ClassFormatError: Duplicate method name&signature in class file org/springframework/boot/SpringBootExceptionHandler
23:36:15.358 [main] INFO  o.e.r.instrumentation.EvoClassLoader - Seeing class for first time: org.springframework.boot.Banner$Mode
23:36:15.358 [main] INFO  o.e.r.instrumentation.EvoClassLoader - Instrumenting class 'org.springframework.boot.Banner$Mode'.
23:36:15.358 [main] INFO  o.e.r.i.MethodCallReplacementClassAdapter - Adding mock interface to class org/springframework/boot/Banner$Mode
23:36:15.358 [main] INFO  o.e.r.i.CreateClassResetClassAdapter - Found static initializer in class org/springframework/boot/Banner$Mode
23:36:15.358 [main] INFO  o.e.r.i.MethodCallReplacementClassAdapter - No hashCode defined for: org/springframework/boot/Banner$Mode, superclass = java.lang.Enum
23:36:15.358 [main] DEBUG o.e.r.agent.TransformerForTests - Going to instrument: org.springframework.boot.Banner$Mode
23:36:15.359 [main] INFO  o.e.r.i.CreateClassResetClassAdapter - Found static initializer in class org/springframework/boot/Banner$Mode
23:36:15.359 [main] INFO  o.e.r.i.MethodCallReplacementClassAdapter - No hashCode defined for: org/springframework/boot/Banner$Mode, superclass = java.lang.Enum
23:36:15.359 [main] INFO  o.e.r.instrumentation.EvoClassLoader - Error while loading class: java.lang.ClassFormatError: Duplicate method name&signature in class file org/springframework/boot/Banner$Mode
23:36:15.359 [main] INFO  o.e.r.instrumentation.EvoClassLoader - Seeing class for first time: org.springframework.util.ClassUtils
23:36:15.359 [main] INFO  o.e.r.instrumentation.EvoClassLoader - Instrumenting class 'org.springframework.util.ClassUtils'.
23:36:15.360 [main] INFO  o.e.r.i.MethodCallReplacementClassAdapter - Adding mock interface to class org/springframework/util/ClassUtils
23:36:15.363 [main] INFO  o.e.r.i.CreateClassResetClassAdapter - Found static initializer in class org/springframework/util/ClassUtils
23:36:15.363 [main] INFO  o.e.r.i.MethodCallReplacementClassAdapter - No hashCode defined for: org/springframework/util/ClassUtils, superclass = java.lang.Object
23:36:15.363 [main] DEBUG o.e.r.agent.TransformerForTests - Going to instrument: org.springframework.util.ClassUtils
23:36:15.367 [main] INFO  o.e.r.i.CreateClassResetClassAdapter - Found static initializer in class org/springframework/util/ClassUtils
23:36:15.369 [main] INFO  o.e.r.instrumentation.EvoClassLoader - Error while loading class: java.lang.ClassFormatError: Duplicate method name&signature in class file org/springframework/util/ClassUtils
23:36:15.369 [main] INFO  o.e.r.instrumentation.EvoClassLoader - Seeing class for first time: org.springframework.core.io.support.SpringFactoriesLoader
23:36:15.369 [main] INFO  o.e.r.instrumentation.EvoClassLoader - Instrumenting class 'org.springframework.core.io.support.SpringFactoriesLoader'.
23:36:15.370 [main] INFO  o.e.r.i.MethodCallReplacementClassAdapter - Adding mock interface to class org/springframework/core/io/support/SpringFactoriesLoader
23:36:15.371 [main] INFO  o.e.r.i.CreateClassResetClassAdapter - Found static initializer in class org/springframework/core/io/support/SpringFactoriesLoader
23:36:15.371 [main] INFO  o.e.r.i.MethodCallReplacementClassAdapter - No hashCode defined for: org/springframework/core/io/support/SpringFactoriesLoader, superclass = java.lang.Object
23:36:15.371 [main] DEBUG o.e.r.agent.TransformerForTests - Going to instrument: org.springframework.core.io.support.SpringFactoriesLoader
23:36:15.372 [main] INFO  o.e.r.i.CreateClassResetClassAdapter - Found static initializer in class org/springframework/core/io/support/SpringFactoriesLoader
23:36:15.373 [main] INFO  o.e.r.instrumentation.EvoClassLoader - Error while loading class: java.lang.ClassFormatError: Duplicate method name&signature in class file org/springframework/core/io/support/SpringFactoriesLoader
]]></system-out>
  </testcase>
  <testcase name="test5" classname="com.rickhanberryfinal.HanberryFinalProjectApplication_ESTest" time="0">
    <error message="org/springframework/boot/SpringApplication" type="java.lang.NoClassDefFoundError">java.lang.NoClassDefFoundError: org/springframework/boot/SpringApplication
	at com.rickhanberryfinal.HanberryFinalProjectApplication.main(HanberryFinalProjectApplication.java:10)
	at com.rickhanberryfinal.HanberryFinalProjectApplication_ESTest.test5(HanberryFinalProjectApplication_ESTest.java:129)
</error>
    <system-out><![CDATA[23:36:15.394 [main] INFO  o.e.r.instrumentation.EvoClassLoader - Seeing class for first time: org.apache.commons.logging.impl.SLF4JLogFactory
23:36:15.394 [main] INFO  o.e.r.instrumentation.EvoClassLoader - Instrumenting class 'org.apache.commons.logging.impl.SLF4JLogFactory'.
23:36:15.395 [main] INFO  o.e.r.i.MethodCallReplacementClassAdapter - Adding mock interface to class org/apache/commons/logging/impl/SLF4JLogFactory
23:36:15.396 [main] INFO  o.e.r.i.MethodCallReplacementClassAdapter - No hashCode defined for: org/apache/commons/logging/impl/SLF4JLogFactory, superclass = org.apache.commons.logging.LogFactory
23:36:15.396 [main] INFO  o.e.r.i.CreateClassResetClassAdapter - Creating brand-new static initializer in class org/apache/commons/logging/impl/SLF4JLogFactory
23:36:15.396 [main] INFO  o.e.r.i.CreateClassResetClassAdapter - Adding bytecode for initializing field LOG_PROPERTY
23:36:15.396 [main] DEBUG o.e.r.agent.TransformerForTests - Going to instrument: org.apache.commons.logging.impl.SLF4JLogFactory
23:36:15.398 [main] INFO  o.e.r.i.MethodCallReplacementClassAdapter - No hashCode defined for: org/apache/commons/logging/impl/SLF4JLogFactory, superclass = org.apache.commons.logging.LogFactory
23:36:15.398 [main] INFO  o.e.r.instrumentation.EvoClassLoader - Seeing class for first time: org.apache.commons.logging.LogFactory
23:36:15.398 [main] INFO  o.e.r.instrumentation.EvoClassLoader - Instrumenting class 'org.apache.commons.logging.LogFactory'.
23:36:15.398 [main] INFO  o.e.r.i.MethodCallReplacementClassAdapter - Adding mock interface to class org/apache/commons/logging/LogFactory
23:36:15.399 [main] INFO  o.e.r.i.CreateClassResetClassAdapter - Found static initializer in class org/apache/commons/logging/LogFactory
23:36:15.399 [main] INFO  o.e.r.i.MethodCallReplacementClassAdapter - No hashCode defined for: org/apache/commons/logging/LogFactory, superclass = java.lang.Object
23:36:15.399 [main] DEBUG o.e.r.agent.TransformerForTests - Going to instrument: org.apache.commons.logging.LogFactory
23:36:15.399 [main] INFO  o.e.r.i.CreateClassResetClassAdapter - Found static initializer in class org/apache/commons/logging/LogFactory
23:36:15.399 [main] INFO  o.e.r.instrumentation.EvoClassLoader - Error while loading class: java.lang.ClassFormatError: Duplicate method name&signature in class file org/apache/commons/logging/LogFactory
23:36:15.399 [main] INFO  o.e.r.instrumentation.EvoClassLoader - Error while loading class: java.lang.NoClassDefFoundError: org/apache/commons/logging/LogFactory
23:36:15.400 [main] INFO  o.e.r.instrumentation.EvoClassLoader - Seeing class for first time: org.apache.commons.logging.LogFactory
23:36:15.400 [main] INFO  o.e.r.instrumentation.EvoClassLoader - Instrumenting class 'org.apache.commons.logging.LogFactory'.
23:36:15.400 [main] INFO  o.e.r.i.MethodCallReplacementClassAdapter - Adding mock interface to class org/apache/commons/logging/LogFactory
23:36:15.402 [main] INFO  o.e.r.i.CreateClassResetClassAdapter - Found static initializer in class org/apache/commons/logging/LogFactory
23:36:15.403 [main] INFO  o.e.r.i.MethodCallReplacementClassAdapter - No hashCode defined for: org/apache/commons/logging/LogFactory, superclass = java.lang.Object
23:36:15.403 [main] DEBUG o.e.r.agent.TransformerForTests - Going to instrument: org.apache.commons.logging.LogFactory
23:36:15.403 [main] INFO  o.e.r.i.CreateClassResetClassAdapter - Found static initializer in class org/apache/commons/logging/LogFactory
23:36:15.403 [main] INFO  o.e.r.instrumentation.EvoClassLoader - Error while loading class: java.lang.ClassFormatError: Duplicate method name&signature in class file org/apache/commons/logging/LogFactory
23:36:15.403 [main] INFO  o.e.r.instrumentation.EvoClassLoader - Seeing class for first time: org.springframework.boot.SpringBootBanner
23:36:15.403 [main] INFO  o.e.r.instrumentation.EvoClassLoader - Instrumenting class 'org.springframework.boot.SpringBootBanner'.
23:36:15.404 [main] INFO  o.e.r.i.MethodCallReplacementClassAdapter - Adding mock interface to class org/springframework/boot/SpringBootBanner
23:36:15.404 [main] INFO  o.e.r.i.CreateClassResetClassAdapter - Found static initializer in class org/springframework/boot/SpringBootBanner
23:36:15.404 [main] INFO  o.e.r.i.MethodCallReplacementClassAdapter - No hashCode defined for: org/springframework/boot/SpringBootBanner, superclass = java.lang.Object
23:36:15.404 [main] DEBUG o.e.r.agent.TransformerForTests - Going to instrument: org.springframework.boot.SpringBootBanner
23:36:15.404 [main] INFO  o.e.r.i.CreateClassResetClassAdapter - Found static initializer in class org/springframework/boot/SpringBootBanner
23:36:15.404 [main] INFO  o.e.r.instrumentation.EvoClassLoader - Error while loading class: java.lang.ClassFormatError: Duplicate method name&signature in class file org/springframework/boot/SpringBootBanner
23:36:15.404 [main] INFO  o.e.r.instrumentation.EvoClassLoader - Seeing class for first time: org.apache.commons.logging.impl.SLF4JLocationAwareLog
23:36:15.404 [main] INFO  o.e.r.instrumentation.EvoClassLoader - Instrumenting class 'org.apache.commons.logging.impl.SLF4JLocationAwareLog'.
23:36:15.405 [main] INFO  o.e.r.i.MethodCallReplacementClassAdapter - Adding mock interface to class org/apache/commons/logging/impl/SLF4JLocationAwareLog
23:36:15.405 [main] INFO  o.e.r.i.CreateClassResetClassAdapter - Found static initializer in class org/apache/commons/logging/impl/SLF4JLocationAwareLog
23:36:15.405 [main] INFO  o.e.r.i.MethodCallReplacementClassAdapter - No hashCode defined for: org/apache/commons/logging/impl/SLF4JLocationAwareLog, superclass = java.lang.Object
23:36:15.405 [main] DEBUG o.e.r.agent.TransformerForTests - Going to instrument: org.apache.commons.logging.impl.SLF4JLocationAwareLog
23:36:15.405 [main] INFO  o.e.r.i.CreateClassResetClassAdapter - Found static initializer in class org/apache/commons/logging/impl/SLF4JLocationAwareLog
23:36:15.406 [main] INFO  o.e.r.instrumentation.EvoClassLoader - Error while loading class: java.lang.ClassFormatError: Duplicate method name&signature in class file org/apache/commons/logging/impl/SLF4JLocationAwareLog
23:36:15.406 [main] INFO  o.e.r.instrumentation.EvoClassLoader - Seeing class for first time: org.springframework.boot.SpringBootExceptionHandler
23:36:15.406 [main] INFO  o.e.r.instrumentation.EvoClassLoader - Instrumenting class 'org.springframework.boot.SpringBootExceptionHandler'.
23:36:15.410 [main] INFO  o.e.r.i.MethodCallReplacementClassAdapter - Adding mock interface to class org/springframework/boot/SpringBootExceptionHandler
23:36:15.411 [main] INFO  o.e.r.i.CreateClassResetClassAdapter - Found static initializer in class org/springframework/boot/SpringBootExceptionHandler
23:36:15.411 [main] INFO  o.e.r.i.MethodCallReplacementClassAdapter - No hashCode defined for: org/springframework/boot/SpringBootExceptionHandler, superclass = java.lang.Object
23:36:15.411 [main] DEBUG o.e.r.agent.TransformerForTests - Going to instrument: org.springframework.boot.SpringBootExceptionHandler
23:36:15.411 [main] INFO  o.e.r.i.CreateClassResetClassAdapter - Found static initializer in class org/springframework/boot/SpringBootExceptionHandler
23:36:15.412 [main] INFO  o.e.r.instrumentation.EvoClassLoader - Error while loading class: java.lang.ClassFormatError: Duplicate method name&signature in class file org/springframework/boot/SpringBootExceptionHandler
23:36:15.412 [main] INFO  o.e.r.instrumentation.EvoClassLoader - Seeing class for first time: org.springframework.boot.Banner$Mode
23:36:15.412 [main] INFO  o.e.r.instrumentation.EvoClassLoader - Instrumenting class 'org.springframework.boot.Banner$Mode'.
23:36:15.412 [main] INFO  o.e.r.i.MethodCallReplacementClassAdapter - Adding mock interface to class org/springframework/boot/Banner$Mode
23:36:15.412 [main] INFO  o.e.r.i.CreateClassResetClassAdapter - Found static initializer in class org/springframework/boot/Banner$Mode
23:36:15.412 [main] INFO  o.e.r.i.MethodCallReplacementClassAdapter - No hashCode defined for: org/springframework/boot/Banner$Mode, superclass = java.lang.Enum
23:36:15.412 [main] DEBUG o.e.r.agent.TransformerForTests - Going to instrument: org.springframework.boot.Banner$Mode
23:36:15.412 [main] INFO  o.e.r.i.CreateClassResetClassAdapter - Found static initializer in class org/springframework/boot/Banner$Mode
23:36:15.412 [main] INFO  o.e.r.i.MethodCallReplacementClassAdapter - No hashCode defined for: org/springframework/boot/Banner$Mode, superclass = java.lang.Enum
23:36:15.413 [main] INFO  o.e.r.instrumentation.EvoClassLoader - Error while loading class: java.lang.ClassFormatError: Duplicate method name&signature in class file org/springframework/boot/Banner$Mode
23:36:15.413 [main] INFO  o.e.r.instrumentation.EvoClassLoader - Seeing class for first time: org.springframework.util.ClassUtils
23:36:15.413 [main] INFO  o.e.r.instrumentation.EvoClassLoader - Instrumenting class 'org.springframework.util.ClassUtils'.
23:36:15.413 [main] INFO  o.e.r.i.MethodCallReplacementClassAdapter - Adding mock interface to class org/springframework/util/ClassUtils
23:36:15.416 [main] INFO  o.e.r.i.CreateClassResetClassAdapter - Found static initializer in class org/springframework/util/ClassUtils
23:36:15.417 [main] INFO  o.e.r.i.MethodCallReplacementClassAdapter - No hashCode defined for: org/springframework/util/ClassUtils, superclass = java.lang.Object
23:36:15.417 [main] DEBUG o.e.r.agent.TransformerForTests - Going to instrument: org.springframework.util.ClassUtils
23:36:15.422 [main] INFO  o.e.r.i.CreateClassResetClassAdapter - Found static initializer in class org/springframework/util/ClassUtils
23:36:15.423 [main] INFO  o.e.r.instrumentation.EvoClassLoader - Error while loading class: java.lang.ClassFormatError: Duplicate method name&signature in class file org/springframework/util/ClassUtils
23:36:15.423 [main] INFO  o.e.r.instrumentation.EvoClassLoader - Seeing class for first time: org.springframework.core.io.support.SpringFactoriesLoader
23:36:15.423 [main] INFO  o.e.r.instrumentation.EvoClassLoader - Instrumenting class 'org.springframework.core.io.support.SpringFactoriesLoader'.
23:36:15.424 [main] INFO  o.e.r.i.MethodCallReplacementClassAdapter - Adding mock interface to class org/springframework/core/io/support/SpringFactoriesLoader
23:36:15.425 [main] INFO  o.e.r.i.CreateClassResetClassAdapter - Found static initializer in class org/springframework/core/io/support/SpringFactoriesLoader
23:36:15.425 [main] INFO  o.e.r.i.MethodCallReplacementClassAdapter - No hashCode defined for: org/springframework/core/io/support/SpringFactoriesLoader, superclass = java.lang.Object
23:36:15.425 [main] DEBUG o.e.r.agent.TransformerForTests - Going to instrument: org.springframework.core.io.support.SpringFactoriesLoader
23:36:15.427 [main] INFO  o.e.r.i.CreateClassResetClassAdapter - Found static initializer in class org/springframework/core/io/support/SpringFactoriesLoader
23:36:15.427 [main] INFO  o.e.r.instrumentation.EvoClassLoader - Error while loading class: java.lang.ClassFormatError: Duplicate method name&signature in class file org/springframework/core/io/support/SpringFactoriesLoader
]]></system-out>
  </testcase>
  <testcase name="test4" classname="com.rickhanberryfinal.HanberryFinalProjectApplication_ESTest" time="0.001">
    <error message="org/springframework/boot/SpringApplication" type="java.lang.NoClassDefFoundError">java.lang.NoClassDefFoundError: org/springframework/boot/SpringApplication
	at com.rickhanberryfinal.HanberryFinalProjectApplication.main(HanberryFinalProjectApplication.java:10)
	at com.rickhanberryfinal.HanberryFinalProjectApplication_ESTest.test4(HanberryFinalProjectApplication_ESTest.java:104)
</error>
    <system-out><![CDATA[23:36:15.442 [main] INFO  o.e.r.instrumentation.EvoClassLoader - Seeing class for first time: org.apache.commons.logging.impl.SLF4JLogFactory
23:36:15.447 [main] INFO  o.e.r.instrumentation.EvoClassLoader - Instrumenting class 'org.apache.commons.logging.impl.SLF4JLogFactory'.
23:36:15.448 [main] INFO  o.e.r.i.MethodCallReplacementClassAdapter - Adding mock interface to class org/apache/commons/logging/impl/SLF4JLogFactory
23:36:15.449 [main] INFO  o.e.r.i.MethodCallReplacementClassAdapter - No hashCode defined for: org/apache/commons/logging/impl/SLF4JLogFactory, superclass = org.apache.commons.logging.LogFactory
23:36:15.449 [main] INFO  o.e.r.i.CreateClassResetClassAdapter - Creating brand-new static initializer in class org/apache/commons/logging/impl/SLF4JLogFactory
23:36:15.449 [main] INFO  o.e.r.i.CreateClassResetClassAdapter - Adding bytecode for initializing field LOG_PROPERTY
23:36:15.449 [main] DEBUG o.e.r.agent.TransformerForTests - Going to instrument: org.apache.commons.logging.impl.SLF4JLogFactory
23:36:15.464 [main] INFO  o.e.r.i.MethodCallReplacementClassAdapter - No hashCode defined for: org/apache/commons/logging/impl/SLF4JLogFactory, superclass = org.apache.commons.logging.LogFactory
23:36:15.465 [main] INFO  o.e.r.instrumentation.EvoClassLoader - Seeing class for first time: org.apache.commons.logging.LogFactory
23:36:15.465 [main] INFO  o.e.r.instrumentation.EvoClassLoader - Instrumenting class 'org.apache.commons.logging.LogFactory'.
23:36:15.465 [main] INFO  o.e.r.i.MethodCallReplacementClassAdapter - Adding mock interface to class org/apache/commons/logging/LogFactory
23:36:15.466 [main] INFO  o.e.r.i.CreateClassResetClassAdapter - Found static initializer in class org/apache/commons/logging/LogFactory
23:36:15.466 [main] INFO  o.e.r.i.MethodCallReplacementClassAdapter - No hashCode defined for: org/apache/commons/logging/LogFactory, superclass = java.lang.Object
23:36:15.466 [main] DEBUG o.e.r.agent.TransformerForTests - Going to instrument: org.apache.commons.logging.LogFactory
23:36:15.466 [main] INFO  o.e.r.i.CreateClassResetClassAdapter - Found static initializer in class org/apache/commons/logging/LogFactory
23:36:15.466 [main] INFO  o.e.r.instrumentation.EvoClassLoader - Error while loading class: java.lang.ClassFormatError: Duplicate method name&signature in class file org/apache/commons/logging/LogFactory
23:36:15.467 [main] INFO  o.e.r.instrumentation.EvoClassLoader - Error while loading class: java.lang.NoClassDefFoundError: org/apache/commons/logging/LogFactory
23:36:15.467 [main] INFO  o.e.r.instrumentation.EvoClassLoader - Seeing class for first time: org.apache.commons.logging.LogFactory
23:36:15.467 [main] INFO  o.e.r.instrumentation.EvoClassLoader - Instrumenting class 'org.apache.commons.logging.LogFactory'.
23:36:15.468 [main] INFO  o.e.r.i.MethodCallReplacementClassAdapter - Adding mock interface to class org/apache/commons/logging/LogFactory
23:36:15.468 [main] INFO  o.e.r.i.CreateClassResetClassAdapter - Found static initializer in class org/apache/commons/logging/LogFactory
23:36:15.468 [main] INFO  o.e.r.i.MethodCallReplacementClassAdapter - No hashCode defined for: org/apache/commons/logging/LogFactory, superclass = java.lang.Object
23:36:15.468 [main] DEBUG o.e.r.agent.TransformerForTests - Going to instrument: org.apache.commons.logging.LogFactory
23:36:15.468 [main] INFO  o.e.r.i.CreateClassResetClassAdapter - Found static initializer in class org/apache/commons/logging/LogFactory
23:36:15.469 [main] INFO  o.e.r.instrumentation.EvoClassLoader - Error while loading class: java.lang.ClassFormatError: Duplicate method name&signature in class file org/apache/commons/logging/LogFactory
23:36:15.469 [main] INFO  o.e.r.instrumentation.EvoClassLoader - Seeing class for first time: org.springframework.boot.SpringBootBanner
23:36:15.469 [main] INFO  o.e.r.instrumentation.EvoClassLoader - Instrumenting class 'org.springframework.boot.SpringBootBanner'.
23:36:15.469 [main] INFO  o.e.r.i.MethodCallReplacementClassAdapter - Adding mock interface to class org/springframework/boot/SpringBootBanner
23:36:15.469 [main] INFO  o.e.r.i.CreateClassResetClassAdapter - Found static initializer in class org/springframework/boot/SpringBootBanner
23:36:15.469 [main] INFO  o.e.r.i.MethodCallReplacementClassAdapter - No hashCode defined for: org/springframework/boot/SpringBootBanner, superclass = java.lang.Object
23:36:15.469 [main] DEBUG o.e.r.agent.TransformerForTests - Going to instrument: org.springframework.boot.SpringBootBanner
23:36:15.469 [main] INFO  o.e.r.i.CreateClassResetClassAdapter - Found static initializer in class org/springframework/boot/SpringBootBanner
23:36:15.470 [main] INFO  o.e.r.instrumentation.EvoClassLoader - Error while loading class: java.lang.ClassFormatError: Duplicate method name&signature in class file org/springframework/boot/SpringBootBanner
23:36:15.470 [main] INFO  o.e.r.instrumentation.EvoClassLoader - Seeing class for first time: org.apache.commons.logging.impl.SLF4JLocationAwareLog
23:36:15.470 [main] INFO  o.e.r.instrumentation.EvoClassLoader - Instrumenting class 'org.apache.commons.logging.impl.SLF4JLocationAwareLog'.
23:36:15.470 [main] INFO  o.e.r.i.MethodCallReplacementClassAdapter - Adding mock interface to class org/apache/commons/logging/impl/SLF4JLocationAwareLog
23:36:15.470 [main] INFO  o.e.r.i.CreateClassResetClassAdapter - Found static initializer in class org/apache/commons/logging/impl/SLF4JLocationAwareLog
23:36:15.470 [main] INFO  o.e.r.i.MethodCallReplacementClassAdapter - No hashCode defined for: org/apache/commons/logging/impl/SLF4JLocationAwareLog, superclass = java.lang.Object
23:36:15.470 [main] DEBUG o.e.r.agent.TransformerForTests - Going to instrument: org.apache.commons.logging.impl.SLF4JLocationAwareLog
23:36:15.470 [main] INFO  o.e.r.i.CreateClassResetClassAdapter - Found static initializer in class org/apache/commons/logging/impl/SLF4JLocationAwareLog
23:36:15.471 [main] INFO  o.e.r.instrumentation.EvoClassLoader - Error while loading class: java.lang.ClassFormatError: Duplicate method name&signature in class file org/apache/commons/logging/impl/SLF4JLocationAwareLog
23:36:15.471 [main] INFO  o.e.r.instrumentation.EvoClassLoader - Seeing class for first time: org.springframework.boot.SpringBootExceptionHandler
23:36:15.471 [main] INFO  o.e.r.instrumentation.EvoClassLoader - Instrumenting class 'org.springframework.boot.SpringBootExceptionHandler'.
23:36:15.471 [main] INFO  o.e.r.i.MethodCallReplacementClassAdapter - Adding mock interface to class org/springframework/boot/SpringBootExceptionHandler
23:36:15.471 [main] INFO  o.e.r.i.CreateClassResetClassAdapter - Found static initializer in class org/springframework/boot/SpringBootExceptionHandler
23:36:15.472 [main] INFO  o.e.r.i.MethodCallReplacementClassAdapter - No hashCode defined for: org/springframework/boot/SpringBootExceptionHandler, superclass = java.lang.Object
23:36:15.472 [main] DEBUG o.e.r.agent.TransformerForTests - Going to instrument: org.springframework.boot.SpringBootExceptionHandler
23:36:15.472 [main] INFO  o.e.r.i.CreateClassResetClassAdapter - Found static initializer in class org/springframework/boot/SpringBootExceptionHandler
23:36:15.472 [main] INFO  o.e.r.instrumentation.EvoClassLoader - Error while loading class: java.lang.ClassFormatError: Duplicate method name&signature in class file org/springframework/boot/SpringBootExceptionHandler
23:36:15.472 [main] INFO  o.e.r.instrumentation.EvoClassLoader - Seeing class for first time: org.springframework.boot.Banner$Mode
23:36:15.472 [main] INFO  o.e.r.instrumentation.EvoClassLoader - Instrumenting class 'org.springframework.boot.Banner$Mode'.
23:36:15.472 [main] INFO  o.e.r.i.MethodCallReplacementClassAdapter - Adding mock interface to class org/springframework/boot/Banner$Mode
23:36:15.475 [main] INFO  o.e.r.i.CreateClassResetClassAdapter - Found static initializer in class org/springframework/boot/Banner$Mode
23:36:15.475 [main] INFO  o.e.r.i.MethodCallReplacementClassAdapter - No hashCode defined for: org/springframework/boot/Banner$Mode, superclass = java.lang.Enum
23:36:15.475 [main] DEBUG o.e.r.agent.TransformerForTests - Going to instrument: org.springframework.boot.Banner$Mode
23:36:15.475 [main] INFO  o.e.r.i.CreateClassResetClassAdapter - Found static initializer in class org/springframework/boot/Banner$Mode
23:36:15.475 [main] INFO  o.e.r.i.MethodCallReplacementClassAdapter - No hashCode defined for: org/springframework/boot/Banner$Mode, superclass = java.lang.Enum
23:36:15.475 [main] INFO  o.e.r.instrumentation.EvoClassLoader - Error while loading class: java.lang.ClassFormatError: Duplicate method name&signature in class file org/springframework/boot/Banner$Mode
23:36:15.475 [main] INFO  o.e.r.instrumentation.EvoClassLoader - Seeing class for first time: org.springframework.util.ClassUtils
23:36:15.475 [main] INFO  o.e.r.instrumentation.EvoClassLoader - Instrumenting class 'org.springframework.util.ClassUtils'.
23:36:15.476 [main] INFO  o.e.r.i.MethodCallReplacementClassAdapter - Adding mock interface to class org/springframework/util/ClassUtils
23:36:15.479 [main] INFO  o.e.r.i.CreateClassResetClassAdapter - Found static initializer in class org/springframework/util/ClassUtils
23:36:15.479 [main] INFO  o.e.r.i.MethodCallReplacementClassAdapter - No hashCode defined for: org/springframework/util/ClassUtils, superclass = java.lang.Object
23:36:15.479 [main] DEBUG o.e.r.agent.TransformerForTests - Going to instrument: org.springframework.util.ClassUtils
23:36:15.483 [main] INFO  o.e.r.i.CreateClassResetClassAdapter - Found static initializer in class org/springframework/util/ClassUtils
23:36:15.484 [main] INFO  o.e.r.instrumentation.EvoClassLoader - Error while loading class: java.lang.ClassFormatError: Duplicate method name&signature in class file org/springframework/util/ClassUtils
23:36:15.484 [main] INFO  o.e.r.instrumentation.EvoClassLoader - Seeing class for first time: org.springframework.core.io.support.SpringFactoriesLoader
23:36:15.484 [main] INFO  o.e.r.instrumentation.EvoClassLoader - Instrumenting class 'org.springframework.core.io.support.SpringFactoriesLoader'.
23:36:15.485 [main] INFO  o.e.r.i.MethodCallReplacementClassAdapter - Adding mock interface to class org/springframework/core/io/support/SpringFactoriesLoader
23:36:15.489 [main] INFO  o.e.r.i.CreateClassResetClassAdapter - Found static initializer in class org/springframework/core/io/support/SpringFactoriesLoader
23:36:15.489 [main] INFO  o.e.r.i.MethodCallReplacementClassAdapter - No hashCode defined for: org/springframework/core/io/support/SpringFactoriesLoader, superclass = java.lang.Object
23:36:15.489 [main] DEBUG o.e.r.agent.TransformerForTests - Going to instrument: org.springframework.core.io.support.SpringFactoriesLoader
23:36:15.491 [main] INFO  o.e.r.i.CreateClassResetClassAdapter - Found static initializer in class org/springframework/core/io/support/SpringFactoriesLoader
23:36:15.491 [main] INFO  o.e.r.instrumentation.EvoClassLoader - Error while loading class: java.lang.ClassFormatError: Duplicate method name&signature in class file org/springframework/core/io/support/SpringFactoriesLoader
]]></system-out>
  </testcase>
  <testcase name="test1" classname="com.rickhanberryfinal.HanberryFinalProjectApplication_ESTest" time="0">
    <error message="org/springframework/boot/SpringApplication" type="java.lang.NoClassDefFoundError">java.lang.NoClassDefFoundError: org/springframework/boot/SpringApplication
	at com.rickhanberryfinal.HanberryFinalProjectApplication.main(HanberryFinalProjectApplication.java:10)
	at com.rickhanberryfinal.HanberryFinalProjectApplication_ESTest.test1(HanberryFinalProjectApplication_ESTest.java:45)
</error>
    <system-out><![CDATA[23:36:15.503 [main] INFO  o.e.r.instrumentation.EvoClassLoader - Seeing class for first time: org.apache.commons.logging.impl.SLF4JLogFactory
23:36:15.503 [main] INFO  o.e.r.instrumentation.EvoClassLoader - Instrumenting class 'org.apache.commons.logging.impl.SLF4JLogFactory'.
23:36:15.503 [main] INFO  o.e.r.i.MethodCallReplacementClassAdapter - Adding mock interface to class org/apache/commons/logging/impl/SLF4JLogFactory
23:36:15.505 [main] INFO  o.e.r.i.MethodCallReplacementClassAdapter - No hashCode defined for: org/apache/commons/logging/impl/SLF4JLogFactory, superclass = org.apache.commons.logging.LogFactory
23:36:15.505 [main] INFO  o.e.r.i.CreateClassResetClassAdapter - Creating brand-new static initializer in class org/apache/commons/logging/impl/SLF4JLogFactory
23:36:15.505 [main] INFO  o.e.r.i.CreateClassResetClassAdapter - Adding bytecode for initializing field LOG_PROPERTY
23:36:15.505 [main] DEBUG o.e.r.agent.TransformerForTests - Going to instrument: org.apache.commons.logging.impl.SLF4JLogFactory
23:36:15.506 [main] INFO  o.e.r.i.MethodCallReplacementClassAdapter - No hashCode defined for: org/apache/commons/logging/impl/SLF4JLogFactory, superclass = org.apache.commons.logging.LogFactory
23:36:15.507 [main] INFO  o.e.r.instrumentation.EvoClassLoader - Seeing class for first time: org.apache.commons.logging.LogFactory
23:36:15.507 [main] INFO  o.e.r.instrumentation.EvoClassLoader - Instrumenting class 'org.apache.commons.logging.LogFactory'.
23:36:15.507 [main] INFO  o.e.r.i.MethodCallReplacementClassAdapter - Adding mock interface to class org/apache/commons/logging/LogFactory
23:36:15.507 [main] INFO  o.e.r.i.CreateClassResetClassAdapter - Found static initializer in class org/apache/commons/logging/LogFactory
23:36:15.507 [main] INFO  o.e.r.i.MethodCallReplacementClassAdapter - No hashCode defined for: org/apache/commons/logging/LogFactory, superclass = java.lang.Object
23:36:15.508 [main] DEBUG o.e.r.agent.TransformerForTests - Going to instrument: org.apache.commons.logging.LogFactory
23:36:15.508 [main] INFO  o.e.r.i.CreateClassResetClassAdapter - Found static initializer in class org/apache/commons/logging/LogFactory
23:36:15.508 [main] INFO  o.e.r.instrumentation.EvoClassLoader - Error while loading class: java.lang.ClassFormatError: Duplicate method name&signature in class file org/apache/commons/logging/LogFactory
23:36:15.508 [main] INFO  o.e.r.instrumentation.EvoClassLoader - Error while loading class: java.lang.NoClassDefFoundError: org/apache/commons/logging/LogFactory
23:36:15.508 [main] INFO  o.e.r.instrumentation.EvoClassLoader - Seeing class for first time: org.apache.commons.logging.LogFactory
23:36:15.508 [main] INFO  o.e.r.instrumentation.EvoClassLoader - Instrumenting class 'org.apache.commons.logging.LogFactory'.
23:36:15.512 [main] INFO  o.e.r.i.MethodCallReplacementClassAdapter - Adding mock interface to class org/apache/commons/logging/LogFactory
23:36:15.512 [main] INFO  o.e.r.i.CreateClassResetClassAdapter - Found static initializer in class org/apache/commons/logging/LogFactory
23:36:15.512 [main] INFO  o.e.r.i.MethodCallReplacementClassAdapter - No hashCode defined for: org/apache/commons/logging/LogFactory, superclass = java.lang.Object
23:36:15.512 [main] DEBUG o.e.r.agent.TransformerForTests - Going to instrument: org.apache.commons.logging.LogFactory
23:36:15.513 [main] INFO  o.e.r.i.CreateClassResetClassAdapter - Found static initializer in class org/apache/commons/logging/LogFactory
23:36:15.513 [main] INFO  o.e.r.instrumentation.EvoClassLoader - Error while loading class: java.lang.ClassFormatError: Duplicate method name&signature in class file org/apache/commons/logging/LogFactory
23:36:15.513 [main] INFO  o.e.r.instrumentation.EvoClassLoader - Seeing class for first time: org.springframework.boot.SpringBootBanner
23:36:15.513 [main] INFO  o.e.r.instrumentation.EvoClassLoader - Instrumenting class 'org.springframework.boot.SpringBootBanner'.
23:36:15.513 [main] INFO  o.e.r.i.MethodCallReplacementClassAdapter - Adding mock interface to class org/springframework/boot/SpringBootBanner
23:36:15.514 [main] INFO  o.e.r.i.CreateClassResetClassAdapter - Found static initializer in class org/springframework/boot/SpringBootBanner
23:36:15.514 [main] INFO  o.e.r.i.MethodCallReplacementClassAdapter - No hashCode defined for: org/springframework/boot/SpringBootBanner, superclass = java.lang.Object
23:36:15.514 [main] DEBUG o.e.r.agent.TransformerForTests - Going to instrument: org.springframework.boot.SpringBootBanner
23:36:15.514 [main] INFO  o.e.r.i.CreateClassResetClassAdapter - Found static initializer in class org/springframework/boot/SpringBootBanner
23:36:15.514 [main] INFO  o.e.r.instrumentation.EvoClassLoader - Error while loading class: java.lang.ClassFormatError: Duplicate method name&signature in class file org/springframework/boot/SpringBootBanner
23:36:15.514 [main] INFO  o.e.r.instrumentation.EvoClassLoader - Seeing class for first time: org.apache.commons.logging.impl.SLF4JLocationAwareLog
23:36:15.514 [main] INFO  o.e.r.instrumentation.EvoClassLoader - Instrumenting class 'org.apache.commons.logging.impl.SLF4JLocationAwareLog'.
23:36:15.515 [main] INFO  o.e.r.i.MethodCallReplacementClassAdapter - Adding mock interface to class org/apache/commons/logging/impl/SLF4JLocationAwareLog
23:36:15.515 [main] INFO  o.e.r.i.CreateClassResetClassAdapter - Found static initializer in class org/apache/commons/logging/impl/SLF4JLocationAwareLog
23:36:15.515 [main] INFO  o.e.r.i.MethodCallReplacementClassAdapter - No hashCode defined for: org/apache/commons/logging/impl/SLF4JLocationAwareLog, superclass = java.lang.Object
23:36:15.515 [main] DEBUG o.e.r.agent.TransformerForTests - Going to instrument: org.apache.commons.logging.impl.SLF4JLocationAwareLog
23:36:15.515 [main] INFO  o.e.r.i.CreateClassResetClassAdapter - Found static initializer in class org/apache/commons/logging/impl/SLF4JLocationAwareLog
23:36:15.515 [main] INFO  o.e.r.instrumentation.EvoClassLoader - Error while loading class: java.lang.ClassFormatError: Duplicate method name&signature in class file org/apache/commons/logging/impl/SLF4JLocationAwareLog
23:36:15.516 [main] INFO  o.e.r.instrumentation.EvoClassLoader - Seeing class for first time: org.springframework.boot.SpringBootExceptionHandler
23:36:15.516 [main] INFO  o.e.r.instrumentation.EvoClassLoader - Instrumenting class 'org.springframework.boot.SpringBootExceptionHandler'.
23:36:15.516 [main] INFO  o.e.r.i.MethodCallReplacementClassAdapter - Adding mock interface to class org/springframework/boot/SpringBootExceptionHandler
23:36:15.517 [main] INFO  o.e.r.i.CreateClassResetClassAdapter - Found static initializer in class org/springframework/boot/SpringBootExceptionHandler
23:36:15.517 [main] INFO  o.e.r.i.MethodCallReplacementClassAdapter - No hashCode defined for: org/springframework/boot/SpringBootExceptionHandler, superclass = java.lang.Object
23:36:15.517 [main] DEBUG o.e.r.agent.TransformerForTests - Going to instrument: org.springframework.boot.SpringBootExceptionHandler
23:36:15.517 [main] INFO  o.e.r.i.CreateClassResetClassAdapter - Found static initializer in class org/springframework/boot/SpringBootExceptionHandler
23:36:15.518 [main] INFO  o.e.r.instrumentation.EvoClassLoader - Error while loading class: java.lang.ClassFormatError: Duplicate method name&signature in class file org/springframework/boot/SpringBootExceptionHandler
23:36:15.518 [main] INFO  o.e.r.instrumentation.EvoClassLoader - Seeing class for first time: org.springframework.boot.Banner$Mode
23:36:15.518 [main] INFO  o.e.r.instrumentation.EvoClassLoader - Instrumenting class 'org.springframework.boot.Banner$Mode'.
23:36:15.518 [main] INFO  o.e.r.i.MethodCallReplacementClassAdapter - Adding mock interface to class org/springframework/boot/Banner$Mode
23:36:15.518 [main] INFO  o.e.r.i.CreateClassResetClassAdapter - Found static initializer in class org/springframework/boot/Banner$Mode
23:36:15.518 [main] INFO  o.e.r.i.MethodCallReplacementClassAdapter - No hashCode defined for: org/springframework/boot/Banner$Mode, superclass = java.lang.Enum
23:36:15.518 [main] DEBUG o.e.r.agent.TransformerForTests - Going to instrument: org.springframework.boot.Banner$Mode
23:36:15.518 [main] INFO  o.e.r.i.CreateClassResetClassAdapter - Found static initializer in class org/springframework/boot/Banner$Mode
23:36:15.518 [main] INFO  o.e.r.i.MethodCallReplacementClassAdapter - No hashCode defined for: org/springframework/boot/Banner$Mode, superclass = java.lang.Enum
23:36:15.518 [main] INFO  o.e.r.instrumentation.EvoClassLoader - Error while loading class: java.lang.ClassFormatError: Duplicate method name&signature in class file org/springframework/boot/Banner$Mode
23:36:15.518 [main] INFO  o.e.r.instrumentation.EvoClassLoader - Seeing class for first time: org.springframework.util.ClassUtils
23:36:15.519 [main] INFO  o.e.r.instrumentation.EvoClassLoader - Instrumenting class 'org.springframework.util.ClassUtils'.
23:36:15.519 [main] INFO  o.e.r.i.MethodCallReplacementClassAdapter - Adding mock interface to class org/springframework/util/ClassUtils
23:36:15.522 [main] INFO  o.e.r.i.CreateClassResetClassAdapter - Found static initializer in class org/springframework/util/ClassUtils
23:36:15.523 [main] INFO  o.e.r.i.MethodCallReplacementClassAdapter - No hashCode defined for: org/springframework/util/ClassUtils, superclass = java.lang.Object
23:36:15.523 [main] DEBUG o.e.r.agent.TransformerForTests - Going to instrument: org.springframework.util.ClassUtils
23:36:15.527 [main] INFO  o.e.r.i.CreateClassResetClassAdapter - Found static initializer in class org/springframework/util/ClassUtils
23:36:15.528 [main] INFO  o.e.r.instrumentation.EvoClassLoader - Error while loading class: java.lang.ClassFormatError: Duplicate method name&signature in class file org/springframework/util/ClassUtils
23:36:15.528 [main] INFO  o.e.r.instrumentation.EvoClassLoader - Seeing class for first time: org.springframework.core.io.support.SpringFactoriesLoader
23:36:15.528 [main] INFO  o.e.r.instrumentation.EvoClassLoader - Instrumenting class 'org.springframework.core.io.support.SpringFactoriesLoader'.
23:36:15.529 [main] INFO  o.e.r.i.MethodCallReplacementClassAdapter - Adding mock interface to class org/springframework/core/io/support/SpringFactoriesLoader
23:36:15.530 [main] INFO  o.e.r.i.CreateClassResetClassAdapter - Found static initializer in class org/springframework/core/io/support/SpringFactoriesLoader
23:36:15.530 [main] INFO  o.e.r.i.MethodCallReplacementClassAdapter - No hashCode defined for: org/springframework/core/io/support/SpringFactoriesLoader, superclass = java.lang.Object
23:36:15.530 [main] DEBUG o.e.r.agent.TransformerForTests - Going to instrument: org.springframework.core.io.support.SpringFactoriesLoader
23:36:15.531 [main] INFO  o.e.r.i.CreateClassResetClassAdapter - Found static initializer in class org/springframework/core/io/support/SpringFactoriesLoader
23:36:15.531 [main] INFO  o.e.r.instrumentation.EvoClassLoader - Error while loading class: java.lang.ClassFormatError: Duplicate method name&signature in class file org/springframework/core/io/support/SpringFactoriesLoader
]]></system-out>
  </testcase>
  <testcase name="test0" classname="com.rickhanberryfinal.HanberryFinalProjectApplication_ESTest" time="0">
    <error message="org/springframework/boot/SpringApplication" type="java.lang.NoClassDefFoundError">java.lang.NoClassDefFoundError: org/springframework/boot/SpringApplication
	at com.rickhanberryfinal.HanberryFinalProjectApplication.main(HanberryFinalProjectApplication.java:10)
	at com.rickhanberryfinal.HanberryFinalProjectApplication_ESTest.test0(HanberryFinalProjectApplication_ESTest.java:29)
</error>
    <system-out><![CDATA[23:36:15.546 [main] INFO  o.e.r.instrumentation.EvoClassLoader - Seeing class for first time: org.apache.commons.logging.impl.SLF4JLogFactory
23:36:15.546 [main] INFO  o.e.r.instrumentation.EvoClassLoader - Instrumenting class 'org.apache.commons.logging.impl.SLF4JLogFactory'.
23:36:15.546 [main] INFO  o.e.r.i.MethodCallReplacementClassAdapter - Adding mock interface to class org/apache/commons/logging/impl/SLF4JLogFactory
23:36:15.548 [main] INFO  o.e.r.i.MethodCallReplacementClassAdapter - No hashCode defined for: org/apache/commons/logging/impl/SLF4JLogFactory, superclass = org.apache.commons.logging.LogFactory
23:36:15.548 [main] INFO  o.e.r.i.CreateClassResetClassAdapter - Creating brand-new static initializer in class org/apache/commons/logging/impl/SLF4JLogFactory
23:36:15.548 [main] INFO  o.e.r.i.CreateClassResetClassAdapter - Adding bytecode for initializing field LOG_PROPERTY
23:36:15.548 [main] DEBUG o.e.r.agent.TransformerForTests - Going to instrument: org.apache.commons.logging.impl.SLF4JLogFactory
23:36:15.550 [main] INFO  o.e.r.i.MethodCallReplacementClassAdapter - No hashCode defined for: org/apache/commons/logging/impl/SLF4JLogFactory, superclass = org.apache.commons.logging.LogFactory
23:36:15.550 [main] INFO  o.e.r.instrumentation.EvoClassLoader - Seeing class for first time: org.apache.commons.logging.LogFactory
23:36:15.550 [main] INFO  o.e.r.instrumentation.EvoClassLoader - Instrumenting class 'org.apache.commons.logging.LogFactory'.
23:36:15.550 [main] INFO  o.e.r.i.MethodCallReplacementClassAdapter - Adding mock interface to class org/apache/commons/logging/LogFactory
23:36:15.550 [main] INFO  o.e.r.i.CreateClassResetClassAdapter - Found static initializer in class org/apache/commons/logging/LogFactory
23:36:15.550 [main] INFO  o.e.r.i.MethodCallReplacementClassAdapter - No hashCode defined for: org/apache/commons/logging/LogFactory, superclass = java.lang.Object
23:36:15.551 [main] DEBUG o.e.r.agent.TransformerForTests - Going to instrument: org.apache.commons.logging.LogFactory
23:36:15.551 [main] INFO  o.e.r.i.CreateClassResetClassAdapter - Found static initializer in class org/apache/commons/logging/LogFactory
23:36:15.551 [main] INFO  o.e.r.instrumentation.EvoClassLoader - Error while loading class: java.lang.ClassFormatError: Duplicate method name&signature in class file org/apache/commons/logging/LogFactory
23:36:15.551 [main] INFO  o.e.r.instrumentation.EvoClassLoader - Error while loading class: java.lang.NoClassDefFoundError: org/apache/commons/logging/LogFactory
23:36:15.551 [main] INFO  o.e.r.instrumentation.EvoClassLoader - Seeing class for first time: org.apache.commons.logging.LogFactory
23:36:15.551 [main] INFO  o.e.r.instrumentation.EvoClassLoader - Instrumenting class 'org.apache.commons.logging.LogFactory'.
23:36:15.552 [main] INFO  o.e.r.i.MethodCallReplacementClassAdapter - Adding mock interface to class org/apache/commons/logging/LogFactory
23:36:15.552 [main] INFO  o.e.r.i.CreateClassResetClassAdapter - Found static initializer in class org/apache/commons/logging/LogFactory
23:36:15.552 [main] INFO  o.e.r.i.MethodCallReplacementClassAdapter - No hashCode defined for: org/apache/commons/logging/LogFactory, superclass = java.lang.Object
23:36:15.552 [main] DEBUG o.e.r.agent.TransformerForTests - Going to instrument: org.apache.commons.logging.LogFactory
23:36:15.552 [main] INFO  o.e.r.i.CreateClassResetClassAdapter - Found static initializer in class org/apache/commons/logging/LogFactory
23:36:15.552 [main] INFO  o.e.r.instrumentation.EvoClassLoader - Error while loading class: java.lang.ClassFormatError: Duplicate method name&signature in class file org/apache/commons/logging/LogFactory
23:36:15.553 [main] INFO  o.e.r.instrumentation.EvoClassLoader - Seeing class for first time: org.springframework.boot.SpringBootBanner
23:36:15.553 [main] INFO  o.e.r.instrumentation.EvoClassLoader - Instrumenting class 'org.springframework.boot.SpringBootBanner'.
23:36:15.553 [main] INFO  o.e.r.i.MethodCallReplacementClassAdapter - Adding mock interface to class org/springframework/boot/SpringBootBanner
23:36:15.553 [main] INFO  o.e.r.i.CreateClassResetClassAdapter - Found static initializer in class org/springframework/boot/SpringBootBanner
23:36:15.553 [main] INFO  o.e.r.i.MethodCallReplacementClassAdapter - No hashCode defined for: org/springframework/boot/SpringBootBanner, superclass = java.lang.Object
23:36:15.553 [main] DEBUG o.e.r.agent.TransformerForTests - Going to instrument: org.springframework.boot.SpringBootBanner
23:36:15.553 [main] INFO  o.e.r.i.CreateClassResetClassAdapter - Found static initializer in class org/springframework/boot/SpringBootBanner
23:36:15.554 [main] INFO  o.e.r.instrumentation.EvoClassLoader - Error while loading class: java.lang.ClassFormatError: Duplicate method name&signature in class file org/springframework/boot/SpringBootBanner
23:36:15.554 [main] INFO  o.e.r.instrumentation.EvoClassLoader - Seeing class for first time: org.apache.commons.logging.impl.SLF4JLocationAwareLog
23:36:15.554 [main] INFO  o.e.r.instrumentation.EvoClassLoader - Instrumenting class 'org.apache.commons.logging.impl.SLF4JLocationAwareLog'.
23:36:15.554 [main] INFO  o.e.r.i.MethodCallReplacementClassAdapter - Adding mock interface to class org/apache/commons/logging/impl/SLF4JLocationAwareLog
23:36:15.554 [main] INFO  o.e.r.i.CreateClassResetClassAdapter - Found static initializer in class org/apache/commons/logging/impl/SLF4JLocationAwareLog
23:36:15.554 [main] INFO  o.e.r.i.MethodCallReplacementClassAdapter - No hashCode defined for: org/apache/commons/logging/impl/SLF4JLocationAwareLog, superclass = java.lang.Object
23:36:15.554 [main] DEBUG o.e.r.agent.TransformerForTests - Going to instrument: org.apache.commons.logging.impl.SLF4JLocationAwareLog
23:36:15.561 [main] INFO  o.e.r.i.CreateClassResetClassAdapter - Found static initializer in class org/apache/commons/logging/impl/SLF4JLocationAwareLog
23:36:15.563 [main] INFO  o.e.r.instrumentation.EvoClassLoader - Error while loading class: java.lang.ClassFormatError: Duplicate method name&signature in class file org/apache/commons/logging/impl/SLF4JLocationAwareLog
23:36:15.563 [main] INFO  o.e.r.instrumentation.EvoClassLoader - Seeing class for first time: org.springframework.boot.SpringBootExceptionHandler
23:36:15.563 [main] INFO  o.e.r.instrumentation.EvoClassLoader - Instrumenting class 'org.springframework.boot.SpringBootExceptionHandler'.
23:36:15.564 [main] INFO  o.e.r.i.MethodCallReplacementClassAdapter - Adding mock interface to class org/springframework/boot/SpringBootExceptionHandler
23:36:15.564 [main] INFO  o.e.r.i.CreateClassResetClassAdapter - Found static initializer in class org/springframework/boot/SpringBootExceptionHandler
23:36:15.564 [main] INFO  o.e.r.i.MethodCallReplacementClassAdapter - No hashCode defined for: org/springframework/boot/SpringBootExceptionHandler, superclass = java.lang.Object
23:36:15.564 [main] DEBUG o.e.r.agent.TransformerForTests - Going to instrument: org.springframework.boot.SpringBootExceptionHandler
23:36:15.565 [main] INFO  o.e.r.i.CreateClassResetClassAdapter - Found static initializer in class org/springframework/boot/SpringBootExceptionHandler
23:36:15.565 [main] INFO  o.e.r.instrumentation.EvoClassLoader - Error while loading class: java.lang.ClassFormatError: Duplicate method name&signature in class file org/springframework/boot/SpringBootExceptionHandler
23:36:15.565 [main] INFO  o.e.r.instrumentation.EvoClassLoader - Seeing class for first time: org.springframework.boot.Banner$Mode
23:36:15.565 [main] INFO  o.e.r.instrumentation.EvoClassLoader - Instrumenting class 'org.springframework.boot.Banner$Mode'.
23:36:15.565 [main] INFO  o.e.r.i.MethodCallReplacementClassAdapter - Adding mock interface to class org/springframework/boot/Banner$Mode
23:36:15.565 [main] INFO  o.e.r.i.CreateClassResetClassAdapter - Found static initializer in class org/springframework/boot/Banner$Mode
23:36:15.565 [main] INFO  o.e.r.i.MethodCallReplacementClassAdapter - No hashCode defined for: org/springframework/boot/Banner$Mode, superclass = java.lang.Enum
23:36:15.566 [main] DEBUG o.e.r.agent.TransformerForTests - Going to instrument: org.springframework.boot.Banner$Mode
23:36:15.566 [main] INFO  o.e.r.i.CreateClassResetClassAdapter - Found static initializer in class org/springframework/boot/Banner$Mode
23:36:15.566 [main] INFO  o.e.r.i.MethodCallReplacementClassAdapter - No hashCode defined for: org/springframework/boot/Banner$Mode, superclass = java.lang.Enum
23:36:15.566 [main] INFO  o.e.r.instrumentation.EvoClassLoader - Error while loading class: java.lang.ClassFormatError: Duplicate method name&signature in class file org/springframework/boot/Banner$Mode
23:36:15.566 [main] INFO  o.e.r.instrumentation.EvoClassLoader - Seeing class for first time: org.springframework.util.ClassUtils
23:36:15.566 [main] INFO  o.e.r.instrumentation.EvoClassLoader - Instrumenting class 'org.springframework.util.ClassUtils'.
23:36:15.567 [main] INFO  o.e.r.i.MethodCallReplacementClassAdapter - Adding mock interface to class org/springframework/util/ClassUtils
23:36:15.570 [main] INFO  o.e.r.i.CreateClassResetClassAdapter - Found static initializer in class org/springframework/util/ClassUtils
23:36:15.572 [main] INFO  o.e.r.i.MethodCallReplacementClassAdapter - No hashCode defined for: org/springframework/util/ClassUtils, superclass = java.lang.Object
23:36:15.572 [main] DEBUG o.e.r.agent.TransformerForTests - Going to instrument: org.springframework.util.ClassUtils
23:36:15.576 [main] INFO  o.e.r.i.CreateClassResetClassAdapter - Found static initializer in class org/springframework/util/ClassUtils
23:36:15.577 [main] INFO  o.e.r.instrumentation.EvoClassLoader - Error while loading class: java.lang.ClassFormatError: Duplicate method name&signature in class file org/springframework/util/ClassUtils
23:36:15.577 [main] INFO  o.e.r.instrumentation.EvoClassLoader - Seeing class for first time: org.springframework.core.io.support.SpringFactoriesLoader
23:36:15.577 [main] INFO  o.e.r.instrumentation.EvoClassLoader - Instrumenting class 'org.springframework.core.io.support.SpringFactoriesLoader'.
23:36:15.580 [main] INFO  o.e.r.i.MethodCallReplacementClassAdapter - Adding mock interface to class org/springframework/core/io/support/SpringFactoriesLoader
23:36:15.581 [main] INFO  o.e.r.i.CreateClassResetClassAdapter - Found static initializer in class org/springframework/core/io/support/SpringFactoriesLoader
23:36:15.581 [main] INFO  o.e.r.i.MethodCallReplacementClassAdapter - No hashCode defined for: org/springframework/core/io/support/SpringFactoriesLoader, superclass = java.lang.Object
23:36:15.581 [main] DEBUG o.e.r.agent.TransformerForTests - Going to instrument: org.springframework.core.io.support.SpringFactoriesLoader
23:36:15.582 [main] INFO  o.e.r.i.CreateClassResetClassAdapter - Found static initializer in class org/springframework/core/io/support/SpringFactoriesLoader
23:36:15.583 [main] INFO  o.e.r.instrumentation.EvoClassLoader - Error while loading class: java.lang.ClassFormatError: Duplicate method name&signature in class file org/springframework/core/io/support/SpringFactoriesLoader
]]></system-out>
  </testcase>
</testsuite>